[2024-07-07T15:04:40.082+0000] {local_task_job_runner.py:120} INFO - ::group::Pre task execution logs
[2024-07-07T15:04:40.704+0000] {taskinstance.py:2076} INFO - Dependencies all met for dep_context=non-requeueable deps ti=<TaskInstance: DAG_catchup_backfill.task1 scheduled__2024-07-04T00:00:00+00:00 [queued]>
[2024-07-07T15:04:40.800+0000] {taskinstance.py:2076} INFO - Dependencies all met for dep_context=requeueable deps ti=<TaskInstance: DAG_catchup_backfill.task1 scheduled__2024-07-04T00:00:00+00:00 [queued]>
[2024-07-07T15:04:40.815+0000] {taskinstance.py:2306} INFO - Starting attempt 1 of 6
[2024-07-07T15:04:42.052+0000] {taskinstance.py:2330} INFO - Executing <Task(BashOperator): task1> on 2024-07-04 00:00:00+00:00
[2024-07-07T15:04:42.380+0000] {standard_task_runner.py:90} INFO - Running: ['***', 'tasks', 'run', 'DAG_catchup_backfill', 'task1', 'scheduled__2024-07-04T00:00:00+00:00', '--job-id', '89', '--raw', '--subdir', 'DAGS_FOLDER/dag_catchup_backfill.py', '--cfg-path', '/tmp/tmpzaf8b0d2']
[2024-07-07T15:04:42.718+0000] {standard_task_runner.py:91} INFO - Job 89: Subtask task1
[2024-07-07T15:04:42.705+0000] {logging_mixin.py:188} WARNING - /home/***/.local/lib/python3.12/site-packages/***/task/task_runner/standard_task_runner.py:61 DeprecationWarning: This process (pid=191) is multi-threaded, use of fork() may lead to deadlocks in the child.
[2024-07-07T15:04:42.960+0000] {standard_task_runner.py:63} INFO - Started process 212 to run task
[2024-07-07T15:04:44.365+0000] {task_command.py:426} INFO - Running <TaskInstance: DAG_catchup_backfill.task1 scheduled__2024-07-04T00:00:00+00:00 [running]> on host a10fdcb539f4
[2024-07-07T15:04:47.381+0000] {taskinstance.py:2648} INFO - Exporting env vars: AIRFLOW_CTX_DAG_OWNER='Bavenraj' AIRFLOW_CTX_DAG_ID='DAG_catchup_backfill' AIRFLOW_CTX_TASK_ID='task1' AIRFLOW_CTX_EXECUTION_DATE='2024-07-04T00:00:00+00:00' AIRFLOW_CTX_TRY_NUMBER='1' AIRFLOW_CTX_DAG_RUN_ID='scheduled__2024-07-04T00:00:00+00:00'
[2024-07-07T15:04:47.387+0000] {taskinstance.py:430} INFO - ::endgroup::
[2024-07-07T15:04:47.958+0000] {subprocess.py:63} INFO - Tmp dir root location: /tmp
[2024-07-07T15:04:47.969+0000] {subprocess.py:75} INFO - Running command: ['/usr/bin/bash', '-c', 'echo this is the simple bash command']
[2024-07-07T15:04:48.111+0000] {subprocess.py:86} INFO - Output:
[2024-07-07T15:04:48.196+0000] {subprocess.py:93} INFO - this is the simple bash command
[2024-07-07T15:04:48.273+0000] {subprocess.py:97} INFO - Command exited with return code 0
[2024-07-07T15:04:48.274+0000] {taskinstance.py:441} INFO - ::group::Post task execution logs
[2024-07-07T15:04:48.412+0000] {taskinstance.py:1206} INFO - Marking task as SUCCESS. dag_id=DAG_catchup_backfill, task_id=task1, run_id=scheduled__2024-07-04T00:00:00+00:00, execution_date=20240704T000000, start_date=20240707T150440, end_date=20240707T150448
[2024-07-07T15:04:48.688+0000] {local_task_job_runner.py:240} INFO - Task exited with return code 0
[2024-07-07T15:04:48.719+0000] {local_task_job_runner.py:222} INFO - ::endgroup::
