[2024-07-07T15:33:40.153+0000] {local_task_job_runner.py:120} INFO - ::group::Pre task execution logs
[2024-07-07T15:33:40.389+0000] {taskinstance.py:2076} INFO - Dependencies all met for dep_context=non-requeueable deps ti=<TaskInstance: sample_etl.transform scheduled__2024-06-21T00:00:00+00:00 [queued]>
[2024-07-07T15:33:40.453+0000] {taskinstance.py:2076} INFO - Dependencies all met for dep_context=requeueable deps ti=<TaskInstance: sample_etl.transform scheduled__2024-06-21T00:00:00+00:00 [queued]>
[2024-07-07T15:33:40.479+0000] {taskinstance.py:2306} INFO - Starting attempt 1 of 2
[2024-07-07T15:33:40.572+0000] {taskinstance.py:2330} INFO - Executing <Task(BashOperator): transform> on 2024-06-21 00:00:00+00:00
[2024-07-07T15:33:40.605+0000] {logging_mixin.py:188} WARNING - /home/***/.local/lib/python3.12/site-packages/***/task/task_runner/standard_task_runner.py:61 DeprecationWarning: This process (pid=2450) is multi-threaded, use of fork() may lead to deadlocks in the child.
[2024-07-07T15:33:40.608+0000] {standard_task_runner.py:90} INFO - Running: ['***', 'tasks', 'run', 'sample_etl', 'transform', 'scheduled__2024-06-21T00:00:00+00:00', '--job-id', '245', '--raw', '--subdir', 'DAGS_FOLDER/etl_sample.py', '--cfg-path', '/tmp/tmpw3lw1ap7']
[2024-07-07T15:33:40.623+0000] {standard_task_runner.py:63} INFO - Started process 2455 to run task
[2024-07-07T15:33:40.628+0000] {standard_task_runner.py:91} INFO - Job 245: Subtask transform
[2024-07-07T15:33:40.923+0000] {task_command.py:426} INFO - Running <TaskInstance: sample_etl.transform scheduled__2024-06-21T00:00:00+00:00 [running]> on host a10fdcb539f4
[2024-07-07T15:33:41.511+0000] {taskinstance.py:2648} INFO - Exporting env vars: AIRFLOW_CTX_DAG_OWNER='baven' AIRFLOW_CTX_DAG_ID='sample_etl' AIRFLOW_CTX_TASK_ID='transform' AIRFLOW_CTX_EXECUTION_DATE='2024-06-21T00:00:00+00:00' AIRFLOW_CTX_TRY_NUMBER='1' AIRFLOW_CTX_DAG_RUN_ID='scheduled__2024-06-21T00:00:00+00:00'
[2024-07-07T15:33:41.523+0000] {taskinstance.py:430} INFO - ::endgroup::
[2024-07-07T15:33:41.623+0000] {subprocess.py:63} INFO - Tmp dir root location: /tmp
[2024-07-07T15:33:41.635+0000] {subprocess.py:75} INFO - Running command: ['/usr/bin/bash', '-c', 'echo "transform"']
[2024-07-07T15:33:41.699+0000] {subprocess.py:86} INFO - Output:
[2024-07-07T15:33:41.741+0000] {subprocess.py:93} INFO - transform
[2024-07-07T15:33:41.747+0000] {subprocess.py:97} INFO - Command exited with return code 0
[2024-07-07T15:33:41.776+0000] {taskinstance.py:441} INFO - ::group::Post task execution logs
[2024-07-07T15:33:41.984+0000] {taskinstance.py:1206} INFO - Marking task as SUCCESS. dag_id=sample_etl, task_id=transform, run_id=scheduled__2024-06-21T00:00:00+00:00, execution_date=20240621T000000, start_date=20240707T153340, end_date=20240707T153341
[2024-07-07T15:33:42.125+0000] {local_task_job_runner.py:240} INFO - Task exited with return code 0
[2024-07-07T15:33:42.223+0000] {taskinstance.py:3503} INFO - 1 downstream tasks scheduled from follow-on schedule check
[2024-07-07T15:33:42.238+0000] {local_task_job_runner.py:222} INFO - ::endgroup::
