[2024-07-01T15:33:47.194+0000] {local_task_job_runner.py:120} INFO - ::group::Pre task execution logs
[2024-07-01T15:33:47.678+0000] {taskinstance.py:2076} INFO - Dependencies all met for dep_context=non-requeueable deps ti=<TaskInstance: DAG_catchup_backfill.task1 scheduled__2024-06-30T00:00:00+00:00 [queued]>
[2024-07-01T15:33:47.934+0000] {taskinstance.py:2076} INFO - Dependencies all met for dep_context=requeueable deps ti=<TaskInstance: DAG_catchup_backfill.task1 scheduled__2024-06-30T00:00:00+00:00 [queued]>
[2024-07-01T15:33:47.947+0000] {taskinstance.py:2306} INFO - Starting attempt 1 of 6
[2024-07-01T15:33:48.157+0000] {taskinstance.py:2330} INFO - Executing <Task(BashOperator): task1> on 2024-06-30 00:00:00+00:00
[2024-07-01T15:33:48.779+0000] {standard_task_runner.py:90} INFO - Running: ['***', 'tasks', 'run', 'DAG_catchup_backfill', 'task1', 'scheduled__2024-06-30T00:00:00+00:00', '--job-id', '52', '--raw', '--subdir', 'DAGS_FOLDER/dag_catchup_backfill.py', '--cfg-path', '/tmp/tmpmr_cmb54']
[2024-07-01T15:33:48.863+0000] {standard_task_runner.py:91} INFO - Job 52: Subtask task1
[2024-07-01T15:33:48.848+0000] {logging_mixin.py:188} WARNING - /home/***/.local/lib/python3.12/site-packages/***/task/task_runner/standard_task_runner.py:61 DeprecationWarning: This process (pid=168) is multi-threaded, use of fork() may lead to deadlocks in the child.
[2024-07-01T15:33:48.907+0000] {standard_task_runner.py:63} INFO - Started process 176 to run task
[2024-07-01T15:33:49.696+0000] {task_command.py:426} INFO - Running <TaskInstance: DAG_catchup_backfill.task1 scheduled__2024-06-30T00:00:00+00:00 [running]> on host cf712bcdd57c
[2024-07-01T15:33:52.525+0000] {taskinstance.py:2648} INFO - Exporting env vars: AIRFLOW_CTX_DAG_OWNER='Bavenraj' AIRFLOW_CTX_DAG_ID='DAG_catchup_backfill' AIRFLOW_CTX_TASK_ID='task1' AIRFLOW_CTX_EXECUTION_DATE='2024-06-30T00:00:00+00:00' AIRFLOW_CTX_TRY_NUMBER='1' AIRFLOW_CTX_DAG_RUN_ID='scheduled__2024-06-30T00:00:00+00:00'
[2024-07-01T15:33:52.538+0000] {taskinstance.py:430} INFO - ::endgroup::
[2024-07-01T15:33:52.709+0000] {subprocess.py:63} INFO - Tmp dir root location: /tmp
[2024-07-01T15:33:52.730+0000] {subprocess.py:75} INFO - Running command: ['/usr/bin/bash', '-c', 'echo this is the simple bash command']
[2024-07-01T15:33:52.889+0000] {subprocess.py:86} INFO - Output:
[2024-07-01T15:33:52.966+0000] {subprocess.py:93} INFO - this is the simple bash command
[2024-07-01T15:33:52.980+0000] {subprocess.py:97} INFO - Command exited with return code 0
[2024-07-01T15:33:52.992+0000] {taskinstance.py:441} INFO - ::group::Post task execution logs
[2024-07-01T15:33:53.306+0000] {taskinstance.py:1206} INFO - Marking task as SUCCESS. dag_id=DAG_catchup_backfill, task_id=task1, run_id=scheduled__2024-06-30T00:00:00+00:00, execution_date=20240630T000000, start_date=20240701T153347, end_date=20240701T153353
[2024-07-01T15:33:53.759+0000] {local_task_job_runner.py:240} INFO - Task exited with return code 0
[2024-07-01T15:33:53.993+0000] {taskinstance.py:3503} INFO - 0 downstream tasks scheduled from follow-on schedule check
[2024-07-01T15:33:54.075+0000] {local_task_job_runner.py:222} INFO - ::endgroup::
