[2024-07-07T15:32:48.052+0000] {local_task_job_runner.py:120} INFO - ::group::Pre task execution logs
[2024-07-07T15:32:48.344+0000] {taskinstance.py:2076} INFO - Dependencies all met for dep_context=non-requeueable deps ti=<TaskInstance: sample_etl.extract scheduled__2024-05-29T00:00:00+00:00 [queued]>
[2024-07-07T15:32:48.439+0000] {taskinstance.py:2076} INFO - Dependencies all met for dep_context=requeueable deps ti=<TaskInstance: sample_etl.extract scheduled__2024-05-29T00:00:00+00:00 [queued]>
[2024-07-07T15:32:48.441+0000] {taskinstance.py:2306} INFO - Starting attempt 1 of 2
[2024-07-07T15:32:48.558+0000] {taskinstance.py:2330} INFO - Executing <Task(BashOperator): extract> on 2024-05-29 00:00:00+00:00
[2024-07-07T15:32:48.577+0000] {logging_mixin.py:188} WARNING - /home/***/.local/lib/python3.12/site-packages/***/task/task_runner/standard_task_runner.py:61 DeprecationWarning: This process (pid=2225) is multi-threaded, use of fork() may lead to deadlocks in the child.
[2024-07-07T15:32:48.580+0000] {standard_task_runner.py:63} INFO - Started process 2232 to run task
[2024-07-07T15:32:48.578+0000] {standard_task_runner.py:90} INFO - Running: ['***', 'tasks', 'run', 'sample_etl', 'extract', 'scheduled__2024-05-29T00:00:00+00:00', '--job-id', '195', '--raw', '--subdir', 'DAGS_FOLDER/etl_sample.py', '--cfg-path', '/tmp/tmp0zcvomo7']
[2024-07-07T15:32:48.583+0000] {standard_task_runner.py:91} INFO - Job 195: Subtask extract
[2024-07-07T15:32:49.173+0000] {task_command.py:426} INFO - Running <TaskInstance: sample_etl.extract scheduled__2024-05-29T00:00:00+00:00 [running]> on host a10fdcb539f4
[2024-07-07T15:32:50.143+0000] {taskinstance.py:2648} INFO - Exporting env vars: AIRFLOW_CTX_DAG_OWNER='baven' AIRFLOW_CTX_DAG_ID='sample_etl' AIRFLOW_CTX_TASK_ID='extract' AIRFLOW_CTX_EXECUTION_DATE='2024-05-29T00:00:00+00:00' AIRFLOW_CTX_TRY_NUMBER='1' AIRFLOW_CTX_DAG_RUN_ID='scheduled__2024-05-29T00:00:00+00:00'
[2024-07-07T15:32:50.146+0000] {taskinstance.py:430} INFO - ::endgroup::
[2024-07-07T15:32:50.315+0000] {subprocess.py:63} INFO - Tmp dir root location: /tmp
[2024-07-07T15:32:50.370+0000] {subprocess.py:75} INFO - Running command: ['/usr/bin/bash', '-c', 'echo "extract"']
[2024-07-07T15:32:50.444+0000] {subprocess.py:86} INFO - Output:
[2024-07-07T15:32:50.480+0000] {subprocess.py:93} INFO - extract
[2024-07-07T15:32:50.498+0000] {subprocess.py:97} INFO - Command exited with return code 0
[2024-07-07T15:32:50.500+0000] {taskinstance.py:441} INFO - ::group::Post task execution logs
[2024-07-07T15:32:51.024+0000] {taskinstance.py:1206} INFO - Marking task as SUCCESS. dag_id=sample_etl, task_id=extract, run_id=scheduled__2024-05-29T00:00:00+00:00, execution_date=20240529T000000, start_date=20240707T153248, end_date=20240707T153251
[2024-07-07T15:32:51.973+0000] {local_task_job_runner.py:240} INFO - Task exited with return code 0
[2024-07-07T15:32:52.324+0000] {taskinstance.py:3503} INFO - 1 downstream tasks scheduled from follow-on schedule check
[2024-07-07T15:32:52.360+0000] {local_task_job_runner.py:222} INFO - ::endgroup::
