[2024-07-07T15:32:20.876+0000] {local_task_job_runner.py:120} INFO - ::group::Pre task execution logs
[2024-07-07T15:32:22.925+0000] {taskinstance.py:2076} INFO - Dependencies all met for dep_context=non-requeueable deps ti=<TaskInstance: sample_etl.load scheduled__2024-05-09T00:00:00+00:00 [queued]>
[2024-07-07T15:32:23.013+0000] {taskinstance.py:2076} INFO - Dependencies all met for dep_context=requeueable deps ti=<TaskInstance: sample_etl.load scheduled__2024-05-09T00:00:00+00:00 [queued]>
[2024-07-07T15:32:23.025+0000] {taskinstance.py:2306} INFO - Starting attempt 1 of 2
[2024-07-07T15:32:24.315+0000] {taskinstance.py:2330} INFO - Executing <Task(BashOperator): load> on 2024-05-09 00:00:00+00:00
[2024-07-07T15:32:24.582+0000] {logging_mixin.py:188} WARNING - /home/***/.local/lib/python3.12/site-packages/***/task/task_runner/standard_task_runner.py:61 DeprecationWarning: This process (pid=2103) is multi-threaded, use of fork() may lead to deadlocks in the child.
[2024-07-07T15:32:24.651+0000] {standard_task_runner.py:63} INFO - Started process 2140 to run task
[2024-07-07T15:32:24.649+0000] {standard_task_runner.py:90} INFO - Running: ['***', 'tasks', 'run', 'sample_etl', 'load', 'scheduled__2024-05-09T00:00:00+00:00', '--job-id', '169', '--raw', '--subdir', 'DAGS_FOLDER/etl_sample.py', '--cfg-path', '/tmp/tmpl71l5m_q']
[2024-07-07T15:32:24.748+0000] {standard_task_runner.py:91} INFO - Job 169: Subtask load
[2024-07-07T15:32:26.467+0000] {task_command.py:426} INFO - Running <TaskInstance: sample_etl.load scheduled__2024-05-09T00:00:00+00:00 [running]> on host a10fdcb539f4
[2024-07-07T15:32:27.734+0000] {taskinstance.py:2648} INFO - Exporting env vars: AIRFLOW_CTX_DAG_OWNER='baven' AIRFLOW_CTX_DAG_ID='sample_etl' AIRFLOW_CTX_TASK_ID='load' AIRFLOW_CTX_EXECUTION_DATE='2024-05-09T00:00:00+00:00' AIRFLOW_CTX_TRY_NUMBER='1' AIRFLOW_CTX_DAG_RUN_ID='scheduled__2024-05-09T00:00:00+00:00'
[2024-07-07T15:32:27.740+0000] {taskinstance.py:430} INFO - ::endgroup::
[2024-07-07T15:32:28.220+0000] {subprocess.py:63} INFO - Tmp dir root location: /tmp
[2024-07-07T15:32:28.254+0000] {subprocess.py:75} INFO - Running command: ['/usr/bin/bash', '-c', 'echo "load"']
[2024-07-07T15:32:28.566+0000] {subprocess.py:86} INFO - Output:
[2024-07-07T15:32:28.587+0000] {subprocess.py:93} INFO - load
[2024-07-07T15:32:28.599+0000] {subprocess.py:97} INFO - Command exited with return code 0
[2024-07-07T15:32:28.601+0000] {taskinstance.py:441} INFO - ::group::Post task execution logs
[2024-07-07T15:32:28.694+0000] {taskinstance.py:1206} INFO - Marking task as SUCCESS. dag_id=sample_etl, task_id=load, run_id=scheduled__2024-05-09T00:00:00+00:00, execution_date=20240509T000000, start_date=20240707T153222, end_date=20240707T153228
[2024-07-07T15:32:29.522+0000] {local_task_job_runner.py:240} INFO - Task exited with return code 0
[2024-07-07T15:32:29.973+0000] {taskinstance.py:3503} INFO - 0 downstream tasks scheduled from follow-on schedule check
[2024-07-07T15:32:30.018+0000] {local_task_job_runner.py:222} INFO - ::endgroup::
