[2024-07-07T15:32:16.696+0000] {local_task_job_runner.py:120} INFO - ::group::Pre task execution logs
[2024-07-07T15:32:17.763+0000] {taskinstance.py:2076} INFO - Dependencies all met for dep_context=non-requeueable deps ti=<TaskInstance: sample_etl.load scheduled__2024-05-07T00:00:00+00:00 [queued]>
[2024-07-07T15:32:18.019+0000] {taskinstance.py:2076} INFO - Dependencies all met for dep_context=requeueable deps ti=<TaskInstance: sample_etl.load scheduled__2024-05-07T00:00:00+00:00 [queued]>
[2024-07-07T15:32:18.037+0000] {taskinstance.py:2306} INFO - Starting attempt 1 of 2
[2024-07-07T15:32:19.197+0000] {taskinstance.py:2330} INFO - Executing <Task(BashOperator): load> on 2024-05-07 00:00:00+00:00
[2024-07-07T15:32:19.611+0000] {standard_task_runner.py:90} INFO - Running: ['***', 'tasks', 'run', 'sample_etl', 'load', 'scheduled__2024-05-07T00:00:00+00:00', '--job-id', '165', '--raw', '--subdir', 'DAGS_FOLDER/etl_sample.py', '--cfg-path', '/tmp/tmpnrt2jck2']
[2024-07-07T15:32:20.026+0000] {standard_task_runner.py:91} INFO - Job 165: Subtask load
[2024-07-07T15:32:20.249+0000] {logging_mixin.py:188} WARNING - /home/***/.local/lib/python3.12/site-packages/***/task/task_runner/standard_task_runner.py:61 DeprecationWarning: This process (pid=2092) is multi-threaded, use of fork() may lead to deadlocks in the child.
[2024-07-07T15:32:20.296+0000] {standard_task_runner.py:63} INFO - Started process 2119 to run task
[2024-07-07T15:32:22.756+0000] {task_command.py:426} INFO - Running <TaskInstance: sample_etl.load scheduled__2024-05-07T00:00:00+00:00 [running]> on host a10fdcb539f4
[2024-07-07T15:32:25.678+0000] {taskinstance.py:2648} INFO - Exporting env vars: AIRFLOW_CTX_DAG_OWNER='baven' AIRFLOW_CTX_DAG_ID='sample_etl' AIRFLOW_CTX_TASK_ID='load' AIRFLOW_CTX_EXECUTION_DATE='2024-05-07T00:00:00+00:00' AIRFLOW_CTX_TRY_NUMBER='1' AIRFLOW_CTX_DAG_RUN_ID='scheduled__2024-05-07T00:00:00+00:00'
[2024-07-07T15:32:25.703+0000] {taskinstance.py:430} INFO - ::endgroup::
[2024-07-07T15:32:25.956+0000] {subprocess.py:63} INFO - Tmp dir root location: /tmp
[2024-07-07T15:32:25.960+0000] {subprocess.py:75} INFO - Running command: ['/usr/bin/bash', '-c', 'echo "load"']
[2024-07-07T15:32:26.089+0000] {subprocess.py:86} INFO - Output:
[2024-07-07T15:32:26.090+0000] {subprocess.py:93} INFO - load
[2024-07-07T15:32:26.149+0000] {subprocess.py:97} INFO - Command exited with return code 0
[2024-07-07T15:32:26.172+0000] {taskinstance.py:441} INFO - ::group::Post task execution logs
[2024-07-07T15:32:26.825+0000] {taskinstance.py:1206} INFO - Marking task as SUCCESS. dag_id=sample_etl, task_id=load, run_id=scheduled__2024-05-07T00:00:00+00:00, execution_date=20240507T000000, start_date=20240707T153217, end_date=20240707T153226
[2024-07-07T15:32:27.595+0000] {local_task_job_runner.py:240} INFO - Task exited with return code 0
[2024-07-07T15:32:27.702+0000] {taskinstance.py:3503} INFO - 0 downstream tasks scheduled from follow-on schedule check
[2024-07-07T15:32:27.759+0000] {local_task_job_runner.py:222} INFO - ::endgroup::
