[2024-06-30T04:04:58.678+0000] {local_task_job_runner.py:120} INFO - ::group::Pre task execution logs
[2024-06-30T04:04:58.946+0000] {taskinstance.py:2076} INFO - Dependencies all met for dep_context=non-requeueable deps ti=<TaskInstance: conditional_dataset_and_time_based_timetable.conditional_dataset_and_time_based_timetable scheduled__2024-06-26T01:00:00+00:00 [queued]>
[2024-06-30T04:04:59.034+0000] {taskinstance.py:2076} INFO - Dependencies all met for dep_context=requeueable deps ti=<TaskInstance: conditional_dataset_and_time_based_timetable.conditional_dataset_and_time_based_timetable scheduled__2024-06-26T01:00:00+00:00 [queued]>
[2024-06-30T04:04:59.073+0000] {taskinstance.py:2306} INFO - Starting attempt 1 of 1
[2024-06-30T04:04:59.187+0000] {taskinstance.py:2330} INFO - Executing <Task(BashOperator): conditional_dataset_and_time_based_timetable> on 2024-06-26 01:00:00+00:00
[2024-06-30T04:04:59.273+0000] {warnings.py:112} WARNING - /home/***/.local/lib/python3.12/site-packages/***/task/task_runner/standard_task_runner.py:61: DeprecationWarning: This process (pid=218) is multi-threaded, use of fork() may lead to deadlocks in the child.
  pid = os.fork()

[2024-06-30T04:04:59.281+0000] {standard_task_runner.py:63} INFO - Started process 221 to run task
[2024-06-30T04:04:59.292+0000] {standard_task_runner.py:90} INFO - Running: ['***', 'tasks', 'run', 'conditional_dataset_and_time_based_timetable', 'conditional_dataset_and_time_based_timetable', 'scheduled__2024-06-26T01:00:00+00:00', '--job-id', '3', '--raw', '--subdir', '/home/***/.local/lib/python3.12/site-packages/***/example_dags/example_datasets.py', '--cfg-path', '/tmp/tmplshev7pf']
[2024-06-30T04:04:59.313+0000] {standard_task_runner.py:91} INFO - Job 3: Subtask conditional_dataset_and_time_based_timetable
[2024-06-30T04:04:59.977+0000] {task_command.py:426} INFO - Running <TaskInstance: conditional_dataset_and_time_based_timetable.conditional_dataset_and_time_based_timetable scheduled__2024-06-26T01:00:00+00:00 [running]> on host 56fb2e1c2662
[2024-06-30T04:05:00.701+0000] {taskinstance.py:2648} INFO - Exporting env vars: AIRFLOW_CTX_DAG_OWNER='***' AIRFLOW_CTX_DAG_ID='conditional_dataset_and_time_based_timetable' AIRFLOW_CTX_TASK_ID='conditional_dataset_and_time_based_timetable' AIRFLOW_CTX_EXECUTION_DATE='2024-06-26T01:00:00+00:00' AIRFLOW_CTX_TRY_NUMBER='1' AIRFLOW_CTX_DAG_RUN_ID='scheduled__2024-06-26T01:00:00+00:00'
[2024-06-30T04:05:00.720+0000] {taskinstance.py:430} INFO - ::endgroup::
[2024-06-30T04:05:00.750+0000] {subprocess.py:63} INFO - Tmp dir root location: /tmp
[2024-06-30T04:05:00.766+0000] {subprocess.py:75} INFO - Running command: ['/usr/bin/bash', '-c', 'sleep 5']
[2024-06-30T04:05:00.912+0000] {subprocess.py:86} INFO - Output:
[2024-06-30T04:05:05.940+0000] {subprocess.py:97} INFO - Command exited with return code 0
[2024-06-30T04:05:05.974+0000] {taskinstance.py:441} INFO - ::group::Post task execution logs
[2024-06-30T04:05:06.238+0000] {taskinstance.py:1206} INFO - Marking task as SUCCESS. dag_id=conditional_dataset_and_time_based_timetable, task_id=conditional_dataset_and_time_based_timetable, run_id=scheduled__2024-06-26T01:00:00+00:00, execution_date=20240626T010000, start_date=20240630T040458, end_date=20240630T040506
[2024-06-30T04:05:06.532+0000] {local_task_job_runner.py:240} INFO - Task exited with return code 0
[2024-06-30T04:05:06.654+0000] {taskinstance.py:3503} INFO - 0 downstream tasks scheduled from follow-on schedule check
[2024-06-30T04:05:06.690+0000] {local_task_job_runner.py:222} INFO - ::endgroup::
