[2024-07-07T15:33:40.163+0000] {local_task_job_runner.py:120} INFO - ::group::Pre task execution logs
[2024-07-07T15:33:40.380+0000] {taskinstance.py:2076} INFO - Dependencies all met for dep_context=non-requeueable deps ti=<TaskInstance: sample_etl.transform scheduled__2024-06-18T00:00:00+00:00 [queued]>
[2024-07-07T15:33:40.442+0000] {taskinstance.py:2076} INFO - Dependencies all met for dep_context=requeueable deps ti=<TaskInstance: sample_etl.transform scheduled__2024-06-18T00:00:00+00:00 [queued]>
[2024-07-07T15:33:40.445+0000] {taskinstance.py:2306} INFO - Starting attempt 1 of 2
[2024-07-07T15:33:40.540+0000] {taskinstance.py:2330} INFO - Executing <Task(BashOperator): transform> on 2024-06-18 00:00:00+00:00
[2024-07-07T15:33:40.589+0000] {logging_mixin.py:188} WARNING - /home/***/.local/lib/python3.12/site-packages/***/task/task_runner/standard_task_runner.py:61 DeprecationWarning: This process (pid=2449) is multi-threaded, use of fork() may lead to deadlocks in the child.
[2024-07-07T15:33:40.603+0000] {standard_task_runner.py:63} INFO - Started process 2454 to run task
[2024-07-07T15:33:40.580+0000] {standard_task_runner.py:90} INFO - Running: ['***', 'tasks', 'run', 'sample_etl', 'transform', 'scheduled__2024-06-18T00:00:00+00:00', '--job-id', '246', '--raw', '--subdir', 'DAGS_FOLDER/etl_sample.py', '--cfg-path', '/tmp/tmp4u09q7x8']
[2024-07-07T15:33:40.618+0000] {standard_task_runner.py:91} INFO - Job 246: Subtask transform
[2024-07-07T15:33:40.921+0000] {task_command.py:426} INFO - Running <TaskInstance: sample_etl.transform scheduled__2024-06-18T00:00:00+00:00 [running]> on host a10fdcb539f4
[2024-07-07T15:33:41.566+0000] {taskinstance.py:2648} INFO - Exporting env vars: AIRFLOW_CTX_DAG_OWNER='baven' AIRFLOW_CTX_DAG_ID='sample_etl' AIRFLOW_CTX_TASK_ID='transform' AIRFLOW_CTX_EXECUTION_DATE='2024-06-18T00:00:00+00:00' AIRFLOW_CTX_TRY_NUMBER='1' AIRFLOW_CTX_DAG_RUN_ID='scheduled__2024-06-18T00:00:00+00:00'
[2024-07-07T15:33:41.567+0000] {taskinstance.py:430} INFO - ::endgroup::
[2024-07-07T15:33:41.669+0000] {subprocess.py:63} INFO - Tmp dir root location: /tmp
[2024-07-07T15:33:41.711+0000] {subprocess.py:75} INFO - Running command: ['/usr/bin/bash', '-c', 'echo "transform"']
[2024-07-07T15:33:41.780+0000] {subprocess.py:86} INFO - Output:
[2024-07-07T15:33:41.795+0000] {subprocess.py:93} INFO - transform
[2024-07-07T15:33:41.808+0000] {subprocess.py:97} INFO - Command exited with return code 0
[2024-07-07T15:33:41.816+0000] {taskinstance.py:441} INFO - ::group::Post task execution logs
[2024-07-07T15:33:41.989+0000] {taskinstance.py:1206} INFO - Marking task as SUCCESS. dag_id=sample_etl, task_id=transform, run_id=scheduled__2024-06-18T00:00:00+00:00, execution_date=20240618T000000, start_date=20240707T153340, end_date=20240707T153341
[2024-07-07T15:33:42.109+0000] {local_task_job_runner.py:240} INFO - Task exited with return code 0
[2024-07-07T15:33:42.217+0000] {taskinstance.py:3503} INFO - 1 downstream tasks scheduled from follow-on schedule check
[2024-07-07T15:33:42.234+0000] {local_task_job_runner.py:222} INFO - ::endgroup::
