[2024-07-07T15:32:45.144+0000] {local_task_job_runner.py:120} INFO - ::group::Pre task execution logs
[2024-07-07T15:32:45.403+0000] {taskinstance.py:2076} INFO - Dependencies all met for dep_context=non-requeueable deps ti=<TaskInstance: sample_etl.extract scheduled__2024-05-25T00:00:00+00:00 [queued]>
[2024-07-07T15:32:45.458+0000] {taskinstance.py:2076} INFO - Dependencies all met for dep_context=requeueable deps ti=<TaskInstance: sample_etl.extract scheduled__2024-05-25T00:00:00+00:00 [queued]>
[2024-07-07T15:32:45.462+0000] {taskinstance.py:2306} INFO - Starting attempt 1 of 2
[2024-07-07T15:32:45.617+0000] {taskinstance.py:2330} INFO - Executing <Task(BashOperator): extract> on 2024-05-25 00:00:00+00:00
[2024-07-07T15:32:45.666+0000] {logging_mixin.py:188} WARNING - /home/***/.local/lib/python3.12/site-packages/***/task/task_runner/standard_task_runner.py:61 DeprecationWarning: This process (pid=2215) is multi-threaded, use of fork() may lead to deadlocks in the child.
[2024-07-07T15:32:45.686+0000] {standard_task_runner.py:63} INFO - Started process 2221 to run task
[2024-07-07T15:32:45.680+0000] {standard_task_runner.py:90} INFO - Running: ['***', 'tasks', 'run', 'sample_etl', 'extract', 'scheduled__2024-05-25T00:00:00+00:00', '--job-id', '191', '--raw', '--subdir', 'DAGS_FOLDER/etl_sample.py', '--cfg-path', '/tmp/tmp3u2tp1b8']
[2024-07-07T15:32:45.709+0000] {standard_task_runner.py:91} INFO - Job 191: Subtask extract
[2024-07-07T15:32:45.975+0000] {task_command.py:426} INFO - Running <TaskInstance: sample_etl.extract scheduled__2024-05-25T00:00:00+00:00 [running]> on host a10fdcb539f4
[2024-07-07T15:32:47.054+0000] {taskinstance.py:2648} INFO - Exporting env vars: AIRFLOW_CTX_DAG_OWNER='baven' AIRFLOW_CTX_DAG_ID='sample_etl' AIRFLOW_CTX_TASK_ID='extract' AIRFLOW_CTX_EXECUTION_DATE='2024-05-25T00:00:00+00:00' AIRFLOW_CTX_TRY_NUMBER='1' AIRFLOW_CTX_DAG_RUN_ID='scheduled__2024-05-25T00:00:00+00:00'
[2024-07-07T15:32:47.066+0000] {taskinstance.py:430} INFO - ::endgroup::
[2024-07-07T15:32:47.232+0000] {subprocess.py:63} INFO - Tmp dir root location: /tmp
[2024-07-07T15:32:47.235+0000] {subprocess.py:75} INFO - Running command: ['/usr/bin/bash', '-c', 'echo "extract"']
[2024-07-07T15:32:47.265+0000] {subprocess.py:86} INFO - Output:
[2024-07-07T15:32:47.269+0000] {subprocess.py:93} INFO - extract
[2024-07-07T15:32:47.270+0000] {subprocess.py:97} INFO - Command exited with return code 0
[2024-07-07T15:32:47.272+0000] {taskinstance.py:441} INFO - ::group::Post task execution logs
[2024-07-07T15:32:47.344+0000] {taskinstance.py:1206} INFO - Marking task as SUCCESS. dag_id=sample_etl, task_id=extract, run_id=scheduled__2024-05-25T00:00:00+00:00, execution_date=20240525T000000, start_date=20240707T153245, end_date=20240707T153247
[2024-07-07T15:32:47.455+0000] {local_task_job_runner.py:240} INFO - Task exited with return code 0
[2024-07-07T15:32:47.692+0000] {taskinstance.py:3503} INFO - 1 downstream tasks scheduled from follow-on schedule check
[2024-07-07T15:32:47.704+0000] {local_task_job_runner.py:222} INFO - ::endgroup::
