[2024-06-30T03:49:37.087+0000] {processor.py:161} INFO - Started process (PID=54) to work on /home/airflow/.local/lib/python3.12/site-packages/airflow/example_dags/example_skip_dag.py
[2024-06-30T03:49:37.106+0000] {processor.py:830} INFO - Processing file /home/airflow/.local/lib/python3.12/site-packages/airflow/example_dags/example_skip_dag.py for tasks to queue
[2024-06-30T03:49:37.112+0000] {logging_mixin.py:188} INFO - [2024-06-30T03:49:37.111+0000] {dagbag.py:545} INFO - Filling up the DagBag from /home/airflow/.local/lib/python3.12/site-packages/airflow/example_dags/example_skip_dag.py
[2024-06-30T03:49:37.159+0000] {processor.py:840} INFO - DAG(s) 'example_skip_dag' retrieved from /home/airflow/.local/lib/python3.12/site-packages/airflow/example_dags/example_skip_dag.py
[2024-06-30T03:49:37.735+0000] {logging_mixin.py:188} INFO - [2024-06-30T03:49:37.735+0000] {dag.py:3096} INFO - Sync 1 DAGs
[2024-06-30T03:49:37.825+0000] {logging_mixin.py:188} INFO - [2024-06-30T03:49:37.824+0000] {dag.py:3954} INFO - Setting next_dagrun for example_skip_dag to 2024-06-29 00:00:00+00:00, run_after=2024-06-30 00:00:00+00:00
[2024-06-30T03:49:37.994+0000] {processor.py:183} INFO - Processing /home/airflow/.local/lib/python3.12/site-packages/airflow/example_dags/example_skip_dag.py took 0.936 seconds
[2024-06-30T03:50:17.140+0000] {processor.py:161} INFO - Started process (PID=112) to work on /home/airflow/.local/lib/python3.12/site-packages/airflow/example_dags/example_skip_dag.py
[2024-06-30T03:50:17.143+0000] {processor.py:830} INFO - Processing file /home/airflow/.local/lib/python3.12/site-packages/airflow/example_dags/example_skip_dag.py for tasks to queue
[2024-06-30T03:50:17.148+0000] {logging_mixin.py:188} INFO - [2024-06-30T03:50:17.147+0000] {dagbag.py:545} INFO - Filling up the DagBag from /home/airflow/.local/lib/python3.12/site-packages/airflow/example_dags/example_skip_dag.py
[2024-06-30T03:50:17.164+0000] {processor.py:840} INFO - DAG(s) 'example_skip_dag' retrieved from /home/airflow/.local/lib/python3.12/site-packages/airflow/example_dags/example_skip_dag.py
[2024-06-30T03:50:17.238+0000] {logging_mixin.py:188} INFO - [2024-06-30T03:50:17.237+0000] {dag.py:3096} INFO - Sync 1 DAGs
[2024-06-30T03:50:17.304+0000] {logging_mixin.py:188} INFO - [2024-06-30T03:50:17.304+0000] {dag.py:3954} INFO - Setting next_dagrun for example_skip_dag to 2024-06-29 00:00:00+00:00, run_after=2024-06-30 00:00:00+00:00
[2024-06-30T03:50:17.362+0000] {processor.py:183} INFO - Processing /home/airflow/.local/lib/python3.12/site-packages/airflow/example_dags/example_skip_dag.py took 0.234 seconds
[2024-06-30T03:50:47.923+0000] {processor.py:161} INFO - Started process (PID=170) to work on /home/airflow/.local/lib/python3.12/site-packages/airflow/example_dags/example_skip_dag.py
[2024-06-30T03:50:47.926+0000] {processor.py:830} INFO - Processing file /home/airflow/.local/lib/python3.12/site-packages/airflow/example_dags/example_skip_dag.py for tasks to queue
[2024-06-30T03:50:47.930+0000] {logging_mixin.py:188} INFO - [2024-06-30T03:50:47.929+0000] {dagbag.py:545} INFO - Filling up the DagBag from /home/airflow/.local/lib/python3.12/site-packages/airflow/example_dags/example_skip_dag.py
[2024-06-30T03:50:47.948+0000] {processor.py:840} INFO - DAG(s) 'example_skip_dag' retrieved from /home/airflow/.local/lib/python3.12/site-packages/airflow/example_dags/example_skip_dag.py
[2024-06-30T03:50:48.015+0000] {logging_mixin.py:188} INFO - [2024-06-30T03:50:48.015+0000] {dag.py:3096} INFO - Sync 1 DAGs
[2024-06-30T03:50:48.072+0000] {logging_mixin.py:188} INFO - [2024-06-30T03:50:48.071+0000] {dag.py:3954} INFO - Setting next_dagrun for example_skip_dag to 2024-06-29 00:00:00+00:00, run_after=2024-06-30 00:00:00+00:00
[2024-06-30T03:50:48.124+0000] {processor.py:183} INFO - Processing /home/airflow/.local/lib/python3.12/site-packages/airflow/example_dags/example_skip_dag.py took 0.216 seconds
[2024-06-30T03:51:18.643+0000] {processor.py:161} INFO - Started process (PID=225) to work on /home/airflow/.local/lib/python3.12/site-packages/airflow/example_dags/example_skip_dag.py
[2024-06-30T03:51:18.659+0000] {processor.py:830} INFO - Processing file /home/airflow/.local/lib/python3.12/site-packages/airflow/example_dags/example_skip_dag.py for tasks to queue
[2024-06-30T03:51:18.664+0000] {logging_mixin.py:188} INFO - [2024-06-30T03:51:18.663+0000] {dagbag.py:545} INFO - Filling up the DagBag from /home/airflow/.local/lib/python3.12/site-packages/airflow/example_dags/example_skip_dag.py
[2024-06-30T03:51:18.678+0000] {processor.py:840} INFO - DAG(s) 'example_skip_dag' retrieved from /home/airflow/.local/lib/python3.12/site-packages/airflow/example_dags/example_skip_dag.py
[2024-06-30T03:51:18.745+0000] {logging_mixin.py:188} INFO - [2024-06-30T03:51:18.744+0000] {dag.py:3096} INFO - Sync 1 DAGs
[2024-06-30T03:51:18.793+0000] {logging_mixin.py:188} INFO - [2024-06-30T03:51:18.793+0000] {dag.py:3954} INFO - Setting next_dagrun for example_skip_dag to 2024-06-29 00:00:00+00:00, run_after=2024-06-30 00:00:00+00:00
[2024-06-30T03:51:18.877+0000] {processor.py:183} INFO - Processing /home/airflow/.local/lib/python3.12/site-packages/airflow/example_dags/example_skip_dag.py took 0.246 seconds
[2024-06-30T03:51:50.364+0000] {processor.py:161} INFO - Started process (PID=284) to work on /home/airflow/.local/lib/python3.12/site-packages/airflow/example_dags/example_skip_dag.py
[2024-06-30T03:51:50.369+0000] {processor.py:830} INFO - Processing file /home/airflow/.local/lib/python3.12/site-packages/airflow/example_dags/example_skip_dag.py for tasks to queue
[2024-06-30T03:51:50.386+0000] {logging_mixin.py:188} INFO - [2024-06-30T03:51:50.385+0000] {dagbag.py:545} INFO - Filling up the DagBag from /home/airflow/.local/lib/python3.12/site-packages/airflow/example_dags/example_skip_dag.py
[2024-06-30T03:51:50.442+0000] {processor.py:840} INFO - DAG(s) 'example_skip_dag' retrieved from /home/airflow/.local/lib/python3.12/site-packages/airflow/example_dags/example_skip_dag.py
[2024-06-30T03:51:50.598+0000] {logging_mixin.py:188} INFO - [2024-06-30T03:51:50.597+0000] {dag.py:3096} INFO - Sync 1 DAGs
[2024-06-30T03:51:50.746+0000] {logging_mixin.py:188} INFO - [2024-06-30T03:51:50.745+0000] {dag.py:3954} INFO - Setting next_dagrun for example_skip_dag to 2024-06-29 00:00:00+00:00, run_after=2024-06-30 00:00:00+00:00
[2024-06-30T03:51:50.868+0000] {processor.py:183} INFO - Processing /home/airflow/.local/lib/python3.12/site-packages/airflow/example_dags/example_skip_dag.py took 0.539 seconds
[2024-06-30T03:52:21.130+0000] {processor.py:161} INFO - Started process (PID=343) to work on /home/airflow/.local/lib/python3.12/site-packages/airflow/example_dags/example_skip_dag.py
[2024-06-30T03:52:21.132+0000] {processor.py:830} INFO - Processing file /home/airflow/.local/lib/python3.12/site-packages/airflow/example_dags/example_skip_dag.py for tasks to queue
[2024-06-30T03:52:21.137+0000] {logging_mixin.py:188} INFO - [2024-06-30T03:52:21.136+0000] {dagbag.py:545} INFO - Filling up the DagBag from /home/airflow/.local/lib/python3.12/site-packages/airflow/example_dags/example_skip_dag.py
[2024-06-30T03:52:21.149+0000] {processor.py:840} INFO - DAG(s) 'example_skip_dag' retrieved from /home/airflow/.local/lib/python3.12/site-packages/airflow/example_dags/example_skip_dag.py
[2024-06-30T03:52:21.205+0000] {logging_mixin.py:188} INFO - [2024-06-30T03:52:21.204+0000] {dag.py:3096} INFO - Sync 1 DAGs
[2024-06-30T03:52:21.257+0000] {logging_mixin.py:188} INFO - [2024-06-30T03:52:21.257+0000] {dag.py:3954} INFO - Setting next_dagrun for example_skip_dag to 2024-06-29 00:00:00+00:00, run_after=2024-06-30 00:00:00+00:00
[2024-06-30T03:52:21.316+0000] {processor.py:183} INFO - Processing /home/airflow/.local/lib/python3.12/site-packages/airflow/example_dags/example_skip_dag.py took 0.198 seconds
[2024-06-30T03:52:51.969+0000] {processor.py:161} INFO - Started process (PID=401) to work on /home/airflow/.local/lib/python3.12/site-packages/airflow/example_dags/example_skip_dag.py
[2024-06-30T03:52:51.973+0000] {processor.py:830} INFO - Processing file /home/airflow/.local/lib/python3.12/site-packages/airflow/example_dags/example_skip_dag.py for tasks to queue
[2024-06-30T03:52:51.979+0000] {logging_mixin.py:188} INFO - [2024-06-30T03:52:51.978+0000] {dagbag.py:545} INFO - Filling up the DagBag from /home/airflow/.local/lib/python3.12/site-packages/airflow/example_dags/example_skip_dag.py
[2024-06-30T03:52:51.997+0000] {processor.py:840} INFO - DAG(s) 'example_skip_dag' retrieved from /home/airflow/.local/lib/python3.12/site-packages/airflow/example_dags/example_skip_dag.py
[2024-06-30T03:52:52.070+0000] {logging_mixin.py:188} INFO - [2024-06-30T03:52:52.069+0000] {dag.py:3096} INFO - Sync 1 DAGs
[2024-06-30T03:52:52.130+0000] {logging_mixin.py:188} INFO - [2024-06-30T03:52:52.130+0000] {dag.py:3954} INFO - Setting next_dagrun for example_skip_dag to 2024-06-29 00:00:00+00:00, run_after=2024-06-30 00:00:00+00:00
[2024-06-30T03:52:52.241+0000] {processor.py:183} INFO - Processing /home/airflow/.local/lib/python3.12/site-packages/airflow/example_dags/example_skip_dag.py took 0.286 seconds
[2024-06-30T03:53:23.054+0000] {processor.py:161} INFO - Started process (PID=459) to work on /home/airflow/.local/lib/python3.12/site-packages/airflow/example_dags/example_skip_dag.py
[2024-06-30T03:53:23.057+0000] {processor.py:830} INFO - Processing file /home/airflow/.local/lib/python3.12/site-packages/airflow/example_dags/example_skip_dag.py for tasks to queue
[2024-06-30T03:53:23.061+0000] {logging_mixin.py:188} INFO - [2024-06-30T03:53:23.060+0000] {dagbag.py:545} INFO - Filling up the DagBag from /home/airflow/.local/lib/python3.12/site-packages/airflow/example_dags/example_skip_dag.py
[2024-06-30T03:53:23.075+0000] {processor.py:840} INFO - DAG(s) 'example_skip_dag' retrieved from /home/airflow/.local/lib/python3.12/site-packages/airflow/example_dags/example_skip_dag.py
[2024-06-30T03:53:23.142+0000] {logging_mixin.py:188} INFO - [2024-06-30T03:53:23.141+0000] {dag.py:3096} INFO - Sync 1 DAGs
[2024-06-30T03:53:23.207+0000] {logging_mixin.py:188} INFO - [2024-06-30T03:53:23.206+0000] {dag.py:3954} INFO - Setting next_dagrun for example_skip_dag to 2024-06-29 00:00:00+00:00, run_after=2024-06-30 00:00:00+00:00
[2024-06-30T03:53:23.269+0000] {processor.py:183} INFO - Processing /home/airflow/.local/lib/python3.12/site-packages/airflow/example_dags/example_skip_dag.py took 0.239 seconds
[2024-06-30T03:53:58.519+0000] {processor.py:161} INFO - Started process (PID=523) to work on /home/airflow/.local/lib/python3.12/site-packages/airflow/example_dags/example_skip_dag.py
[2024-06-30T03:53:58.579+0000] {processor.py:830} INFO - Processing file /home/airflow/.local/lib/python3.12/site-packages/airflow/example_dags/example_skip_dag.py for tasks to queue
[2024-06-30T03:53:58.611+0000] {logging_mixin.py:188} INFO - [2024-06-30T03:53:58.583+0000] {dagbag.py:545} INFO - Filling up the DagBag from /home/airflow/.local/lib/python3.12/site-packages/airflow/example_dags/example_skip_dag.py
[2024-06-30T03:53:58.774+0000] {processor.py:840} INFO - DAG(s) 'example_skip_dag' retrieved from /home/airflow/.local/lib/python3.12/site-packages/airflow/example_dags/example_skip_dag.py
[2024-06-30T03:53:58.969+0000] {logging_mixin.py:188} INFO - [2024-06-30T03:53:58.968+0000] {dag.py:3096} INFO - Sync 1 DAGs
[2024-06-30T03:53:59.292+0000] {logging_mixin.py:188} INFO - [2024-06-30T03:53:59.291+0000] {dag.py:3954} INFO - Setting next_dagrun for example_skip_dag to 2024-06-29 00:00:00+00:00, run_after=2024-06-30 00:00:00+00:00
[2024-06-30T03:53:59.537+0000] {processor.py:183} INFO - Processing /home/airflow/.local/lib/python3.12/site-packages/airflow/example_dags/example_skip_dag.py took 1.088 seconds
[2024-06-30T03:54:29.762+0000] {processor.py:161} INFO - Started process (PID=581) to work on /home/airflow/.local/lib/python3.12/site-packages/airflow/example_dags/example_skip_dag.py
[2024-06-30T03:54:29.774+0000] {processor.py:830} INFO - Processing file /home/airflow/.local/lib/python3.12/site-packages/airflow/example_dags/example_skip_dag.py for tasks to queue
[2024-06-30T03:54:29.781+0000] {logging_mixin.py:188} INFO - [2024-06-30T03:54:29.780+0000] {dagbag.py:545} INFO - Filling up the DagBag from /home/airflow/.local/lib/python3.12/site-packages/airflow/example_dags/example_skip_dag.py
[2024-06-30T03:54:29.807+0000] {processor.py:840} INFO - DAG(s) 'example_skip_dag' retrieved from /home/airflow/.local/lib/python3.12/site-packages/airflow/example_dags/example_skip_dag.py
[2024-06-30T03:54:29.877+0000] {logging_mixin.py:188} INFO - [2024-06-30T03:54:29.876+0000] {dag.py:3096} INFO - Sync 1 DAGs
[2024-06-30T03:54:30.005+0000] {logging_mixin.py:188} INFO - [2024-06-30T03:54:30.004+0000] {dag.py:3954} INFO - Setting next_dagrun for example_skip_dag to 2024-06-29 00:00:00+00:00, run_after=2024-06-30 00:00:00+00:00
[2024-06-30T03:54:30.078+0000] {processor.py:183} INFO - Processing /home/airflow/.local/lib/python3.12/site-packages/airflow/example_dags/example_skip_dag.py took 0.333 seconds
[2024-06-30T03:55:00.172+0000] {processor.py:161} INFO - Started process (PID=638) to work on /home/airflow/.local/lib/python3.12/site-packages/airflow/example_dags/example_skip_dag.py
[2024-06-30T03:55:00.176+0000] {processor.py:830} INFO - Processing file /home/airflow/.local/lib/python3.12/site-packages/airflow/example_dags/example_skip_dag.py for tasks to queue
[2024-06-30T03:55:00.183+0000] {logging_mixin.py:188} INFO - [2024-06-30T03:55:00.182+0000] {dagbag.py:545} INFO - Filling up the DagBag from /home/airflow/.local/lib/python3.12/site-packages/airflow/example_dags/example_skip_dag.py
[2024-06-30T03:55:00.203+0000] {processor.py:840} INFO - DAG(s) 'example_skip_dag' retrieved from /home/airflow/.local/lib/python3.12/site-packages/airflow/example_dags/example_skip_dag.py
[2024-06-30T03:55:00.245+0000] {logging_mixin.py:188} INFO - [2024-06-30T03:55:00.244+0000] {dag.py:3096} INFO - Sync 1 DAGs
[2024-06-30T03:55:00.304+0000] {logging_mixin.py:188} INFO - [2024-06-30T03:55:00.304+0000] {dag.py:3954} INFO - Setting next_dagrun for example_skip_dag to 2024-06-29 00:00:00+00:00, run_after=2024-06-30 00:00:00+00:00
[2024-06-30T03:55:00.420+0000] {processor.py:183} INFO - Processing /home/airflow/.local/lib/python3.12/site-packages/airflow/example_dags/example_skip_dag.py took 0.265 seconds
[2024-06-30T03:55:32.037+0000] {processor.py:161} INFO - Started process (PID=697) to work on /home/airflow/.local/lib/python3.12/site-packages/airflow/example_dags/example_skip_dag.py
[2024-06-30T03:55:32.039+0000] {processor.py:830} INFO - Processing file /home/airflow/.local/lib/python3.12/site-packages/airflow/example_dags/example_skip_dag.py for tasks to queue
[2024-06-30T03:55:32.047+0000] {logging_mixin.py:188} INFO - [2024-06-30T03:55:32.046+0000] {dagbag.py:545} INFO - Filling up the DagBag from /home/airflow/.local/lib/python3.12/site-packages/airflow/example_dags/example_skip_dag.py
[2024-06-30T03:55:32.071+0000] {processor.py:840} INFO - DAG(s) 'example_skip_dag' retrieved from /home/airflow/.local/lib/python3.12/site-packages/airflow/example_dags/example_skip_dag.py
[2024-06-30T03:55:32.152+0000] {logging_mixin.py:188} INFO - [2024-06-30T03:55:32.151+0000] {dag.py:3096} INFO - Sync 1 DAGs
[2024-06-30T03:55:32.226+0000] {logging_mixin.py:188} INFO - [2024-06-30T03:55:32.225+0000] {dag.py:3954} INFO - Setting next_dagrun for example_skip_dag to 2024-06-29 00:00:00+00:00, run_after=2024-06-30 00:00:00+00:00
[2024-06-30T03:55:32.321+0000] {processor.py:183} INFO - Processing /home/airflow/.local/lib/python3.12/site-packages/airflow/example_dags/example_skip_dag.py took 0.298 seconds
[2024-06-30T03:56:08.183+0000] {processor.py:161} INFO - Started process (PID=744) to work on /home/airflow/.local/lib/python3.12/site-packages/airflow/example_dags/example_skip_dag.py
[2024-06-30T03:56:08.191+0000] {processor.py:830} INFO - Processing file /home/airflow/.local/lib/python3.12/site-packages/airflow/example_dags/example_skip_dag.py for tasks to queue
[2024-06-30T03:56:08.196+0000] {logging_mixin.py:188} INFO - [2024-06-30T03:56:08.195+0000] {dagbag.py:545} INFO - Filling up the DagBag from /home/airflow/.local/lib/python3.12/site-packages/airflow/example_dags/example_skip_dag.py
[2024-06-30T03:56:08.233+0000] {processor.py:840} INFO - DAG(s) 'example_skip_dag' retrieved from /home/airflow/.local/lib/python3.12/site-packages/airflow/example_dags/example_skip_dag.py
[2024-06-30T03:56:08.390+0000] {logging_mixin.py:188} INFO - [2024-06-30T03:56:08.378+0000] {dag.py:3096} INFO - Sync 1 DAGs
[2024-06-30T03:56:08.481+0000] {logging_mixin.py:188} INFO - [2024-06-30T03:56:08.480+0000] {dag.py:3954} INFO - Setting next_dagrun for example_skip_dag to 2024-06-29 00:00:00+00:00, run_after=2024-06-30 00:00:00+00:00
[2024-06-30T03:56:08.613+0000] {processor.py:183} INFO - Processing /home/airflow/.local/lib/python3.12/site-packages/airflow/example_dags/example_skip_dag.py took 0.480 seconds
[2024-06-30T03:56:38.988+0000] {processor.py:161} INFO - Started process (PID=802) to work on /home/airflow/.local/lib/python3.12/site-packages/airflow/example_dags/example_skip_dag.py
[2024-06-30T03:56:38.990+0000] {processor.py:830} INFO - Processing file /home/airflow/.local/lib/python3.12/site-packages/airflow/example_dags/example_skip_dag.py for tasks to queue
[2024-06-30T03:56:38.994+0000] {logging_mixin.py:188} INFO - [2024-06-30T03:56:38.993+0000] {dagbag.py:545} INFO - Filling up the DagBag from /home/airflow/.local/lib/python3.12/site-packages/airflow/example_dags/example_skip_dag.py
[2024-06-30T03:56:39.011+0000] {processor.py:840} INFO - DAG(s) 'example_skip_dag' retrieved from /home/airflow/.local/lib/python3.12/site-packages/airflow/example_dags/example_skip_dag.py
[2024-06-30T03:56:39.103+0000] {logging_mixin.py:188} INFO - [2024-06-30T03:56:39.103+0000] {dag.py:3096} INFO - Sync 1 DAGs
[2024-06-30T03:56:39.164+0000] {logging_mixin.py:188} INFO - [2024-06-30T03:56:39.163+0000] {dag.py:3954} INFO - Setting next_dagrun for example_skip_dag to 2024-06-29 00:00:00+00:00, run_after=2024-06-30 00:00:00+00:00
[2024-06-30T03:56:39.243+0000] {processor.py:183} INFO - Processing /home/airflow/.local/lib/python3.12/site-packages/airflow/example_dags/example_skip_dag.py took 0.275 seconds
[2024-06-30T03:57:14.717+0000] {processor.py:161} INFO - Started process (PID=860) to work on /home/airflow/.local/lib/python3.12/site-packages/airflow/example_dags/example_skip_dag.py
[2024-06-30T03:57:14.723+0000] {processor.py:830} INFO - Processing file /home/airflow/.local/lib/python3.12/site-packages/airflow/example_dags/example_skip_dag.py for tasks to queue
[2024-06-30T03:57:14.734+0000] {logging_mixin.py:188} INFO - [2024-06-30T03:57:14.728+0000] {dagbag.py:545} INFO - Filling up the DagBag from /home/airflow/.local/lib/python3.12/site-packages/airflow/example_dags/example_skip_dag.py
[2024-06-30T03:57:14.772+0000] {processor.py:840} INFO - DAG(s) 'example_skip_dag' retrieved from /home/airflow/.local/lib/python3.12/site-packages/airflow/example_dags/example_skip_dag.py
[2024-06-30T03:57:14.972+0000] {logging_mixin.py:188} INFO - [2024-06-30T03:57:14.971+0000] {dag.py:3096} INFO - Sync 1 DAGs
[2024-06-30T03:57:15.260+0000] {logging_mixin.py:188} INFO - [2024-06-30T03:57:15.259+0000] {dag.py:3954} INFO - Setting next_dagrun for example_skip_dag to 2024-06-29 00:00:00+00:00, run_after=2024-06-30 00:00:00+00:00
[2024-06-30T03:57:15.524+0000] {processor.py:183} INFO - Processing /home/airflow/.local/lib/python3.12/site-packages/airflow/example_dags/example_skip_dag.py took 0.840 seconds
[2024-06-30T03:57:46.141+0000] {processor.py:161} INFO - Started process (PID=918) to work on /home/airflow/.local/lib/python3.12/site-packages/airflow/example_dags/example_skip_dag.py
[2024-06-30T03:57:46.144+0000] {processor.py:830} INFO - Processing file /home/airflow/.local/lib/python3.12/site-packages/airflow/example_dags/example_skip_dag.py for tasks to queue
[2024-06-30T03:57:46.155+0000] {logging_mixin.py:188} INFO - [2024-06-30T03:57:46.154+0000] {dagbag.py:545} INFO - Filling up the DagBag from /home/airflow/.local/lib/python3.12/site-packages/airflow/example_dags/example_skip_dag.py
[2024-06-30T03:57:46.180+0000] {processor.py:840} INFO - DAG(s) 'example_skip_dag' retrieved from /home/airflow/.local/lib/python3.12/site-packages/airflow/example_dags/example_skip_dag.py
[2024-06-30T03:57:46.284+0000] {logging_mixin.py:188} INFO - [2024-06-30T03:57:46.283+0000] {dag.py:3096} INFO - Sync 1 DAGs
[2024-06-30T03:57:46.425+0000] {logging_mixin.py:188} INFO - [2024-06-30T03:57:46.421+0000] {dag.py:3954} INFO - Setting next_dagrun for example_skip_dag to 2024-06-29 00:00:00+00:00, run_after=2024-06-30 00:00:00+00:00
[2024-06-30T03:57:46.543+0000] {processor.py:183} INFO - Processing /home/airflow/.local/lib/python3.12/site-packages/airflow/example_dags/example_skip_dag.py took 0.417 seconds
[2024-06-30T03:58:16.758+0000] {processor.py:161} INFO - Started process (PID=974) to work on /home/airflow/.local/lib/python3.12/site-packages/airflow/example_dags/example_skip_dag.py
[2024-06-30T03:58:16.761+0000] {processor.py:830} INFO - Processing file /home/airflow/.local/lib/python3.12/site-packages/airflow/example_dags/example_skip_dag.py for tasks to queue
[2024-06-30T03:58:16.767+0000] {logging_mixin.py:188} INFO - [2024-06-30T03:58:16.766+0000] {dagbag.py:545} INFO - Filling up the DagBag from /home/airflow/.local/lib/python3.12/site-packages/airflow/example_dags/example_skip_dag.py
[2024-06-30T03:58:16.787+0000] {processor.py:840} INFO - DAG(s) 'example_skip_dag' retrieved from /home/airflow/.local/lib/python3.12/site-packages/airflow/example_dags/example_skip_dag.py
[2024-06-30T03:58:16.845+0000] {logging_mixin.py:188} INFO - [2024-06-30T03:58:16.845+0000] {dag.py:3096} INFO - Sync 1 DAGs
[2024-06-30T03:58:16.902+0000] {logging_mixin.py:188} INFO - [2024-06-30T03:58:16.902+0000] {dag.py:3954} INFO - Setting next_dagrun for example_skip_dag to 2024-06-29 00:00:00+00:00, run_after=2024-06-30 00:00:00+00:00
[2024-06-30T03:58:17.007+0000] {processor.py:183} INFO - Processing /home/airflow/.local/lib/python3.12/site-packages/airflow/example_dags/example_skip_dag.py took 0.268 seconds
[2024-06-30T03:58:47.847+0000] {processor.py:161} INFO - Started process (PID=1032) to work on /home/airflow/.local/lib/python3.12/site-packages/airflow/example_dags/example_skip_dag.py
[2024-06-30T03:58:47.850+0000] {processor.py:830} INFO - Processing file /home/airflow/.local/lib/python3.12/site-packages/airflow/example_dags/example_skip_dag.py for tasks to queue
[2024-06-30T03:58:47.855+0000] {logging_mixin.py:188} INFO - [2024-06-30T03:58:47.854+0000] {dagbag.py:545} INFO - Filling up the DagBag from /home/airflow/.local/lib/python3.12/site-packages/airflow/example_dags/example_skip_dag.py
[2024-06-30T03:58:47.873+0000] {processor.py:840} INFO - DAG(s) 'example_skip_dag' retrieved from /home/airflow/.local/lib/python3.12/site-packages/airflow/example_dags/example_skip_dag.py
[2024-06-30T03:58:47.933+0000] {logging_mixin.py:188} INFO - [2024-06-30T03:58:47.932+0000] {dag.py:3096} INFO - Sync 1 DAGs
[2024-06-30T03:58:47.987+0000] {logging_mixin.py:188} INFO - [2024-06-30T03:58:47.986+0000] {dag.py:3954} INFO - Setting next_dagrun for example_skip_dag to 2024-06-29 00:00:00+00:00, run_after=2024-06-30 00:00:00+00:00
[2024-06-30T03:58:48.031+0000] {processor.py:183} INFO - Processing /home/airflow/.local/lib/python3.12/site-packages/airflow/example_dags/example_skip_dag.py took 0.203 seconds
[2024-06-30T03:59:18.237+0000] {processor.py:161} INFO - Started process (PID=1090) to work on /home/airflow/.local/lib/python3.12/site-packages/airflow/example_dags/example_skip_dag.py
[2024-06-30T03:59:18.240+0000] {processor.py:830} INFO - Processing file /home/airflow/.local/lib/python3.12/site-packages/airflow/example_dags/example_skip_dag.py for tasks to queue
[2024-06-30T03:59:18.246+0000] {logging_mixin.py:188} INFO - [2024-06-30T03:59:18.245+0000] {dagbag.py:545} INFO - Filling up the DagBag from /home/airflow/.local/lib/python3.12/site-packages/airflow/example_dags/example_skip_dag.py
[2024-06-30T03:59:18.261+0000] {processor.py:840} INFO - DAG(s) 'example_skip_dag' retrieved from /home/airflow/.local/lib/python3.12/site-packages/airflow/example_dags/example_skip_dag.py
[2024-06-30T03:59:18.340+0000] {logging_mixin.py:188} INFO - [2024-06-30T03:59:18.339+0000] {dag.py:3096} INFO - Sync 1 DAGs
[2024-06-30T03:59:18.414+0000] {logging_mixin.py:188} INFO - [2024-06-30T03:59:18.414+0000] {dag.py:3954} INFO - Setting next_dagrun for example_skip_dag to 2024-06-29 00:00:00+00:00, run_after=2024-06-30 00:00:00+00:00
[2024-06-30T03:59:18.469+0000] {processor.py:183} INFO - Processing /home/airflow/.local/lib/python3.12/site-packages/airflow/example_dags/example_skip_dag.py took 0.254 seconds
[2024-06-30T03:59:50.689+0000] {processor.py:161} INFO - Started process (PID=1149) to work on /home/airflow/.local/lib/python3.12/site-packages/airflow/example_dags/example_skip_dag.py
[2024-06-30T03:59:50.691+0000] {processor.py:830} INFO - Processing file /home/airflow/.local/lib/python3.12/site-packages/airflow/example_dags/example_skip_dag.py for tasks to queue
[2024-06-30T03:59:50.714+0000] {logging_mixin.py:188} INFO - [2024-06-30T03:59:50.713+0000] {dagbag.py:545} INFO - Filling up the DagBag from /home/airflow/.local/lib/python3.12/site-packages/airflow/example_dags/example_skip_dag.py
[2024-06-30T03:59:50.771+0000] {processor.py:840} INFO - DAG(s) 'example_skip_dag' retrieved from /home/airflow/.local/lib/python3.12/site-packages/airflow/example_dags/example_skip_dag.py
[2024-06-30T03:59:50.949+0000] {logging_mixin.py:188} INFO - [2024-06-30T03:59:50.948+0000] {dag.py:3096} INFO - Sync 1 DAGs
[2024-06-30T03:59:51.139+0000] {logging_mixin.py:188} INFO - [2024-06-30T03:59:51.139+0000] {dag.py:3954} INFO - Setting next_dagrun for example_skip_dag to 2024-06-29 00:00:00+00:00, run_after=2024-06-30 00:00:00+00:00
[2024-06-30T03:59:51.457+0000] {processor.py:183} INFO - Processing /home/airflow/.local/lib/python3.12/site-packages/airflow/example_dags/example_skip_dag.py took 0.818 seconds
[2024-06-30T04:00:22.408+0000] {processor.py:161} INFO - Started process (PID=1207) to work on /home/airflow/.local/lib/python3.12/site-packages/airflow/example_dags/example_skip_dag.py
[2024-06-30T04:00:22.413+0000] {processor.py:830} INFO - Processing file /home/airflow/.local/lib/python3.12/site-packages/airflow/example_dags/example_skip_dag.py for tasks to queue
[2024-06-30T04:00:22.420+0000] {logging_mixin.py:188} INFO - [2024-06-30T04:00:22.419+0000] {dagbag.py:545} INFO - Filling up the DagBag from /home/airflow/.local/lib/python3.12/site-packages/airflow/example_dags/example_skip_dag.py
[2024-06-30T04:00:22.440+0000] {processor.py:840} INFO - DAG(s) 'example_skip_dag' retrieved from /home/airflow/.local/lib/python3.12/site-packages/airflow/example_dags/example_skip_dag.py
[2024-06-30T04:00:22.506+0000] {logging_mixin.py:188} INFO - [2024-06-30T04:00:22.505+0000] {dag.py:3096} INFO - Sync 1 DAGs
[2024-06-30T04:00:22.570+0000] {logging_mixin.py:188} INFO - [2024-06-30T04:00:22.570+0000] {dag.py:3954} INFO - Setting next_dagrun for example_skip_dag to 2024-06-29 00:00:00+00:00, run_after=2024-06-30 00:00:00+00:00
[2024-06-30T04:00:22.680+0000] {processor.py:183} INFO - Processing /home/airflow/.local/lib/python3.12/site-packages/airflow/example_dags/example_skip_dag.py took 0.290 seconds
[2024-06-30T04:00:52.870+0000] {processor.py:161} INFO - Started process (PID=1266) to work on /home/airflow/.local/lib/python3.12/site-packages/airflow/example_dags/example_skip_dag.py
[2024-06-30T04:00:52.877+0000] {processor.py:830} INFO - Processing file /home/airflow/.local/lib/python3.12/site-packages/airflow/example_dags/example_skip_dag.py for tasks to queue
[2024-06-30T04:00:52.883+0000] {logging_mixin.py:188} INFO - [2024-06-30T04:00:52.882+0000] {dagbag.py:545} INFO - Filling up the DagBag from /home/airflow/.local/lib/python3.12/site-packages/airflow/example_dags/example_skip_dag.py
[2024-06-30T04:00:52.904+0000] {processor.py:840} INFO - DAG(s) 'example_skip_dag' retrieved from /home/airflow/.local/lib/python3.12/site-packages/airflow/example_dags/example_skip_dag.py
[2024-06-30T04:00:53.030+0000] {logging_mixin.py:188} INFO - [2024-06-30T04:00:53.030+0000] {dag.py:3096} INFO - Sync 1 DAGs
[2024-06-30T04:00:53.110+0000] {logging_mixin.py:188} INFO - [2024-06-30T04:00:53.109+0000] {dag.py:3954} INFO - Setting next_dagrun for example_skip_dag to 2024-06-29 00:00:00+00:00, run_after=2024-06-30 00:00:00+00:00
[2024-06-30T04:00:53.167+0000] {processor.py:183} INFO - Processing /home/airflow/.local/lib/python3.12/site-packages/airflow/example_dags/example_skip_dag.py took 0.319 seconds
[2024-06-30T04:01:23.527+0000] {processor.py:161} INFO - Started process (PID=1324) to work on /home/airflow/.local/lib/python3.12/site-packages/airflow/example_dags/example_skip_dag.py
[2024-06-30T04:01:23.538+0000] {processor.py:830} INFO - Processing file /home/airflow/.local/lib/python3.12/site-packages/airflow/example_dags/example_skip_dag.py for tasks to queue
[2024-06-30T04:01:23.549+0000] {logging_mixin.py:188} INFO - [2024-06-30T04:01:23.548+0000] {dagbag.py:545} INFO - Filling up the DagBag from /home/airflow/.local/lib/python3.12/site-packages/airflow/example_dags/example_skip_dag.py
[2024-06-30T04:01:23.572+0000] {processor.py:840} INFO - DAG(s) 'example_skip_dag' retrieved from /home/airflow/.local/lib/python3.12/site-packages/airflow/example_dags/example_skip_dag.py
[2024-06-30T04:01:23.646+0000] {logging_mixin.py:188} INFO - [2024-06-30T04:01:23.645+0000] {dag.py:3096} INFO - Sync 1 DAGs
[2024-06-30T04:01:23.722+0000] {logging_mixin.py:188} INFO - [2024-06-30T04:01:23.721+0000] {dag.py:3954} INFO - Setting next_dagrun for example_skip_dag to 2024-06-29 00:00:00+00:00, run_after=2024-06-30 00:00:00+00:00
[2024-06-30T04:01:23.820+0000] {processor.py:183} INFO - Processing /home/airflow/.local/lib/python3.12/site-packages/airflow/example_dags/example_skip_dag.py took 0.313 seconds
[2024-06-30T04:01:54.074+0000] {processor.py:161} INFO - Started process (PID=1382) to work on /home/airflow/.local/lib/python3.12/site-packages/airflow/example_dags/example_skip_dag.py
[2024-06-30T04:01:54.076+0000] {processor.py:830} INFO - Processing file /home/airflow/.local/lib/python3.12/site-packages/airflow/example_dags/example_skip_dag.py for tasks to queue
[2024-06-30T04:01:54.088+0000] {logging_mixin.py:188} INFO - [2024-06-30T04:01:54.079+0000] {dagbag.py:545} INFO - Filling up the DagBag from /home/airflow/.local/lib/python3.12/site-packages/airflow/example_dags/example_skip_dag.py
[2024-06-30T04:01:54.112+0000] {processor.py:840} INFO - DAG(s) 'example_skip_dag' retrieved from /home/airflow/.local/lib/python3.12/site-packages/airflow/example_dags/example_skip_dag.py
[2024-06-30T04:01:54.199+0000] {logging_mixin.py:188} INFO - [2024-06-30T04:01:54.198+0000] {dag.py:3096} INFO - Sync 1 DAGs
[2024-06-30T04:01:54.341+0000] {logging_mixin.py:188} INFO - [2024-06-30T04:01:54.341+0000] {dag.py:3954} INFO - Setting next_dagrun for example_skip_dag to 2024-06-29 00:00:00+00:00, run_after=2024-06-30 00:00:00+00:00
[2024-06-30T04:01:54.455+0000] {processor.py:183} INFO - Processing /home/airflow/.local/lib/python3.12/site-packages/airflow/example_dags/example_skip_dag.py took 0.402 seconds
[2024-06-30T04:02:24.628+0000] {processor.py:161} INFO - Started process (PID=1440) to work on /home/airflow/.local/lib/python3.12/site-packages/airflow/example_dags/example_skip_dag.py
[2024-06-30T04:02:24.636+0000] {processor.py:830} INFO - Processing file /home/airflow/.local/lib/python3.12/site-packages/airflow/example_dags/example_skip_dag.py for tasks to queue
[2024-06-30T04:02:24.640+0000] {logging_mixin.py:188} INFO - [2024-06-30T04:02:24.639+0000] {dagbag.py:545} INFO - Filling up the DagBag from /home/airflow/.local/lib/python3.12/site-packages/airflow/example_dags/example_skip_dag.py
[2024-06-30T04:02:24.659+0000] {processor.py:840} INFO - DAG(s) 'example_skip_dag' retrieved from /home/airflow/.local/lib/python3.12/site-packages/airflow/example_dags/example_skip_dag.py
[2024-06-30T04:02:24.722+0000] {logging_mixin.py:188} INFO - [2024-06-30T04:02:24.722+0000] {dag.py:3096} INFO - Sync 1 DAGs
[2024-06-30T04:02:24.801+0000] {logging_mixin.py:188} INFO - [2024-06-30T04:02:24.800+0000] {dag.py:3954} INFO - Setting next_dagrun for example_skip_dag to 2024-06-29 00:00:00+00:00, run_after=2024-06-30 00:00:00+00:00
[2024-06-30T04:02:24.912+0000] {processor.py:183} INFO - Processing /home/airflow/.local/lib/python3.12/site-packages/airflow/example_dags/example_skip_dag.py took 0.300 seconds
[2024-06-30T04:02:55.436+0000] {processor.py:161} INFO - Started process (PID=1498) to work on /home/airflow/.local/lib/python3.12/site-packages/airflow/example_dags/example_skip_dag.py
[2024-06-30T04:02:55.442+0000] {processor.py:830} INFO - Processing file /home/airflow/.local/lib/python3.12/site-packages/airflow/example_dags/example_skip_dag.py for tasks to queue
[2024-06-30T04:02:55.462+0000] {logging_mixin.py:188} INFO - [2024-06-30T04:02:55.461+0000] {dagbag.py:545} INFO - Filling up the DagBag from /home/airflow/.local/lib/python3.12/site-packages/airflow/example_dags/example_skip_dag.py
[2024-06-30T04:02:55.489+0000] {processor.py:840} INFO - DAG(s) 'example_skip_dag' retrieved from /home/airflow/.local/lib/python3.12/site-packages/airflow/example_dags/example_skip_dag.py
[2024-06-30T04:02:55.593+0000] {logging_mixin.py:188} INFO - [2024-06-30T04:02:55.592+0000] {dag.py:3096} INFO - Sync 1 DAGs
[2024-06-30T04:02:55.699+0000] {logging_mixin.py:188} INFO - [2024-06-30T04:02:55.698+0000] {dag.py:3954} INFO - Setting next_dagrun for example_skip_dag to 2024-06-29 00:00:00+00:00, run_after=2024-06-30 00:00:00+00:00
[2024-06-30T04:02:55.786+0000] {processor.py:183} INFO - Processing /home/airflow/.local/lib/python3.12/site-packages/airflow/example_dags/example_skip_dag.py took 0.368 seconds
[2024-06-30T04:03:26.737+0000] {processor.py:161} INFO - Started process (PID=1556) to work on /home/airflow/.local/lib/python3.12/site-packages/airflow/example_dags/example_skip_dag.py
[2024-06-30T04:03:26.741+0000] {processor.py:830} INFO - Processing file /home/airflow/.local/lib/python3.12/site-packages/airflow/example_dags/example_skip_dag.py for tasks to queue
[2024-06-30T04:03:26.745+0000] {logging_mixin.py:188} INFO - [2024-06-30T04:03:26.744+0000] {dagbag.py:545} INFO - Filling up the DagBag from /home/airflow/.local/lib/python3.12/site-packages/airflow/example_dags/example_skip_dag.py
[2024-06-30T04:03:26.759+0000] {processor.py:840} INFO - DAG(s) 'example_skip_dag' retrieved from /home/airflow/.local/lib/python3.12/site-packages/airflow/example_dags/example_skip_dag.py
[2024-06-30T04:03:26.815+0000] {logging_mixin.py:188} INFO - [2024-06-30T04:03:26.814+0000] {dag.py:3096} INFO - Sync 1 DAGs
[2024-06-30T04:03:26.896+0000] {logging_mixin.py:188} INFO - [2024-06-30T04:03:26.895+0000] {dag.py:3954} INFO - Setting next_dagrun for example_skip_dag to 2024-06-29 00:00:00+00:00, run_after=2024-06-30 00:00:00+00:00
[2024-06-30T04:03:26.960+0000] {processor.py:183} INFO - Processing /home/airflow/.local/lib/python3.12/site-packages/airflow/example_dags/example_skip_dag.py took 0.233 seconds
[2024-06-30T04:03:58.104+0000] {processor.py:161} INFO - Started process (PID=1614) to work on /home/airflow/.local/lib/python3.12/site-packages/airflow/example_dags/example_skip_dag.py
[2024-06-30T04:03:58.110+0000] {processor.py:830} INFO - Processing file /home/airflow/.local/lib/python3.12/site-packages/airflow/example_dags/example_skip_dag.py for tasks to queue
[2024-06-30T04:03:58.116+0000] {logging_mixin.py:188} INFO - [2024-06-30T04:03:58.115+0000] {dagbag.py:545} INFO - Filling up the DagBag from /home/airflow/.local/lib/python3.12/site-packages/airflow/example_dags/example_skip_dag.py
[2024-06-30T04:03:58.137+0000] {processor.py:840} INFO - DAG(s) 'example_skip_dag' retrieved from /home/airflow/.local/lib/python3.12/site-packages/airflow/example_dags/example_skip_dag.py
[2024-06-30T04:03:58.217+0000] {logging_mixin.py:188} INFO - [2024-06-30T04:03:58.216+0000] {dag.py:3096} INFO - Sync 1 DAGs
[2024-06-30T04:03:58.356+0000] {logging_mixin.py:188} INFO - [2024-06-30T04:03:58.356+0000] {dag.py:3954} INFO - Setting next_dagrun for example_skip_dag to 2024-06-29 00:00:00+00:00, run_after=2024-06-30 00:00:00+00:00
[2024-06-30T04:03:58.454+0000] {processor.py:183} INFO - Processing /home/airflow/.local/lib/python3.12/site-packages/airflow/example_dags/example_skip_dag.py took 0.364 seconds
[2024-06-30T04:04:31.545+0000] {processor.py:161} INFO - Started process (PID=1671) to work on /home/airflow/.local/lib/python3.12/site-packages/airflow/example_dags/example_skip_dag.py
[2024-06-30T04:04:31.548+0000] {processor.py:830} INFO - Processing file /home/airflow/.local/lib/python3.12/site-packages/airflow/example_dags/example_skip_dag.py for tasks to queue
[2024-06-30T04:04:31.553+0000] {logging_mixin.py:188} INFO - [2024-06-30T04:04:31.552+0000] {dagbag.py:545} INFO - Filling up the DagBag from /home/airflow/.local/lib/python3.12/site-packages/airflow/example_dags/example_skip_dag.py
[2024-06-30T04:04:31.612+0000] {processor.py:840} INFO - DAG(s) 'example_skip_dag' retrieved from /home/airflow/.local/lib/python3.12/site-packages/airflow/example_dags/example_skip_dag.py
[2024-06-30T04:04:31.717+0000] {logging_mixin.py:188} INFO - [2024-06-30T04:04:31.716+0000] {dag.py:3096} INFO - Sync 1 DAGs
[2024-06-30T04:04:31.916+0000] {logging_mixin.py:188} INFO - [2024-06-30T04:04:31.915+0000] {dag.py:3954} INFO - Setting next_dagrun for example_skip_dag to 2024-06-29 00:00:00+00:00, run_after=2024-06-30 00:00:00+00:00
[2024-06-30T04:04:32.013+0000] {processor.py:183} INFO - Processing /home/airflow/.local/lib/python3.12/site-packages/airflow/example_dags/example_skip_dag.py took 0.482 seconds
[2024-06-30T04:05:06.553+0000] {processor.py:161} INFO - Started process (PID=1740) to work on /home/airflow/.local/lib/python3.12/site-packages/airflow/example_dags/example_skip_dag.py
[2024-06-30T04:05:06.615+0000] {processor.py:830} INFO - Processing file /home/airflow/.local/lib/python3.12/site-packages/airflow/example_dags/example_skip_dag.py for tasks to queue
[2024-06-30T04:05:06.646+0000] {logging_mixin.py:188} INFO - [2024-06-30T04:05:06.645+0000] {dagbag.py:545} INFO - Filling up the DagBag from /home/airflow/.local/lib/python3.12/site-packages/airflow/example_dags/example_skip_dag.py
[2024-06-30T04:05:06.680+0000] {processor.py:840} INFO - DAG(s) 'example_skip_dag' retrieved from /home/airflow/.local/lib/python3.12/site-packages/airflow/example_dags/example_skip_dag.py
[2024-06-30T04:05:06.843+0000] {logging_mixin.py:188} INFO - [2024-06-30T04:05:06.842+0000] {dag.py:3096} INFO - Sync 1 DAGs
[2024-06-30T04:05:07.067+0000] {logging_mixin.py:188} INFO - [2024-06-30T04:05:07.067+0000] {dag.py:3954} INFO - Setting next_dagrun for example_skip_dag to 2024-06-29 00:00:00+00:00, run_after=2024-06-30 00:00:00+00:00
[2024-06-30T04:05:07.187+0000] {processor.py:183} INFO - Processing /home/airflow/.local/lib/python3.12/site-packages/airflow/example_dags/example_skip_dag.py took 0.664 seconds
[2024-06-30T04:05:38.294+0000] {processor.py:161} INFO - Started process (PID=1796) to work on /home/airflow/.local/lib/python3.12/site-packages/airflow/example_dags/example_skip_dag.py
[2024-06-30T04:05:38.301+0000] {processor.py:830} INFO - Processing file /home/airflow/.local/lib/python3.12/site-packages/airflow/example_dags/example_skip_dag.py for tasks to queue
[2024-06-30T04:05:38.309+0000] {logging_mixin.py:188} INFO - [2024-06-30T04:05:38.308+0000] {dagbag.py:545} INFO - Filling up the DagBag from /home/airflow/.local/lib/python3.12/site-packages/airflow/example_dags/example_skip_dag.py
[2024-06-30T04:05:38.328+0000] {processor.py:840} INFO - DAG(s) 'example_skip_dag' retrieved from /home/airflow/.local/lib/python3.12/site-packages/airflow/example_dags/example_skip_dag.py
[2024-06-30T04:05:38.406+0000] {logging_mixin.py:188} INFO - [2024-06-30T04:05:38.405+0000] {dag.py:3096} INFO - Sync 1 DAGs
[2024-06-30T04:05:38.805+0000] {logging_mixin.py:188} INFO - [2024-06-30T04:05:38.804+0000] {dag.py:3954} INFO - Setting next_dagrun for example_skip_dag to 2024-06-29 00:00:00+00:00, run_after=2024-06-30 00:00:00+00:00
[2024-06-30T04:05:38.911+0000] {processor.py:183} INFO - Processing /home/airflow/.local/lib/python3.12/site-packages/airflow/example_dags/example_skip_dag.py took 0.627 seconds
[2024-06-30T04:06:09.249+0000] {processor.py:161} INFO - Started process (PID=1854) to work on /home/airflow/.local/lib/python3.12/site-packages/airflow/example_dags/example_skip_dag.py
[2024-06-30T04:06:09.255+0000] {processor.py:830} INFO - Processing file /home/airflow/.local/lib/python3.12/site-packages/airflow/example_dags/example_skip_dag.py for tasks to queue
[2024-06-30T04:06:09.261+0000] {logging_mixin.py:188} INFO - [2024-06-30T04:06:09.260+0000] {dagbag.py:545} INFO - Filling up the DagBag from /home/airflow/.local/lib/python3.12/site-packages/airflow/example_dags/example_skip_dag.py
[2024-06-30T04:06:09.273+0000] {processor.py:840} INFO - DAG(s) 'example_skip_dag' retrieved from /home/airflow/.local/lib/python3.12/site-packages/airflow/example_dags/example_skip_dag.py
[2024-06-30T04:06:09.324+0000] {logging_mixin.py:188} INFO - [2024-06-30T04:06:09.323+0000] {dag.py:3096} INFO - Sync 1 DAGs
[2024-06-30T04:06:09.381+0000] {logging_mixin.py:188} INFO - [2024-06-30T04:06:09.381+0000] {dag.py:3954} INFO - Setting next_dagrun for example_skip_dag to 2024-06-29 00:00:00+00:00, run_after=2024-06-30 00:00:00+00:00
[2024-06-30T04:06:09.806+0000] {processor.py:183} INFO - Processing /home/airflow/.local/lib/python3.12/site-packages/airflow/example_dags/example_skip_dag.py took 0.567 seconds
[2024-06-30T04:06:40.201+0000] {processor.py:161} INFO - Started process (PID=1913) to work on /home/airflow/.local/lib/python3.12/site-packages/airflow/example_dags/example_skip_dag.py
[2024-06-30T04:06:40.203+0000] {processor.py:830} INFO - Processing file /home/airflow/.local/lib/python3.12/site-packages/airflow/example_dags/example_skip_dag.py for tasks to queue
[2024-06-30T04:06:40.214+0000] {logging_mixin.py:188} INFO - [2024-06-30T04:06:40.213+0000] {dagbag.py:545} INFO - Filling up the DagBag from /home/airflow/.local/lib/python3.12/site-packages/airflow/example_dags/example_skip_dag.py
[2024-06-30T04:06:40.235+0000] {processor.py:840} INFO - DAG(s) 'example_skip_dag' retrieved from /home/airflow/.local/lib/python3.12/site-packages/airflow/example_dags/example_skip_dag.py
[2024-06-30T04:06:40.327+0000] {logging_mixin.py:188} INFO - [2024-06-30T04:06:40.321+0000] {dag.py:3096} INFO - Sync 1 DAGs
[2024-06-30T04:06:40.425+0000] {logging_mixin.py:188} INFO - [2024-06-30T04:06:40.425+0000] {dag.py:3954} INFO - Setting next_dagrun for example_skip_dag to 2024-06-29 00:00:00+00:00, run_after=2024-06-30 00:00:00+00:00
[2024-06-30T04:06:40.543+0000] {processor.py:183} INFO - Processing /home/airflow/.local/lib/python3.12/site-packages/airflow/example_dags/example_skip_dag.py took 0.360 seconds
[2024-06-30T04:07:11.848+0000] {processor.py:161} INFO - Started process (PID=1971) to work on /home/airflow/.local/lib/python3.12/site-packages/airflow/example_dags/example_skip_dag.py
[2024-06-30T04:07:11.878+0000] {processor.py:830} INFO - Processing file /home/airflow/.local/lib/python3.12/site-packages/airflow/example_dags/example_skip_dag.py for tasks to queue
[2024-06-30T04:07:11.883+0000] {logging_mixin.py:188} INFO - [2024-06-30T04:07:11.882+0000] {dagbag.py:545} INFO - Filling up the DagBag from /home/airflow/.local/lib/python3.12/site-packages/airflow/example_dags/example_skip_dag.py
[2024-06-30T04:07:11.906+0000] {processor.py:840} INFO - DAG(s) 'example_skip_dag' retrieved from /home/airflow/.local/lib/python3.12/site-packages/airflow/example_dags/example_skip_dag.py
[2024-06-30T04:07:12.000+0000] {logging_mixin.py:188} INFO - [2024-06-30T04:07:12.000+0000] {dag.py:3096} INFO - Sync 1 DAGs
[2024-06-30T04:07:12.096+0000] {logging_mixin.py:188} INFO - [2024-06-30T04:07:12.095+0000] {dag.py:3954} INFO - Setting next_dagrun for example_skip_dag to 2024-06-29 00:00:00+00:00, run_after=2024-06-30 00:00:00+00:00
[2024-06-30T04:07:12.223+0000] {processor.py:183} INFO - Processing /home/airflow/.local/lib/python3.12/site-packages/airflow/example_dags/example_skip_dag.py took 0.394 seconds
[2024-06-30T04:07:42.424+0000] {processor.py:161} INFO - Started process (PID=2029) to work on /home/airflow/.local/lib/python3.12/site-packages/airflow/example_dags/example_skip_dag.py
[2024-06-30T04:07:42.434+0000] {processor.py:830} INFO - Processing file /home/airflow/.local/lib/python3.12/site-packages/airflow/example_dags/example_skip_dag.py for tasks to queue
[2024-06-30T04:07:42.439+0000] {logging_mixin.py:188} INFO - [2024-06-30T04:07:42.439+0000] {dagbag.py:545} INFO - Filling up the DagBag from /home/airflow/.local/lib/python3.12/site-packages/airflow/example_dags/example_skip_dag.py
[2024-06-30T04:07:42.469+0000] {processor.py:840} INFO - DAG(s) 'example_skip_dag' retrieved from /home/airflow/.local/lib/python3.12/site-packages/airflow/example_dags/example_skip_dag.py
[2024-06-30T04:07:42.524+0000] {logging_mixin.py:188} INFO - [2024-06-30T04:07:42.524+0000] {dag.py:3096} INFO - Sync 1 DAGs
[2024-06-30T04:07:42.587+0000] {logging_mixin.py:188} INFO - [2024-06-30T04:07:42.586+0000] {dag.py:3954} INFO - Setting next_dagrun for example_skip_dag to 2024-06-29 00:00:00+00:00, run_after=2024-06-30 00:00:00+00:00
[2024-06-30T04:07:42.664+0000] {processor.py:183} INFO - Processing /home/airflow/.local/lib/python3.12/site-packages/airflow/example_dags/example_skip_dag.py took 0.263 seconds
[2024-06-30T04:08:13.320+0000] {processor.py:161} INFO - Started process (PID=2087) to work on /home/airflow/.local/lib/python3.12/site-packages/airflow/example_dags/example_skip_dag.py
[2024-06-30T04:08:13.321+0000] {processor.py:830} INFO - Processing file /home/airflow/.local/lib/python3.12/site-packages/airflow/example_dags/example_skip_dag.py for tasks to queue
[2024-06-30T04:08:13.325+0000] {logging_mixin.py:188} INFO - [2024-06-30T04:08:13.324+0000] {dagbag.py:545} INFO - Filling up the DagBag from /home/airflow/.local/lib/python3.12/site-packages/airflow/example_dags/example_skip_dag.py
[2024-06-30T04:08:13.337+0000] {processor.py:840} INFO - DAG(s) 'example_skip_dag' retrieved from /home/airflow/.local/lib/python3.12/site-packages/airflow/example_dags/example_skip_dag.py
[2024-06-30T04:08:13.375+0000] {logging_mixin.py:188} INFO - [2024-06-30T04:08:13.375+0000] {dag.py:3096} INFO - Sync 1 DAGs
[2024-06-30T04:08:13.433+0000] {logging_mixin.py:188} INFO - [2024-06-30T04:08:13.433+0000] {dag.py:3954} INFO - Setting next_dagrun for example_skip_dag to 2024-06-29 00:00:00+00:00, run_after=2024-06-30 00:00:00+00:00
[2024-06-30T04:08:13.530+0000] {processor.py:183} INFO - Processing /home/airflow/.local/lib/python3.12/site-packages/airflow/example_dags/example_skip_dag.py took 0.220 seconds
[2024-06-30T04:08:48.563+0000] {processor.py:161} INFO - Started process (PID=2145) to work on /home/airflow/.local/lib/python3.12/site-packages/airflow/example_dags/example_skip_dag.py
[2024-06-30T04:08:48.565+0000] {processor.py:830} INFO - Processing file /home/airflow/.local/lib/python3.12/site-packages/airflow/example_dags/example_skip_dag.py for tasks to queue
[2024-06-30T04:08:48.574+0000] {logging_mixin.py:188} INFO - [2024-06-30T04:08:48.573+0000] {dagbag.py:545} INFO - Filling up the DagBag from /home/airflow/.local/lib/python3.12/site-packages/airflow/example_dags/example_skip_dag.py
[2024-06-30T04:08:48.627+0000] {processor.py:840} INFO - DAG(s) 'example_skip_dag' retrieved from /home/airflow/.local/lib/python3.12/site-packages/airflow/example_dags/example_skip_dag.py
[2024-06-30T04:08:48.722+0000] {logging_mixin.py:188} INFO - [2024-06-30T04:08:48.722+0000] {dag.py:3096} INFO - Sync 1 DAGs
[2024-06-30T04:08:48.883+0000] {logging_mixin.py:188} INFO - [2024-06-30T04:08:48.881+0000] {dag.py:3954} INFO - Setting next_dagrun for example_skip_dag to 2024-06-29 00:00:00+00:00, run_after=2024-06-30 00:00:00+00:00
[2024-06-30T04:08:49.005+0000] {processor.py:183} INFO - Processing /home/airflow/.local/lib/python3.12/site-packages/airflow/example_dags/example_skip_dag.py took 0.490 seconds
[2024-06-30T04:09:19.333+0000] {processor.py:161} INFO - Started process (PID=2203) to work on /home/airflow/.local/lib/python3.12/site-packages/airflow/example_dags/example_skip_dag.py
[2024-06-30T04:09:19.335+0000] {processor.py:830} INFO - Processing file /home/airflow/.local/lib/python3.12/site-packages/airflow/example_dags/example_skip_dag.py for tasks to queue
[2024-06-30T04:09:19.349+0000] {logging_mixin.py:188} INFO - [2024-06-30T04:09:19.349+0000] {dagbag.py:545} INFO - Filling up the DagBag from /home/airflow/.local/lib/python3.12/site-packages/airflow/example_dags/example_skip_dag.py
[2024-06-30T04:09:19.383+0000] {processor.py:840} INFO - DAG(s) 'example_skip_dag' retrieved from /home/airflow/.local/lib/python3.12/site-packages/airflow/example_dags/example_skip_dag.py
[2024-06-30T04:09:19.528+0000] {logging_mixin.py:188} INFO - [2024-06-30T04:09:19.516+0000] {dag.py:3096} INFO - Sync 1 DAGs
[2024-06-30T04:09:19.709+0000] {logging_mixin.py:188} INFO - [2024-06-30T04:09:19.708+0000] {dag.py:3954} INFO - Setting next_dagrun for example_skip_dag to 2024-06-29 00:00:00+00:00, run_after=2024-06-30 00:00:00+00:00
[2024-06-30T04:09:19.884+0000] {processor.py:183} INFO - Processing /home/airflow/.local/lib/python3.12/site-packages/airflow/example_dags/example_skip_dag.py took 0.572 seconds
[2024-06-30T04:09:50.608+0000] {processor.py:161} INFO - Started process (PID=2262) to work on /home/airflow/.local/lib/python3.12/site-packages/airflow/example_dags/example_skip_dag.py
[2024-06-30T04:09:50.612+0000] {processor.py:830} INFO - Processing file /home/airflow/.local/lib/python3.12/site-packages/airflow/example_dags/example_skip_dag.py for tasks to queue
[2024-06-30T04:09:50.616+0000] {logging_mixin.py:188} INFO - [2024-06-30T04:09:50.615+0000] {dagbag.py:545} INFO - Filling up the DagBag from /home/airflow/.local/lib/python3.12/site-packages/airflow/example_dags/example_skip_dag.py
[2024-06-30T04:09:50.632+0000] {processor.py:840} INFO - DAG(s) 'example_skip_dag' retrieved from /home/airflow/.local/lib/python3.12/site-packages/airflow/example_dags/example_skip_dag.py
[2024-06-30T04:09:50.739+0000] {logging_mixin.py:188} INFO - [2024-06-30T04:09:50.739+0000] {dag.py:3096} INFO - Sync 1 DAGs
[2024-06-30T04:09:50.866+0000] {logging_mixin.py:188} INFO - [2024-06-30T04:09:50.865+0000] {dag.py:3954} INFO - Setting next_dagrun for example_skip_dag to 2024-06-29 00:00:00+00:00, run_after=2024-06-30 00:00:00+00:00
[2024-06-30T04:09:50.937+0000] {processor.py:183} INFO - Processing /home/airflow/.local/lib/python3.12/site-packages/airflow/example_dags/example_skip_dag.py took 0.346 seconds
[2024-06-30T04:10:21.251+0000] {processor.py:161} INFO - Started process (PID=2320) to work on /home/airflow/.local/lib/python3.12/site-packages/airflow/example_dags/example_skip_dag.py
[2024-06-30T04:10:21.257+0000] {processor.py:830} INFO - Processing file /home/airflow/.local/lib/python3.12/site-packages/airflow/example_dags/example_skip_dag.py for tasks to queue
[2024-06-30T04:10:21.269+0000] {logging_mixin.py:188} INFO - [2024-06-30T04:10:21.268+0000] {dagbag.py:545} INFO - Filling up the DagBag from /home/airflow/.local/lib/python3.12/site-packages/airflow/example_dags/example_skip_dag.py
[2024-06-30T04:10:21.312+0000] {processor.py:840} INFO - DAG(s) 'example_skip_dag' retrieved from /home/airflow/.local/lib/python3.12/site-packages/airflow/example_dags/example_skip_dag.py
[2024-06-30T04:10:21.393+0000] {logging_mixin.py:188} INFO - [2024-06-30T04:10:21.392+0000] {dag.py:3096} INFO - Sync 1 DAGs
[2024-06-30T04:10:21.473+0000] {logging_mixin.py:188} INFO - [2024-06-30T04:10:21.472+0000] {dag.py:3954} INFO - Setting next_dagrun for example_skip_dag to 2024-06-29 00:00:00+00:00, run_after=2024-06-30 00:00:00+00:00
[2024-06-30T04:10:21.517+0000] {processor.py:183} INFO - Processing /home/airflow/.local/lib/python3.12/site-packages/airflow/example_dags/example_skip_dag.py took 0.321 seconds
[2024-06-30T04:10:51.662+0000] {processor.py:161} INFO - Started process (PID=2378) to work on /home/airflow/.local/lib/python3.12/site-packages/airflow/example_dags/example_skip_dag.py
[2024-06-30T04:10:51.665+0000] {processor.py:830} INFO - Processing file /home/airflow/.local/lib/python3.12/site-packages/airflow/example_dags/example_skip_dag.py for tasks to queue
[2024-06-30T04:10:51.669+0000] {logging_mixin.py:188} INFO - [2024-06-30T04:10:51.668+0000] {dagbag.py:545} INFO - Filling up the DagBag from /home/airflow/.local/lib/python3.12/site-packages/airflow/example_dags/example_skip_dag.py
[2024-06-30T04:10:51.681+0000] {processor.py:840} INFO - DAG(s) 'example_skip_dag' retrieved from /home/airflow/.local/lib/python3.12/site-packages/airflow/example_dags/example_skip_dag.py
[2024-06-30T04:10:51.773+0000] {logging_mixin.py:188} INFO - [2024-06-30T04:10:51.773+0000] {dag.py:3096} INFO - Sync 1 DAGs
[2024-06-30T04:10:51.882+0000] {logging_mixin.py:188} INFO - [2024-06-30T04:10:51.882+0000] {dag.py:3954} INFO - Setting next_dagrun for example_skip_dag to 2024-06-29 00:00:00+00:00, run_after=2024-06-30 00:00:00+00:00
[2024-06-30T04:10:51.980+0000] {processor.py:183} INFO - Processing /home/airflow/.local/lib/python3.12/site-packages/airflow/example_dags/example_skip_dag.py took 0.328 seconds
[2024-06-30T04:11:22.528+0000] {processor.py:161} INFO - Started process (PID=2436) to work on /home/airflow/.local/lib/python3.12/site-packages/airflow/example_dags/example_skip_dag.py
[2024-06-30T04:11:22.530+0000] {processor.py:830} INFO - Processing file /home/airflow/.local/lib/python3.12/site-packages/airflow/example_dags/example_skip_dag.py for tasks to queue
[2024-06-30T04:11:22.533+0000] {logging_mixin.py:188} INFO - [2024-06-30T04:11:22.532+0000] {dagbag.py:545} INFO - Filling up the DagBag from /home/airflow/.local/lib/python3.12/site-packages/airflow/example_dags/example_skip_dag.py
[2024-06-30T04:11:22.545+0000] {processor.py:840} INFO - DAG(s) 'example_skip_dag' retrieved from /home/airflow/.local/lib/python3.12/site-packages/airflow/example_dags/example_skip_dag.py
[2024-06-30T04:11:22.584+0000] {logging_mixin.py:188} INFO - [2024-06-30T04:11:22.583+0000] {dag.py:3096} INFO - Sync 1 DAGs
[2024-06-30T04:11:22.627+0000] {logging_mixin.py:188} INFO - [2024-06-30T04:11:22.626+0000] {dag.py:3954} INFO - Setting next_dagrun for example_skip_dag to 2024-06-29 00:00:00+00:00, run_after=2024-06-30 00:00:00+00:00
[2024-06-30T04:11:22.672+0000] {processor.py:183} INFO - Processing /home/airflow/.local/lib/python3.12/site-packages/airflow/example_dags/example_skip_dag.py took 0.153 seconds
[2024-06-30T04:11:52.965+0000] {processor.py:161} INFO - Started process (PID=2493) to work on /home/airflow/.local/lib/python3.12/site-packages/airflow/example_dags/example_skip_dag.py
[2024-06-30T04:11:52.967+0000] {processor.py:830} INFO - Processing file /home/airflow/.local/lib/python3.12/site-packages/airflow/example_dags/example_skip_dag.py for tasks to queue
[2024-06-30T04:11:52.969+0000] {logging_mixin.py:188} INFO - [2024-06-30T04:11:52.969+0000] {dagbag.py:545} INFO - Filling up the DagBag from /home/airflow/.local/lib/python3.12/site-packages/airflow/example_dags/example_skip_dag.py
[2024-06-30T04:11:52.981+0000] {processor.py:840} INFO - DAG(s) 'example_skip_dag' retrieved from /home/airflow/.local/lib/python3.12/site-packages/airflow/example_dags/example_skip_dag.py
[2024-06-30T04:11:53.017+0000] {logging_mixin.py:188} INFO - [2024-06-30T04:11:53.016+0000] {dag.py:3096} INFO - Sync 1 DAGs
[2024-06-30T04:11:53.058+0000] {logging_mixin.py:188} INFO - [2024-06-30T04:11:53.058+0000] {dag.py:3954} INFO - Setting next_dagrun for example_skip_dag to 2024-06-29 00:00:00+00:00, run_after=2024-06-30 00:00:00+00:00
[2024-06-30T04:11:53.099+0000] {processor.py:183} INFO - Processing /home/airflow/.local/lib/python3.12/site-packages/airflow/example_dags/example_skip_dag.py took 0.142 seconds
[2024-06-30T04:12:23.695+0000] {processor.py:161} INFO - Started process (PID=2549) to work on /home/airflow/.local/lib/python3.12/site-packages/airflow/example_dags/example_skip_dag.py
[2024-06-30T04:12:23.696+0000] {processor.py:830} INFO - Processing file /home/airflow/.local/lib/python3.12/site-packages/airflow/example_dags/example_skip_dag.py for tasks to queue
[2024-06-30T04:12:23.700+0000] {logging_mixin.py:188} INFO - [2024-06-30T04:12:23.699+0000] {dagbag.py:545} INFO - Filling up the DagBag from /home/airflow/.local/lib/python3.12/site-packages/airflow/example_dags/example_skip_dag.py
[2024-06-30T04:12:23.708+0000] {processor.py:840} INFO - DAG(s) 'example_skip_dag' retrieved from /home/airflow/.local/lib/python3.12/site-packages/airflow/example_dags/example_skip_dag.py
[2024-06-30T04:12:23.751+0000] {logging_mixin.py:188} INFO - [2024-06-30T04:12:23.751+0000] {dag.py:3096} INFO - Sync 1 DAGs
[2024-06-30T04:12:23.792+0000] {logging_mixin.py:188} INFO - [2024-06-30T04:12:23.792+0000] {dag.py:3954} INFO - Setting next_dagrun for example_skip_dag to 2024-06-29 00:00:00+00:00, run_after=2024-06-30 00:00:00+00:00
[2024-06-30T04:12:23.827+0000] {processor.py:183} INFO - Processing /home/airflow/.local/lib/python3.12/site-packages/airflow/example_dags/example_skip_dag.py took 0.143 seconds
[2024-06-30T04:12:54.234+0000] {processor.py:161} INFO - Started process (PID=2607) to work on /home/airflow/.local/lib/python3.12/site-packages/airflow/example_dags/example_skip_dag.py
[2024-06-30T04:12:54.255+0000] {processor.py:830} INFO - Processing file /home/airflow/.local/lib/python3.12/site-packages/airflow/example_dags/example_skip_dag.py for tasks to queue
[2024-06-30T04:12:54.272+0000] {logging_mixin.py:188} INFO - [2024-06-30T04:12:54.271+0000] {dagbag.py:545} INFO - Filling up the DagBag from /home/airflow/.local/lib/python3.12/site-packages/airflow/example_dags/example_skip_dag.py
[2024-06-30T04:12:54.304+0000] {processor.py:840} INFO - DAG(s) 'example_skip_dag' retrieved from /home/airflow/.local/lib/python3.12/site-packages/airflow/example_dags/example_skip_dag.py
[2024-06-30T04:12:54.366+0000] {logging_mixin.py:188} INFO - [2024-06-30T04:12:54.366+0000] {dag.py:3096} INFO - Sync 1 DAGs
[2024-06-30T04:12:54.416+0000] {logging_mixin.py:188} INFO - [2024-06-30T04:12:54.416+0000] {dag.py:3954} INFO - Setting next_dagrun for example_skip_dag to 2024-06-29 00:00:00+00:00, run_after=2024-06-30 00:00:00+00:00
[2024-06-30T04:12:54.457+0000] {processor.py:183} INFO - Processing /home/airflow/.local/lib/python3.12/site-packages/airflow/example_dags/example_skip_dag.py took 0.241 seconds
[2024-06-30T04:13:25.445+0000] {processor.py:161} INFO - Started process (PID=2665) to work on /home/airflow/.local/lib/python3.12/site-packages/airflow/example_dags/example_skip_dag.py
[2024-06-30T04:13:25.446+0000] {processor.py:830} INFO - Processing file /home/airflow/.local/lib/python3.12/site-packages/airflow/example_dags/example_skip_dag.py for tasks to queue
[2024-06-30T04:13:25.451+0000] {logging_mixin.py:188} INFO - [2024-06-30T04:13:25.450+0000] {dagbag.py:545} INFO - Filling up the DagBag from /home/airflow/.local/lib/python3.12/site-packages/airflow/example_dags/example_skip_dag.py
[2024-06-30T04:13:25.462+0000] {processor.py:840} INFO - DAG(s) 'example_skip_dag' retrieved from /home/airflow/.local/lib/python3.12/site-packages/airflow/example_dags/example_skip_dag.py
[2024-06-30T04:13:25.499+0000] {logging_mixin.py:188} INFO - [2024-06-30T04:13:25.498+0000] {dag.py:3096} INFO - Sync 1 DAGs
[2024-06-30T04:13:25.540+0000] {logging_mixin.py:188} INFO - [2024-06-30T04:13:25.539+0000] {dag.py:3954} INFO - Setting next_dagrun for example_skip_dag to 2024-06-29 00:00:00+00:00, run_after=2024-06-30 00:00:00+00:00
[2024-06-30T04:13:25.577+0000] {processor.py:183} INFO - Processing /home/airflow/.local/lib/python3.12/site-packages/airflow/example_dags/example_skip_dag.py took 0.140 seconds
[2024-06-30T04:13:55.896+0000] {processor.py:161} INFO - Started process (PID=2725) to work on /home/airflow/.local/lib/python3.12/site-packages/airflow/example_dags/example_skip_dag.py
[2024-06-30T04:13:55.910+0000] {processor.py:830} INFO - Processing file /home/airflow/.local/lib/python3.12/site-packages/airflow/example_dags/example_skip_dag.py for tasks to queue
[2024-06-30T04:13:55.923+0000] {logging_mixin.py:188} INFO - [2024-06-30T04:13:55.922+0000] {dagbag.py:545} INFO - Filling up the DagBag from /home/airflow/.local/lib/python3.12/site-packages/airflow/example_dags/example_skip_dag.py
[2024-06-30T04:13:55.952+0000] {processor.py:840} INFO - DAG(s) 'example_skip_dag' retrieved from /home/airflow/.local/lib/python3.12/site-packages/airflow/example_dags/example_skip_dag.py
[2024-06-30T04:13:56.118+0000] {logging_mixin.py:188} INFO - [2024-06-30T04:13:56.113+0000] {dag.py:3096} INFO - Sync 1 DAGs
[2024-06-30T04:13:56.221+0000] {logging_mixin.py:188} INFO - [2024-06-30T04:13:56.221+0000] {dag.py:3954} INFO - Setting next_dagrun for example_skip_dag to 2024-06-29 00:00:00+00:00, run_after=2024-06-30 00:00:00+00:00
[2024-06-30T04:13:56.318+0000] {processor.py:183} INFO - Processing /home/airflow/.local/lib/python3.12/site-packages/airflow/example_dags/example_skip_dag.py took 0.441 seconds
[2024-06-30T04:14:26.559+0000] {processor.py:161} INFO - Started process (PID=2783) to work on /home/airflow/.local/lib/python3.12/site-packages/airflow/example_dags/example_skip_dag.py
[2024-06-30T04:14:26.560+0000] {processor.py:830} INFO - Processing file /home/airflow/.local/lib/python3.12/site-packages/airflow/example_dags/example_skip_dag.py for tasks to queue
[2024-06-30T04:14:26.562+0000] {logging_mixin.py:188} INFO - [2024-06-30T04:14:26.562+0000] {dagbag.py:545} INFO - Filling up the DagBag from /home/airflow/.local/lib/python3.12/site-packages/airflow/example_dags/example_skip_dag.py
[2024-06-30T04:14:26.570+0000] {processor.py:840} INFO - DAG(s) 'example_skip_dag' retrieved from /home/airflow/.local/lib/python3.12/site-packages/airflow/example_dags/example_skip_dag.py
[2024-06-30T04:14:26.596+0000] {logging_mixin.py:188} INFO - [2024-06-30T04:14:26.596+0000] {dag.py:3096} INFO - Sync 1 DAGs
[2024-06-30T04:14:26.627+0000] {logging_mixin.py:188} INFO - [2024-06-30T04:14:26.626+0000] {dag.py:3954} INFO - Setting next_dagrun for example_skip_dag to 2024-06-29 00:00:00+00:00, run_after=2024-06-30 00:00:00+00:00
[2024-06-30T04:14:26.653+0000] {processor.py:183} INFO - Processing /home/airflow/.local/lib/python3.12/site-packages/airflow/example_dags/example_skip_dag.py took 0.102 seconds
[2024-06-30T04:14:56.724+0000] {processor.py:161} INFO - Started process (PID=2841) to work on /home/airflow/.local/lib/python3.12/site-packages/airflow/example_dags/example_skip_dag.py
[2024-06-30T04:14:56.725+0000] {processor.py:830} INFO - Processing file /home/airflow/.local/lib/python3.12/site-packages/airflow/example_dags/example_skip_dag.py for tasks to queue
[2024-06-30T04:14:56.730+0000] {logging_mixin.py:188} INFO - [2024-06-30T04:14:56.729+0000] {dagbag.py:545} INFO - Filling up the DagBag from /home/airflow/.local/lib/python3.12/site-packages/airflow/example_dags/example_skip_dag.py
[2024-06-30T04:14:56.746+0000] {processor.py:840} INFO - DAG(s) 'example_skip_dag' retrieved from /home/airflow/.local/lib/python3.12/site-packages/airflow/example_dags/example_skip_dag.py
[2024-06-30T04:14:56.835+0000] {logging_mixin.py:188} INFO - [2024-06-30T04:14:56.835+0000] {dag.py:3096} INFO - Sync 1 DAGs
[2024-06-30T04:14:57.016+0000] {logging_mixin.py:188} INFO - [2024-06-30T04:14:57.015+0000] {dag.py:3954} INFO - Setting next_dagrun for example_skip_dag to 2024-06-29 00:00:00+00:00, run_after=2024-06-30 00:00:00+00:00
[2024-06-30T04:14:57.133+0000] {processor.py:183} INFO - Processing /home/airflow/.local/lib/python3.12/site-packages/airflow/example_dags/example_skip_dag.py took 0.420 seconds
[2024-06-30T04:15:27.319+0000] {processor.py:161} INFO - Started process (PID=2899) to work on /home/airflow/.local/lib/python3.12/site-packages/airflow/example_dags/example_skip_dag.py
[2024-06-30T04:15:27.320+0000] {processor.py:830} INFO - Processing file /home/airflow/.local/lib/python3.12/site-packages/airflow/example_dags/example_skip_dag.py for tasks to queue
[2024-06-30T04:15:27.323+0000] {logging_mixin.py:188} INFO - [2024-06-30T04:15:27.322+0000] {dagbag.py:545} INFO - Filling up the DagBag from /home/airflow/.local/lib/python3.12/site-packages/airflow/example_dags/example_skip_dag.py
[2024-06-30T04:15:27.332+0000] {processor.py:840} INFO - DAG(s) 'example_skip_dag' retrieved from /home/airflow/.local/lib/python3.12/site-packages/airflow/example_dags/example_skip_dag.py
[2024-06-30T04:15:27.371+0000] {logging_mixin.py:188} INFO - [2024-06-30T04:15:27.370+0000] {dag.py:3096} INFO - Sync 1 DAGs
[2024-06-30T04:15:27.425+0000] {logging_mixin.py:188} INFO - [2024-06-30T04:15:27.424+0000] {dag.py:3954} INFO - Setting next_dagrun for example_skip_dag to 2024-06-29 00:00:00+00:00, run_after=2024-06-30 00:00:00+00:00
[2024-06-30T04:15:27.458+0000] {processor.py:183} INFO - Processing /home/airflow/.local/lib/python3.12/site-packages/airflow/example_dags/example_skip_dag.py took 0.146 seconds
[2024-06-30T04:15:58.244+0000] {processor.py:161} INFO - Started process (PID=2957) to work on /home/airflow/.local/lib/python3.12/site-packages/airflow/example_dags/example_skip_dag.py
[2024-06-30T04:15:58.246+0000] {processor.py:830} INFO - Processing file /home/airflow/.local/lib/python3.12/site-packages/airflow/example_dags/example_skip_dag.py for tasks to queue
[2024-06-30T04:15:58.249+0000] {logging_mixin.py:188} INFO - [2024-06-30T04:15:58.249+0000] {dagbag.py:545} INFO - Filling up the DagBag from /home/airflow/.local/lib/python3.12/site-packages/airflow/example_dags/example_skip_dag.py
[2024-06-30T04:15:58.263+0000] {processor.py:840} INFO - DAG(s) 'example_skip_dag' retrieved from /home/airflow/.local/lib/python3.12/site-packages/airflow/example_dags/example_skip_dag.py
[2024-06-30T04:15:58.303+0000] {logging_mixin.py:188} INFO - [2024-06-30T04:15:58.302+0000] {dag.py:3096} INFO - Sync 1 DAGs
[2024-06-30T04:15:58.397+0000] {logging_mixin.py:188} INFO - [2024-06-30T04:15:58.390+0000] {dag.py:3954} INFO - Setting next_dagrun for example_skip_dag to 2024-06-29 00:00:00+00:00, run_after=2024-06-30 00:00:00+00:00
[2024-06-30T04:15:58.444+0000] {processor.py:183} INFO - Processing /home/airflow/.local/lib/python3.12/site-packages/airflow/example_dags/example_skip_dag.py took 0.208 seconds
[2024-06-30T04:16:28.792+0000] {processor.py:161} INFO - Started process (PID=3015) to work on /home/airflow/.local/lib/python3.12/site-packages/airflow/example_dags/example_skip_dag.py
[2024-06-30T04:16:28.794+0000] {processor.py:830} INFO - Processing file /home/airflow/.local/lib/python3.12/site-packages/airflow/example_dags/example_skip_dag.py for tasks to queue
[2024-06-30T04:16:28.797+0000] {logging_mixin.py:188} INFO - [2024-06-30T04:16:28.797+0000] {dagbag.py:545} INFO - Filling up the DagBag from /home/airflow/.local/lib/python3.12/site-packages/airflow/example_dags/example_skip_dag.py
[2024-06-30T04:16:28.815+0000] {processor.py:840} INFO - DAG(s) 'example_skip_dag' retrieved from /home/airflow/.local/lib/python3.12/site-packages/airflow/example_dags/example_skip_dag.py
[2024-06-30T04:16:28.882+0000] {logging_mixin.py:188} INFO - [2024-06-30T04:16:28.881+0000] {dag.py:3096} INFO - Sync 1 DAGs
[2024-06-30T04:16:28.987+0000] {logging_mixin.py:188} INFO - [2024-06-30T04:16:28.986+0000] {dag.py:3954} INFO - Setting next_dagrun for example_skip_dag to 2024-06-29 00:00:00+00:00, run_after=2024-06-30 00:00:00+00:00
[2024-06-30T04:16:29.045+0000] {processor.py:183} INFO - Processing /home/airflow/.local/lib/python3.12/site-packages/airflow/example_dags/example_skip_dag.py took 0.265 seconds
[2024-06-30T04:16:59.414+0000] {processor.py:161} INFO - Started process (PID=3073) to work on /home/airflow/.local/lib/python3.12/site-packages/airflow/example_dags/example_skip_dag.py
[2024-06-30T04:16:59.417+0000] {processor.py:830} INFO - Processing file /home/airflow/.local/lib/python3.12/site-packages/airflow/example_dags/example_skip_dag.py for tasks to queue
[2024-06-30T04:16:59.421+0000] {logging_mixin.py:188} INFO - [2024-06-30T04:16:59.420+0000] {dagbag.py:545} INFO - Filling up the DagBag from /home/airflow/.local/lib/python3.12/site-packages/airflow/example_dags/example_skip_dag.py
[2024-06-30T04:16:59.434+0000] {processor.py:840} INFO - DAG(s) 'example_skip_dag' retrieved from /home/airflow/.local/lib/python3.12/site-packages/airflow/example_dags/example_skip_dag.py
[2024-06-30T04:16:59.470+0000] {logging_mixin.py:188} INFO - [2024-06-30T04:16:59.470+0000] {dag.py:3096} INFO - Sync 1 DAGs
[2024-06-30T04:16:59.511+0000] {logging_mixin.py:188} INFO - [2024-06-30T04:16:59.511+0000] {dag.py:3954} INFO - Setting next_dagrun for example_skip_dag to 2024-06-29 00:00:00+00:00, run_after=2024-06-30 00:00:00+00:00
[2024-06-30T04:16:59.575+0000] {processor.py:183} INFO - Processing /home/airflow/.local/lib/python3.12/site-packages/airflow/example_dags/example_skip_dag.py took 0.171 seconds
[2024-06-30T04:17:29.704+0000] {processor.py:161} INFO - Started process (PID=3130) to work on /home/airflow/.local/lib/python3.12/site-packages/airflow/example_dags/example_skip_dag.py
[2024-06-30T04:17:29.717+0000] {processor.py:830} INFO - Processing file /home/airflow/.local/lib/python3.12/site-packages/airflow/example_dags/example_skip_dag.py for tasks to queue
[2024-06-30T04:17:29.719+0000] {logging_mixin.py:188} INFO - [2024-06-30T04:17:29.719+0000] {dagbag.py:545} INFO - Filling up the DagBag from /home/airflow/.local/lib/python3.12/site-packages/airflow/example_dags/example_skip_dag.py
[2024-06-30T04:17:29.731+0000] {processor.py:840} INFO - DAG(s) 'example_skip_dag' retrieved from /home/airflow/.local/lib/python3.12/site-packages/airflow/example_dags/example_skip_dag.py
[2024-06-30T04:17:29.774+0000] {logging_mixin.py:188} INFO - [2024-06-30T04:17:29.774+0000] {dag.py:3096} INFO - Sync 1 DAGs
[2024-06-30T04:17:29.822+0000] {logging_mixin.py:188} INFO - [2024-06-30T04:17:29.822+0000] {dag.py:3954} INFO - Setting next_dagrun for example_skip_dag to 2024-06-29 00:00:00+00:00, run_after=2024-06-30 00:00:00+00:00
[2024-06-30T04:17:29.858+0000] {processor.py:183} INFO - Processing /home/airflow/.local/lib/python3.12/site-packages/airflow/example_dags/example_skip_dag.py took 0.161 seconds
[2024-06-30T04:18:00.179+0000] {processor.py:161} INFO - Started process (PID=3188) to work on /home/airflow/.local/lib/python3.12/site-packages/airflow/example_dags/example_skip_dag.py
[2024-06-30T04:18:00.180+0000] {processor.py:830} INFO - Processing file /home/airflow/.local/lib/python3.12/site-packages/airflow/example_dags/example_skip_dag.py for tasks to queue
[2024-06-30T04:18:00.183+0000] {logging_mixin.py:188} INFO - [2024-06-30T04:18:00.183+0000] {dagbag.py:545} INFO - Filling up the DagBag from /home/airflow/.local/lib/python3.12/site-packages/airflow/example_dags/example_skip_dag.py
[2024-06-30T04:18:00.193+0000] {processor.py:840} INFO - DAG(s) 'example_skip_dag' retrieved from /home/airflow/.local/lib/python3.12/site-packages/airflow/example_dags/example_skip_dag.py
[2024-06-30T04:18:00.223+0000] {logging_mixin.py:188} INFO - [2024-06-30T04:18:00.223+0000] {dag.py:3096} INFO - Sync 1 DAGs
[2024-06-30T04:18:00.256+0000] {logging_mixin.py:188} INFO - [2024-06-30T04:18:00.256+0000] {dag.py:3954} INFO - Setting next_dagrun for example_skip_dag to 2024-06-29 00:00:00+00:00, run_after=2024-06-30 00:00:00+00:00
[2024-06-30T04:18:00.286+0000] {processor.py:183} INFO - Processing /home/airflow/.local/lib/python3.12/site-packages/airflow/example_dags/example_skip_dag.py took 0.116 seconds
[2024-06-30T04:18:30.399+0000] {processor.py:161} INFO - Started process (PID=3244) to work on /home/airflow/.local/lib/python3.12/site-packages/airflow/example_dags/example_skip_dag.py
[2024-06-30T04:18:30.404+0000] {processor.py:830} INFO - Processing file /home/airflow/.local/lib/python3.12/site-packages/airflow/example_dags/example_skip_dag.py for tasks to queue
[2024-06-30T04:18:30.411+0000] {logging_mixin.py:188} INFO - [2024-06-30T04:18:30.410+0000] {dagbag.py:545} INFO - Filling up the DagBag from /home/airflow/.local/lib/python3.12/site-packages/airflow/example_dags/example_skip_dag.py
[2024-06-30T04:18:30.431+0000] {processor.py:840} INFO - DAG(s) 'example_skip_dag' retrieved from /home/airflow/.local/lib/python3.12/site-packages/airflow/example_dags/example_skip_dag.py
[2024-06-30T04:18:30.523+0000] {logging_mixin.py:188} INFO - [2024-06-30T04:18:30.521+0000] {dag.py:3096} INFO - Sync 1 DAGs
[2024-06-30T04:18:30.584+0000] {logging_mixin.py:188} INFO - [2024-06-30T04:18:30.583+0000] {dag.py:3954} INFO - Setting next_dagrun for example_skip_dag to 2024-06-29 00:00:00+00:00, run_after=2024-06-30 00:00:00+00:00
[2024-06-30T04:18:30.627+0000] {processor.py:183} INFO - Processing /home/airflow/.local/lib/python3.12/site-packages/airflow/example_dags/example_skip_dag.py took 0.248 seconds
[2024-06-30T04:19:00.990+0000] {processor.py:161} INFO - Started process (PID=3302) to work on /home/airflow/.local/lib/python3.12/site-packages/airflow/example_dags/example_skip_dag.py
[2024-06-30T04:19:00.992+0000] {processor.py:830} INFO - Processing file /home/airflow/.local/lib/python3.12/site-packages/airflow/example_dags/example_skip_dag.py for tasks to queue
[2024-06-30T04:19:00.996+0000] {logging_mixin.py:188} INFO - [2024-06-30T04:19:00.996+0000] {dagbag.py:545} INFO - Filling up the DagBag from /home/airflow/.local/lib/python3.12/site-packages/airflow/example_dags/example_skip_dag.py
[2024-06-30T04:19:01.024+0000] {processor.py:840} INFO - DAG(s) 'example_skip_dag' retrieved from /home/airflow/.local/lib/python3.12/site-packages/airflow/example_dags/example_skip_dag.py
[2024-06-30T04:19:01.091+0000] {logging_mixin.py:188} INFO - [2024-06-30T04:19:01.091+0000] {dag.py:3096} INFO - Sync 1 DAGs
[2024-06-30T04:19:01.146+0000] {logging_mixin.py:188} INFO - [2024-06-30T04:19:01.145+0000] {dag.py:3954} INFO - Setting next_dagrun for example_skip_dag to 2024-06-29 00:00:00+00:00, run_after=2024-06-30 00:00:00+00:00
[2024-06-30T04:19:01.219+0000] {processor.py:183} INFO - Processing /home/airflow/.local/lib/python3.12/site-packages/airflow/example_dags/example_skip_dag.py took 0.246 seconds
[2024-06-30T04:19:32.095+0000] {processor.py:161} INFO - Started process (PID=3361) to work on /home/airflow/.local/lib/python3.12/site-packages/airflow/example_dags/example_skip_dag.py
[2024-06-30T04:19:32.097+0000] {processor.py:830} INFO - Processing file /home/airflow/.local/lib/python3.12/site-packages/airflow/example_dags/example_skip_dag.py for tasks to queue
[2024-06-30T04:19:32.100+0000] {logging_mixin.py:188} INFO - [2024-06-30T04:19:32.100+0000] {dagbag.py:545} INFO - Filling up the DagBag from /home/airflow/.local/lib/python3.12/site-packages/airflow/example_dags/example_skip_dag.py
[2024-06-30T04:19:32.111+0000] {processor.py:840} INFO - DAG(s) 'example_skip_dag' retrieved from /home/airflow/.local/lib/python3.12/site-packages/airflow/example_dags/example_skip_dag.py
[2024-06-30T04:19:32.143+0000] {logging_mixin.py:188} INFO - [2024-06-30T04:19:32.142+0000] {dag.py:3096} INFO - Sync 1 DAGs
[2024-06-30T04:19:32.177+0000] {logging_mixin.py:188} INFO - [2024-06-30T04:19:32.176+0000] {dag.py:3954} INFO - Setting next_dagrun for example_skip_dag to 2024-06-29 00:00:00+00:00, run_after=2024-06-30 00:00:00+00:00
[2024-06-30T04:19:32.215+0000] {processor.py:183} INFO - Processing /home/airflow/.local/lib/python3.12/site-packages/airflow/example_dags/example_skip_dag.py took 0.129 seconds
