[2024-06-30T03:50:10.753+0000] {processor.py:161} INFO - Started process (PID=92) to work on /home/airflow/.local/lib/python3.12/site-packages/airflow/example_dags/example_display_name.py
[2024-06-30T03:50:10.756+0000] {processor.py:830} INFO - Processing file /home/airflow/.local/lib/python3.12/site-packages/airflow/example_dags/example_display_name.py for tasks to queue
[2024-06-30T03:50:10.761+0000] {logging_mixin.py:188} INFO - [2024-06-30T03:50:10.760+0000] {dagbag.py:545} INFO - Filling up the DagBag from /home/airflow/.local/lib/python3.12/site-packages/airflow/example_dags/example_display_name.py
[2024-06-30T03:50:10.782+0000] {processor.py:840} INFO - DAG(s) 'example_display_name' retrieved from /home/airflow/.local/lib/python3.12/site-packages/airflow/example_dags/example_display_name.py
[2024-06-30T03:50:11.288+0000] {logging_mixin.py:188} INFO - [2024-06-30T03:50:11.287+0000] {dag.py:3096} INFO - Sync 1 DAGs
[2024-06-30T03:50:11.313+0000] {logging_mixin.py:188} INFO - [2024-06-30T03:50:11.312+0000] {dag.py:3954} INFO - Setting next_dagrun for example_display_name to None, run_after=None
[2024-06-30T03:50:11.461+0000] {processor.py:183} INFO - Processing /home/airflow/.local/lib/python3.12/site-packages/airflow/example_dags/example_display_name.py took 0.720 seconds
[2024-06-30T03:50:42.102+0000] {processor.py:161} INFO - Started process (PID=150) to work on /home/airflow/.local/lib/python3.12/site-packages/airflow/example_dags/example_display_name.py
[2024-06-30T03:50:42.105+0000] {processor.py:830} INFO - Processing file /home/airflow/.local/lib/python3.12/site-packages/airflow/example_dags/example_display_name.py for tasks to queue
[2024-06-30T03:50:42.110+0000] {logging_mixin.py:188} INFO - [2024-06-30T03:50:42.109+0000] {dagbag.py:545} INFO - Filling up the DagBag from /home/airflow/.local/lib/python3.12/site-packages/airflow/example_dags/example_display_name.py
[2024-06-30T03:50:42.134+0000] {processor.py:840} INFO - DAG(s) 'example_display_name' retrieved from /home/airflow/.local/lib/python3.12/site-packages/airflow/example_dags/example_display_name.py
[2024-06-30T03:50:42.194+0000] {logging_mixin.py:188} INFO - [2024-06-30T03:50:42.194+0000] {dag.py:3096} INFO - Sync 1 DAGs
[2024-06-30T03:50:42.225+0000] {logging_mixin.py:188} INFO - [2024-06-30T03:50:42.224+0000] {dag.py:3954} INFO - Setting next_dagrun for example_display_name to None, run_after=None
[2024-06-30T03:50:42.475+0000] {processor.py:183} INFO - Processing /home/airflow/.local/lib/python3.12/site-packages/airflow/example_dags/example_display_name.py took 0.387 seconds
[2024-06-30T03:51:13.836+0000] {processor.py:161} INFO - Started process (PID=207) to work on /home/airflow/.local/lib/python3.12/site-packages/airflow/example_dags/example_display_name.py
[2024-06-30T03:51:13.839+0000] {processor.py:830} INFO - Processing file /home/airflow/.local/lib/python3.12/site-packages/airflow/example_dags/example_display_name.py for tasks to queue
[2024-06-30T03:51:13.844+0000] {logging_mixin.py:188} INFO - [2024-06-30T03:51:13.843+0000] {dagbag.py:545} INFO - Filling up the DagBag from /home/airflow/.local/lib/python3.12/site-packages/airflow/example_dags/example_display_name.py
[2024-06-30T03:51:13.904+0000] {processor.py:840} INFO - DAG(s) 'example_display_name' retrieved from /home/airflow/.local/lib/python3.12/site-packages/airflow/example_dags/example_display_name.py
[2024-06-30T03:51:14.028+0000] {logging_mixin.py:188} INFO - [2024-06-30T03:51:14.028+0000] {dag.py:3096} INFO - Sync 1 DAGs
[2024-06-30T03:51:14.082+0000] {logging_mixin.py:188} INFO - [2024-06-30T03:51:14.081+0000] {dag.py:3954} INFO - Setting next_dagrun for example_display_name to None, run_after=None
[2024-06-30T03:51:14.146+0000] {processor.py:183} INFO - Processing /home/airflow/.local/lib/python3.12/site-packages/airflow/example_dags/example_display_name.py took 0.354 seconds
[2024-06-30T03:51:45.108+0000] {processor.py:161} INFO - Started process (PID=266) to work on /home/airflow/.local/lib/python3.12/site-packages/airflow/example_dags/example_display_name.py
[2024-06-30T03:51:45.111+0000] {processor.py:830} INFO - Processing file /home/airflow/.local/lib/python3.12/site-packages/airflow/example_dags/example_display_name.py for tasks to queue
[2024-06-30T03:51:45.120+0000] {logging_mixin.py:188} INFO - [2024-06-30T03:51:45.116+0000] {dagbag.py:545} INFO - Filling up the DagBag from /home/airflow/.local/lib/python3.12/site-packages/airflow/example_dags/example_display_name.py
[2024-06-30T03:51:45.146+0000] {processor.py:840} INFO - DAG(s) 'example_display_name' retrieved from /home/airflow/.local/lib/python3.12/site-packages/airflow/example_dags/example_display_name.py
[2024-06-30T03:51:45.240+0000] {logging_mixin.py:188} INFO - [2024-06-30T03:51:45.227+0000] {dag.py:3096} INFO - Sync 1 DAGs
[2024-06-30T03:51:45.330+0000] {logging_mixin.py:188} INFO - [2024-06-30T03:51:45.330+0000] {dag.py:3954} INFO - Setting next_dagrun for example_display_name to None, run_after=None
[2024-06-30T03:51:45.517+0000] {processor.py:183} INFO - Processing /home/airflow/.local/lib/python3.12/site-packages/airflow/example_dags/example_display_name.py took 0.423 seconds
[2024-06-30T03:52:16.337+0000] {processor.py:161} INFO - Started process (PID=325) to work on /home/airflow/.local/lib/python3.12/site-packages/airflow/example_dags/example_display_name.py
[2024-06-30T03:52:16.339+0000] {processor.py:830} INFO - Processing file /home/airflow/.local/lib/python3.12/site-packages/airflow/example_dags/example_display_name.py for tasks to queue
[2024-06-30T03:52:16.343+0000] {logging_mixin.py:188} INFO - [2024-06-30T03:52:16.343+0000] {dagbag.py:545} INFO - Filling up the DagBag from /home/airflow/.local/lib/python3.12/site-packages/airflow/example_dags/example_display_name.py
[2024-06-30T03:52:16.356+0000] {processor.py:840} INFO - DAG(s) 'example_display_name' retrieved from /home/airflow/.local/lib/python3.12/site-packages/airflow/example_dags/example_display_name.py
[2024-06-30T03:52:16.401+0000] {logging_mixin.py:188} INFO - [2024-06-30T03:52:16.400+0000] {dag.py:3096} INFO - Sync 1 DAGs
[2024-06-30T03:52:16.436+0000] {logging_mixin.py:188} INFO - [2024-06-30T03:52:16.436+0000] {dag.py:3954} INFO - Setting next_dagrun for example_display_name to None, run_after=None
[2024-06-30T03:52:16.538+0000] {processor.py:183} INFO - Processing /home/airflow/.local/lib/python3.12/site-packages/airflow/example_dags/example_display_name.py took 0.214 seconds
[2024-06-30T03:52:46.910+0000] {processor.py:161} INFO - Started process (PID=383) to work on /home/airflow/.local/lib/python3.12/site-packages/airflow/example_dags/example_display_name.py
[2024-06-30T03:52:46.914+0000] {processor.py:830} INFO - Processing file /home/airflow/.local/lib/python3.12/site-packages/airflow/example_dags/example_display_name.py for tasks to queue
[2024-06-30T03:52:46.919+0000] {logging_mixin.py:188} INFO - [2024-06-30T03:52:46.918+0000] {dagbag.py:545} INFO - Filling up the DagBag from /home/airflow/.local/lib/python3.12/site-packages/airflow/example_dags/example_display_name.py
[2024-06-30T03:52:46.935+0000] {processor.py:840} INFO - DAG(s) 'example_display_name' retrieved from /home/airflow/.local/lib/python3.12/site-packages/airflow/example_dags/example_display_name.py
[2024-06-30T03:52:46.981+0000] {logging_mixin.py:188} INFO - [2024-06-30T03:52:46.980+0000] {dag.py:3096} INFO - Sync 1 DAGs
[2024-06-30T03:52:47.012+0000] {logging_mixin.py:188} INFO - [2024-06-30T03:52:47.012+0000] {dag.py:3954} INFO - Setting next_dagrun for example_display_name to None, run_after=None
[2024-06-30T03:52:47.128+0000] {processor.py:183} INFO - Processing /home/airflow/.local/lib/python3.12/site-packages/airflow/example_dags/example_display_name.py took 0.237 seconds
[2024-06-30T03:53:17.477+0000] {processor.py:161} INFO - Started process (PID=440) to work on /home/airflow/.local/lib/python3.12/site-packages/airflow/example_dags/example_display_name.py
[2024-06-30T03:53:17.480+0000] {processor.py:830} INFO - Processing file /home/airflow/.local/lib/python3.12/site-packages/airflow/example_dags/example_display_name.py for tasks to queue
[2024-06-30T03:53:17.484+0000] {logging_mixin.py:188} INFO - [2024-06-30T03:53:17.484+0000] {dagbag.py:545} INFO - Filling up the DagBag from /home/airflow/.local/lib/python3.12/site-packages/airflow/example_dags/example_display_name.py
[2024-06-30T03:53:17.498+0000] {processor.py:840} INFO - DAG(s) 'example_display_name' retrieved from /home/airflow/.local/lib/python3.12/site-packages/airflow/example_dags/example_display_name.py
[2024-06-30T03:53:17.554+0000] {logging_mixin.py:188} INFO - [2024-06-30T03:53:17.553+0000] {dag.py:3096} INFO - Sync 1 DAGs
[2024-06-30T03:53:17.591+0000] {logging_mixin.py:188} INFO - [2024-06-30T03:53:17.591+0000] {dag.py:3954} INFO - Setting next_dagrun for example_display_name to None, run_after=None
[2024-06-30T03:53:17.711+0000] {processor.py:183} INFO - Processing /home/airflow/.local/lib/python3.12/site-packages/airflow/example_dags/example_display_name.py took 0.248 seconds
[2024-06-30T03:53:48.063+0000] {processor.py:161} INFO - Started process (PID=498) to work on /home/airflow/.local/lib/python3.12/site-packages/airflow/example_dags/example_display_name.py
[2024-06-30T03:53:48.075+0000] {processor.py:830} INFO - Processing file /home/airflow/.local/lib/python3.12/site-packages/airflow/example_dags/example_display_name.py for tasks to queue
[2024-06-30T03:53:48.082+0000] {logging_mixin.py:188} INFO - [2024-06-30T03:53:48.081+0000] {dagbag.py:545} INFO - Filling up the DagBag from /home/airflow/.local/lib/python3.12/site-packages/airflow/example_dags/example_display_name.py
[2024-06-30T03:53:48.124+0000] {processor.py:840} INFO - DAG(s) 'example_display_name' retrieved from /home/airflow/.local/lib/python3.12/site-packages/airflow/example_dags/example_display_name.py
[2024-06-30T03:53:48.294+0000] {logging_mixin.py:188} INFO - [2024-06-30T03:53:48.293+0000] {dag.py:3096} INFO - Sync 1 DAGs
[2024-06-30T03:53:48.450+0000] {logging_mixin.py:188} INFO - [2024-06-30T03:53:48.449+0000] {dag.py:3954} INFO - Setting next_dagrun for example_display_name to None, run_after=None
[2024-06-30T03:53:48.612+0000] {processor.py:183} INFO - Processing /home/airflow/.local/lib/python3.12/site-packages/airflow/example_dags/example_display_name.py took 0.585 seconds
[2024-06-30T03:54:19.235+0000] {processor.py:161} INFO - Started process (PID=556) to work on /home/airflow/.local/lib/python3.12/site-packages/airflow/example_dags/example_display_name.py
[2024-06-30T03:54:19.237+0000] {processor.py:830} INFO - Processing file /home/airflow/.local/lib/python3.12/site-packages/airflow/example_dags/example_display_name.py for tasks to queue
[2024-06-30T03:54:19.241+0000] {logging_mixin.py:188} INFO - [2024-06-30T03:54:19.240+0000] {dagbag.py:545} INFO - Filling up the DagBag from /home/airflow/.local/lib/python3.12/site-packages/airflow/example_dags/example_display_name.py
[2024-06-30T03:54:19.254+0000] {processor.py:840} INFO - DAG(s) 'example_display_name' retrieved from /home/airflow/.local/lib/python3.12/site-packages/airflow/example_dags/example_display_name.py
[2024-06-30T03:54:19.301+0000] {logging_mixin.py:188} INFO - [2024-06-30T03:54:19.300+0000] {dag.py:3096} INFO - Sync 1 DAGs
[2024-06-30T03:54:19.331+0000] {logging_mixin.py:188} INFO - [2024-06-30T03:54:19.330+0000] {dag.py:3954} INFO - Setting next_dagrun for example_display_name to None, run_after=None
[2024-06-30T03:54:19.443+0000] {processor.py:183} INFO - Processing /home/airflow/.local/lib/python3.12/site-packages/airflow/example_dags/example_display_name.py took 0.221 seconds
[2024-06-30T03:54:49.640+0000] {processor.py:161} INFO - Started process (PID=614) to work on /home/airflow/.local/lib/python3.12/site-packages/airflow/example_dags/example_display_name.py
[2024-06-30T03:54:49.643+0000] {processor.py:830} INFO - Processing file /home/airflow/.local/lib/python3.12/site-packages/airflow/example_dags/example_display_name.py for tasks to queue
[2024-06-30T03:54:49.649+0000] {logging_mixin.py:188} INFO - [2024-06-30T03:54:49.648+0000] {dagbag.py:545} INFO - Filling up the DagBag from /home/airflow/.local/lib/python3.12/site-packages/airflow/example_dags/example_display_name.py
[2024-06-30T03:54:49.665+0000] {processor.py:840} INFO - DAG(s) 'example_display_name' retrieved from /home/airflow/.local/lib/python3.12/site-packages/airflow/example_dags/example_display_name.py
[2024-06-30T03:54:49.727+0000] {logging_mixin.py:188} INFO - [2024-06-30T03:54:49.725+0000] {dag.py:3096} INFO - Sync 1 DAGs
[2024-06-30T03:54:49.792+0000] {logging_mixin.py:188} INFO - [2024-06-30T03:54:49.791+0000] {dag.py:3954} INFO - Setting next_dagrun for example_display_name to None, run_after=None
[2024-06-30T03:54:49.866+0000] {processor.py:183} INFO - Processing /home/airflow/.local/lib/python3.12/site-packages/airflow/example_dags/example_display_name.py took 0.240 seconds
[2024-06-30T03:55:20.575+0000] {processor.py:161} INFO - Started process (PID=672) to work on /home/airflow/.local/lib/python3.12/site-packages/airflow/example_dags/example_display_name.py
[2024-06-30T03:55:20.578+0000] {processor.py:830} INFO - Processing file /home/airflow/.local/lib/python3.12/site-packages/airflow/example_dags/example_display_name.py for tasks to queue
[2024-06-30T03:55:20.592+0000] {logging_mixin.py:188} INFO - [2024-06-30T03:55:20.591+0000] {dagbag.py:545} INFO - Filling up the DagBag from /home/airflow/.local/lib/python3.12/site-packages/airflow/example_dags/example_display_name.py
[2024-06-30T03:55:20.618+0000] {processor.py:840} INFO - DAG(s) 'example_display_name' retrieved from /home/airflow/.local/lib/python3.12/site-packages/airflow/example_dags/example_display_name.py
[2024-06-30T03:55:20.702+0000] {logging_mixin.py:188} INFO - [2024-06-30T03:55:20.701+0000] {dag.py:3096} INFO - Sync 1 DAGs
[2024-06-30T03:55:20.764+0000] {logging_mixin.py:188} INFO - [2024-06-30T03:55:20.763+0000] {dag.py:3954} INFO - Setting next_dagrun for example_display_name to None, run_after=None
[2024-06-30T03:55:20.979+0000] {processor.py:183} INFO - Processing /home/airflow/.local/lib/python3.12/site-packages/airflow/example_dags/example_display_name.py took 0.419 seconds
[2024-06-30T03:56:10.616+0000] {processor.py:161} INFO - Started process (PID=750) to work on /home/airflow/.local/lib/python3.12/site-packages/airflow/example_dags/example_display_name.py
[2024-06-30T03:56:10.627+0000] {processor.py:830} INFO - Processing file /home/airflow/.local/lib/python3.12/site-packages/airflow/example_dags/example_display_name.py for tasks to queue
[2024-06-30T03:56:10.676+0000] {logging_mixin.py:188} INFO - [2024-06-30T03:56:10.675+0000] {dagbag.py:545} INFO - Filling up the DagBag from /home/airflow/.local/lib/python3.12/site-packages/airflow/example_dags/example_display_name.py
[2024-06-30T03:56:10.742+0000] {processor.py:840} INFO - DAG(s) 'example_display_name' retrieved from /home/airflow/.local/lib/python3.12/site-packages/airflow/example_dags/example_display_name.py
[2024-06-30T03:56:10.858+0000] {logging_mixin.py:188} INFO - [2024-06-30T03:56:10.847+0000] {dag.py:3096} INFO - Sync 1 DAGs
[2024-06-30T03:56:10.937+0000] {logging_mixin.py:188} INFO - [2024-06-30T03:56:10.937+0000] {dag.py:3954} INFO - Setting next_dagrun for example_display_name to None, run_after=None
[2024-06-30T03:56:10.999+0000] {processor.py:183} INFO - Processing /home/airflow/.local/lib/python3.12/site-packages/airflow/example_dags/example_display_name.py took 0.418 seconds
[2024-06-30T03:56:42.242+0000] {processor.py:161} INFO - Started process (PID=808) to work on /home/airflow/.local/lib/python3.12/site-packages/airflow/example_dags/example_display_name.py
[2024-06-30T03:56:42.250+0000] {processor.py:830} INFO - Processing file /home/airflow/.local/lib/python3.12/site-packages/airflow/example_dags/example_display_name.py for tasks to queue
[2024-06-30T03:56:42.252+0000] {logging_mixin.py:188} INFO - [2024-06-30T03:56:42.252+0000] {dagbag.py:545} INFO - Filling up the DagBag from /home/airflow/.local/lib/python3.12/site-packages/airflow/example_dags/example_display_name.py
[2024-06-30T03:56:42.262+0000] {processor.py:840} INFO - DAG(s) 'example_display_name' retrieved from /home/airflow/.local/lib/python3.12/site-packages/airflow/example_dags/example_display_name.py
[2024-06-30T03:56:42.305+0000] {logging_mixin.py:188} INFO - [2024-06-30T03:56:42.304+0000] {dag.py:3096} INFO - Sync 1 DAGs
[2024-06-30T03:56:42.337+0000] {logging_mixin.py:188} INFO - [2024-06-30T03:56:42.336+0000] {dag.py:3954} INFO - Setting next_dagrun for example_display_name to None, run_after=None
[2024-06-30T03:56:42.390+0000] {processor.py:183} INFO - Processing /home/airflow/.local/lib/python3.12/site-packages/airflow/example_dags/example_display_name.py took 0.157 seconds
[2024-06-30T03:57:20.515+0000] {processor.py:161} INFO - Started process (PID=873) to work on /home/airflow/.local/lib/python3.12/site-packages/airflow/example_dags/example_display_name.py
[2024-06-30T03:57:20.527+0000] {processor.py:830} INFO - Processing file /home/airflow/.local/lib/python3.12/site-packages/airflow/example_dags/example_display_name.py for tasks to queue
[2024-06-30T03:57:20.541+0000] {logging_mixin.py:188} INFO - [2024-06-30T03:57:20.539+0000] {dagbag.py:545} INFO - Filling up the DagBag from /home/airflow/.local/lib/python3.12/site-packages/airflow/example_dags/example_display_name.py
[2024-06-30T03:57:20.595+0000] {processor.py:840} INFO - DAG(s) 'example_display_name' retrieved from /home/airflow/.local/lib/python3.12/site-packages/airflow/example_dags/example_display_name.py
[2024-06-30T03:57:20.760+0000] {logging_mixin.py:188} INFO - [2024-06-30T03:57:20.759+0000] {dag.py:3096} INFO - Sync 1 DAGs
[2024-06-30T03:57:20.907+0000] {logging_mixin.py:188} INFO - [2024-06-30T03:57:20.862+0000] {dag.py:3954} INFO - Setting next_dagrun for example_display_name to None, run_after=None
[2024-06-30T03:57:21.092+0000] {processor.py:183} INFO - Processing /home/airflow/.local/lib/python3.12/site-packages/airflow/example_dags/example_display_name.py took 0.614 seconds
[2024-06-30T03:57:51.877+0000] {processor.py:161} INFO - Started process (PID=931) to work on /home/airflow/.local/lib/python3.12/site-packages/airflow/example_dags/example_display_name.py
[2024-06-30T03:57:51.894+0000] {processor.py:830} INFO - Processing file /home/airflow/.local/lib/python3.12/site-packages/airflow/example_dags/example_display_name.py for tasks to queue
[2024-06-30T03:57:51.903+0000] {logging_mixin.py:188} INFO - [2024-06-30T03:57:51.900+0000] {dagbag.py:545} INFO - Filling up the DagBag from /home/airflow/.local/lib/python3.12/site-packages/airflow/example_dags/example_display_name.py
[2024-06-30T03:57:51.928+0000] {processor.py:840} INFO - DAG(s) 'example_display_name' retrieved from /home/airflow/.local/lib/python3.12/site-packages/airflow/example_dags/example_display_name.py
[2024-06-30T03:57:52.090+0000] {logging_mixin.py:188} INFO - [2024-06-30T03:57:52.090+0000] {dag.py:3096} INFO - Sync 1 DAGs
[2024-06-30T03:57:52.202+0000] {logging_mixin.py:188} INFO - [2024-06-30T03:57:52.201+0000] {dag.py:3954} INFO - Setting next_dagrun for example_display_name to None, run_after=None
[2024-06-30T03:57:52.319+0000] {processor.py:183} INFO - Processing /home/airflow/.local/lib/python3.12/site-packages/airflow/example_dags/example_display_name.py took 0.477 seconds
[2024-06-30T03:58:23.097+0000] {processor.py:161} INFO - Started process (PID=988) to work on /home/airflow/.local/lib/python3.12/site-packages/airflow/example_dags/example_display_name.py
[2024-06-30T03:58:23.100+0000] {processor.py:830} INFO - Processing file /home/airflow/.local/lib/python3.12/site-packages/airflow/example_dags/example_display_name.py for tasks to queue
[2024-06-30T03:58:23.107+0000] {logging_mixin.py:188} INFO - [2024-06-30T03:58:23.106+0000] {dagbag.py:545} INFO - Filling up the DagBag from /home/airflow/.local/lib/python3.12/site-packages/airflow/example_dags/example_display_name.py
[2024-06-30T03:58:23.127+0000] {processor.py:840} INFO - DAG(s) 'example_display_name' retrieved from /home/airflow/.local/lib/python3.12/site-packages/airflow/example_dags/example_display_name.py
[2024-06-30T03:58:23.202+0000] {logging_mixin.py:188} INFO - [2024-06-30T03:58:23.201+0000] {dag.py:3096} INFO - Sync 1 DAGs
[2024-06-30T03:58:23.293+0000] {logging_mixin.py:188} INFO - [2024-06-30T03:58:23.292+0000] {dag.py:3954} INFO - Setting next_dagrun for example_display_name to None, run_after=None
[2024-06-30T03:58:23.438+0000] {processor.py:183} INFO - Processing /home/airflow/.local/lib/python3.12/site-packages/airflow/example_dags/example_display_name.py took 0.359 seconds
[2024-06-30T03:58:53.691+0000] {processor.py:161} INFO - Started process (PID=1046) to work on /home/airflow/.local/lib/python3.12/site-packages/airflow/example_dags/example_display_name.py
[2024-06-30T03:58:53.696+0000] {processor.py:830} INFO - Processing file /home/airflow/.local/lib/python3.12/site-packages/airflow/example_dags/example_display_name.py for tasks to queue
[2024-06-30T03:58:53.710+0000] {logging_mixin.py:188} INFO - [2024-06-30T03:58:53.709+0000] {dagbag.py:545} INFO - Filling up the DagBag from /home/airflow/.local/lib/python3.12/site-packages/airflow/example_dags/example_display_name.py
[2024-06-30T03:58:53.732+0000] {processor.py:840} INFO - DAG(s) 'example_display_name' retrieved from /home/airflow/.local/lib/python3.12/site-packages/airflow/example_dags/example_display_name.py
[2024-06-30T03:58:53.803+0000] {logging_mixin.py:188} INFO - [2024-06-30T03:58:53.802+0000] {dag.py:3096} INFO - Sync 1 DAGs
[2024-06-30T03:58:53.884+0000] {logging_mixin.py:188} INFO - [2024-06-30T03:58:53.883+0000] {dag.py:3954} INFO - Setting next_dagrun for example_display_name to None, run_after=None
[2024-06-30T03:58:54.036+0000] {processor.py:183} INFO - Processing /home/airflow/.local/lib/python3.12/site-packages/airflow/example_dags/example_display_name.py took 0.367 seconds
[2024-06-30T03:59:25.353+0000] {processor.py:161} INFO - Started process (PID=1104) to work on /home/airflow/.local/lib/python3.12/site-packages/airflow/example_dags/example_display_name.py
[2024-06-30T03:59:25.368+0000] {processor.py:830} INFO - Processing file /home/airflow/.local/lib/python3.12/site-packages/airflow/example_dags/example_display_name.py for tasks to queue
[2024-06-30T03:59:25.382+0000] {logging_mixin.py:188} INFO - [2024-06-30T03:59:25.381+0000] {dagbag.py:545} INFO - Filling up the DagBag from /home/airflow/.local/lib/python3.12/site-packages/airflow/example_dags/example_display_name.py
[2024-06-30T03:59:25.430+0000] {processor.py:840} INFO - DAG(s) 'example_display_name' retrieved from /home/airflow/.local/lib/python3.12/site-packages/airflow/example_dags/example_display_name.py
[2024-06-30T03:59:25.576+0000] {logging_mixin.py:188} INFO - [2024-06-30T03:59:25.575+0000] {dag.py:3096} INFO - Sync 1 DAGs
[2024-06-30T03:59:25.705+0000] {logging_mixin.py:188} INFO - [2024-06-30T03:59:25.704+0000] {dag.py:3954} INFO - Setting next_dagrun for example_display_name to None, run_after=None
[2024-06-30T03:59:25.880+0000] {processor.py:183} INFO - Processing /home/airflow/.local/lib/python3.12/site-packages/airflow/example_dags/example_display_name.py took 0.563 seconds
[2024-06-30T04:00:01.192+0000] {processor.py:161} INFO - Started process (PID=1166) to work on /home/airflow/.local/lib/python3.12/site-packages/airflow/example_dags/example_display_name.py
[2024-06-30T04:00:01.195+0000] {processor.py:830} INFO - Processing file /home/airflow/.local/lib/python3.12/site-packages/airflow/example_dags/example_display_name.py for tasks to queue
[2024-06-30T04:00:01.221+0000] {logging_mixin.py:188} INFO - [2024-06-30T04:00:01.221+0000] {dagbag.py:545} INFO - Filling up the DagBag from /home/airflow/.local/lib/python3.12/site-packages/airflow/example_dags/example_display_name.py
[2024-06-30T04:00:01.261+0000] {processor.py:840} INFO - DAG(s) 'example_display_name' retrieved from /home/airflow/.local/lib/python3.12/site-packages/airflow/example_dags/example_display_name.py
[2024-06-30T04:00:01.423+0000] {logging_mixin.py:188} INFO - [2024-06-30T04:00:01.422+0000] {dag.py:3096} INFO - Sync 1 DAGs
[2024-06-30T04:00:01.643+0000] {logging_mixin.py:188} INFO - [2024-06-30T04:00:01.642+0000] {dag.py:3954} INFO - Setting next_dagrun for example_display_name to None, run_after=None
[2024-06-30T04:00:01.828+0000] {processor.py:183} INFO - Processing /home/airflow/.local/lib/python3.12/site-packages/airflow/example_dags/example_display_name.py took 0.698 seconds
[2024-06-30T04:00:32.586+0000] {processor.py:161} INFO - Started process (PID=1224) to work on /home/airflow/.local/lib/python3.12/site-packages/airflow/example_dags/example_display_name.py
[2024-06-30T04:00:32.594+0000] {processor.py:830} INFO - Processing file /home/airflow/.local/lib/python3.12/site-packages/airflow/example_dags/example_display_name.py for tasks to queue
[2024-06-30T04:00:32.599+0000] {logging_mixin.py:188} INFO - [2024-06-30T04:00:32.599+0000] {dagbag.py:545} INFO - Filling up the DagBag from /home/airflow/.local/lib/python3.12/site-packages/airflow/example_dags/example_display_name.py
[2024-06-30T04:00:32.629+0000] {processor.py:840} INFO - DAG(s) 'example_display_name' retrieved from /home/airflow/.local/lib/python3.12/site-packages/airflow/example_dags/example_display_name.py
[2024-06-30T04:00:32.709+0000] {logging_mixin.py:188} INFO - [2024-06-30T04:00:32.708+0000] {dag.py:3096} INFO - Sync 1 DAGs
[2024-06-30T04:00:32.773+0000] {logging_mixin.py:188} INFO - [2024-06-30T04:00:32.772+0000] {dag.py:3954} INFO - Setting next_dagrun for example_display_name to None, run_after=None
[2024-06-30T04:00:32.947+0000] {processor.py:183} INFO - Processing /home/airflow/.local/lib/python3.12/site-packages/airflow/example_dags/example_display_name.py took 0.386 seconds
[2024-06-30T04:01:04.077+0000] {processor.py:161} INFO - Started process (PID=1289) to work on /home/airflow/.local/lib/python3.12/site-packages/airflow/example_dags/example_display_name.py
[2024-06-30T04:01:04.079+0000] {processor.py:830} INFO - Processing file /home/airflow/.local/lib/python3.12/site-packages/airflow/example_dags/example_display_name.py for tasks to queue
[2024-06-30T04:01:04.088+0000] {logging_mixin.py:188} INFO - [2024-06-30T04:01:04.086+0000] {dagbag.py:545} INFO - Filling up the DagBag from /home/airflow/.local/lib/python3.12/site-packages/airflow/example_dags/example_display_name.py
[2024-06-30T04:01:04.112+0000] {processor.py:840} INFO - DAG(s) 'example_display_name' retrieved from /home/airflow/.local/lib/python3.12/site-packages/airflow/example_dags/example_display_name.py
[2024-06-30T04:01:04.210+0000] {logging_mixin.py:188} INFO - [2024-06-30T04:01:04.210+0000] {dag.py:3096} INFO - Sync 1 DAGs
[2024-06-30T04:01:04.265+0000] {logging_mixin.py:188} INFO - [2024-06-30T04:01:04.264+0000] {dag.py:3954} INFO - Setting next_dagrun for example_display_name to None, run_after=None
[2024-06-30T04:01:04.446+0000] {processor.py:183} INFO - Processing /home/airflow/.local/lib/python3.12/site-packages/airflow/example_dags/example_display_name.py took 0.389 seconds
[2024-06-30T04:01:35.135+0000] {processor.py:161} INFO - Started process (PID=1347) to work on /home/airflow/.local/lib/python3.12/site-packages/airflow/example_dags/example_display_name.py
[2024-06-30T04:01:35.137+0000] {processor.py:830} INFO - Processing file /home/airflow/.local/lib/python3.12/site-packages/airflow/example_dags/example_display_name.py for tasks to queue
[2024-06-30T04:01:35.146+0000] {logging_mixin.py:188} INFO - [2024-06-30T04:01:35.145+0000] {dagbag.py:545} INFO - Filling up the DagBag from /home/airflow/.local/lib/python3.12/site-packages/airflow/example_dags/example_display_name.py
[2024-06-30T04:01:35.153+0000] {processor.py:840} INFO - DAG(s) 'example_display_name' retrieved from /home/airflow/.local/lib/python3.12/site-packages/airflow/example_dags/example_display_name.py
[2024-06-30T04:01:35.216+0000] {logging_mixin.py:188} INFO - [2024-06-30T04:01:35.216+0000] {dag.py:3096} INFO - Sync 1 DAGs
[2024-06-30T04:01:35.247+0000] {logging_mixin.py:188} INFO - [2024-06-30T04:01:35.246+0000] {dag.py:3954} INFO - Setting next_dagrun for example_display_name to None, run_after=None
[2024-06-30T04:01:35.327+0000] {processor.py:183} INFO - Processing /home/airflow/.local/lib/python3.12/site-packages/airflow/example_dags/example_display_name.py took 0.209 seconds
[2024-06-30T04:02:05.719+0000] {processor.py:161} INFO - Started process (PID=1403) to work on /home/airflow/.local/lib/python3.12/site-packages/airflow/example_dags/example_display_name.py
[2024-06-30T04:02:05.728+0000] {processor.py:830} INFO - Processing file /home/airflow/.local/lib/python3.12/site-packages/airflow/example_dags/example_display_name.py for tasks to queue
[2024-06-30T04:02:05.733+0000] {logging_mixin.py:188} INFO - [2024-06-30T04:02:05.732+0000] {dagbag.py:545} INFO - Filling up the DagBag from /home/airflow/.local/lib/python3.12/site-packages/airflow/example_dags/example_display_name.py
[2024-06-30T04:02:05.761+0000] {processor.py:840} INFO - DAG(s) 'example_display_name' retrieved from /home/airflow/.local/lib/python3.12/site-packages/airflow/example_dags/example_display_name.py
[2024-06-30T04:02:05.800+0000] {logging_mixin.py:188} INFO - [2024-06-30T04:02:05.799+0000] {dag.py:3096} INFO - Sync 1 DAGs
[2024-06-30T04:02:05.831+0000] {logging_mixin.py:188} INFO - [2024-06-30T04:02:05.830+0000] {dag.py:3954} INFO - Setting next_dagrun for example_display_name to None, run_after=None
[2024-06-30T04:02:05.943+0000] {processor.py:183} INFO - Processing /home/airflow/.local/lib/python3.12/site-packages/airflow/example_dags/example_display_name.py took 0.250 seconds
[2024-06-30T04:02:36.083+0000] {processor.py:161} INFO - Started process (PID=1461) to work on /home/airflow/.local/lib/python3.12/site-packages/airflow/example_dags/example_display_name.py
[2024-06-30T04:02:36.086+0000] {processor.py:830} INFO - Processing file /home/airflow/.local/lib/python3.12/site-packages/airflow/example_dags/example_display_name.py for tasks to queue
[2024-06-30T04:02:36.094+0000] {logging_mixin.py:188} INFO - [2024-06-30T04:02:36.093+0000] {dagbag.py:545} INFO - Filling up the DagBag from /home/airflow/.local/lib/python3.12/site-packages/airflow/example_dags/example_display_name.py
[2024-06-30T04:02:36.112+0000] {processor.py:840} INFO - DAG(s) 'example_display_name' retrieved from /home/airflow/.local/lib/python3.12/site-packages/airflow/example_dags/example_display_name.py
[2024-06-30T04:02:36.170+0000] {logging_mixin.py:188} INFO - [2024-06-30T04:02:36.169+0000] {dag.py:3096} INFO - Sync 1 DAGs
[2024-06-30T04:02:36.213+0000] {logging_mixin.py:188} INFO - [2024-06-30T04:02:36.213+0000] {dag.py:3954} INFO - Setting next_dagrun for example_display_name to None, run_after=None
[2024-06-30T04:02:36.378+0000] {processor.py:183} INFO - Processing /home/airflow/.local/lib/python3.12/site-packages/airflow/example_dags/example_display_name.py took 0.311 seconds
[2024-06-30T04:03:08.336+0000] {processor.py:161} INFO - Started process (PID=1519) to work on /home/airflow/.local/lib/python3.12/site-packages/airflow/example_dags/example_display_name.py
[2024-06-30T04:03:08.380+0000] {processor.py:830} INFO - Processing file /home/airflow/.local/lib/python3.12/site-packages/airflow/example_dags/example_display_name.py for tasks to queue
[2024-06-30T04:03:08.397+0000] {logging_mixin.py:188} INFO - [2024-06-30T04:03:08.396+0000] {dagbag.py:545} INFO - Filling up the DagBag from /home/airflow/.local/lib/python3.12/site-packages/airflow/example_dags/example_display_name.py
[2024-06-30T04:03:08.476+0000] {processor.py:840} INFO - DAG(s) 'example_display_name' retrieved from /home/airflow/.local/lib/python3.12/site-packages/airflow/example_dags/example_display_name.py
[2024-06-30T04:03:08.810+0000] {logging_mixin.py:188} INFO - [2024-06-30T04:03:08.810+0000] {dag.py:3096} INFO - Sync 1 DAGs
[2024-06-30T04:03:08.991+0000] {logging_mixin.py:188} INFO - [2024-06-30T04:03:08.990+0000] {dag.py:3954} INFO - Setting next_dagrun for example_display_name to None, run_after=None
[2024-06-30T04:03:09.166+0000] {processor.py:183} INFO - Processing /home/airflow/.local/lib/python3.12/site-packages/airflow/example_dags/example_display_name.py took 0.912 seconds
[2024-06-30T04:03:39.709+0000] {processor.py:161} INFO - Started process (PID=1577) to work on /home/airflow/.local/lib/python3.12/site-packages/airflow/example_dags/example_display_name.py
[2024-06-30T04:03:39.717+0000] {processor.py:830} INFO - Processing file /home/airflow/.local/lib/python3.12/site-packages/airflow/example_dags/example_display_name.py for tasks to queue
[2024-06-30T04:03:39.722+0000] {logging_mixin.py:188} INFO - [2024-06-30T04:03:39.722+0000] {dagbag.py:545} INFO - Filling up the DagBag from /home/airflow/.local/lib/python3.12/site-packages/airflow/example_dags/example_display_name.py
[2024-06-30T04:03:39.733+0000] {processor.py:840} INFO - DAG(s) 'example_display_name' retrieved from /home/airflow/.local/lib/python3.12/site-packages/airflow/example_dags/example_display_name.py
[2024-06-30T04:03:39.791+0000] {logging_mixin.py:188} INFO - [2024-06-30T04:03:39.789+0000] {dag.py:3096} INFO - Sync 1 DAGs
[2024-06-30T04:03:39.822+0000] {logging_mixin.py:188} INFO - [2024-06-30T04:03:39.822+0000] {dag.py:3954} INFO - Setting next_dagrun for example_display_name to None, run_after=None
[2024-06-30T04:03:39.950+0000] {processor.py:183} INFO - Processing /home/airflow/.local/lib/python3.12/site-packages/airflow/example_dags/example_display_name.py took 0.260 seconds
[2024-06-30T04:04:10.447+0000] {processor.py:161} INFO - Started process (PID=1635) to work on /home/airflow/.local/lib/python3.12/site-packages/airflow/example_dags/example_display_name.py
[2024-06-30T04:04:10.454+0000] {processor.py:830} INFO - Processing file /home/airflow/.local/lib/python3.12/site-packages/airflow/example_dags/example_display_name.py for tasks to queue
[2024-06-30T04:04:10.460+0000] {logging_mixin.py:188} INFO - [2024-06-30T04:04:10.459+0000] {dagbag.py:545} INFO - Filling up the DagBag from /home/airflow/.local/lib/python3.12/site-packages/airflow/example_dags/example_display_name.py
[2024-06-30T04:04:10.479+0000] {processor.py:840} INFO - DAG(s) 'example_display_name' retrieved from /home/airflow/.local/lib/python3.12/site-packages/airflow/example_dags/example_display_name.py
[2024-06-30T04:04:10.545+0000] {logging_mixin.py:188} INFO - [2024-06-30T04:04:10.545+0000] {dag.py:3096} INFO - Sync 1 DAGs
[2024-06-30T04:04:10.589+0000] {logging_mixin.py:188} INFO - [2024-06-30T04:04:10.589+0000] {dag.py:3954} INFO - Setting next_dagrun for example_display_name to None, run_after=None
[2024-06-30T04:04:10.632+0000] {processor.py:183} INFO - Processing /home/airflow/.local/lib/python3.12/site-packages/airflow/example_dags/example_display_name.py took 0.204 seconds
[2024-06-30T04:04:41.179+0000] {processor.py:161} INFO - Started process (PID=1699) to work on /home/airflow/.local/lib/python3.12/site-packages/airflow/example_dags/example_display_name.py
[2024-06-30T04:04:41.197+0000] {processor.py:830} INFO - Processing file /home/airflow/.local/lib/python3.12/site-packages/airflow/example_dags/example_display_name.py for tasks to queue
[2024-06-30T04:04:41.298+0000] {logging_mixin.py:188} INFO - [2024-06-30T04:04:41.296+0000] {dagbag.py:545} INFO - Filling up the DagBag from /home/airflow/.local/lib/python3.12/site-packages/airflow/example_dags/example_display_name.py
[2024-06-30T04:04:41.413+0000] {processor.py:840} INFO - DAG(s) 'example_display_name' retrieved from /home/airflow/.local/lib/python3.12/site-packages/airflow/example_dags/example_display_name.py
[2024-06-30T04:04:41.550+0000] {logging_mixin.py:188} INFO - [2024-06-30T04:04:41.547+0000] {dag.py:3096} INFO - Sync 1 DAGs
[2024-06-30T04:04:41.658+0000] {logging_mixin.py:188} INFO - [2024-06-30T04:04:41.657+0000] {dag.py:3954} INFO - Setting next_dagrun for example_display_name to None, run_after=None
[2024-06-30T04:04:41.805+0000] {processor.py:183} INFO - Processing /home/airflow/.local/lib/python3.12/site-packages/airflow/example_dags/example_display_name.py took 0.692 seconds
[2024-06-30T04:05:12.818+0000] {processor.py:161} INFO - Started process (PID=1756) to work on /home/airflow/.local/lib/python3.12/site-packages/airflow/example_dags/example_display_name.py
[2024-06-30T04:05:12.821+0000] {processor.py:830} INFO - Processing file /home/airflow/.local/lib/python3.12/site-packages/airflow/example_dags/example_display_name.py for tasks to queue
[2024-06-30T04:05:12.845+0000] {logging_mixin.py:188} INFO - [2024-06-30T04:05:12.844+0000] {dagbag.py:545} INFO - Filling up the DagBag from /home/airflow/.local/lib/python3.12/site-packages/airflow/example_dags/example_display_name.py
[2024-06-30T04:05:12.869+0000] {processor.py:840} INFO - DAG(s) 'example_display_name' retrieved from /home/airflow/.local/lib/python3.12/site-packages/airflow/example_dags/example_display_name.py
[2024-06-30T04:05:12.975+0000] {logging_mixin.py:188} INFO - [2024-06-30T04:05:12.974+0000] {dag.py:3096} INFO - Sync 1 DAGs
[2024-06-30T04:05:13.039+0000] {logging_mixin.py:188} INFO - [2024-06-30T04:05:13.037+0000] {dag.py:3954} INFO - Setting next_dagrun for example_display_name to None, run_after=None
[2024-06-30T04:05:13.119+0000] {processor.py:183} INFO - Processing /home/airflow/.local/lib/python3.12/site-packages/airflow/example_dags/example_display_name.py took 0.318 seconds
[2024-06-30T04:05:46.327+0000] {processor.py:161} INFO - Started process (PID=1814) to work on /home/airflow/.local/lib/python3.12/site-packages/airflow/example_dags/example_display_name.py
[2024-06-30T04:05:46.331+0000] {processor.py:830} INFO - Processing file /home/airflow/.local/lib/python3.12/site-packages/airflow/example_dags/example_display_name.py for tasks to queue
[2024-06-30T04:05:46.334+0000] {logging_mixin.py:188} INFO - [2024-06-30T04:05:46.334+0000] {dagbag.py:545} INFO - Filling up the DagBag from /home/airflow/.local/lib/python3.12/site-packages/airflow/example_dags/example_display_name.py
[2024-06-30T04:05:46.356+0000] {processor.py:840} INFO - DAG(s) 'example_display_name' retrieved from /home/airflow/.local/lib/python3.12/site-packages/airflow/example_dags/example_display_name.py
[2024-06-30T04:05:46.435+0000] {logging_mixin.py:188} INFO - [2024-06-30T04:05:46.435+0000] {dag.py:3096} INFO - Sync 1 DAGs
[2024-06-30T04:05:46.848+0000] {logging_mixin.py:188} INFO - [2024-06-30T04:05:46.848+0000] {dag.py:3954} INFO - Setting next_dagrun for example_display_name to None, run_after=None
[2024-06-30T04:05:46.958+0000] {processor.py:183} INFO - Processing /home/airflow/.local/lib/python3.12/site-packages/airflow/example_dags/example_display_name.py took 0.654 seconds
[2024-06-30T04:06:17.471+0000] {processor.py:161} INFO - Started process (PID=1872) to work on /home/airflow/.local/lib/python3.12/site-packages/airflow/example_dags/example_display_name.py
[2024-06-30T04:06:17.473+0000] {processor.py:830} INFO - Processing file /home/airflow/.local/lib/python3.12/site-packages/airflow/example_dags/example_display_name.py for tasks to queue
[2024-06-30T04:06:17.482+0000] {logging_mixin.py:188} INFO - [2024-06-30T04:06:17.481+0000] {dagbag.py:545} INFO - Filling up the DagBag from /home/airflow/.local/lib/python3.12/site-packages/airflow/example_dags/example_display_name.py
[2024-06-30T04:06:17.501+0000] {processor.py:840} INFO - DAG(s) 'example_display_name' retrieved from /home/airflow/.local/lib/python3.12/site-packages/airflow/example_dags/example_display_name.py
[2024-06-30T04:06:17.555+0000] {logging_mixin.py:188} INFO - [2024-06-30T04:06:17.554+0000] {dag.py:3096} INFO - Sync 1 DAGs
[2024-06-30T04:06:17.585+0000] {logging_mixin.py:188} INFO - [2024-06-30T04:06:17.585+0000] {dag.py:3954} INFO - Setting next_dagrun for example_display_name to None, run_after=None
[2024-06-30T04:06:18.019+0000] {processor.py:183} INFO - Processing /home/airflow/.local/lib/python3.12/site-packages/airflow/example_dags/example_display_name.py took 0.566 seconds
[2024-06-30T04:06:48.138+0000] {processor.py:161} INFO - Started process (PID=1931) to work on /home/airflow/.local/lib/python3.12/site-packages/airflow/example_dags/example_display_name.py
[2024-06-30T04:06:48.139+0000] {processor.py:830} INFO - Processing file /home/airflow/.local/lib/python3.12/site-packages/airflow/example_dags/example_display_name.py for tasks to queue
[2024-06-30T04:06:48.142+0000] {logging_mixin.py:188} INFO - [2024-06-30T04:06:48.142+0000] {dagbag.py:545} INFO - Filling up the DagBag from /home/airflow/.local/lib/python3.12/site-packages/airflow/example_dags/example_display_name.py
[2024-06-30T04:06:48.156+0000] {processor.py:840} INFO - DAG(s) 'example_display_name' retrieved from /home/airflow/.local/lib/python3.12/site-packages/airflow/example_dags/example_display_name.py
[2024-06-30T04:06:48.231+0000] {logging_mixin.py:188} INFO - [2024-06-30T04:06:48.230+0000] {dag.py:3096} INFO - Sync 1 DAGs
[2024-06-30T04:06:48.299+0000] {logging_mixin.py:188} INFO - [2024-06-30T04:06:48.293+0000] {dag.py:3954} INFO - Setting next_dagrun for example_display_name to None, run_after=None
[2024-06-30T04:06:48.358+0000] {processor.py:183} INFO - Processing /home/airflow/.local/lib/python3.12/site-packages/airflow/example_dags/example_display_name.py took 0.240 seconds
[2024-06-30T04:07:19.088+0000] {processor.py:161} INFO - Started process (PID=1989) to work on /home/airflow/.local/lib/python3.12/site-packages/airflow/example_dags/example_display_name.py
[2024-06-30T04:07:19.092+0000] {processor.py:830} INFO - Processing file /home/airflow/.local/lib/python3.12/site-packages/airflow/example_dags/example_display_name.py for tasks to queue
[2024-06-30T04:07:19.095+0000] {logging_mixin.py:188} INFO - [2024-06-30T04:07:19.095+0000] {dagbag.py:545} INFO - Filling up the DagBag from /home/airflow/.local/lib/python3.12/site-packages/airflow/example_dags/example_display_name.py
[2024-06-30T04:07:19.114+0000] {processor.py:840} INFO - DAG(s) 'example_display_name' retrieved from /home/airflow/.local/lib/python3.12/site-packages/airflow/example_dags/example_display_name.py
[2024-06-30T04:07:19.178+0000] {logging_mixin.py:188} INFO - [2024-06-30T04:07:19.178+0000] {dag.py:3096} INFO - Sync 1 DAGs
[2024-06-30T04:07:19.220+0000] {logging_mixin.py:188} INFO - [2024-06-30T04:07:19.219+0000] {dag.py:3954} INFO - Setting next_dagrun for example_display_name to None, run_after=None
[2024-06-30T04:07:19.292+0000] {processor.py:183} INFO - Processing /home/airflow/.local/lib/python3.12/site-packages/airflow/example_dags/example_display_name.py took 0.229 seconds
[2024-06-30T04:07:50.340+0000] {processor.py:161} INFO - Started process (PID=2047) to work on /home/airflow/.local/lib/python3.12/site-packages/airflow/example_dags/example_display_name.py
[2024-06-30T04:07:50.344+0000] {processor.py:830} INFO - Processing file /home/airflow/.local/lib/python3.12/site-packages/airflow/example_dags/example_display_name.py for tasks to queue
[2024-06-30T04:07:50.348+0000] {logging_mixin.py:188} INFO - [2024-06-30T04:07:50.347+0000] {dagbag.py:545} INFO - Filling up the DagBag from /home/airflow/.local/lib/python3.12/site-packages/airflow/example_dags/example_display_name.py
[2024-06-30T04:07:50.378+0000] {processor.py:840} INFO - DAG(s) 'example_display_name' retrieved from /home/airflow/.local/lib/python3.12/site-packages/airflow/example_dags/example_display_name.py
[2024-06-30T04:07:50.481+0000] {logging_mixin.py:188} INFO - [2024-06-30T04:07:50.479+0000] {dag.py:3096} INFO - Sync 1 DAGs
[2024-06-30T04:07:50.567+0000] {logging_mixin.py:188} INFO - [2024-06-30T04:07:50.566+0000] {dag.py:3954} INFO - Setting next_dagrun for example_display_name to None, run_after=None
[2024-06-30T04:07:50.729+0000] {processor.py:183} INFO - Processing /home/airflow/.local/lib/python3.12/site-packages/airflow/example_dags/example_display_name.py took 0.413 seconds
[2024-06-30T04:08:20.989+0000] {processor.py:161} INFO - Started process (PID=2105) to work on /home/airflow/.local/lib/python3.12/site-packages/airflow/example_dags/example_display_name.py
[2024-06-30T04:08:20.995+0000] {processor.py:830} INFO - Processing file /home/airflow/.local/lib/python3.12/site-packages/airflow/example_dags/example_display_name.py for tasks to queue
[2024-06-30T04:08:21.017+0000] {logging_mixin.py:188} INFO - [2024-06-30T04:08:21.006+0000] {dagbag.py:545} INFO - Filling up the DagBag from /home/airflow/.local/lib/python3.12/site-packages/airflow/example_dags/example_display_name.py
[2024-06-30T04:08:21.040+0000] {processor.py:840} INFO - DAG(s) 'example_display_name' retrieved from /home/airflow/.local/lib/python3.12/site-packages/airflow/example_dags/example_display_name.py
[2024-06-30T04:08:21.105+0000] {logging_mixin.py:188} INFO - [2024-06-30T04:08:21.105+0000] {dag.py:3096} INFO - Sync 1 DAGs
[2024-06-30T04:08:21.158+0000] {logging_mixin.py:188} INFO - [2024-06-30T04:08:21.158+0000] {dag.py:3954} INFO - Setting next_dagrun for example_display_name to None, run_after=None
[2024-06-30T04:08:21.281+0000] {processor.py:183} INFO - Processing /home/airflow/.local/lib/python3.12/site-packages/airflow/example_dags/example_display_name.py took 0.311 seconds
[2024-06-30T04:08:53.507+0000] {processor.py:161} INFO - Started process (PID=2163) to work on /home/airflow/.local/lib/python3.12/site-packages/airflow/example_dags/example_display_name.py
[2024-06-30T04:08:53.509+0000] {processor.py:830} INFO - Processing file /home/airflow/.local/lib/python3.12/site-packages/airflow/example_dags/example_display_name.py for tasks to queue
[2024-06-30T04:08:53.512+0000] {logging_mixin.py:188} INFO - [2024-06-30T04:08:53.512+0000] {dagbag.py:545} INFO - Filling up the DagBag from /home/airflow/.local/lib/python3.12/site-packages/airflow/example_dags/example_display_name.py
[2024-06-30T04:08:53.523+0000] {processor.py:840} INFO - DAG(s) 'example_display_name' retrieved from /home/airflow/.local/lib/python3.12/site-packages/airflow/example_dags/example_display_name.py
[2024-06-30T04:08:53.576+0000] {logging_mixin.py:188} INFO - [2024-06-30T04:08:53.575+0000] {dag.py:3096} INFO - Sync 1 DAGs
[2024-06-30T04:08:53.610+0000] {logging_mixin.py:188} INFO - [2024-06-30T04:08:53.609+0000] {dag.py:3954} INFO - Setting next_dagrun for example_display_name to None, run_after=None
[2024-06-30T04:08:53.661+0000] {processor.py:183} INFO - Processing /home/airflow/.local/lib/python3.12/site-packages/airflow/example_dags/example_display_name.py took 0.167 seconds
[2024-06-30T04:09:27.140+0000] {processor.py:161} INFO - Started process (PID=2221) to work on /home/airflow/.local/lib/python3.12/site-packages/airflow/example_dags/example_display_name.py
[2024-06-30T04:09:27.142+0000] {processor.py:830} INFO - Processing file /home/airflow/.local/lib/python3.12/site-packages/airflow/example_dags/example_display_name.py for tasks to queue
[2024-06-30T04:09:27.153+0000] {logging_mixin.py:188} INFO - [2024-06-30T04:09:27.152+0000] {dagbag.py:545} INFO - Filling up the DagBag from /home/airflow/.local/lib/python3.12/site-packages/airflow/example_dags/example_display_name.py
[2024-06-30T04:09:27.185+0000] {processor.py:840} INFO - DAG(s) 'example_display_name' retrieved from /home/airflow/.local/lib/python3.12/site-packages/airflow/example_dags/example_display_name.py
[2024-06-30T04:09:27.275+0000] {logging_mixin.py:188} INFO - [2024-06-30T04:09:27.275+0000] {dag.py:3096} INFO - Sync 1 DAGs
[2024-06-30T04:09:27.333+0000] {logging_mixin.py:188} INFO - [2024-06-30T04:09:27.333+0000] {dag.py:3954} INFO - Setting next_dagrun for example_display_name to None, run_after=None
[2024-06-30T04:09:27.438+0000] {processor.py:183} INFO - Processing /home/airflow/.local/lib/python3.12/site-packages/airflow/example_dags/example_display_name.py took 0.329 seconds
[2024-06-30T04:09:57.876+0000] {processor.py:161} INFO - Started process (PID=2280) to work on /home/airflow/.local/lib/python3.12/site-packages/airflow/example_dags/example_display_name.py
[2024-06-30T04:09:57.878+0000] {processor.py:830} INFO - Processing file /home/airflow/.local/lib/python3.12/site-packages/airflow/example_dags/example_display_name.py for tasks to queue
[2024-06-30T04:09:57.881+0000] {logging_mixin.py:188} INFO - [2024-06-30T04:09:57.880+0000] {dagbag.py:545} INFO - Filling up the DagBag from /home/airflow/.local/lib/python3.12/site-packages/airflow/example_dags/example_display_name.py
[2024-06-30T04:09:57.889+0000] {processor.py:840} INFO - DAG(s) 'example_display_name' retrieved from /home/airflow/.local/lib/python3.12/site-packages/airflow/example_dags/example_display_name.py
[2024-06-30T04:09:57.922+0000] {logging_mixin.py:188} INFO - [2024-06-30T04:09:57.922+0000] {dag.py:3096} INFO - Sync 1 DAGs
[2024-06-30T04:09:57.944+0000] {logging_mixin.py:188} INFO - [2024-06-30T04:09:57.944+0000] {dag.py:3954} INFO - Setting next_dagrun for example_display_name to None, run_after=None
[2024-06-30T04:09:57.981+0000] {processor.py:183} INFO - Processing /home/airflow/.local/lib/python3.12/site-packages/airflow/example_dags/example_display_name.py took 0.119 seconds
[2024-06-30T04:10:28.273+0000] {processor.py:161} INFO - Started process (PID=2338) to work on /home/airflow/.local/lib/python3.12/site-packages/airflow/example_dags/example_display_name.py
[2024-06-30T04:10:28.275+0000] {processor.py:830} INFO - Processing file /home/airflow/.local/lib/python3.12/site-packages/airflow/example_dags/example_display_name.py for tasks to queue
[2024-06-30T04:10:28.278+0000] {logging_mixin.py:188} INFO - [2024-06-30T04:10:28.277+0000] {dagbag.py:545} INFO - Filling up the DagBag from /home/airflow/.local/lib/python3.12/site-packages/airflow/example_dags/example_display_name.py
[2024-06-30T04:10:28.288+0000] {processor.py:840} INFO - DAG(s) 'example_display_name' retrieved from /home/airflow/.local/lib/python3.12/site-packages/airflow/example_dags/example_display_name.py
[2024-06-30T04:10:28.328+0000] {logging_mixin.py:188} INFO - [2024-06-30T04:10:28.328+0000] {dag.py:3096} INFO - Sync 1 DAGs
[2024-06-30T04:10:28.356+0000] {logging_mixin.py:188} INFO - [2024-06-30T04:10:28.355+0000] {dag.py:3954} INFO - Setting next_dagrun for example_display_name to None, run_after=None
[2024-06-30T04:10:28.410+0000] {processor.py:183} INFO - Processing /home/airflow/.local/lib/python3.12/site-packages/airflow/example_dags/example_display_name.py took 0.155 seconds
[2024-06-30T04:10:58.823+0000] {processor.py:161} INFO - Started process (PID=2395) to work on /home/airflow/.local/lib/python3.12/site-packages/airflow/example_dags/example_display_name.py
[2024-06-30T04:10:58.825+0000] {processor.py:830} INFO - Processing file /home/airflow/.local/lib/python3.12/site-packages/airflow/example_dags/example_display_name.py for tasks to queue
[2024-06-30T04:10:58.828+0000] {logging_mixin.py:188} INFO - [2024-06-30T04:10:58.827+0000] {dagbag.py:545} INFO - Filling up the DagBag from /home/airflow/.local/lib/python3.12/site-packages/airflow/example_dags/example_display_name.py
[2024-06-30T04:10:58.843+0000] {processor.py:840} INFO - DAG(s) 'example_display_name' retrieved from /home/airflow/.local/lib/python3.12/site-packages/airflow/example_dags/example_display_name.py
[2024-06-30T04:10:58.905+0000] {logging_mixin.py:188} INFO - [2024-06-30T04:10:58.904+0000] {dag.py:3096} INFO - Sync 1 DAGs
[2024-06-30T04:10:58.958+0000] {logging_mixin.py:188} INFO - [2024-06-30T04:10:58.957+0000] {dag.py:3954} INFO - Setting next_dagrun for example_display_name to None, run_after=None
[2024-06-30T04:10:59.084+0000] {processor.py:183} INFO - Processing /home/airflow/.local/lib/python3.12/site-packages/airflow/example_dags/example_display_name.py took 0.281 seconds
[2024-06-30T04:11:29.624+0000] {processor.py:161} INFO - Started process (PID=2453) to work on /home/airflow/.local/lib/python3.12/site-packages/airflow/example_dags/example_display_name.py
[2024-06-30T04:11:29.626+0000] {processor.py:830} INFO - Processing file /home/airflow/.local/lib/python3.12/site-packages/airflow/example_dags/example_display_name.py for tasks to queue
[2024-06-30T04:11:29.628+0000] {logging_mixin.py:188} INFO - [2024-06-30T04:11:29.628+0000] {dagbag.py:545} INFO - Filling up the DagBag from /home/airflow/.local/lib/python3.12/site-packages/airflow/example_dags/example_display_name.py
[2024-06-30T04:11:29.637+0000] {processor.py:840} INFO - DAG(s) 'example_display_name' retrieved from /home/airflow/.local/lib/python3.12/site-packages/airflow/example_dags/example_display_name.py
[2024-06-30T04:11:29.672+0000] {logging_mixin.py:188} INFO - [2024-06-30T04:11:29.671+0000] {dag.py:3096} INFO - Sync 1 DAGs
[2024-06-30T04:11:29.694+0000] {logging_mixin.py:188} INFO - [2024-06-30T04:11:29.694+0000] {dag.py:3954} INFO - Setting next_dagrun for example_display_name to None, run_after=None
[2024-06-30T04:11:29.737+0000] {processor.py:183} INFO - Processing /home/airflow/.local/lib/python3.12/site-packages/airflow/example_dags/example_display_name.py took 0.121 seconds
[2024-06-30T04:11:59.983+0000] {processor.py:161} INFO - Started process (PID=2510) to work on /home/airflow/.local/lib/python3.12/site-packages/airflow/example_dags/example_display_name.py
[2024-06-30T04:11:59.984+0000] {processor.py:830} INFO - Processing file /home/airflow/.local/lib/python3.12/site-packages/airflow/example_dags/example_display_name.py for tasks to queue
[2024-06-30T04:11:59.987+0000] {logging_mixin.py:188} INFO - [2024-06-30T04:11:59.987+0000] {dagbag.py:545} INFO - Filling up the DagBag from /home/airflow/.local/lib/python3.12/site-packages/airflow/example_dags/example_display_name.py
[2024-06-30T04:11:59.996+0000] {processor.py:840} INFO - DAG(s) 'example_display_name' retrieved from /home/airflow/.local/lib/python3.12/site-packages/airflow/example_dags/example_display_name.py
[2024-06-30T04:12:00.048+0000] {logging_mixin.py:188} INFO - [2024-06-30T04:12:00.047+0000] {dag.py:3096} INFO - Sync 1 DAGs
[2024-06-30T04:12:00.073+0000] {logging_mixin.py:188} INFO - [2024-06-30T04:12:00.072+0000] {dag.py:3954} INFO - Setting next_dagrun for example_display_name to None, run_after=None
[2024-06-30T04:12:00.107+0000] {processor.py:183} INFO - Processing /home/airflow/.local/lib/python3.12/site-packages/airflow/example_dags/example_display_name.py took 0.134 seconds
[2024-06-30T04:12:30.365+0000] {processor.py:161} INFO - Started process (PID=2568) to work on /home/airflow/.local/lib/python3.12/site-packages/airflow/example_dags/example_display_name.py
[2024-06-30T04:12:30.367+0000] {processor.py:830} INFO - Processing file /home/airflow/.local/lib/python3.12/site-packages/airflow/example_dags/example_display_name.py for tasks to queue
[2024-06-30T04:12:30.369+0000] {logging_mixin.py:188} INFO - [2024-06-30T04:12:30.369+0000] {dagbag.py:545} INFO - Filling up the DagBag from /home/airflow/.local/lib/python3.12/site-packages/airflow/example_dags/example_display_name.py
[2024-06-30T04:12:30.378+0000] {processor.py:840} INFO - DAG(s) 'example_display_name' retrieved from /home/airflow/.local/lib/python3.12/site-packages/airflow/example_dags/example_display_name.py
[2024-06-30T04:12:30.410+0000] {logging_mixin.py:188} INFO - [2024-06-30T04:12:30.410+0000] {dag.py:3096} INFO - Sync 1 DAGs
[2024-06-30T04:12:30.453+0000] {logging_mixin.py:188} INFO - [2024-06-30T04:12:30.453+0000] {dag.py:3954} INFO - Setting next_dagrun for example_display_name to None, run_after=None
[2024-06-30T04:12:30.500+0000] {processor.py:183} INFO - Processing /home/airflow/.local/lib/python3.12/site-packages/airflow/example_dags/example_display_name.py took 0.145 seconds
[2024-06-30T04:13:01.279+0000] {processor.py:161} INFO - Started process (PID=2626) to work on /home/airflow/.local/lib/python3.12/site-packages/airflow/example_dags/example_display_name.py
[2024-06-30T04:13:01.281+0000] {processor.py:830} INFO - Processing file /home/airflow/.local/lib/python3.12/site-packages/airflow/example_dags/example_display_name.py for tasks to queue
[2024-06-30T04:13:01.285+0000] {logging_mixin.py:188} INFO - [2024-06-30T04:13:01.285+0000] {dagbag.py:545} INFO - Filling up the DagBag from /home/airflow/.local/lib/python3.12/site-packages/airflow/example_dags/example_display_name.py
[2024-06-30T04:13:01.301+0000] {processor.py:840} INFO - DAG(s) 'example_display_name' retrieved from /home/airflow/.local/lib/python3.12/site-packages/airflow/example_dags/example_display_name.py
[2024-06-30T04:13:01.391+0000] {logging_mixin.py:188} INFO - [2024-06-30T04:13:01.390+0000] {dag.py:3096} INFO - Sync 1 DAGs
[2024-06-30T04:13:01.438+0000] {logging_mixin.py:188} INFO - [2024-06-30T04:13:01.437+0000] {dag.py:3954} INFO - Setting next_dagrun for example_display_name to None, run_after=None
[2024-06-30T04:13:01.489+0000] {processor.py:183} INFO - Processing /home/airflow/.local/lib/python3.12/site-packages/airflow/example_dags/example_display_name.py took 0.224 seconds
[2024-06-30T04:13:31.619+0000] {processor.py:161} INFO - Started process (PID=2684) to work on /home/airflow/.local/lib/python3.12/site-packages/airflow/example_dags/example_display_name.py
[2024-06-30T04:13:31.628+0000] {processor.py:830} INFO - Processing file /home/airflow/.local/lib/python3.12/site-packages/airflow/example_dags/example_display_name.py for tasks to queue
[2024-06-30T04:13:31.632+0000] {logging_mixin.py:188} INFO - [2024-06-30T04:13:31.631+0000] {dagbag.py:545} INFO - Filling up the DagBag from /home/airflow/.local/lib/python3.12/site-packages/airflow/example_dags/example_display_name.py
[2024-06-30T04:13:31.646+0000] {processor.py:840} INFO - DAG(s) 'example_display_name' retrieved from /home/airflow/.local/lib/python3.12/site-packages/airflow/example_dags/example_display_name.py
[2024-06-30T04:13:31.704+0000] {logging_mixin.py:188} INFO - [2024-06-30T04:13:31.704+0000] {dag.py:3096} INFO - Sync 1 DAGs
[2024-06-30T04:13:31.742+0000] {logging_mixin.py:188} INFO - [2024-06-30T04:13:31.741+0000] {dag.py:3954} INFO - Setting next_dagrun for example_display_name to None, run_after=None
[2024-06-30T04:13:31.818+0000] {processor.py:183} INFO - Processing /home/airflow/.local/lib/python3.12/site-packages/airflow/example_dags/example_display_name.py took 0.215 seconds
[2024-06-30T04:14:02.110+0000] {processor.py:161} INFO - Started process (PID=2744) to work on /home/airflow/.local/lib/python3.12/site-packages/airflow/example_dags/example_display_name.py
[2024-06-30T04:14:02.112+0000] {processor.py:830} INFO - Processing file /home/airflow/.local/lib/python3.12/site-packages/airflow/example_dags/example_display_name.py for tasks to queue
[2024-06-30T04:14:02.116+0000] {logging_mixin.py:188} INFO - [2024-06-30T04:14:02.115+0000] {dagbag.py:545} INFO - Filling up the DagBag from /home/airflow/.local/lib/python3.12/site-packages/airflow/example_dags/example_display_name.py
[2024-06-30T04:14:02.124+0000] {processor.py:840} INFO - DAG(s) 'example_display_name' retrieved from /home/airflow/.local/lib/python3.12/site-packages/airflow/example_dags/example_display_name.py
[2024-06-30T04:14:02.157+0000] {logging_mixin.py:188} INFO - [2024-06-30T04:14:02.156+0000] {dag.py:3096} INFO - Sync 1 DAGs
[2024-06-30T04:14:02.182+0000] {logging_mixin.py:188} INFO - [2024-06-30T04:14:02.182+0000] {dag.py:3954} INFO - Setting next_dagrun for example_display_name to None, run_after=None
[2024-06-30T04:14:02.218+0000] {processor.py:183} INFO - Processing /home/airflow/.local/lib/python3.12/site-packages/airflow/example_dags/example_display_name.py took 0.119 seconds
[2024-06-30T04:14:33.023+0000] {processor.py:161} INFO - Started process (PID=2802) to work on /home/airflow/.local/lib/python3.12/site-packages/airflow/example_dags/example_display_name.py
[2024-06-30T04:14:33.024+0000] {processor.py:830} INFO - Processing file /home/airflow/.local/lib/python3.12/site-packages/airflow/example_dags/example_display_name.py for tasks to queue
[2024-06-30T04:14:33.028+0000] {logging_mixin.py:188} INFO - [2024-06-30T04:14:33.027+0000] {dagbag.py:545} INFO - Filling up the DagBag from /home/airflow/.local/lib/python3.12/site-packages/airflow/example_dags/example_display_name.py
[2024-06-30T04:14:33.040+0000] {processor.py:840} INFO - DAG(s) 'example_display_name' retrieved from /home/airflow/.local/lib/python3.12/site-packages/airflow/example_dags/example_display_name.py
[2024-06-30T04:14:33.103+0000] {logging_mixin.py:188} INFO - [2024-06-30T04:14:33.102+0000] {dag.py:3096} INFO - Sync 1 DAGs
[2024-06-30T04:14:33.139+0000] {logging_mixin.py:188} INFO - [2024-06-30T04:14:33.139+0000] {dag.py:3954} INFO - Setting next_dagrun for example_display_name to None, run_after=None
[2024-06-30T04:14:33.202+0000] {processor.py:183} INFO - Processing /home/airflow/.local/lib/python3.12/site-packages/airflow/example_dags/example_display_name.py took 0.193 seconds
[2024-06-30T04:15:04.021+0000] {processor.py:161} INFO - Started process (PID=2860) to work on /home/airflow/.local/lib/python3.12/site-packages/airflow/example_dags/example_display_name.py
[2024-06-30T04:15:04.022+0000] {processor.py:830} INFO - Processing file /home/airflow/.local/lib/python3.12/site-packages/airflow/example_dags/example_display_name.py for tasks to queue
[2024-06-30T04:15:04.026+0000] {logging_mixin.py:188} INFO - [2024-06-30T04:15:04.025+0000] {dagbag.py:545} INFO - Filling up the DagBag from /home/airflow/.local/lib/python3.12/site-packages/airflow/example_dags/example_display_name.py
[2024-06-30T04:15:04.035+0000] {processor.py:840} INFO - DAG(s) 'example_display_name' retrieved from /home/airflow/.local/lib/python3.12/site-packages/airflow/example_dags/example_display_name.py
[2024-06-30T04:15:04.076+0000] {logging_mixin.py:188} INFO - [2024-06-30T04:15:04.074+0000] {dag.py:3096} INFO - Sync 1 DAGs
[2024-06-30T04:15:04.105+0000] {logging_mixin.py:188} INFO - [2024-06-30T04:15:04.105+0000] {dag.py:3954} INFO - Setting next_dagrun for example_display_name to None, run_after=None
[2024-06-30T04:15:04.151+0000] {processor.py:183} INFO - Processing /home/airflow/.local/lib/python3.12/site-packages/airflow/example_dags/example_display_name.py took 0.146 seconds
[2024-06-30T04:15:34.279+0000] {processor.py:161} INFO - Started process (PID=2918) to work on /home/airflow/.local/lib/python3.12/site-packages/airflow/example_dags/example_display_name.py
[2024-06-30T04:15:34.281+0000] {processor.py:830} INFO - Processing file /home/airflow/.local/lib/python3.12/site-packages/airflow/example_dags/example_display_name.py for tasks to queue
[2024-06-30T04:15:34.284+0000] {logging_mixin.py:188} INFO - [2024-06-30T04:15:34.283+0000] {dagbag.py:545} INFO - Filling up the DagBag from /home/airflow/.local/lib/python3.12/site-packages/airflow/example_dags/example_display_name.py
[2024-06-30T04:15:34.314+0000] {processor.py:840} INFO - DAG(s) 'example_display_name' retrieved from /home/airflow/.local/lib/python3.12/site-packages/airflow/example_dags/example_display_name.py
[2024-06-30T04:15:34.413+0000] {logging_mixin.py:188} INFO - [2024-06-30T04:15:34.412+0000] {dag.py:3096} INFO - Sync 1 DAGs
[2024-06-30T04:15:34.466+0000] {logging_mixin.py:188} INFO - [2024-06-30T04:15:34.466+0000] {dag.py:3954} INFO - Setting next_dagrun for example_display_name to None, run_after=None
[2024-06-30T04:15:34.505+0000] {processor.py:183} INFO - Processing /home/airflow/.local/lib/python3.12/site-packages/airflow/example_dags/example_display_name.py took 0.240 seconds
[2024-06-30T04:16:04.786+0000] {processor.py:161} INFO - Started process (PID=2976) to work on /home/airflow/.local/lib/python3.12/site-packages/airflow/example_dags/example_display_name.py
[2024-06-30T04:16:04.788+0000] {processor.py:830} INFO - Processing file /home/airflow/.local/lib/python3.12/site-packages/airflow/example_dags/example_display_name.py for tasks to queue
[2024-06-30T04:16:04.794+0000] {logging_mixin.py:188} INFO - [2024-06-30T04:16:04.793+0000] {dagbag.py:545} INFO - Filling up the DagBag from /home/airflow/.local/lib/python3.12/site-packages/airflow/example_dags/example_display_name.py
[2024-06-30T04:16:04.805+0000] {processor.py:840} INFO - DAG(s) 'example_display_name' retrieved from /home/airflow/.local/lib/python3.12/site-packages/airflow/example_dags/example_display_name.py
[2024-06-30T04:16:04.857+0000] {logging_mixin.py:188} INFO - [2024-06-30T04:16:04.857+0000] {dag.py:3096} INFO - Sync 1 DAGs
[2024-06-30T04:16:04.887+0000] {logging_mixin.py:188} INFO - [2024-06-30T04:16:04.887+0000] {dag.py:3954} INFO - Setting next_dagrun for example_display_name to None, run_after=None
[2024-06-30T04:16:04.931+0000] {processor.py:183} INFO - Processing /home/airflow/.local/lib/python3.12/site-packages/airflow/example_dags/example_display_name.py took 0.156 seconds
[2024-06-30T04:16:35.779+0000] {processor.py:161} INFO - Started process (PID=3034) to work on /home/airflow/.local/lib/python3.12/site-packages/airflow/example_dags/example_display_name.py
[2024-06-30T04:16:35.781+0000] {processor.py:830} INFO - Processing file /home/airflow/.local/lib/python3.12/site-packages/airflow/example_dags/example_display_name.py for tasks to queue
[2024-06-30T04:16:35.784+0000] {logging_mixin.py:188} INFO - [2024-06-30T04:16:35.783+0000] {dagbag.py:545} INFO - Filling up the DagBag from /home/airflow/.local/lib/python3.12/site-packages/airflow/example_dags/example_display_name.py
[2024-06-30T04:16:35.794+0000] {processor.py:840} INFO - DAG(s) 'example_display_name' retrieved from /home/airflow/.local/lib/python3.12/site-packages/airflow/example_dags/example_display_name.py
[2024-06-30T04:16:35.831+0000] {logging_mixin.py:188} INFO - [2024-06-30T04:16:35.830+0000] {dag.py:3096} INFO - Sync 1 DAGs
[2024-06-30T04:16:35.856+0000] {logging_mixin.py:188} INFO - [2024-06-30T04:16:35.856+0000] {dag.py:3954} INFO - Setting next_dagrun for example_display_name to None, run_after=None
[2024-06-30T04:16:35.900+0000] {processor.py:183} INFO - Processing /home/airflow/.local/lib/python3.12/site-packages/airflow/example_dags/example_display_name.py took 0.132 seconds
[2024-06-30T04:17:06.190+0000] {processor.py:161} INFO - Started process (PID=3092) to work on /home/airflow/.local/lib/python3.12/site-packages/airflow/example_dags/example_display_name.py
[2024-06-30T04:17:06.210+0000] {processor.py:830} INFO - Processing file /home/airflow/.local/lib/python3.12/site-packages/airflow/example_dags/example_display_name.py for tasks to queue
[2024-06-30T04:17:06.214+0000] {logging_mixin.py:188} INFO - [2024-06-30T04:17:06.213+0000] {dagbag.py:545} INFO - Filling up the DagBag from /home/airflow/.local/lib/python3.12/site-packages/airflow/example_dags/example_display_name.py
[2024-06-30T04:17:06.234+0000] {processor.py:840} INFO - DAG(s) 'example_display_name' retrieved from /home/airflow/.local/lib/python3.12/site-packages/airflow/example_dags/example_display_name.py
[2024-06-30T04:17:06.311+0000] {logging_mixin.py:188} INFO - [2024-06-30T04:17:06.311+0000] {dag.py:3096} INFO - Sync 1 DAGs
[2024-06-30T04:17:06.393+0000] {logging_mixin.py:188} INFO - [2024-06-30T04:17:06.392+0000] {dag.py:3954} INFO - Setting next_dagrun for example_display_name to None, run_after=None
[2024-06-30T04:17:06.511+0000] {processor.py:183} INFO - Processing /home/airflow/.local/lib/python3.12/site-packages/airflow/example_dags/example_display_name.py took 0.333 seconds
[2024-06-30T04:17:37.467+0000] {processor.py:161} INFO - Started process (PID=3149) to work on /home/airflow/.local/lib/python3.12/site-packages/airflow/example_dags/example_display_name.py
[2024-06-30T04:17:37.475+0000] {processor.py:830} INFO - Processing file /home/airflow/.local/lib/python3.12/site-packages/airflow/example_dags/example_display_name.py for tasks to queue
[2024-06-30T04:17:37.484+0000] {logging_mixin.py:188} INFO - [2024-06-30T04:17:37.483+0000] {dagbag.py:545} INFO - Filling up the DagBag from /home/airflow/.local/lib/python3.12/site-packages/airflow/example_dags/example_display_name.py
[2024-06-30T04:17:37.513+0000] {processor.py:840} INFO - DAG(s) 'example_display_name' retrieved from /home/airflow/.local/lib/python3.12/site-packages/airflow/example_dags/example_display_name.py
[2024-06-30T04:17:37.688+0000] {logging_mixin.py:188} INFO - [2024-06-30T04:17:37.687+0000] {dag.py:3096} INFO - Sync 1 DAGs
[2024-06-30T04:17:37.776+0000] {logging_mixin.py:188} INFO - [2024-06-30T04:17:37.775+0000] {dag.py:3954} INFO - Setting next_dagrun for example_display_name to None, run_after=None
[2024-06-30T04:17:37.900+0000] {processor.py:183} INFO - Processing /home/airflow/.local/lib/python3.12/site-packages/airflow/example_dags/example_display_name.py took 0.452 seconds
[2024-06-30T04:18:10.703+0000] {processor.py:161} INFO - Started process (PID=3214) to work on /home/airflow/.local/lib/python3.12/site-packages/airflow/example_dags/example_display_name.py
[2024-06-30T04:18:10.705+0000] {processor.py:830} INFO - Processing file /home/airflow/.local/lib/python3.12/site-packages/airflow/example_dags/example_display_name.py for tasks to queue
[2024-06-30T04:18:10.719+0000] {logging_mixin.py:188} INFO - [2024-06-30T04:18:10.719+0000] {dagbag.py:545} INFO - Filling up the DagBag from /home/airflow/.local/lib/python3.12/site-packages/airflow/example_dags/example_display_name.py
[2024-06-30T04:18:10.740+0000] {processor.py:840} INFO - DAG(s) 'example_display_name' retrieved from /home/airflow/.local/lib/python3.12/site-packages/airflow/example_dags/example_display_name.py
[2024-06-30T04:18:10.865+0000] {logging_mixin.py:188} INFO - [2024-06-30T04:18:10.854+0000] {dag.py:3096} INFO - Sync 1 DAGs
[2024-06-30T04:18:10.966+0000] {logging_mixin.py:188} INFO - [2024-06-30T04:18:10.966+0000] {dag.py:3954} INFO - Setting next_dagrun for example_display_name to None, run_after=None
[2024-06-30T04:18:11.079+0000] {processor.py:183} INFO - Processing /home/airflow/.local/lib/python3.12/site-packages/airflow/example_dags/example_display_name.py took 0.405 seconds
[2024-06-30T04:18:41.661+0000] {processor.py:161} INFO - Started process (PID=3272) to work on /home/airflow/.local/lib/python3.12/site-packages/airflow/example_dags/example_display_name.py
[2024-06-30T04:18:41.663+0000] {processor.py:830} INFO - Processing file /home/airflow/.local/lib/python3.12/site-packages/airflow/example_dags/example_display_name.py for tasks to queue
[2024-06-30T04:18:41.668+0000] {logging_mixin.py:188} INFO - [2024-06-30T04:18:41.667+0000] {dagbag.py:545} INFO - Filling up the DagBag from /home/airflow/.local/lib/python3.12/site-packages/airflow/example_dags/example_display_name.py
[2024-06-30T04:18:41.687+0000] {processor.py:840} INFO - DAG(s) 'example_display_name' retrieved from /home/airflow/.local/lib/python3.12/site-packages/airflow/example_dags/example_display_name.py
[2024-06-30T04:18:41.756+0000] {logging_mixin.py:188} INFO - [2024-06-30T04:18:41.755+0000] {dag.py:3096} INFO - Sync 1 DAGs
[2024-06-30T04:18:41.818+0000] {logging_mixin.py:188} INFO - [2024-06-30T04:18:41.817+0000] {dag.py:3954} INFO - Setting next_dagrun for example_display_name to None, run_after=None
[2024-06-30T04:18:41.901+0000] {processor.py:183} INFO - Processing /home/airflow/.local/lib/python3.12/site-packages/airflow/example_dags/example_display_name.py took 0.260 seconds
[2024-06-30T04:19:12.346+0000] {processor.py:161} INFO - Started process (PID=3328) to work on /home/airflow/.local/lib/python3.12/site-packages/airflow/example_dags/example_display_name.py
[2024-06-30T04:19:12.357+0000] {processor.py:830} INFO - Processing file /home/airflow/.local/lib/python3.12/site-packages/airflow/example_dags/example_display_name.py for tasks to queue
[2024-06-30T04:19:12.360+0000] {logging_mixin.py:188} INFO - [2024-06-30T04:19:12.360+0000] {dagbag.py:545} INFO - Filling up the DagBag from /home/airflow/.local/lib/python3.12/site-packages/airflow/example_dags/example_display_name.py
[2024-06-30T04:19:12.375+0000] {processor.py:840} INFO - DAG(s) 'example_display_name' retrieved from /home/airflow/.local/lib/python3.12/site-packages/airflow/example_dags/example_display_name.py
[2024-06-30T04:19:12.421+0000] {logging_mixin.py:188} INFO - [2024-06-30T04:19:12.420+0000] {dag.py:3096} INFO - Sync 1 DAGs
[2024-06-30T04:19:12.455+0000] {logging_mixin.py:188} INFO - [2024-06-30T04:19:12.454+0000] {dag.py:3954} INFO - Setting next_dagrun for example_display_name to None, run_after=None
[2024-06-30T04:19:12.517+0000] {processor.py:183} INFO - Processing /home/airflow/.local/lib/python3.12/site-packages/airflow/example_dags/example_display_name.py took 0.184 seconds
[2024-06-30T04:19:42.984+0000] {processor.py:161} INFO - Started process (PID=3386) to work on /home/airflow/.local/lib/python3.12/site-packages/airflow/example_dags/example_display_name.py
[2024-06-30T04:19:42.986+0000] {processor.py:830} INFO - Processing file /home/airflow/.local/lib/python3.12/site-packages/airflow/example_dags/example_display_name.py for tasks to queue
[2024-06-30T04:19:42.989+0000] {logging_mixin.py:188} INFO - [2024-06-30T04:19:42.988+0000] {dagbag.py:545} INFO - Filling up the DagBag from /home/airflow/.local/lib/python3.12/site-packages/airflow/example_dags/example_display_name.py
[2024-06-30T04:19:42.997+0000] {processor.py:840} INFO - DAG(s) 'example_display_name' retrieved from /home/airflow/.local/lib/python3.12/site-packages/airflow/example_dags/example_display_name.py
[2024-06-30T04:19:43.027+0000] {logging_mixin.py:188} INFO - [2024-06-30T04:19:43.026+0000] {dag.py:3096} INFO - Sync 1 DAGs
[2024-06-30T04:19:43.056+0000] {logging_mixin.py:188} INFO - [2024-06-30T04:19:43.056+0000] {dag.py:3954} INFO - Setting next_dagrun for example_display_name to None, run_after=None
[2024-06-30T04:19:43.106+0000] {processor.py:183} INFO - Processing /home/airflow/.local/lib/python3.12/site-packages/airflow/example_dags/example_display_name.py took 0.128 seconds
