[2024-06-30T03:49:27.024+0000] {processor.py:161} INFO - Started process (PID=44) to work on /home/airflow/.local/lib/python3.12/site-packages/airflow/example_dags/example_task_group.py
[2024-06-30T03:49:27.039+0000] {processor.py:830} INFO - Processing file /home/airflow/.local/lib/python3.12/site-packages/airflow/example_dags/example_task_group.py for tasks to queue
[2024-06-30T03:49:27.056+0000] {logging_mixin.py:188} INFO - [2024-06-30T03:49:27.055+0000] {dagbag.py:545} INFO - Filling up the DagBag from /home/airflow/.local/lib/python3.12/site-packages/airflow/example_dags/example_task_group.py
[2024-06-30T03:49:27.291+0000] {processor.py:840} INFO - DAG(s) 'example_task_group' retrieved from /home/airflow/.local/lib/python3.12/site-packages/airflow/example_dags/example_task_group.py
[2024-06-30T03:49:29.247+0000] {logging_mixin.py:188} INFO - [2024-06-30T03:49:29.247+0000] {dag.py:3096} INFO - Sync 1 DAGs
[2024-06-30T03:49:29.335+0000] {logging_mixin.py:188} INFO - [2024-06-30T03:49:29.334+0000] {dag.py:3954} INFO - Setting next_dagrun for example_task_group to 2024-06-29 00:00:00+00:00, run_after=2024-06-30 00:00:00+00:00
[2024-06-30T03:49:29.424+0000] {processor.py:183} INFO - Processing /home/airflow/.local/lib/python3.12/site-packages/airflow/example_dags/example_task_group.py took 2.478 seconds
[2024-06-30T03:50:13.734+0000] {processor.py:161} INFO - Started process (PID=102) to work on /home/airflow/.local/lib/python3.12/site-packages/airflow/example_dags/example_task_group.py
[2024-06-30T03:50:13.739+0000] {processor.py:830} INFO - Processing file /home/airflow/.local/lib/python3.12/site-packages/airflow/example_dags/example_task_group.py for tasks to queue
[2024-06-30T03:50:13.745+0000] {logging_mixin.py:188} INFO - [2024-06-30T03:50:13.744+0000] {dagbag.py:545} INFO - Filling up the DagBag from /home/airflow/.local/lib/python3.12/site-packages/airflow/example_dags/example_task_group.py
[2024-06-30T03:50:13.765+0000] {processor.py:840} INFO - DAG(s) 'example_task_group' retrieved from /home/airflow/.local/lib/python3.12/site-packages/airflow/example_dags/example_task_group.py
[2024-06-30T03:50:13.847+0000] {logging_mixin.py:188} INFO - [2024-06-30T03:50:13.846+0000] {dag.py:3096} INFO - Sync 1 DAGs
[2024-06-30T03:50:13.908+0000] {logging_mixin.py:188} INFO - [2024-06-30T03:50:13.907+0000] {dag.py:3954} INFO - Setting next_dagrun for example_task_group to 2024-06-29 00:00:00+00:00, run_after=2024-06-30 00:00:00+00:00
[2024-06-30T03:50:13.962+0000] {processor.py:183} INFO - Processing /home/airflow/.local/lib/python3.12/site-packages/airflow/example_dags/example_task_group.py took 0.241 seconds
[2024-06-30T03:50:44.303+0000] {processor.py:161} INFO - Started process (PID=157) to work on /home/airflow/.local/lib/python3.12/site-packages/airflow/example_dags/example_task_group.py
[2024-06-30T03:50:44.306+0000] {processor.py:830} INFO - Processing file /home/airflow/.local/lib/python3.12/site-packages/airflow/example_dags/example_task_group.py for tasks to queue
[2024-06-30T03:50:44.311+0000] {logging_mixin.py:188} INFO - [2024-06-30T03:50:44.310+0000] {dagbag.py:545} INFO - Filling up the DagBag from /home/airflow/.local/lib/python3.12/site-packages/airflow/example_dags/example_task_group.py
[2024-06-30T03:50:44.334+0000] {processor.py:840} INFO - DAG(s) 'example_task_group' retrieved from /home/airflow/.local/lib/python3.12/site-packages/airflow/example_dags/example_task_group.py
[2024-06-30T03:50:44.398+0000] {logging_mixin.py:188} INFO - [2024-06-30T03:50:44.397+0000] {dag.py:3096} INFO - Sync 1 DAGs
[2024-06-30T03:50:44.462+0000] {logging_mixin.py:188} INFO - [2024-06-30T03:50:44.461+0000] {dag.py:3954} INFO - Setting next_dagrun for example_task_group to 2024-06-29 00:00:00+00:00, run_after=2024-06-30 00:00:00+00:00
[2024-06-30T03:50:44.525+0000] {processor.py:183} INFO - Processing /home/airflow/.local/lib/python3.12/site-packages/airflow/example_dags/example_task_group.py took 0.239 seconds
[2024-06-30T03:51:15.240+0000] {processor.py:161} INFO - Started process (PID=214) to work on /home/airflow/.local/lib/python3.12/site-packages/airflow/example_dags/example_task_group.py
[2024-06-30T03:51:15.243+0000] {processor.py:830} INFO - Processing file /home/airflow/.local/lib/python3.12/site-packages/airflow/example_dags/example_task_group.py for tasks to queue
[2024-06-30T03:51:15.251+0000] {logging_mixin.py:188} INFO - [2024-06-30T03:51:15.250+0000] {dagbag.py:545} INFO - Filling up the DagBag from /home/airflow/.local/lib/python3.12/site-packages/airflow/example_dags/example_task_group.py
[2024-06-30T03:51:15.300+0000] {processor.py:840} INFO - DAG(s) 'example_task_group' retrieved from /home/airflow/.local/lib/python3.12/site-packages/airflow/example_dags/example_task_group.py
[2024-06-30T03:51:15.378+0000] {logging_mixin.py:188} INFO - [2024-06-30T03:51:15.377+0000] {dag.py:3096} INFO - Sync 1 DAGs
[2024-06-30T03:51:15.457+0000] {logging_mixin.py:188} INFO - [2024-06-30T03:51:15.456+0000] {dag.py:3954} INFO - Setting next_dagrun for example_task_group to 2024-06-29 00:00:00+00:00, run_after=2024-06-30 00:00:00+00:00
[2024-06-30T03:51:15.562+0000] {processor.py:183} INFO - Processing /home/airflow/.local/lib/python3.12/site-packages/airflow/example_dags/example_task_group.py took 0.349 seconds
[2024-06-30T03:51:46.633+0000] {processor.py:161} INFO - Started process (PID=273) to work on /home/airflow/.local/lib/python3.12/site-packages/airflow/example_dags/example_task_group.py
[2024-06-30T03:51:46.636+0000] {processor.py:830} INFO - Processing file /home/airflow/.local/lib/python3.12/site-packages/airflow/example_dags/example_task_group.py for tasks to queue
[2024-06-30T03:51:46.649+0000] {logging_mixin.py:188} INFO - [2024-06-30T03:51:46.648+0000] {dagbag.py:545} INFO - Filling up the DagBag from /home/airflow/.local/lib/python3.12/site-packages/airflow/example_dags/example_task_group.py
[2024-06-30T03:51:46.682+0000] {processor.py:840} INFO - DAG(s) 'example_task_group' retrieved from /home/airflow/.local/lib/python3.12/site-packages/airflow/example_dags/example_task_group.py
[2024-06-30T03:51:46.764+0000] {logging_mixin.py:188} INFO - [2024-06-30T03:51:46.763+0000] {dag.py:3096} INFO - Sync 1 DAGs
[2024-06-30T03:51:46.859+0000] {logging_mixin.py:188} INFO - [2024-06-30T03:51:46.858+0000] {dag.py:3954} INFO - Setting next_dagrun for example_task_group to 2024-06-29 00:00:00+00:00, run_after=2024-06-30 00:00:00+00:00
[2024-06-30T03:51:46.939+0000] {processor.py:183} INFO - Processing /home/airflow/.local/lib/python3.12/site-packages/airflow/example_dags/example_task_group.py took 0.332 seconds
[2024-06-30T03:52:17.178+0000] {processor.py:161} INFO - Started process (PID=332) to work on /home/airflow/.local/lib/python3.12/site-packages/airflow/example_dags/example_task_group.py
[2024-06-30T03:52:17.181+0000] {processor.py:830} INFO - Processing file /home/airflow/.local/lib/python3.12/site-packages/airflow/example_dags/example_task_group.py for tasks to queue
[2024-06-30T03:52:17.186+0000] {logging_mixin.py:188} INFO - [2024-06-30T03:52:17.185+0000] {dagbag.py:545} INFO - Filling up the DagBag from /home/airflow/.local/lib/python3.12/site-packages/airflow/example_dags/example_task_group.py
[2024-06-30T03:52:17.202+0000] {processor.py:840} INFO - DAG(s) 'example_task_group' retrieved from /home/airflow/.local/lib/python3.12/site-packages/airflow/example_dags/example_task_group.py
[2024-06-30T03:52:17.257+0000] {logging_mixin.py:188} INFO - [2024-06-30T03:52:17.256+0000] {dag.py:3096} INFO - Sync 1 DAGs
[2024-06-30T03:52:17.310+0000] {logging_mixin.py:188} INFO - [2024-06-30T03:52:17.309+0000] {dag.py:3954} INFO - Setting next_dagrun for example_task_group to 2024-06-29 00:00:00+00:00, run_after=2024-06-30 00:00:00+00:00
[2024-06-30T03:52:17.384+0000] {processor.py:183} INFO - Processing /home/airflow/.local/lib/python3.12/site-packages/airflow/example_dags/example_task_group.py took 0.218 seconds
[2024-06-30T03:52:47.839+0000] {processor.py:161} INFO - Started process (PID=387) to work on /home/airflow/.local/lib/python3.12/site-packages/airflow/example_dags/example_task_group.py
[2024-06-30T03:52:47.842+0000] {processor.py:830} INFO - Processing file /home/airflow/.local/lib/python3.12/site-packages/airflow/example_dags/example_task_group.py for tasks to queue
[2024-06-30T03:52:47.848+0000] {logging_mixin.py:188} INFO - [2024-06-30T03:52:47.847+0000] {dagbag.py:545} INFO - Filling up the DagBag from /home/airflow/.local/lib/python3.12/site-packages/airflow/example_dags/example_task_group.py
[2024-06-30T03:52:47.869+0000] {processor.py:840} INFO - DAG(s) 'example_task_group' retrieved from /home/airflow/.local/lib/python3.12/site-packages/airflow/example_dags/example_task_group.py
[2024-06-30T03:52:47.936+0000] {logging_mixin.py:188} INFO - [2024-06-30T03:52:47.935+0000] {dag.py:3096} INFO - Sync 1 DAGs
[2024-06-30T03:52:48.011+0000] {logging_mixin.py:188} INFO - [2024-06-30T03:52:48.010+0000] {dag.py:3954} INFO - Setting next_dagrun for example_task_group to 2024-06-29 00:00:00+00:00, run_after=2024-06-30 00:00:00+00:00
[2024-06-30T03:52:48.117+0000] {processor.py:183} INFO - Processing /home/airflow/.local/lib/python3.12/site-packages/airflow/example_dags/example_task_group.py took 0.291 seconds
[2024-06-30T03:53:18.653+0000] {processor.py:161} INFO - Started process (PID=445) to work on /home/airflow/.local/lib/python3.12/site-packages/airflow/example_dags/example_task_group.py
[2024-06-30T03:53:18.655+0000] {processor.py:830} INFO - Processing file /home/airflow/.local/lib/python3.12/site-packages/airflow/example_dags/example_task_group.py for tasks to queue
[2024-06-30T03:53:18.660+0000] {logging_mixin.py:188} INFO - [2024-06-30T03:53:18.659+0000] {dagbag.py:545} INFO - Filling up the DagBag from /home/airflow/.local/lib/python3.12/site-packages/airflow/example_dags/example_task_group.py
[2024-06-30T03:53:18.679+0000] {processor.py:840} INFO - DAG(s) 'example_task_group' retrieved from /home/airflow/.local/lib/python3.12/site-packages/airflow/example_dags/example_task_group.py
[2024-06-30T03:53:18.739+0000] {logging_mixin.py:188} INFO - [2024-06-30T03:53:18.739+0000] {dag.py:3096} INFO - Sync 1 DAGs
[2024-06-30T03:53:18.807+0000] {logging_mixin.py:188} INFO - [2024-06-30T03:53:18.807+0000] {dag.py:3954} INFO - Setting next_dagrun for example_task_group to 2024-06-29 00:00:00+00:00, run_after=2024-06-30 00:00:00+00:00
[2024-06-30T03:53:18.924+0000] {processor.py:183} INFO - Processing /home/airflow/.local/lib/python3.12/site-packages/airflow/example_dags/example_task_group.py took 0.284 seconds
[2024-06-30T03:53:49.486+0000] {processor.py:161} INFO - Started process (PID=502) to work on /home/airflow/.local/lib/python3.12/site-packages/airflow/example_dags/example_task_group.py
[2024-06-30T03:53:49.495+0000] {processor.py:830} INFO - Processing file /home/airflow/.local/lib/python3.12/site-packages/airflow/example_dags/example_task_group.py for tasks to queue
[2024-06-30T03:53:49.503+0000] {logging_mixin.py:188} INFO - [2024-06-30T03:53:49.502+0000] {dagbag.py:545} INFO - Filling up the DagBag from /home/airflow/.local/lib/python3.12/site-packages/airflow/example_dags/example_task_group.py
[2024-06-30T03:53:49.539+0000] {processor.py:840} INFO - DAG(s) 'example_task_group' retrieved from /home/airflow/.local/lib/python3.12/site-packages/airflow/example_dags/example_task_group.py
[2024-06-30T03:53:49.724+0000] {logging_mixin.py:188} INFO - [2024-06-30T03:53:49.721+0000] {dag.py:3096} INFO - Sync 1 DAGs
[2024-06-30T03:53:49.909+0000] {logging_mixin.py:188} INFO - [2024-06-30T03:53:49.907+0000] {dag.py:3954} INFO - Setting next_dagrun for example_task_group to 2024-06-29 00:00:00+00:00, run_after=2024-06-30 00:00:00+00:00
[2024-06-30T03:53:50.112+0000] {processor.py:183} INFO - Processing /home/airflow/.local/lib/python3.12/site-packages/airflow/example_dags/example_task_group.py took 0.666 seconds
[2024-06-30T03:54:20.882+0000] {processor.py:161} INFO - Started process (PID=560) to work on /home/airflow/.local/lib/python3.12/site-packages/airflow/example_dags/example_task_group.py
[2024-06-30T03:54:20.886+0000] {processor.py:830} INFO - Processing file /home/airflow/.local/lib/python3.12/site-packages/airflow/example_dags/example_task_group.py for tasks to queue
[2024-06-30T03:54:20.891+0000] {logging_mixin.py:188} INFO - [2024-06-30T03:54:20.891+0000] {dagbag.py:545} INFO - Filling up the DagBag from /home/airflow/.local/lib/python3.12/site-packages/airflow/example_dags/example_task_group.py
[2024-06-30T03:54:20.912+0000] {processor.py:840} INFO - DAG(s) 'example_task_group' retrieved from /home/airflow/.local/lib/python3.12/site-packages/airflow/example_dags/example_task_group.py
[2024-06-30T03:54:20.966+0000] {logging_mixin.py:188} INFO - [2024-06-30T03:54:20.966+0000] {dag.py:3096} INFO - Sync 1 DAGs
[2024-06-30T03:54:21.029+0000] {logging_mixin.py:188} INFO - [2024-06-30T03:54:21.028+0000] {dag.py:3954} INFO - Setting next_dagrun for example_task_group to 2024-06-29 00:00:00+00:00, run_after=2024-06-30 00:00:00+00:00
[2024-06-30T03:54:21.135+0000] {processor.py:183} INFO - Processing /home/airflow/.local/lib/python3.12/site-packages/airflow/example_dags/example_task_group.py took 0.267 seconds
[2024-06-30T03:54:51.259+0000] {processor.py:161} INFO - Started process (PID=617) to work on /home/airflow/.local/lib/python3.12/site-packages/airflow/example_dags/example_task_group.py
[2024-06-30T03:54:51.262+0000] {processor.py:830} INFO - Processing file /home/airflow/.local/lib/python3.12/site-packages/airflow/example_dags/example_task_group.py for tasks to queue
[2024-06-30T03:54:51.267+0000] {logging_mixin.py:188} INFO - [2024-06-30T03:54:51.266+0000] {dagbag.py:545} INFO - Filling up the DagBag from /home/airflow/.local/lib/python3.12/site-packages/airflow/example_dags/example_task_group.py
[2024-06-30T03:54:51.284+0000] {processor.py:840} INFO - DAG(s) 'example_task_group' retrieved from /home/airflow/.local/lib/python3.12/site-packages/airflow/example_dags/example_task_group.py
[2024-06-30T03:54:51.347+0000] {logging_mixin.py:188} INFO - [2024-06-30T03:54:51.347+0000] {dag.py:3096} INFO - Sync 1 DAGs
[2024-06-30T03:54:51.440+0000] {logging_mixin.py:188} INFO - [2024-06-30T03:54:51.439+0000] {dag.py:3954} INFO - Setting next_dagrun for example_task_group to 2024-06-29 00:00:00+00:00, run_after=2024-06-30 00:00:00+00:00
[2024-06-30T03:54:51.532+0000] {processor.py:183} INFO - Processing /home/airflow/.local/lib/python3.12/site-packages/airflow/example_dags/example_task_group.py took 0.286 seconds
[2024-06-30T03:55:22.394+0000] {processor.py:161} INFO - Started process (PID=676) to work on /home/airflow/.local/lib/python3.12/site-packages/airflow/example_dags/example_task_group.py
[2024-06-30T03:55:22.427+0000] {processor.py:830} INFO - Processing file /home/airflow/.local/lib/python3.12/site-packages/airflow/example_dags/example_task_group.py for tasks to queue
[2024-06-30T03:55:22.494+0000] {logging_mixin.py:188} INFO - [2024-06-30T03:55:22.493+0000] {dagbag.py:545} INFO - Filling up the DagBag from /home/airflow/.local/lib/python3.12/site-packages/airflow/example_dags/example_task_group.py
[2024-06-30T03:55:22.637+0000] {processor.py:840} INFO - DAG(s) 'example_task_group' retrieved from /home/airflow/.local/lib/python3.12/site-packages/airflow/example_dags/example_task_group.py
[2024-06-30T03:55:22.850+0000] {logging_mixin.py:188} INFO - [2024-06-30T03:55:22.849+0000] {dag.py:3096} INFO - Sync 1 DAGs
[2024-06-30T03:55:23.088+0000] {logging_mixin.py:188} INFO - [2024-06-30T03:55:23.087+0000] {dag.py:3954} INFO - Setting next_dagrun for example_task_group to 2024-06-29 00:00:00+00:00, run_after=2024-06-30 00:00:00+00:00
[2024-06-30T03:55:23.486+0000] {processor.py:183} INFO - Processing /home/airflow/.local/lib/python3.12/site-packages/airflow/example_dags/example_task_group.py took 1.127 seconds
[2024-06-30T03:56:03.478+0000] {processor.py:161} INFO - Started process (PID=734) to work on /home/airflow/.local/lib/python3.12/site-packages/airflow/example_dags/example_task_group.py
[2024-06-30T03:56:03.491+0000] {processor.py:830} INFO - Processing file /home/airflow/.local/lib/python3.12/site-packages/airflow/example_dags/example_task_group.py for tasks to queue
[2024-06-30T03:56:03.498+0000] {logging_mixin.py:188} INFO - [2024-06-30T03:56:03.497+0000] {dagbag.py:545} INFO - Filling up the DagBag from /home/airflow/.local/lib/python3.12/site-packages/airflow/example_dags/example_task_group.py
[2024-06-30T03:56:03.587+0000] {processor.py:840} INFO - DAG(s) 'example_task_group' retrieved from /home/airflow/.local/lib/python3.12/site-packages/airflow/example_dags/example_task_group.py
[2024-06-30T03:56:03.746+0000] {logging_mixin.py:188} INFO - [2024-06-30T03:56:03.746+0000] {dag.py:3096} INFO - Sync 1 DAGs
[2024-06-30T03:56:03.878+0000] {logging_mixin.py:188} INFO - [2024-06-30T03:56:03.870+0000] {dag.py:3954} INFO - Setting next_dagrun for example_task_group to 2024-06-29 00:00:00+00:00, run_after=2024-06-30 00:00:00+00:00
[2024-06-30T03:56:03.988+0000] {processor.py:183} INFO - Processing /home/airflow/.local/lib/python3.12/site-packages/airflow/example_dags/example_task_group.py took 0.538 seconds
[2024-06-30T03:56:34.280+0000] {processor.py:161} INFO - Started process (PID=790) to work on /home/airflow/.local/lib/python3.12/site-packages/airflow/example_dags/example_task_group.py
[2024-06-30T03:56:34.291+0000] {processor.py:830} INFO - Processing file /home/airflow/.local/lib/python3.12/site-packages/airflow/example_dags/example_task_group.py for tasks to queue
[2024-06-30T03:56:34.296+0000] {logging_mixin.py:188} INFO - [2024-06-30T03:56:34.296+0000] {dagbag.py:545} INFO - Filling up the DagBag from /home/airflow/.local/lib/python3.12/site-packages/airflow/example_dags/example_task_group.py
[2024-06-30T03:56:34.358+0000] {processor.py:840} INFO - DAG(s) 'example_task_group' retrieved from /home/airflow/.local/lib/python3.12/site-packages/airflow/example_dags/example_task_group.py
[2024-06-30T03:56:34.507+0000] {logging_mixin.py:188} INFO - [2024-06-30T03:56:34.506+0000] {dag.py:3096} INFO - Sync 1 DAGs
[2024-06-30T03:56:34.629+0000] {logging_mixin.py:188} INFO - [2024-06-30T03:56:34.628+0000] {dag.py:3954} INFO - Setting next_dagrun for example_task_group to 2024-06-29 00:00:00+00:00, run_after=2024-06-30 00:00:00+00:00
[2024-06-30T03:56:34.740+0000] {processor.py:183} INFO - Processing /home/airflow/.local/lib/python3.12/site-packages/airflow/example_dags/example_task_group.py took 0.471 seconds
[2024-06-30T03:57:05.435+0000] {processor.py:161} INFO - Started process (PID=848) to work on /home/airflow/.local/lib/python3.12/site-packages/airflow/example_dags/example_task_group.py
[2024-06-30T03:57:05.442+0000] {processor.py:830} INFO - Processing file /home/airflow/.local/lib/python3.12/site-packages/airflow/example_dags/example_task_group.py for tasks to queue
[2024-06-30T03:57:05.467+0000] {logging_mixin.py:188} INFO - [2024-06-30T03:57:05.466+0000] {dagbag.py:545} INFO - Filling up the DagBag from /home/airflow/.local/lib/python3.12/site-packages/airflow/example_dags/example_task_group.py
[2024-06-30T03:57:05.490+0000] {processor.py:840} INFO - DAG(s) 'example_task_group' retrieved from /home/airflow/.local/lib/python3.12/site-packages/airflow/example_dags/example_task_group.py
[2024-06-30T03:57:05.596+0000] {logging_mixin.py:188} INFO - [2024-06-30T03:57:05.595+0000] {dag.py:3096} INFO - Sync 1 DAGs
[2024-06-30T03:57:05.728+0000] {logging_mixin.py:188} INFO - [2024-06-30T03:57:05.727+0000] {dag.py:3954} INFO - Setting next_dagrun for example_task_group to 2024-06-29 00:00:00+00:00, run_after=2024-06-30 00:00:00+00:00
[2024-06-30T03:57:05.949+0000] {processor.py:183} INFO - Processing /home/airflow/.local/lib/python3.12/site-packages/airflow/example_dags/example_task_group.py took 0.529 seconds
[2024-06-30T03:57:36.767+0000] {processor.py:161} INFO - Started process (PID=906) to work on /home/airflow/.local/lib/python3.12/site-packages/airflow/example_dags/example_task_group.py
[2024-06-30T03:57:36.770+0000] {processor.py:830} INFO - Processing file /home/airflow/.local/lib/python3.12/site-packages/airflow/example_dags/example_task_group.py for tasks to queue
[2024-06-30T03:57:36.776+0000] {logging_mixin.py:188} INFO - [2024-06-30T03:57:36.775+0000] {dagbag.py:545} INFO - Filling up the DagBag from /home/airflow/.local/lib/python3.12/site-packages/airflow/example_dags/example_task_group.py
[2024-06-30T03:57:36.808+0000] {processor.py:840} INFO - DAG(s) 'example_task_group' retrieved from /home/airflow/.local/lib/python3.12/site-packages/airflow/example_dags/example_task_group.py
[2024-06-30T03:57:36.956+0000] {logging_mixin.py:188} INFO - [2024-06-30T03:57:36.954+0000] {dag.py:3096} INFO - Sync 1 DAGs
[2024-06-30T03:57:37.084+0000] {logging_mixin.py:188} INFO - [2024-06-30T03:57:37.083+0000] {dag.py:3954} INFO - Setting next_dagrun for example_task_group to 2024-06-29 00:00:00+00:00, run_after=2024-06-30 00:00:00+00:00
[2024-06-30T03:57:37.215+0000] {processor.py:183} INFO - Processing /home/airflow/.local/lib/python3.12/site-packages/airflow/example_dags/example_task_group.py took 0.466 seconds
[2024-06-30T03:58:07.477+0000] {processor.py:161} INFO - Started process (PID=964) to work on /home/airflow/.local/lib/python3.12/site-packages/airflow/example_dags/example_task_group.py
[2024-06-30T03:58:07.481+0000] {processor.py:830} INFO - Processing file /home/airflow/.local/lib/python3.12/site-packages/airflow/example_dags/example_task_group.py for tasks to queue
[2024-06-30T03:58:07.486+0000] {logging_mixin.py:188} INFO - [2024-06-30T03:58:07.485+0000] {dagbag.py:545} INFO - Filling up the DagBag from /home/airflow/.local/lib/python3.12/site-packages/airflow/example_dags/example_task_group.py
[2024-06-30T03:58:07.515+0000] {processor.py:840} INFO - DAG(s) 'example_task_group' retrieved from /home/airflow/.local/lib/python3.12/site-packages/airflow/example_dags/example_task_group.py
[2024-06-30T03:58:07.595+0000] {logging_mixin.py:188} INFO - [2024-06-30T03:58:07.594+0000] {dag.py:3096} INFO - Sync 1 DAGs
[2024-06-30T03:58:07.685+0000] {logging_mixin.py:188} INFO - [2024-06-30T03:58:07.685+0000] {dag.py:3954} INFO - Setting next_dagrun for example_task_group to 2024-06-29 00:00:00+00:00, run_after=2024-06-30 00:00:00+00:00
[2024-06-30T03:58:07.804+0000] {processor.py:183} INFO - Processing /home/airflow/.local/lib/python3.12/site-packages/airflow/example_dags/example_task_group.py took 0.347 seconds
[2024-06-30T03:58:38.064+0000] {processor.py:161} INFO - Started process (PID=1022) to work on /home/airflow/.local/lib/python3.12/site-packages/airflow/example_dags/example_task_group.py
[2024-06-30T03:58:38.067+0000] {processor.py:830} INFO - Processing file /home/airflow/.local/lib/python3.12/site-packages/airflow/example_dags/example_task_group.py for tasks to queue
[2024-06-30T03:58:38.083+0000] {logging_mixin.py:188} INFO - [2024-06-30T03:58:38.082+0000] {dagbag.py:545} INFO - Filling up the DagBag from /home/airflow/.local/lib/python3.12/site-packages/airflow/example_dags/example_task_group.py
[2024-06-30T03:58:38.108+0000] {processor.py:840} INFO - DAG(s) 'example_task_group' retrieved from /home/airflow/.local/lib/python3.12/site-packages/airflow/example_dags/example_task_group.py
[2024-06-30T03:58:38.184+0000] {logging_mixin.py:188} INFO - [2024-06-30T03:58:38.183+0000] {dag.py:3096} INFO - Sync 1 DAGs
[2024-06-30T03:58:38.241+0000] {logging_mixin.py:188} INFO - [2024-06-30T03:58:38.240+0000] {dag.py:3954} INFO - Setting next_dagrun for example_task_group to 2024-06-29 00:00:00+00:00, run_after=2024-06-30 00:00:00+00:00
[2024-06-30T03:58:38.296+0000] {processor.py:183} INFO - Processing /home/airflow/.local/lib/python3.12/site-packages/airflow/example_dags/example_task_group.py took 0.259 seconds
[2024-06-30T03:59:08.476+0000] {processor.py:161} INFO - Started process (PID=1079) to work on /home/airflow/.local/lib/python3.12/site-packages/airflow/example_dags/example_task_group.py
[2024-06-30T03:59:08.478+0000] {processor.py:830} INFO - Processing file /home/airflow/.local/lib/python3.12/site-packages/airflow/example_dags/example_task_group.py for tasks to queue
[2024-06-30T03:59:08.483+0000] {logging_mixin.py:188} INFO - [2024-06-30T03:59:08.482+0000] {dagbag.py:545} INFO - Filling up the DagBag from /home/airflow/.local/lib/python3.12/site-packages/airflow/example_dags/example_task_group.py
[2024-06-30T03:59:08.516+0000] {processor.py:840} INFO - DAG(s) 'example_task_group' retrieved from /home/airflow/.local/lib/python3.12/site-packages/airflow/example_dags/example_task_group.py
[2024-06-30T03:59:08.609+0000] {logging_mixin.py:188} INFO - [2024-06-30T03:59:08.606+0000] {dag.py:3096} INFO - Sync 1 DAGs
[2024-06-30T03:59:08.734+0000] {logging_mixin.py:188} INFO - [2024-06-30T03:59:08.733+0000] {dag.py:3954} INFO - Setting next_dagrun for example_task_group to 2024-06-29 00:00:00+00:00, run_after=2024-06-30 00:00:00+00:00
[2024-06-30T03:59:09.041+0000] {processor.py:183} INFO - Processing /home/airflow/.local/lib/python3.12/site-packages/airflow/example_dags/example_task_group.py took 0.590 seconds
[2024-06-30T03:59:42.502+0000] {processor.py:161} INFO - Started process (PID=1138) to work on /home/airflow/.local/lib/python3.12/site-packages/airflow/example_dags/example_task_group.py
[2024-06-30T03:59:42.538+0000] {processor.py:830} INFO - Processing file /home/airflow/.local/lib/python3.12/site-packages/airflow/example_dags/example_task_group.py for tasks to queue
[2024-06-30T03:59:42.548+0000] {logging_mixin.py:188} INFO - [2024-06-30T03:59:42.547+0000] {dagbag.py:545} INFO - Filling up the DagBag from /home/airflow/.local/lib/python3.12/site-packages/airflow/example_dags/example_task_group.py
[2024-06-30T03:59:42.614+0000] {processor.py:840} INFO - DAG(s) 'example_task_group' retrieved from /home/airflow/.local/lib/python3.12/site-packages/airflow/example_dags/example_task_group.py
[2024-06-30T03:59:42.799+0000] {logging_mixin.py:188} INFO - [2024-06-30T03:59:42.798+0000] {dag.py:3096} INFO - Sync 1 DAGs
[2024-06-30T03:59:43.044+0000] {logging_mixin.py:188} INFO - [2024-06-30T03:59:43.043+0000] {dag.py:3954} INFO - Setting next_dagrun for example_task_group to 2024-06-29 00:00:00+00:00, run_after=2024-06-30 00:00:00+00:00
[2024-06-30T03:59:43.311+0000] {processor.py:183} INFO - Processing /home/airflow/.local/lib/python3.12/site-packages/airflow/example_dags/example_task_group.py took 0.850 seconds
[2024-06-30T04:00:14.089+0000] {processor.py:161} INFO - Started process (PID=1196) to work on /home/airflow/.local/lib/python3.12/site-packages/airflow/example_dags/example_task_group.py
[2024-06-30T04:00:14.090+0000] {processor.py:830} INFO - Processing file /home/airflow/.local/lib/python3.12/site-packages/airflow/example_dags/example_task_group.py for tasks to queue
[2024-06-30T04:00:14.096+0000] {logging_mixin.py:188} INFO - [2024-06-30T04:00:14.095+0000] {dagbag.py:545} INFO - Filling up the DagBag from /home/airflow/.local/lib/python3.12/site-packages/airflow/example_dags/example_task_group.py
[2024-06-30T04:00:14.125+0000] {processor.py:840} INFO - DAG(s) 'example_task_group' retrieved from /home/airflow/.local/lib/python3.12/site-packages/airflow/example_dags/example_task_group.py
[2024-06-30T04:00:14.223+0000] {logging_mixin.py:188} INFO - [2024-06-30T04:00:14.222+0000] {dag.py:3096} INFO - Sync 1 DAGs
[2024-06-30T04:00:14.340+0000] {logging_mixin.py:188} INFO - [2024-06-30T04:00:14.333+0000] {dag.py:3954} INFO - Setting next_dagrun for example_task_group to 2024-06-29 00:00:00+00:00, run_after=2024-06-30 00:00:00+00:00
[2024-06-30T04:00:14.397+0000] {processor.py:183} INFO - Processing /home/airflow/.local/lib/python3.12/site-packages/airflow/example_dags/example_task_group.py took 0.320 seconds
[2024-06-30T04:00:44.901+0000] {processor.py:161} INFO - Started process (PID=1256) to work on /home/airflow/.local/lib/python3.12/site-packages/airflow/example_dags/example_task_group.py
[2024-06-30T04:00:44.905+0000] {processor.py:830} INFO - Processing file /home/airflow/.local/lib/python3.12/site-packages/airflow/example_dags/example_task_group.py for tasks to queue
[2024-06-30T04:00:44.912+0000] {logging_mixin.py:188} INFO - [2024-06-30T04:00:44.911+0000] {dagbag.py:545} INFO - Filling up the DagBag from /home/airflow/.local/lib/python3.12/site-packages/airflow/example_dags/example_task_group.py
[2024-06-30T04:00:44.932+0000] {processor.py:840} INFO - DAG(s) 'example_task_group' retrieved from /home/airflow/.local/lib/python3.12/site-packages/airflow/example_dags/example_task_group.py
[2024-06-30T04:00:44.991+0000] {logging_mixin.py:188} INFO - [2024-06-30T04:00:44.990+0000] {dag.py:3096} INFO - Sync 1 DAGs
[2024-06-30T04:00:45.059+0000] {logging_mixin.py:188} INFO - [2024-06-30T04:00:45.058+0000] {dag.py:3954} INFO - Setting next_dagrun for example_task_group to 2024-06-29 00:00:00+00:00, run_after=2024-06-30 00:00:00+00:00
[2024-06-30T04:00:45.122+0000] {processor.py:183} INFO - Processing /home/airflow/.local/lib/python3.12/site-packages/airflow/example_dags/example_task_group.py took 0.237 seconds
[2024-06-30T04:01:15.649+0000] {processor.py:161} INFO - Started process (PID=1314) to work on /home/airflow/.local/lib/python3.12/site-packages/airflow/example_dags/example_task_group.py
[2024-06-30T04:01:15.655+0000] {processor.py:830} INFO - Processing file /home/airflow/.local/lib/python3.12/site-packages/airflow/example_dags/example_task_group.py for tasks to queue
[2024-06-30T04:01:15.690+0000] {logging_mixin.py:188} INFO - [2024-06-30T04:01:15.689+0000] {dagbag.py:545} INFO - Filling up the DagBag from /home/airflow/.local/lib/python3.12/site-packages/airflow/example_dags/example_task_group.py
[2024-06-30T04:01:15.757+0000] {processor.py:840} INFO - DAG(s) 'example_task_group' retrieved from /home/airflow/.local/lib/python3.12/site-packages/airflow/example_dags/example_task_group.py
[2024-06-30T04:01:16.086+0000] {logging_mixin.py:188} INFO - [2024-06-30T04:01:16.086+0000] {dag.py:3096} INFO - Sync 1 DAGs
[2024-06-30T04:01:16.217+0000] {logging_mixin.py:188} INFO - [2024-06-30T04:01:16.217+0000] {dag.py:3954} INFO - Setting next_dagrun for example_task_group to 2024-06-29 00:00:00+00:00, run_after=2024-06-30 00:00:00+00:00
[2024-06-30T04:01:16.348+0000] {processor.py:183} INFO - Processing /home/airflow/.local/lib/python3.12/site-packages/airflow/example_dags/example_task_group.py took 0.759 seconds
[2024-06-30T04:01:47.529+0000] {processor.py:161} INFO - Started process (PID=1372) to work on /home/airflow/.local/lib/python3.12/site-packages/airflow/example_dags/example_task_group.py
[2024-06-30T04:01:47.538+0000] {processor.py:830} INFO - Processing file /home/airflow/.local/lib/python3.12/site-packages/airflow/example_dags/example_task_group.py for tasks to queue
[2024-06-30T04:01:47.543+0000] {logging_mixin.py:188} INFO - [2024-06-30T04:01:47.542+0000] {dagbag.py:545} INFO - Filling up the DagBag from /home/airflow/.local/lib/python3.12/site-packages/airflow/example_dags/example_task_group.py
[2024-06-30T04:01:47.572+0000] {processor.py:840} INFO - DAG(s) 'example_task_group' retrieved from /home/airflow/.local/lib/python3.12/site-packages/airflow/example_dags/example_task_group.py
[2024-06-30T04:01:47.682+0000] {logging_mixin.py:188} INFO - [2024-06-30T04:01:47.680+0000] {dag.py:3096} INFO - Sync 1 DAGs
[2024-06-30T04:01:47.816+0000] {logging_mixin.py:188} INFO - [2024-06-30T04:01:47.811+0000] {dag.py:3954} INFO - Setting next_dagrun for example_task_group to 2024-06-29 00:00:00+00:00, run_after=2024-06-30 00:00:00+00:00
[2024-06-30T04:01:47.997+0000] {processor.py:183} INFO - Processing /home/airflow/.local/lib/python3.12/site-packages/airflow/example_dags/example_task_group.py took 0.489 seconds
[2024-06-30T04:02:18.247+0000] {processor.py:161} INFO - Started process (PID=1429) to work on /home/airflow/.local/lib/python3.12/site-packages/airflow/example_dags/example_task_group.py
[2024-06-30T04:02:18.250+0000] {processor.py:830} INFO - Processing file /home/airflow/.local/lib/python3.12/site-packages/airflow/example_dags/example_task_group.py for tasks to queue
[2024-06-30T04:02:18.260+0000] {logging_mixin.py:188} INFO - [2024-06-30T04:02:18.259+0000] {dagbag.py:545} INFO - Filling up the DagBag from /home/airflow/.local/lib/python3.12/site-packages/airflow/example_dags/example_task_group.py
[2024-06-30T04:02:18.286+0000] {processor.py:840} INFO - DAG(s) 'example_task_group' retrieved from /home/airflow/.local/lib/python3.12/site-packages/airflow/example_dags/example_task_group.py
[2024-06-30T04:02:18.350+0000] {logging_mixin.py:188} INFO - [2024-06-30T04:02:18.350+0000] {dag.py:3096} INFO - Sync 1 DAGs
[2024-06-30T04:02:18.424+0000] {logging_mixin.py:188} INFO - [2024-06-30T04:02:18.419+0000] {dag.py:3954} INFO - Setting next_dagrun for example_task_group to 2024-06-29 00:00:00+00:00, run_after=2024-06-30 00:00:00+00:00
[2024-06-30T04:02:18.522+0000] {processor.py:183} INFO - Processing /home/airflow/.local/lib/python3.12/site-packages/airflow/example_dags/example_task_group.py took 0.295 seconds
[2024-06-30T04:02:48.886+0000] {processor.py:161} INFO - Started process (PID=1487) to work on /home/airflow/.local/lib/python3.12/site-packages/airflow/example_dags/example_task_group.py
[2024-06-30T04:02:48.889+0000] {processor.py:830} INFO - Processing file /home/airflow/.local/lib/python3.12/site-packages/airflow/example_dags/example_task_group.py for tasks to queue
[2024-06-30T04:02:48.900+0000] {logging_mixin.py:188} INFO - [2024-06-30T04:02:48.900+0000] {dagbag.py:545} INFO - Filling up the DagBag from /home/airflow/.local/lib/python3.12/site-packages/airflow/example_dags/example_task_group.py
[2024-06-30T04:02:48.921+0000] {processor.py:840} INFO - DAG(s) 'example_task_group' retrieved from /home/airflow/.local/lib/python3.12/site-packages/airflow/example_dags/example_task_group.py
[2024-06-30T04:02:48.986+0000] {logging_mixin.py:188} INFO - [2024-06-30T04:02:48.986+0000] {dag.py:3096} INFO - Sync 1 DAGs
[2024-06-30T04:02:49.050+0000] {logging_mixin.py:188} INFO - [2024-06-30T04:02:49.050+0000] {dag.py:3954} INFO - Setting next_dagrun for example_task_group to 2024-06-29 00:00:00+00:00, run_after=2024-06-30 00:00:00+00:00
[2024-06-30T04:02:49.163+0000] {processor.py:183} INFO - Processing /home/airflow/.local/lib/python3.12/site-packages/airflow/example_dags/example_task_group.py took 0.301 seconds
[2024-06-30T04:03:20.073+0000] {processor.py:161} INFO - Started process (PID=1544) to work on /home/airflow/.local/lib/python3.12/site-packages/airflow/example_dags/example_task_group.py
[2024-06-30T04:03:20.075+0000] {processor.py:830} INFO - Processing file /home/airflow/.local/lib/python3.12/site-packages/airflow/example_dags/example_task_group.py for tasks to queue
[2024-06-30T04:03:20.087+0000] {logging_mixin.py:188} INFO - [2024-06-30T04:03:20.086+0000] {dagbag.py:545} INFO - Filling up the DagBag from /home/airflow/.local/lib/python3.12/site-packages/airflow/example_dags/example_task_group.py
[2024-06-30T04:03:20.121+0000] {processor.py:840} INFO - DAG(s) 'example_task_group' retrieved from /home/airflow/.local/lib/python3.12/site-packages/airflow/example_dags/example_task_group.py
[2024-06-30T04:03:20.312+0000] {logging_mixin.py:188} INFO - [2024-06-30T04:03:20.310+0000] {dag.py:3096} INFO - Sync 1 DAGs
[2024-06-30T04:03:20.424+0000] {logging_mixin.py:188} INFO - [2024-06-30T04:03:20.423+0000] {dag.py:3954} INFO - Setting next_dagrun for example_task_group to 2024-06-29 00:00:00+00:00, run_after=2024-06-30 00:00:00+00:00
[2024-06-30T04:03:20.592+0000] {processor.py:183} INFO - Processing /home/airflow/.local/lib/python3.12/site-packages/airflow/example_dags/example_task_group.py took 0.541 seconds
[2024-06-30T04:03:51.785+0000] {processor.py:161} INFO - Started process (PID=1599) to work on /home/airflow/.local/lib/python3.12/site-packages/airflow/example_dags/example_task_group.py
[2024-06-30T04:03:51.788+0000] {processor.py:830} INFO - Processing file /home/airflow/.local/lib/python3.12/site-packages/airflow/example_dags/example_task_group.py for tasks to queue
[2024-06-30T04:03:51.799+0000] {logging_mixin.py:188} INFO - [2024-06-30T04:03:51.799+0000] {dagbag.py:545} INFO - Filling up the DagBag from /home/airflow/.local/lib/python3.12/site-packages/airflow/example_dags/example_task_group.py
[2024-06-30T04:03:51.827+0000] {processor.py:840} INFO - DAG(s) 'example_task_group' retrieved from /home/airflow/.local/lib/python3.12/site-packages/airflow/example_dags/example_task_group.py
[2024-06-30T04:03:51.912+0000] {logging_mixin.py:188} INFO - [2024-06-30T04:03:51.911+0000] {dag.py:3096} INFO - Sync 1 DAGs
[2024-06-30T04:03:52.017+0000] {logging_mixin.py:188} INFO - [2024-06-30T04:03:52.016+0000] {dag.py:3954} INFO - Setting next_dagrun for example_task_group to 2024-06-29 00:00:00+00:00, run_after=2024-06-30 00:00:00+00:00
[2024-06-30T04:03:52.184+0000] {processor.py:183} INFO - Processing /home/airflow/.local/lib/python3.12/site-packages/airflow/example_dags/example_task_group.py took 0.419 seconds
[2024-06-30T04:04:23.424+0000] {processor.py:161} INFO - Started process (PID=1656) to work on /home/airflow/.local/lib/python3.12/site-packages/airflow/example_dags/example_task_group.py
[2024-06-30T04:04:23.426+0000] {processor.py:830} INFO - Processing file /home/airflow/.local/lib/python3.12/site-packages/airflow/example_dags/example_task_group.py for tasks to queue
[2024-06-30T04:04:23.431+0000] {logging_mixin.py:188} INFO - [2024-06-30T04:04:23.430+0000] {dagbag.py:545} INFO - Filling up the DagBag from /home/airflow/.local/lib/python3.12/site-packages/airflow/example_dags/example_task_group.py
[2024-06-30T04:04:23.461+0000] {processor.py:840} INFO - DAG(s) 'example_task_group' retrieved from /home/airflow/.local/lib/python3.12/site-packages/airflow/example_dags/example_task_group.py
[2024-06-30T04:04:23.550+0000] {logging_mixin.py:188} INFO - [2024-06-30T04:04:23.549+0000] {dag.py:3096} INFO - Sync 1 DAGs
[2024-06-30T04:04:23.614+0000] {logging_mixin.py:188} INFO - [2024-06-30T04:04:23.614+0000] {dag.py:3954} INFO - Setting next_dagrun for example_task_group to 2024-06-29 00:00:00+00:00, run_after=2024-06-30 00:00:00+00:00
[2024-06-30T04:04:24.741+0000] {processor.py:183} INFO - Processing /home/airflow/.local/lib/python3.12/site-packages/airflow/example_dags/example_task_group.py took 1.333 seconds
[2024-06-30T04:04:58.473+0000] {processor.py:161} INFO - Started process (PID=1720) to work on /home/airflow/.local/lib/python3.12/site-packages/airflow/example_dags/example_task_group.py
[2024-06-30T04:04:58.497+0000] {processor.py:830} INFO - Processing file /home/airflow/.local/lib/python3.12/site-packages/airflow/example_dags/example_task_group.py for tasks to queue
[2024-06-30T04:04:58.502+0000] {logging_mixin.py:188} INFO - [2024-06-30T04:04:58.501+0000] {dagbag.py:545} INFO - Filling up the DagBag from /home/airflow/.local/lib/python3.12/site-packages/airflow/example_dags/example_task_group.py
[2024-06-30T04:04:58.550+0000] {processor.py:840} INFO - DAG(s) 'example_task_group' retrieved from /home/airflow/.local/lib/python3.12/site-packages/airflow/example_dags/example_task_group.py
[2024-06-30T04:04:58.814+0000] {logging_mixin.py:188} INFO - [2024-06-30T04:04:58.814+0000] {dag.py:3096} INFO - Sync 1 DAGs
[2024-06-30T04:04:59.111+0000] {logging_mixin.py:188} INFO - [2024-06-30T04:04:59.111+0000] {dag.py:3954} INFO - Setting next_dagrun for example_task_group to 2024-06-29 00:00:00+00:00, run_after=2024-06-30 00:00:00+00:00
[2024-06-30T04:05:00.264+0000] {processor.py:183} INFO - Processing /home/airflow/.local/lib/python3.12/site-packages/airflow/example_dags/example_task_group.py took 1.828 seconds
[2024-06-30T04:05:30.465+0000] {processor.py:161} INFO - Started process (PID=1777) to work on /home/airflow/.local/lib/python3.12/site-packages/airflow/example_dags/example_task_group.py
[2024-06-30T04:05:30.467+0000] {processor.py:830} INFO - Processing file /home/airflow/.local/lib/python3.12/site-packages/airflow/example_dags/example_task_group.py for tasks to queue
[2024-06-30T04:05:30.470+0000] {logging_mixin.py:188} INFO - [2024-06-30T04:05:30.470+0000] {dagbag.py:545} INFO - Filling up the DagBag from /home/airflow/.local/lib/python3.12/site-packages/airflow/example_dags/example_task_group.py
[2024-06-30T04:05:30.489+0000] {processor.py:840} INFO - DAG(s) 'example_task_group' retrieved from /home/airflow/.local/lib/python3.12/site-packages/airflow/example_dags/example_task_group.py
[2024-06-30T04:05:30.533+0000] {logging_mixin.py:188} INFO - [2024-06-30T04:05:30.533+0000] {dag.py:3096} INFO - Sync 1 DAGs
[2024-06-30T04:05:30.581+0000] {logging_mixin.py:188} INFO - [2024-06-30T04:05:30.580+0000] {dag.py:3954} INFO - Setting next_dagrun for example_task_group to 2024-06-29 00:00:00+00:00, run_after=2024-06-30 00:00:00+00:00
[2024-06-30T04:05:30.703+0000] {processor.py:183} INFO - Processing /home/airflow/.local/lib/python3.12/site-packages/airflow/example_dags/example_task_group.py took 0.251 seconds
[2024-06-30T04:06:01.228+0000] {processor.py:161} INFO - Started process (PID=1835) to work on /home/airflow/.local/lib/python3.12/site-packages/airflow/example_dags/example_task_group.py
[2024-06-30T04:06:01.234+0000] {processor.py:830} INFO - Processing file /home/airflow/.local/lib/python3.12/site-packages/airflow/example_dags/example_task_group.py for tasks to queue
[2024-06-30T04:06:01.239+0000] {logging_mixin.py:188} INFO - [2024-06-30T04:06:01.238+0000] {dagbag.py:545} INFO - Filling up the DagBag from /home/airflow/.local/lib/python3.12/site-packages/airflow/example_dags/example_task_group.py
[2024-06-30T04:06:01.251+0000] {processor.py:840} INFO - DAG(s) 'example_task_group' retrieved from /home/airflow/.local/lib/python3.12/site-packages/airflow/example_dags/example_task_group.py
[2024-06-30T04:06:01.306+0000] {logging_mixin.py:188} INFO - [2024-06-30T04:06:01.305+0000] {dag.py:3096} INFO - Sync 1 DAGs
[2024-06-30T04:06:01.362+0000] {logging_mixin.py:188} INFO - [2024-06-30T04:06:01.362+0000] {dag.py:3954} INFO - Setting next_dagrun for example_task_group to 2024-06-29 00:00:00+00:00, run_after=2024-06-30 00:00:00+00:00
[2024-06-30T04:06:01.472+0000] {processor.py:183} INFO - Processing /home/airflow/.local/lib/python3.12/site-packages/airflow/example_dags/example_task_group.py took 0.267 seconds
[2024-06-30T04:06:32.675+0000] {processor.py:161} INFO - Started process (PID=1893) to work on /home/airflow/.local/lib/python3.12/site-packages/airflow/example_dags/example_task_group.py
[2024-06-30T04:06:32.682+0000] {processor.py:830} INFO - Processing file /home/airflow/.local/lib/python3.12/site-packages/airflow/example_dags/example_task_group.py for tasks to queue
[2024-06-30T04:06:32.688+0000] {logging_mixin.py:188} INFO - [2024-06-30T04:06:32.687+0000] {dagbag.py:545} INFO - Filling up the DagBag from /home/airflow/.local/lib/python3.12/site-packages/airflow/example_dags/example_task_group.py
[2024-06-30T04:06:32.716+0000] {processor.py:840} INFO - DAG(s) 'example_task_group' retrieved from /home/airflow/.local/lib/python3.12/site-packages/airflow/example_dags/example_task_group.py
[2024-06-30T04:06:32.814+0000] {logging_mixin.py:188} INFO - [2024-06-30T04:06:32.813+0000] {dag.py:3096} INFO - Sync 1 DAGs
[2024-06-30T04:06:32.933+0000] {logging_mixin.py:188} INFO - [2024-06-30T04:06:32.932+0000] {dag.py:3954} INFO - Setting next_dagrun for example_task_group to 2024-06-29 00:00:00+00:00, run_after=2024-06-30 00:00:00+00:00
[2024-06-30T04:06:33.009+0000] {processor.py:183} INFO - Processing /home/airflow/.local/lib/python3.12/site-packages/airflow/example_dags/example_task_group.py took 0.355 seconds
[2024-06-30T04:07:03.215+0000] {processor.py:161} INFO - Started process (PID=1950) to work on /home/airflow/.local/lib/python3.12/site-packages/airflow/example_dags/example_task_group.py
[2024-06-30T04:07:03.220+0000] {processor.py:830} INFO - Processing file /home/airflow/.local/lib/python3.12/site-packages/airflow/example_dags/example_task_group.py for tasks to queue
[2024-06-30T04:07:03.224+0000] {logging_mixin.py:188} INFO - [2024-06-30T04:07:03.223+0000] {dagbag.py:545} INFO - Filling up the DagBag from /home/airflow/.local/lib/python3.12/site-packages/airflow/example_dags/example_task_group.py
[2024-06-30T04:07:03.240+0000] {processor.py:840} INFO - DAG(s) 'example_task_group' retrieved from /home/airflow/.local/lib/python3.12/site-packages/airflow/example_dags/example_task_group.py
[2024-06-30T04:07:03.307+0000] {logging_mixin.py:188} INFO - [2024-06-30T04:07:03.307+0000] {dag.py:3096} INFO - Sync 1 DAGs
[2024-06-30T04:07:03.396+0000] {logging_mixin.py:188} INFO - [2024-06-30T04:07:03.396+0000] {dag.py:3954} INFO - Setting next_dagrun for example_task_group to 2024-06-29 00:00:00+00:00, run_after=2024-06-30 00:00:00+00:00
[2024-06-30T04:07:03.458+0000] {processor.py:183} INFO - Processing /home/airflow/.local/lib/python3.12/site-packages/airflow/example_dags/example_task_group.py took 0.264 seconds
[2024-06-30T04:07:34.223+0000] {processor.py:161} INFO - Started process (PID=2008) to work on /home/airflow/.local/lib/python3.12/site-packages/airflow/example_dags/example_task_group.py
[2024-06-30T04:07:34.229+0000] {processor.py:830} INFO - Processing file /home/airflow/.local/lib/python3.12/site-packages/airflow/example_dags/example_task_group.py for tasks to queue
[2024-06-30T04:07:34.243+0000] {logging_mixin.py:188} INFO - [2024-06-30T04:07:34.242+0000] {dagbag.py:545} INFO - Filling up the DagBag from /home/airflow/.local/lib/python3.12/site-packages/airflow/example_dags/example_task_group.py
[2024-06-30T04:07:34.265+0000] {processor.py:840} INFO - DAG(s) 'example_task_group' retrieved from /home/airflow/.local/lib/python3.12/site-packages/airflow/example_dags/example_task_group.py
[2024-06-30T04:07:34.401+0000] {logging_mixin.py:188} INFO - [2024-06-30T04:07:34.401+0000] {dag.py:3096} INFO - Sync 1 DAGs
[2024-06-30T04:07:34.539+0000] {logging_mixin.py:188} INFO - [2024-06-30T04:07:34.539+0000] {dag.py:3954} INFO - Setting next_dagrun for example_task_group to 2024-06-29 00:00:00+00:00, run_after=2024-06-30 00:00:00+00:00
[2024-06-30T04:07:34.694+0000] {processor.py:183} INFO - Processing /home/airflow/.local/lib/python3.12/site-packages/airflow/example_dags/example_task_group.py took 0.497 seconds
[2024-06-30T04:08:04.904+0000] {processor.py:161} INFO - Started process (PID=2065) to work on /home/airflow/.local/lib/python3.12/site-packages/airflow/example_dags/example_task_group.py
[2024-06-30T04:08:04.913+0000] {processor.py:830} INFO - Processing file /home/airflow/.local/lib/python3.12/site-packages/airflow/example_dags/example_task_group.py for tasks to queue
[2024-06-30T04:08:04.917+0000] {logging_mixin.py:188} INFO - [2024-06-30T04:08:04.916+0000] {dagbag.py:545} INFO - Filling up the DagBag from /home/airflow/.local/lib/python3.12/site-packages/airflow/example_dags/example_task_group.py
[2024-06-30T04:08:04.944+0000] {processor.py:840} INFO - DAG(s) 'example_task_group' retrieved from /home/airflow/.local/lib/python3.12/site-packages/airflow/example_dags/example_task_group.py
[2024-06-30T04:08:04.997+0000] {logging_mixin.py:188} INFO - [2024-06-30T04:08:04.997+0000] {dag.py:3096} INFO - Sync 1 DAGs
[2024-06-30T04:08:05.067+0000] {logging_mixin.py:188} INFO - [2024-06-30T04:08:05.067+0000] {dag.py:3954} INFO - Setting next_dagrun for example_task_group to 2024-06-29 00:00:00+00:00, run_after=2024-06-30 00:00:00+00:00
[2024-06-30T04:08:05.120+0000] {processor.py:183} INFO - Processing /home/airflow/.local/lib/python3.12/site-packages/airflow/example_dags/example_task_group.py took 0.236 seconds
[2024-06-30T04:08:35.556+0000] {processor.py:161} INFO - Started process (PID=2124) to work on /home/airflow/.local/lib/python3.12/site-packages/airflow/example_dags/example_task_group.py
[2024-06-30T04:08:35.565+0000] {processor.py:830} INFO - Processing file /home/airflow/.local/lib/python3.12/site-packages/airflow/example_dags/example_task_group.py for tasks to queue
[2024-06-30T04:08:35.573+0000] {logging_mixin.py:188} INFO - [2024-06-30T04:08:35.573+0000] {dagbag.py:545} INFO - Filling up the DagBag from /home/airflow/.local/lib/python3.12/site-packages/airflow/example_dags/example_task_group.py
[2024-06-30T04:08:35.620+0000] {processor.py:840} INFO - DAG(s) 'example_task_group' retrieved from /home/airflow/.local/lib/python3.12/site-packages/airflow/example_dags/example_task_group.py
[2024-06-30T04:08:35.752+0000] {logging_mixin.py:188} INFO - [2024-06-30T04:08:35.751+0000] {dag.py:3096} INFO - Sync 1 DAGs
[2024-06-30T04:08:35.951+0000] {logging_mixin.py:188} INFO - [2024-06-30T04:08:35.950+0000] {dag.py:3954} INFO - Setting next_dagrun for example_task_group to 2024-06-29 00:00:00+00:00, run_after=2024-06-30 00:00:00+00:00
[2024-06-30T04:08:36.189+0000] {processor.py:183} INFO - Processing /home/airflow/.local/lib/python3.12/site-packages/airflow/example_dags/example_task_group.py took 0.655 seconds
[2024-06-30T04:09:06.315+0000] {processor.py:161} INFO - Started process (PID=2181) to work on /home/airflow/.local/lib/python3.12/site-packages/airflow/example_dags/example_task_group.py
[2024-06-30T04:09:06.317+0000] {processor.py:830} INFO - Processing file /home/airflow/.local/lib/python3.12/site-packages/airflow/example_dags/example_task_group.py for tasks to queue
[2024-06-30T04:09:06.323+0000] {logging_mixin.py:188} INFO - [2024-06-30T04:09:06.322+0000] {dagbag.py:545} INFO - Filling up the DagBag from /home/airflow/.local/lib/python3.12/site-packages/airflow/example_dags/example_task_group.py
[2024-06-30T04:09:06.339+0000] {processor.py:840} INFO - DAG(s) 'example_task_group' retrieved from /home/airflow/.local/lib/python3.12/site-packages/airflow/example_dags/example_task_group.py
[2024-06-30T04:09:06.426+0000] {logging_mixin.py:188} INFO - [2024-06-30T04:09:06.425+0000] {dag.py:3096} INFO - Sync 1 DAGs
[2024-06-30T04:09:06.535+0000] {logging_mixin.py:188} INFO - [2024-06-30T04:09:06.534+0000] {dag.py:3954} INFO - Setting next_dagrun for example_task_group to 2024-06-29 00:00:00+00:00, run_after=2024-06-30 00:00:00+00:00
[2024-06-30T04:09:06.641+0000] {processor.py:183} INFO - Processing /home/airflow/.local/lib/python3.12/site-packages/airflow/example_dags/example_task_group.py took 0.338 seconds
[2024-06-30T04:09:37.447+0000] {processor.py:161} INFO - Started process (PID=2247) to work on /home/airflow/.local/lib/python3.12/site-packages/airflow/example_dags/example_task_group.py
[2024-06-30T04:09:37.449+0000] {processor.py:830} INFO - Processing file /home/airflow/.local/lib/python3.12/site-packages/airflow/example_dags/example_task_group.py for tasks to queue
[2024-06-30T04:09:37.452+0000] {logging_mixin.py:188} INFO - [2024-06-30T04:09:37.451+0000] {dagbag.py:545} INFO - Filling up the DagBag from /home/airflow/.local/lib/python3.12/site-packages/airflow/example_dags/example_task_group.py
[2024-06-30T04:09:37.465+0000] {processor.py:840} INFO - DAG(s) 'example_task_group' retrieved from /home/airflow/.local/lib/python3.12/site-packages/airflow/example_dags/example_task_group.py
[2024-06-30T04:09:37.518+0000] {logging_mixin.py:188} INFO - [2024-06-30T04:09:37.517+0000] {dag.py:3096} INFO - Sync 1 DAGs
[2024-06-30T04:09:37.595+0000] {logging_mixin.py:188} INFO - [2024-06-30T04:09:37.595+0000] {dag.py:3954} INFO - Setting next_dagrun for example_task_group to 2024-06-29 00:00:00+00:00, run_after=2024-06-30 00:00:00+00:00
[2024-06-30T04:09:37.692+0000] {processor.py:183} INFO - Processing /home/airflow/.local/lib/python3.12/site-packages/airflow/example_dags/example_task_group.py took 0.255 seconds
[2024-06-30T04:10:08.403+0000] {processor.py:161} INFO - Started process (PID=2305) to work on /home/airflow/.local/lib/python3.12/site-packages/airflow/example_dags/example_task_group.py
[2024-06-30T04:10:08.405+0000] {processor.py:830} INFO - Processing file /home/airflow/.local/lib/python3.12/site-packages/airflow/example_dags/example_task_group.py for tasks to queue
[2024-06-30T04:10:08.410+0000] {logging_mixin.py:188} INFO - [2024-06-30T04:10:08.410+0000] {dagbag.py:545} INFO - Filling up the DagBag from /home/airflow/.local/lib/python3.12/site-packages/airflow/example_dags/example_task_group.py
[2024-06-30T04:10:08.429+0000] {processor.py:840} INFO - DAG(s) 'example_task_group' retrieved from /home/airflow/.local/lib/python3.12/site-packages/airflow/example_dags/example_task_group.py
[2024-06-30T04:10:08.475+0000] {logging_mixin.py:188} INFO - [2024-06-30T04:10:08.474+0000] {dag.py:3096} INFO - Sync 1 DAGs
[2024-06-30T04:10:08.524+0000] {logging_mixin.py:188} INFO - [2024-06-30T04:10:08.524+0000] {dag.py:3954} INFO - Setting next_dagrun for example_task_group to 2024-06-29 00:00:00+00:00, run_after=2024-06-30 00:00:00+00:00
[2024-06-30T04:10:08.557+0000] {processor.py:183} INFO - Processing /home/airflow/.local/lib/python3.12/site-packages/airflow/example_dags/example_task_group.py took 0.162 seconds
[2024-06-30T04:10:38.783+0000] {processor.py:161} INFO - Started process (PID=2363) to work on /home/airflow/.local/lib/python3.12/site-packages/airflow/example_dags/example_task_group.py
[2024-06-30T04:10:38.785+0000] {processor.py:830} INFO - Processing file /home/airflow/.local/lib/python3.12/site-packages/airflow/example_dags/example_task_group.py for tasks to queue
[2024-06-30T04:10:38.788+0000] {logging_mixin.py:188} INFO - [2024-06-30T04:10:38.787+0000] {dagbag.py:545} INFO - Filling up the DagBag from /home/airflow/.local/lib/python3.12/site-packages/airflow/example_dags/example_task_group.py
[2024-06-30T04:10:38.802+0000] {processor.py:840} INFO - DAG(s) 'example_task_group' retrieved from /home/airflow/.local/lib/python3.12/site-packages/airflow/example_dags/example_task_group.py
[2024-06-30T04:10:38.838+0000] {logging_mixin.py:188} INFO - [2024-06-30T04:10:38.838+0000] {dag.py:3096} INFO - Sync 1 DAGs
[2024-06-30T04:10:38.874+0000] {logging_mixin.py:188} INFO - [2024-06-30T04:10:38.873+0000] {dag.py:3954} INFO - Setting next_dagrun for example_task_group to 2024-06-29 00:00:00+00:00, run_after=2024-06-30 00:00:00+00:00
[2024-06-30T04:10:38.905+0000] {processor.py:183} INFO - Processing /home/airflow/.local/lib/python3.12/site-packages/airflow/example_dags/example_task_group.py took 0.131 seconds
[2024-06-30T04:11:09.272+0000] {processor.py:161} INFO - Started process (PID=2421) to work on /home/airflow/.local/lib/python3.12/site-packages/airflow/example_dags/example_task_group.py
[2024-06-30T04:11:09.283+0000] {processor.py:830} INFO - Processing file /home/airflow/.local/lib/python3.12/site-packages/airflow/example_dags/example_task_group.py for tasks to queue
[2024-06-30T04:11:09.286+0000] {logging_mixin.py:188} INFO - [2024-06-30T04:11:09.286+0000] {dagbag.py:545} INFO - Filling up the DagBag from /home/airflow/.local/lib/python3.12/site-packages/airflow/example_dags/example_task_group.py
[2024-06-30T04:11:09.305+0000] {processor.py:840} INFO - DAG(s) 'example_task_group' retrieved from /home/airflow/.local/lib/python3.12/site-packages/airflow/example_dags/example_task_group.py
[2024-06-30T04:11:09.396+0000] {logging_mixin.py:188} INFO - [2024-06-30T04:11:09.395+0000] {dag.py:3096} INFO - Sync 1 DAGs
[2024-06-30T04:11:09.478+0000] {logging_mixin.py:188} INFO - [2024-06-30T04:11:09.477+0000] {dag.py:3954} INFO - Setting next_dagrun for example_task_group to 2024-06-29 00:00:00+00:00, run_after=2024-06-30 00:00:00+00:00
[2024-06-30T04:11:09.569+0000] {processor.py:183} INFO - Processing /home/airflow/.local/lib/python3.12/site-packages/airflow/example_dags/example_task_group.py took 0.314 seconds
[2024-06-30T04:11:39.877+0000] {processor.py:161} INFO - Started process (PID=2478) to work on /home/airflow/.local/lib/python3.12/site-packages/airflow/example_dags/example_task_group.py
[2024-06-30T04:11:39.878+0000] {processor.py:830} INFO - Processing file /home/airflow/.local/lib/python3.12/site-packages/airflow/example_dags/example_task_group.py for tasks to queue
[2024-06-30T04:11:39.882+0000] {logging_mixin.py:188} INFO - [2024-06-30T04:11:39.881+0000] {dagbag.py:545} INFO - Filling up the DagBag from /home/airflow/.local/lib/python3.12/site-packages/airflow/example_dags/example_task_group.py
[2024-06-30T04:11:39.897+0000] {processor.py:840} INFO - DAG(s) 'example_task_group' retrieved from /home/airflow/.local/lib/python3.12/site-packages/airflow/example_dags/example_task_group.py
[2024-06-30T04:11:39.966+0000] {logging_mixin.py:188} INFO - [2024-06-30T04:11:39.965+0000] {dag.py:3096} INFO - Sync 1 DAGs
[2024-06-30T04:11:40.015+0000] {logging_mixin.py:188} INFO - [2024-06-30T04:11:40.014+0000] {dag.py:3954} INFO - Setting next_dagrun for example_task_group to 2024-06-29 00:00:00+00:00, run_after=2024-06-30 00:00:00+00:00
[2024-06-30T04:11:40.063+0000] {processor.py:183} INFO - Processing /home/airflow/.local/lib/python3.12/site-packages/airflow/example_dags/example_task_group.py took 0.195 seconds
[2024-06-30T04:12:10.502+0000] {processor.py:161} INFO - Started process (PID=2536) to work on /home/airflow/.local/lib/python3.12/site-packages/airflow/example_dags/example_task_group.py
[2024-06-30T04:12:10.504+0000] {processor.py:830} INFO - Processing file /home/airflow/.local/lib/python3.12/site-packages/airflow/example_dags/example_task_group.py for tasks to queue
[2024-06-30T04:12:10.507+0000] {logging_mixin.py:188} INFO - [2024-06-30T04:12:10.507+0000] {dagbag.py:545} INFO - Filling up the DagBag from /home/airflow/.local/lib/python3.12/site-packages/airflow/example_dags/example_task_group.py
[2024-06-30T04:12:10.519+0000] {processor.py:840} INFO - DAG(s) 'example_task_group' retrieved from /home/airflow/.local/lib/python3.12/site-packages/airflow/example_dags/example_task_group.py
[2024-06-30T04:12:10.563+0000] {logging_mixin.py:188} INFO - [2024-06-30T04:12:10.562+0000] {dag.py:3096} INFO - Sync 1 DAGs
[2024-06-30T04:12:10.613+0000] {logging_mixin.py:188} INFO - [2024-06-30T04:12:10.612+0000] {dag.py:3954} INFO - Setting next_dagrun for example_task_group to 2024-06-29 00:00:00+00:00, run_after=2024-06-30 00:00:00+00:00
[2024-06-30T04:12:10.649+0000] {processor.py:183} INFO - Processing /home/airflow/.local/lib/python3.12/site-packages/airflow/example_dags/example_task_group.py took 0.155 seconds
[2024-06-30T04:12:40.836+0000] {processor.py:161} INFO - Started process (PID=2594) to work on /home/airflow/.local/lib/python3.12/site-packages/airflow/example_dags/example_task_group.py
[2024-06-30T04:12:40.838+0000] {processor.py:830} INFO - Processing file /home/airflow/.local/lib/python3.12/site-packages/airflow/example_dags/example_task_group.py for tasks to queue
[2024-06-30T04:12:40.841+0000] {logging_mixin.py:188} INFO - [2024-06-30T04:12:40.840+0000] {dagbag.py:545} INFO - Filling up the DagBag from /home/airflow/.local/lib/python3.12/site-packages/airflow/example_dags/example_task_group.py
[2024-06-30T04:12:40.852+0000] {processor.py:840} INFO - DAG(s) 'example_task_group' retrieved from /home/airflow/.local/lib/python3.12/site-packages/airflow/example_dags/example_task_group.py
[2024-06-30T04:12:40.886+0000] {logging_mixin.py:188} INFO - [2024-06-30T04:12:40.886+0000] {dag.py:3096} INFO - Sync 1 DAGs
[2024-06-30T04:12:40.922+0000] {logging_mixin.py:188} INFO - [2024-06-30T04:12:40.922+0000] {dag.py:3954} INFO - Setting next_dagrun for example_task_group to 2024-06-29 00:00:00+00:00, run_after=2024-06-30 00:00:00+00:00
[2024-06-30T04:12:40.960+0000] {processor.py:183} INFO - Processing /home/airflow/.local/lib/python3.12/site-packages/airflow/example_dags/example_task_group.py took 0.135 seconds
[2024-06-30T04:13:11.120+0000] {processor.py:161} INFO - Started process (PID=2652) to work on /home/airflow/.local/lib/python3.12/site-packages/airflow/example_dags/example_task_group.py
[2024-06-30T04:13:11.122+0000] {processor.py:830} INFO - Processing file /home/airflow/.local/lib/python3.12/site-packages/airflow/example_dags/example_task_group.py for tasks to queue
[2024-06-30T04:13:11.125+0000] {logging_mixin.py:188} INFO - [2024-06-30T04:13:11.124+0000] {dagbag.py:545} INFO - Filling up the DagBag from /home/airflow/.local/lib/python3.12/site-packages/airflow/example_dags/example_task_group.py
[2024-06-30T04:13:11.134+0000] {processor.py:840} INFO - DAG(s) 'example_task_group' retrieved from /home/airflow/.local/lib/python3.12/site-packages/airflow/example_dags/example_task_group.py
[2024-06-30T04:13:11.195+0000] {logging_mixin.py:188} INFO - [2024-06-30T04:13:11.194+0000] {dag.py:3096} INFO - Sync 1 DAGs
[2024-06-30T04:13:11.272+0000] {logging_mixin.py:188} INFO - [2024-06-30T04:13:11.272+0000] {dag.py:3954} INFO - Setting next_dagrun for example_task_group to 2024-06-29 00:00:00+00:00, run_after=2024-06-30 00:00:00+00:00
[2024-06-30T04:13:11.334+0000] {processor.py:183} INFO - Processing /home/airflow/.local/lib/python3.12/site-packages/airflow/example_dags/example_task_group.py took 0.224 seconds
[2024-06-30T04:13:41.592+0000] {processor.py:161} INFO - Started process (PID=2712) to work on /home/airflow/.local/lib/python3.12/site-packages/airflow/example_dags/example_task_group.py
[2024-06-30T04:13:41.593+0000] {processor.py:830} INFO - Processing file /home/airflow/.local/lib/python3.12/site-packages/airflow/example_dags/example_task_group.py for tasks to queue
[2024-06-30T04:13:41.595+0000] {logging_mixin.py:188} INFO - [2024-06-30T04:13:41.595+0000] {dagbag.py:545} INFO - Filling up the DagBag from /home/airflow/.local/lib/python3.12/site-packages/airflow/example_dags/example_task_group.py
[2024-06-30T04:13:41.606+0000] {processor.py:840} INFO - DAG(s) 'example_task_group' retrieved from /home/airflow/.local/lib/python3.12/site-packages/airflow/example_dags/example_task_group.py
[2024-06-30T04:13:41.642+0000] {logging_mixin.py:188} INFO - [2024-06-30T04:13:41.641+0000] {dag.py:3096} INFO - Sync 1 DAGs
[2024-06-30T04:13:41.680+0000] {logging_mixin.py:188} INFO - [2024-06-30T04:13:41.679+0000] {dag.py:3954} INFO - Setting next_dagrun for example_task_group to 2024-06-29 00:00:00+00:00, run_after=2024-06-30 00:00:00+00:00
[2024-06-30T04:13:41.715+0000] {processor.py:183} INFO - Processing /home/airflow/.local/lib/python3.12/site-packages/airflow/example_dags/example_task_group.py took 0.133 seconds
[2024-06-30T04:14:11.875+0000] {processor.py:161} INFO - Started process (PID=2770) to work on /home/airflow/.local/lib/python3.12/site-packages/airflow/example_dags/example_task_group.py
[2024-06-30T04:14:11.876+0000] {processor.py:830} INFO - Processing file /home/airflow/.local/lib/python3.12/site-packages/airflow/example_dags/example_task_group.py for tasks to queue
[2024-06-30T04:14:11.879+0000] {logging_mixin.py:188} INFO - [2024-06-30T04:14:11.878+0000] {dagbag.py:545} INFO - Filling up the DagBag from /home/airflow/.local/lib/python3.12/site-packages/airflow/example_dags/example_task_group.py
[2024-06-30T04:14:11.891+0000] {processor.py:840} INFO - DAG(s) 'example_task_group' retrieved from /home/airflow/.local/lib/python3.12/site-packages/airflow/example_dags/example_task_group.py
[2024-06-30T04:14:11.924+0000] {logging_mixin.py:188} INFO - [2024-06-30T04:14:11.924+0000] {dag.py:3096} INFO - Sync 1 DAGs
[2024-06-30T04:14:11.955+0000] {logging_mixin.py:188} INFO - [2024-06-30T04:14:11.955+0000] {dag.py:3954} INFO - Setting next_dagrun for example_task_group to 2024-06-29 00:00:00+00:00, run_after=2024-06-30 00:00:00+00:00
[2024-06-30T04:14:11.984+0000] {processor.py:183} INFO - Processing /home/airflow/.local/lib/python3.12/site-packages/airflow/example_dags/example_task_group.py took 0.116 seconds
[2024-06-30T04:14:42.226+0000] {processor.py:161} INFO - Started process (PID=2828) to work on /home/airflow/.local/lib/python3.12/site-packages/airflow/example_dags/example_task_group.py
[2024-06-30T04:14:42.228+0000] {processor.py:830} INFO - Processing file /home/airflow/.local/lib/python3.12/site-packages/airflow/example_dags/example_task_group.py for tasks to queue
[2024-06-30T04:14:42.232+0000] {logging_mixin.py:188} INFO - [2024-06-30T04:14:42.231+0000] {dagbag.py:545} INFO - Filling up the DagBag from /home/airflow/.local/lib/python3.12/site-packages/airflow/example_dags/example_task_group.py
[2024-06-30T04:14:42.249+0000] {processor.py:840} INFO - DAG(s) 'example_task_group' retrieved from /home/airflow/.local/lib/python3.12/site-packages/airflow/example_dags/example_task_group.py
[2024-06-30T04:14:42.300+0000] {logging_mixin.py:188} INFO - [2024-06-30T04:14:42.299+0000] {dag.py:3096} INFO - Sync 1 DAGs
[2024-06-30T04:14:42.355+0000] {logging_mixin.py:188} INFO - [2024-06-30T04:14:42.355+0000] {dag.py:3954} INFO - Setting next_dagrun for example_task_group to 2024-06-29 00:00:00+00:00, run_after=2024-06-30 00:00:00+00:00
[2024-06-30T04:14:42.435+0000] {processor.py:183} INFO - Processing /home/airflow/.local/lib/python3.12/site-packages/airflow/example_dags/example_task_group.py took 0.222 seconds
[2024-06-30T04:15:12.789+0000] {processor.py:161} INFO - Started process (PID=2886) to work on /home/airflow/.local/lib/python3.12/site-packages/airflow/example_dags/example_task_group.py
[2024-06-30T04:15:12.790+0000] {processor.py:830} INFO - Processing file /home/airflow/.local/lib/python3.12/site-packages/airflow/example_dags/example_task_group.py for tasks to queue
[2024-06-30T04:15:12.792+0000] {logging_mixin.py:188} INFO - [2024-06-30T04:15:12.792+0000] {dagbag.py:545} INFO - Filling up the DagBag from /home/airflow/.local/lib/python3.12/site-packages/airflow/example_dags/example_task_group.py
[2024-06-30T04:15:12.805+0000] {processor.py:840} INFO - DAG(s) 'example_task_group' retrieved from /home/airflow/.local/lib/python3.12/site-packages/airflow/example_dags/example_task_group.py
[2024-06-30T04:15:12.845+0000] {logging_mixin.py:188} INFO - [2024-06-30T04:15:12.845+0000] {dag.py:3096} INFO - Sync 1 DAGs
[2024-06-30T04:15:12.891+0000] {logging_mixin.py:188} INFO - [2024-06-30T04:15:12.891+0000] {dag.py:3954} INFO - Setting next_dagrun for example_task_group to 2024-06-29 00:00:00+00:00, run_after=2024-06-30 00:00:00+00:00
[2024-06-30T04:15:12.928+0000] {processor.py:183} INFO - Processing /home/airflow/.local/lib/python3.12/site-packages/airflow/example_dags/example_task_group.py took 0.147 seconds
[2024-06-30T04:15:43.499+0000] {processor.py:161} INFO - Started process (PID=2944) to work on /home/airflow/.local/lib/python3.12/site-packages/airflow/example_dags/example_task_group.py
[2024-06-30T04:15:43.501+0000] {processor.py:830} INFO - Processing file /home/airflow/.local/lib/python3.12/site-packages/airflow/example_dags/example_task_group.py for tasks to queue
[2024-06-30T04:15:43.509+0000] {logging_mixin.py:188} INFO - [2024-06-30T04:15:43.507+0000] {dagbag.py:545} INFO - Filling up the DagBag from /home/airflow/.local/lib/python3.12/site-packages/airflow/example_dags/example_task_group.py
[2024-06-30T04:15:43.530+0000] {processor.py:840} INFO - DAG(s) 'example_task_group' retrieved from /home/airflow/.local/lib/python3.12/site-packages/airflow/example_dags/example_task_group.py
[2024-06-30T04:15:43.584+0000] {logging_mixin.py:188} INFO - [2024-06-30T04:15:43.583+0000] {dag.py:3096} INFO - Sync 1 DAGs
[2024-06-30T04:15:43.653+0000] {logging_mixin.py:188} INFO - [2024-06-30T04:15:43.653+0000] {dag.py:3954} INFO - Setting next_dagrun for example_task_group to 2024-06-29 00:00:00+00:00, run_after=2024-06-30 00:00:00+00:00
[2024-06-30T04:15:43.729+0000] {processor.py:183} INFO - Processing /home/airflow/.local/lib/python3.12/site-packages/airflow/example_dags/example_task_group.py took 0.247 seconds
[2024-06-30T04:16:13.841+0000] {processor.py:161} INFO - Started process (PID=3001) to work on /home/airflow/.local/lib/python3.12/site-packages/airflow/example_dags/example_task_group.py
[2024-06-30T04:16:13.843+0000] {processor.py:830} INFO - Processing file /home/airflow/.local/lib/python3.12/site-packages/airflow/example_dags/example_task_group.py for tasks to queue
[2024-06-30T04:16:13.847+0000] {logging_mixin.py:188} INFO - [2024-06-30T04:16:13.846+0000] {dagbag.py:545} INFO - Filling up the DagBag from /home/airflow/.local/lib/python3.12/site-packages/airflow/example_dags/example_task_group.py
[2024-06-30T04:16:13.862+0000] {processor.py:840} INFO - DAG(s) 'example_task_group' retrieved from /home/airflow/.local/lib/python3.12/site-packages/airflow/example_dags/example_task_group.py
[2024-06-30T04:16:13.912+0000] {logging_mixin.py:188} INFO - [2024-06-30T04:16:13.911+0000] {dag.py:3096} INFO - Sync 1 DAGs
[2024-06-30T04:16:13.963+0000] {logging_mixin.py:188} INFO - [2024-06-30T04:16:13.962+0000] {dag.py:3954} INFO - Setting next_dagrun for example_task_group to 2024-06-29 00:00:00+00:00, run_after=2024-06-30 00:00:00+00:00
[2024-06-30T04:16:14.005+0000] {processor.py:183} INFO - Processing /home/airflow/.local/lib/python3.12/site-packages/airflow/example_dags/example_task_group.py took 0.175 seconds
[2024-06-30T04:16:44.294+0000] {processor.py:161} INFO - Started process (PID=3058) to work on /home/airflow/.local/lib/python3.12/site-packages/airflow/example_dags/example_task_group.py
[2024-06-30T04:16:44.296+0000] {processor.py:830} INFO - Processing file /home/airflow/.local/lib/python3.12/site-packages/airflow/example_dags/example_task_group.py for tasks to queue
[2024-06-30T04:16:44.300+0000] {logging_mixin.py:188} INFO - [2024-06-30T04:16:44.299+0000] {dagbag.py:545} INFO - Filling up the DagBag from /home/airflow/.local/lib/python3.12/site-packages/airflow/example_dags/example_task_group.py
[2024-06-30T04:16:44.314+0000] {processor.py:840} INFO - DAG(s) 'example_task_group' retrieved from /home/airflow/.local/lib/python3.12/site-packages/airflow/example_dags/example_task_group.py
[2024-06-30T04:16:44.391+0000] {logging_mixin.py:188} INFO - [2024-06-30T04:16:44.391+0000] {dag.py:3096} INFO - Sync 1 DAGs
[2024-06-30T04:16:44.468+0000] {logging_mixin.py:188} INFO - [2024-06-30T04:16:44.467+0000] {dag.py:3954} INFO - Setting next_dagrun for example_task_group to 2024-06-29 00:00:00+00:00, run_after=2024-06-30 00:00:00+00:00
[2024-06-30T04:16:44.529+0000] {processor.py:183} INFO - Processing /home/airflow/.local/lib/python3.12/site-packages/airflow/example_dags/example_task_group.py took 0.245 seconds
[2024-06-30T04:17:14.767+0000] {processor.py:161} INFO - Started process (PID=3115) to work on /home/airflow/.local/lib/python3.12/site-packages/airflow/example_dags/example_task_group.py
[2024-06-30T04:17:14.771+0000] {processor.py:830} INFO - Processing file /home/airflow/.local/lib/python3.12/site-packages/airflow/example_dags/example_task_group.py for tasks to queue
[2024-06-30T04:17:14.773+0000] {logging_mixin.py:188} INFO - [2024-06-30T04:17:14.773+0000] {dagbag.py:545} INFO - Filling up the DagBag from /home/airflow/.local/lib/python3.12/site-packages/airflow/example_dags/example_task_group.py
[2024-06-30T04:17:14.781+0000] {processor.py:840} INFO - DAG(s) 'example_task_group' retrieved from /home/airflow/.local/lib/python3.12/site-packages/airflow/example_dags/example_task_group.py
[2024-06-30T04:17:14.808+0000] {logging_mixin.py:188} INFO - [2024-06-30T04:17:14.807+0000] {dag.py:3096} INFO - Sync 1 DAGs
[2024-06-30T04:17:14.835+0000] {logging_mixin.py:188} INFO - [2024-06-30T04:17:14.835+0000] {dag.py:3954} INFO - Setting next_dagrun for example_task_group to 2024-06-29 00:00:00+00:00, run_after=2024-06-30 00:00:00+00:00
[2024-06-30T04:17:14.865+0000] {processor.py:183} INFO - Processing /home/airflow/.local/lib/python3.12/site-packages/airflow/example_dags/example_task_group.py took 0.105 seconds
[2024-06-30T04:17:45.685+0000] {processor.py:161} INFO - Started process (PID=3174) to work on /home/airflow/.local/lib/python3.12/site-packages/airflow/example_dags/example_task_group.py
[2024-06-30T04:17:45.687+0000] {processor.py:830} INFO - Processing file /home/airflow/.local/lib/python3.12/site-packages/airflow/example_dags/example_task_group.py for tasks to queue
[2024-06-30T04:17:45.690+0000] {logging_mixin.py:188} INFO - [2024-06-30T04:17:45.689+0000] {dagbag.py:545} INFO - Filling up the DagBag from /home/airflow/.local/lib/python3.12/site-packages/airflow/example_dags/example_task_group.py
[2024-06-30T04:17:45.738+0000] {processor.py:840} INFO - DAG(s) 'example_task_group' retrieved from /home/airflow/.local/lib/python3.12/site-packages/airflow/example_dags/example_task_group.py
[2024-06-30T04:17:45.847+0000] {logging_mixin.py:188} INFO - [2024-06-30T04:17:45.847+0000] {dag.py:3096} INFO - Sync 1 DAGs
[2024-06-30T04:17:46.006+0000] {logging_mixin.py:188} INFO - [2024-06-30T04:17:46.005+0000] {dag.py:3954} INFO - Setting next_dagrun for example_task_group to 2024-06-29 00:00:00+00:00, run_after=2024-06-30 00:00:00+00:00
[2024-06-30T04:17:46.100+0000] {processor.py:183} INFO - Processing /home/airflow/.local/lib/python3.12/site-packages/airflow/example_dags/example_task_group.py took 0.456 seconds
[2024-06-30T04:18:16.572+0000] {processor.py:161} INFO - Started process (PID=3231) to work on /home/airflow/.local/lib/python3.12/site-packages/airflow/example_dags/example_task_group.py
[2024-06-30T04:18:16.573+0000] {processor.py:830} INFO - Processing file /home/airflow/.local/lib/python3.12/site-packages/airflow/example_dags/example_task_group.py for tasks to queue
[2024-06-30T04:18:16.577+0000] {logging_mixin.py:188} INFO - [2024-06-30T04:18:16.576+0000] {dagbag.py:545} INFO - Filling up the DagBag from /home/airflow/.local/lib/python3.12/site-packages/airflow/example_dags/example_task_group.py
[2024-06-30T04:18:16.592+0000] {processor.py:840} INFO - DAG(s) 'example_task_group' retrieved from /home/airflow/.local/lib/python3.12/site-packages/airflow/example_dags/example_task_group.py
[2024-06-30T04:18:16.643+0000] {logging_mixin.py:188} INFO - [2024-06-30T04:18:16.643+0000] {dag.py:3096} INFO - Sync 1 DAGs
[2024-06-30T04:18:16.699+0000] {logging_mixin.py:188} INFO - [2024-06-30T04:18:16.697+0000] {dag.py:3954} INFO - Setting next_dagrun for example_task_group to 2024-06-29 00:00:00+00:00, run_after=2024-06-30 00:00:00+00:00
[2024-06-30T04:18:16.751+0000] {processor.py:183} INFO - Processing /home/airflow/.local/lib/python3.12/site-packages/airflow/example_dags/example_task_group.py took 0.198 seconds
[2024-06-30T04:18:47.200+0000] {processor.py:161} INFO - Started process (PID=3289) to work on /home/airflow/.local/lib/python3.12/site-packages/airflow/example_dags/example_task_group.py
[2024-06-30T04:18:47.202+0000] {processor.py:830} INFO - Processing file /home/airflow/.local/lib/python3.12/site-packages/airflow/example_dags/example_task_group.py for tasks to queue
[2024-06-30T04:18:47.206+0000] {logging_mixin.py:188} INFO - [2024-06-30T04:18:47.205+0000] {dagbag.py:545} INFO - Filling up the DagBag from /home/airflow/.local/lib/python3.12/site-packages/airflow/example_dags/example_task_group.py
[2024-06-30T04:18:47.228+0000] {processor.py:840} INFO - DAG(s) 'example_task_group' retrieved from /home/airflow/.local/lib/python3.12/site-packages/airflow/example_dags/example_task_group.py
[2024-06-30T04:18:47.302+0000] {logging_mixin.py:188} INFO - [2024-06-30T04:18:47.301+0000] {dag.py:3096} INFO - Sync 1 DAGs
[2024-06-30T04:18:47.395+0000] {logging_mixin.py:188} INFO - [2024-06-30T04:18:47.394+0000] {dag.py:3954} INFO - Setting next_dagrun for example_task_group to 2024-06-29 00:00:00+00:00, run_after=2024-06-30 00:00:00+00:00
[2024-06-30T04:18:47.476+0000] {processor.py:183} INFO - Processing /home/airflow/.local/lib/python3.12/site-packages/airflow/example_dags/example_task_group.py took 0.296 seconds
[2024-06-30T04:19:17.660+0000] {processor.py:161} INFO - Started process (PID=3346) to work on /home/airflow/.local/lib/python3.12/site-packages/airflow/example_dags/example_task_group.py
[2024-06-30T04:19:17.663+0000] {processor.py:830} INFO - Processing file /home/airflow/.local/lib/python3.12/site-packages/airflow/example_dags/example_task_group.py for tasks to queue
[2024-06-30T04:19:17.668+0000] {logging_mixin.py:188} INFO - [2024-06-30T04:19:17.667+0000] {dagbag.py:545} INFO - Filling up the DagBag from /home/airflow/.local/lib/python3.12/site-packages/airflow/example_dags/example_task_group.py
[2024-06-30T04:19:17.683+0000] {processor.py:840} INFO - DAG(s) 'example_task_group' retrieved from /home/airflow/.local/lib/python3.12/site-packages/airflow/example_dags/example_task_group.py
[2024-06-30T04:19:17.735+0000] {logging_mixin.py:188} INFO - [2024-06-30T04:19:17.735+0000] {dag.py:3096} INFO - Sync 1 DAGs
[2024-06-30T04:19:17.785+0000] {logging_mixin.py:188} INFO - [2024-06-30T04:19:17.785+0000] {dag.py:3954} INFO - Setting next_dagrun for example_task_group to 2024-06-29 00:00:00+00:00, run_after=2024-06-30 00:00:00+00:00
[2024-06-30T04:19:17.833+0000] {processor.py:183} INFO - Processing /home/airflow/.local/lib/python3.12/site-packages/airflow/example_dags/example_task_group.py took 0.182 seconds
[2024-06-30T04:19:48.315+0000] {processor.py:161} INFO - Started process (PID=3405) to work on /home/airflow/.local/lib/python3.12/site-packages/airflow/example_dags/example_task_group.py
[2024-06-30T04:19:48.317+0000] {processor.py:830} INFO - Processing file /home/airflow/.local/lib/python3.12/site-packages/airflow/example_dags/example_task_group.py for tasks to queue
[2024-06-30T04:19:48.320+0000] {logging_mixin.py:188} INFO - [2024-06-30T04:19:48.320+0000] {dagbag.py:545} INFO - Filling up the DagBag from /home/airflow/.local/lib/python3.12/site-packages/airflow/example_dags/example_task_group.py
[2024-06-30T04:19:48.343+0000] {processor.py:840} INFO - DAG(s) 'example_task_group' retrieved from /home/airflow/.local/lib/python3.12/site-packages/airflow/example_dags/example_task_group.py
[2024-06-30T04:19:48.380+0000] {logging_mixin.py:188} INFO - [2024-06-30T04:19:48.380+0000] {dag.py:3096} INFO - Sync 1 DAGs
[2024-06-30T04:19:48.427+0000] {logging_mixin.py:188} INFO - [2024-06-30T04:19:48.427+0000] {dag.py:3954} INFO - Setting next_dagrun for example_task_group to 2024-06-29 00:00:00+00:00, run_after=2024-06-30 00:00:00+00:00
[2024-06-30T04:19:48.494+0000] {processor.py:183} INFO - Processing /home/airflow/.local/lib/python3.12/site-packages/airflow/example_dags/example_task_group.py took 0.187 seconds
