[2024-06-30T03:50:09.928+0000] {processor.py:161} INFO - Started process (PID=91) to work on /home/airflow/.local/lib/python3.12/site-packages/airflow/example_dags/example_sensors.py
[2024-06-30T03:50:09.941+0000] {processor.py:830} INFO - Processing file /home/airflow/.local/lib/python3.12/site-packages/airflow/example_dags/example_sensors.py for tasks to queue
[2024-06-30T03:50:09.946+0000] {logging_mixin.py:188} INFO - [2024-06-30T03:50:09.945+0000] {dagbag.py:545} INFO - Filling up the DagBag from /home/airflow/.local/lib/python3.12/site-packages/airflow/example_dags/example_sensors.py
[2024-06-30T03:50:10.036+0000] {processor.py:840} INFO - DAG(s) 'example_sensors' retrieved from /home/airflow/.local/lib/python3.12/site-packages/airflow/example_dags/example_sensors.py
[2024-06-30T03:50:10.635+0000] {logging_mixin.py:188} INFO - [2024-06-30T03:50:10.634+0000] {dag.py:3096} INFO - Sync 1 DAGs
[2024-06-30T03:50:10.680+0000] {logging_mixin.py:188} INFO - [2024-06-30T03:50:10.677+0000] {dag.py:3954} INFO - Setting next_dagrun for example_sensors to None, run_after=None
[2024-06-30T03:50:10.754+0000] {processor.py:183} INFO - Processing /home/airflow/.local/lib/python3.12/site-packages/airflow/example_dags/example_sensors.py took 0.850 seconds
[2024-06-30T03:50:41.066+0000] {processor.py:161} INFO - Started process (PID=149) to work on /home/airflow/.local/lib/python3.12/site-packages/airflow/example_dags/example_sensors.py
[2024-06-30T03:50:41.068+0000] {processor.py:830} INFO - Processing file /home/airflow/.local/lib/python3.12/site-packages/airflow/example_dags/example_sensors.py for tasks to queue
[2024-06-30T03:50:41.072+0000] {logging_mixin.py:188} INFO - [2024-06-30T03:50:41.072+0000] {dagbag.py:545} INFO - Filling up the DagBag from /home/airflow/.local/lib/python3.12/site-packages/airflow/example_dags/example_sensors.py
[2024-06-30T03:50:41.091+0000] {processor.py:840} INFO - DAG(s) 'example_sensors' retrieved from /home/airflow/.local/lib/python3.12/site-packages/airflow/example_dags/example_sensors.py
[2024-06-30T03:50:41.148+0000] {logging_mixin.py:188} INFO - [2024-06-30T03:50:41.147+0000] {dag.py:3096} INFO - Sync 1 DAGs
[2024-06-30T03:50:41.175+0000] {logging_mixin.py:188} INFO - [2024-06-30T03:50:41.174+0000] {dag.py:3954} INFO - Setting next_dagrun for example_sensors to None, run_after=None
[2024-06-30T03:50:41.280+0000] {processor.py:183} INFO - Processing /home/airflow/.local/lib/python3.12/site-packages/airflow/example_dags/example_sensors.py took 0.226 seconds
[2024-06-30T03:51:13.765+0000] {processor.py:161} INFO - Started process (PID=206) to work on /home/airflow/.local/lib/python3.12/site-packages/airflow/example_dags/example_sensors.py
[2024-06-30T03:51:13.778+0000] {processor.py:830} INFO - Processing file /home/airflow/.local/lib/python3.12/site-packages/airflow/example_dags/example_sensors.py for tasks to queue
[2024-06-30T03:51:13.785+0000] {logging_mixin.py:188} INFO - [2024-06-30T03:51:13.783+0000] {dagbag.py:545} INFO - Filling up the DagBag from /home/airflow/.local/lib/python3.12/site-packages/airflow/example_dags/example_sensors.py
[2024-06-30T03:51:13.847+0000] {processor.py:840} INFO - DAG(s) 'example_sensors' retrieved from /home/airflow/.local/lib/python3.12/site-packages/airflow/example_dags/example_sensors.py
[2024-06-30T03:51:13.976+0000] {logging_mixin.py:188} INFO - [2024-06-30T03:51:13.975+0000] {dag.py:3096} INFO - Sync 1 DAGs
[2024-06-30T03:51:14.056+0000] {logging_mixin.py:188} INFO - [2024-06-30T03:51:14.055+0000] {dag.py:3954} INFO - Setting next_dagrun for example_sensors to None, run_after=None
[2024-06-30T03:51:14.137+0000] {processor.py:183} INFO - Processing /home/airflow/.local/lib/python3.12/site-packages/airflow/example_dags/example_sensors.py took 0.422 seconds
[2024-06-30T03:51:44.557+0000] {processor.py:161} INFO - Started process (PID=265) to work on /home/airflow/.local/lib/python3.12/site-packages/airflow/example_dags/example_sensors.py
[2024-06-30T03:51:44.563+0000] {processor.py:830} INFO - Processing file /home/airflow/.local/lib/python3.12/site-packages/airflow/example_dags/example_sensors.py for tasks to queue
[2024-06-30T03:51:44.577+0000] {logging_mixin.py:188} INFO - [2024-06-30T03:51:44.576+0000] {dagbag.py:545} INFO - Filling up the DagBag from /home/airflow/.local/lib/python3.12/site-packages/airflow/example_dags/example_sensors.py
[2024-06-30T03:51:44.616+0000] {processor.py:840} INFO - DAG(s) 'example_sensors' retrieved from /home/airflow/.local/lib/python3.12/site-packages/airflow/example_dags/example_sensors.py
[2024-06-30T03:51:44.824+0000] {logging_mixin.py:188} INFO - [2024-06-30T03:51:44.823+0000] {dag.py:3096} INFO - Sync 1 DAGs
[2024-06-30T03:51:44.869+0000] {logging_mixin.py:188} INFO - [2024-06-30T03:51:44.868+0000] {dag.py:3954} INFO - Setting next_dagrun for example_sensors to None, run_after=None
[2024-06-30T03:51:45.006+0000] {processor.py:183} INFO - Processing /home/airflow/.local/lib/python3.12/site-packages/airflow/example_dags/example_sensors.py took 0.487 seconds
[2024-06-30T03:52:15.107+0000] {processor.py:161} INFO - Started process (PID=323) to work on /home/airflow/.local/lib/python3.12/site-packages/airflow/example_dags/example_sensors.py
[2024-06-30T03:52:15.110+0000] {processor.py:830} INFO - Processing file /home/airflow/.local/lib/python3.12/site-packages/airflow/example_dags/example_sensors.py for tasks to queue
[2024-06-30T03:52:15.114+0000] {logging_mixin.py:188} INFO - [2024-06-30T03:52:15.113+0000] {dagbag.py:545} INFO - Filling up the DagBag from /home/airflow/.local/lib/python3.12/site-packages/airflow/example_dags/example_sensors.py
[2024-06-30T03:52:15.132+0000] {processor.py:840} INFO - DAG(s) 'example_sensors' retrieved from /home/airflow/.local/lib/python3.12/site-packages/airflow/example_dags/example_sensors.py
[2024-06-30T03:52:15.192+0000] {logging_mixin.py:188} INFO - [2024-06-30T03:52:15.192+0000] {dag.py:3096} INFO - Sync 1 DAGs
[2024-06-30T03:52:15.222+0000] {logging_mixin.py:188} INFO - [2024-06-30T03:52:15.222+0000] {dag.py:3954} INFO - Setting next_dagrun for example_sensors to None, run_after=None
[2024-06-30T03:52:15.322+0000] {processor.py:183} INFO - Processing /home/airflow/.local/lib/python3.12/site-packages/airflow/example_dags/example_sensors.py took 0.228 seconds
[2024-06-30T03:52:45.527+0000] {processor.py:161} INFO - Started process (PID=381) to work on /home/airflow/.local/lib/python3.12/site-packages/airflow/example_dags/example_sensors.py
[2024-06-30T03:52:45.539+0000] {processor.py:830} INFO - Processing file /home/airflow/.local/lib/python3.12/site-packages/airflow/example_dags/example_sensors.py for tasks to queue
[2024-06-30T03:52:45.545+0000] {logging_mixin.py:188} INFO - [2024-06-30T03:52:45.543+0000] {dagbag.py:545} INFO - Filling up the DagBag from /home/airflow/.local/lib/python3.12/site-packages/airflow/example_dags/example_sensors.py
[2024-06-30T03:52:45.596+0000] {processor.py:840} INFO - DAG(s) 'example_sensors' retrieved from /home/airflow/.local/lib/python3.12/site-packages/airflow/example_dags/example_sensors.py
[2024-06-30T03:52:45.690+0000] {logging_mixin.py:188} INFO - [2024-06-30T03:52:45.689+0000] {dag.py:3096} INFO - Sync 1 DAGs
[2024-06-30T03:52:45.733+0000] {logging_mixin.py:188} INFO - [2024-06-30T03:52:45.732+0000] {dag.py:3954} INFO - Setting next_dagrun for example_sensors to None, run_after=None
[2024-06-30T03:52:45.816+0000] {processor.py:183} INFO - Processing /home/airflow/.local/lib/python3.12/site-packages/airflow/example_dags/example_sensors.py took 0.312 seconds
[2024-06-30T03:53:16.014+0000] {processor.py:161} INFO - Started process (PID=439) to work on /home/airflow/.local/lib/python3.12/site-packages/airflow/example_dags/example_sensors.py
[2024-06-30T03:53:16.017+0000] {processor.py:830} INFO - Processing file /home/airflow/.local/lib/python3.12/site-packages/airflow/example_dags/example_sensors.py for tasks to queue
[2024-06-30T03:53:16.023+0000] {logging_mixin.py:188} INFO - [2024-06-30T03:53:16.022+0000] {dagbag.py:545} INFO - Filling up the DagBag from /home/airflow/.local/lib/python3.12/site-packages/airflow/example_dags/example_sensors.py
[2024-06-30T03:53:16.059+0000] {processor.py:840} INFO - DAG(s) 'example_sensors' retrieved from /home/airflow/.local/lib/python3.12/site-packages/airflow/example_dags/example_sensors.py
[2024-06-30T03:53:16.165+0000] {logging_mixin.py:188} INFO - [2024-06-30T03:53:16.164+0000] {dag.py:3096} INFO - Sync 1 DAGs
[2024-06-30T03:53:16.254+0000] {logging_mixin.py:188} INFO - [2024-06-30T03:53:16.254+0000] {dag.py:3954} INFO - Setting next_dagrun for example_sensors to None, run_after=None
[2024-06-30T03:53:16.371+0000] {processor.py:183} INFO - Processing /home/airflow/.local/lib/python3.12/site-packages/airflow/example_dags/example_sensors.py took 0.375 seconds
[2024-06-30T03:53:47.671+0000] {processor.py:161} INFO - Started process (PID=497) to work on /home/airflow/.local/lib/python3.12/site-packages/airflow/example_dags/example_sensors.py
[2024-06-30T03:53:47.685+0000] {processor.py:830} INFO - Processing file /home/airflow/.local/lib/python3.12/site-packages/airflow/example_dags/example_sensors.py for tasks to queue
[2024-06-30T03:53:47.718+0000] {logging_mixin.py:188} INFO - [2024-06-30T03:53:47.708+0000] {dagbag.py:545} INFO - Filling up the DagBag from /home/airflow/.local/lib/python3.12/site-packages/airflow/example_dags/example_sensors.py
[2024-06-30T03:53:47.793+0000] {processor.py:840} INFO - DAG(s) 'example_sensors' retrieved from /home/airflow/.local/lib/python3.12/site-packages/airflow/example_dags/example_sensors.py
[2024-06-30T03:53:48.039+0000] {logging_mixin.py:188} INFO - [2024-06-30T03:53:48.037+0000] {dag.py:3096} INFO - Sync 1 DAGs
[2024-06-30T03:53:48.153+0000] {logging_mixin.py:188} INFO - [2024-06-30T03:53:48.152+0000] {dag.py:3954} INFO - Setting next_dagrun for example_sensors to None, run_after=None
[2024-06-30T03:53:48.372+0000] {processor.py:183} INFO - Processing /home/airflow/.local/lib/python3.12/site-packages/airflow/example_dags/example_sensors.py took 0.750 seconds
[2024-06-30T03:54:19.226+0000] {processor.py:161} INFO - Started process (PID=555) to work on /home/airflow/.local/lib/python3.12/site-packages/airflow/example_dags/example_sensors.py
[2024-06-30T03:54:19.228+0000] {processor.py:830} INFO - Processing file /home/airflow/.local/lib/python3.12/site-packages/airflow/example_dags/example_sensors.py for tasks to queue
[2024-06-30T03:54:19.234+0000] {logging_mixin.py:188} INFO - [2024-06-30T03:54:19.233+0000] {dagbag.py:545} INFO - Filling up the DagBag from /home/airflow/.local/lib/python3.12/site-packages/airflow/example_dags/example_sensors.py
[2024-06-30T03:54:19.258+0000] {processor.py:840} INFO - DAG(s) 'example_sensors' retrieved from /home/airflow/.local/lib/python3.12/site-packages/airflow/example_dags/example_sensors.py
[2024-06-30T03:54:19.315+0000] {logging_mixin.py:188} INFO - [2024-06-30T03:54:19.314+0000] {dag.py:3096} INFO - Sync 1 DAGs
[2024-06-30T03:54:19.347+0000] {logging_mixin.py:188} INFO - [2024-06-30T03:54:19.346+0000] {dag.py:3954} INFO - Setting next_dagrun for example_sensors to None, run_after=None
[2024-06-30T03:54:19.452+0000] {processor.py:183} INFO - Processing /home/airflow/.local/lib/python3.12/site-packages/airflow/example_dags/example_sensors.py took 0.238 seconds
[2024-06-30T03:54:49.641+0000] {processor.py:161} INFO - Started process (PID=613) to work on /home/airflow/.local/lib/python3.12/site-packages/airflow/example_dags/example_sensors.py
[2024-06-30T03:54:49.643+0000] {processor.py:830} INFO - Processing file /home/airflow/.local/lib/python3.12/site-packages/airflow/example_dags/example_sensors.py for tasks to queue
[2024-06-30T03:54:49.649+0000] {logging_mixin.py:188} INFO - [2024-06-30T03:54:49.648+0000] {dagbag.py:545} INFO - Filling up the DagBag from /home/airflow/.local/lib/python3.12/site-packages/airflow/example_dags/example_sensors.py
[2024-06-30T03:54:49.681+0000] {processor.py:840} INFO - DAG(s) 'example_sensors' retrieved from /home/airflow/.local/lib/python3.12/site-packages/airflow/example_dags/example_sensors.py
[2024-06-30T03:54:49.808+0000] {logging_mixin.py:188} INFO - [2024-06-30T03:54:49.808+0000] {dag.py:3096} INFO - Sync 1 DAGs
[2024-06-30T03:54:49.857+0000] {logging_mixin.py:188} INFO - [2024-06-30T03:54:49.856+0000] {dag.py:3954} INFO - Setting next_dagrun for example_sensors to None, run_after=None
[2024-06-30T03:54:49.938+0000] {processor.py:183} INFO - Processing /home/airflow/.local/lib/python3.12/site-packages/airflow/example_dags/example_sensors.py took 0.313 seconds
[2024-06-30T03:55:20.579+0000] {processor.py:161} INFO - Started process (PID=671) to work on /home/airflow/.local/lib/python3.12/site-packages/airflow/example_dags/example_sensors.py
[2024-06-30T03:55:20.593+0000] {processor.py:830} INFO - Processing file /home/airflow/.local/lib/python3.12/site-packages/airflow/example_dags/example_sensors.py for tasks to queue
[2024-06-30T03:55:20.601+0000] {logging_mixin.py:188} INFO - [2024-06-30T03:55:20.600+0000] {dagbag.py:545} INFO - Filling up the DagBag from /home/airflow/.local/lib/python3.12/site-packages/airflow/example_dags/example_sensors.py
[2024-06-30T03:55:20.634+0000] {processor.py:840} INFO - DAG(s) 'example_sensors' retrieved from /home/airflow/.local/lib/python3.12/site-packages/airflow/example_dags/example_sensors.py
[2024-06-30T03:55:20.754+0000] {logging_mixin.py:188} INFO - [2024-06-30T03:55:20.753+0000] {dag.py:3096} INFO - Sync 1 DAGs
[2024-06-30T03:55:20.869+0000] {logging_mixin.py:188} INFO - [2024-06-30T03:55:20.868+0000] {dag.py:3954} INFO - Setting next_dagrun for example_sensors to None, run_after=None
[2024-06-30T03:55:21.056+0000] {processor.py:183} INFO - Processing /home/airflow/.local/lib/python3.12/site-packages/airflow/example_dags/example_sensors.py took 0.498 seconds
[2024-06-30T03:56:10.373+0000] {processor.py:161} INFO - Started process (PID=749) to work on /home/airflow/.local/lib/python3.12/site-packages/airflow/example_dags/example_sensors.py
[2024-06-30T03:56:10.377+0000] {processor.py:830} INFO - Processing file /home/airflow/.local/lib/python3.12/site-packages/airflow/example_dags/example_sensors.py for tasks to queue
[2024-06-30T03:56:10.388+0000] {logging_mixin.py:188} INFO - [2024-06-30T03:56:10.381+0000] {dagbag.py:545} INFO - Filling up the DagBag from /home/airflow/.local/lib/python3.12/site-packages/airflow/example_dags/example_sensors.py
[2024-06-30T03:56:10.455+0000] {processor.py:840} INFO - DAG(s) 'example_sensors' retrieved from /home/airflow/.local/lib/python3.12/site-packages/airflow/example_dags/example_sensors.py
[2024-06-30T03:56:10.770+0000] {logging_mixin.py:188} INFO - [2024-06-30T03:56:10.769+0000] {dag.py:3096} INFO - Sync 1 DAGs
[2024-06-30T03:56:10.916+0000] {logging_mixin.py:188} INFO - [2024-06-30T03:56:10.915+0000] {dag.py:3954} INFO - Setting next_dagrun for example_sensors to None, run_after=None
[2024-06-30T03:56:10.995+0000] {processor.py:183} INFO - Processing /home/airflow/.local/lib/python3.12/site-packages/airflow/example_dags/example_sensors.py took 0.671 seconds
[2024-06-30T03:56:41.954+0000] {processor.py:161} INFO - Started process (PID=807) to work on /home/airflow/.local/lib/python3.12/site-packages/airflow/example_dags/example_sensors.py
[2024-06-30T03:56:41.956+0000] {processor.py:830} INFO - Processing file /home/airflow/.local/lib/python3.12/site-packages/airflow/example_dags/example_sensors.py for tasks to queue
[2024-06-30T03:56:41.960+0000] {logging_mixin.py:188} INFO - [2024-06-30T03:56:41.959+0000] {dagbag.py:545} INFO - Filling up the DagBag from /home/airflow/.local/lib/python3.12/site-packages/airflow/example_dags/example_sensors.py
[2024-06-30T03:56:41.985+0000] {processor.py:840} INFO - DAG(s) 'example_sensors' retrieved from /home/airflow/.local/lib/python3.12/site-packages/airflow/example_dags/example_sensors.py
[2024-06-30T03:56:42.042+0000] {logging_mixin.py:188} INFO - [2024-06-30T03:56:42.041+0000] {dag.py:3096} INFO - Sync 1 DAGs
[2024-06-30T03:56:42.080+0000] {logging_mixin.py:188} INFO - [2024-06-30T03:56:42.080+0000] {dag.py:3954} INFO - Setting next_dagrun for example_sensors to None, run_after=None
[2024-06-30T03:56:42.158+0000] {processor.py:183} INFO - Processing /home/airflow/.local/lib/python3.12/site-packages/airflow/example_dags/example_sensors.py took 0.218 seconds
[2024-06-30T03:57:19.316+0000] {processor.py:161} INFO - Started process (PID=872) to work on /home/airflow/.local/lib/python3.12/site-packages/airflow/example_dags/example_sensors.py
[2024-06-30T03:57:19.319+0000] {processor.py:830} INFO - Processing file /home/airflow/.local/lib/python3.12/site-packages/airflow/example_dags/example_sensors.py for tasks to queue
[2024-06-30T03:57:19.331+0000] {logging_mixin.py:188} INFO - [2024-06-30T03:57:19.330+0000] {dagbag.py:545} INFO - Filling up the DagBag from /home/airflow/.local/lib/python3.12/site-packages/airflow/example_dags/example_sensors.py
[2024-06-30T03:57:19.443+0000] {processor.py:840} INFO - DAG(s) 'example_sensors' retrieved from /home/airflow/.local/lib/python3.12/site-packages/airflow/example_dags/example_sensors.py
[2024-06-30T03:57:19.762+0000] {logging_mixin.py:188} INFO - [2024-06-30T03:57:19.762+0000] {dag.py:3096} INFO - Sync 1 DAGs
[2024-06-30T03:57:19.912+0000] {logging_mixin.py:188} INFO - [2024-06-30T03:57:19.912+0000] {dag.py:3954} INFO - Setting next_dagrun for example_sensors to None, run_after=None
[2024-06-30T03:57:20.044+0000] {processor.py:183} INFO - Processing /home/airflow/.local/lib/python3.12/site-packages/airflow/example_dags/example_sensors.py took 0.758 seconds
[2024-06-30T03:57:51.081+0000] {processor.py:161} INFO - Started process (PID=929) to work on /home/airflow/.local/lib/python3.12/site-packages/airflow/example_dags/example_sensors.py
[2024-06-30T03:57:51.100+0000] {processor.py:830} INFO - Processing file /home/airflow/.local/lib/python3.12/site-packages/airflow/example_dags/example_sensors.py for tasks to queue
[2024-06-30T03:57:51.114+0000] {logging_mixin.py:188} INFO - [2024-06-30T03:57:51.113+0000] {dagbag.py:545} INFO - Filling up the DagBag from /home/airflow/.local/lib/python3.12/site-packages/airflow/example_dags/example_sensors.py
[2024-06-30T03:57:51.177+0000] {processor.py:840} INFO - DAG(s) 'example_sensors' retrieved from /home/airflow/.local/lib/python3.12/site-packages/airflow/example_dags/example_sensors.py
[2024-06-30T03:57:51.345+0000] {logging_mixin.py:188} INFO - [2024-06-30T03:57:51.345+0000] {dag.py:3096} INFO - Sync 1 DAGs
[2024-06-30T03:57:51.411+0000] {logging_mixin.py:188} INFO - [2024-06-30T03:57:51.410+0000] {dag.py:3954} INFO - Setting next_dagrun for example_sensors to None, run_after=None
[2024-06-30T03:57:51.604+0000] {processor.py:183} INFO - Processing /home/airflow/.local/lib/python3.12/site-packages/airflow/example_dags/example_sensors.py took 0.562 seconds
[2024-06-30T03:58:21.834+0000] {processor.py:161} INFO - Started process (PID=987) to work on /home/airflow/.local/lib/python3.12/site-packages/airflow/example_dags/example_sensors.py
[2024-06-30T03:58:21.838+0000] {processor.py:830} INFO - Processing file /home/airflow/.local/lib/python3.12/site-packages/airflow/example_dags/example_sensors.py for tasks to queue
[2024-06-30T03:58:21.844+0000] {logging_mixin.py:188} INFO - [2024-06-30T03:58:21.843+0000] {dagbag.py:545} INFO - Filling up the DagBag from /home/airflow/.local/lib/python3.12/site-packages/airflow/example_dags/example_sensors.py
[2024-06-30T03:58:21.875+0000] {processor.py:840} INFO - DAG(s) 'example_sensors' retrieved from /home/airflow/.local/lib/python3.12/site-packages/airflow/example_dags/example_sensors.py
[2024-06-30T03:58:21.944+0000] {logging_mixin.py:188} INFO - [2024-06-30T03:58:21.943+0000] {dag.py:3096} INFO - Sync 1 DAGs
[2024-06-30T03:58:21.975+0000] {logging_mixin.py:188} INFO - [2024-06-30T03:58:21.975+0000] {dag.py:3954} INFO - Setting next_dagrun for example_sensors to None, run_after=None
[2024-06-30T03:58:22.074+0000] {processor.py:183} INFO - Processing /home/airflow/.local/lib/python3.12/site-packages/airflow/example_dags/example_sensors.py took 0.261 seconds
[2024-06-30T03:58:52.649+0000] {processor.py:161} INFO - Started process (PID=1045) to work on /home/airflow/.local/lib/python3.12/site-packages/airflow/example_dags/example_sensors.py
[2024-06-30T03:58:52.653+0000] {processor.py:830} INFO - Processing file /home/airflow/.local/lib/python3.12/site-packages/airflow/example_dags/example_sensors.py for tasks to queue
[2024-06-30T03:58:52.656+0000] {logging_mixin.py:188} INFO - [2024-06-30T03:58:52.656+0000] {dagbag.py:545} INFO - Filling up the DagBag from /home/airflow/.local/lib/python3.12/site-packages/airflow/example_dags/example_sensors.py
[2024-06-30T03:58:52.678+0000] {processor.py:840} INFO - DAG(s) 'example_sensors' retrieved from /home/airflow/.local/lib/python3.12/site-packages/airflow/example_dags/example_sensors.py
[2024-06-30T03:58:52.742+0000] {logging_mixin.py:188} INFO - [2024-06-30T03:58:52.741+0000] {dag.py:3096} INFO - Sync 1 DAGs
[2024-06-30T03:58:52.776+0000] {logging_mixin.py:188} INFO - [2024-06-30T03:58:52.776+0000] {dag.py:3954} INFO - Setting next_dagrun for example_sensors to None, run_after=None
[2024-06-30T03:58:52.821+0000] {processor.py:183} INFO - Processing /home/airflow/.local/lib/python3.12/site-packages/airflow/example_dags/example_sensors.py took 0.181 seconds
[2024-06-30T03:59:24.554+0000] {processor.py:161} INFO - Started process (PID=1103) to work on /home/airflow/.local/lib/python3.12/site-packages/airflow/example_dags/example_sensors.py
[2024-06-30T03:59:24.586+0000] {processor.py:830} INFO - Processing file /home/airflow/.local/lib/python3.12/site-packages/airflow/example_dags/example_sensors.py for tasks to queue
[2024-06-30T03:59:24.600+0000] {logging_mixin.py:188} INFO - [2024-06-30T03:59:24.599+0000] {dagbag.py:545} INFO - Filling up the DagBag from /home/airflow/.local/lib/python3.12/site-packages/airflow/example_dags/example_sensors.py
[2024-06-30T03:59:24.649+0000] {processor.py:840} INFO - DAG(s) 'example_sensors' retrieved from /home/airflow/.local/lib/python3.12/site-packages/airflow/example_dags/example_sensors.py
[2024-06-30T03:59:24.789+0000] {logging_mixin.py:188} INFO - [2024-06-30T03:59:24.788+0000] {dag.py:3096} INFO - Sync 1 DAGs
[2024-06-30T03:59:24.850+0000] {logging_mixin.py:188} INFO - [2024-06-30T03:59:24.849+0000] {dag.py:3954} INFO - Setting next_dagrun for example_sensors to None, run_after=None
[2024-06-30T03:59:25.025+0000] {processor.py:183} INFO - Processing /home/airflow/.local/lib/python3.12/site-packages/airflow/example_dags/example_sensors.py took 0.509 seconds
[2024-06-30T04:00:01.064+0000] {processor.py:161} INFO - Started process (PID=1165) to work on /home/airflow/.local/lib/python3.12/site-packages/airflow/example_dags/example_sensors.py
[2024-06-30T04:00:01.071+0000] {processor.py:830} INFO - Processing file /home/airflow/.local/lib/python3.12/site-packages/airflow/example_dags/example_sensors.py for tasks to queue
[2024-06-30T04:00:01.090+0000] {logging_mixin.py:188} INFO - [2024-06-30T04:00:01.089+0000] {dagbag.py:545} INFO - Filling up the DagBag from /home/airflow/.local/lib/python3.12/site-packages/airflow/example_dags/example_sensors.py
[2024-06-30T04:00:01.155+0000] {processor.py:840} INFO - DAG(s) 'example_sensors' retrieved from /home/airflow/.local/lib/python3.12/site-packages/airflow/example_dags/example_sensors.py
[2024-06-30T04:00:01.496+0000] {logging_mixin.py:188} INFO - [2024-06-30T04:00:01.495+0000] {dag.py:3096} INFO - Sync 1 DAGs
[2024-06-30T04:00:01.649+0000] {logging_mixin.py:188} INFO - [2024-06-30T04:00:01.648+0000] {dag.py:3954} INFO - Setting next_dagrun for example_sensors to None, run_after=None
[2024-06-30T04:00:01.823+0000] {processor.py:183} INFO - Processing /home/airflow/.local/lib/python3.12/site-packages/airflow/example_dags/example_sensors.py took 0.809 seconds
[2024-06-30T04:00:32.363+0000] {processor.py:161} INFO - Started process (PID=1223) to work on /home/airflow/.local/lib/python3.12/site-packages/airflow/example_dags/example_sensors.py
[2024-06-30T04:00:32.365+0000] {processor.py:830} INFO - Processing file /home/airflow/.local/lib/python3.12/site-packages/airflow/example_dags/example_sensors.py for tasks to queue
[2024-06-30T04:00:32.381+0000] {logging_mixin.py:188} INFO - [2024-06-30T04:00:32.381+0000] {dagbag.py:545} INFO - Filling up the DagBag from /home/airflow/.local/lib/python3.12/site-packages/airflow/example_dags/example_sensors.py
[2024-06-30T04:00:32.449+0000] {processor.py:840} INFO - DAG(s) 'example_sensors' retrieved from /home/airflow/.local/lib/python3.12/site-packages/airflow/example_dags/example_sensors.py
[2024-06-30T04:00:32.596+0000] {logging_mixin.py:188} INFO - [2024-06-30T04:00:32.595+0000] {dag.py:3096} INFO - Sync 1 DAGs
[2024-06-30T04:00:32.666+0000] {logging_mixin.py:188} INFO - [2024-06-30T04:00:32.665+0000] {dag.py:3954} INFO - Setting next_dagrun for example_sensors to None, run_after=None
[2024-06-30T04:00:32.796+0000] {processor.py:183} INFO - Processing /home/airflow/.local/lib/python3.12/site-packages/airflow/example_dags/example_sensors.py took 0.455 seconds
[2024-06-30T04:01:03.461+0000] {processor.py:161} INFO - Started process (PID=1288) to work on /home/airflow/.local/lib/python3.12/site-packages/airflow/example_dags/example_sensors.py
[2024-06-30T04:01:03.463+0000] {processor.py:830} INFO - Processing file /home/airflow/.local/lib/python3.12/site-packages/airflow/example_dags/example_sensors.py for tasks to queue
[2024-06-30T04:01:03.466+0000] {logging_mixin.py:188} INFO - [2024-06-30T04:01:03.465+0000] {dagbag.py:545} INFO - Filling up the DagBag from /home/airflow/.local/lib/python3.12/site-packages/airflow/example_dags/example_sensors.py
[2024-06-30T04:01:03.490+0000] {processor.py:840} INFO - DAG(s) 'example_sensors' retrieved from /home/airflow/.local/lib/python3.12/site-packages/airflow/example_dags/example_sensors.py
[2024-06-30T04:01:03.672+0000] {logging_mixin.py:188} INFO - [2024-06-30T04:01:03.670+0000] {dag.py:3096} INFO - Sync 1 DAGs
[2024-06-30T04:01:03.775+0000] {logging_mixin.py:188} INFO - [2024-06-30T04:01:03.775+0000] {dag.py:3954} INFO - Setting next_dagrun for example_sensors to None, run_after=None
[2024-06-30T04:01:03.949+0000] {processor.py:183} INFO - Processing /home/airflow/.local/lib/python3.12/site-packages/airflow/example_dags/example_sensors.py took 0.505 seconds
[2024-06-30T04:01:34.150+0000] {processor.py:161} INFO - Started process (PID=1344) to work on /home/airflow/.local/lib/python3.12/site-packages/airflow/example_dags/example_sensors.py
[2024-06-30T04:01:34.152+0000] {processor.py:830} INFO - Processing file /home/airflow/.local/lib/python3.12/site-packages/airflow/example_dags/example_sensors.py for tasks to queue
[2024-06-30T04:01:34.163+0000] {logging_mixin.py:188} INFO - [2024-06-30T04:01:34.162+0000] {dagbag.py:545} INFO - Filling up the DagBag from /home/airflow/.local/lib/python3.12/site-packages/airflow/example_dags/example_sensors.py
[2024-06-30T04:01:34.208+0000] {processor.py:840} INFO - DAG(s) 'example_sensors' retrieved from /home/airflow/.local/lib/python3.12/site-packages/airflow/example_dags/example_sensors.py
[2024-06-30T04:01:34.281+0000] {logging_mixin.py:188} INFO - [2024-06-30T04:01:34.280+0000] {dag.py:3096} INFO - Sync 1 DAGs
[2024-06-30T04:01:34.314+0000] {logging_mixin.py:188} INFO - [2024-06-30T04:01:34.313+0000] {dag.py:3954} INFO - Setting next_dagrun for example_sensors to None, run_after=None
[2024-06-30T04:01:34.419+0000] {processor.py:183} INFO - Processing /home/airflow/.local/lib/python3.12/site-packages/airflow/example_dags/example_sensors.py took 0.293 seconds
[2024-06-30T04:02:04.644+0000] {processor.py:161} INFO - Started process (PID=1402) to work on /home/airflow/.local/lib/python3.12/site-packages/airflow/example_dags/example_sensors.py
[2024-06-30T04:02:04.646+0000] {processor.py:830} INFO - Processing file /home/airflow/.local/lib/python3.12/site-packages/airflow/example_dags/example_sensors.py for tasks to queue
[2024-06-30T04:02:04.649+0000] {logging_mixin.py:188} INFO - [2024-06-30T04:02:04.648+0000] {dagbag.py:545} INFO - Filling up the DagBag from /home/airflow/.local/lib/python3.12/site-packages/airflow/example_dags/example_sensors.py
[2024-06-30T04:02:04.674+0000] {processor.py:840} INFO - DAG(s) 'example_sensors' retrieved from /home/airflow/.local/lib/python3.12/site-packages/airflow/example_dags/example_sensors.py
[2024-06-30T04:02:04.733+0000] {logging_mixin.py:188} INFO - [2024-06-30T04:02:04.732+0000] {dag.py:3096} INFO - Sync 1 DAGs
[2024-06-30T04:02:04.794+0000] {logging_mixin.py:188} INFO - [2024-06-30T04:02:04.794+0000] {dag.py:3954} INFO - Setting next_dagrun for example_sensors to None, run_after=None
[2024-06-30T04:02:04.849+0000] {processor.py:183} INFO - Processing /home/airflow/.local/lib/python3.12/site-packages/airflow/example_dags/example_sensors.py took 0.222 seconds
[2024-06-30T04:02:35.403+0000] {processor.py:161} INFO - Started process (PID=1460) to work on /home/airflow/.local/lib/python3.12/site-packages/airflow/example_dags/example_sensors.py
[2024-06-30T04:02:35.413+0000] {processor.py:830} INFO - Processing file /home/airflow/.local/lib/python3.12/site-packages/airflow/example_dags/example_sensors.py for tasks to queue
[2024-06-30T04:02:35.420+0000] {logging_mixin.py:188} INFO - [2024-06-30T04:02:35.419+0000] {dagbag.py:545} INFO - Filling up the DagBag from /home/airflow/.local/lib/python3.12/site-packages/airflow/example_dags/example_sensors.py
[2024-06-30T04:02:35.527+0000] {processor.py:840} INFO - DAG(s) 'example_sensors' retrieved from /home/airflow/.local/lib/python3.12/site-packages/airflow/example_dags/example_sensors.py
[2024-06-30T04:02:35.682+0000] {logging_mixin.py:188} INFO - [2024-06-30T04:02:35.682+0000] {dag.py:3096} INFO - Sync 1 DAGs
[2024-06-30T04:02:35.752+0000] {logging_mixin.py:188} INFO - [2024-06-30T04:02:35.751+0000] {dag.py:3954} INFO - Setting next_dagrun for example_sensors to None, run_after=None
[2024-06-30T04:02:35.929+0000] {processor.py:183} INFO - Processing /home/airflow/.local/lib/python3.12/site-packages/airflow/example_dags/example_sensors.py took 0.534 seconds
[2024-06-30T04:03:07.557+0000] {processor.py:161} INFO - Started process (PID=1518) to work on /home/airflow/.local/lib/python3.12/site-packages/airflow/example_dags/example_sensors.py
[2024-06-30T04:03:07.567+0000] {processor.py:830} INFO - Processing file /home/airflow/.local/lib/python3.12/site-packages/airflow/example_dags/example_sensors.py for tasks to queue
[2024-06-30T04:03:07.584+0000] {logging_mixin.py:188} INFO - [2024-06-30T04:03:07.583+0000] {dagbag.py:545} INFO - Filling up the DagBag from /home/airflow/.local/lib/python3.12/site-packages/airflow/example_dags/example_sensors.py
[2024-06-30T04:03:07.652+0000] {processor.py:840} INFO - DAG(s) 'example_sensors' retrieved from /home/airflow/.local/lib/python3.12/site-packages/airflow/example_dags/example_sensors.py
[2024-06-30T04:03:07.974+0000] {logging_mixin.py:188} INFO - [2024-06-30T04:03:07.973+0000] {dag.py:3096} INFO - Sync 1 DAGs
[2024-06-30T04:03:08.205+0000] {logging_mixin.py:188} INFO - [2024-06-30T04:03:08.204+0000] {dag.py:3954} INFO - Setting next_dagrun for example_sensors to None, run_after=None
[2024-06-30T04:03:08.651+0000] {processor.py:183} INFO - Processing /home/airflow/.local/lib/python3.12/site-packages/airflow/example_dags/example_sensors.py took 1.130 seconds
[2024-06-30T04:03:39.708+0000] {processor.py:161} INFO - Started process (PID=1576) to work on /home/airflow/.local/lib/python3.12/site-packages/airflow/example_dags/example_sensors.py
[2024-06-30T04:03:39.715+0000] {processor.py:830} INFO - Processing file /home/airflow/.local/lib/python3.12/site-packages/airflow/example_dags/example_sensors.py for tasks to queue
[2024-06-30T04:03:39.721+0000] {logging_mixin.py:188} INFO - [2024-06-30T04:03:39.719+0000] {dagbag.py:545} INFO - Filling up the DagBag from /home/airflow/.local/lib/python3.12/site-packages/airflow/example_dags/example_sensors.py
[2024-06-30T04:03:39.743+0000] {processor.py:840} INFO - DAG(s) 'example_sensors' retrieved from /home/airflow/.local/lib/python3.12/site-packages/airflow/example_dags/example_sensors.py
[2024-06-30T04:03:39.820+0000] {logging_mixin.py:188} INFO - [2024-06-30T04:03:39.820+0000] {dag.py:3096} INFO - Sync 1 DAGs
[2024-06-30T04:03:39.849+0000] {logging_mixin.py:188} INFO - [2024-06-30T04:03:39.848+0000] {dag.py:3954} INFO - Setting next_dagrun for example_sensors to None, run_after=None
[2024-06-30T04:03:39.956+0000] {processor.py:183} INFO - Processing /home/airflow/.local/lib/python3.12/site-packages/airflow/example_dags/example_sensors.py took 0.266 seconds
[2024-06-30T04:04:10.447+0000] {processor.py:161} INFO - Started process (PID=1634) to work on /home/airflow/.local/lib/python3.12/site-packages/airflow/example_dags/example_sensors.py
[2024-06-30T04:04:10.453+0000] {processor.py:830} INFO - Processing file /home/airflow/.local/lib/python3.12/site-packages/airflow/example_dags/example_sensors.py for tasks to queue
[2024-06-30T04:04:10.460+0000] {logging_mixin.py:188} INFO - [2024-06-30T04:04:10.459+0000] {dagbag.py:545} INFO - Filling up the DagBag from /home/airflow/.local/lib/python3.12/site-packages/airflow/example_dags/example_sensors.py
[2024-06-30T04:04:10.489+0000] {processor.py:840} INFO - DAG(s) 'example_sensors' retrieved from /home/airflow/.local/lib/python3.12/site-packages/airflow/example_dags/example_sensors.py
[2024-06-30T04:04:10.592+0000] {logging_mixin.py:188} INFO - [2024-06-30T04:04:10.591+0000] {dag.py:3096} INFO - Sync 1 DAGs
[2024-06-30T04:04:10.643+0000] {logging_mixin.py:188} INFO - [2024-06-30T04:04:10.643+0000] {dag.py:3954} INFO - Setting next_dagrun for example_sensors to None, run_after=None
[2024-06-30T04:04:10.714+0000] {processor.py:183} INFO - Processing /home/airflow/.local/lib/python3.12/site-packages/airflow/example_dags/example_sensors.py took 0.288 seconds
[2024-06-30T04:04:41.232+0000] {processor.py:161} INFO - Started process (PID=1698) to work on /home/airflow/.local/lib/python3.12/site-packages/airflow/example_dags/example_sensors.py
[2024-06-30T04:04:41.273+0000] {processor.py:830} INFO - Processing file /home/airflow/.local/lib/python3.12/site-packages/airflow/example_dags/example_sensors.py for tasks to queue
[2024-06-30T04:04:41.312+0000] {logging_mixin.py:188} INFO - [2024-06-30T04:04:41.307+0000] {dagbag.py:545} INFO - Filling up the DagBag from /home/airflow/.local/lib/python3.12/site-packages/airflow/example_dags/example_sensors.py
[2024-06-30T04:04:41.473+0000] {processor.py:840} INFO - DAG(s) 'example_sensors' retrieved from /home/airflow/.local/lib/python3.12/site-packages/airflow/example_dags/example_sensors.py
[2024-06-30T04:04:41.775+0000] {logging_mixin.py:188} INFO - [2024-06-30T04:04:41.774+0000] {dag.py:3096} INFO - Sync 1 DAGs
[2024-06-30T04:04:41.929+0000] {logging_mixin.py:188} INFO - [2024-06-30T04:04:41.928+0000] {dag.py:3954} INFO - Setting next_dagrun for example_sensors to None, run_after=None
[2024-06-30T04:04:42.079+0000] {processor.py:183} INFO - Processing /home/airflow/.local/lib/python3.12/site-packages/airflow/example_dags/example_sensors.py took 0.986 seconds
[2024-06-30T04:05:12.320+0000] {processor.py:161} INFO - Started process (PID=1755) to work on /home/airflow/.local/lib/python3.12/site-packages/airflow/example_dags/example_sensors.py
[2024-06-30T04:05:12.334+0000] {processor.py:830} INFO - Processing file /home/airflow/.local/lib/python3.12/site-packages/airflow/example_dags/example_sensors.py for tasks to queue
[2024-06-30T04:05:12.350+0000] {logging_mixin.py:188} INFO - [2024-06-30T04:05:12.349+0000] {dagbag.py:545} INFO - Filling up the DagBag from /home/airflow/.local/lib/python3.12/site-packages/airflow/example_dags/example_sensors.py
[2024-06-30T04:05:12.411+0000] {processor.py:840} INFO - DAG(s) 'example_sensors' retrieved from /home/airflow/.local/lib/python3.12/site-packages/airflow/example_dags/example_sensors.py
[2024-06-30T04:05:12.594+0000] {logging_mixin.py:188} INFO - [2024-06-30T04:05:12.592+0000] {dag.py:3096} INFO - Sync 1 DAGs
[2024-06-30T04:05:12.703+0000] {logging_mixin.py:188} INFO - [2024-06-30T04:05:12.702+0000] {dag.py:3954} INFO - Setting next_dagrun for example_sensors to None, run_after=None
[2024-06-30T04:05:12.829+0000] {processor.py:183} INFO - Processing /home/airflow/.local/lib/python3.12/site-packages/airflow/example_dags/example_sensors.py took 0.529 seconds
[2024-06-30T04:05:45.643+0000] {processor.py:161} INFO - Started process (PID=1813) to work on /home/airflow/.local/lib/python3.12/site-packages/airflow/example_dags/example_sensors.py
[2024-06-30T04:05:45.651+0000] {processor.py:830} INFO - Processing file /home/airflow/.local/lib/python3.12/site-packages/airflow/example_dags/example_sensors.py for tasks to queue
[2024-06-30T04:05:45.661+0000] {logging_mixin.py:188} INFO - [2024-06-30T04:05:45.655+0000] {dagbag.py:545} INFO - Filling up the DagBag from /home/airflow/.local/lib/python3.12/site-packages/airflow/example_dags/example_sensors.py
[2024-06-30T04:05:45.722+0000] {processor.py:840} INFO - DAG(s) 'example_sensors' retrieved from /home/airflow/.local/lib/python3.12/site-packages/airflow/example_dags/example_sensors.py
[2024-06-30T04:05:46.538+0000] {logging_mixin.py:188} INFO - [2024-06-30T04:05:46.534+0000] {dag.py:3096} INFO - Sync 1 DAGs
[2024-06-30T04:05:46.583+0000] {logging_mixin.py:188} INFO - [2024-06-30T04:05:46.582+0000] {dag.py:3954} INFO - Setting next_dagrun for example_sensors to None, run_after=None
[2024-06-30T04:05:46.707+0000] {processor.py:183} INFO - Processing /home/airflow/.local/lib/python3.12/site-packages/airflow/example_dags/example_sensors.py took 1.090 seconds
[2024-06-30T04:06:16.973+0000] {processor.py:161} INFO - Started process (PID=1871) to work on /home/airflow/.local/lib/python3.12/site-packages/airflow/example_dags/example_sensors.py
[2024-06-30T04:06:16.974+0000] {processor.py:830} INFO - Processing file /home/airflow/.local/lib/python3.12/site-packages/airflow/example_dags/example_sensors.py for tasks to queue
[2024-06-30T04:06:16.980+0000] {logging_mixin.py:188} INFO - [2024-06-30T04:06:16.979+0000] {dagbag.py:545} INFO - Filling up the DagBag from /home/airflow/.local/lib/python3.12/site-packages/airflow/example_dags/example_sensors.py
[2024-06-30T04:06:17.003+0000] {processor.py:840} INFO - DAG(s) 'example_sensors' retrieved from /home/airflow/.local/lib/python3.12/site-packages/airflow/example_dags/example_sensors.py
[2024-06-30T04:06:17.102+0000] {logging_mixin.py:188} INFO - [2024-06-30T04:06:17.102+0000] {dag.py:3096} INFO - Sync 1 DAGs
[2024-06-30T04:06:17.530+0000] {logging_mixin.py:188} INFO - [2024-06-30T04:06:17.523+0000] {dag.py:3954} INFO - Setting next_dagrun for example_sensors to None, run_after=None
[2024-06-30T04:06:17.629+0000] {processor.py:183} INFO - Processing /home/airflow/.local/lib/python3.12/site-packages/airflow/example_dags/example_sensors.py took 0.673 seconds
[2024-06-30T04:06:47.800+0000] {processor.py:161} INFO - Started process (PID=1930) to work on /home/airflow/.local/lib/python3.12/site-packages/airflow/example_dags/example_sensors.py
[2024-06-30T04:06:47.803+0000] {processor.py:830} INFO - Processing file /home/airflow/.local/lib/python3.12/site-packages/airflow/example_dags/example_sensors.py for tasks to queue
[2024-06-30T04:06:47.806+0000] {logging_mixin.py:188} INFO - [2024-06-30T04:06:47.806+0000] {dagbag.py:545} INFO - Filling up the DagBag from /home/airflow/.local/lib/python3.12/site-packages/airflow/example_dags/example_sensors.py
[2024-06-30T04:06:47.821+0000] {processor.py:840} INFO - DAG(s) 'example_sensors' retrieved from /home/airflow/.local/lib/python3.12/site-packages/airflow/example_dags/example_sensors.py
[2024-06-30T04:06:47.887+0000] {logging_mixin.py:188} INFO - [2024-06-30T04:06:47.887+0000] {dag.py:3096} INFO - Sync 1 DAGs
[2024-06-30T04:06:47.923+0000] {logging_mixin.py:188} INFO - [2024-06-30T04:06:47.923+0000] {dag.py:3954} INFO - Setting next_dagrun for example_sensors to None, run_after=None
[2024-06-30T04:06:48.031+0000] {processor.py:183} INFO - Processing /home/airflow/.local/lib/python3.12/site-packages/airflow/example_dags/example_sensors.py took 0.245 seconds
[2024-06-30T04:07:18.893+0000] {processor.py:161} INFO - Started process (PID=1988) to work on /home/airflow/.local/lib/python3.12/site-packages/airflow/example_dags/example_sensors.py
[2024-06-30T04:07:18.896+0000] {processor.py:830} INFO - Processing file /home/airflow/.local/lib/python3.12/site-packages/airflow/example_dags/example_sensors.py for tasks to queue
[2024-06-30T04:07:18.909+0000] {logging_mixin.py:188} INFO - [2024-06-30T04:07:18.908+0000] {dagbag.py:545} INFO - Filling up the DagBag from /home/airflow/.local/lib/python3.12/site-packages/airflow/example_dags/example_sensors.py
[2024-06-30T04:07:18.950+0000] {processor.py:840} INFO - DAG(s) 'example_sensors' retrieved from /home/airflow/.local/lib/python3.12/site-packages/airflow/example_dags/example_sensors.py
[2024-06-30T04:07:19.081+0000] {logging_mixin.py:188} INFO - [2024-06-30T04:07:19.080+0000] {dag.py:3096} INFO - Sync 1 DAGs
[2024-06-30T04:07:19.125+0000] {logging_mixin.py:188} INFO - [2024-06-30T04:07:19.125+0000] {dag.py:3954} INFO - Setting next_dagrun for example_sensors to None, run_after=None
[2024-06-30T04:07:19.259+0000] {processor.py:183} INFO - Processing /home/airflow/.local/lib/python3.12/site-packages/airflow/example_dags/example_sensors.py took 0.379 seconds
[2024-06-30T04:07:50.053+0000] {processor.py:161} INFO - Started process (PID=2046) to work on /home/airflow/.local/lib/python3.12/site-packages/airflow/example_dags/example_sensors.py
[2024-06-30T04:07:50.067+0000] {processor.py:830} INFO - Processing file /home/airflow/.local/lib/python3.12/site-packages/airflow/example_dags/example_sensors.py for tasks to queue
[2024-06-30T04:07:50.074+0000] {logging_mixin.py:188} INFO - [2024-06-30T04:07:50.072+0000] {dagbag.py:545} INFO - Filling up the DagBag from /home/airflow/.local/lib/python3.12/site-packages/airflow/example_dags/example_sensors.py
[2024-06-30T04:07:50.148+0000] {processor.py:840} INFO - DAG(s) 'example_sensors' retrieved from /home/airflow/.local/lib/python3.12/site-packages/airflow/example_dags/example_sensors.py
[2024-06-30T04:07:50.308+0000] {logging_mixin.py:188} INFO - [2024-06-30T04:07:50.307+0000] {dag.py:3096} INFO - Sync 1 DAGs
[2024-06-30T04:07:50.407+0000] {logging_mixin.py:188} INFO - [2024-06-30T04:07:50.407+0000] {dag.py:3954} INFO - Setting next_dagrun for example_sensors to None, run_after=None
[2024-06-30T04:07:50.510+0000] {processor.py:183} INFO - Processing /home/airflow/.local/lib/python3.12/site-packages/airflow/example_dags/example_sensors.py took 0.517 seconds
[2024-06-30T04:08:20.685+0000] {processor.py:161} INFO - Started process (PID=2104) to work on /home/airflow/.local/lib/python3.12/site-packages/airflow/example_dags/example_sensors.py
[2024-06-30T04:08:20.686+0000] {processor.py:830} INFO - Processing file /home/airflow/.local/lib/python3.12/site-packages/airflow/example_dags/example_sensors.py for tasks to queue
[2024-06-30T04:08:20.688+0000] {logging_mixin.py:188} INFO - [2024-06-30T04:08:20.688+0000] {dagbag.py:545} INFO - Filling up the DagBag from /home/airflow/.local/lib/python3.12/site-packages/airflow/example_dags/example_sensors.py
[2024-06-30T04:08:20.700+0000] {processor.py:840} INFO - DAG(s) 'example_sensors' retrieved from /home/airflow/.local/lib/python3.12/site-packages/airflow/example_dags/example_sensors.py
[2024-06-30T04:08:20.738+0000] {logging_mixin.py:188} INFO - [2024-06-30T04:08:20.738+0000] {dag.py:3096} INFO - Sync 1 DAGs
[2024-06-30T04:08:20.759+0000] {logging_mixin.py:188} INFO - [2024-06-30T04:08:20.759+0000] {dag.py:3954} INFO - Setting next_dagrun for example_sensors to None, run_after=None
[2024-06-30T04:08:20.832+0000] {processor.py:183} INFO - Processing /home/airflow/.local/lib/python3.12/site-packages/airflow/example_dags/example_sensors.py took 0.155 seconds
[2024-06-30T04:08:53.282+0000] {processor.py:161} INFO - Started process (PID=2162) to work on /home/airflow/.local/lib/python3.12/site-packages/airflow/example_dags/example_sensors.py
[2024-06-30T04:08:53.285+0000] {processor.py:830} INFO - Processing file /home/airflow/.local/lib/python3.12/site-packages/airflow/example_dags/example_sensors.py for tasks to queue
[2024-06-30T04:08:53.288+0000] {logging_mixin.py:188} INFO - [2024-06-30T04:08:53.288+0000] {dagbag.py:545} INFO - Filling up the DagBag from /home/airflow/.local/lib/python3.12/site-packages/airflow/example_dags/example_sensors.py
[2024-06-30T04:08:53.316+0000] {processor.py:840} INFO - DAG(s) 'example_sensors' retrieved from /home/airflow/.local/lib/python3.12/site-packages/airflow/example_dags/example_sensors.py
[2024-06-30T04:08:53.387+0000] {logging_mixin.py:188} INFO - [2024-06-30T04:08:53.386+0000] {dag.py:3096} INFO - Sync 1 DAGs
[2024-06-30T04:08:53.460+0000] {logging_mixin.py:188} INFO - [2024-06-30T04:08:53.458+0000] {dag.py:3954} INFO - Setting next_dagrun for example_sensors to None, run_after=None
[2024-06-30T04:08:53.577+0000] {processor.py:183} INFO - Processing /home/airflow/.local/lib/python3.12/site-packages/airflow/example_dags/example_sensors.py took 0.317 seconds
[2024-06-30T04:09:26.536+0000] {processor.py:161} INFO - Started process (PID=2220) to work on /home/airflow/.local/lib/python3.12/site-packages/airflow/example_dags/example_sensors.py
[2024-06-30T04:09:26.546+0000] {processor.py:830} INFO - Processing file /home/airflow/.local/lib/python3.12/site-packages/airflow/example_dags/example_sensors.py for tasks to queue
[2024-06-30T04:09:26.563+0000] {logging_mixin.py:188} INFO - [2024-06-30T04:09:26.563+0000] {dagbag.py:545} INFO - Filling up the DagBag from /home/airflow/.local/lib/python3.12/site-packages/airflow/example_dags/example_sensors.py
[2024-06-30T04:09:26.627+0000] {processor.py:840} INFO - DAG(s) 'example_sensors' retrieved from /home/airflow/.local/lib/python3.12/site-packages/airflow/example_dags/example_sensors.py
[2024-06-30T04:09:26.818+0000] {logging_mixin.py:188} INFO - [2024-06-30T04:09:26.817+0000] {dag.py:3096} INFO - Sync 1 DAGs
[2024-06-30T04:09:26.894+0000] {logging_mixin.py:188} INFO - [2024-06-30T04:09:26.894+0000] {dag.py:3954} INFO - Setting next_dagrun for example_sensors to None, run_after=None
[2024-06-30T04:09:27.013+0000] {processor.py:183} INFO - Processing /home/airflow/.local/lib/python3.12/site-packages/airflow/example_dags/example_sensors.py took 0.498 seconds
[2024-06-30T04:09:57.610+0000] {processor.py:161} INFO - Started process (PID=2279) to work on /home/airflow/.local/lib/python3.12/site-packages/airflow/example_dags/example_sensors.py
[2024-06-30T04:09:57.613+0000] {processor.py:830} INFO - Processing file /home/airflow/.local/lib/python3.12/site-packages/airflow/example_dags/example_sensors.py for tasks to queue
[2024-06-30T04:09:57.618+0000] {logging_mixin.py:188} INFO - [2024-06-30T04:09:57.618+0000] {dagbag.py:545} INFO - Filling up the DagBag from /home/airflow/.local/lib/python3.12/site-packages/airflow/example_dags/example_sensors.py
[2024-06-30T04:09:57.650+0000] {processor.py:840} INFO - DAG(s) 'example_sensors' retrieved from /home/airflow/.local/lib/python3.12/site-packages/airflow/example_dags/example_sensors.py
[2024-06-30T04:09:57.767+0000] {logging_mixin.py:188} INFO - [2024-06-30T04:09:57.766+0000] {dag.py:3096} INFO - Sync 1 DAGs
[2024-06-30T04:09:57.786+0000] {logging_mixin.py:188} INFO - [2024-06-30T04:09:57.785+0000] {dag.py:3954} INFO - Setting next_dagrun for example_sensors to None, run_after=None
[2024-06-30T04:09:57.816+0000] {processor.py:183} INFO - Processing /home/airflow/.local/lib/python3.12/site-packages/airflow/example_dags/example_sensors.py took 0.221 seconds
[2024-06-30T04:10:27.983+0000] {processor.py:161} INFO - Started process (PID=2336) to work on /home/airflow/.local/lib/python3.12/site-packages/airflow/example_dags/example_sensors.py
[2024-06-30T04:10:27.984+0000] {processor.py:830} INFO - Processing file /home/airflow/.local/lib/python3.12/site-packages/airflow/example_dags/example_sensors.py for tasks to queue
[2024-06-30T04:10:27.988+0000] {logging_mixin.py:188} INFO - [2024-06-30T04:10:27.987+0000] {dagbag.py:545} INFO - Filling up the DagBag from /home/airflow/.local/lib/python3.12/site-packages/airflow/example_dags/example_sensors.py
[2024-06-30T04:10:28.008+0000] {processor.py:840} INFO - DAG(s) 'example_sensors' retrieved from /home/airflow/.local/lib/python3.12/site-packages/airflow/example_dags/example_sensors.py
[2024-06-30T04:10:28.060+0000] {logging_mixin.py:188} INFO - [2024-06-30T04:10:28.059+0000] {dag.py:3096} INFO - Sync 1 DAGs
[2024-06-30T04:10:28.113+0000] {logging_mixin.py:188} INFO - [2024-06-30T04:10:28.112+0000] {dag.py:3954} INFO - Setting next_dagrun for example_sensors to None, run_after=None
[2024-06-30T04:10:28.162+0000] {processor.py:183} INFO - Processing /home/airflow/.local/lib/python3.12/site-packages/airflow/example_dags/example_sensors.py took 0.190 seconds
[2024-06-30T04:10:58.809+0000] {processor.py:161} INFO - Started process (PID=2394) to work on /home/airflow/.local/lib/python3.12/site-packages/airflow/example_dags/example_sensors.py
[2024-06-30T04:10:58.812+0000] {processor.py:830} INFO - Processing file /home/airflow/.local/lib/python3.12/site-packages/airflow/example_dags/example_sensors.py for tasks to queue
[2024-06-30T04:10:58.816+0000] {logging_mixin.py:188} INFO - [2024-06-30T04:10:58.815+0000] {dagbag.py:545} INFO - Filling up the DagBag from /home/airflow/.local/lib/python3.12/site-packages/airflow/example_dags/example_sensors.py
[2024-06-30T04:10:58.845+0000] {processor.py:840} INFO - DAG(s) 'example_sensors' retrieved from /home/airflow/.local/lib/python3.12/site-packages/airflow/example_dags/example_sensors.py
[2024-06-30T04:10:58.957+0000] {logging_mixin.py:188} INFO - [2024-06-30T04:10:58.955+0000] {dag.py:3096} INFO - Sync 1 DAGs
[2024-06-30T04:10:59.018+0000] {logging_mixin.py:188} INFO - [2024-06-30T04:10:59.018+0000] {dag.py:3954} INFO - Setting next_dagrun for example_sensors to None, run_after=None
[2024-06-30T04:10:59.080+0000] {processor.py:183} INFO - Processing /home/airflow/.local/lib/python3.12/site-packages/airflow/example_dags/example_sensors.py took 0.285 seconds
[2024-06-30T04:11:29.624+0000] {processor.py:161} INFO - Started process (PID=2452) to work on /home/airflow/.local/lib/python3.12/site-packages/airflow/example_dags/example_sensors.py
[2024-06-30T04:11:29.626+0000] {processor.py:830} INFO - Processing file /home/airflow/.local/lib/python3.12/site-packages/airflow/example_dags/example_sensors.py for tasks to queue
[2024-06-30T04:11:29.630+0000] {logging_mixin.py:188} INFO - [2024-06-30T04:11:29.629+0000] {dagbag.py:545} INFO - Filling up the DagBag from /home/airflow/.local/lib/python3.12/site-packages/airflow/example_dags/example_sensors.py
[2024-06-30T04:11:29.645+0000] {processor.py:840} INFO - DAG(s) 'example_sensors' retrieved from /home/airflow/.local/lib/python3.12/site-packages/airflow/example_dags/example_sensors.py
[2024-06-30T04:11:29.698+0000] {logging_mixin.py:188} INFO - [2024-06-30T04:11:29.698+0000] {dag.py:3096} INFO - Sync 1 DAGs
[2024-06-30T04:11:29.723+0000] {logging_mixin.py:188} INFO - [2024-06-30T04:11:29.722+0000] {dag.py:3954} INFO - Setting next_dagrun for example_sensors to None, run_after=None
[2024-06-30T04:11:29.780+0000] {processor.py:183} INFO - Processing /home/airflow/.local/lib/python3.12/site-packages/airflow/example_dags/example_sensors.py took 0.165 seconds
[2024-06-30T04:11:59.979+0000] {processor.py:161} INFO - Started process (PID=2509) to work on /home/airflow/.local/lib/python3.12/site-packages/airflow/example_dags/example_sensors.py
[2024-06-30T04:11:59.981+0000] {processor.py:830} INFO - Processing file /home/airflow/.local/lib/python3.12/site-packages/airflow/example_dags/example_sensors.py for tasks to queue
[2024-06-30T04:11:59.984+0000] {logging_mixin.py:188} INFO - [2024-06-30T04:11:59.984+0000] {dagbag.py:545} INFO - Filling up the DagBag from /home/airflow/.local/lib/python3.12/site-packages/airflow/example_dags/example_sensors.py
[2024-06-30T04:12:00.003+0000] {processor.py:840} INFO - DAG(s) 'example_sensors' retrieved from /home/airflow/.local/lib/python3.12/site-packages/airflow/example_dags/example_sensors.py
[2024-06-30T04:12:00.067+0000] {logging_mixin.py:188} INFO - [2024-06-30T04:12:00.067+0000] {dag.py:3096} INFO - Sync 1 DAGs
[2024-06-30T04:12:00.094+0000] {logging_mixin.py:188} INFO - [2024-06-30T04:12:00.093+0000] {dag.py:3954} INFO - Setting next_dagrun for example_sensors to None, run_after=None
[2024-06-30T04:12:00.168+0000] {processor.py:183} INFO - Processing /home/airflow/.local/lib/python3.12/site-packages/airflow/example_dags/example_sensors.py took 0.198 seconds
[2024-06-30T04:12:30.363+0000] {processor.py:161} INFO - Started process (PID=2567) to work on /home/airflow/.local/lib/python3.12/site-packages/airflow/example_dags/example_sensors.py
[2024-06-30T04:12:30.365+0000] {processor.py:830} INFO - Processing file /home/airflow/.local/lib/python3.12/site-packages/airflow/example_dags/example_sensors.py for tasks to queue
[2024-06-30T04:12:30.368+0000] {logging_mixin.py:188} INFO - [2024-06-30T04:12:30.367+0000] {dagbag.py:545} INFO - Filling up the DagBag from /home/airflow/.local/lib/python3.12/site-packages/airflow/example_dags/example_sensors.py
[2024-06-30T04:12:30.385+0000] {processor.py:840} INFO - DAG(s) 'example_sensors' retrieved from /home/airflow/.local/lib/python3.12/site-packages/airflow/example_dags/example_sensors.py
[2024-06-30T04:12:30.447+0000] {logging_mixin.py:188} INFO - [2024-06-30T04:12:30.446+0000] {dag.py:3096} INFO - Sync 1 DAGs
[2024-06-30T04:12:30.477+0000] {logging_mixin.py:188} INFO - [2024-06-30T04:12:30.477+0000] {dag.py:3954} INFO - Setting next_dagrun for example_sensors to None, run_after=None
[2024-06-30T04:12:30.534+0000] {processor.py:183} INFO - Processing /home/airflow/.local/lib/python3.12/site-packages/airflow/example_dags/example_sensors.py took 0.181 seconds
[2024-06-30T04:13:01.275+0000] {processor.py:161} INFO - Started process (PID=2625) to work on /home/airflow/.local/lib/python3.12/site-packages/airflow/example_dags/example_sensors.py
[2024-06-30T04:13:01.277+0000] {processor.py:830} INFO - Processing file /home/airflow/.local/lib/python3.12/site-packages/airflow/example_dags/example_sensors.py for tasks to queue
[2024-06-30T04:13:01.280+0000] {logging_mixin.py:188} INFO - [2024-06-30T04:13:01.279+0000] {dagbag.py:545} INFO - Filling up the DagBag from /home/airflow/.local/lib/python3.12/site-packages/airflow/example_dags/example_sensors.py
[2024-06-30T04:13:01.302+0000] {processor.py:840} INFO - DAG(s) 'example_sensors' retrieved from /home/airflow/.local/lib/python3.12/site-packages/airflow/example_dags/example_sensors.py
[2024-06-30T04:13:01.390+0000] {logging_mixin.py:188} INFO - [2024-06-30T04:13:01.389+0000] {dag.py:3096} INFO - Sync 1 DAGs
[2024-06-30T04:13:01.432+0000] {logging_mixin.py:188} INFO - [2024-06-30T04:13:01.432+0000] {dag.py:3954} INFO - Setting next_dagrun for example_sensors to None, run_after=None
[2024-06-30T04:13:01.481+0000] {processor.py:183} INFO - Processing /home/airflow/.local/lib/python3.12/site-packages/airflow/example_dags/example_sensors.py took 0.224 seconds
[2024-06-30T04:13:31.622+0000] {processor.py:161} INFO - Started process (PID=2683) to work on /home/airflow/.local/lib/python3.12/site-packages/airflow/example_dags/example_sensors.py
[2024-06-30T04:13:31.625+0000] {processor.py:830} INFO - Processing file /home/airflow/.local/lib/python3.12/site-packages/airflow/example_dags/example_sensors.py for tasks to queue
[2024-06-30T04:13:31.637+0000] {logging_mixin.py:188} INFO - [2024-06-30T04:13:31.636+0000] {dagbag.py:545} INFO - Filling up the DagBag from /home/airflow/.local/lib/python3.12/site-packages/airflow/example_dags/example_sensors.py
[2024-06-30T04:13:31.671+0000] {processor.py:840} INFO - DAG(s) 'example_sensors' retrieved from /home/airflow/.local/lib/python3.12/site-packages/airflow/example_dags/example_sensors.py
[2024-06-30T04:13:31.777+0000] {logging_mixin.py:188} INFO - [2024-06-30T04:13:31.776+0000] {dag.py:3096} INFO - Sync 1 DAGs
[2024-06-30T04:13:31.842+0000] {logging_mixin.py:188} INFO - [2024-06-30T04:13:31.842+0000] {dag.py:3954} INFO - Setting next_dagrun for example_sensors to None, run_after=None
[2024-06-30T04:13:31.904+0000] {processor.py:183} INFO - Processing /home/airflow/.local/lib/python3.12/site-packages/airflow/example_dags/example_sensors.py took 0.302 seconds
[2024-06-30T04:14:02.104+0000] {processor.py:161} INFO - Started process (PID=2743) to work on /home/airflow/.local/lib/python3.12/site-packages/airflow/example_dags/example_sensors.py
[2024-06-30T04:14:02.106+0000] {processor.py:830} INFO - Processing file /home/airflow/.local/lib/python3.12/site-packages/airflow/example_dags/example_sensors.py for tasks to queue
[2024-06-30T04:14:02.112+0000] {logging_mixin.py:188} INFO - [2024-06-30T04:14:02.111+0000] {dagbag.py:545} INFO - Filling up the DagBag from /home/airflow/.local/lib/python3.12/site-packages/airflow/example_dags/example_sensors.py
[2024-06-30T04:14:02.127+0000] {processor.py:840} INFO - DAG(s) 'example_sensors' retrieved from /home/airflow/.local/lib/python3.12/site-packages/airflow/example_dags/example_sensors.py
[2024-06-30T04:14:02.181+0000] {logging_mixin.py:188} INFO - [2024-06-30T04:14:02.179+0000] {dag.py:3096} INFO - Sync 1 DAGs
[2024-06-30T04:14:02.206+0000] {logging_mixin.py:188} INFO - [2024-06-30T04:14:02.206+0000] {dag.py:3954} INFO - Setting next_dagrun for example_sensors to None, run_after=None
[2024-06-30T04:14:02.247+0000] {processor.py:183} INFO - Processing /home/airflow/.local/lib/python3.12/site-packages/airflow/example_dags/example_sensors.py took 0.154 seconds
[2024-06-30T04:14:33.016+0000] {processor.py:161} INFO - Started process (PID=2801) to work on /home/airflow/.local/lib/python3.12/site-packages/airflow/example_dags/example_sensors.py
[2024-06-30T04:14:33.018+0000] {processor.py:830} INFO - Processing file /home/airflow/.local/lib/python3.12/site-packages/airflow/example_dags/example_sensors.py for tasks to queue
[2024-06-30T04:14:33.022+0000] {logging_mixin.py:188} INFO - [2024-06-30T04:14:33.021+0000] {dagbag.py:545} INFO - Filling up the DagBag from /home/airflow/.local/lib/python3.12/site-packages/airflow/example_dags/example_sensors.py
[2024-06-30T04:14:33.043+0000] {processor.py:840} INFO - DAG(s) 'example_sensors' retrieved from /home/airflow/.local/lib/python3.12/site-packages/airflow/example_dags/example_sensors.py
[2024-06-30T04:14:33.107+0000] {logging_mixin.py:188} INFO - [2024-06-30T04:14:33.107+0000] {dag.py:3096} INFO - Sync 1 DAGs
[2024-06-30T04:14:33.152+0000] {logging_mixin.py:188} INFO - [2024-06-30T04:14:33.151+0000] {dag.py:3954} INFO - Setting next_dagrun for example_sensors to None, run_after=None
[2024-06-30T04:14:33.208+0000] {processor.py:183} INFO - Processing /home/airflow/.local/lib/python3.12/site-packages/airflow/example_dags/example_sensors.py took 0.202 seconds
[2024-06-30T04:15:04.015+0000] {processor.py:161} INFO - Started process (PID=2859) to work on /home/airflow/.local/lib/python3.12/site-packages/airflow/example_dags/example_sensors.py
[2024-06-30T04:15:04.016+0000] {processor.py:830} INFO - Processing file /home/airflow/.local/lib/python3.12/site-packages/airflow/example_dags/example_sensors.py for tasks to queue
[2024-06-30T04:15:04.020+0000] {logging_mixin.py:188} INFO - [2024-06-30T04:15:04.019+0000] {dagbag.py:545} INFO - Filling up the DagBag from /home/airflow/.local/lib/python3.12/site-packages/airflow/example_dags/example_sensors.py
[2024-06-30T04:15:04.038+0000] {processor.py:840} INFO - DAG(s) 'example_sensors' retrieved from /home/airflow/.local/lib/python3.12/site-packages/airflow/example_dags/example_sensors.py
[2024-06-30T04:15:04.093+0000] {logging_mixin.py:188} INFO - [2024-06-30T04:15:04.093+0000] {dag.py:3096} INFO - Sync 1 DAGs
[2024-06-30T04:15:04.128+0000] {logging_mixin.py:188} INFO - [2024-06-30T04:15:04.127+0000] {dag.py:3954} INFO - Setting next_dagrun for example_sensors to None, run_after=None
[2024-06-30T04:15:04.169+0000] {processor.py:183} INFO - Processing /home/airflow/.local/lib/python3.12/site-packages/airflow/example_dags/example_sensors.py took 0.167 seconds
[2024-06-30T04:15:34.275+0000] {processor.py:161} INFO - Started process (PID=2917) to work on /home/airflow/.local/lib/python3.12/site-packages/airflow/example_dags/example_sensors.py
[2024-06-30T04:15:34.277+0000] {processor.py:830} INFO - Processing file /home/airflow/.local/lib/python3.12/site-packages/airflow/example_dags/example_sensors.py for tasks to queue
[2024-06-30T04:15:34.290+0000] {logging_mixin.py:188} INFO - [2024-06-30T04:15:34.289+0000] {dagbag.py:545} INFO - Filling up the DagBag from /home/airflow/.local/lib/python3.12/site-packages/airflow/example_dags/example_sensors.py
[2024-06-30T04:15:34.340+0000] {processor.py:840} INFO - DAG(s) 'example_sensors' retrieved from /home/airflow/.local/lib/python3.12/site-packages/airflow/example_dags/example_sensors.py
[2024-06-30T04:15:34.468+0000] {logging_mixin.py:188} INFO - [2024-06-30T04:15:34.467+0000] {dag.py:3096} INFO - Sync 1 DAGs
[2024-06-30T04:15:34.492+0000] {logging_mixin.py:188} INFO - [2024-06-30T04:15:34.492+0000] {dag.py:3954} INFO - Setting next_dagrun for example_sensors to None, run_after=None
[2024-06-30T04:15:34.546+0000] {processor.py:183} INFO - Processing /home/airflow/.local/lib/python3.12/site-packages/airflow/example_dags/example_sensors.py took 0.281 seconds
[2024-06-30T04:16:04.783+0000] {processor.py:161} INFO - Started process (PID=2975) to work on /home/airflow/.local/lib/python3.12/site-packages/airflow/example_dags/example_sensors.py
[2024-06-30T04:16:04.786+0000] {processor.py:830} INFO - Processing file /home/airflow/.local/lib/python3.12/site-packages/airflow/example_dags/example_sensors.py for tasks to queue
[2024-06-30T04:16:04.790+0000] {logging_mixin.py:188} INFO - [2024-06-30T04:16:04.789+0000] {dagbag.py:545} INFO - Filling up the DagBag from /home/airflow/.local/lib/python3.12/site-packages/airflow/example_dags/example_sensors.py
[2024-06-30T04:16:04.810+0000] {processor.py:840} INFO - DAG(s) 'example_sensors' retrieved from /home/airflow/.local/lib/python3.12/site-packages/airflow/example_dags/example_sensors.py
[2024-06-30T04:16:04.878+0000] {logging_mixin.py:188} INFO - [2024-06-30T04:16:04.878+0000] {dag.py:3096} INFO - Sync 1 DAGs
[2024-06-30T04:16:04.914+0000] {logging_mixin.py:188} INFO - [2024-06-30T04:16:04.914+0000] {dag.py:3954} INFO - Setting next_dagrun for example_sensors to None, run_after=None
[2024-06-30T04:16:04.965+0000] {processor.py:183} INFO - Processing /home/airflow/.local/lib/python3.12/site-packages/airflow/example_dags/example_sensors.py took 0.195 seconds
[2024-06-30T04:16:35.775+0000] {processor.py:161} INFO - Started process (PID=3033) to work on /home/airflow/.local/lib/python3.12/site-packages/airflow/example_dags/example_sensors.py
[2024-06-30T04:16:35.777+0000] {processor.py:830} INFO - Processing file /home/airflow/.local/lib/python3.12/site-packages/airflow/example_dags/example_sensors.py for tasks to queue
[2024-06-30T04:16:35.779+0000] {logging_mixin.py:188} INFO - [2024-06-30T04:16:35.779+0000] {dagbag.py:545} INFO - Filling up the DagBag from /home/airflow/.local/lib/python3.12/site-packages/airflow/example_dags/example_sensors.py
[2024-06-30T04:16:35.792+0000] {processor.py:840} INFO - DAG(s) 'example_sensors' retrieved from /home/airflow/.local/lib/python3.12/site-packages/airflow/example_dags/example_sensors.py
[2024-06-30T04:16:35.842+0000] {logging_mixin.py:188} INFO - [2024-06-30T04:16:35.842+0000] {dag.py:3096} INFO - Sync 1 DAGs
[2024-06-30T04:16:35.865+0000] {logging_mixin.py:188} INFO - [2024-06-30T04:16:35.865+0000] {dag.py:3954} INFO - Setting next_dagrun for example_sensors to None, run_after=None
[2024-06-30T04:16:35.914+0000] {processor.py:183} INFO - Processing /home/airflow/.local/lib/python3.12/site-packages/airflow/example_dags/example_sensors.py took 0.148 seconds
[2024-06-30T04:17:06.195+0000] {processor.py:161} INFO - Started process (PID=3091) to work on /home/airflow/.local/lib/python3.12/site-packages/airflow/example_dags/example_sensors.py
[2024-06-30T04:17:06.206+0000] {processor.py:830} INFO - Processing file /home/airflow/.local/lib/python3.12/site-packages/airflow/example_dags/example_sensors.py for tasks to queue
[2024-06-30T04:17:06.210+0000] {logging_mixin.py:188} INFO - [2024-06-30T04:17:06.209+0000] {dagbag.py:545} INFO - Filling up the DagBag from /home/airflow/.local/lib/python3.12/site-packages/airflow/example_dags/example_sensors.py
[2024-06-30T04:17:06.248+0000] {processor.py:840} INFO - DAG(s) 'example_sensors' retrieved from /home/airflow/.local/lib/python3.12/site-packages/airflow/example_dags/example_sensors.py
[2024-06-30T04:17:06.354+0000] {logging_mixin.py:188} INFO - [2024-06-30T04:17:06.354+0000] {dag.py:3096} INFO - Sync 1 DAGs
[2024-06-30T04:17:06.412+0000] {logging_mixin.py:188} INFO - [2024-06-30T04:17:06.411+0000] {dag.py:3954} INFO - Setting next_dagrun for example_sensors to None, run_after=None
[2024-06-30T04:17:06.551+0000] {processor.py:183} INFO - Processing /home/airflow/.local/lib/python3.12/site-packages/airflow/example_dags/example_sensors.py took 0.373 seconds
[2024-06-30T04:17:37.314+0000] {processor.py:161} INFO - Started process (PID=3148) to work on /home/airflow/.local/lib/python3.12/site-packages/airflow/example_dags/example_sensors.py
[2024-06-30T04:17:37.331+0000] {processor.py:830} INFO - Processing file /home/airflow/.local/lib/python3.12/site-packages/airflow/example_dags/example_sensors.py for tasks to queue
[2024-06-30T04:17:37.335+0000] {logging_mixin.py:188} INFO - [2024-06-30T04:17:37.334+0000] {dagbag.py:545} INFO - Filling up the DagBag from /home/airflow/.local/lib/python3.12/site-packages/airflow/example_dags/example_sensors.py
[2024-06-30T04:17:37.396+0000] {processor.py:840} INFO - DAG(s) 'example_sensors' retrieved from /home/airflow/.local/lib/python3.12/site-packages/airflow/example_dags/example_sensors.py
[2024-06-30T04:17:37.549+0000] {logging_mixin.py:188} INFO - [2024-06-30T04:17:37.549+0000] {dag.py:3096} INFO - Sync 1 DAGs
[2024-06-30T04:17:37.655+0000] {logging_mixin.py:188} INFO - [2024-06-30T04:17:37.655+0000] {dag.py:3954} INFO - Setting next_dagrun for example_sensors to None, run_after=None
[2024-06-30T04:17:37.776+0000] {processor.py:183} INFO - Processing /home/airflow/.local/lib/python3.12/site-packages/airflow/example_dags/example_sensors.py took 0.485 seconds
[2024-06-30T04:18:10.310+0000] {processor.py:161} INFO - Started process (PID=3213) to work on /home/airflow/.local/lib/python3.12/site-packages/airflow/example_dags/example_sensors.py
[2024-06-30T04:18:10.334+0000] {processor.py:830} INFO - Processing file /home/airflow/.local/lib/python3.12/site-packages/airflow/example_dags/example_sensors.py for tasks to queue
[2024-06-30T04:18:10.351+0000] {logging_mixin.py:188} INFO - [2024-06-30T04:18:10.350+0000] {dagbag.py:545} INFO - Filling up the DagBag from /home/airflow/.local/lib/python3.12/site-packages/airflow/example_dags/example_sensors.py
[2024-06-30T04:18:10.439+0000] {processor.py:840} INFO - DAG(s) 'example_sensors' retrieved from /home/airflow/.local/lib/python3.12/site-packages/airflow/example_dags/example_sensors.py
[2024-06-30T04:18:10.643+0000] {logging_mixin.py:188} INFO - [2024-06-30T04:18:10.632+0000] {dag.py:3096} INFO - Sync 1 DAGs
[2024-06-30T04:18:10.726+0000] {logging_mixin.py:188} INFO - [2024-06-30T04:18:10.726+0000] {dag.py:3954} INFO - Setting next_dagrun for example_sensors to None, run_after=None
[2024-06-30T04:18:10.852+0000] {processor.py:183} INFO - Processing /home/airflow/.local/lib/python3.12/site-packages/airflow/example_dags/example_sensors.py took 0.568 seconds
[2024-06-30T04:18:41.633+0000] {processor.py:161} INFO - Started process (PID=3271) to work on /home/airflow/.local/lib/python3.12/site-packages/airflow/example_dags/example_sensors.py
[2024-06-30T04:18:41.641+0000] {processor.py:830} INFO - Processing file /home/airflow/.local/lib/python3.12/site-packages/airflow/example_dags/example_sensors.py for tasks to queue
[2024-06-30T04:18:41.670+0000] {logging_mixin.py:188} INFO - [2024-06-30T04:18:41.655+0000] {dagbag.py:545} INFO - Filling up the DagBag from /home/airflow/.local/lib/python3.12/site-packages/airflow/example_dags/example_sensors.py
[2024-06-30T04:18:41.710+0000] {processor.py:840} INFO - DAG(s) 'example_sensors' retrieved from /home/airflow/.local/lib/python3.12/site-packages/airflow/example_dags/example_sensors.py
[2024-06-30T04:18:41.866+0000] {logging_mixin.py:188} INFO - [2024-06-30T04:18:41.866+0000] {dag.py:3096} INFO - Sync 1 DAGs
[2024-06-30T04:18:41.906+0000] {logging_mixin.py:188} INFO - [2024-06-30T04:18:41.906+0000] {dag.py:3954} INFO - Setting next_dagrun for example_sensors to None, run_after=None
[2024-06-30T04:18:41.971+0000] {processor.py:183} INFO - Processing /home/airflow/.local/lib/python3.12/site-packages/airflow/example_dags/example_sensors.py took 0.358 seconds
[2024-06-30T04:19:12.069+0000] {processor.py:161} INFO - Started process (PID=3327) to work on /home/airflow/.local/lib/python3.12/site-packages/airflow/example_dags/example_sensors.py
[2024-06-30T04:19:12.080+0000] {processor.py:830} INFO - Processing file /home/airflow/.local/lib/python3.12/site-packages/airflow/example_dags/example_sensors.py for tasks to queue
[2024-06-30T04:19:12.083+0000] {logging_mixin.py:188} INFO - [2024-06-30T04:19:12.082+0000] {dagbag.py:545} INFO - Filling up the DagBag from /home/airflow/.local/lib/python3.12/site-packages/airflow/example_dags/example_sensors.py
[2024-06-30T04:19:12.103+0000] {processor.py:840} INFO - DAG(s) 'example_sensors' retrieved from /home/airflow/.local/lib/python3.12/site-packages/airflow/example_dags/example_sensors.py
[2024-06-30T04:19:12.184+0000] {logging_mixin.py:188} INFO - [2024-06-30T04:19:12.184+0000] {dag.py:3096} INFO - Sync 1 DAGs
[2024-06-30T04:19:12.231+0000] {logging_mixin.py:188} INFO - [2024-06-30T04:19:12.230+0000] {dag.py:3954} INFO - Setting next_dagrun for example_sensors to None, run_after=None
[2024-06-30T04:19:12.314+0000] {processor.py:183} INFO - Processing /home/airflow/.local/lib/python3.12/site-packages/airflow/example_dags/example_sensors.py took 0.253 seconds
[2024-06-30T04:19:42.835+0000] {processor.py:161} INFO - Started process (PID=3385) to work on /home/airflow/.local/lib/python3.12/site-packages/airflow/example_dags/example_sensors.py
[2024-06-30T04:19:42.836+0000] {processor.py:830} INFO - Processing file /home/airflow/.local/lib/python3.12/site-packages/airflow/example_dags/example_sensors.py for tasks to queue
[2024-06-30T04:19:42.840+0000] {logging_mixin.py:188} INFO - [2024-06-30T04:19:42.839+0000] {dagbag.py:545} INFO - Filling up the DagBag from /home/airflow/.local/lib/python3.12/site-packages/airflow/example_dags/example_sensors.py
[2024-06-30T04:19:42.853+0000] {processor.py:840} INFO - DAG(s) 'example_sensors' retrieved from /home/airflow/.local/lib/python3.12/site-packages/airflow/example_dags/example_sensors.py
[2024-06-30T04:19:42.899+0000] {logging_mixin.py:188} INFO - [2024-06-30T04:19:42.898+0000] {dag.py:3096} INFO - Sync 1 DAGs
[2024-06-30T04:19:42.921+0000] {logging_mixin.py:188} INFO - [2024-06-30T04:19:42.920+0000] {dag.py:3954} INFO - Setting next_dagrun for example_sensors to None, run_after=None
[2024-06-30T04:19:42.957+0000] {processor.py:183} INFO - Processing /home/airflow/.local/lib/python3.12/site-packages/airflow/example_dags/example_sensors.py took 0.128 seconds
