[2024-06-30T03:49:57.909+0000] {processor.py:161} INFO - Started process (PID=80) to work on /home/airflow/.local/lib/python3.12/site-packages/airflow/example_dags/example_short_circuit_operator.py
[2024-06-30T03:49:57.992+0000] {processor.py:830} INFO - Processing file /home/airflow/.local/lib/python3.12/site-packages/airflow/example_dags/example_short_circuit_operator.py for tasks to queue
[2024-06-30T03:49:58.012+0000] {logging_mixin.py:188} INFO - [2024-06-30T03:49:58.010+0000] {dagbag.py:545} INFO - Filling up the DagBag from /home/airflow/.local/lib/python3.12/site-packages/airflow/example_dags/example_short_circuit_operator.py
[2024-06-30T03:49:58.160+0000] {processor.py:840} INFO - DAG(s) 'example_short_circuit_operator' retrieved from /home/airflow/.local/lib/python3.12/site-packages/airflow/example_dags/example_short_circuit_operator.py
[2024-06-30T03:49:59.259+0000] {logging_mixin.py:188} INFO - [2024-06-30T03:49:59.258+0000] {dag.py:3096} INFO - Sync 1 DAGs
[2024-06-30T03:49:59.577+0000] {logging_mixin.py:188} INFO - [2024-06-30T03:49:59.576+0000] {dag.py:3954} INFO - Setting next_dagrun for example_short_circuit_operator to 2024-06-29 00:00:00+00:00, run_after=2024-06-30 00:00:00+00:00
[2024-06-30T03:49:59.769+0000] {processor.py:183} INFO - Processing /home/airflow/.local/lib/python3.12/site-packages/airflow/example_dags/example_short_circuit_operator.py took 1.944 seconds
[2024-06-30T03:50:30.774+0000] {processor.py:161} INFO - Started process (PID=138) to work on /home/airflow/.local/lib/python3.12/site-packages/airflow/example_dags/example_short_circuit_operator.py
[2024-06-30T03:50:30.816+0000] {processor.py:830} INFO - Processing file /home/airflow/.local/lib/python3.12/site-packages/airflow/example_dags/example_short_circuit_operator.py for tasks to queue
[2024-06-30T03:50:30.833+0000] {logging_mixin.py:188} INFO - [2024-06-30T03:50:30.828+0000] {dagbag.py:545} INFO - Filling up the DagBag from /home/airflow/.local/lib/python3.12/site-packages/airflow/example_dags/example_short_circuit_operator.py
[2024-06-30T03:50:30.941+0000] {processor.py:840} INFO - DAG(s) 'example_short_circuit_operator' retrieved from /home/airflow/.local/lib/python3.12/site-packages/airflow/example_dags/example_short_circuit_operator.py
[2024-06-30T03:50:31.333+0000] {logging_mixin.py:188} INFO - [2024-06-30T03:50:31.332+0000] {dag.py:3096} INFO - Sync 1 DAGs
[2024-06-30T03:50:31.622+0000] {logging_mixin.py:188} INFO - [2024-06-30T03:50:31.620+0000] {dag.py:3954} INFO - Setting next_dagrun for example_short_circuit_operator to 2024-06-29 00:00:00+00:00, run_after=2024-06-30 00:00:00+00:00
[2024-06-30T03:50:31.940+0000] {processor.py:183} INFO - Processing /home/airflow/.local/lib/python3.12/site-packages/airflow/example_dags/example_short_circuit_operator.py took 1.281 seconds
[2024-06-30T03:51:03.003+0000] {processor.py:161} INFO - Started process (PID=195) to work on /home/airflow/.local/lib/python3.12/site-packages/airflow/example_dags/example_short_circuit_operator.py
[2024-06-30T03:51:03.009+0000] {processor.py:830} INFO - Processing file /home/airflow/.local/lib/python3.12/site-packages/airflow/example_dags/example_short_circuit_operator.py for tasks to queue
[2024-06-30T03:51:03.034+0000] {logging_mixin.py:188} INFO - [2024-06-30T03:51:03.029+0000] {dagbag.py:545} INFO - Filling up the DagBag from /home/airflow/.local/lib/python3.12/site-packages/airflow/example_dags/example_short_circuit_operator.py
[2024-06-30T03:51:03.093+0000] {processor.py:840} INFO - DAG(s) 'example_short_circuit_operator' retrieved from /home/airflow/.local/lib/python3.12/site-packages/airflow/example_dags/example_short_circuit_operator.py
[2024-06-30T03:51:03.166+0000] {logging_mixin.py:188} INFO - [2024-06-30T03:51:03.166+0000] {dag.py:3096} INFO - Sync 1 DAGs
[2024-06-30T03:51:03.247+0000] {logging_mixin.py:188} INFO - [2024-06-30T03:51:03.246+0000] {dag.py:3954} INFO - Setting next_dagrun for example_short_circuit_operator to 2024-06-29 00:00:00+00:00, run_after=2024-06-30 00:00:00+00:00
[2024-06-30T03:51:03.339+0000] {processor.py:183} INFO - Processing /home/airflow/.local/lib/python3.12/site-packages/airflow/example_dags/example_short_circuit_operator.py took 0.373 seconds
[2024-06-30T03:51:34.130+0000] {processor.py:161} INFO - Started process (PID=254) to work on /home/airflow/.local/lib/python3.12/site-packages/airflow/example_dags/example_short_circuit_operator.py
[2024-06-30T03:51:34.133+0000] {processor.py:830} INFO - Processing file /home/airflow/.local/lib/python3.12/site-packages/airflow/example_dags/example_short_circuit_operator.py for tasks to queue
[2024-06-30T03:51:34.139+0000] {logging_mixin.py:188} INFO - [2024-06-30T03:51:34.138+0000] {dagbag.py:545} INFO - Filling up the DagBag from /home/airflow/.local/lib/python3.12/site-packages/airflow/example_dags/example_short_circuit_operator.py
[2024-06-30T03:51:34.163+0000] {processor.py:840} INFO - DAG(s) 'example_short_circuit_operator' retrieved from /home/airflow/.local/lib/python3.12/site-packages/airflow/example_dags/example_short_circuit_operator.py
[2024-06-30T03:51:34.239+0000] {logging_mixin.py:188} INFO - [2024-06-30T03:51:34.238+0000] {dag.py:3096} INFO - Sync 1 DAGs
[2024-06-30T03:51:34.299+0000] {logging_mixin.py:188} INFO - [2024-06-30T03:51:34.299+0000] {dag.py:3954} INFO - Setting next_dagrun for example_short_circuit_operator to 2024-06-29 00:00:00+00:00, run_after=2024-06-30 00:00:00+00:00
[2024-06-30T03:51:34.435+0000] {processor.py:183} INFO - Processing /home/airflow/.local/lib/python3.12/site-packages/airflow/example_dags/example_short_circuit_operator.py took 0.319 seconds
[2024-06-30T03:52:05.411+0000] {processor.py:161} INFO - Started process (PID=313) to work on /home/airflow/.local/lib/python3.12/site-packages/airflow/example_dags/example_short_circuit_operator.py
[2024-06-30T03:52:05.414+0000] {processor.py:830} INFO - Processing file /home/airflow/.local/lib/python3.12/site-packages/airflow/example_dags/example_short_circuit_operator.py for tasks to queue
[2024-06-30T03:52:05.430+0000] {logging_mixin.py:188} INFO - [2024-06-30T03:52:05.429+0000] {dagbag.py:545} INFO - Filling up the DagBag from /home/airflow/.local/lib/python3.12/site-packages/airflow/example_dags/example_short_circuit_operator.py
[2024-06-30T03:52:05.456+0000] {processor.py:840} INFO - DAG(s) 'example_short_circuit_operator' retrieved from /home/airflow/.local/lib/python3.12/site-packages/airflow/example_dags/example_short_circuit_operator.py
[2024-06-30T03:52:05.573+0000] {logging_mixin.py:188} INFO - [2024-06-30T03:52:05.572+0000] {dag.py:3096} INFO - Sync 1 DAGs
[2024-06-30T03:52:05.703+0000] {logging_mixin.py:188} INFO - [2024-06-30T03:52:05.700+0000] {dag.py:3954} INFO - Setting next_dagrun for example_short_circuit_operator to 2024-06-29 00:00:00+00:00, run_after=2024-06-30 00:00:00+00:00
[2024-06-30T03:52:05.837+0000] {processor.py:183} INFO - Processing /home/airflow/.local/lib/python3.12/site-packages/airflow/example_dags/example_short_circuit_operator.py took 0.462 seconds
[2024-06-30T03:52:36.201+0000] {processor.py:161} INFO - Started process (PID=371) to work on /home/airflow/.local/lib/python3.12/site-packages/airflow/example_dags/example_short_circuit_operator.py
[2024-06-30T03:52:36.203+0000] {processor.py:830} INFO - Processing file /home/airflow/.local/lib/python3.12/site-packages/airflow/example_dags/example_short_circuit_operator.py for tasks to queue
[2024-06-30T03:52:36.209+0000] {logging_mixin.py:188} INFO - [2024-06-30T03:52:36.207+0000] {dagbag.py:545} INFO - Filling up the DagBag from /home/airflow/.local/lib/python3.12/site-packages/airflow/example_dags/example_short_circuit_operator.py
[2024-06-30T03:52:36.231+0000] {processor.py:840} INFO - DAG(s) 'example_short_circuit_operator' retrieved from /home/airflow/.local/lib/python3.12/site-packages/airflow/example_dags/example_short_circuit_operator.py
[2024-06-30T03:52:36.300+0000] {logging_mixin.py:188} INFO - [2024-06-30T03:52:36.299+0000] {dag.py:3096} INFO - Sync 1 DAGs
[2024-06-30T03:52:36.373+0000] {logging_mixin.py:188} INFO - [2024-06-30T03:52:36.373+0000] {dag.py:3954} INFO - Setting next_dagrun for example_short_circuit_operator to 2024-06-29 00:00:00+00:00, run_after=2024-06-30 00:00:00+00:00
[2024-06-30T03:52:36.444+0000] {processor.py:183} INFO - Processing /home/airflow/.local/lib/python3.12/site-packages/airflow/example_dags/example_short_circuit_operator.py took 0.259 seconds
[2024-06-30T03:53:06.612+0000] {processor.py:161} INFO - Started process (PID=429) to work on /home/airflow/.local/lib/python3.12/site-packages/airflow/example_dags/example_short_circuit_operator.py
[2024-06-30T03:53:06.615+0000] {processor.py:830} INFO - Processing file /home/airflow/.local/lib/python3.12/site-packages/airflow/example_dags/example_short_circuit_operator.py for tasks to queue
[2024-06-30T03:53:06.622+0000] {logging_mixin.py:188} INFO - [2024-06-30T03:53:06.621+0000] {dagbag.py:545} INFO - Filling up the DagBag from /home/airflow/.local/lib/python3.12/site-packages/airflow/example_dags/example_short_circuit_operator.py
[2024-06-30T03:53:06.658+0000] {processor.py:840} INFO - DAG(s) 'example_short_circuit_operator' retrieved from /home/airflow/.local/lib/python3.12/site-packages/airflow/example_dags/example_short_circuit_operator.py
[2024-06-30T03:53:06.804+0000] {logging_mixin.py:188} INFO - [2024-06-30T03:53:06.803+0000] {dag.py:3096} INFO - Sync 1 DAGs
[2024-06-30T03:53:06.925+0000] {logging_mixin.py:188} INFO - [2024-06-30T03:53:06.925+0000] {dag.py:3954} INFO - Setting next_dagrun for example_short_circuit_operator to 2024-06-29 00:00:00+00:00, run_after=2024-06-30 00:00:00+00:00
[2024-06-30T03:53:06.997+0000] {processor.py:183} INFO - Processing /home/airflow/.local/lib/python3.12/site-packages/airflow/example_dags/example_short_circuit_operator.py took 0.400 seconds
[2024-06-30T03:53:37.210+0000] {processor.py:161} INFO - Started process (PID=487) to work on /home/airflow/.local/lib/python3.12/site-packages/airflow/example_dags/example_short_circuit_operator.py
[2024-06-30T03:53:37.222+0000] {processor.py:830} INFO - Processing file /home/airflow/.local/lib/python3.12/site-packages/airflow/example_dags/example_short_circuit_operator.py for tasks to queue
[2024-06-30T03:53:37.229+0000] {logging_mixin.py:188} INFO - [2024-06-30T03:53:37.228+0000] {dagbag.py:545} INFO - Filling up the DagBag from /home/airflow/.local/lib/python3.12/site-packages/airflow/example_dags/example_short_circuit_operator.py
[2024-06-30T03:53:37.254+0000] {processor.py:840} INFO - DAG(s) 'example_short_circuit_operator' retrieved from /home/airflow/.local/lib/python3.12/site-packages/airflow/example_dags/example_short_circuit_operator.py
[2024-06-30T03:53:37.329+0000] {logging_mixin.py:188} INFO - [2024-06-30T03:53:37.328+0000] {dag.py:3096} INFO - Sync 1 DAGs
[2024-06-30T03:53:37.385+0000] {logging_mixin.py:188} INFO - [2024-06-30T03:53:37.385+0000] {dag.py:3954} INFO - Setting next_dagrun for example_short_circuit_operator to 2024-06-29 00:00:00+00:00, run_after=2024-06-30 00:00:00+00:00
[2024-06-30T03:53:37.487+0000] {processor.py:183} INFO - Processing /home/airflow/.local/lib/python3.12/site-packages/airflow/example_dags/example_short_circuit_operator.py took 0.293 seconds
[2024-06-30T03:54:08.097+0000] {processor.py:161} INFO - Started process (PID=545) to work on /home/airflow/.local/lib/python3.12/site-packages/airflow/example_dags/example_short_circuit_operator.py
[2024-06-30T03:54:08.105+0000] {processor.py:830} INFO - Processing file /home/airflow/.local/lib/python3.12/site-packages/airflow/example_dags/example_short_circuit_operator.py for tasks to queue
[2024-06-30T03:54:08.110+0000] {logging_mixin.py:188} INFO - [2024-06-30T03:54:08.109+0000] {dagbag.py:545} INFO - Filling up the DagBag from /home/airflow/.local/lib/python3.12/site-packages/airflow/example_dags/example_short_circuit_operator.py
[2024-06-30T03:54:08.128+0000] {processor.py:840} INFO - DAG(s) 'example_short_circuit_operator' retrieved from /home/airflow/.local/lib/python3.12/site-packages/airflow/example_dags/example_short_circuit_operator.py
[2024-06-30T03:54:08.220+0000] {logging_mixin.py:188} INFO - [2024-06-30T03:54:08.219+0000] {dag.py:3096} INFO - Sync 1 DAGs
[2024-06-30T03:54:08.284+0000] {logging_mixin.py:188} INFO - [2024-06-30T03:54:08.283+0000] {dag.py:3954} INFO - Setting next_dagrun for example_short_circuit_operator to 2024-06-29 00:00:00+00:00, run_after=2024-06-30 00:00:00+00:00
[2024-06-30T03:54:08.416+0000] {processor.py:183} INFO - Processing /home/airflow/.local/lib/python3.12/site-packages/airflow/example_dags/example_short_circuit_operator.py took 0.330 seconds
[2024-06-30T03:54:38.822+0000] {processor.py:161} INFO - Started process (PID=601) to work on /home/airflow/.local/lib/python3.12/site-packages/airflow/example_dags/example_short_circuit_operator.py
[2024-06-30T03:54:38.826+0000] {processor.py:830} INFO - Processing file /home/airflow/.local/lib/python3.12/site-packages/airflow/example_dags/example_short_circuit_operator.py for tasks to queue
[2024-06-30T03:54:38.834+0000] {logging_mixin.py:188} INFO - [2024-06-30T03:54:38.832+0000] {dagbag.py:545} INFO - Filling up the DagBag from /home/airflow/.local/lib/python3.12/site-packages/airflow/example_dags/example_short_circuit_operator.py
[2024-06-30T03:54:38.856+0000] {processor.py:840} INFO - DAG(s) 'example_short_circuit_operator' retrieved from /home/airflow/.local/lib/python3.12/site-packages/airflow/example_dags/example_short_circuit_operator.py
[2024-06-30T03:54:38.928+0000] {logging_mixin.py:188} INFO - [2024-06-30T03:54:38.928+0000] {dag.py:3096} INFO - Sync 1 DAGs
[2024-06-30T03:54:38.985+0000] {logging_mixin.py:188} INFO - [2024-06-30T03:54:38.984+0000] {dag.py:3954} INFO - Setting next_dagrun for example_short_circuit_operator to 2024-06-29 00:00:00+00:00, run_after=2024-06-30 00:00:00+00:00
[2024-06-30T03:54:39.035+0000] {processor.py:183} INFO - Processing /home/airflow/.local/lib/python3.12/site-packages/airflow/example_dags/example_short_circuit_operator.py took 0.224 seconds
[2024-06-30T03:55:10.492+0000] {processor.py:161} INFO - Started process (PID=659) to work on /home/airflow/.local/lib/python3.12/site-packages/airflow/example_dags/example_short_circuit_operator.py
[2024-06-30T03:55:10.497+0000] {processor.py:830} INFO - Processing file /home/airflow/.local/lib/python3.12/site-packages/airflow/example_dags/example_short_circuit_operator.py for tasks to queue
[2024-06-30T03:55:10.507+0000] {logging_mixin.py:188} INFO - [2024-06-30T03:55:10.506+0000] {dagbag.py:545} INFO - Filling up the DagBag from /home/airflow/.local/lib/python3.12/site-packages/airflow/example_dags/example_short_circuit_operator.py
[2024-06-30T03:55:10.539+0000] {processor.py:840} INFO - DAG(s) 'example_short_circuit_operator' retrieved from /home/airflow/.local/lib/python3.12/site-packages/airflow/example_dags/example_short_circuit_operator.py
[2024-06-30T03:55:10.641+0000] {logging_mixin.py:188} INFO - [2024-06-30T03:55:10.640+0000] {dag.py:3096} INFO - Sync 1 DAGs
[2024-06-30T03:55:10.724+0000] {logging_mixin.py:188} INFO - [2024-06-30T03:55:10.724+0000] {dag.py:3954} INFO - Setting next_dagrun for example_short_circuit_operator to 2024-06-29 00:00:00+00:00, run_after=2024-06-30 00:00:00+00:00
[2024-06-30T03:55:10.808+0000] {processor.py:183} INFO - Processing /home/airflow/.local/lib/python3.12/site-packages/airflow/example_dags/example_short_circuit_operator.py took 0.331 seconds
[2024-06-30T03:55:42.487+0000] {processor.py:161} INFO - Started process (PID=718) to work on /home/airflow/.local/lib/python3.12/site-packages/airflow/example_dags/example_short_circuit_operator.py
[2024-06-30T03:55:42.504+0000] {processor.py:830} INFO - Processing file /home/airflow/.local/lib/python3.12/site-packages/airflow/example_dags/example_short_circuit_operator.py for tasks to queue
[2024-06-30T03:55:42.522+0000] {logging_mixin.py:188} INFO - [2024-06-30T03:55:42.521+0000] {dagbag.py:545} INFO - Filling up the DagBag from /home/airflow/.local/lib/python3.12/site-packages/airflow/example_dags/example_short_circuit_operator.py
[2024-06-30T03:55:42.598+0000] {processor.py:840} INFO - DAG(s) 'example_short_circuit_operator' retrieved from /home/airflow/.local/lib/python3.12/site-packages/airflow/example_dags/example_short_circuit_operator.py
[2024-06-30T03:55:42.910+0000] {logging_mixin.py:188} INFO - [2024-06-30T03:55:42.909+0000] {dag.py:3096} INFO - Sync 1 DAGs
[2024-06-30T03:55:43.312+0000] {logging_mixin.py:188} INFO - [2024-06-30T03:55:43.312+0000] {dag.py:3954} INFO - Setting next_dagrun for example_short_circuit_operator to 2024-06-29 00:00:00+00:00, run_after=2024-06-30 00:00:00+00:00
[2024-06-30T03:55:43.605+0000] {processor.py:183} INFO - Processing /home/airflow/.local/lib/python3.12/site-packages/airflow/example_dags/example_short_circuit_operator.py took 1.157 seconds
[2024-06-30T03:56:17.859+0000] {processor.py:161} INFO - Started process (PID=776) to work on /home/airflow/.local/lib/python3.12/site-packages/airflow/example_dags/example_short_circuit_operator.py
[2024-06-30T03:56:17.869+0000] {processor.py:830} INFO - Processing file /home/airflow/.local/lib/python3.12/site-packages/airflow/example_dags/example_short_circuit_operator.py for tasks to queue
[2024-06-30T03:56:17.873+0000] {logging_mixin.py:188} INFO - [2024-06-30T03:56:17.872+0000] {dagbag.py:545} INFO - Filling up the DagBag from /home/airflow/.local/lib/python3.12/site-packages/airflow/example_dags/example_short_circuit_operator.py
[2024-06-30T03:56:17.905+0000] {processor.py:840} INFO - DAG(s) 'example_short_circuit_operator' retrieved from /home/airflow/.local/lib/python3.12/site-packages/airflow/example_dags/example_short_circuit_operator.py
[2024-06-30T03:56:17.993+0000] {logging_mixin.py:188} INFO - [2024-06-30T03:56:17.992+0000] {dag.py:3096} INFO - Sync 1 DAGs
[2024-06-30T03:56:18.067+0000] {logging_mixin.py:188} INFO - [2024-06-30T03:56:18.066+0000] {dag.py:3954} INFO - Setting next_dagrun for example_short_circuit_operator to 2024-06-29 00:00:00+00:00, run_after=2024-06-30 00:00:00+00:00
[2024-06-30T03:56:18.141+0000] {processor.py:183} INFO - Processing /home/airflow/.local/lib/python3.12/site-packages/airflow/example_dags/example_short_circuit_operator.py took 0.295 seconds
[2024-06-30T03:56:48.425+0000] {processor.py:161} INFO - Started process (PID=834) to work on /home/airflow/.local/lib/python3.12/site-packages/airflow/example_dags/example_short_circuit_operator.py
[2024-06-30T03:56:48.426+0000] {processor.py:830} INFO - Processing file /home/airflow/.local/lib/python3.12/site-packages/airflow/example_dags/example_short_circuit_operator.py for tasks to queue
[2024-06-30T03:56:48.430+0000] {logging_mixin.py:188} INFO - [2024-06-30T03:56:48.430+0000] {dagbag.py:545} INFO - Filling up the DagBag from /home/airflow/.local/lib/python3.12/site-packages/airflow/example_dags/example_short_circuit_operator.py
[2024-06-30T03:56:48.451+0000] {processor.py:840} INFO - DAG(s) 'example_short_circuit_operator' retrieved from /home/airflow/.local/lib/python3.12/site-packages/airflow/example_dags/example_short_circuit_operator.py
[2024-06-30T03:56:48.557+0000] {logging_mixin.py:188} INFO - [2024-06-30T03:56:48.556+0000] {dag.py:3096} INFO - Sync 1 DAGs
[2024-06-30T03:56:48.628+0000] {logging_mixin.py:188} INFO - [2024-06-30T03:56:48.627+0000] {dag.py:3954} INFO - Setting next_dagrun for example_short_circuit_operator to 2024-06-29 00:00:00+00:00, run_after=2024-06-30 00:00:00+00:00
[2024-06-30T03:56:48.716+0000] {processor.py:183} INFO - Processing /home/airflow/.local/lib/python3.12/site-packages/airflow/example_dags/example_short_circuit_operator.py took 0.302 seconds
[2024-06-30T03:57:27.591+0000] {processor.py:161} INFO - Started process (PID=892) to work on /home/airflow/.local/lib/python3.12/site-packages/airflow/example_dags/example_short_circuit_operator.py
[2024-06-30T03:57:27.593+0000] {processor.py:830} INFO - Processing file /home/airflow/.local/lib/python3.12/site-packages/airflow/example_dags/example_short_circuit_operator.py for tasks to queue
[2024-06-30T03:57:27.611+0000] {logging_mixin.py:188} INFO - [2024-06-30T03:57:27.610+0000] {dagbag.py:545} INFO - Filling up the DagBag from /home/airflow/.local/lib/python3.12/site-packages/airflow/example_dags/example_short_circuit_operator.py
[2024-06-30T03:57:27.652+0000] {processor.py:840} INFO - DAG(s) 'example_short_circuit_operator' retrieved from /home/airflow/.local/lib/python3.12/site-packages/airflow/example_dags/example_short_circuit_operator.py
[2024-06-30T03:57:27.738+0000] {logging_mixin.py:188} INFO - [2024-06-30T03:57:27.734+0000] {dag.py:3096} INFO - Sync 1 DAGs
[2024-06-30T03:57:27.821+0000] {logging_mixin.py:188} INFO - [2024-06-30T03:57:27.821+0000] {dag.py:3954} INFO - Setting next_dagrun for example_short_circuit_operator to 2024-06-29 00:00:00+00:00, run_after=2024-06-30 00:00:00+00:00
[2024-06-30T03:57:27.887+0000] {processor.py:183} INFO - Processing /home/airflow/.local/lib/python3.12/site-packages/airflow/example_dags/example_short_circuit_operator.py took 0.317 seconds
[2024-06-30T03:58:00.014+0000] {processor.py:161} INFO - Started process (PID=950) to work on /home/airflow/.local/lib/python3.12/site-packages/airflow/example_dags/example_short_circuit_operator.py
[2024-06-30T03:58:00.030+0000] {processor.py:830} INFO - Processing file /home/airflow/.local/lib/python3.12/site-packages/airflow/example_dags/example_short_circuit_operator.py for tasks to queue
[2024-06-30T03:58:00.036+0000] {logging_mixin.py:188} INFO - [2024-06-30T03:58:00.035+0000] {dagbag.py:545} INFO - Filling up the DagBag from /home/airflow/.local/lib/python3.12/site-packages/airflow/example_dags/example_short_circuit_operator.py
[2024-06-30T03:58:00.091+0000] {processor.py:840} INFO - DAG(s) 'example_short_circuit_operator' retrieved from /home/airflow/.local/lib/python3.12/site-packages/airflow/example_dags/example_short_circuit_operator.py
[2024-06-30T03:58:00.198+0000] {logging_mixin.py:188} INFO - [2024-06-30T03:58:00.197+0000] {dag.py:3096} INFO - Sync 1 DAGs
[2024-06-30T03:58:00.409+0000] {logging_mixin.py:188} INFO - [2024-06-30T03:58:00.408+0000] {dag.py:3954} INFO - Setting next_dagrun for example_short_circuit_operator to 2024-06-29 00:00:00+00:00, run_after=2024-06-30 00:00:00+00:00
[2024-06-30T03:58:00.639+0000] {processor.py:183} INFO - Processing /home/airflow/.local/lib/python3.12/site-packages/airflow/example_dags/example_short_circuit_operator.py took 0.659 seconds
[2024-06-30T03:58:31.176+0000] {processor.py:161} INFO - Started process (PID=1008) to work on /home/airflow/.local/lib/python3.12/site-packages/airflow/example_dags/example_short_circuit_operator.py
[2024-06-30T03:58:31.179+0000] {processor.py:830} INFO - Processing file /home/airflow/.local/lib/python3.12/site-packages/airflow/example_dags/example_short_circuit_operator.py for tasks to queue
[2024-06-30T03:58:31.185+0000] {logging_mixin.py:188} INFO - [2024-06-30T03:58:31.184+0000] {dagbag.py:545} INFO - Filling up the DagBag from /home/airflow/.local/lib/python3.12/site-packages/airflow/example_dags/example_short_circuit_operator.py
[2024-06-30T03:58:31.215+0000] {processor.py:840} INFO - DAG(s) 'example_short_circuit_operator' retrieved from /home/airflow/.local/lib/python3.12/site-packages/airflow/example_dags/example_short_circuit_operator.py
[2024-06-30T03:58:31.295+0000] {logging_mixin.py:188} INFO - [2024-06-30T03:58:31.294+0000] {dag.py:3096} INFO - Sync 1 DAGs
[2024-06-30T03:58:31.373+0000] {logging_mixin.py:188} INFO - [2024-06-30T03:58:31.373+0000] {dag.py:3954} INFO - Setting next_dagrun for example_short_circuit_operator to 2024-06-29 00:00:00+00:00, run_after=2024-06-30 00:00:00+00:00
[2024-06-30T03:58:31.486+0000] {processor.py:183} INFO - Processing /home/airflow/.local/lib/python3.12/site-packages/airflow/example_dags/example_short_circuit_operator.py took 0.327 seconds
[2024-06-30T03:59:01.834+0000] {processor.py:161} INFO - Started process (PID=1066) to work on /home/airflow/.local/lib/python3.12/site-packages/airflow/example_dags/example_short_circuit_operator.py
[2024-06-30T03:59:01.837+0000] {processor.py:830} INFO - Processing file /home/airflow/.local/lib/python3.12/site-packages/airflow/example_dags/example_short_circuit_operator.py for tasks to queue
[2024-06-30T03:59:01.841+0000] {logging_mixin.py:188} INFO - [2024-06-30T03:59:01.841+0000] {dagbag.py:545} INFO - Filling up the DagBag from /home/airflow/.local/lib/python3.12/site-packages/airflow/example_dags/example_short_circuit_operator.py
[2024-06-30T03:59:01.856+0000] {processor.py:840} INFO - DAG(s) 'example_short_circuit_operator' retrieved from /home/airflow/.local/lib/python3.12/site-packages/airflow/example_dags/example_short_circuit_operator.py
[2024-06-30T03:59:01.914+0000] {logging_mixin.py:188} INFO - [2024-06-30T03:59:01.913+0000] {dag.py:3096} INFO - Sync 1 DAGs
[2024-06-30T03:59:01.981+0000] {logging_mixin.py:188} INFO - [2024-06-30T03:59:01.980+0000] {dag.py:3954} INFO - Setting next_dagrun for example_short_circuit_operator to 2024-06-29 00:00:00+00:00, run_after=2024-06-30 00:00:00+00:00
[2024-06-30T03:59:02.033+0000] {processor.py:183} INFO - Processing /home/airflow/.local/lib/python3.12/site-packages/airflow/example_dags/example_short_circuit_operator.py took 0.212 seconds
[2024-06-30T03:59:33.091+0000] {processor.py:161} INFO - Started process (PID=1131) to work on /home/airflow/.local/lib/python3.12/site-packages/airflow/example_dags/example_short_circuit_operator.py
[2024-06-30T03:59:33.093+0000] {processor.py:830} INFO - Processing file /home/airflow/.local/lib/python3.12/site-packages/airflow/example_dags/example_short_circuit_operator.py for tasks to queue
[2024-06-30T03:59:33.097+0000] {logging_mixin.py:188} INFO - [2024-06-30T03:59:33.096+0000] {dagbag.py:545} INFO - Filling up the DagBag from /home/airflow/.local/lib/python3.12/site-packages/airflow/example_dags/example_short_circuit_operator.py
[2024-06-30T03:59:33.113+0000] {processor.py:840} INFO - DAG(s) 'example_short_circuit_operator' retrieved from /home/airflow/.local/lib/python3.12/site-packages/airflow/example_dags/example_short_circuit_operator.py
[2024-06-30T03:59:33.198+0000] {logging_mixin.py:188} INFO - [2024-06-30T03:59:33.198+0000] {dag.py:3096} INFO - Sync 1 DAGs
[2024-06-30T03:59:33.422+0000] {logging_mixin.py:188} INFO - [2024-06-30T03:59:33.421+0000] {dag.py:3954} INFO - Setting next_dagrun for example_short_circuit_operator to 2024-06-29 00:00:00+00:00, run_after=2024-06-30 00:00:00+00:00
[2024-06-30T03:59:33.599+0000] {processor.py:183} INFO - Processing /home/airflow/.local/lib/python3.12/site-packages/airflow/example_dags/example_short_circuit_operator.py took 0.520 seconds
[2024-06-30T04:00:09.027+0000] {processor.py:161} INFO - Started process (PID=1188) to work on /home/airflow/.local/lib/python3.12/site-packages/airflow/example_dags/example_short_circuit_operator.py
[2024-06-30T04:00:09.028+0000] {processor.py:830} INFO - Processing file /home/airflow/.local/lib/python3.12/site-packages/airflow/example_dags/example_short_circuit_operator.py for tasks to queue
[2024-06-30T04:00:09.034+0000] {logging_mixin.py:188} INFO - [2024-06-30T04:00:09.034+0000] {dagbag.py:545} INFO - Filling up the DagBag from /home/airflow/.local/lib/python3.12/site-packages/airflow/example_dags/example_short_circuit_operator.py
[2024-06-30T04:00:09.051+0000] {processor.py:840} INFO - DAG(s) 'example_short_circuit_operator' retrieved from /home/airflow/.local/lib/python3.12/site-packages/airflow/example_dags/example_short_circuit_operator.py
[2024-06-30T04:00:09.120+0000] {logging_mixin.py:188} INFO - [2024-06-30T04:00:09.119+0000] {dag.py:3096} INFO - Sync 1 DAGs
[2024-06-30T04:00:09.199+0000] {logging_mixin.py:188} INFO - [2024-06-30T04:00:09.198+0000] {dag.py:3954} INFO - Setting next_dagrun for example_short_circuit_operator to 2024-06-29 00:00:00+00:00, run_after=2024-06-30 00:00:00+00:00
[2024-06-30T04:00:09.312+0000] {processor.py:183} INFO - Processing /home/airflow/.local/lib/python3.12/site-packages/airflow/example_dags/example_short_circuit_operator.py took 0.301 seconds
[2024-06-30T04:00:39.530+0000] {processor.py:161} INFO - Started process (PID=1247) to work on /home/airflow/.local/lib/python3.12/site-packages/airflow/example_dags/example_short_circuit_operator.py
[2024-06-30T04:00:39.532+0000] {processor.py:830} INFO - Processing file /home/airflow/.local/lib/python3.12/site-packages/airflow/example_dags/example_short_circuit_operator.py for tasks to queue
[2024-06-30T04:00:39.535+0000] {logging_mixin.py:188} INFO - [2024-06-30T04:00:39.535+0000] {dagbag.py:545} INFO - Filling up the DagBag from /home/airflow/.local/lib/python3.12/site-packages/airflow/example_dags/example_short_circuit_operator.py
[2024-06-30T04:00:39.558+0000] {processor.py:840} INFO - DAG(s) 'example_short_circuit_operator' retrieved from /home/airflow/.local/lib/python3.12/site-packages/airflow/example_dags/example_short_circuit_operator.py
[2024-06-30T04:00:39.636+0000] {logging_mixin.py:188} INFO - [2024-06-30T04:00:39.635+0000] {dag.py:3096} INFO - Sync 1 DAGs
[2024-06-30T04:00:39.720+0000] {logging_mixin.py:188} INFO - [2024-06-30T04:00:39.719+0000] {dag.py:3954} INFO - Setting next_dagrun for example_short_circuit_operator to 2024-06-29 00:00:00+00:00, run_after=2024-06-30 00:00:00+00:00
[2024-06-30T04:00:39.798+0000] {processor.py:183} INFO - Processing /home/airflow/.local/lib/python3.12/site-packages/airflow/example_dags/example_short_circuit_operator.py took 0.282 seconds
[2024-06-30T04:01:10.759+0000] {processor.py:161} INFO - Started process (PID=1305) to work on /home/airflow/.local/lib/python3.12/site-packages/airflow/example_dags/example_short_circuit_operator.py
[2024-06-30T04:01:10.761+0000] {processor.py:830} INFO - Processing file /home/airflow/.local/lib/python3.12/site-packages/airflow/example_dags/example_short_circuit_operator.py for tasks to queue
[2024-06-30T04:01:10.776+0000] {logging_mixin.py:188} INFO - [2024-06-30T04:01:10.775+0000] {dagbag.py:545} INFO - Filling up the DagBag from /home/airflow/.local/lib/python3.12/site-packages/airflow/example_dags/example_short_circuit_operator.py
[2024-06-30T04:01:10.840+0000] {processor.py:840} INFO - DAG(s) 'example_short_circuit_operator' retrieved from /home/airflow/.local/lib/python3.12/site-packages/airflow/example_dags/example_short_circuit_operator.py
[2024-06-30T04:01:11.125+0000] {logging_mixin.py:188} INFO - [2024-06-30T04:01:11.125+0000] {dag.py:3096} INFO - Sync 1 DAGs
[2024-06-30T04:01:11.242+0000] {logging_mixin.py:188} INFO - [2024-06-30T04:01:11.242+0000] {dag.py:3954} INFO - Setting next_dagrun for example_short_circuit_operator to 2024-06-29 00:00:00+00:00, run_after=2024-06-30 00:00:00+00:00
[2024-06-30T04:01:11.321+0000] {processor.py:183} INFO - Processing /home/airflow/.local/lib/python3.12/site-packages/airflow/example_dags/example_short_circuit_operator.py took 0.608 seconds
[2024-06-30T04:01:41.614+0000] {processor.py:161} INFO - Started process (PID=1363) to work on /home/airflow/.local/lib/python3.12/site-packages/airflow/example_dags/example_short_circuit_operator.py
[2024-06-30T04:01:41.617+0000] {processor.py:830} INFO - Processing file /home/airflow/.local/lib/python3.12/site-packages/airflow/example_dags/example_short_circuit_operator.py for tasks to queue
[2024-06-30T04:01:41.624+0000] {logging_mixin.py:188} INFO - [2024-06-30T04:01:41.624+0000] {dagbag.py:545} INFO - Filling up the DagBag from /home/airflow/.local/lib/python3.12/site-packages/airflow/example_dags/example_short_circuit_operator.py
[2024-06-30T04:01:41.645+0000] {processor.py:840} INFO - DAG(s) 'example_short_circuit_operator' retrieved from /home/airflow/.local/lib/python3.12/site-packages/airflow/example_dags/example_short_circuit_operator.py
[2024-06-30T04:01:41.706+0000] {logging_mixin.py:188} INFO - [2024-06-30T04:01:41.705+0000] {dag.py:3096} INFO - Sync 1 DAGs
[2024-06-30T04:01:41.783+0000] {logging_mixin.py:188} INFO - [2024-06-30T04:01:41.783+0000] {dag.py:3954} INFO - Setting next_dagrun for example_short_circuit_operator to 2024-06-29 00:00:00+00:00, run_after=2024-06-30 00:00:00+00:00
[2024-06-30T04:01:41.912+0000] {processor.py:183} INFO - Processing /home/airflow/.local/lib/python3.12/site-packages/airflow/example_dags/example_short_circuit_operator.py took 0.312 seconds
[2024-06-30T04:02:12.720+0000] {processor.py:161} INFO - Started process (PID=1421) to work on /home/airflow/.local/lib/python3.12/site-packages/airflow/example_dags/example_short_circuit_operator.py
[2024-06-30T04:02:12.723+0000] {processor.py:830} INFO - Processing file /home/airflow/.local/lib/python3.12/site-packages/airflow/example_dags/example_short_circuit_operator.py for tasks to queue
[2024-06-30T04:02:12.726+0000] {logging_mixin.py:188} INFO - [2024-06-30T04:02:12.725+0000] {dagbag.py:545} INFO - Filling up the DagBag from /home/airflow/.local/lib/python3.12/site-packages/airflow/example_dags/example_short_circuit_operator.py
[2024-06-30T04:02:12.742+0000] {processor.py:840} INFO - DAG(s) 'example_short_circuit_operator' retrieved from /home/airflow/.local/lib/python3.12/site-packages/airflow/example_dags/example_short_circuit_operator.py
[2024-06-30T04:02:12.808+0000] {logging_mixin.py:188} INFO - [2024-06-30T04:02:12.807+0000] {dag.py:3096} INFO - Sync 1 DAGs
[2024-06-30T04:02:12.874+0000] {logging_mixin.py:188} INFO - [2024-06-30T04:02:12.874+0000] {dag.py:3954} INFO - Setting next_dagrun for example_short_circuit_operator to 2024-06-29 00:00:00+00:00, run_after=2024-06-30 00:00:00+00:00
[2024-06-30T04:02:12.975+0000] {processor.py:183} INFO - Processing /home/airflow/.local/lib/python3.12/site-packages/airflow/example_dags/example_short_circuit_operator.py took 0.284 seconds
[2024-06-30T04:02:44.021+0000] {processor.py:161} INFO - Started process (PID=1479) to work on /home/airflow/.local/lib/python3.12/site-packages/airflow/example_dags/example_short_circuit_operator.py
[2024-06-30T04:02:44.022+0000] {processor.py:830} INFO - Processing file /home/airflow/.local/lib/python3.12/site-packages/airflow/example_dags/example_short_circuit_operator.py for tasks to queue
[2024-06-30T04:02:44.025+0000] {logging_mixin.py:188} INFO - [2024-06-30T04:02:44.025+0000] {dagbag.py:545} INFO - Filling up the DagBag from /home/airflow/.local/lib/python3.12/site-packages/airflow/example_dags/example_short_circuit_operator.py
[2024-06-30T04:02:44.045+0000] {processor.py:840} INFO - DAG(s) 'example_short_circuit_operator' retrieved from /home/airflow/.local/lib/python3.12/site-packages/airflow/example_dags/example_short_circuit_operator.py
[2024-06-30T04:02:44.111+0000] {logging_mixin.py:188} INFO - [2024-06-30T04:02:44.111+0000] {dag.py:3096} INFO - Sync 1 DAGs
[2024-06-30T04:02:44.186+0000] {logging_mixin.py:188} INFO - [2024-06-30T04:02:44.179+0000] {dag.py:3954} INFO - Setting next_dagrun for example_short_circuit_operator to 2024-06-29 00:00:00+00:00, run_after=2024-06-30 00:00:00+00:00
[2024-06-30T04:02:44.306+0000] {processor.py:183} INFO - Processing /home/airflow/.local/lib/python3.12/site-packages/airflow/example_dags/example_short_circuit_operator.py took 0.303 seconds
[2024-06-30T04:03:17.491+0000] {processor.py:161} INFO - Started process (PID=1537) to work on /home/airflow/.local/lib/python3.12/site-packages/airflow/example_dags/example_short_circuit_operator.py
[2024-06-30T04:03:17.493+0000] {processor.py:830} INFO - Processing file /home/airflow/.local/lib/python3.12/site-packages/airflow/example_dags/example_short_circuit_operator.py for tasks to queue
[2024-06-30T04:03:17.505+0000] {logging_mixin.py:188} INFO - [2024-06-30T04:03:17.504+0000] {dagbag.py:545} INFO - Filling up the DagBag from /home/airflow/.local/lib/python3.12/site-packages/airflow/example_dags/example_short_circuit_operator.py
[2024-06-30T04:03:17.536+0000] {processor.py:840} INFO - DAG(s) 'example_short_circuit_operator' retrieved from /home/airflow/.local/lib/python3.12/site-packages/airflow/example_dags/example_short_circuit_operator.py
[2024-06-30T04:03:17.639+0000] {logging_mixin.py:188} INFO - [2024-06-30T04:03:17.639+0000] {dag.py:3096} INFO - Sync 1 DAGs
[2024-06-30T04:03:17.755+0000] {logging_mixin.py:188} INFO - [2024-06-30T04:03:17.755+0000] {dag.py:3954} INFO - Setting next_dagrun for example_short_circuit_operator to 2024-06-29 00:00:00+00:00, run_after=2024-06-30 00:00:00+00:00
[2024-06-30T04:03:17.935+0000] {processor.py:183} INFO - Processing /home/airflow/.local/lib/python3.12/site-packages/airflow/example_dags/example_short_circuit_operator.py took 0.463 seconds
[2024-06-30T04:03:49.904+0000] {processor.py:161} INFO - Started process (PID=1595) to work on /home/airflow/.local/lib/python3.12/site-packages/airflow/example_dags/example_short_circuit_operator.py
[2024-06-30T04:03:49.918+0000] {processor.py:830} INFO - Processing file /home/airflow/.local/lib/python3.12/site-packages/airflow/example_dags/example_short_circuit_operator.py for tasks to queue
[2024-06-30T04:03:49.934+0000] {logging_mixin.py:188} INFO - [2024-06-30T04:03:49.933+0000] {dagbag.py:545} INFO - Filling up the DagBag from /home/airflow/.local/lib/python3.12/site-packages/airflow/example_dags/example_short_circuit_operator.py
[2024-06-30T04:03:49.983+0000] {processor.py:840} INFO - DAG(s) 'example_short_circuit_operator' retrieved from /home/airflow/.local/lib/python3.12/site-packages/airflow/example_dags/example_short_circuit_operator.py
[2024-06-30T04:03:50.101+0000] {logging_mixin.py:188} INFO - [2024-06-30T04:03:50.100+0000] {dag.py:3096} INFO - Sync 1 DAGs
[2024-06-30T04:03:50.340+0000] {logging_mixin.py:188} INFO - [2024-06-30T04:03:50.339+0000] {dag.py:3954} INFO - Setting next_dagrun for example_short_circuit_operator to 2024-06-29 00:00:00+00:00, run_after=2024-06-30 00:00:00+00:00
[2024-06-30T04:03:50.535+0000] {processor.py:183} INFO - Processing /home/airflow/.local/lib/python3.12/site-packages/airflow/example_dags/example_short_circuit_operator.py took 0.667 seconds
[2024-06-30T04:04:22.061+0000] {processor.py:161} INFO - Started process (PID=1653) to work on /home/airflow/.local/lib/python3.12/site-packages/airflow/example_dags/example_short_circuit_operator.py
[2024-06-30T04:04:22.064+0000] {processor.py:830} INFO - Processing file /home/airflow/.local/lib/python3.12/site-packages/airflow/example_dags/example_short_circuit_operator.py for tasks to queue
[2024-06-30T04:04:22.080+0000] {logging_mixin.py:188} INFO - [2024-06-30T04:04:22.079+0000] {dagbag.py:545} INFO - Filling up the DagBag from /home/airflow/.local/lib/python3.12/site-packages/airflow/example_dags/example_short_circuit_operator.py
[2024-06-30T04:04:22.117+0000] {processor.py:840} INFO - DAG(s) 'example_short_circuit_operator' retrieved from /home/airflow/.local/lib/python3.12/site-packages/airflow/example_dags/example_short_circuit_operator.py
[2024-06-30T04:04:22.227+0000] {logging_mixin.py:188} INFO - [2024-06-30T04:04:22.226+0000] {dag.py:3096} INFO - Sync 1 DAGs
[2024-06-30T04:04:22.316+0000] {logging_mixin.py:188} INFO - [2024-06-30T04:04:22.315+0000] {dag.py:3954} INFO - Setting next_dagrun for example_short_circuit_operator to 2024-06-29 00:00:00+00:00, run_after=2024-06-30 00:00:00+00:00
[2024-06-30T04:04:23.047+0000] {processor.py:183} INFO - Processing /home/airflow/.local/lib/python3.12/site-packages/airflow/example_dags/example_short_circuit_operator.py took 1.002 seconds
[2024-06-30T04:04:56.310+0000] {processor.py:161} INFO - Started process (PID=1717) to work on /home/airflow/.local/lib/python3.12/site-packages/airflow/example_dags/example_short_circuit_operator.py
[2024-06-30T04:04:56.336+0000] {processor.py:830} INFO - Processing file /home/airflow/.local/lib/python3.12/site-packages/airflow/example_dags/example_short_circuit_operator.py for tasks to queue
[2024-06-30T04:04:56.359+0000] {logging_mixin.py:188} INFO - [2024-06-30T04:04:56.352+0000] {dagbag.py:545} INFO - Filling up the DagBag from /home/airflow/.local/lib/python3.12/site-packages/airflow/example_dags/example_short_circuit_operator.py
[2024-06-30T04:04:56.391+0000] {processor.py:840} INFO - DAG(s) 'example_short_circuit_operator' retrieved from /home/airflow/.local/lib/python3.12/site-packages/airflow/example_dags/example_short_circuit_operator.py
[2024-06-30T04:04:56.467+0000] {logging_mixin.py:188} INFO - [2024-06-30T04:04:56.467+0000] {dag.py:3096} INFO - Sync 1 DAGs
[2024-06-30T04:04:56.650+0000] {logging_mixin.py:188} INFO - [2024-06-30T04:04:56.650+0000] {dag.py:3954} INFO - Setting next_dagrun for example_short_circuit_operator to 2024-06-29 00:00:00+00:00, run_after=2024-06-30 00:00:00+00:00
[2024-06-30T04:04:57.501+0000] {processor.py:183} INFO - Processing /home/airflow/.local/lib/python3.12/site-packages/airflow/example_dags/example_short_circuit_operator.py took 1.254 seconds
[2024-06-30T04:05:27.886+0000] {processor.py:161} INFO - Started process (PID=1774) to work on /home/airflow/.local/lib/python3.12/site-packages/airflow/example_dags/example_short_circuit_operator.py
[2024-06-30T04:05:27.893+0000] {processor.py:830} INFO - Processing file /home/airflow/.local/lib/python3.12/site-packages/airflow/example_dags/example_short_circuit_operator.py for tasks to queue
[2024-06-30T04:05:27.900+0000] {logging_mixin.py:188} INFO - [2024-06-30T04:05:27.899+0000] {dagbag.py:545} INFO - Filling up the DagBag from /home/airflow/.local/lib/python3.12/site-packages/airflow/example_dags/example_short_circuit_operator.py
[2024-06-30T04:05:27.934+0000] {processor.py:840} INFO - DAG(s) 'example_short_circuit_operator' retrieved from /home/airflow/.local/lib/python3.12/site-packages/airflow/example_dags/example_short_circuit_operator.py
[2024-06-30T04:05:28.004+0000] {logging_mixin.py:188} INFO - [2024-06-30T04:05:28.004+0000] {dag.py:3096} INFO - Sync 1 DAGs
[2024-06-30T04:05:28.065+0000] {logging_mixin.py:188} INFO - [2024-06-30T04:05:28.065+0000] {dag.py:3954} INFO - Setting next_dagrun for example_short_circuit_operator to 2024-06-29 00:00:00+00:00, run_after=2024-06-30 00:00:00+00:00
[2024-06-30T04:05:28.183+0000] {processor.py:183} INFO - Processing /home/airflow/.local/lib/python3.12/site-packages/airflow/example_dags/example_short_circuit_operator.py took 0.316 seconds
[2024-06-30T04:05:58.664+0000] {processor.py:161} INFO - Started process (PID=1832) to work on /home/airflow/.local/lib/python3.12/site-packages/airflow/example_dags/example_short_circuit_operator.py
[2024-06-30T04:05:58.666+0000] {processor.py:830} INFO - Processing file /home/airflow/.local/lib/python3.12/site-packages/airflow/example_dags/example_short_circuit_operator.py for tasks to queue
[2024-06-30T04:05:58.670+0000] {logging_mixin.py:188} INFO - [2024-06-30T04:05:58.669+0000] {dagbag.py:545} INFO - Filling up the DagBag from /home/airflow/.local/lib/python3.12/site-packages/airflow/example_dags/example_short_circuit_operator.py
[2024-06-30T04:05:58.701+0000] {processor.py:840} INFO - DAG(s) 'example_short_circuit_operator' retrieved from /home/airflow/.local/lib/python3.12/site-packages/airflow/example_dags/example_short_circuit_operator.py
[2024-06-30T04:05:58.801+0000] {logging_mixin.py:188} INFO - [2024-06-30T04:05:58.800+0000] {dag.py:3096} INFO - Sync 1 DAGs
[2024-06-30T04:05:58.896+0000] {logging_mixin.py:188} INFO - [2024-06-30T04:05:58.895+0000] {dag.py:3954} INFO - Setting next_dagrun for example_short_circuit_operator to 2024-06-29 00:00:00+00:00, run_after=2024-06-30 00:00:00+00:00
[2024-06-30T04:05:59.003+0000] {processor.py:183} INFO - Processing /home/airflow/.local/lib/python3.12/site-packages/airflow/example_dags/example_short_circuit_operator.py took 0.358 seconds
[2024-06-30T04:06:29.384+0000] {processor.py:161} INFO - Started process (PID=1888) to work on /home/airflow/.local/lib/python3.12/site-packages/airflow/example_dags/example_short_circuit_operator.py
[2024-06-30T04:06:29.388+0000] {processor.py:830} INFO - Processing file /home/airflow/.local/lib/python3.12/site-packages/airflow/example_dags/example_short_circuit_operator.py for tasks to queue
[2024-06-30T04:06:29.394+0000] {logging_mixin.py:188} INFO - [2024-06-30T04:06:29.393+0000] {dagbag.py:545} INFO - Filling up the DagBag from /home/airflow/.local/lib/python3.12/site-packages/airflow/example_dags/example_short_circuit_operator.py
[2024-06-30T04:06:29.953+0000] {processor.py:840} INFO - DAG(s) 'example_short_circuit_operator' retrieved from /home/airflow/.local/lib/python3.12/site-packages/airflow/example_dags/example_short_circuit_operator.py
[2024-06-30T04:06:30.033+0000] {logging_mixin.py:188} INFO - [2024-06-30T04:06:30.032+0000] {dag.py:3096} INFO - Sync 1 DAGs
[2024-06-30T04:06:30.112+0000] {logging_mixin.py:188} INFO - [2024-06-30T04:06:30.112+0000] {dag.py:3954} INFO - Setting next_dagrun for example_short_circuit_operator to 2024-06-29 00:00:00+00:00, run_after=2024-06-30 00:00:00+00:00
[2024-06-30T04:06:30.256+0000] {processor.py:183} INFO - Processing /home/airflow/.local/lib/python3.12/site-packages/airflow/example_dags/example_short_circuit_operator.py took 0.887 seconds
[2024-06-30T04:07:00.971+0000] {processor.py:161} INFO - Started process (PID=1947) to work on /home/airflow/.local/lib/python3.12/site-packages/airflow/example_dags/example_short_circuit_operator.py
[2024-06-30T04:07:00.974+0000] {processor.py:830} INFO - Processing file /home/airflow/.local/lib/python3.12/site-packages/airflow/example_dags/example_short_circuit_operator.py for tasks to queue
[2024-06-30T04:07:00.978+0000] {logging_mixin.py:188} INFO - [2024-06-30T04:07:00.977+0000] {dagbag.py:545} INFO - Filling up the DagBag from /home/airflow/.local/lib/python3.12/site-packages/airflow/example_dags/example_short_circuit_operator.py
[2024-06-30T04:07:01.008+0000] {processor.py:840} INFO - DAG(s) 'example_short_circuit_operator' retrieved from /home/airflow/.local/lib/python3.12/site-packages/airflow/example_dags/example_short_circuit_operator.py
[2024-06-30T04:07:01.087+0000] {logging_mixin.py:188} INFO - [2024-06-30T04:07:01.085+0000] {dag.py:3096} INFO - Sync 1 DAGs
[2024-06-30T04:07:01.192+0000] {logging_mixin.py:188} INFO - [2024-06-30T04:07:01.192+0000] {dag.py:3954} INFO - Setting next_dagrun for example_short_circuit_operator to 2024-06-29 00:00:00+00:00, run_after=2024-06-30 00:00:00+00:00
[2024-06-30T04:07:01.281+0000] {processor.py:183} INFO - Processing /home/airflow/.local/lib/python3.12/site-packages/airflow/example_dags/example_short_circuit_operator.py took 0.324 seconds
[2024-06-30T04:07:31.714+0000] {processor.py:161} INFO - Started process (PID=2005) to work on /home/airflow/.local/lib/python3.12/site-packages/airflow/example_dags/example_short_circuit_operator.py
[2024-06-30T04:07:31.716+0000] {processor.py:830} INFO - Processing file /home/airflow/.local/lib/python3.12/site-packages/airflow/example_dags/example_short_circuit_operator.py for tasks to queue
[2024-06-30T04:07:31.719+0000] {logging_mixin.py:188} INFO - [2024-06-30T04:07:31.719+0000] {dagbag.py:545} INFO - Filling up the DagBag from /home/airflow/.local/lib/python3.12/site-packages/airflow/example_dags/example_short_circuit_operator.py
[2024-06-30T04:07:31.753+0000] {processor.py:840} INFO - DAG(s) 'example_short_circuit_operator' retrieved from /home/airflow/.local/lib/python3.12/site-packages/airflow/example_dags/example_short_circuit_operator.py
[2024-06-30T04:07:31.834+0000] {logging_mixin.py:188} INFO - [2024-06-30T04:07:31.834+0000] {dag.py:3096} INFO - Sync 1 DAGs
[2024-06-30T04:07:31.901+0000] {logging_mixin.py:188} INFO - [2024-06-30T04:07:31.901+0000] {dag.py:3954} INFO - Setting next_dagrun for example_short_circuit_operator to 2024-06-29 00:00:00+00:00, run_after=2024-06-30 00:00:00+00:00
[2024-06-30T04:07:32.016+0000] {processor.py:183} INFO - Processing /home/airflow/.local/lib/python3.12/site-packages/airflow/example_dags/example_short_circuit_operator.py took 0.317 seconds
[2024-06-30T04:08:02.520+0000] {processor.py:161} INFO - Started process (PID=2063) to work on /home/airflow/.local/lib/python3.12/site-packages/airflow/example_dags/example_short_circuit_operator.py
[2024-06-30T04:08:02.522+0000] {processor.py:830} INFO - Processing file /home/airflow/.local/lib/python3.12/site-packages/airflow/example_dags/example_short_circuit_operator.py for tasks to queue
[2024-06-30T04:08:02.530+0000] {logging_mixin.py:188} INFO - [2024-06-30T04:08:02.530+0000] {dagbag.py:545} INFO - Filling up the DagBag from /home/airflow/.local/lib/python3.12/site-packages/airflow/example_dags/example_short_circuit_operator.py
[2024-06-30T04:08:02.548+0000] {processor.py:840} INFO - DAG(s) 'example_short_circuit_operator' retrieved from /home/airflow/.local/lib/python3.12/site-packages/airflow/example_dags/example_short_circuit_operator.py
[2024-06-30T04:08:02.607+0000] {logging_mixin.py:188} INFO - [2024-06-30T04:08:02.605+0000] {dag.py:3096} INFO - Sync 1 DAGs
[2024-06-30T04:08:02.669+0000] {logging_mixin.py:188} INFO - [2024-06-30T04:08:02.668+0000] {dag.py:3954} INFO - Setting next_dagrun for example_short_circuit_operator to 2024-06-29 00:00:00+00:00, run_after=2024-06-30 00:00:00+00:00
[2024-06-30T04:08:02.765+0000] {processor.py:183} INFO - Processing /home/airflow/.local/lib/python3.12/site-packages/airflow/example_dags/example_short_circuit_operator.py took 0.262 seconds
[2024-06-30T04:08:33.062+0000] {processor.py:161} INFO - Started process (PID=2121) to work on /home/airflow/.local/lib/python3.12/site-packages/airflow/example_dags/example_short_circuit_operator.py
[2024-06-30T04:08:33.065+0000] {processor.py:830} INFO - Processing file /home/airflow/.local/lib/python3.12/site-packages/airflow/example_dags/example_short_circuit_operator.py for tasks to queue
[2024-06-30T04:08:33.068+0000] {logging_mixin.py:188} INFO - [2024-06-30T04:08:33.067+0000] {dagbag.py:545} INFO - Filling up the DagBag from /home/airflow/.local/lib/python3.12/site-packages/airflow/example_dags/example_short_circuit_operator.py
[2024-06-30T04:08:33.085+0000] {processor.py:840} INFO - DAG(s) 'example_short_circuit_operator' retrieved from /home/airflow/.local/lib/python3.12/site-packages/airflow/example_dags/example_short_circuit_operator.py
[2024-06-30T04:08:33.136+0000] {logging_mixin.py:188} INFO - [2024-06-30T04:08:33.136+0000] {dag.py:3096} INFO - Sync 1 DAGs
[2024-06-30T04:08:33.187+0000] {logging_mixin.py:188} INFO - [2024-06-30T04:08:33.187+0000] {dag.py:3954} INFO - Setting next_dagrun for example_short_circuit_operator to 2024-06-29 00:00:00+00:00, run_after=2024-06-30 00:00:00+00:00
[2024-06-30T04:08:33.288+0000] {processor.py:183} INFO - Processing /home/airflow/.local/lib/python3.12/site-packages/airflow/example_dags/example_short_circuit_operator.py took 0.237 seconds
[2024-06-30T04:09:03.821+0000] {processor.py:161} INFO - Started process (PID=2179) to work on /home/airflow/.local/lib/python3.12/site-packages/airflow/example_dags/example_short_circuit_operator.py
[2024-06-30T04:09:03.834+0000] {processor.py:830} INFO - Processing file /home/airflow/.local/lib/python3.12/site-packages/airflow/example_dags/example_short_circuit_operator.py for tasks to queue
[2024-06-30T04:09:03.845+0000] {logging_mixin.py:188} INFO - [2024-06-30T04:09:03.844+0000] {dagbag.py:545} INFO - Filling up the DagBag from /home/airflow/.local/lib/python3.12/site-packages/airflow/example_dags/example_short_circuit_operator.py
[2024-06-30T04:09:03.880+0000] {processor.py:840} INFO - DAG(s) 'example_short_circuit_operator' retrieved from /home/airflow/.local/lib/python3.12/site-packages/airflow/example_dags/example_short_circuit_operator.py
[2024-06-30T04:09:03.979+0000] {logging_mixin.py:188} INFO - [2024-06-30T04:09:03.978+0000] {dag.py:3096} INFO - Sync 1 DAGs
[2024-06-30T04:09:04.078+0000] {logging_mixin.py:188} INFO - [2024-06-30T04:09:04.077+0000] {dag.py:3954} INFO - Setting next_dagrun for example_short_circuit_operator to 2024-06-29 00:00:00+00:00, run_after=2024-06-30 00:00:00+00:00
[2024-06-30T04:09:04.197+0000] {processor.py:183} INFO - Processing /home/airflow/.local/lib/python3.12/site-packages/airflow/example_dags/example_short_circuit_operator.py took 0.388 seconds
[2024-06-30T04:09:34.400+0000] {processor.py:161} INFO - Started process (PID=2237) to work on /home/airflow/.local/lib/python3.12/site-packages/airflow/example_dags/example_short_circuit_operator.py
[2024-06-30T04:09:34.401+0000] {processor.py:830} INFO - Processing file /home/airflow/.local/lib/python3.12/site-packages/airflow/example_dags/example_short_circuit_operator.py for tasks to queue
[2024-06-30T04:09:34.405+0000] {logging_mixin.py:188} INFO - [2024-06-30T04:09:34.404+0000] {dagbag.py:545} INFO - Filling up the DagBag from /home/airflow/.local/lib/python3.12/site-packages/airflow/example_dags/example_short_circuit_operator.py
[2024-06-30T04:09:34.417+0000] {processor.py:840} INFO - DAG(s) 'example_short_circuit_operator' retrieved from /home/airflow/.local/lib/python3.12/site-packages/airflow/example_dags/example_short_circuit_operator.py
[2024-06-30T04:09:34.457+0000] {logging_mixin.py:188} INFO - [2024-06-30T04:09:34.457+0000] {dag.py:3096} INFO - Sync 1 DAGs
[2024-06-30T04:09:34.495+0000] {logging_mixin.py:188} INFO - [2024-06-30T04:09:34.495+0000] {dag.py:3954} INFO - Setting next_dagrun for example_short_circuit_operator to 2024-06-29 00:00:00+00:00, run_after=2024-06-30 00:00:00+00:00
[2024-06-30T04:09:34.532+0000] {processor.py:183} INFO - Processing /home/airflow/.local/lib/python3.12/site-packages/airflow/example_dags/example_short_circuit_operator.py took 0.143 seconds
[2024-06-30T04:10:05.185+0000] {processor.py:161} INFO - Started process (PID=2296) to work on /home/airflow/.local/lib/python3.12/site-packages/airflow/example_dags/example_short_circuit_operator.py
[2024-06-30T04:10:05.187+0000] {processor.py:830} INFO - Processing file /home/airflow/.local/lib/python3.12/site-packages/airflow/example_dags/example_short_circuit_operator.py for tasks to queue
[2024-06-30T04:10:05.189+0000] {logging_mixin.py:188} INFO - [2024-06-30T04:10:05.189+0000] {dagbag.py:545} INFO - Filling up the DagBag from /home/airflow/.local/lib/python3.12/site-packages/airflow/example_dags/example_short_circuit_operator.py
[2024-06-30T04:10:05.198+0000] {processor.py:840} INFO - DAG(s) 'example_short_circuit_operator' retrieved from /home/airflow/.local/lib/python3.12/site-packages/airflow/example_dags/example_short_circuit_operator.py
[2024-06-30T04:10:05.232+0000] {logging_mixin.py:188} INFO - [2024-06-30T04:10:05.231+0000] {dag.py:3096} INFO - Sync 1 DAGs
[2024-06-30T04:10:05.262+0000] {logging_mixin.py:188} INFO - [2024-06-30T04:10:05.262+0000] {dag.py:3954} INFO - Setting next_dagrun for example_short_circuit_operator to 2024-06-29 00:00:00+00:00, run_after=2024-06-30 00:00:00+00:00
[2024-06-30T04:10:05.292+0000] {processor.py:183} INFO - Processing /home/airflow/.local/lib/python3.12/site-packages/airflow/example_dags/example_short_circuit_operator.py took 0.115 seconds
[2024-06-30T04:10:35.592+0000] {processor.py:161} INFO - Started process (PID=2354) to work on /home/airflow/.local/lib/python3.12/site-packages/airflow/example_dags/example_short_circuit_operator.py
[2024-06-30T04:10:35.593+0000] {processor.py:830} INFO - Processing file /home/airflow/.local/lib/python3.12/site-packages/airflow/example_dags/example_short_circuit_operator.py for tasks to queue
[2024-06-30T04:10:35.597+0000] {logging_mixin.py:188} INFO - [2024-06-30T04:10:35.596+0000] {dagbag.py:545} INFO - Filling up the DagBag from /home/airflow/.local/lib/python3.12/site-packages/airflow/example_dags/example_short_circuit_operator.py
[2024-06-30T04:10:35.615+0000] {processor.py:840} INFO - DAG(s) 'example_short_circuit_operator' retrieved from /home/airflow/.local/lib/python3.12/site-packages/airflow/example_dags/example_short_circuit_operator.py
[2024-06-30T04:10:35.661+0000] {logging_mixin.py:188} INFO - [2024-06-30T04:10:35.660+0000] {dag.py:3096} INFO - Sync 1 DAGs
[2024-06-30T04:10:35.755+0000] {logging_mixin.py:188} INFO - [2024-06-30T04:10:35.754+0000] {dag.py:3954} INFO - Setting next_dagrun for example_short_circuit_operator to 2024-06-29 00:00:00+00:00, run_after=2024-06-30 00:00:00+00:00
[2024-06-30T04:10:35.800+0000] {processor.py:183} INFO - Processing /home/airflow/.local/lib/python3.12/site-packages/airflow/example_dags/example_short_circuit_operator.py took 0.220 seconds
[2024-06-30T04:11:06.198+0000] {processor.py:161} INFO - Started process (PID=2412) to work on /home/airflow/.local/lib/python3.12/site-packages/airflow/example_dags/example_short_circuit_operator.py
[2024-06-30T04:11:06.200+0000] {processor.py:830} INFO - Processing file /home/airflow/.local/lib/python3.12/site-packages/airflow/example_dags/example_short_circuit_operator.py for tasks to queue
[2024-06-30T04:11:06.204+0000] {logging_mixin.py:188} INFO - [2024-06-30T04:11:06.203+0000] {dagbag.py:545} INFO - Filling up the DagBag from /home/airflow/.local/lib/python3.12/site-packages/airflow/example_dags/example_short_circuit_operator.py
[2024-06-30T04:11:06.218+0000] {processor.py:840} INFO - DAG(s) 'example_short_circuit_operator' retrieved from /home/airflow/.local/lib/python3.12/site-packages/airflow/example_dags/example_short_circuit_operator.py
[2024-06-30T04:11:06.289+0000] {logging_mixin.py:188} INFO - [2024-06-30T04:11:06.288+0000] {dag.py:3096} INFO - Sync 1 DAGs
[2024-06-30T04:11:06.354+0000] {logging_mixin.py:188} INFO - [2024-06-30T04:11:06.354+0000] {dag.py:3954} INFO - Setting next_dagrun for example_short_circuit_operator to 2024-06-29 00:00:00+00:00, run_after=2024-06-30 00:00:00+00:00
[2024-06-30T04:11:06.402+0000] {processor.py:183} INFO - Processing /home/airflow/.local/lib/python3.12/site-packages/airflow/example_dags/example_short_circuit_operator.py took 0.213 seconds
[2024-06-30T04:11:36.575+0000] {processor.py:161} INFO - Started process (PID=2470) to work on /home/airflow/.local/lib/python3.12/site-packages/airflow/example_dags/example_short_circuit_operator.py
[2024-06-30T04:11:36.577+0000] {processor.py:830} INFO - Processing file /home/airflow/.local/lib/python3.12/site-packages/airflow/example_dags/example_short_circuit_operator.py for tasks to queue
[2024-06-30T04:11:36.583+0000] {logging_mixin.py:188} INFO - [2024-06-30T04:11:36.582+0000] {dagbag.py:545} INFO - Filling up the DagBag from /home/airflow/.local/lib/python3.12/site-packages/airflow/example_dags/example_short_circuit_operator.py
[2024-06-30T04:11:36.599+0000] {processor.py:840} INFO - DAG(s) 'example_short_circuit_operator' retrieved from /home/airflow/.local/lib/python3.12/site-packages/airflow/example_dags/example_short_circuit_operator.py
[2024-06-30T04:11:36.662+0000] {logging_mixin.py:188} INFO - [2024-06-30T04:11:36.661+0000] {dag.py:3096} INFO - Sync 1 DAGs
[2024-06-30T04:11:36.719+0000] {logging_mixin.py:188} INFO - [2024-06-30T04:11:36.719+0000] {dag.py:3954} INFO - Setting next_dagrun for example_short_circuit_operator to 2024-06-29 00:00:00+00:00, run_after=2024-06-30 00:00:00+00:00
[2024-06-30T04:11:36.784+0000] {processor.py:183} INFO - Processing /home/airflow/.local/lib/python3.12/site-packages/airflow/example_dags/example_short_circuit_operator.py took 0.220 seconds
[2024-06-30T04:12:07.284+0000] {processor.py:161} INFO - Started process (PID=2533) to work on /home/airflow/.local/lib/python3.12/site-packages/airflow/example_dags/example_short_circuit_operator.py
[2024-06-30T04:12:07.285+0000] {processor.py:830} INFO - Processing file /home/airflow/.local/lib/python3.12/site-packages/airflow/example_dags/example_short_circuit_operator.py for tasks to queue
[2024-06-30T04:12:07.288+0000] {logging_mixin.py:188} INFO - [2024-06-30T04:12:07.287+0000] {dagbag.py:545} INFO - Filling up the DagBag from /home/airflow/.local/lib/python3.12/site-packages/airflow/example_dags/example_short_circuit_operator.py
[2024-06-30T04:12:07.300+0000] {processor.py:840} INFO - DAG(s) 'example_short_circuit_operator' retrieved from /home/airflow/.local/lib/python3.12/site-packages/airflow/example_dags/example_short_circuit_operator.py
[2024-06-30T04:12:07.344+0000] {logging_mixin.py:188} INFO - [2024-06-30T04:12:07.344+0000] {dag.py:3096} INFO - Sync 1 DAGs
[2024-06-30T04:12:07.381+0000] {logging_mixin.py:188} INFO - [2024-06-30T04:12:07.381+0000] {dag.py:3954} INFO - Setting next_dagrun for example_short_circuit_operator to 2024-06-29 00:00:00+00:00, run_after=2024-06-30 00:00:00+00:00
[2024-06-30T04:12:07.415+0000] {processor.py:183} INFO - Processing /home/airflow/.local/lib/python3.12/site-packages/airflow/example_dags/example_short_circuit_operator.py took 0.140 seconds
[2024-06-30T04:12:37.599+0000] {processor.py:161} INFO - Started process (PID=2591) to work on /home/airflow/.local/lib/python3.12/site-packages/airflow/example_dags/example_short_circuit_operator.py
[2024-06-30T04:12:37.601+0000] {processor.py:830} INFO - Processing file /home/airflow/.local/lib/python3.12/site-packages/airflow/example_dags/example_short_circuit_operator.py for tasks to queue
[2024-06-30T04:12:37.604+0000] {logging_mixin.py:188} INFO - [2024-06-30T04:12:37.604+0000] {dagbag.py:545} INFO - Filling up the DagBag from /home/airflow/.local/lib/python3.12/site-packages/airflow/example_dags/example_short_circuit_operator.py
[2024-06-30T04:12:37.618+0000] {processor.py:840} INFO - DAG(s) 'example_short_circuit_operator' retrieved from /home/airflow/.local/lib/python3.12/site-packages/airflow/example_dags/example_short_circuit_operator.py
[2024-06-30T04:12:37.659+0000] {logging_mixin.py:188} INFO - [2024-06-30T04:12:37.659+0000] {dag.py:3096} INFO - Sync 1 DAGs
[2024-06-30T04:12:37.704+0000] {logging_mixin.py:188} INFO - [2024-06-30T04:12:37.703+0000] {dag.py:3954} INFO - Setting next_dagrun for example_short_circuit_operator to 2024-06-29 00:00:00+00:00, run_after=2024-06-30 00:00:00+00:00
[2024-06-30T04:12:37.740+0000] {processor.py:183} INFO - Processing /home/airflow/.local/lib/python3.12/site-packages/airflow/example_dags/example_short_circuit_operator.py took 0.148 seconds
[2024-06-30T04:13:07.892+0000] {processor.py:161} INFO - Started process (PID=2649) to work on /home/airflow/.local/lib/python3.12/site-packages/airflow/example_dags/example_short_circuit_operator.py
[2024-06-30T04:13:07.893+0000] {processor.py:830} INFO - Processing file /home/airflow/.local/lib/python3.12/site-packages/airflow/example_dags/example_short_circuit_operator.py for tasks to queue
[2024-06-30T04:13:07.896+0000] {logging_mixin.py:188} INFO - [2024-06-30T04:13:07.896+0000] {dagbag.py:545} INFO - Filling up the DagBag from /home/airflow/.local/lib/python3.12/site-packages/airflow/example_dags/example_short_circuit_operator.py
[2024-06-30T04:13:07.909+0000] {processor.py:840} INFO - DAG(s) 'example_short_circuit_operator' retrieved from /home/airflow/.local/lib/python3.12/site-packages/airflow/example_dags/example_short_circuit_operator.py
[2024-06-30T04:13:07.955+0000] {logging_mixin.py:188} INFO - [2024-06-30T04:13:07.955+0000] {dag.py:3096} INFO - Sync 1 DAGs
[2024-06-30T04:13:08.005+0000] {logging_mixin.py:188} INFO - [2024-06-30T04:13:08.005+0000] {dag.py:3954} INFO - Setting next_dagrun for example_short_circuit_operator to 2024-06-29 00:00:00+00:00, run_after=2024-06-30 00:00:00+00:00
[2024-06-30T04:13:08.052+0000] {processor.py:183} INFO - Processing /home/airflow/.local/lib/python3.12/site-packages/airflow/example_dags/example_short_circuit_operator.py took 0.168 seconds
[2024-06-30T04:13:38.546+0000] {processor.py:161} INFO - Started process (PID=2709) to work on /home/airflow/.local/lib/python3.12/site-packages/airflow/example_dags/example_short_circuit_operator.py
[2024-06-30T04:13:38.548+0000] {processor.py:830} INFO - Processing file /home/airflow/.local/lib/python3.12/site-packages/airflow/example_dags/example_short_circuit_operator.py for tasks to queue
[2024-06-30T04:13:38.552+0000] {logging_mixin.py:188} INFO - [2024-06-30T04:13:38.551+0000] {dagbag.py:545} INFO - Filling up the DagBag from /home/airflow/.local/lib/python3.12/site-packages/airflow/example_dags/example_short_circuit_operator.py
[2024-06-30T04:13:38.565+0000] {processor.py:840} INFO - DAG(s) 'example_short_circuit_operator' retrieved from /home/airflow/.local/lib/python3.12/site-packages/airflow/example_dags/example_short_circuit_operator.py
[2024-06-30T04:13:38.602+0000] {logging_mixin.py:188} INFO - [2024-06-30T04:13:38.601+0000] {dag.py:3096} INFO - Sync 1 DAGs
[2024-06-30T04:13:38.645+0000] {logging_mixin.py:188} INFO - [2024-06-30T04:13:38.645+0000] {dag.py:3954} INFO - Setting next_dagrun for example_short_circuit_operator to 2024-06-29 00:00:00+00:00, run_after=2024-06-30 00:00:00+00:00
[2024-06-30T04:13:38.688+0000] {processor.py:183} INFO - Processing /home/airflow/.local/lib/python3.12/site-packages/airflow/example_dags/example_short_circuit_operator.py took 0.150 seconds
[2024-06-30T04:14:09.614+0000] {processor.py:161} INFO - Started process (PID=2767) to work on /home/airflow/.local/lib/python3.12/site-packages/airflow/example_dags/example_short_circuit_operator.py
[2024-06-30T04:14:09.616+0000] {processor.py:830} INFO - Processing file /home/airflow/.local/lib/python3.12/site-packages/airflow/example_dags/example_short_circuit_operator.py for tasks to queue
[2024-06-30T04:14:09.621+0000] {logging_mixin.py:188} INFO - [2024-06-30T04:14:09.620+0000] {dagbag.py:545} INFO - Filling up the DagBag from /home/airflow/.local/lib/python3.12/site-packages/airflow/example_dags/example_short_circuit_operator.py
[2024-06-30T04:14:09.635+0000] {processor.py:840} INFO - DAG(s) 'example_short_circuit_operator' retrieved from /home/airflow/.local/lib/python3.12/site-packages/airflow/example_dags/example_short_circuit_operator.py
[2024-06-30T04:14:09.685+0000] {logging_mixin.py:188} INFO - [2024-06-30T04:14:09.685+0000] {dag.py:3096} INFO - Sync 1 DAGs
[2024-06-30T04:14:09.759+0000] {logging_mixin.py:188} INFO - [2024-06-30T04:14:09.759+0000] {dag.py:3954} INFO - Setting next_dagrun for example_short_circuit_operator to 2024-06-29 00:00:00+00:00, run_after=2024-06-30 00:00:00+00:00
[2024-06-30T04:14:09.801+0000] {processor.py:183} INFO - Processing /home/airflow/.local/lib/python3.12/site-packages/airflow/example_dags/example_short_circuit_operator.py took 0.198 seconds
[2024-06-30T04:14:39.922+0000] {processor.py:161} INFO - Started process (PID=2825) to work on /home/airflow/.local/lib/python3.12/site-packages/airflow/example_dags/example_short_circuit_operator.py
[2024-06-30T04:14:39.924+0000] {processor.py:830} INFO - Processing file /home/airflow/.local/lib/python3.12/site-packages/airflow/example_dags/example_short_circuit_operator.py for tasks to queue
[2024-06-30T04:14:39.927+0000] {logging_mixin.py:188} INFO - [2024-06-30T04:14:39.927+0000] {dagbag.py:545} INFO - Filling up the DagBag from /home/airflow/.local/lib/python3.12/site-packages/airflow/example_dags/example_short_circuit_operator.py
[2024-06-30T04:14:39.941+0000] {processor.py:840} INFO - DAG(s) 'example_short_circuit_operator' retrieved from /home/airflow/.local/lib/python3.12/site-packages/airflow/example_dags/example_short_circuit_operator.py
[2024-06-30T04:14:39.984+0000] {logging_mixin.py:188} INFO - [2024-06-30T04:14:39.983+0000] {dag.py:3096} INFO - Sync 1 DAGs
[2024-06-30T04:14:40.025+0000] {logging_mixin.py:188} INFO - [2024-06-30T04:14:40.025+0000] {dag.py:3954} INFO - Setting next_dagrun for example_short_circuit_operator to 2024-06-29 00:00:00+00:00, run_after=2024-06-30 00:00:00+00:00
[2024-06-30T04:14:40.061+0000] {processor.py:183} INFO - Processing /home/airflow/.local/lib/python3.12/site-packages/airflow/example_dags/example_short_circuit_operator.py took 0.152 seconds
[2024-06-30T04:15:10.659+0000] {processor.py:161} INFO - Started process (PID=2882) to work on /home/airflow/.local/lib/python3.12/site-packages/airflow/example_dags/example_short_circuit_operator.py
[2024-06-30T04:15:10.661+0000] {processor.py:830} INFO - Processing file /home/airflow/.local/lib/python3.12/site-packages/airflow/example_dags/example_short_circuit_operator.py for tasks to queue
[2024-06-30T04:15:10.667+0000] {logging_mixin.py:188} INFO - [2024-06-30T04:15:10.665+0000] {dagbag.py:545} INFO - Filling up the DagBag from /home/airflow/.local/lib/python3.12/site-packages/airflow/example_dags/example_short_circuit_operator.py
[2024-06-30T04:15:10.687+0000] {processor.py:840} INFO - DAG(s) 'example_short_circuit_operator' retrieved from /home/airflow/.local/lib/python3.12/site-packages/airflow/example_dags/example_short_circuit_operator.py
[2024-06-30T04:15:10.751+0000] {logging_mixin.py:188} INFO - [2024-06-30T04:15:10.751+0000] {dag.py:3096} INFO - Sync 1 DAGs
[2024-06-30T04:15:10.817+0000] {logging_mixin.py:188} INFO - [2024-06-30T04:15:10.816+0000] {dag.py:3954} INFO - Setting next_dagrun for example_short_circuit_operator to 2024-06-29 00:00:00+00:00, run_after=2024-06-30 00:00:00+00:00
[2024-06-30T04:15:10.902+0000] {processor.py:183} INFO - Processing /home/airflow/.local/lib/python3.12/site-packages/airflow/example_dags/example_short_circuit_operator.py took 0.259 seconds
[2024-06-30T04:15:41.236+0000] {processor.py:161} INFO - Started process (PID=2940) to work on /home/airflow/.local/lib/python3.12/site-packages/airflow/example_dags/example_short_circuit_operator.py
[2024-06-30T04:15:41.237+0000] {processor.py:830} INFO - Processing file /home/airflow/.local/lib/python3.12/site-packages/airflow/example_dags/example_short_circuit_operator.py for tasks to queue
[2024-06-30T04:15:41.240+0000] {logging_mixin.py:188} INFO - [2024-06-30T04:15:41.239+0000] {dagbag.py:545} INFO - Filling up the DagBag from /home/airflow/.local/lib/python3.12/site-packages/airflow/example_dags/example_short_circuit_operator.py
[2024-06-30T04:15:41.250+0000] {processor.py:840} INFO - DAG(s) 'example_short_circuit_operator' retrieved from /home/airflow/.local/lib/python3.12/site-packages/airflow/example_dags/example_short_circuit_operator.py
[2024-06-30T04:15:41.289+0000] {logging_mixin.py:188} INFO - [2024-06-30T04:15:41.288+0000] {dag.py:3096} INFO - Sync 1 DAGs
[2024-06-30T04:15:41.340+0000] {logging_mixin.py:188} INFO - [2024-06-30T04:15:41.340+0000] {dag.py:3954} INFO - Setting next_dagrun for example_short_circuit_operator to 2024-06-29 00:00:00+00:00, run_after=2024-06-30 00:00:00+00:00
[2024-06-30T04:15:41.384+0000] {processor.py:183} INFO - Processing /home/airflow/.local/lib/python3.12/site-packages/airflow/example_dags/example_short_circuit_operator.py took 0.159 seconds
[2024-06-30T04:16:11.601+0000] {processor.py:161} INFO - Started process (PID=2998) to work on /home/airflow/.local/lib/python3.12/site-packages/airflow/example_dags/example_short_circuit_operator.py
[2024-06-30T04:16:11.603+0000] {processor.py:830} INFO - Processing file /home/airflow/.local/lib/python3.12/site-packages/airflow/example_dags/example_short_circuit_operator.py for tasks to queue
[2024-06-30T04:16:11.606+0000] {logging_mixin.py:188} INFO - [2024-06-30T04:16:11.605+0000] {dagbag.py:545} INFO - Filling up the DagBag from /home/airflow/.local/lib/python3.12/site-packages/airflow/example_dags/example_short_circuit_operator.py
[2024-06-30T04:16:11.619+0000] {processor.py:840} INFO - DAG(s) 'example_short_circuit_operator' retrieved from /home/airflow/.local/lib/python3.12/site-packages/airflow/example_dags/example_short_circuit_operator.py
[2024-06-30T04:16:11.670+0000] {logging_mixin.py:188} INFO - [2024-06-30T04:16:11.670+0000] {dag.py:3096} INFO - Sync 1 DAGs
[2024-06-30T04:16:11.725+0000] {logging_mixin.py:188} INFO - [2024-06-30T04:16:11.724+0000] {dag.py:3954} INFO - Setting next_dagrun for example_short_circuit_operator to 2024-06-29 00:00:00+00:00, run_after=2024-06-30 00:00:00+00:00
[2024-06-30T04:16:11.766+0000] {processor.py:183} INFO - Processing /home/airflow/.local/lib/python3.12/site-packages/airflow/example_dags/example_short_circuit_operator.py took 0.177 seconds
[2024-06-30T04:16:42.065+0000] {processor.py:161} INFO - Started process (PID=3056) to work on /home/airflow/.local/lib/python3.12/site-packages/airflow/example_dags/example_short_circuit_operator.py
[2024-06-30T04:16:42.067+0000] {processor.py:830} INFO - Processing file /home/airflow/.local/lib/python3.12/site-packages/airflow/example_dags/example_short_circuit_operator.py for tasks to queue
[2024-06-30T04:16:42.071+0000] {logging_mixin.py:188} INFO - [2024-06-30T04:16:42.070+0000] {dagbag.py:545} INFO - Filling up the DagBag from /home/airflow/.local/lib/python3.12/site-packages/airflow/example_dags/example_short_circuit_operator.py
[2024-06-30T04:16:42.086+0000] {processor.py:840} INFO - DAG(s) 'example_short_circuit_operator' retrieved from /home/airflow/.local/lib/python3.12/site-packages/airflow/example_dags/example_short_circuit_operator.py
[2024-06-30T04:16:42.135+0000] {logging_mixin.py:188} INFO - [2024-06-30T04:16:42.134+0000] {dag.py:3096} INFO - Sync 1 DAGs
[2024-06-30T04:16:42.183+0000] {logging_mixin.py:188} INFO - [2024-06-30T04:16:42.182+0000] {dag.py:3954} INFO - Setting next_dagrun for example_short_circuit_operator to 2024-06-29 00:00:00+00:00, run_after=2024-06-30 00:00:00+00:00
[2024-06-30T04:16:42.222+0000] {processor.py:183} INFO - Processing /home/airflow/.local/lib/python3.12/site-packages/airflow/example_dags/example_short_circuit_operator.py took 0.167 seconds
[2024-06-30T04:17:12.730+0000] {processor.py:161} INFO - Started process (PID=3113) to work on /home/airflow/.local/lib/python3.12/site-packages/airflow/example_dags/example_short_circuit_operator.py
[2024-06-30T04:17:12.732+0000] {processor.py:830} INFO - Processing file /home/airflow/.local/lib/python3.12/site-packages/airflow/example_dags/example_short_circuit_operator.py for tasks to queue
[2024-06-30T04:17:12.736+0000] {logging_mixin.py:188} INFO - [2024-06-30T04:17:12.735+0000] {dagbag.py:545} INFO - Filling up the DagBag from /home/airflow/.local/lib/python3.12/site-packages/airflow/example_dags/example_short_circuit_operator.py
[2024-06-30T04:17:12.756+0000] {processor.py:840} INFO - DAG(s) 'example_short_circuit_operator' retrieved from /home/airflow/.local/lib/python3.12/site-packages/airflow/example_dags/example_short_circuit_operator.py
[2024-06-30T04:17:12.827+0000] {logging_mixin.py:188} INFO - [2024-06-30T04:17:12.827+0000] {dag.py:3096} INFO - Sync 1 DAGs
[2024-06-30T04:17:12.879+0000] {logging_mixin.py:188} INFO - [2024-06-30T04:17:12.878+0000] {dag.py:3954} INFO - Setting next_dagrun for example_short_circuit_operator to 2024-06-29 00:00:00+00:00, run_after=2024-06-30 00:00:00+00:00
[2024-06-30T04:17:12.932+0000] {processor.py:183} INFO - Processing /home/airflow/.local/lib/python3.12/site-packages/airflow/example_dags/example_short_circuit_operator.py took 0.212 seconds
[2024-06-30T04:17:43.134+0000] {processor.py:161} INFO - Started process (PID=3171) to work on /home/airflow/.local/lib/python3.12/site-packages/airflow/example_dags/example_short_circuit_operator.py
[2024-06-30T04:17:43.148+0000] {processor.py:830} INFO - Processing file /home/airflow/.local/lib/python3.12/site-packages/airflow/example_dags/example_short_circuit_operator.py for tasks to queue
[2024-06-30T04:17:43.152+0000] {logging_mixin.py:188} INFO - [2024-06-30T04:17:43.151+0000] {dagbag.py:545} INFO - Filling up the DagBag from /home/airflow/.local/lib/python3.12/site-packages/airflow/example_dags/example_short_circuit_operator.py
[2024-06-30T04:17:43.182+0000] {processor.py:840} INFO - DAG(s) 'example_short_circuit_operator' retrieved from /home/airflow/.local/lib/python3.12/site-packages/airflow/example_dags/example_short_circuit_operator.py
[2024-06-30T04:17:43.319+0000] {logging_mixin.py:188} INFO - [2024-06-30T04:17:43.318+0000] {dag.py:3096} INFO - Sync 1 DAGs
[2024-06-30T04:17:43.457+0000] {logging_mixin.py:188} INFO - [2024-06-30T04:17:43.456+0000] {dag.py:3954} INFO - Setting next_dagrun for example_short_circuit_operator to 2024-06-29 00:00:00+00:00, run_after=2024-06-30 00:00:00+00:00
[2024-06-30T04:17:43.541+0000] {processor.py:183} INFO - Processing /home/airflow/.local/lib/python3.12/site-packages/airflow/example_dags/example_short_circuit_operator.py took 0.419 seconds
[2024-06-30T04:18:14.004+0000] {processor.py:161} INFO - Started process (PID=3228) to work on /home/airflow/.local/lib/python3.12/site-packages/airflow/example_dags/example_short_circuit_operator.py
[2024-06-30T04:18:14.006+0000] {processor.py:830} INFO - Processing file /home/airflow/.local/lib/python3.12/site-packages/airflow/example_dags/example_short_circuit_operator.py for tasks to queue
[2024-06-30T04:18:14.009+0000] {logging_mixin.py:188} INFO - [2024-06-30T04:18:14.008+0000] {dagbag.py:545} INFO - Filling up the DagBag from /home/airflow/.local/lib/python3.12/site-packages/airflow/example_dags/example_short_circuit_operator.py
[2024-06-30T04:18:14.056+0000] {processor.py:840} INFO - DAG(s) 'example_short_circuit_operator' retrieved from /home/airflow/.local/lib/python3.12/site-packages/airflow/example_dags/example_short_circuit_operator.py
[2024-06-30T04:18:14.161+0000] {logging_mixin.py:188} INFO - [2024-06-30T04:18:14.160+0000] {dag.py:3096} INFO - Sync 1 DAGs
[2024-06-30T04:18:14.282+0000] {logging_mixin.py:188} INFO - [2024-06-30T04:18:14.276+0000] {dag.py:3954} INFO - Setting next_dagrun for example_short_circuit_operator to 2024-06-29 00:00:00+00:00, run_after=2024-06-30 00:00:00+00:00
[2024-06-30T04:18:14.367+0000] {processor.py:183} INFO - Processing /home/airflow/.local/lib/python3.12/site-packages/airflow/example_dags/example_short_circuit_operator.py took 0.382 seconds
[2024-06-30T04:18:44.649+0000] {processor.py:161} INFO - Started process (PID=3286) to work on /home/airflow/.local/lib/python3.12/site-packages/airflow/example_dags/example_short_circuit_operator.py
[2024-06-30T04:18:44.654+0000] {processor.py:830} INFO - Processing file /home/airflow/.local/lib/python3.12/site-packages/airflow/example_dags/example_short_circuit_operator.py for tasks to queue
[2024-06-30T04:18:44.658+0000] {logging_mixin.py:188} INFO - [2024-06-30T04:18:44.657+0000] {dagbag.py:545} INFO - Filling up the DagBag from /home/airflow/.local/lib/python3.12/site-packages/airflow/example_dags/example_short_circuit_operator.py
[2024-06-30T04:18:44.676+0000] {processor.py:840} INFO - DAG(s) 'example_short_circuit_operator' retrieved from /home/airflow/.local/lib/python3.12/site-packages/airflow/example_dags/example_short_circuit_operator.py
[2024-06-30T04:18:44.797+0000] {logging_mixin.py:188} INFO - [2024-06-30T04:18:44.797+0000] {dag.py:3096} INFO - Sync 1 DAGs
[2024-06-30T04:18:44.941+0000] {logging_mixin.py:188} INFO - [2024-06-30T04:18:44.941+0000] {dag.py:3954} INFO - Setting next_dagrun for example_short_circuit_operator to 2024-06-29 00:00:00+00:00, run_after=2024-06-30 00:00:00+00:00
[2024-06-30T04:18:45.025+0000] {processor.py:183} INFO - Processing /home/airflow/.local/lib/python3.12/site-packages/airflow/example_dags/example_short_circuit_operator.py took 0.400 seconds
[2024-06-30T04:19:15.603+0000] {processor.py:161} INFO - Started process (PID=3344) to work on /home/airflow/.local/lib/python3.12/site-packages/airflow/example_dags/example_short_circuit_operator.py
[2024-06-30T04:19:15.605+0000] {processor.py:830} INFO - Processing file /home/airflow/.local/lib/python3.12/site-packages/airflow/example_dags/example_short_circuit_operator.py for tasks to queue
[2024-06-30T04:19:15.608+0000] {logging_mixin.py:188} INFO - [2024-06-30T04:19:15.607+0000] {dagbag.py:545} INFO - Filling up the DagBag from /home/airflow/.local/lib/python3.12/site-packages/airflow/example_dags/example_short_circuit_operator.py
[2024-06-30T04:19:15.623+0000] {processor.py:840} INFO - DAG(s) 'example_short_circuit_operator' retrieved from /home/airflow/.local/lib/python3.12/site-packages/airflow/example_dags/example_short_circuit_operator.py
[2024-06-30T04:19:15.680+0000] {logging_mixin.py:188} INFO - [2024-06-30T04:19:15.679+0000] {dag.py:3096} INFO - Sync 1 DAGs
[2024-06-30T04:19:15.729+0000] {logging_mixin.py:188} INFO - [2024-06-30T04:19:15.728+0000] {dag.py:3954} INFO - Setting next_dagrun for example_short_circuit_operator to 2024-06-29 00:00:00+00:00, run_after=2024-06-30 00:00:00+00:00
[2024-06-30T04:19:15.772+0000] {processor.py:183} INFO - Processing /home/airflow/.local/lib/python3.12/site-packages/airflow/example_dags/example_short_circuit_operator.py took 0.182 seconds
[2024-06-30T04:19:46.147+0000] {processor.py:161} INFO - Started process (PID=3403) to work on /home/airflow/.local/lib/python3.12/site-packages/airflow/example_dags/example_short_circuit_operator.py
[2024-06-30T04:19:46.149+0000] {processor.py:830} INFO - Processing file /home/airflow/.local/lib/python3.12/site-packages/airflow/example_dags/example_short_circuit_operator.py for tasks to queue
[2024-06-30T04:19:46.152+0000] {logging_mixin.py:188} INFO - [2024-06-30T04:19:46.152+0000] {dagbag.py:545} INFO - Filling up the DagBag from /home/airflow/.local/lib/python3.12/site-packages/airflow/example_dags/example_short_circuit_operator.py
[2024-06-30T04:19:46.167+0000] {processor.py:840} INFO - DAG(s) 'example_short_circuit_operator' retrieved from /home/airflow/.local/lib/python3.12/site-packages/airflow/example_dags/example_short_circuit_operator.py
[2024-06-30T04:19:46.224+0000] {logging_mixin.py:188} INFO - [2024-06-30T04:19:46.224+0000] {dag.py:3096} INFO - Sync 1 DAGs
[2024-06-30T04:19:46.301+0000] {logging_mixin.py:188} INFO - [2024-06-30T04:19:46.301+0000] {dag.py:3954} INFO - Setting next_dagrun for example_short_circuit_operator to 2024-06-29 00:00:00+00:00, run_after=2024-06-30 00:00:00+00:00
[2024-06-30T04:19:46.342+0000] {processor.py:183} INFO - Processing /home/airflow/.local/lib/python3.12/site-packages/airflow/example_dags/example_short_circuit_operator.py took 0.203 seconds
