[2024-06-30T03:49:42.034+0000] {processor.py:161} INFO - Started process (PID=62) to work on /home/airflow/.local/lib/python3.12/site-packages/airflow/example_dags/example_sla_dag.py
[2024-06-30T03:49:42.048+0000] {processor.py:830} INFO - Processing file /home/airflow/.local/lib/python3.12/site-packages/airflow/example_dags/example_sla_dag.py for tasks to queue
[2024-06-30T03:49:42.057+0000] {logging_mixin.py:188} INFO - [2024-06-30T03:49:42.056+0000] {dagbag.py:545} INFO - Filling up the DagBag from /home/airflow/.local/lib/python3.12/site-packages/airflow/example_dags/example_sla_dag.py
[2024-06-30T03:49:42.135+0000] {processor.py:840} INFO - DAG(s) 'example_sla_dag' retrieved from /home/airflow/.local/lib/python3.12/site-packages/airflow/example_dags/example_sla_dag.py
[2024-06-30T03:49:43.484+0000] {logging_mixin.py:188} INFO - [2024-06-30T03:49:43.484+0000] {dag.py:3096} INFO - Sync 1 DAGs
[2024-06-30T03:49:43.652+0000] {logging_mixin.py:188} INFO - [2024-06-30T03:49:43.651+0000] {dag.py:3954} INFO - Setting next_dagrun for example_sla_dag to 2024-06-30 03:46:00+00:00, run_after=2024-06-30 03:48:00+00:00
[2024-06-30T03:49:43.904+0000] {processor.py:183} INFO - Processing /home/airflow/.local/lib/python3.12/site-packages/airflow/example_dags/example_sla_dag.py took 1.954 seconds
[2024-06-30T03:50:18.399+0000] {processor.py:161} INFO - Started process (PID=120) to work on /home/airflow/.local/lib/python3.12/site-packages/airflow/example_dags/example_sla_dag.py
[2024-06-30T03:50:18.401+0000] {processor.py:830} INFO - Processing file /home/airflow/.local/lib/python3.12/site-packages/airflow/example_dags/example_sla_dag.py for tasks to queue
[2024-06-30T03:50:18.407+0000] {logging_mixin.py:188} INFO - [2024-06-30T03:50:18.406+0000] {dagbag.py:545} INFO - Filling up the DagBag from /home/airflow/.local/lib/python3.12/site-packages/airflow/example_dags/example_sla_dag.py
[2024-06-30T03:50:18.426+0000] {processor.py:840} INFO - DAG(s) 'example_sla_dag' retrieved from /home/airflow/.local/lib/python3.12/site-packages/airflow/example_dags/example_sla_dag.py
[2024-06-30T03:50:18.472+0000] {logging_mixin.py:188} INFO - [2024-06-30T03:50:18.471+0000] {dag.py:3096} INFO - Sync 1 DAGs
[2024-06-30T03:50:18.547+0000] {logging_mixin.py:188} INFO - [2024-06-30T03:50:18.547+0000] {dag.py:3954} INFO - Setting next_dagrun for example_sla_dag to 2024-06-30 03:48:00+00:00, run_after=2024-06-30 03:50:00+00:00
[2024-06-30T03:50:18.601+0000] {processor.py:183} INFO - Processing /home/airflow/.local/lib/python3.12/site-packages/airflow/example_dags/example_sla_dag.py took 0.214 seconds
[2024-06-30T03:50:49.794+0000] {processor.py:161} INFO - Started process (PID=178) to work on /home/airflow/.local/lib/python3.12/site-packages/airflow/example_dags/example_sla_dag.py
[2024-06-30T03:50:49.796+0000] {processor.py:830} INFO - Processing file /home/airflow/.local/lib/python3.12/site-packages/airflow/example_dags/example_sla_dag.py for tasks to queue
[2024-06-30T03:50:49.802+0000] {logging_mixin.py:188} INFO - [2024-06-30T03:50:49.801+0000] {dagbag.py:545} INFO - Filling up the DagBag from /home/airflow/.local/lib/python3.12/site-packages/airflow/example_dags/example_sla_dag.py
[2024-06-30T03:50:49.829+0000] {processor.py:840} INFO - DAG(s) 'example_sla_dag' retrieved from /home/airflow/.local/lib/python3.12/site-packages/airflow/example_dags/example_sla_dag.py
[2024-06-30T03:50:49.885+0000] {logging_mixin.py:188} INFO - [2024-06-30T03:50:49.884+0000] {dag.py:3096} INFO - Sync 1 DAGs
[2024-06-30T03:50:49.957+0000] {logging_mixin.py:188} INFO - [2024-06-30T03:50:49.956+0000] {dag.py:3954} INFO - Setting next_dagrun for example_sla_dag to 2024-06-30 03:48:00+00:00, run_after=2024-06-30 03:50:00+00:00
[2024-06-30T03:50:50.015+0000] {processor.py:183} INFO - Processing /home/airflow/.local/lib/python3.12/site-packages/airflow/example_dags/example_sla_dag.py took 0.236 seconds
[2024-06-30T03:51:21.021+0000] {processor.py:161} INFO - Started process (PID=235) to work on /home/airflow/.local/lib/python3.12/site-packages/airflow/example_dags/example_sla_dag.py
[2024-06-30T03:51:21.023+0000] {processor.py:830} INFO - Processing file /home/airflow/.local/lib/python3.12/site-packages/airflow/example_dags/example_sla_dag.py for tasks to queue
[2024-06-30T03:51:21.028+0000] {logging_mixin.py:188} INFO - [2024-06-30T03:51:21.027+0000] {dagbag.py:545} INFO - Filling up the DagBag from /home/airflow/.local/lib/python3.12/site-packages/airflow/example_dags/example_sla_dag.py
[2024-06-30T03:51:21.046+0000] {processor.py:840} INFO - DAG(s) 'example_sla_dag' retrieved from /home/airflow/.local/lib/python3.12/site-packages/airflow/example_dags/example_sla_dag.py
[2024-06-30T03:51:21.101+0000] {logging_mixin.py:188} INFO - [2024-06-30T03:51:21.100+0000] {dag.py:3096} INFO - Sync 1 DAGs
[2024-06-30T03:51:21.168+0000] {logging_mixin.py:188} INFO - [2024-06-30T03:51:21.168+0000] {dag.py:3954} INFO - Setting next_dagrun for example_sla_dag to 2024-06-30 03:48:00+00:00, run_after=2024-06-30 03:50:00+00:00
[2024-06-30T03:51:21.293+0000] {processor.py:183} INFO - Processing /home/airflow/.local/lib/python3.12/site-packages/airflow/example_dags/example_sla_dag.py took 0.284 seconds
[2024-06-30T03:51:52.614+0000] {processor.py:161} INFO - Started process (PID=292) to work on /home/airflow/.local/lib/python3.12/site-packages/airflow/example_dags/example_sla_dag.py
[2024-06-30T03:51:52.636+0000] {processor.py:830} INFO - Processing file /home/airflow/.local/lib/python3.12/site-packages/airflow/example_dags/example_sla_dag.py for tasks to queue
[2024-06-30T03:51:52.643+0000] {logging_mixin.py:188} INFO - [2024-06-30T03:51:52.641+0000] {dagbag.py:545} INFO - Filling up the DagBag from /home/airflow/.local/lib/python3.12/site-packages/airflow/example_dags/example_sla_dag.py
[2024-06-30T03:51:52.816+0000] {processor.py:840} INFO - DAG(s) 'example_sla_dag' retrieved from /home/airflow/.local/lib/python3.12/site-packages/airflow/example_dags/example_sla_dag.py
[2024-06-30T03:51:53.011+0000] {logging_mixin.py:188} INFO - [2024-06-30T03:51:53.010+0000] {dag.py:3096} INFO - Sync 1 DAGs
[2024-06-30T03:51:53.107+0000] {logging_mixin.py:188} INFO - [2024-06-30T03:51:53.107+0000] {dag.py:3954} INFO - Setting next_dagrun for example_sla_dag to 2024-06-30 03:48:00+00:00, run_after=2024-06-30 03:50:00+00:00
[2024-06-30T03:51:53.178+0000] {processor.py:183} INFO - Processing /home/airflow/.local/lib/python3.12/site-packages/airflow/example_dags/example_sla_dag.py took 0.637 seconds
[2024-06-30T03:52:23.965+0000] {processor.py:161} INFO - Started process (PID=351) to work on /home/airflow/.local/lib/python3.12/site-packages/airflow/example_dags/example_sla_dag.py
[2024-06-30T03:52:23.973+0000] {processor.py:830} INFO - Processing file /home/airflow/.local/lib/python3.12/site-packages/airflow/example_dags/example_sla_dag.py for tasks to queue
[2024-06-30T03:52:23.981+0000] {logging_mixin.py:188} INFO - [2024-06-30T03:52:23.980+0000] {dagbag.py:545} INFO - Filling up the DagBag from /home/airflow/.local/lib/python3.12/site-packages/airflow/example_dags/example_sla_dag.py
[2024-06-30T03:52:24.025+0000] {processor.py:840} INFO - DAG(s) 'example_sla_dag' retrieved from /home/airflow/.local/lib/python3.12/site-packages/airflow/example_dags/example_sla_dag.py
[2024-06-30T03:52:24.117+0000] {logging_mixin.py:188} INFO - [2024-06-30T03:52:24.116+0000] {dag.py:3096} INFO - Sync 1 DAGs
[2024-06-30T03:52:24.205+0000] {logging_mixin.py:188} INFO - [2024-06-30T03:52:24.205+0000] {dag.py:3954} INFO - Setting next_dagrun for example_sla_dag to 2024-06-30 03:50:00+00:00, run_after=2024-06-30 03:52:00+00:00
[2024-06-30T03:52:24.292+0000] {processor.py:183} INFO - Processing /home/airflow/.local/lib/python3.12/site-packages/airflow/example_dags/example_sla_dag.py took 0.359 seconds
[2024-06-30T03:52:54.641+0000] {processor.py:161} INFO - Started process (PID=409) to work on /home/airflow/.local/lib/python3.12/site-packages/airflow/example_dags/example_sla_dag.py
[2024-06-30T03:52:54.644+0000] {processor.py:830} INFO - Processing file /home/airflow/.local/lib/python3.12/site-packages/airflow/example_dags/example_sla_dag.py for tasks to queue
[2024-06-30T03:52:54.648+0000] {logging_mixin.py:188} INFO - [2024-06-30T03:52:54.648+0000] {dagbag.py:545} INFO - Filling up the DagBag from /home/airflow/.local/lib/python3.12/site-packages/airflow/example_dags/example_sla_dag.py
[2024-06-30T03:52:54.671+0000] {processor.py:840} INFO - DAG(s) 'example_sla_dag' retrieved from /home/airflow/.local/lib/python3.12/site-packages/airflow/example_dags/example_sla_dag.py
[2024-06-30T03:52:54.732+0000] {logging_mixin.py:188} INFO - [2024-06-30T03:52:54.730+0000] {dag.py:3096} INFO - Sync 1 DAGs
[2024-06-30T03:52:54.847+0000] {logging_mixin.py:188} INFO - [2024-06-30T03:52:54.847+0000] {dag.py:3954} INFO - Setting next_dagrun for example_sla_dag to 2024-06-30 03:50:00+00:00, run_after=2024-06-30 03:52:00+00:00
[2024-06-30T03:52:55.004+0000] {processor.py:183} INFO - Processing /home/airflow/.local/lib/python3.12/site-packages/airflow/example_dags/example_sla_dag.py took 0.377 seconds
[2024-06-30T03:53:25.646+0000] {processor.py:161} INFO - Started process (PID=473) to work on /home/airflow/.local/lib/python3.12/site-packages/airflow/example_dags/example_sla_dag.py
[2024-06-30T03:53:25.666+0000] {processor.py:830} INFO - Processing file /home/airflow/.local/lib/python3.12/site-packages/airflow/example_dags/example_sla_dag.py for tasks to queue
[2024-06-30T03:53:25.689+0000] {logging_mixin.py:188} INFO - [2024-06-30T03:53:25.688+0000] {dagbag.py:545} INFO - Filling up the DagBag from /home/airflow/.local/lib/python3.12/site-packages/airflow/example_dags/example_sla_dag.py
[2024-06-30T03:53:25.745+0000] {processor.py:840} INFO - DAG(s) 'example_sla_dag' retrieved from /home/airflow/.local/lib/python3.12/site-packages/airflow/example_dags/example_sla_dag.py
[2024-06-30T03:53:25.824+0000] {logging_mixin.py:188} INFO - [2024-06-30T03:53:25.823+0000] {dag.py:3096} INFO - Sync 1 DAGs
[2024-06-30T03:53:25.915+0000] {logging_mixin.py:188} INFO - [2024-06-30T03:53:25.915+0000] {dag.py:3954} INFO - Setting next_dagrun for example_sla_dag to 2024-06-30 03:50:00+00:00, run_after=2024-06-30 03:52:00+00:00
[2024-06-30T03:53:26.026+0000] {processor.py:183} INFO - Processing /home/airflow/.local/lib/python3.12/site-packages/airflow/example_dags/example_sla_dag.py took 0.409 seconds
[2024-06-30T03:54:03.797+0000] {processor.py:161} INFO - Started process (PID=531) to work on /home/airflow/.local/lib/python3.12/site-packages/airflow/example_dags/example_sla_dag.py
[2024-06-30T03:54:03.807+0000] {processor.py:830} INFO - Processing file /home/airflow/.local/lib/python3.12/site-packages/airflow/example_dags/example_sla_dag.py for tasks to queue
[2024-06-30T03:54:03.811+0000] {logging_mixin.py:188} INFO - [2024-06-30T03:54:03.810+0000] {dagbag.py:545} INFO - Filling up the DagBag from /home/airflow/.local/lib/python3.12/site-packages/airflow/example_dags/example_sla_dag.py
[2024-06-30T03:54:03.852+0000] {processor.py:840} INFO - DAG(s) 'example_sla_dag' retrieved from /home/airflow/.local/lib/python3.12/site-packages/airflow/example_dags/example_sla_dag.py
[2024-06-30T03:54:03.911+0000] {logging_mixin.py:188} INFO - [2024-06-30T03:54:03.911+0000] {dag.py:3096} INFO - Sync 1 DAGs
[2024-06-30T03:54:04.016+0000] {logging_mixin.py:188} INFO - [2024-06-30T03:54:04.015+0000] {dag.py:3954} INFO - Setting next_dagrun for example_sla_dag to 2024-06-30 03:52:00+00:00, run_after=2024-06-30 03:54:00+00:00
[2024-06-30T03:54:04.088+0000] {processor.py:183} INFO - Processing /home/airflow/.local/lib/python3.12/site-packages/airflow/example_dags/example_sla_dag.py took 0.317 seconds
[2024-06-30T03:54:35.073+0000] {processor.py:161} INFO - Started process (PID=589) to work on /home/airflow/.local/lib/python3.12/site-packages/airflow/example_dags/example_sla_dag.py
[2024-06-30T03:54:35.076+0000] {processor.py:830} INFO - Processing file /home/airflow/.local/lib/python3.12/site-packages/airflow/example_dags/example_sla_dag.py for tasks to queue
[2024-06-30T03:54:35.082+0000] {logging_mixin.py:188} INFO - [2024-06-30T03:54:35.081+0000] {dagbag.py:545} INFO - Filling up the DagBag from /home/airflow/.local/lib/python3.12/site-packages/airflow/example_dags/example_sla_dag.py
[2024-06-30T03:54:35.104+0000] {processor.py:840} INFO - DAG(s) 'example_sla_dag' retrieved from /home/airflow/.local/lib/python3.12/site-packages/airflow/example_dags/example_sla_dag.py
[2024-06-30T03:54:35.180+0000] {logging_mixin.py:188} INFO - [2024-06-30T03:54:35.179+0000] {dag.py:3096} INFO - Sync 1 DAGs
[2024-06-30T03:54:35.271+0000] {logging_mixin.py:188} INFO - [2024-06-30T03:54:35.270+0000] {dag.py:3954} INFO - Setting next_dagrun for example_sla_dag to 2024-06-30 03:52:00+00:00, run_after=2024-06-30 03:54:00+00:00
[2024-06-30T03:54:35.373+0000] {processor.py:183} INFO - Processing /home/airflow/.local/lib/python3.12/site-packages/airflow/example_dags/example_sla_dag.py took 0.326 seconds
[2024-06-30T03:55:05.688+0000] {processor.py:161} INFO - Started process (PID=647) to work on /home/airflow/.local/lib/python3.12/site-packages/airflow/example_dags/example_sla_dag.py
[2024-06-30T03:55:05.692+0000] {processor.py:830} INFO - Processing file /home/airflow/.local/lib/python3.12/site-packages/airflow/example_dags/example_sla_dag.py for tasks to queue
[2024-06-30T03:55:05.700+0000] {logging_mixin.py:188} INFO - [2024-06-30T03:55:05.699+0000] {dagbag.py:545} INFO - Filling up the DagBag from /home/airflow/.local/lib/python3.12/site-packages/airflow/example_dags/example_sla_dag.py
[2024-06-30T03:55:05.808+0000] {processor.py:840} INFO - DAG(s) 'example_sla_dag' retrieved from /home/airflow/.local/lib/python3.12/site-packages/airflow/example_dags/example_sla_dag.py
[2024-06-30T03:55:06.044+0000] {logging_mixin.py:188} INFO - [2024-06-30T03:55:06.043+0000] {dag.py:3096} INFO - Sync 1 DAGs
[2024-06-30T03:55:06.330+0000] {logging_mixin.py:188} INFO - [2024-06-30T03:55:06.329+0000] {dag.py:3954} INFO - Setting next_dagrun for example_sla_dag to 2024-06-30 03:52:00+00:00, run_after=2024-06-30 03:54:00+00:00
[2024-06-30T03:55:06.531+0000] {processor.py:183} INFO - Processing /home/airflow/.local/lib/python3.12/site-packages/airflow/example_dags/example_sla_dag.py took 0.869 seconds
[2024-06-30T03:55:36.853+0000] {processor.py:161} INFO - Started process (PID=706) to work on /home/airflow/.local/lib/python3.12/site-packages/airflow/example_dags/example_sla_dag.py
[2024-06-30T03:55:36.856+0000] {processor.py:830} INFO - Processing file /home/airflow/.local/lib/python3.12/site-packages/airflow/example_dags/example_sla_dag.py for tasks to queue
[2024-06-30T03:55:36.861+0000] {logging_mixin.py:188} INFO - [2024-06-30T03:55:36.860+0000] {dagbag.py:545} INFO - Filling up the DagBag from /home/airflow/.local/lib/python3.12/site-packages/airflow/example_dags/example_sla_dag.py
[2024-06-30T03:55:36.885+0000] {processor.py:840} INFO - DAG(s) 'example_sla_dag' retrieved from /home/airflow/.local/lib/python3.12/site-packages/airflow/example_dags/example_sla_dag.py
[2024-06-30T03:55:36.933+0000] {logging_mixin.py:188} INFO - [2024-06-30T03:55:36.932+0000] {dag.py:3096} INFO - Sync 1 DAGs
[2024-06-30T03:55:36.993+0000] {logging_mixin.py:188} INFO - [2024-06-30T03:55:36.992+0000] {dag.py:3954} INFO - Setting next_dagrun for example_sla_dag to 2024-06-30 03:52:00+00:00, run_after=2024-06-30 03:54:00+00:00
[2024-06-30T03:55:37.100+0000] {processor.py:183} INFO - Processing /home/airflow/.local/lib/python3.12/site-packages/airflow/example_dags/example_sla_dag.py took 0.270 seconds
[2024-06-30T03:56:13.364+0000] {processor.py:161} INFO - Started process (PID=764) to work on /home/airflow/.local/lib/python3.12/site-packages/airflow/example_dags/example_sla_dag.py
[2024-06-30T03:56:13.373+0000] {processor.py:830} INFO - Processing file /home/airflow/.local/lib/python3.12/site-packages/airflow/example_dags/example_sla_dag.py for tasks to queue
[2024-06-30T03:56:13.385+0000] {logging_mixin.py:188} INFO - [2024-06-30T03:56:13.385+0000] {dagbag.py:545} INFO - Filling up the DagBag from /home/airflow/.local/lib/python3.12/site-packages/airflow/example_dags/example_sla_dag.py
[2024-06-30T03:56:13.472+0000] {processor.py:840} INFO - DAG(s) 'example_sla_dag' retrieved from /home/airflow/.local/lib/python3.12/site-packages/airflow/example_dags/example_sla_dag.py
[2024-06-30T03:56:13.623+0000] {logging_mixin.py:188} INFO - [2024-06-30T03:56:13.623+0000] {dag.py:3096} INFO - Sync 1 DAGs
[2024-06-30T03:56:13.879+0000] {logging_mixin.py:188} INFO - [2024-06-30T03:56:13.878+0000] {dag.py:3954} INFO - Setting next_dagrun for example_sla_dag to 2024-06-30 03:54:00+00:00, run_after=2024-06-30 03:56:00+00:00
[2024-06-30T03:56:14.006+0000] {processor.py:183} INFO - Processing /home/airflow/.local/lib/python3.12/site-packages/airflow/example_dags/example_sla_dag.py took 0.678 seconds
[2024-06-30T03:56:45.530+0000] {processor.py:161} INFO - Started process (PID=822) to work on /home/airflow/.local/lib/python3.12/site-packages/airflow/example_dags/example_sla_dag.py
[2024-06-30T03:56:45.532+0000] {processor.py:830} INFO - Processing file /home/airflow/.local/lib/python3.12/site-packages/airflow/example_dags/example_sla_dag.py for tasks to queue
[2024-06-30T03:56:45.535+0000] {logging_mixin.py:188} INFO - [2024-06-30T03:56:45.534+0000] {dagbag.py:545} INFO - Filling up the DagBag from /home/airflow/.local/lib/python3.12/site-packages/airflow/example_dags/example_sla_dag.py
[2024-06-30T03:56:45.552+0000] {processor.py:840} INFO - DAG(s) 'example_sla_dag' retrieved from /home/airflow/.local/lib/python3.12/site-packages/airflow/example_dags/example_sla_dag.py
[2024-06-30T03:56:45.604+0000] {logging_mixin.py:188} INFO - [2024-06-30T03:56:45.603+0000] {dag.py:3096} INFO - Sync 1 DAGs
[2024-06-30T03:56:45.701+0000] {logging_mixin.py:188} INFO - [2024-06-30T03:56:45.700+0000] {dag.py:3954} INFO - Setting next_dagrun for example_sla_dag to 2024-06-30 03:54:00+00:00, run_after=2024-06-30 03:56:00+00:00
[2024-06-30T03:56:45.772+0000] {processor.py:183} INFO - Processing /home/airflow/.local/lib/python3.12/site-packages/airflow/example_dags/example_sla_dag.py took 0.260 seconds
[2024-06-30T03:57:22.880+0000] {processor.py:161} INFO - Started process (PID=880) to work on /home/airflow/.local/lib/python3.12/site-packages/airflow/example_dags/example_sla_dag.py
[2024-06-30T03:57:22.882+0000] {processor.py:830} INFO - Processing file /home/airflow/.local/lib/python3.12/site-packages/airflow/example_dags/example_sla_dag.py for tasks to queue
[2024-06-30T03:57:22.888+0000] {logging_mixin.py:188} INFO - [2024-06-30T03:57:22.887+0000] {dagbag.py:545} INFO - Filling up the DagBag from /home/airflow/.local/lib/python3.12/site-packages/airflow/example_dags/example_sla_dag.py
[2024-06-30T03:57:22.910+0000] {processor.py:840} INFO - DAG(s) 'example_sla_dag' retrieved from /home/airflow/.local/lib/python3.12/site-packages/airflow/example_dags/example_sla_dag.py
[2024-06-30T03:57:22.962+0000] {logging_mixin.py:188} INFO - [2024-06-30T03:57:22.960+0000] {dag.py:3096} INFO - Sync 1 DAGs
[2024-06-30T03:57:23.032+0000] {logging_mixin.py:188} INFO - [2024-06-30T03:57:23.032+0000] {dag.py:3954} INFO - Setting next_dagrun for example_sla_dag to 2024-06-30 03:54:00+00:00, run_after=2024-06-30 03:56:00+00:00
[2024-06-30T03:57:23.089+0000] {processor.py:183} INFO - Processing /home/airflow/.local/lib/python3.12/site-packages/airflow/example_dags/example_sla_dag.py took 0.225 seconds
[2024-06-30T03:57:53.824+0000] {processor.py:161} INFO - Started process (PID=933) to work on /home/airflow/.local/lib/python3.12/site-packages/airflow/example_dags/example_sla_dag.py
[2024-06-30T03:57:53.832+0000] {processor.py:830} INFO - Processing file /home/airflow/.local/lib/python3.12/site-packages/airflow/example_dags/example_sla_dag.py for tasks to queue
[2024-06-30T03:57:53.842+0000] {logging_mixin.py:188} INFO - [2024-06-30T03:57:53.841+0000] {dagbag.py:545} INFO - Filling up the DagBag from /home/airflow/.local/lib/python3.12/site-packages/airflow/example_dags/example_sla_dag.py
[2024-06-30T03:57:53.893+0000] {processor.py:840} INFO - DAG(s) 'example_sla_dag' retrieved from /home/airflow/.local/lib/python3.12/site-packages/airflow/example_dags/example_sla_dag.py
[2024-06-30T03:57:54.046+0000] {logging_mixin.py:188} INFO - [2024-06-30T03:57:54.045+0000] {dag.py:3096} INFO - Sync 1 DAGs
[2024-06-30T03:57:54.276+0000] {logging_mixin.py:188} INFO - [2024-06-30T03:57:54.275+0000] {dag.py:3954} INFO - Setting next_dagrun for example_sla_dag to 2024-06-30 03:54:00+00:00, run_after=2024-06-30 03:56:00+00:00
[2024-06-30T03:57:54.490+0000] {processor.py:183} INFO - Processing /home/airflow/.local/lib/python3.12/site-packages/airflow/example_dags/example_sla_dag.py took 0.694 seconds
[2024-06-30T03:58:24.921+0000] {processor.py:161} INFO - Started process (PID=991) to work on /home/airflow/.local/lib/python3.12/site-packages/airflow/example_dags/example_sla_dag.py
[2024-06-30T03:58:24.927+0000] {processor.py:830} INFO - Processing file /home/airflow/.local/lib/python3.12/site-packages/airflow/example_dags/example_sla_dag.py for tasks to queue
[2024-06-30T03:58:24.934+0000] {logging_mixin.py:188} INFO - [2024-06-30T03:58:24.933+0000] {dagbag.py:545} INFO - Filling up the DagBag from /home/airflow/.local/lib/python3.12/site-packages/airflow/example_dags/example_sla_dag.py
[2024-06-30T03:58:24.960+0000] {processor.py:840} INFO - DAG(s) 'example_sla_dag' retrieved from /home/airflow/.local/lib/python3.12/site-packages/airflow/example_dags/example_sla_dag.py
[2024-06-30T03:58:25.054+0000] {logging_mixin.py:188} INFO - [2024-06-30T03:58:25.053+0000] {dag.py:3096} INFO - Sync 1 DAGs
[2024-06-30T03:58:25.258+0000] {logging_mixin.py:188} INFO - [2024-06-30T03:58:25.258+0000] {dag.py:3954} INFO - Setting next_dagrun for example_sla_dag to 2024-06-30 03:56:00+00:00, run_after=2024-06-30 03:58:00+00:00
[2024-06-30T03:58:25.366+0000] {processor.py:183} INFO - Processing /home/airflow/.local/lib/python3.12/site-packages/airflow/example_dags/example_sla_dag.py took 0.469 seconds
[2024-06-30T03:58:56.168+0000] {processor.py:161} INFO - Started process (PID=1048) to work on /home/airflow/.local/lib/python3.12/site-packages/airflow/example_dags/example_sla_dag.py
[2024-06-30T03:58:56.172+0000] {processor.py:830} INFO - Processing file /home/airflow/.local/lib/python3.12/site-packages/airflow/example_dags/example_sla_dag.py for tasks to queue
[2024-06-30T03:58:56.177+0000] {logging_mixin.py:188} INFO - [2024-06-30T03:58:56.177+0000] {dagbag.py:545} INFO - Filling up the DagBag from /home/airflow/.local/lib/python3.12/site-packages/airflow/example_dags/example_sla_dag.py
[2024-06-30T03:58:56.200+0000] {processor.py:840} INFO - DAG(s) 'example_sla_dag' retrieved from /home/airflow/.local/lib/python3.12/site-packages/airflow/example_dags/example_sla_dag.py
[2024-06-30T03:58:56.264+0000] {logging_mixin.py:188} INFO - [2024-06-30T03:58:56.263+0000] {dag.py:3096} INFO - Sync 1 DAGs
[2024-06-30T03:58:56.348+0000] {logging_mixin.py:188} INFO - [2024-06-30T03:58:56.347+0000] {dag.py:3954} INFO - Setting next_dagrun for example_sla_dag to 2024-06-30 03:56:00+00:00, run_after=2024-06-30 03:58:00+00:00
[2024-06-30T03:58:56.410+0000] {processor.py:183} INFO - Processing /home/airflow/.local/lib/python3.12/site-packages/airflow/example_dags/example_sla_dag.py took 0.263 seconds
[2024-06-30T03:59:27.075+0000] {processor.py:161} INFO - Started process (PID=1106) to work on /home/airflow/.local/lib/python3.12/site-packages/airflow/example_dags/example_sla_dag.py
[2024-06-30T03:59:27.077+0000] {processor.py:830} INFO - Processing file /home/airflow/.local/lib/python3.12/site-packages/airflow/example_dags/example_sla_dag.py for tasks to queue
[2024-06-30T03:59:27.081+0000] {logging_mixin.py:188} INFO - [2024-06-30T03:59:27.081+0000] {dagbag.py:545} INFO - Filling up the DagBag from /home/airflow/.local/lib/python3.12/site-packages/airflow/example_dags/example_sla_dag.py
[2024-06-30T03:59:27.099+0000] {processor.py:840} INFO - DAG(s) 'example_sla_dag' retrieved from /home/airflow/.local/lib/python3.12/site-packages/airflow/example_dags/example_sla_dag.py
[2024-06-30T03:59:27.145+0000] {logging_mixin.py:188} INFO - [2024-06-30T03:59:27.144+0000] {dag.py:3096} INFO - Sync 1 DAGs
[2024-06-30T03:59:27.217+0000] {logging_mixin.py:188} INFO - [2024-06-30T03:59:27.217+0000] {dag.py:3954} INFO - Setting next_dagrun for example_sla_dag to 2024-06-30 03:56:00+00:00, run_after=2024-06-30 03:58:00+00:00
[2024-06-30T03:59:27.322+0000] {processor.py:183} INFO - Processing /home/airflow/.local/lib/python3.12/site-packages/airflow/example_dags/example_sla_dag.py took 0.262 seconds
[2024-06-30T03:59:59.434+0000] {processor.py:161} INFO - Started process (PID=1162) to work on /home/airflow/.local/lib/python3.12/site-packages/airflow/example_dags/example_sla_dag.py
[2024-06-30T03:59:59.440+0000] {processor.py:830} INFO - Processing file /home/airflow/.local/lib/python3.12/site-packages/airflow/example_dags/example_sla_dag.py for tasks to queue
[2024-06-30T03:59:59.451+0000] {logging_mixin.py:188} INFO - [2024-06-30T03:59:59.449+0000] {dagbag.py:545} INFO - Filling up the DagBag from /home/airflow/.local/lib/python3.12/site-packages/airflow/example_dags/example_sla_dag.py
[2024-06-30T03:59:59.486+0000] {processor.py:840} INFO - DAG(s) 'example_sla_dag' retrieved from /home/airflow/.local/lib/python3.12/site-packages/airflow/example_dags/example_sla_dag.py
[2024-06-30T03:59:59.597+0000] {logging_mixin.py:188} INFO - [2024-06-30T03:59:59.596+0000] {dag.py:3096} INFO - Sync 1 DAGs
[2024-06-30T03:59:59.759+0000] {logging_mixin.py:188} INFO - [2024-06-30T03:59:59.758+0000] {dag.py:3954} INFO - Setting next_dagrun for example_sla_dag to 2024-06-30 03:56:00+00:00, run_after=2024-06-30 03:58:00+00:00
[2024-06-30T03:59:59.945+0000] {processor.py:183} INFO - Processing /home/airflow/.local/lib/python3.12/site-packages/airflow/example_dags/example_sla_dag.py took 0.531 seconds
[2024-06-30T04:00:30.320+0000] {processor.py:161} INFO - Started process (PID=1220) to work on /home/airflow/.local/lib/python3.12/site-packages/airflow/example_dags/example_sla_dag.py
[2024-06-30T04:00:30.325+0000] {processor.py:830} INFO - Processing file /home/airflow/.local/lib/python3.12/site-packages/airflow/example_dags/example_sla_dag.py for tasks to queue
[2024-06-30T04:00:30.334+0000] {logging_mixin.py:188} INFO - [2024-06-30T04:00:30.334+0000] {dagbag.py:545} INFO - Filling up the DagBag from /home/airflow/.local/lib/python3.12/site-packages/airflow/example_dags/example_sla_dag.py
[2024-06-30T04:00:30.361+0000] {processor.py:840} INFO - DAG(s) 'example_sla_dag' retrieved from /home/airflow/.local/lib/python3.12/site-packages/airflow/example_dags/example_sla_dag.py
[2024-06-30T04:00:30.444+0000] {logging_mixin.py:188} INFO - [2024-06-30T04:00:30.442+0000] {dag.py:3096} INFO - Sync 1 DAGs
[2024-06-30T04:00:30.664+0000] {logging_mixin.py:188} INFO - [2024-06-30T04:00:30.664+0000] {dag.py:3954} INFO - Setting next_dagrun for example_sla_dag to 2024-06-30 03:58:00+00:00, run_after=2024-06-30 04:00:00+00:00
[2024-06-30T04:00:30.894+0000] {processor.py:183} INFO - Processing /home/airflow/.local/lib/python3.12/site-packages/airflow/example_dags/example_sla_dag.py took 0.595 seconds
[2024-06-30T04:01:01.079+0000] {processor.py:161} INFO - Started process (PID=1277) to work on /home/airflow/.local/lib/python3.12/site-packages/airflow/example_dags/example_sla_dag.py
[2024-06-30T04:01:01.080+0000] {processor.py:830} INFO - Processing file /home/airflow/.local/lib/python3.12/site-packages/airflow/example_dags/example_sla_dag.py for tasks to queue
[2024-06-30T04:01:01.083+0000] {logging_mixin.py:188} INFO - [2024-06-30T04:01:01.082+0000] {dagbag.py:545} INFO - Filling up the DagBag from /home/airflow/.local/lib/python3.12/site-packages/airflow/example_dags/example_sla_dag.py
[2024-06-30T04:01:01.100+0000] {processor.py:840} INFO - DAG(s) 'example_sla_dag' retrieved from /home/airflow/.local/lib/python3.12/site-packages/airflow/example_dags/example_sla_dag.py
[2024-06-30T04:01:01.145+0000] {logging_mixin.py:188} INFO - [2024-06-30T04:01:01.144+0000] {dag.py:3096} INFO - Sync 1 DAGs
[2024-06-30T04:01:01.198+0000] {logging_mixin.py:188} INFO - [2024-06-30T04:01:01.198+0000] {dag.py:3954} INFO - Setting next_dagrun for example_sla_dag to 2024-06-30 03:58:00+00:00, run_after=2024-06-30 04:00:00+00:00
[2024-06-30T04:01:01.310+0000] {processor.py:183} INFO - Processing /home/airflow/.local/lib/python3.12/site-packages/airflow/example_dags/example_sla_dag.py took 0.246 seconds
[2024-06-30T04:01:31.598+0000] {processor.py:161} INFO - Started process (PID=1334) to work on /home/airflow/.local/lib/python3.12/site-packages/airflow/example_dags/example_sla_dag.py
[2024-06-30T04:01:31.605+0000] {processor.py:830} INFO - Processing file /home/airflow/.local/lib/python3.12/site-packages/airflow/example_dags/example_sla_dag.py for tasks to queue
[2024-06-30T04:01:31.620+0000] {logging_mixin.py:188} INFO - [2024-06-30T04:01:31.618+0000] {dagbag.py:545} INFO - Filling up the DagBag from /home/airflow/.local/lib/python3.12/site-packages/airflow/example_dags/example_sla_dag.py
[2024-06-30T04:01:31.654+0000] {processor.py:840} INFO - DAG(s) 'example_sla_dag' retrieved from /home/airflow/.local/lib/python3.12/site-packages/airflow/example_dags/example_sla_dag.py
[2024-06-30T04:01:31.703+0000] {logging_mixin.py:188} INFO - [2024-06-30T04:01:31.703+0000] {dag.py:3096} INFO - Sync 1 DAGs
[2024-06-30T04:01:31.798+0000] {logging_mixin.py:188} INFO - [2024-06-30T04:01:31.787+0000] {dag.py:3954} INFO - Setting next_dagrun for example_sla_dag to 2024-06-30 03:58:00+00:00, run_after=2024-06-30 04:00:00+00:00
[2024-06-30T04:01:31.930+0000] {processor.py:183} INFO - Processing /home/airflow/.local/lib/python3.12/site-packages/airflow/example_dags/example_sla_dag.py took 0.354 seconds
[2024-06-30T04:02:02.197+0000] {processor.py:161} INFO - Started process (PID=1392) to work on /home/airflow/.local/lib/python3.12/site-packages/airflow/example_dags/example_sla_dag.py
[2024-06-30T04:02:02.199+0000] {processor.py:830} INFO - Processing file /home/airflow/.local/lib/python3.12/site-packages/airflow/example_dags/example_sla_dag.py for tasks to queue
[2024-06-30T04:02:02.203+0000] {logging_mixin.py:188} INFO - [2024-06-30T04:02:02.203+0000] {dagbag.py:545} INFO - Filling up the DagBag from /home/airflow/.local/lib/python3.12/site-packages/airflow/example_dags/example_sla_dag.py
[2024-06-30T04:02:02.221+0000] {processor.py:840} INFO - DAG(s) 'example_sla_dag' retrieved from /home/airflow/.local/lib/python3.12/site-packages/airflow/example_dags/example_sla_dag.py
[2024-06-30T04:02:02.266+0000] {logging_mixin.py:188} INFO - [2024-06-30T04:02:02.266+0000] {dag.py:3096} INFO - Sync 1 DAGs
[2024-06-30T04:02:02.336+0000] {logging_mixin.py:188} INFO - [2024-06-30T04:02:02.335+0000] {dag.py:3954} INFO - Setting next_dagrun for example_sla_dag to 2024-06-30 04:00:00+00:00, run_after=2024-06-30 04:02:00+00:00
[2024-06-30T04:02:02.449+0000] {processor.py:183} INFO - Processing /home/airflow/.local/lib/python3.12/site-packages/airflow/example_dags/example_sla_dag.py took 0.270 seconds
[2024-06-30T04:02:33.007+0000] {processor.py:161} INFO - Started process (PID=1450) to work on /home/airflow/.local/lib/python3.12/site-packages/airflow/example_dags/example_sla_dag.py
[2024-06-30T04:02:33.028+0000] {processor.py:830} INFO - Processing file /home/airflow/.local/lib/python3.12/site-packages/airflow/example_dags/example_sla_dag.py for tasks to queue
[2024-06-30T04:02:33.064+0000] {logging_mixin.py:188} INFO - [2024-06-30T04:02:33.062+0000] {dagbag.py:545} INFO - Filling up the DagBag from /home/airflow/.local/lib/python3.12/site-packages/airflow/example_dags/example_sla_dag.py
[2024-06-30T04:02:33.115+0000] {processor.py:840} INFO - DAG(s) 'example_sla_dag' retrieved from /home/airflow/.local/lib/python3.12/site-packages/airflow/example_dags/example_sla_dag.py
[2024-06-30T04:02:33.226+0000] {logging_mixin.py:188} INFO - [2024-06-30T04:02:33.225+0000] {dag.py:3096} INFO - Sync 1 DAGs
[2024-06-30T04:02:33.352+0000] {logging_mixin.py:188} INFO - [2024-06-30T04:02:33.351+0000] {dag.py:3954} INFO - Setting next_dagrun for example_sla_dag to 2024-06-30 04:00:00+00:00, run_after=2024-06-30 04:02:00+00:00
[2024-06-30T04:02:33.492+0000] {processor.py:183} INFO - Processing /home/airflow/.local/lib/python3.12/site-packages/airflow/example_dags/example_sla_dag.py took 0.514 seconds
[2024-06-30T04:03:04.352+0000] {processor.py:161} INFO - Started process (PID=1514) to work on /home/airflow/.local/lib/python3.12/site-packages/airflow/example_dags/example_sla_dag.py
[2024-06-30T04:03:04.384+0000] {processor.py:830} INFO - Processing file /home/airflow/.local/lib/python3.12/site-packages/airflow/example_dags/example_sla_dag.py for tasks to queue
[2024-06-30T04:03:04.390+0000] {logging_mixin.py:188} INFO - [2024-06-30T04:03:04.389+0000] {dagbag.py:545} INFO - Filling up the DagBag from /home/airflow/.local/lib/python3.12/site-packages/airflow/example_dags/example_sla_dag.py
[2024-06-30T04:03:04.466+0000] {processor.py:840} INFO - DAG(s) 'example_sla_dag' retrieved from /home/airflow/.local/lib/python3.12/site-packages/airflow/example_dags/example_sla_dag.py
[2024-06-30T04:03:04.683+0000] {logging_mixin.py:188} INFO - [2024-06-30T04:03:04.683+0000] {dag.py:3096} INFO - Sync 1 DAGs
[2024-06-30T04:03:05.073+0000] {logging_mixin.py:188} INFO - [2024-06-30T04:03:05.072+0000] {dag.py:3954} INFO - Setting next_dagrun for example_sla_dag to 2024-06-30 04:00:00+00:00, run_after=2024-06-30 04:02:00+00:00
[2024-06-30T04:03:05.283+0000] {processor.py:183} INFO - Processing /home/airflow/.local/lib/python3.12/site-packages/airflow/example_dags/example_sla_dag.py took 0.965 seconds
[2024-06-30T04:03:35.740+0000] {processor.py:161} INFO - Started process (PID=1572) to work on /home/airflow/.local/lib/python3.12/site-packages/airflow/example_dags/example_sla_dag.py
[2024-06-30T04:03:35.742+0000] {processor.py:830} INFO - Processing file /home/airflow/.local/lib/python3.12/site-packages/airflow/example_dags/example_sla_dag.py for tasks to queue
[2024-06-30T04:03:35.747+0000] {logging_mixin.py:188} INFO - [2024-06-30T04:03:35.746+0000] {dagbag.py:545} INFO - Filling up the DagBag from /home/airflow/.local/lib/python3.12/site-packages/airflow/example_dags/example_sla_dag.py
[2024-06-30T04:03:35.775+0000] {processor.py:840} INFO - DAG(s) 'example_sla_dag' retrieved from /home/airflow/.local/lib/python3.12/site-packages/airflow/example_dags/example_sla_dag.py
[2024-06-30T04:03:35.831+0000] {logging_mixin.py:188} INFO - [2024-06-30T04:03:35.830+0000] {dag.py:3096} INFO - Sync 1 DAGs
[2024-06-30T04:03:35.965+0000] {logging_mixin.py:188} INFO - [2024-06-30T04:03:35.965+0000] {dag.py:3954} INFO - Setting next_dagrun for example_sla_dag to 2024-06-30 04:00:00+00:00, run_after=2024-06-30 04:02:00+00:00
[2024-06-30T04:03:36.075+0000] {processor.py:183} INFO - Processing /home/airflow/.local/lib/python3.12/site-packages/airflow/example_dags/example_sla_dag.py took 0.349 seconds
[2024-06-30T04:04:06.564+0000] {processor.py:161} INFO - Started process (PID=1630) to work on /home/airflow/.local/lib/python3.12/site-packages/airflow/example_dags/example_sla_dag.py
[2024-06-30T04:04:06.566+0000] {processor.py:830} INFO - Processing file /home/airflow/.local/lib/python3.12/site-packages/airflow/example_dags/example_sla_dag.py for tasks to queue
[2024-06-30T04:04:06.572+0000] {logging_mixin.py:188} INFO - [2024-06-30T04:04:06.571+0000] {dagbag.py:545} INFO - Filling up the DagBag from /home/airflow/.local/lib/python3.12/site-packages/airflow/example_dags/example_sla_dag.py
[2024-06-30T04:04:06.588+0000] {processor.py:840} INFO - DAG(s) 'example_sla_dag' retrieved from /home/airflow/.local/lib/python3.12/site-packages/airflow/example_dags/example_sla_dag.py
[2024-06-30T04:04:06.647+0000] {logging_mixin.py:188} INFO - [2024-06-30T04:04:06.647+0000] {dag.py:3096} INFO - Sync 1 DAGs
[2024-06-30T04:04:06.713+0000] {logging_mixin.py:188} INFO - [2024-06-30T04:04:06.712+0000] {dag.py:3954} INFO - Setting next_dagrun for example_sla_dag to 2024-06-30 04:02:00+00:00, run_after=2024-06-30 04:04:00+00:00
[2024-06-30T04:04:06.820+0000] {processor.py:183} INFO - Processing /home/airflow/.local/lib/python3.12/site-packages/airflow/example_dags/example_sla_dag.py took 0.274 seconds
[2024-06-30T04:04:38.126+0000] {processor.py:161} INFO - Started process (PID=1690) to work on /home/airflow/.local/lib/python3.12/site-packages/airflow/example_dags/example_sla_dag.py
[2024-06-30T04:04:38.161+0000] {processor.py:830} INFO - Processing file /home/airflow/.local/lib/python3.12/site-packages/airflow/example_dags/example_sla_dag.py for tasks to queue
[2024-06-30T04:04:38.231+0000] {logging_mixin.py:188} INFO - [2024-06-30T04:04:38.229+0000] {dagbag.py:545} INFO - Filling up the DagBag from /home/airflow/.local/lib/python3.12/site-packages/airflow/example_dags/example_sla_dag.py
[2024-06-30T04:04:38.459+0000] {processor.py:840} INFO - DAG(s) 'example_sla_dag' retrieved from /home/airflow/.local/lib/python3.12/site-packages/airflow/example_dags/example_sla_dag.py
[2024-06-30T04:04:38.706+0000] {logging_mixin.py:188} INFO - [2024-06-30T04:04:38.705+0000] {dag.py:3096} INFO - Sync 1 DAGs
[2024-06-30T04:04:39.245+0000] {logging_mixin.py:188} INFO - [2024-06-30T04:04:39.244+0000] {dag.py:3954} INFO - Setting next_dagrun for example_sla_dag to 2024-06-30 04:02:00+00:00, run_after=2024-06-30 04:04:00+00:00
[2024-06-30T04:04:39.344+0000] {processor.py:183} INFO - Processing /home/airflow/.local/lib/python3.12/site-packages/airflow/example_dags/example_sla_dag.py took 1.269 seconds
[2024-06-30T04:05:10.920+0000] {processor.py:161} INFO - Started process (PID=1751) to work on /home/airflow/.local/lib/python3.12/site-packages/airflow/example_dags/example_sla_dag.py
[2024-06-30T04:05:10.923+0000] {processor.py:830} INFO - Processing file /home/airflow/.local/lib/python3.12/site-packages/airflow/example_dags/example_sla_dag.py for tasks to queue
[2024-06-30T04:05:10.936+0000] {logging_mixin.py:188} INFO - [2024-06-30T04:05:10.936+0000] {dagbag.py:545} INFO - Filling up the DagBag from /home/airflow/.local/lib/python3.12/site-packages/airflow/example_dags/example_sla_dag.py
[2024-06-30T04:05:10.974+0000] {processor.py:840} INFO - DAG(s) 'example_sla_dag' retrieved from /home/airflow/.local/lib/python3.12/site-packages/airflow/example_dags/example_sla_dag.py
[2024-06-30T04:05:11.154+0000] {logging_mixin.py:188} INFO - [2024-06-30T04:05:11.152+0000] {dag.py:3096} INFO - Sync 1 DAGs
[2024-06-30T04:05:11.320+0000] {logging_mixin.py:188} INFO - [2024-06-30T04:05:11.320+0000] {dag.py:3954} INFO - Setting next_dagrun for example_sla_dag to 2024-06-30 04:02:00+00:00, run_after=2024-06-30 04:04:00+00:00
[2024-06-30T04:05:11.438+0000] {processor.py:183} INFO - Processing /home/airflow/.local/lib/python3.12/site-packages/airflow/example_dags/example_sla_dag.py took 0.556 seconds
[2024-06-30T04:05:43.596+0000] {processor.py:161} INFO - Started process (PID=1809) to work on /home/airflow/.local/lib/python3.12/site-packages/airflow/example_dags/example_sla_dag.py
[2024-06-30T04:05:43.600+0000] {processor.py:830} INFO - Processing file /home/airflow/.local/lib/python3.12/site-packages/airflow/example_dags/example_sla_dag.py for tasks to queue
[2024-06-30T04:05:43.604+0000] {logging_mixin.py:188} INFO - [2024-06-30T04:05:43.603+0000] {dagbag.py:545} INFO - Filling up the DagBag from /home/airflow/.local/lib/python3.12/site-packages/airflow/example_dags/example_sla_dag.py
[2024-06-30T04:05:43.629+0000] {processor.py:840} INFO - DAG(s) 'example_sla_dag' retrieved from /home/airflow/.local/lib/python3.12/site-packages/airflow/example_dags/example_sla_dag.py
[2024-06-30T04:05:43.685+0000] {logging_mixin.py:188} INFO - [2024-06-30T04:05:43.684+0000] {dag.py:3096} INFO - Sync 1 DAGs
[2024-06-30T04:05:44.241+0000] {logging_mixin.py:188} INFO - [2024-06-30T04:05:44.241+0000] {dag.py:3954} INFO - Setting next_dagrun for example_sla_dag to 2024-06-30 04:02:00+00:00, run_after=2024-06-30 04:04:00+00:00
[2024-06-30T04:05:44.406+0000] {processor.py:183} INFO - Processing /home/airflow/.local/lib/python3.12/site-packages/airflow/example_dags/example_sla_dag.py took 0.822 seconds
[2024-06-30T04:06:15.321+0000] {processor.py:161} INFO - Started process (PID=1867) to work on /home/airflow/.local/lib/python3.12/site-packages/airflow/example_dags/example_sla_dag.py
[2024-06-30T04:06:15.323+0000] {processor.py:830} INFO - Processing file /home/airflow/.local/lib/python3.12/site-packages/airflow/example_dags/example_sla_dag.py for tasks to queue
[2024-06-30T04:06:15.327+0000] {logging_mixin.py:188} INFO - [2024-06-30T04:06:15.326+0000] {dagbag.py:545} INFO - Filling up the DagBag from /home/airflow/.local/lib/python3.12/site-packages/airflow/example_dags/example_sla_dag.py
[2024-06-30T04:06:15.364+0000] {processor.py:840} INFO - DAG(s) 'example_sla_dag' retrieved from /home/airflow/.local/lib/python3.12/site-packages/airflow/example_dags/example_sla_dag.py
[2024-06-30T04:06:15.441+0000] {logging_mixin.py:188} INFO - [2024-06-30T04:06:15.439+0000] {dag.py:3096} INFO - Sync 1 DAGs
[2024-06-30T04:06:15.524+0000] {logging_mixin.py:188} INFO - [2024-06-30T04:06:15.524+0000] {dag.py:3954} INFO - Setting next_dagrun for example_sla_dag to 2024-06-30 04:04:00+00:00, run_after=2024-06-30 04:06:00+00:00
[2024-06-30T04:06:16.080+0000] {processor.py:183} INFO - Processing /home/airflow/.local/lib/python3.12/site-packages/airflow/example_dags/example_sla_dag.py took 0.777 seconds
[2024-06-30T04:06:46.396+0000] {processor.py:161} INFO - Started process (PID=1926) to work on /home/airflow/.local/lib/python3.12/site-packages/airflow/example_dags/example_sla_dag.py
[2024-06-30T04:06:46.397+0000] {processor.py:830} INFO - Processing file /home/airflow/.local/lib/python3.12/site-packages/airflow/example_dags/example_sla_dag.py for tasks to queue
[2024-06-30T04:06:46.409+0000] {logging_mixin.py:188} INFO - [2024-06-30T04:06:46.408+0000] {dagbag.py:545} INFO - Filling up the DagBag from /home/airflow/.local/lib/python3.12/site-packages/airflow/example_dags/example_sla_dag.py
[2024-06-30T04:06:46.435+0000] {processor.py:840} INFO - DAG(s) 'example_sla_dag' retrieved from /home/airflow/.local/lib/python3.12/site-packages/airflow/example_dags/example_sla_dag.py
[2024-06-30T04:06:46.481+0000] {logging_mixin.py:188} INFO - [2024-06-30T04:06:46.481+0000] {dag.py:3096} INFO - Sync 1 DAGs
[2024-06-30T04:06:46.544+0000] {logging_mixin.py:188} INFO - [2024-06-30T04:06:46.544+0000] {dag.py:3954} INFO - Setting next_dagrun for example_sla_dag to 2024-06-30 04:04:00+00:00, run_after=2024-06-30 04:06:00+00:00
[2024-06-30T04:06:46.659+0000] {processor.py:183} INFO - Processing /home/airflow/.local/lib/python3.12/site-packages/airflow/example_dags/example_sla_dag.py took 0.288 seconds
[2024-06-30T04:07:17.862+0000] {processor.py:161} INFO - Started process (PID=1984) to work on /home/airflow/.local/lib/python3.12/site-packages/airflow/example_dags/example_sla_dag.py
[2024-06-30T04:07:17.863+0000] {processor.py:830} INFO - Processing file /home/airflow/.local/lib/python3.12/site-packages/airflow/example_dags/example_sla_dag.py for tasks to queue
[2024-06-30T04:07:17.868+0000] {logging_mixin.py:188} INFO - [2024-06-30T04:07:17.867+0000] {dagbag.py:545} INFO - Filling up the DagBag from /home/airflow/.local/lib/python3.12/site-packages/airflow/example_dags/example_sla_dag.py
[2024-06-30T04:07:17.893+0000] {processor.py:840} INFO - DAG(s) 'example_sla_dag' retrieved from /home/airflow/.local/lib/python3.12/site-packages/airflow/example_dags/example_sla_dag.py
[2024-06-30T04:07:17.978+0000] {logging_mixin.py:188} INFO - [2024-06-30T04:07:17.978+0000] {dag.py:3096} INFO - Sync 1 DAGs
[2024-06-30T04:07:18.077+0000] {logging_mixin.py:188} INFO - [2024-06-30T04:07:18.076+0000] {dag.py:3954} INFO - Setting next_dagrun for example_sla_dag to 2024-06-30 04:04:00+00:00, run_after=2024-06-30 04:06:00+00:00
[2024-06-30T04:07:18.267+0000] {processor.py:183} INFO - Processing /home/airflow/.local/lib/python3.12/site-packages/airflow/example_dags/example_sla_dag.py took 0.422 seconds
[2024-06-30T04:07:48.758+0000] {processor.py:161} INFO - Started process (PID=2042) to work on /home/airflow/.local/lib/python3.12/site-packages/airflow/example_dags/example_sla_dag.py
[2024-06-30T04:07:48.771+0000] {processor.py:830} INFO - Processing file /home/airflow/.local/lib/python3.12/site-packages/airflow/example_dags/example_sla_dag.py for tasks to queue
[2024-06-30T04:07:48.788+0000] {logging_mixin.py:188} INFO - [2024-06-30T04:07:48.780+0000] {dagbag.py:545} INFO - Filling up the DagBag from /home/airflow/.local/lib/python3.12/site-packages/airflow/example_dags/example_sla_dag.py
[2024-06-30T04:07:48.816+0000] {processor.py:840} INFO - DAG(s) 'example_sla_dag' retrieved from /home/airflow/.local/lib/python3.12/site-packages/airflow/example_dags/example_sla_dag.py
[2024-06-30T04:07:48.892+0000] {logging_mixin.py:188} INFO - [2024-06-30T04:07:48.891+0000] {dag.py:3096} INFO - Sync 1 DAGs
[2024-06-30T04:07:48.974+0000] {logging_mixin.py:188} INFO - [2024-06-30T04:07:48.973+0000] {dag.py:3954} INFO - Setting next_dagrun for example_sla_dag to 2024-06-30 04:04:00+00:00, run_after=2024-06-30 04:06:00+00:00
[2024-06-30T04:07:49.099+0000] {processor.py:183} INFO - Processing /home/airflow/.local/lib/python3.12/site-packages/airflow/example_dags/example_sla_dag.py took 0.365 seconds
[2024-06-30T04:08:19.237+0000] {processor.py:161} INFO - Started process (PID=2099) to work on /home/airflow/.local/lib/python3.12/site-packages/airflow/example_dags/example_sla_dag.py
[2024-06-30T04:08:19.238+0000] {processor.py:830} INFO - Processing file /home/airflow/.local/lib/python3.12/site-packages/airflow/example_dags/example_sla_dag.py for tasks to queue
[2024-06-30T04:08:19.244+0000] {logging_mixin.py:188} INFO - [2024-06-30T04:08:19.243+0000] {dagbag.py:545} INFO - Filling up the DagBag from /home/airflow/.local/lib/python3.12/site-packages/airflow/example_dags/example_sla_dag.py
[2024-06-30T04:08:19.268+0000] {processor.py:840} INFO - DAG(s) 'example_sla_dag' retrieved from /home/airflow/.local/lib/python3.12/site-packages/airflow/example_dags/example_sla_dag.py
[2024-06-30T04:08:19.316+0000] {logging_mixin.py:188} INFO - [2024-06-30T04:08:19.315+0000] {dag.py:3096} INFO - Sync 1 DAGs
[2024-06-30T04:08:19.392+0000] {logging_mixin.py:188} INFO - [2024-06-30T04:08:19.391+0000] {dag.py:3954} INFO - Setting next_dagrun for example_sla_dag to 2024-06-30 04:06:00+00:00, run_after=2024-06-30 04:08:00+00:00
[2024-06-30T04:08:19.485+0000] {processor.py:183} INFO - Processing /home/airflow/.local/lib/python3.12/site-packages/airflow/example_dags/example_sla_dag.py took 0.258 seconds
[2024-06-30T04:08:51.579+0000] {processor.py:161} INFO - Started process (PID=2157) to work on /home/airflow/.local/lib/python3.12/site-packages/airflow/example_dags/example_sla_dag.py
[2024-06-30T04:08:51.581+0000] {processor.py:830} INFO - Processing file /home/airflow/.local/lib/python3.12/site-packages/airflow/example_dags/example_sla_dag.py for tasks to queue
[2024-06-30T04:08:51.585+0000] {logging_mixin.py:188} INFO - [2024-06-30T04:08:51.584+0000] {dagbag.py:545} INFO - Filling up the DagBag from /home/airflow/.local/lib/python3.12/site-packages/airflow/example_dags/example_sla_dag.py
[2024-06-30T04:08:51.606+0000] {processor.py:840} INFO - DAG(s) 'example_sla_dag' retrieved from /home/airflow/.local/lib/python3.12/site-packages/airflow/example_dags/example_sla_dag.py
[2024-06-30T04:08:51.664+0000] {logging_mixin.py:188} INFO - [2024-06-30T04:08:51.664+0000] {dag.py:3096} INFO - Sync 1 DAGs
[2024-06-30T04:08:51.747+0000] {logging_mixin.py:188} INFO - [2024-06-30T04:08:51.747+0000] {dag.py:3954} INFO - Setting next_dagrun for example_sla_dag to 2024-06-30 04:06:00+00:00, run_after=2024-06-30 04:08:00+00:00
[2024-06-30T04:08:51.858+0000] {processor.py:183} INFO - Processing /home/airflow/.local/lib/python3.12/site-packages/airflow/example_dags/example_sla_dag.py took 0.294 seconds
[2024-06-30T04:09:22.927+0000] {processor.py:161} INFO - Started process (PID=2212) to work on /home/airflow/.local/lib/python3.12/site-packages/airflow/example_dags/example_sla_dag.py
[2024-06-30T04:09:22.929+0000] {processor.py:830} INFO - Processing file /home/airflow/.local/lib/python3.12/site-packages/airflow/example_dags/example_sla_dag.py for tasks to queue
[2024-06-30T04:09:22.943+0000] {logging_mixin.py:188} INFO - [2024-06-30T04:09:22.942+0000] {dagbag.py:545} INFO - Filling up the DagBag from /home/airflow/.local/lib/python3.12/site-packages/airflow/example_dags/example_sla_dag.py
[2024-06-30T04:09:23.004+0000] {processor.py:840} INFO - DAG(s) 'example_sla_dag' retrieved from /home/airflow/.local/lib/python3.12/site-packages/airflow/example_dags/example_sla_dag.py
[2024-06-30T04:09:23.152+0000] {logging_mixin.py:188} INFO - [2024-06-30T04:09:23.152+0000] {dag.py:3096} INFO - Sync 1 DAGs
[2024-06-30T04:09:23.329+0000] {logging_mixin.py:188} INFO - [2024-06-30T04:09:23.329+0000] {dag.py:3954} INFO - Setting next_dagrun for example_sla_dag to 2024-06-30 04:06:00+00:00, run_after=2024-06-30 04:08:00+00:00
[2024-06-30T04:09:23.555+0000] {processor.py:183} INFO - Processing /home/airflow/.local/lib/python3.12/site-packages/airflow/example_dags/example_sla_dag.py took 0.648 seconds
[2024-06-30T04:09:54.454+0000] {processor.py:161} INFO - Started process (PID=2271) to work on /home/airflow/.local/lib/python3.12/site-packages/airflow/example_dags/example_sla_dag.py
[2024-06-30T04:09:54.459+0000] {processor.py:830} INFO - Processing file /home/airflow/.local/lib/python3.12/site-packages/airflow/example_dags/example_sla_dag.py for tasks to queue
[2024-06-30T04:09:54.465+0000] {logging_mixin.py:188} INFO - [2024-06-30T04:09:54.463+0000] {dagbag.py:545} INFO - Filling up the DagBag from /home/airflow/.local/lib/python3.12/site-packages/airflow/example_dags/example_sla_dag.py
[2024-06-30T04:09:54.492+0000] {processor.py:840} INFO - DAG(s) 'example_sla_dag' retrieved from /home/airflow/.local/lib/python3.12/site-packages/airflow/example_dags/example_sla_dag.py
[2024-06-30T04:09:54.591+0000] {logging_mixin.py:188} INFO - [2024-06-30T04:09:54.590+0000] {dag.py:3096} INFO - Sync 1 DAGs
[2024-06-30T04:09:54.665+0000] {logging_mixin.py:188} INFO - [2024-06-30T04:09:54.665+0000] {dag.py:3954} INFO - Setting next_dagrun for example_sla_dag to 2024-06-30 04:06:00+00:00, run_after=2024-06-30 04:08:00+00:00
[2024-06-30T04:09:54.748+0000] {processor.py:183} INFO - Processing /home/airflow/.local/lib/python3.12/site-packages/airflow/example_dags/example_sla_dag.py took 0.313 seconds
[2024-06-30T04:10:25.468+0000] {processor.py:161} INFO - Started process (PID=2329) to work on /home/airflow/.local/lib/python3.12/site-packages/airflow/example_dags/example_sla_dag.py
[2024-06-30T04:10:25.472+0000] {processor.py:830} INFO - Processing file /home/airflow/.local/lib/python3.12/site-packages/airflow/example_dags/example_sla_dag.py for tasks to queue
[2024-06-30T04:10:25.478+0000] {logging_mixin.py:188} INFO - [2024-06-30T04:10:25.476+0000] {dagbag.py:545} INFO - Filling up the DagBag from /home/airflow/.local/lib/python3.12/site-packages/airflow/example_dags/example_sla_dag.py
[2024-06-30T04:10:25.492+0000] {processor.py:840} INFO - DAG(s) 'example_sla_dag' retrieved from /home/airflow/.local/lib/python3.12/site-packages/airflow/example_dags/example_sla_dag.py
[2024-06-30T04:10:25.532+0000] {logging_mixin.py:188} INFO - [2024-06-30T04:10:25.532+0000] {dag.py:3096} INFO - Sync 1 DAGs
[2024-06-30T04:10:25.590+0000] {logging_mixin.py:188} INFO - [2024-06-30T04:10:25.590+0000] {dag.py:3954} INFO - Setting next_dagrun for example_sla_dag to 2024-06-30 04:08:00+00:00, run_after=2024-06-30 04:10:00+00:00
[2024-06-30T04:10:25.635+0000] {processor.py:183} INFO - Processing /home/airflow/.local/lib/python3.12/site-packages/airflow/example_dags/example_sla_dag.py took 0.178 seconds
[2024-06-30T04:10:55.782+0000] {processor.py:161} INFO - Started process (PID=2387) to work on /home/airflow/.local/lib/python3.12/site-packages/airflow/example_dags/example_sla_dag.py
[2024-06-30T04:10:55.783+0000] {processor.py:830} INFO - Processing file /home/airflow/.local/lib/python3.12/site-packages/airflow/example_dags/example_sla_dag.py for tasks to queue
[2024-06-30T04:10:55.787+0000] {logging_mixin.py:188} INFO - [2024-06-30T04:10:55.786+0000] {dagbag.py:545} INFO - Filling up the DagBag from /home/airflow/.local/lib/python3.12/site-packages/airflow/example_dags/example_sla_dag.py
[2024-06-30T04:10:55.798+0000] {processor.py:840} INFO - DAG(s) 'example_sla_dag' retrieved from /home/airflow/.local/lib/python3.12/site-packages/airflow/example_dags/example_sla_dag.py
[2024-06-30T04:10:55.836+0000] {logging_mixin.py:188} INFO - [2024-06-30T04:10:55.836+0000] {dag.py:3096} INFO - Sync 1 DAGs
[2024-06-30T04:10:55.942+0000] {logging_mixin.py:188} INFO - [2024-06-30T04:10:55.942+0000] {dag.py:3954} INFO - Setting next_dagrun for example_sla_dag to 2024-06-30 04:08:00+00:00, run_after=2024-06-30 04:10:00+00:00
[2024-06-30T04:10:56.036+0000] {processor.py:183} INFO - Processing /home/airflow/.local/lib/python3.12/site-packages/airflow/example_dags/example_sla_dag.py took 0.265 seconds
[2024-06-30T04:11:26.636+0000] {processor.py:161} INFO - Started process (PID=2445) to work on /home/airflow/.local/lib/python3.12/site-packages/airflow/example_dags/example_sla_dag.py
[2024-06-30T04:11:26.644+0000] {processor.py:830} INFO - Processing file /home/airflow/.local/lib/python3.12/site-packages/airflow/example_dags/example_sla_dag.py for tasks to queue
[2024-06-30T04:11:26.647+0000] {logging_mixin.py:188} INFO - [2024-06-30T04:11:26.647+0000] {dagbag.py:545} INFO - Filling up the DagBag from /home/airflow/.local/lib/python3.12/site-packages/airflow/example_dags/example_sla_dag.py
[2024-06-30T04:11:26.665+0000] {processor.py:840} INFO - DAG(s) 'example_sla_dag' retrieved from /home/airflow/.local/lib/python3.12/site-packages/airflow/example_dags/example_sla_dag.py
[2024-06-30T04:11:26.704+0000] {logging_mixin.py:188} INFO - [2024-06-30T04:11:26.703+0000] {dag.py:3096} INFO - Sync 1 DAGs
[2024-06-30T04:11:26.756+0000] {logging_mixin.py:188} INFO - [2024-06-30T04:11:26.755+0000] {dag.py:3954} INFO - Setting next_dagrun for example_sla_dag to 2024-06-30 04:08:00+00:00, run_after=2024-06-30 04:10:00+00:00
[2024-06-30T04:11:26.797+0000] {processor.py:183} INFO - Processing /home/airflow/.local/lib/python3.12/site-packages/airflow/example_dags/example_sla_dag.py took 0.171 seconds
[2024-06-30T04:11:57.098+0000] {processor.py:161} INFO - Started process (PID=2502) to work on /home/airflow/.local/lib/python3.12/site-packages/airflow/example_dags/example_sla_dag.py
[2024-06-30T04:11:57.100+0000] {processor.py:830} INFO - Processing file /home/airflow/.local/lib/python3.12/site-packages/airflow/example_dags/example_sla_dag.py for tasks to queue
[2024-06-30T04:11:57.103+0000] {logging_mixin.py:188} INFO - [2024-06-30T04:11:57.103+0000] {dagbag.py:545} INFO - Filling up the DagBag from /home/airflow/.local/lib/python3.12/site-packages/airflow/example_dags/example_sla_dag.py
[2024-06-30T04:11:57.117+0000] {processor.py:840} INFO - DAG(s) 'example_sla_dag' retrieved from /home/airflow/.local/lib/python3.12/site-packages/airflow/example_dags/example_sla_dag.py
[2024-06-30T04:11:57.152+0000] {logging_mixin.py:188} INFO - [2024-06-30T04:11:57.152+0000] {dag.py:3096} INFO - Sync 1 DAGs
[2024-06-30T04:11:57.207+0000] {logging_mixin.py:188} INFO - [2024-06-30T04:11:57.207+0000] {dag.py:3954} INFO - Setting next_dagrun for example_sla_dag to 2024-06-30 04:08:00+00:00, run_after=2024-06-30 04:10:00+00:00
[2024-06-30T04:11:57.247+0000] {processor.py:183} INFO - Processing /home/airflow/.local/lib/python3.12/site-packages/airflow/example_dags/example_sla_dag.py took 0.159 seconds
[2024-06-30T04:12:27.639+0000] {processor.py:161} INFO - Started process (PID=2560) to work on /home/airflow/.local/lib/python3.12/site-packages/airflow/example_dags/example_sla_dag.py
[2024-06-30T04:12:27.641+0000] {processor.py:830} INFO - Processing file /home/airflow/.local/lib/python3.12/site-packages/airflow/example_dags/example_sla_dag.py for tasks to queue
[2024-06-30T04:12:27.644+0000] {logging_mixin.py:188} INFO - [2024-06-30T04:12:27.643+0000] {dagbag.py:545} INFO - Filling up the DagBag from /home/airflow/.local/lib/python3.12/site-packages/airflow/example_dags/example_sla_dag.py
[2024-06-30T04:12:27.655+0000] {processor.py:840} INFO - DAG(s) 'example_sla_dag' retrieved from /home/airflow/.local/lib/python3.12/site-packages/airflow/example_dags/example_sla_dag.py
[2024-06-30T04:12:27.687+0000] {logging_mixin.py:188} INFO - [2024-06-30T04:12:27.687+0000] {dag.py:3096} INFO - Sync 1 DAGs
[2024-06-30T04:12:27.739+0000] {logging_mixin.py:188} INFO - [2024-06-30T04:12:27.738+0000] {dag.py:3954} INFO - Setting next_dagrun for example_sla_dag to 2024-06-30 04:10:00+00:00, run_after=2024-06-30 04:12:00+00:00
[2024-06-30T04:12:27.775+0000] {processor.py:183} INFO - Processing /home/airflow/.local/lib/python3.12/site-packages/airflow/example_dags/example_sla_dag.py took 0.145 seconds
[2024-06-30T04:12:58.458+0000] {processor.py:161} INFO - Started process (PID=2618) to work on /home/airflow/.local/lib/python3.12/site-packages/airflow/example_dags/example_sla_dag.py
[2024-06-30T04:12:58.459+0000] {processor.py:830} INFO - Processing file /home/airflow/.local/lib/python3.12/site-packages/airflow/example_dags/example_sla_dag.py for tasks to queue
[2024-06-30T04:12:58.461+0000] {logging_mixin.py:188} INFO - [2024-06-30T04:12:58.461+0000] {dagbag.py:545} INFO - Filling up the DagBag from /home/airflow/.local/lib/python3.12/site-packages/airflow/example_dags/example_sla_dag.py
[2024-06-30T04:12:58.472+0000] {processor.py:840} INFO - DAG(s) 'example_sla_dag' retrieved from /home/airflow/.local/lib/python3.12/site-packages/airflow/example_dags/example_sla_dag.py
[2024-06-30T04:12:58.496+0000] {logging_mixin.py:188} INFO - [2024-06-30T04:12:58.495+0000] {dag.py:3096} INFO - Sync 1 DAGs
[2024-06-30T04:12:58.528+0000] {logging_mixin.py:188} INFO - [2024-06-30T04:12:58.527+0000] {dag.py:3954} INFO - Setting next_dagrun for example_sla_dag to 2024-06-30 04:10:00+00:00, run_after=2024-06-30 04:12:00+00:00
[2024-06-30T04:12:58.562+0000] {processor.py:183} INFO - Processing /home/airflow/.local/lib/python3.12/site-packages/airflow/example_dags/example_sla_dag.py took 0.110 seconds
[2024-06-30T04:13:29.417+0000] {processor.py:161} INFO - Started process (PID=2676) to work on /home/airflow/.local/lib/python3.12/site-packages/airflow/example_dags/example_sla_dag.py
[2024-06-30T04:13:29.419+0000] {processor.py:830} INFO - Processing file /home/airflow/.local/lib/python3.12/site-packages/airflow/example_dags/example_sla_dag.py for tasks to queue
[2024-06-30T04:13:29.423+0000] {logging_mixin.py:188} INFO - [2024-06-30T04:13:29.422+0000] {dagbag.py:545} INFO - Filling up the DagBag from /home/airflow/.local/lib/python3.12/site-packages/airflow/example_dags/example_sla_dag.py
[2024-06-30T04:13:29.439+0000] {processor.py:840} INFO - DAG(s) 'example_sla_dag' retrieved from /home/airflow/.local/lib/python3.12/site-packages/airflow/example_dags/example_sla_dag.py
[2024-06-30T04:13:29.480+0000] {logging_mixin.py:188} INFO - [2024-06-30T04:13:29.480+0000] {dag.py:3096} INFO - Sync 1 DAGs
[2024-06-30T04:13:29.531+0000] {logging_mixin.py:188} INFO - [2024-06-30T04:13:29.531+0000] {dag.py:3954} INFO - Setting next_dagrun for example_sla_dag to 2024-06-30 04:10:00+00:00, run_after=2024-06-30 04:12:00+00:00
[2024-06-30T04:13:29.571+0000] {processor.py:183} INFO - Processing /home/airflow/.local/lib/python3.12/site-packages/airflow/example_dags/example_sla_dag.py took 0.165 seconds
[2024-06-30T04:14:00.204+0000] {processor.py:161} INFO - Started process (PID=2736) to work on /home/airflow/.local/lib/python3.12/site-packages/airflow/example_dags/example_sla_dag.py
[2024-06-30T04:14:00.210+0000] {processor.py:830} INFO - Processing file /home/airflow/.local/lib/python3.12/site-packages/airflow/example_dags/example_sla_dag.py for tasks to queue
[2024-06-30T04:14:00.214+0000] {logging_mixin.py:188} INFO - [2024-06-30T04:14:00.213+0000] {dagbag.py:545} INFO - Filling up the DagBag from /home/airflow/.local/lib/python3.12/site-packages/airflow/example_dags/example_sla_dag.py
[2024-06-30T04:14:00.230+0000] {processor.py:840} INFO - DAG(s) 'example_sla_dag' retrieved from /home/airflow/.local/lib/python3.12/site-packages/airflow/example_dags/example_sla_dag.py
[2024-06-30T04:14:00.284+0000] {logging_mixin.py:188} INFO - [2024-06-30T04:14:00.283+0000] {dag.py:3096} INFO - Sync 1 DAGs
[2024-06-30T04:14:00.362+0000] {logging_mixin.py:188} INFO - [2024-06-30T04:14:00.362+0000] {dag.py:3954} INFO - Setting next_dagrun for example_sla_dag to 2024-06-30 04:12:00+00:00, run_after=2024-06-30 04:14:00+00:00
[2024-06-30T04:14:00.419+0000] {processor.py:183} INFO - Processing /home/airflow/.local/lib/python3.12/site-packages/airflow/example_dags/example_sla_dag.py took 0.231 seconds
[2024-06-30T04:14:30.803+0000] {processor.py:161} INFO - Started process (PID=2794) to work on /home/airflow/.local/lib/python3.12/site-packages/airflow/example_dags/example_sla_dag.py
[2024-06-30T04:14:30.805+0000] {processor.py:830} INFO - Processing file /home/airflow/.local/lib/python3.12/site-packages/airflow/example_dags/example_sla_dag.py for tasks to queue
[2024-06-30T04:14:30.808+0000] {logging_mixin.py:188} INFO - [2024-06-30T04:14:30.808+0000] {dagbag.py:545} INFO - Filling up the DagBag from /home/airflow/.local/lib/python3.12/site-packages/airflow/example_dags/example_sla_dag.py
[2024-06-30T04:14:30.824+0000] {processor.py:840} INFO - DAG(s) 'example_sla_dag' retrieved from /home/airflow/.local/lib/python3.12/site-packages/airflow/example_dags/example_sla_dag.py
[2024-06-30T04:14:30.862+0000] {logging_mixin.py:188} INFO - [2024-06-30T04:14:30.861+0000] {dag.py:3096} INFO - Sync 1 DAGs
[2024-06-30T04:14:30.915+0000] {logging_mixin.py:188} INFO - [2024-06-30T04:14:30.914+0000] {dag.py:3954} INFO - Setting next_dagrun for example_sla_dag to 2024-06-30 04:12:00+00:00, run_after=2024-06-30 04:14:00+00:00
[2024-06-30T04:14:30.970+0000] {processor.py:183} INFO - Processing /home/airflow/.local/lib/python3.12/site-packages/airflow/example_dags/example_sla_dag.py took 0.177 seconds
[2024-06-30T04:15:01.112+0000] {processor.py:161} INFO - Started process (PID=2852) to work on /home/airflow/.local/lib/python3.12/site-packages/airflow/example_dags/example_sla_dag.py
[2024-06-30T04:15:01.113+0000] {processor.py:830} INFO - Processing file /home/airflow/.local/lib/python3.12/site-packages/airflow/example_dags/example_sla_dag.py for tasks to queue
[2024-06-30T04:15:01.117+0000] {logging_mixin.py:188} INFO - [2024-06-30T04:15:01.116+0000] {dagbag.py:545} INFO - Filling up the DagBag from /home/airflow/.local/lib/python3.12/site-packages/airflow/example_dags/example_sla_dag.py
[2024-06-30T04:15:01.129+0000] {processor.py:840} INFO - DAG(s) 'example_sla_dag' retrieved from /home/airflow/.local/lib/python3.12/site-packages/airflow/example_dags/example_sla_dag.py
[2024-06-30T04:15:01.166+0000] {logging_mixin.py:188} INFO - [2024-06-30T04:15:01.165+0000] {dag.py:3096} INFO - Sync 1 DAGs
[2024-06-30T04:15:01.209+0000] {logging_mixin.py:188} INFO - [2024-06-30T04:15:01.209+0000] {dag.py:3954} INFO - Setting next_dagrun for example_sla_dag to 2024-06-30 04:12:00+00:00, run_after=2024-06-30 04:14:00+00:00
[2024-06-30T04:15:01.265+0000] {processor.py:183} INFO - Processing /home/airflow/.local/lib/python3.12/site-packages/airflow/example_dags/example_sla_dag.py took 0.164 seconds
[2024-06-30T04:15:31.503+0000] {processor.py:161} INFO - Started process (PID=2910) to work on /home/airflow/.local/lib/python3.12/site-packages/airflow/example_dags/example_sla_dag.py
[2024-06-30T04:15:31.505+0000] {processor.py:830} INFO - Processing file /home/airflow/.local/lib/python3.12/site-packages/airflow/example_dags/example_sla_dag.py for tasks to queue
[2024-06-30T04:15:31.522+0000] {logging_mixin.py:188} INFO - [2024-06-30T04:15:31.521+0000] {dagbag.py:545} INFO - Filling up the DagBag from /home/airflow/.local/lib/python3.12/site-packages/airflow/example_dags/example_sla_dag.py
[2024-06-30T04:15:31.538+0000] {processor.py:840} INFO - DAG(s) 'example_sla_dag' retrieved from /home/airflow/.local/lib/python3.12/site-packages/airflow/example_dags/example_sla_dag.py
[2024-06-30T04:15:31.578+0000] {logging_mixin.py:188} INFO - [2024-06-30T04:15:31.578+0000] {dag.py:3096} INFO - Sync 1 DAGs
[2024-06-30T04:15:31.631+0000] {logging_mixin.py:188} INFO - [2024-06-30T04:15:31.630+0000] {dag.py:3954} INFO - Setting next_dagrun for example_sla_dag to 2024-06-30 04:12:00+00:00, run_after=2024-06-30 04:14:00+00:00
[2024-06-30T04:15:31.666+0000] {processor.py:183} INFO - Processing /home/airflow/.local/lib/python3.12/site-packages/airflow/example_dags/example_sla_dag.py took 0.189 seconds
[2024-06-30T04:16:01.956+0000] {processor.py:161} INFO - Started process (PID=2968) to work on /home/airflow/.local/lib/python3.12/site-packages/airflow/example_dags/example_sla_dag.py
[2024-06-30T04:16:01.958+0000] {processor.py:830} INFO - Processing file /home/airflow/.local/lib/python3.12/site-packages/airflow/example_dags/example_sla_dag.py for tasks to queue
[2024-06-30T04:16:01.961+0000] {logging_mixin.py:188} INFO - [2024-06-30T04:16:01.961+0000] {dagbag.py:545} INFO - Filling up the DagBag from /home/airflow/.local/lib/python3.12/site-packages/airflow/example_dags/example_sla_dag.py
[2024-06-30T04:16:01.976+0000] {processor.py:840} INFO - DAG(s) 'example_sla_dag' retrieved from /home/airflow/.local/lib/python3.12/site-packages/airflow/example_dags/example_sla_dag.py
[2024-06-30T04:16:02.018+0000] {logging_mixin.py:188} INFO - [2024-06-30T04:16:02.017+0000] {dag.py:3096} INFO - Sync 1 DAGs
[2024-06-30T04:16:02.072+0000] {logging_mixin.py:188} INFO - [2024-06-30T04:16:02.071+0000] {dag.py:3954} INFO - Setting next_dagrun for example_sla_dag to 2024-06-30 04:14:00+00:00, run_after=2024-06-30 04:16:00+00:00
[2024-06-30T04:16:02.116+0000] {processor.py:183} INFO - Processing /home/airflow/.local/lib/python3.12/site-packages/airflow/example_dags/example_sla_dag.py took 0.168 seconds
[2024-06-30T04:16:32.663+0000] {processor.py:161} INFO - Started process (PID=3026) to work on /home/airflow/.local/lib/python3.12/site-packages/airflow/example_dags/example_sla_dag.py
[2024-06-30T04:16:32.687+0000] {processor.py:830} INFO - Processing file /home/airflow/.local/lib/python3.12/site-packages/airflow/example_dags/example_sla_dag.py for tasks to queue
[2024-06-30T04:16:32.705+0000] {logging_mixin.py:188} INFO - [2024-06-30T04:16:32.705+0000] {dagbag.py:545} INFO - Filling up the DagBag from /home/airflow/.local/lib/python3.12/site-packages/airflow/example_dags/example_sla_dag.py
[2024-06-30T04:16:32.745+0000] {processor.py:840} INFO - DAG(s) 'example_sla_dag' retrieved from /home/airflow/.local/lib/python3.12/site-packages/airflow/example_dags/example_sla_dag.py
[2024-06-30T04:16:32.892+0000] {logging_mixin.py:188} INFO - [2024-06-30T04:16:32.882+0000] {dag.py:3096} INFO - Sync 1 DAGs
[2024-06-30T04:16:33.049+0000] {logging_mixin.py:188} INFO - [2024-06-30T04:16:33.049+0000] {dag.py:3954} INFO - Setting next_dagrun for example_sla_dag to 2024-06-30 04:14:00+00:00, run_after=2024-06-30 04:16:00+00:00
[2024-06-30T04:16:33.096+0000] {processor.py:183} INFO - Processing /home/airflow/.local/lib/python3.12/site-packages/airflow/example_dags/example_sla_dag.py took 0.457 seconds
[2024-06-30T04:17:03.356+0000] {processor.py:161} INFO - Started process (PID=3082) to work on /home/airflow/.local/lib/python3.12/site-packages/airflow/example_dags/example_sla_dag.py
[2024-06-30T04:17:03.358+0000] {processor.py:830} INFO - Processing file /home/airflow/.local/lib/python3.12/site-packages/airflow/example_dags/example_sla_dag.py for tasks to queue
[2024-06-30T04:17:03.361+0000] {logging_mixin.py:188} INFO - [2024-06-30T04:17:03.360+0000] {dagbag.py:545} INFO - Filling up the DagBag from /home/airflow/.local/lib/python3.12/site-packages/airflow/example_dags/example_sla_dag.py
[2024-06-30T04:17:03.375+0000] {processor.py:840} INFO - DAG(s) 'example_sla_dag' retrieved from /home/airflow/.local/lib/python3.12/site-packages/airflow/example_dags/example_sla_dag.py
[2024-06-30T04:17:03.418+0000] {logging_mixin.py:188} INFO - [2024-06-30T04:17:03.418+0000] {dag.py:3096} INFO - Sync 1 DAGs
[2024-06-30T04:17:03.485+0000] {logging_mixin.py:188} INFO - [2024-06-30T04:17:03.484+0000] {dag.py:3954} INFO - Setting next_dagrun for example_sla_dag to 2024-06-30 04:14:00+00:00, run_after=2024-06-30 04:16:00+00:00
[2024-06-30T04:17:03.540+0000] {processor.py:183} INFO - Processing /home/airflow/.local/lib/python3.12/site-packages/airflow/example_dags/example_sla_dag.py took 0.197 seconds
[2024-06-30T04:17:33.828+0000] {processor.py:161} INFO - Started process (PID=3139) to work on /home/airflow/.local/lib/python3.12/site-packages/airflow/example_dags/example_sla_dag.py
[2024-06-30T04:17:33.831+0000] {processor.py:830} INFO - Processing file /home/airflow/.local/lib/python3.12/site-packages/airflow/example_dags/example_sla_dag.py for tasks to queue
[2024-06-30T04:17:33.833+0000] {logging_mixin.py:188} INFO - [2024-06-30T04:17:33.833+0000] {dagbag.py:545} INFO - Filling up the DagBag from /home/airflow/.local/lib/python3.12/site-packages/airflow/example_dags/example_sla_dag.py
[2024-06-30T04:17:33.845+0000] {processor.py:840} INFO - DAG(s) 'example_sla_dag' retrieved from /home/airflow/.local/lib/python3.12/site-packages/airflow/example_dags/example_sla_dag.py
[2024-06-30T04:17:33.875+0000] {logging_mixin.py:188} INFO - [2024-06-30T04:17:33.875+0000] {dag.py:3096} INFO - Sync 1 DAGs
[2024-06-30T04:17:33.909+0000] {logging_mixin.py:188} INFO - [2024-06-30T04:17:33.909+0000] {dag.py:3954} INFO - Setting next_dagrun for example_sla_dag to 2024-06-30 04:14:00+00:00, run_after=2024-06-30 04:16:00+00:00
[2024-06-30T04:17:33.937+0000] {processor.py:183} INFO - Processing /home/airflow/.local/lib/python3.12/site-packages/airflow/example_dags/example_sla_dag.py took 0.116 seconds
[2024-06-30T04:18:04.252+0000] {processor.py:161} INFO - Started process (PID=3197) to work on /home/airflow/.local/lib/python3.12/site-packages/airflow/example_dags/example_sla_dag.py
[2024-06-30T04:18:04.254+0000] {processor.py:830} INFO - Processing file /home/airflow/.local/lib/python3.12/site-packages/airflow/example_dags/example_sla_dag.py for tasks to queue
[2024-06-30T04:18:04.262+0000] {logging_mixin.py:188} INFO - [2024-06-30T04:18:04.259+0000] {dagbag.py:545} INFO - Filling up the DagBag from /home/airflow/.local/lib/python3.12/site-packages/airflow/example_dags/example_sla_dag.py
[2024-06-30T04:18:04.293+0000] {processor.py:840} INFO - DAG(s) 'example_sla_dag' retrieved from /home/airflow/.local/lib/python3.12/site-packages/airflow/example_dags/example_sla_dag.py
[2024-06-30T04:18:04.357+0000] {logging_mixin.py:188} INFO - [2024-06-30T04:18:04.356+0000] {dag.py:3096} INFO - Sync 1 DAGs
[2024-06-30T04:18:04.482+0000] {logging_mixin.py:188} INFO - [2024-06-30T04:18:04.481+0000] {dag.py:3954} INFO - Setting next_dagrun for example_sla_dag to 2024-06-30 04:16:00+00:00, run_after=2024-06-30 04:18:00+00:00
[2024-06-30T04:18:04.592+0000] {processor.py:183} INFO - Processing /home/airflow/.local/lib/python3.12/site-packages/airflow/example_dags/example_sla_dag.py took 0.353 seconds
[2024-06-30T04:18:35.309+0000] {processor.py:161} INFO - Started process (PID=3254) to work on /home/airflow/.local/lib/python3.12/site-packages/airflow/example_dags/example_sla_dag.py
[2024-06-30T04:18:35.310+0000] {processor.py:830} INFO - Processing file /home/airflow/.local/lib/python3.12/site-packages/airflow/example_dags/example_sla_dag.py for tasks to queue
[2024-06-30T04:18:35.314+0000] {logging_mixin.py:188} INFO - [2024-06-30T04:18:35.313+0000] {dagbag.py:545} INFO - Filling up the DagBag from /home/airflow/.local/lib/python3.12/site-packages/airflow/example_dags/example_sla_dag.py
[2024-06-30T04:18:35.328+0000] {processor.py:840} INFO - DAG(s) 'example_sla_dag' retrieved from /home/airflow/.local/lib/python3.12/site-packages/airflow/example_dags/example_sla_dag.py
[2024-06-30T04:18:35.369+0000] {logging_mixin.py:188} INFO - [2024-06-30T04:18:35.369+0000] {dag.py:3096} INFO - Sync 1 DAGs
[2024-06-30T04:18:35.433+0000] {logging_mixin.py:188} INFO - [2024-06-30T04:18:35.432+0000] {dag.py:3954} INFO - Setting next_dagrun for example_sla_dag to 2024-06-30 04:16:00+00:00, run_after=2024-06-30 04:18:00+00:00
[2024-06-30T04:18:35.481+0000] {processor.py:183} INFO - Processing /home/airflow/.local/lib/python3.12/site-packages/airflow/example_dags/example_sla_dag.py took 0.184 seconds
[2024-06-30T04:19:05.769+0000] {processor.py:161} INFO - Started process (PID=3312) to work on /home/airflow/.local/lib/python3.12/site-packages/airflow/example_dags/example_sla_dag.py
[2024-06-30T04:19:05.771+0000] {processor.py:830} INFO - Processing file /home/airflow/.local/lib/python3.12/site-packages/airflow/example_dags/example_sla_dag.py for tasks to queue
[2024-06-30T04:19:05.775+0000] {logging_mixin.py:188} INFO - [2024-06-30T04:19:05.774+0000] {dagbag.py:545} INFO - Filling up the DagBag from /home/airflow/.local/lib/python3.12/site-packages/airflow/example_dags/example_sla_dag.py
[2024-06-30T04:19:05.817+0000] {processor.py:840} INFO - DAG(s) 'example_sla_dag' retrieved from /home/airflow/.local/lib/python3.12/site-packages/airflow/example_dags/example_sla_dag.py
[2024-06-30T04:19:05.916+0000] {logging_mixin.py:188} INFO - [2024-06-30T04:19:05.916+0000] {dag.py:3096} INFO - Sync 1 DAGs
[2024-06-30T04:19:06.036+0000] {logging_mixin.py:188} INFO - [2024-06-30T04:19:06.036+0000] {dag.py:3954} INFO - Setting next_dagrun for example_sla_dag to 2024-06-30 04:16:00+00:00, run_after=2024-06-30 04:18:00+00:00
[2024-06-30T04:19:06.114+0000] {processor.py:183} INFO - Processing /home/airflow/.local/lib/python3.12/site-packages/airflow/example_dags/example_sla_dag.py took 0.359 seconds
[2024-06-30T04:19:36.937+0000] {processor.py:161} INFO - Started process (PID=3370) to work on /home/airflow/.local/lib/python3.12/site-packages/airflow/example_dags/example_sla_dag.py
[2024-06-30T04:19:36.939+0000] {processor.py:830} INFO - Processing file /home/airflow/.local/lib/python3.12/site-packages/airflow/example_dags/example_sla_dag.py for tasks to queue
[2024-06-30T04:19:36.945+0000] {logging_mixin.py:188} INFO - [2024-06-30T04:19:36.945+0000] {dagbag.py:545} INFO - Filling up the DagBag from /home/airflow/.local/lib/python3.12/site-packages/airflow/example_dags/example_sla_dag.py
[2024-06-30T04:19:36.965+0000] {processor.py:840} INFO - DAG(s) 'example_sla_dag' retrieved from /home/airflow/.local/lib/python3.12/site-packages/airflow/example_dags/example_sla_dag.py
[2024-06-30T04:19:37.010+0000] {logging_mixin.py:188} INFO - [2024-06-30T04:19:37.009+0000] {dag.py:3096} INFO - Sync 1 DAGs
[2024-06-30T04:19:37.085+0000] {logging_mixin.py:188} INFO - [2024-06-30T04:19:37.069+0000] {dag.py:3954} INFO - Setting next_dagrun for example_sla_dag to 2024-06-30 04:16:00+00:00, run_after=2024-06-30 04:18:00+00:00
[2024-06-30T04:19:37.159+0000] {processor.py:183} INFO - Processing /home/airflow/.local/lib/python3.12/site-packages/airflow/example_dags/example_sla_dag.py took 0.234 seconds
