[2024-06-30T03:50:03.207+0000] {processor.py:161} INFO - Started process (PID=84) to work on /home/airflow/.local/lib/python3.12/site-packages/airflow/example_dags/example_nested_branch_dag.py
[2024-06-30T03:50:03.219+0000] {processor.py:830} INFO - Processing file /home/airflow/.local/lib/python3.12/site-packages/airflow/example_dags/example_nested_branch_dag.py for tasks to queue
[2024-06-30T03:50:03.245+0000] {logging_mixin.py:188} INFO - [2024-06-30T03:50:03.240+0000] {dagbag.py:545} INFO - Filling up the DagBag from /home/airflow/.local/lib/python3.12/site-packages/airflow/example_dags/example_nested_branch_dag.py
[2024-06-30T03:50:03.325+0000] {processor.py:840} INFO - DAG(s) 'example_nested_branch_dag' retrieved from /home/airflow/.local/lib/python3.12/site-packages/airflow/example_dags/example_nested_branch_dag.py
[2024-06-30T03:50:04.986+0000] {logging_mixin.py:188} INFO - [2024-06-30T03:50:04.985+0000] {dag.py:3096} INFO - Sync 1 DAGs
[2024-06-30T03:50:05.274+0000] {logging_mixin.py:188} INFO - [2024-06-30T03:50:05.272+0000] {dag.py:3954} INFO - Setting next_dagrun for example_nested_branch_dag to 2024-06-29 00:00:00+00:00, run_after=2024-06-30 00:00:00+00:00
[2024-06-30T03:50:05.831+0000] {processor.py:183} INFO - Processing /home/airflow/.local/lib/python3.12/site-packages/airflow/example_dags/example_nested_branch_dag.py took 2.683 seconds
[2024-06-30T03:50:36.343+0000] {processor.py:161} INFO - Started process (PID=142) to work on /home/airflow/.local/lib/python3.12/site-packages/airflow/example_dags/example_nested_branch_dag.py
[2024-06-30T03:50:36.346+0000] {processor.py:830} INFO - Processing file /home/airflow/.local/lib/python3.12/site-packages/airflow/example_dags/example_nested_branch_dag.py for tasks to queue
[2024-06-30T03:50:36.351+0000] {logging_mixin.py:188} INFO - [2024-06-30T03:50:36.350+0000] {dagbag.py:545} INFO - Filling up the DagBag from /home/airflow/.local/lib/python3.12/site-packages/airflow/example_dags/example_nested_branch_dag.py
[2024-06-30T03:50:36.374+0000] {processor.py:840} INFO - DAG(s) 'example_nested_branch_dag' retrieved from /home/airflow/.local/lib/python3.12/site-packages/airflow/example_dags/example_nested_branch_dag.py
[2024-06-30T03:50:36.491+0000] {logging_mixin.py:188} INFO - [2024-06-30T03:50:36.490+0000] {dag.py:3096} INFO - Sync 1 DAGs
[2024-06-30T03:50:36.598+0000] {logging_mixin.py:188} INFO - [2024-06-30T03:50:36.597+0000] {dag.py:3954} INFO - Setting next_dagrun for example_nested_branch_dag to 2024-06-29 00:00:00+00:00, run_after=2024-06-30 00:00:00+00:00
[2024-06-30T03:50:36.670+0000] {processor.py:183} INFO - Processing /home/airflow/.local/lib/python3.12/site-packages/airflow/example_dags/example_nested_branch_dag.py took 0.338 seconds
[2024-06-30T03:51:06.820+0000] {processor.py:161} INFO - Started process (PID=199) to work on /home/airflow/.local/lib/python3.12/site-packages/airflow/example_dags/example_nested_branch_dag.py
[2024-06-30T03:51:06.824+0000] {processor.py:830} INFO - Processing file /home/airflow/.local/lib/python3.12/site-packages/airflow/example_dags/example_nested_branch_dag.py for tasks to queue
[2024-06-30T03:51:06.850+0000] {logging_mixin.py:188} INFO - [2024-06-30T03:51:06.847+0000] {dagbag.py:545} INFO - Filling up the DagBag from /home/airflow/.local/lib/python3.12/site-packages/airflow/example_dags/example_nested_branch_dag.py
[2024-06-30T03:51:06.924+0000] {processor.py:840} INFO - DAG(s) 'example_nested_branch_dag' retrieved from /home/airflow/.local/lib/python3.12/site-packages/airflow/example_dags/example_nested_branch_dag.py
[2024-06-30T03:51:07.031+0000] {logging_mixin.py:188} INFO - [2024-06-30T03:51:07.030+0000] {dag.py:3096} INFO - Sync 1 DAGs
[2024-06-30T03:51:07.144+0000] {logging_mixin.py:188} INFO - [2024-06-30T03:51:07.143+0000] {dag.py:3954} INFO - Setting next_dagrun for example_nested_branch_dag to 2024-06-29 00:00:00+00:00, run_after=2024-06-30 00:00:00+00:00
[2024-06-30T03:51:07.309+0000] {processor.py:183} INFO - Processing /home/airflow/.local/lib/python3.12/site-packages/airflow/example_dags/example_nested_branch_dag.py took 0.507 seconds
[2024-06-30T03:51:37.669+0000] {processor.py:161} INFO - Started process (PID=258) to work on /home/airflow/.local/lib/python3.12/site-packages/airflow/example_dags/example_nested_branch_dag.py
[2024-06-30T03:51:37.672+0000] {processor.py:830} INFO - Processing file /home/airflow/.local/lib/python3.12/site-packages/airflow/example_dags/example_nested_branch_dag.py for tasks to queue
[2024-06-30T03:51:37.677+0000] {logging_mixin.py:188} INFO - [2024-06-30T03:51:37.676+0000] {dagbag.py:545} INFO - Filling up the DagBag from /home/airflow/.local/lib/python3.12/site-packages/airflow/example_dags/example_nested_branch_dag.py
[2024-06-30T03:51:37.704+0000] {processor.py:840} INFO - DAG(s) 'example_nested_branch_dag' retrieved from /home/airflow/.local/lib/python3.12/site-packages/airflow/example_dags/example_nested_branch_dag.py
[2024-06-30T03:51:37.769+0000] {logging_mixin.py:188} INFO - [2024-06-30T03:51:37.768+0000] {dag.py:3096} INFO - Sync 1 DAGs
[2024-06-30T03:51:37.878+0000] {logging_mixin.py:188} INFO - [2024-06-30T03:51:37.877+0000] {dag.py:3954} INFO - Setting next_dagrun for example_nested_branch_dag to 2024-06-29 00:00:00+00:00, run_after=2024-06-30 00:00:00+00:00
[2024-06-30T03:51:38.119+0000] {processor.py:183} INFO - Processing /home/airflow/.local/lib/python3.12/site-packages/airflow/example_dags/example_nested_branch_dag.py took 0.467 seconds
[2024-06-30T03:52:08.506+0000] {processor.py:161} INFO - Started process (PID=317) to work on /home/airflow/.local/lib/python3.12/site-packages/airflow/example_dags/example_nested_branch_dag.py
[2024-06-30T03:52:08.508+0000] {processor.py:830} INFO - Processing file /home/airflow/.local/lib/python3.12/site-packages/airflow/example_dags/example_nested_branch_dag.py for tasks to queue
[2024-06-30T03:52:08.514+0000] {logging_mixin.py:188} INFO - [2024-06-30T03:52:08.513+0000] {dagbag.py:545} INFO - Filling up the DagBag from /home/airflow/.local/lib/python3.12/site-packages/airflow/example_dags/example_nested_branch_dag.py
[2024-06-30T03:52:08.543+0000] {processor.py:840} INFO - DAG(s) 'example_nested_branch_dag' retrieved from /home/airflow/.local/lib/python3.12/site-packages/airflow/example_dags/example_nested_branch_dag.py
[2024-06-30T03:52:08.657+0000] {logging_mixin.py:188} INFO - [2024-06-30T03:52:08.656+0000] {dag.py:3096} INFO - Sync 1 DAGs
[2024-06-30T03:52:08.754+0000] {logging_mixin.py:188} INFO - [2024-06-30T03:52:08.753+0000] {dag.py:3954} INFO - Setting next_dagrun for example_nested_branch_dag to 2024-06-29 00:00:00+00:00, run_after=2024-06-30 00:00:00+00:00
[2024-06-30T03:52:08.874+0000] {processor.py:183} INFO - Processing /home/airflow/.local/lib/python3.12/site-packages/airflow/example_dags/example_nested_branch_dag.py took 0.382 seconds
[2024-06-30T03:52:39.334+0000] {processor.py:161} INFO - Started process (PID=376) to work on /home/airflow/.local/lib/python3.12/site-packages/airflow/example_dags/example_nested_branch_dag.py
[2024-06-30T03:52:39.338+0000] {processor.py:830} INFO - Processing file /home/airflow/.local/lib/python3.12/site-packages/airflow/example_dags/example_nested_branch_dag.py for tasks to queue
[2024-06-30T03:52:39.345+0000] {logging_mixin.py:188} INFO - [2024-06-30T03:52:39.343+0000] {dagbag.py:545} INFO - Filling up the DagBag from /home/airflow/.local/lib/python3.12/site-packages/airflow/example_dags/example_nested_branch_dag.py
[2024-06-30T03:52:39.392+0000] {processor.py:840} INFO - DAG(s) 'example_nested_branch_dag' retrieved from /home/airflow/.local/lib/python3.12/site-packages/airflow/example_dags/example_nested_branch_dag.py
[2024-06-30T03:52:39.475+0000] {logging_mixin.py:188} INFO - [2024-06-30T03:52:39.475+0000] {dag.py:3096} INFO - Sync 1 DAGs
[2024-06-30T03:52:39.544+0000] {logging_mixin.py:188} INFO - [2024-06-30T03:52:39.543+0000] {dag.py:3954} INFO - Setting next_dagrun for example_nested_branch_dag to 2024-06-29 00:00:00+00:00, run_after=2024-06-30 00:00:00+00:00
[2024-06-30T03:52:39.588+0000] {processor.py:183} INFO - Processing /home/airflow/.local/lib/python3.12/site-packages/airflow/example_dags/example_nested_branch_dag.py took 0.272 seconds
[2024-06-30T03:53:09.966+0000] {processor.py:161} INFO - Started process (PID=434) to work on /home/airflow/.local/lib/python3.12/site-packages/airflow/example_dags/example_nested_branch_dag.py
[2024-06-30T03:53:09.969+0000] {processor.py:830} INFO - Processing file /home/airflow/.local/lib/python3.12/site-packages/airflow/example_dags/example_nested_branch_dag.py for tasks to queue
[2024-06-30T03:53:09.975+0000] {logging_mixin.py:188} INFO - [2024-06-30T03:53:09.973+0000] {dagbag.py:545} INFO - Filling up the DagBag from /home/airflow/.local/lib/python3.12/site-packages/airflow/example_dags/example_nested_branch_dag.py
[2024-06-30T03:53:10.007+0000] {processor.py:840} INFO - DAG(s) 'example_nested_branch_dag' retrieved from /home/airflow/.local/lib/python3.12/site-packages/airflow/example_dags/example_nested_branch_dag.py
[2024-06-30T03:53:10.104+0000] {logging_mixin.py:188} INFO - [2024-06-30T03:53:10.102+0000] {dag.py:3096} INFO - Sync 1 DAGs
[2024-06-30T03:53:10.246+0000] {logging_mixin.py:188} INFO - [2024-06-30T03:53:10.246+0000] {dag.py:3954} INFO - Setting next_dagrun for example_nested_branch_dag to 2024-06-29 00:00:00+00:00, run_after=2024-06-30 00:00:00+00:00
[2024-06-30T03:53:10.331+0000] {processor.py:183} INFO - Processing /home/airflow/.local/lib/python3.12/site-packages/airflow/example_dags/example_nested_branch_dag.py took 0.379 seconds
[2024-06-30T03:53:41.018+0000] {processor.py:161} INFO - Started process (PID=492) to work on /home/airflow/.local/lib/python3.12/site-packages/airflow/example_dags/example_nested_branch_dag.py
[2024-06-30T03:53:41.028+0000] {processor.py:830} INFO - Processing file /home/airflow/.local/lib/python3.12/site-packages/airflow/example_dags/example_nested_branch_dag.py for tasks to queue
[2024-06-30T03:53:41.044+0000] {logging_mixin.py:188} INFO - [2024-06-30T03:53:41.043+0000] {dagbag.py:545} INFO - Filling up the DagBag from /home/airflow/.local/lib/python3.12/site-packages/airflow/example_dags/example_nested_branch_dag.py
[2024-06-30T03:53:41.104+0000] {processor.py:840} INFO - DAG(s) 'example_nested_branch_dag' retrieved from /home/airflow/.local/lib/python3.12/site-packages/airflow/example_dags/example_nested_branch_dag.py
[2024-06-30T03:53:41.196+0000] {logging_mixin.py:188} INFO - [2024-06-30T03:53:41.195+0000] {dag.py:3096} INFO - Sync 1 DAGs
[2024-06-30T03:53:41.296+0000] {logging_mixin.py:188} INFO - [2024-06-30T03:53:41.295+0000] {dag.py:3954} INFO - Setting next_dagrun for example_nested_branch_dag to 2024-06-29 00:00:00+00:00, run_after=2024-06-30 00:00:00+00:00
[2024-06-30T03:53:41.499+0000] {processor.py:183} INFO - Processing /home/airflow/.local/lib/python3.12/site-packages/airflow/example_dags/example_nested_branch_dag.py took 0.529 seconds
[2024-06-30T03:54:12.011+0000] {processor.py:161} INFO - Started process (PID=550) to work on /home/airflow/.local/lib/python3.12/site-packages/airflow/example_dags/example_nested_branch_dag.py
[2024-06-30T03:54:12.020+0000] {processor.py:830} INFO - Processing file /home/airflow/.local/lib/python3.12/site-packages/airflow/example_dags/example_nested_branch_dag.py for tasks to queue
[2024-06-30T03:54:12.026+0000] {logging_mixin.py:188} INFO - [2024-06-30T03:54:12.026+0000] {dagbag.py:545} INFO - Filling up the DagBag from /home/airflow/.local/lib/python3.12/site-packages/airflow/example_dags/example_nested_branch_dag.py
[2024-06-30T03:54:12.066+0000] {processor.py:840} INFO - DAG(s) 'example_nested_branch_dag' retrieved from /home/airflow/.local/lib/python3.12/site-packages/airflow/example_dags/example_nested_branch_dag.py
[2024-06-30T03:54:12.134+0000] {logging_mixin.py:188} INFO - [2024-06-30T03:54:12.133+0000] {dag.py:3096} INFO - Sync 1 DAGs
[2024-06-30T03:54:12.219+0000] {logging_mixin.py:188} INFO - [2024-06-30T03:54:12.218+0000] {dag.py:3954} INFO - Setting next_dagrun for example_nested_branch_dag to 2024-06-29 00:00:00+00:00, run_after=2024-06-30 00:00:00+00:00
[2024-06-30T03:54:12.275+0000] {processor.py:183} INFO - Processing /home/airflow/.local/lib/python3.12/site-packages/airflow/example_dags/example_nested_branch_dag.py took 0.281 seconds
[2024-06-30T03:54:42.854+0000] {processor.py:161} INFO - Started process (PID=608) to work on /home/airflow/.local/lib/python3.12/site-packages/airflow/example_dags/example_nested_branch_dag.py
[2024-06-30T03:54:42.871+0000] {processor.py:830} INFO - Processing file /home/airflow/.local/lib/python3.12/site-packages/airflow/example_dags/example_nested_branch_dag.py for tasks to queue
[2024-06-30T03:54:42.894+0000] {logging_mixin.py:188} INFO - [2024-06-30T03:54:42.892+0000] {dagbag.py:545} INFO - Filling up the DagBag from /home/airflow/.local/lib/python3.12/site-packages/airflow/example_dags/example_nested_branch_dag.py
[2024-06-30T03:54:42.973+0000] {processor.py:840} INFO - DAG(s) 'example_nested_branch_dag' retrieved from /home/airflow/.local/lib/python3.12/site-packages/airflow/example_dags/example_nested_branch_dag.py
[2024-06-30T03:54:43.161+0000] {logging_mixin.py:188} INFO - [2024-06-30T03:54:43.160+0000] {dag.py:3096} INFO - Sync 1 DAGs
[2024-06-30T03:54:43.500+0000] {logging_mixin.py:188} INFO - [2024-06-30T03:54:43.487+0000] {dag.py:3954} INFO - Setting next_dagrun for example_nested_branch_dag to 2024-06-29 00:00:00+00:00, run_after=2024-06-30 00:00:00+00:00
[2024-06-30T03:54:43.654+0000] {processor.py:183} INFO - Processing /home/airflow/.local/lib/python3.12/site-packages/airflow/example_dags/example_nested_branch_dag.py took 0.825 seconds
[2024-06-30T03:55:14.031+0000] {processor.py:161} INFO - Started process (PID=665) to work on /home/airflow/.local/lib/python3.12/site-packages/airflow/example_dags/example_nested_branch_dag.py
[2024-06-30T03:55:14.065+0000] {processor.py:830} INFO - Processing file /home/airflow/.local/lib/python3.12/site-packages/airflow/example_dags/example_nested_branch_dag.py for tasks to queue
[2024-06-30T03:55:14.091+0000] {logging_mixin.py:188} INFO - [2024-06-30T03:55:14.090+0000] {dagbag.py:545} INFO - Filling up the DagBag from /home/airflow/.local/lib/python3.12/site-packages/airflow/example_dags/example_nested_branch_dag.py
[2024-06-30T03:55:14.177+0000] {processor.py:840} INFO - DAG(s) 'example_nested_branch_dag' retrieved from /home/airflow/.local/lib/python3.12/site-packages/airflow/example_dags/example_nested_branch_dag.py
[2024-06-30T03:55:14.309+0000] {logging_mixin.py:188} INFO - [2024-06-30T03:55:14.308+0000] {dag.py:3096} INFO - Sync 1 DAGs
[2024-06-30T03:55:14.486+0000] {logging_mixin.py:188} INFO - [2024-06-30T03:55:14.485+0000] {dag.py:3954} INFO - Setting next_dagrun for example_nested_branch_dag to 2024-06-29 00:00:00+00:00, run_after=2024-06-30 00:00:00+00:00
[2024-06-30T03:55:14.639+0000] {processor.py:183} INFO - Processing /home/airflow/.local/lib/python3.12/site-packages/airflow/example_dags/example_nested_branch_dag.py took 0.679 seconds
[2024-06-30T03:56:01.383+0000] {processor.py:161} INFO - Started process (PID=728) to work on /home/airflow/.local/lib/python3.12/site-packages/airflow/example_dags/example_nested_branch_dag.py
[2024-06-30T03:56:01.428+0000] {processor.py:830} INFO - Processing file /home/airflow/.local/lib/python3.12/site-packages/airflow/example_dags/example_nested_branch_dag.py for tasks to queue
[2024-06-30T03:56:01.462+0000] {logging_mixin.py:188} INFO - [2024-06-30T03:56:01.462+0000] {dagbag.py:545} INFO - Filling up the DagBag from /home/airflow/.local/lib/python3.12/site-packages/airflow/example_dags/example_nested_branch_dag.py
[2024-06-30T03:56:01.601+0000] {processor.py:840} INFO - DAG(s) 'example_nested_branch_dag' retrieved from /home/airflow/.local/lib/python3.12/site-packages/airflow/example_dags/example_nested_branch_dag.py
[2024-06-30T03:56:01.740+0000] {logging_mixin.py:188} INFO - [2024-06-30T03:56:01.740+0000] {dag.py:3096} INFO - Sync 1 DAGs
[2024-06-30T03:56:02.027+0000] {logging_mixin.py:188} INFO - [2024-06-30T03:56:02.026+0000] {dag.py:3954} INFO - Setting next_dagrun for example_nested_branch_dag to 2024-06-29 00:00:00+00:00, run_after=2024-06-30 00:00:00+00:00
[2024-06-30T03:56:02.099+0000] {processor.py:183} INFO - Processing /home/airflow/.local/lib/python3.12/site-packages/airflow/example_dags/example_nested_branch_dag.py took 0.798 seconds
[2024-06-30T03:56:32.646+0000] {processor.py:161} INFO - Started process (PID=786) to work on /home/airflow/.local/lib/python3.12/site-packages/airflow/example_dags/example_nested_branch_dag.py
[2024-06-30T03:56:32.665+0000] {processor.py:830} INFO - Processing file /home/airflow/.local/lib/python3.12/site-packages/airflow/example_dags/example_nested_branch_dag.py for tasks to queue
[2024-06-30T03:56:32.684+0000] {logging_mixin.py:188} INFO - [2024-06-30T03:56:32.683+0000] {dagbag.py:545} INFO - Filling up the DagBag from /home/airflow/.local/lib/python3.12/site-packages/airflow/example_dags/example_nested_branch_dag.py
[2024-06-30T03:56:32.880+0000] {processor.py:840} INFO - DAG(s) 'example_nested_branch_dag' retrieved from /home/airflow/.local/lib/python3.12/site-packages/airflow/example_dags/example_nested_branch_dag.py
[2024-06-30T03:56:33.091+0000] {logging_mixin.py:188} INFO - [2024-06-30T03:56:33.066+0000] {dag.py:3096} INFO - Sync 1 DAGs
[2024-06-30T03:56:33.280+0000] {logging_mixin.py:188} INFO - [2024-06-30T03:56:33.280+0000] {dag.py:3954} INFO - Setting next_dagrun for example_nested_branch_dag to 2024-06-29 00:00:00+00:00, run_after=2024-06-30 00:00:00+00:00
[2024-06-30T03:56:33.624+0000] {processor.py:183} INFO - Processing /home/airflow/.local/lib/python3.12/site-packages/airflow/example_dags/example_nested_branch_dag.py took 1.009 seconds
[2024-06-30T03:57:04.089+0000] {processor.py:161} INFO - Started process (PID=844) to work on /home/airflow/.local/lib/python3.12/site-packages/airflow/example_dags/example_nested_branch_dag.py
[2024-06-30T03:57:04.093+0000] {processor.py:830} INFO - Processing file /home/airflow/.local/lib/python3.12/site-packages/airflow/example_dags/example_nested_branch_dag.py for tasks to queue
[2024-06-30T03:57:04.110+0000] {logging_mixin.py:188} INFO - [2024-06-30T03:57:04.109+0000] {dagbag.py:545} INFO - Filling up the DagBag from /home/airflow/.local/lib/python3.12/site-packages/airflow/example_dags/example_nested_branch_dag.py
[2024-06-30T03:57:04.150+0000] {processor.py:840} INFO - DAG(s) 'example_nested_branch_dag' retrieved from /home/airflow/.local/lib/python3.12/site-packages/airflow/example_dags/example_nested_branch_dag.py
[2024-06-30T03:57:04.280+0000] {logging_mixin.py:188} INFO - [2024-06-30T03:57:04.269+0000] {dag.py:3096} INFO - Sync 1 DAGs
[2024-06-30T03:57:04.490+0000] {logging_mixin.py:188} INFO - [2024-06-30T03:57:04.489+0000] {dag.py:3954} INFO - Setting next_dagrun for example_nested_branch_dag to 2024-06-29 00:00:00+00:00, run_after=2024-06-30 00:00:00+00:00
[2024-06-30T03:57:04.712+0000] {processor.py:183} INFO - Processing /home/airflow/.local/lib/python3.12/site-packages/airflow/example_dags/example_nested_branch_dag.py took 0.658 seconds
[2024-06-30T03:57:35.272+0000] {processor.py:161} INFO - Started process (PID=902) to work on /home/airflow/.local/lib/python3.12/site-packages/airflow/example_dags/example_nested_branch_dag.py
[2024-06-30T03:57:35.278+0000] {processor.py:830} INFO - Processing file /home/airflow/.local/lib/python3.12/site-packages/airflow/example_dags/example_nested_branch_dag.py for tasks to queue
[2024-06-30T03:57:35.284+0000] {logging_mixin.py:188} INFO - [2024-06-30T03:57:35.283+0000] {dagbag.py:545} INFO - Filling up the DagBag from /home/airflow/.local/lib/python3.12/site-packages/airflow/example_dags/example_nested_branch_dag.py
[2024-06-30T03:57:35.315+0000] {processor.py:840} INFO - DAG(s) 'example_nested_branch_dag' retrieved from /home/airflow/.local/lib/python3.12/site-packages/airflow/example_dags/example_nested_branch_dag.py
[2024-06-30T03:57:35.370+0000] {logging_mixin.py:188} INFO - [2024-06-30T03:57:35.370+0000] {dag.py:3096} INFO - Sync 1 DAGs
[2024-06-30T03:57:35.438+0000] {logging_mixin.py:188} INFO - [2024-06-30T03:57:35.437+0000] {dag.py:3954} INFO - Setting next_dagrun for example_nested_branch_dag to 2024-06-29 00:00:00+00:00, run_after=2024-06-30 00:00:00+00:00
[2024-06-30T03:57:35.550+0000] {processor.py:183} INFO - Processing /home/airflow/.local/lib/python3.12/site-packages/airflow/example_dags/example_nested_branch_dag.py took 0.295 seconds
[2024-06-30T03:58:05.696+0000] {processor.py:161} INFO - Started process (PID=960) to work on /home/airflow/.local/lib/python3.12/site-packages/airflow/example_dags/example_nested_branch_dag.py
[2024-06-30T03:58:05.698+0000] {processor.py:830} INFO - Processing file /home/airflow/.local/lib/python3.12/site-packages/airflow/example_dags/example_nested_branch_dag.py for tasks to queue
[2024-06-30T03:58:05.702+0000] {logging_mixin.py:188} INFO - [2024-06-30T03:58:05.702+0000] {dagbag.py:545} INFO - Filling up the DagBag from /home/airflow/.local/lib/python3.12/site-packages/airflow/example_dags/example_nested_branch_dag.py
[2024-06-30T03:58:05.726+0000] {processor.py:840} INFO - DAG(s) 'example_nested_branch_dag' retrieved from /home/airflow/.local/lib/python3.12/site-packages/airflow/example_dags/example_nested_branch_dag.py
[2024-06-30T03:58:05.777+0000] {logging_mixin.py:188} INFO - [2024-06-30T03:58:05.777+0000] {dag.py:3096} INFO - Sync 1 DAGs
[2024-06-30T03:58:05.831+0000] {logging_mixin.py:188} INFO - [2024-06-30T03:58:05.830+0000] {dag.py:3954} INFO - Setting next_dagrun for example_nested_branch_dag to 2024-06-29 00:00:00+00:00, run_after=2024-06-30 00:00:00+00:00
[2024-06-30T03:58:05.909+0000] {processor.py:183} INFO - Processing /home/airflow/.local/lib/python3.12/site-packages/airflow/example_dags/example_nested_branch_dag.py took 0.226 seconds
[2024-06-30T03:58:36.223+0000] {processor.py:161} INFO - Started process (PID=1018) to work on /home/airflow/.local/lib/python3.12/site-packages/airflow/example_dags/example_nested_branch_dag.py
[2024-06-30T03:58:36.226+0000] {processor.py:830} INFO - Processing file /home/airflow/.local/lib/python3.12/site-packages/airflow/example_dags/example_nested_branch_dag.py for tasks to queue
[2024-06-30T03:58:36.230+0000] {logging_mixin.py:188} INFO - [2024-06-30T03:58:36.230+0000] {dagbag.py:545} INFO - Filling up the DagBag from /home/airflow/.local/lib/python3.12/site-packages/airflow/example_dags/example_nested_branch_dag.py
[2024-06-30T03:58:36.252+0000] {processor.py:840} INFO - DAG(s) 'example_nested_branch_dag' retrieved from /home/airflow/.local/lib/python3.12/site-packages/airflow/example_dags/example_nested_branch_dag.py
[2024-06-30T03:58:36.303+0000] {logging_mixin.py:188} INFO - [2024-06-30T03:58:36.303+0000] {dag.py:3096} INFO - Sync 1 DAGs
[2024-06-30T03:58:36.359+0000] {logging_mixin.py:188} INFO - [2024-06-30T03:58:36.358+0000] {dag.py:3954} INFO - Setting next_dagrun for example_nested_branch_dag to 2024-06-29 00:00:00+00:00, run_after=2024-06-30 00:00:00+00:00
[2024-06-30T03:58:36.475+0000] {processor.py:183} INFO - Processing /home/airflow/.local/lib/python3.12/site-packages/airflow/example_dags/example_nested_branch_dag.py took 0.270 seconds
[2024-06-30T03:59:06.947+0000] {processor.py:161} INFO - Started process (PID=1076) to work on /home/airflow/.local/lib/python3.12/site-packages/airflow/example_dags/example_nested_branch_dag.py
[2024-06-30T03:59:06.950+0000] {processor.py:830} INFO - Processing file /home/airflow/.local/lib/python3.12/site-packages/airflow/example_dags/example_nested_branch_dag.py for tasks to queue
[2024-06-30T03:59:06.956+0000] {logging_mixin.py:188} INFO - [2024-06-30T03:59:06.955+0000] {dagbag.py:545} INFO - Filling up the DagBag from /home/airflow/.local/lib/python3.12/site-packages/airflow/example_dags/example_nested_branch_dag.py
[2024-06-30T03:59:07.002+0000] {processor.py:840} INFO - DAG(s) 'example_nested_branch_dag' retrieved from /home/airflow/.local/lib/python3.12/site-packages/airflow/example_dags/example_nested_branch_dag.py
[2024-06-30T03:59:07.088+0000] {logging_mixin.py:188} INFO - [2024-06-30T03:59:07.087+0000] {dag.py:3096} INFO - Sync 1 DAGs
[2024-06-30T03:59:07.173+0000] {logging_mixin.py:188} INFO - [2024-06-30T03:59:07.172+0000] {dag.py:3954} INFO - Setting next_dagrun for example_nested_branch_dag to 2024-06-29 00:00:00+00:00, run_after=2024-06-30 00:00:00+00:00
[2024-06-30T03:59:07.264+0000] {processor.py:183} INFO - Processing /home/airflow/.local/lib/python3.12/site-packages/airflow/example_dags/example_nested_branch_dag.py took 0.339 seconds
[2024-06-30T03:59:38.159+0000] {processor.py:161} INFO - Started process (PID=1135) to work on /home/airflow/.local/lib/python3.12/site-packages/airflow/example_dags/example_nested_branch_dag.py
[2024-06-30T03:59:38.166+0000] {processor.py:830} INFO - Processing file /home/airflow/.local/lib/python3.12/site-packages/airflow/example_dags/example_nested_branch_dag.py for tasks to queue
[2024-06-30T03:59:38.177+0000] {logging_mixin.py:188} INFO - [2024-06-30T03:59:38.172+0000] {dagbag.py:545} INFO - Filling up the DagBag from /home/airflow/.local/lib/python3.12/site-packages/airflow/example_dags/example_nested_branch_dag.py
[2024-06-30T03:59:38.214+0000] {processor.py:840} INFO - DAG(s) 'example_nested_branch_dag' retrieved from /home/airflow/.local/lib/python3.12/site-packages/airflow/example_dags/example_nested_branch_dag.py
[2024-06-30T03:59:38.348+0000] {logging_mixin.py:188} INFO - [2024-06-30T03:59:38.347+0000] {dag.py:3096} INFO - Sync 1 DAGs
[2024-06-30T03:59:38.702+0000] {logging_mixin.py:188} INFO - [2024-06-30T03:59:38.701+0000] {dag.py:3954} INFO - Setting next_dagrun for example_nested_branch_dag to 2024-06-29 00:00:00+00:00, run_after=2024-06-30 00:00:00+00:00
[2024-06-30T03:59:38.980+0000] {processor.py:183} INFO - Processing /home/airflow/.local/lib/python3.12/site-packages/airflow/example_dags/example_nested_branch_dag.py took 0.845 seconds
[2024-06-30T04:00:10.341+0000] {processor.py:161} INFO - Started process (PID=1193) to work on /home/airflow/.local/lib/python3.12/site-packages/airflow/example_dags/example_nested_branch_dag.py
[2024-06-30T04:00:10.343+0000] {processor.py:830} INFO - Processing file /home/airflow/.local/lib/python3.12/site-packages/airflow/example_dags/example_nested_branch_dag.py for tasks to queue
[2024-06-30T04:00:10.347+0000] {logging_mixin.py:188} INFO - [2024-06-30T04:00:10.346+0000] {dagbag.py:545} INFO - Filling up the DagBag from /home/airflow/.local/lib/python3.12/site-packages/airflow/example_dags/example_nested_branch_dag.py
[2024-06-30T04:00:10.373+0000] {processor.py:840} INFO - DAG(s) 'example_nested_branch_dag' retrieved from /home/airflow/.local/lib/python3.12/site-packages/airflow/example_dags/example_nested_branch_dag.py
[2024-06-30T04:00:10.446+0000] {logging_mixin.py:188} INFO - [2024-06-30T04:00:10.445+0000] {dag.py:3096} INFO - Sync 1 DAGs
[2024-06-30T04:00:10.586+0000] {logging_mixin.py:188} INFO - [2024-06-30T04:00:10.576+0000] {dag.py:3954} INFO - Setting next_dagrun for example_nested_branch_dag to 2024-06-29 00:00:00+00:00, run_after=2024-06-30 00:00:00+00:00
[2024-06-30T04:00:10.725+0000] {processor.py:183} INFO - Processing /home/airflow/.local/lib/python3.12/site-packages/airflow/example_dags/example_nested_branch_dag.py took 0.397 seconds
[2024-06-30T04:00:41.333+0000] {processor.py:161} INFO - Started process (PID=1251) to work on /home/airflow/.local/lib/python3.12/site-packages/airflow/example_dags/example_nested_branch_dag.py
[2024-06-30T04:00:41.343+0000] {processor.py:830} INFO - Processing file /home/airflow/.local/lib/python3.12/site-packages/airflow/example_dags/example_nested_branch_dag.py for tasks to queue
[2024-06-30T04:00:41.349+0000] {logging_mixin.py:188} INFO - [2024-06-30T04:00:41.349+0000] {dagbag.py:545} INFO - Filling up the DagBag from /home/airflow/.local/lib/python3.12/site-packages/airflow/example_dags/example_nested_branch_dag.py
[2024-06-30T04:00:41.373+0000] {processor.py:840} INFO - DAG(s) 'example_nested_branch_dag' retrieved from /home/airflow/.local/lib/python3.12/site-packages/airflow/example_dags/example_nested_branch_dag.py
[2024-06-30T04:00:41.427+0000] {logging_mixin.py:188} INFO - [2024-06-30T04:00:41.425+0000] {dag.py:3096} INFO - Sync 1 DAGs
[2024-06-30T04:00:41.489+0000] {logging_mixin.py:188} INFO - [2024-06-30T04:00:41.488+0000] {dag.py:3954} INFO - Setting next_dagrun for example_nested_branch_dag to 2024-06-29 00:00:00+00:00, run_after=2024-06-30 00:00:00+00:00
[2024-06-30T04:00:41.554+0000] {processor.py:183} INFO - Processing /home/airflow/.local/lib/python3.12/site-packages/airflow/example_dags/example_nested_branch_dag.py took 0.230 seconds
[2024-06-30T04:01:12.312+0000] {processor.py:161} INFO - Started process (PID=1309) to work on /home/airflow/.local/lib/python3.12/site-packages/airflow/example_dags/example_nested_branch_dag.py
[2024-06-30T04:01:12.324+0000] {processor.py:830} INFO - Processing file /home/airflow/.local/lib/python3.12/site-packages/airflow/example_dags/example_nested_branch_dag.py for tasks to queue
[2024-06-30T04:01:12.328+0000] {logging_mixin.py:188} INFO - [2024-06-30T04:01:12.327+0000] {dagbag.py:545} INFO - Filling up the DagBag from /home/airflow/.local/lib/python3.12/site-packages/airflow/example_dags/example_nested_branch_dag.py
[2024-06-30T04:01:12.371+0000] {processor.py:840} INFO - DAG(s) 'example_nested_branch_dag' retrieved from /home/airflow/.local/lib/python3.12/site-packages/airflow/example_dags/example_nested_branch_dag.py
[2024-06-30T04:01:12.512+0000] {logging_mixin.py:188} INFO - [2024-06-30T04:01:12.511+0000] {dag.py:3096} INFO - Sync 1 DAGs
[2024-06-30T04:01:12.691+0000] {logging_mixin.py:188} INFO - [2024-06-30T04:01:12.689+0000] {dag.py:3954} INFO - Setting next_dagrun for example_nested_branch_dag to 2024-06-29 00:00:00+00:00, run_after=2024-06-30 00:00:00+00:00
[2024-06-30T04:01:12.823+0000] {processor.py:183} INFO - Processing /home/airflow/.local/lib/python3.12/site-packages/airflow/example_dags/example_nested_branch_dag.py took 0.529 seconds
[2024-06-30T04:01:44.401+0000] {processor.py:161} INFO - Started process (PID=1367) to work on /home/airflow/.local/lib/python3.12/site-packages/airflow/example_dags/example_nested_branch_dag.py
[2024-06-30T04:01:44.418+0000] {processor.py:830} INFO - Processing file /home/airflow/.local/lib/python3.12/site-packages/airflow/example_dags/example_nested_branch_dag.py for tasks to queue
[2024-06-30T04:01:44.428+0000] {logging_mixin.py:188} INFO - [2024-06-30T04:01:44.424+0000] {dagbag.py:545} INFO - Filling up the DagBag from /home/airflow/.local/lib/python3.12/site-packages/airflow/example_dags/example_nested_branch_dag.py
[2024-06-30T04:01:44.512+0000] {processor.py:840} INFO - DAG(s) 'example_nested_branch_dag' retrieved from /home/airflow/.local/lib/python3.12/site-packages/airflow/example_dags/example_nested_branch_dag.py
[2024-06-30T04:01:44.612+0000] {logging_mixin.py:188} INFO - [2024-06-30T04:01:44.609+0000] {dag.py:3096} INFO - Sync 1 DAGs
[2024-06-30T04:01:44.705+0000] {logging_mixin.py:188} INFO - [2024-06-30T04:01:44.704+0000] {dag.py:3954} INFO - Setting next_dagrun for example_nested_branch_dag to 2024-06-29 00:00:00+00:00, run_after=2024-06-30 00:00:00+00:00
[2024-06-30T04:01:44.814+0000] {processor.py:183} INFO - Processing /home/airflow/.local/lib/python3.12/site-packages/airflow/example_dags/example_nested_branch_dag.py took 0.434 seconds
[2024-06-30T04:02:15.637+0000] {processor.py:161} INFO - Started process (PID=1425) to work on /home/airflow/.local/lib/python3.12/site-packages/airflow/example_dags/example_nested_branch_dag.py
[2024-06-30T04:02:15.639+0000] {processor.py:830} INFO - Processing file /home/airflow/.local/lib/python3.12/site-packages/airflow/example_dags/example_nested_branch_dag.py for tasks to queue
[2024-06-30T04:02:15.651+0000] {logging_mixin.py:188} INFO - [2024-06-30T04:02:15.650+0000] {dagbag.py:545} INFO - Filling up the DagBag from /home/airflow/.local/lib/python3.12/site-packages/airflow/example_dags/example_nested_branch_dag.py
[2024-06-30T04:02:15.701+0000] {processor.py:840} INFO - DAG(s) 'example_nested_branch_dag' retrieved from /home/airflow/.local/lib/python3.12/site-packages/airflow/example_dags/example_nested_branch_dag.py
[2024-06-30T04:02:15.840+0000] {logging_mixin.py:188} INFO - [2024-06-30T04:02:15.839+0000] {dag.py:3096} INFO - Sync 1 DAGs
[2024-06-30T04:02:15.969+0000] {logging_mixin.py:188} INFO - [2024-06-30T04:02:15.969+0000] {dag.py:3954} INFO - Setting next_dagrun for example_nested_branch_dag to 2024-06-29 00:00:00+00:00, run_after=2024-06-30 00:00:00+00:00
[2024-06-30T04:02:16.056+0000] {processor.py:183} INFO - Processing /home/airflow/.local/lib/python3.12/site-packages/airflow/example_dags/example_nested_branch_dag.py took 0.439 seconds
[2024-06-30T04:02:46.221+0000] {processor.py:161} INFO - Started process (PID=1483) to work on /home/airflow/.local/lib/python3.12/site-packages/airflow/example_dags/example_nested_branch_dag.py
[2024-06-30T04:02:46.223+0000] {processor.py:830} INFO - Processing file /home/airflow/.local/lib/python3.12/site-packages/airflow/example_dags/example_nested_branch_dag.py for tasks to queue
[2024-06-30T04:02:46.227+0000] {logging_mixin.py:188} INFO - [2024-06-30T04:02:46.226+0000] {dagbag.py:545} INFO - Filling up the DagBag from /home/airflow/.local/lib/python3.12/site-packages/airflow/example_dags/example_nested_branch_dag.py
[2024-06-30T04:02:46.259+0000] {processor.py:840} INFO - DAG(s) 'example_nested_branch_dag' retrieved from /home/airflow/.local/lib/python3.12/site-packages/airflow/example_dags/example_nested_branch_dag.py
[2024-06-30T04:02:46.310+0000] {logging_mixin.py:188} INFO - [2024-06-30T04:02:46.309+0000] {dag.py:3096} INFO - Sync 1 DAGs
[2024-06-30T04:02:46.393+0000] {logging_mixin.py:188} INFO - [2024-06-30T04:02:46.392+0000] {dag.py:3954} INFO - Setting next_dagrun for example_nested_branch_dag to 2024-06-29 00:00:00+00:00, run_after=2024-06-30 00:00:00+00:00
[2024-06-30T04:02:46.447+0000] {processor.py:183} INFO - Processing /home/airflow/.local/lib/python3.12/site-packages/airflow/example_dags/example_nested_branch_dag.py took 0.240 seconds
[2024-06-30T04:03:18.916+0000] {processor.py:161} INFO - Started process (PID=1541) to work on /home/airflow/.local/lib/python3.12/site-packages/airflow/example_dags/example_nested_branch_dag.py
[2024-06-30T04:03:18.921+0000] {processor.py:830} INFO - Processing file /home/airflow/.local/lib/python3.12/site-packages/airflow/example_dags/example_nested_branch_dag.py for tasks to queue
[2024-06-30T04:03:18.925+0000] {logging_mixin.py:188} INFO - [2024-06-30T04:03:18.924+0000] {dagbag.py:545} INFO - Filling up the DagBag from /home/airflow/.local/lib/python3.12/site-packages/airflow/example_dags/example_nested_branch_dag.py
[2024-06-30T04:03:18.960+0000] {processor.py:840} INFO - DAG(s) 'example_nested_branch_dag' retrieved from /home/airflow/.local/lib/python3.12/site-packages/airflow/example_dags/example_nested_branch_dag.py
[2024-06-30T04:03:19.044+0000] {logging_mixin.py:188} INFO - [2024-06-30T04:03:19.043+0000] {dag.py:3096} INFO - Sync 1 DAGs
[2024-06-30T04:03:19.151+0000] {logging_mixin.py:188} INFO - [2024-06-30T04:03:19.151+0000] {dag.py:3954} INFO - Setting next_dagrun for example_nested_branch_dag to 2024-06-29 00:00:00+00:00, run_after=2024-06-30 00:00:00+00:00
[2024-06-30T04:03:19.237+0000] {processor.py:183} INFO - Processing /home/airflow/.local/lib/python3.12/site-packages/airflow/example_dags/example_nested_branch_dag.py took 0.332 seconds
[2024-06-30T04:03:52.336+0000] {processor.py:161} INFO - Started process (PID=1601) to work on /home/airflow/.local/lib/python3.12/site-packages/airflow/example_dags/example_nested_branch_dag.py
[2024-06-30T04:03:52.343+0000] {processor.py:830} INFO - Processing file /home/airflow/.local/lib/python3.12/site-packages/airflow/example_dags/example_nested_branch_dag.py for tasks to queue
[2024-06-30T04:03:52.346+0000] {logging_mixin.py:188} INFO - [2024-06-30T04:03:52.346+0000] {dagbag.py:545} INFO - Filling up the DagBag from /home/airflow/.local/lib/python3.12/site-packages/airflow/example_dags/example_nested_branch_dag.py
[2024-06-30T04:03:52.376+0000] {processor.py:840} INFO - DAG(s) 'example_nested_branch_dag' retrieved from /home/airflow/.local/lib/python3.12/site-packages/airflow/example_dags/example_nested_branch_dag.py
[2024-06-30T04:03:52.517+0000] {logging_mixin.py:188} INFO - [2024-06-30T04:03:52.513+0000] {dag.py:3096} INFO - Sync 1 DAGs
[2024-06-30T04:03:52.635+0000] {logging_mixin.py:188} INFO - [2024-06-30T04:03:52.634+0000] {dag.py:3954} INFO - Setting next_dagrun for example_nested_branch_dag to 2024-06-29 00:00:00+00:00, run_after=2024-06-30 00:00:00+00:00
[2024-06-30T04:03:52.761+0000] {processor.py:183} INFO - Processing /home/airflow/.local/lib/python3.12/site-packages/airflow/example_dags/example_nested_branch_dag.py took 0.441 seconds
[2024-06-30T04:04:25.746+0000] {processor.py:161} INFO - Started process (PID=1659) to work on /home/airflow/.local/lib/python3.12/site-packages/airflow/example_dags/example_nested_branch_dag.py
[2024-06-30T04:04:25.760+0000] {processor.py:830} INFO - Processing file /home/airflow/.local/lib/python3.12/site-packages/airflow/example_dags/example_nested_branch_dag.py for tasks to queue
[2024-06-30T04:04:25.777+0000] {logging_mixin.py:188} INFO - [2024-06-30T04:04:25.776+0000] {dagbag.py:545} INFO - Filling up the DagBag from /home/airflow/.local/lib/python3.12/site-packages/airflow/example_dags/example_nested_branch_dag.py
[2024-06-30T04:04:25.836+0000] {processor.py:840} INFO - DAG(s) 'example_nested_branch_dag' retrieved from /home/airflow/.local/lib/python3.12/site-packages/airflow/example_dags/example_nested_branch_dag.py
[2024-06-30T04:04:26.108+0000] {logging_mixin.py:188} INFO - [2024-06-30T04:04:26.107+0000] {dag.py:3096} INFO - Sync 1 DAGs
[2024-06-30T04:04:26.192+0000] {logging_mixin.py:188} INFO - [2024-06-30T04:04:26.192+0000] {dag.py:3954} INFO - Setting next_dagrun for example_nested_branch_dag to 2024-06-29 00:00:00+00:00, run_after=2024-06-30 00:00:00+00:00
[2024-06-30T04:04:26.318+0000] {processor.py:183} INFO - Processing /home/airflow/.local/lib/python3.12/site-packages/airflow/example_dags/example_nested_branch_dag.py took 0.593 seconds
[2024-06-30T04:05:01.534+0000] {processor.py:161} INFO - Started process (PID=1723) to work on /home/airflow/.local/lib/python3.12/site-packages/airflow/example_dags/example_nested_branch_dag.py
[2024-06-30T04:05:01.539+0000] {processor.py:830} INFO - Processing file /home/airflow/.local/lib/python3.12/site-packages/airflow/example_dags/example_nested_branch_dag.py for tasks to queue
[2024-06-30T04:05:01.544+0000] {logging_mixin.py:188} INFO - [2024-06-30T04:05:01.543+0000] {dagbag.py:545} INFO - Filling up the DagBag from /home/airflow/.local/lib/python3.12/site-packages/airflow/example_dags/example_nested_branch_dag.py
[2024-06-30T04:05:01.569+0000] {processor.py:840} INFO - DAG(s) 'example_nested_branch_dag' retrieved from /home/airflow/.local/lib/python3.12/site-packages/airflow/example_dags/example_nested_branch_dag.py
[2024-06-30T04:05:01.638+0000] {logging_mixin.py:188} INFO - [2024-06-30T04:05:01.637+0000] {dag.py:3096} INFO - Sync 1 DAGs
[2024-06-30T04:05:01.713+0000] {logging_mixin.py:188} INFO - [2024-06-30T04:05:01.712+0000] {dag.py:3954} INFO - Setting next_dagrun for example_nested_branch_dag to 2024-06-29 00:00:00+00:00, run_after=2024-06-30 00:00:00+00:00
[2024-06-30T04:05:01.882+0000] {processor.py:183} INFO - Processing /home/airflow/.local/lib/python3.12/site-packages/airflow/example_dags/example_nested_branch_dag.py took 0.367 seconds
[2024-06-30T04:05:32.123+0000] {processor.py:161} INFO - Started process (PID=1779) to work on /home/airflow/.local/lib/python3.12/site-packages/airflow/example_dags/example_nested_branch_dag.py
[2024-06-30T04:05:32.126+0000] {processor.py:830} INFO - Processing file /home/airflow/.local/lib/python3.12/site-packages/airflow/example_dags/example_nested_branch_dag.py for tasks to queue
[2024-06-30T04:05:32.129+0000] {logging_mixin.py:188} INFO - [2024-06-30T04:05:32.129+0000] {dagbag.py:545} INFO - Filling up the DagBag from /home/airflow/.local/lib/python3.12/site-packages/airflow/example_dags/example_nested_branch_dag.py
[2024-06-30T04:05:32.146+0000] {processor.py:840} INFO - DAG(s) 'example_nested_branch_dag' retrieved from /home/airflow/.local/lib/python3.12/site-packages/airflow/example_dags/example_nested_branch_dag.py
[2024-06-30T04:05:32.195+0000] {logging_mixin.py:188} INFO - [2024-06-30T04:05:32.194+0000] {dag.py:3096} INFO - Sync 1 DAGs
[2024-06-30T04:05:32.247+0000] {logging_mixin.py:188} INFO - [2024-06-30T04:05:32.247+0000] {dag.py:3954} INFO - Setting next_dagrun for example_nested_branch_dag to 2024-06-29 00:00:00+00:00, run_after=2024-06-30 00:00:00+00:00
[2024-06-30T04:05:32.664+0000] {processor.py:183} INFO - Processing /home/airflow/.local/lib/python3.12/site-packages/airflow/example_dags/example_nested_branch_dag.py took 0.553 seconds
[2024-06-30T04:06:03.306+0000] {processor.py:161} INFO - Started process (PID=1837) to work on /home/airflow/.local/lib/python3.12/site-packages/airflow/example_dags/example_nested_branch_dag.py
[2024-06-30T04:06:03.312+0000] {processor.py:830} INFO - Processing file /home/airflow/.local/lib/python3.12/site-packages/airflow/example_dags/example_nested_branch_dag.py for tasks to queue
[2024-06-30T04:06:03.317+0000] {logging_mixin.py:188} INFO - [2024-06-30T04:06:03.316+0000] {dagbag.py:545} INFO - Filling up the DagBag from /home/airflow/.local/lib/python3.12/site-packages/airflow/example_dags/example_nested_branch_dag.py
[2024-06-30T04:06:03.342+0000] {processor.py:840} INFO - DAG(s) 'example_nested_branch_dag' retrieved from /home/airflow/.local/lib/python3.12/site-packages/airflow/example_dags/example_nested_branch_dag.py
[2024-06-30T04:06:03.393+0000] {logging_mixin.py:188} INFO - [2024-06-30T04:06:03.392+0000] {dag.py:3096} INFO - Sync 1 DAGs
[2024-06-30T04:06:03.446+0000] {logging_mixin.py:188} INFO - [2024-06-30T04:06:03.446+0000] {dag.py:3954} INFO - Setting next_dagrun for example_nested_branch_dag to 2024-06-29 00:00:00+00:00, run_after=2024-06-30 00:00:00+00:00
[2024-06-30T04:06:03.545+0000] {processor.py:183} INFO - Processing /home/airflow/.local/lib/python3.12/site-packages/airflow/example_dags/example_nested_branch_dag.py took 0.261 seconds
[2024-06-30T04:06:33.892+0000] {processor.py:161} INFO - Started process (PID=1895) to work on /home/airflow/.local/lib/python3.12/site-packages/airflow/example_dags/example_nested_branch_dag.py
[2024-06-30T04:06:33.898+0000] {processor.py:830} INFO - Processing file /home/airflow/.local/lib/python3.12/site-packages/airflow/example_dags/example_nested_branch_dag.py for tasks to queue
[2024-06-30T04:06:33.901+0000] {logging_mixin.py:188} INFO - [2024-06-30T04:06:33.901+0000] {dagbag.py:545} INFO - Filling up the DagBag from /home/airflow/.local/lib/python3.12/site-packages/airflow/example_dags/example_nested_branch_dag.py
[2024-06-30T04:06:33.932+0000] {processor.py:840} INFO - DAG(s) 'example_nested_branch_dag' retrieved from /home/airflow/.local/lib/python3.12/site-packages/airflow/example_dags/example_nested_branch_dag.py
[2024-06-30T04:06:34.009+0000] {logging_mixin.py:188} INFO - [2024-06-30T04:06:34.008+0000] {dag.py:3096} INFO - Sync 1 DAGs
[2024-06-30T04:06:34.158+0000] {logging_mixin.py:188} INFO - [2024-06-30T04:06:34.157+0000] {dag.py:3954} INFO - Setting next_dagrun for example_nested_branch_dag to 2024-06-29 00:00:00+00:00, run_after=2024-06-30 00:00:00+00:00
[2024-06-30T04:06:34.378+0000] {processor.py:183} INFO - Processing /home/airflow/.local/lib/python3.12/site-packages/airflow/example_dags/example_nested_branch_dag.py took 0.505 seconds
[2024-06-30T04:07:04.556+0000] {processor.py:161} INFO - Started process (PID=1954) to work on /home/airflow/.local/lib/python3.12/site-packages/airflow/example_dags/example_nested_branch_dag.py
[2024-06-30T04:07:04.557+0000] {processor.py:830} INFO - Processing file /home/airflow/.local/lib/python3.12/site-packages/airflow/example_dags/example_nested_branch_dag.py for tasks to queue
[2024-06-30T04:07:04.560+0000] {logging_mixin.py:188} INFO - [2024-06-30T04:07:04.559+0000] {dagbag.py:545} INFO - Filling up the DagBag from /home/airflow/.local/lib/python3.12/site-packages/airflow/example_dags/example_nested_branch_dag.py
[2024-06-30T04:07:04.580+0000] {processor.py:840} INFO - DAG(s) 'example_nested_branch_dag' retrieved from /home/airflow/.local/lib/python3.12/site-packages/airflow/example_dags/example_nested_branch_dag.py
[2024-06-30T04:07:04.634+0000] {logging_mixin.py:188} INFO - [2024-06-30T04:07:04.634+0000] {dag.py:3096} INFO - Sync 1 DAGs
[2024-06-30T04:07:04.689+0000] {logging_mixin.py:188} INFO - [2024-06-30T04:07:04.688+0000] {dag.py:3954} INFO - Setting next_dagrun for example_nested_branch_dag to 2024-06-29 00:00:00+00:00, run_after=2024-06-30 00:00:00+00:00
[2024-06-30T04:07:04.748+0000] {processor.py:183} INFO - Processing /home/airflow/.local/lib/python3.12/site-packages/airflow/example_dags/example_nested_branch_dag.py took 0.206 seconds
[2024-06-30T04:07:36.366+0000] {processor.py:161} INFO - Started process (PID=2018) to work on /home/airflow/.local/lib/python3.12/site-packages/airflow/example_dags/example_nested_branch_dag.py
[2024-06-30T04:07:36.377+0000] {processor.py:830} INFO - Processing file /home/airflow/.local/lib/python3.12/site-packages/airflow/example_dags/example_nested_branch_dag.py for tasks to queue
[2024-06-30T04:07:36.381+0000] {logging_mixin.py:188} INFO - [2024-06-30T04:07:36.380+0000] {dagbag.py:545} INFO - Filling up the DagBag from /home/airflow/.local/lib/python3.12/site-packages/airflow/example_dags/example_nested_branch_dag.py
[2024-06-30T04:07:36.455+0000] {processor.py:840} INFO - DAG(s) 'example_nested_branch_dag' retrieved from /home/airflow/.local/lib/python3.12/site-packages/airflow/example_dags/example_nested_branch_dag.py
[2024-06-30T04:07:36.600+0000] {logging_mixin.py:188} INFO - [2024-06-30T04:07:36.599+0000] {dag.py:3096} INFO - Sync 1 DAGs
[2024-06-30T04:07:36.842+0000] {logging_mixin.py:188} INFO - [2024-06-30T04:07:36.841+0000] {dag.py:3954} INFO - Setting next_dagrun for example_nested_branch_dag to 2024-06-29 00:00:00+00:00, run_after=2024-06-30 00:00:00+00:00
[2024-06-30T04:07:37.040+0000] {processor.py:183} INFO - Processing /home/airflow/.local/lib/python3.12/site-packages/airflow/example_dags/example_nested_branch_dag.py took 0.711 seconds
[2024-06-30T04:08:07.332+0000] {processor.py:161} INFO - Started process (PID=2074) to work on /home/airflow/.local/lib/python3.12/site-packages/airflow/example_dags/example_nested_branch_dag.py
[2024-06-30T04:08:07.334+0000] {processor.py:830} INFO - Processing file /home/airflow/.local/lib/python3.12/site-packages/airflow/example_dags/example_nested_branch_dag.py for tasks to queue
[2024-06-30T04:08:07.339+0000] {logging_mixin.py:188} INFO - [2024-06-30T04:08:07.337+0000] {dagbag.py:545} INFO - Filling up the DagBag from /home/airflow/.local/lib/python3.12/site-packages/airflow/example_dags/example_nested_branch_dag.py
[2024-06-30T04:08:07.360+0000] {processor.py:840} INFO - DAG(s) 'example_nested_branch_dag' retrieved from /home/airflow/.local/lib/python3.12/site-packages/airflow/example_dags/example_nested_branch_dag.py
[2024-06-30T04:08:07.419+0000] {logging_mixin.py:188} INFO - [2024-06-30T04:08:07.418+0000] {dag.py:3096} INFO - Sync 1 DAGs
[2024-06-30T04:08:07.472+0000] {logging_mixin.py:188} INFO - [2024-06-30T04:08:07.471+0000] {dag.py:3954} INFO - Setting next_dagrun for example_nested_branch_dag to 2024-06-29 00:00:00+00:00, run_after=2024-06-30 00:00:00+00:00
[2024-06-30T04:08:07.581+0000] {processor.py:183} INFO - Processing /home/airflow/.local/lib/python3.12/site-packages/airflow/example_dags/example_nested_branch_dag.py took 0.261 seconds
[2024-06-30T04:08:41.145+0000] {processor.py:161} INFO - Started process (PID=2134) to work on /home/airflow/.local/lib/python3.12/site-packages/airflow/example_dags/example_nested_branch_dag.py
[2024-06-30T04:08:41.252+0000] {processor.py:830} INFO - Processing file /home/airflow/.local/lib/python3.12/site-packages/airflow/example_dags/example_nested_branch_dag.py for tasks to queue
[2024-06-30T04:08:41.348+0000] {logging_mixin.py:188} INFO - [2024-06-30T04:08:41.347+0000] {dagbag.py:545} INFO - Filling up the DagBag from /home/airflow/.local/lib/python3.12/site-packages/airflow/example_dags/example_nested_branch_dag.py
[2024-06-30T04:08:41.430+0000] {processor.py:840} INFO - DAG(s) 'example_nested_branch_dag' retrieved from /home/airflow/.local/lib/python3.12/site-packages/airflow/example_dags/example_nested_branch_dag.py
[2024-06-30T04:08:41.754+0000] {logging_mixin.py:188} INFO - [2024-06-30T04:08:41.753+0000] {dag.py:3096} INFO - Sync 1 DAGs
[2024-06-30T04:08:41.979+0000] {logging_mixin.py:188} INFO - [2024-06-30T04:08:41.978+0000] {dag.py:3954} INFO - Setting next_dagrun for example_nested_branch_dag to 2024-06-29 00:00:00+00:00, run_after=2024-06-30 00:00:00+00:00
[2024-06-30T04:08:42.221+0000] {processor.py:183} INFO - Processing /home/airflow/.local/lib/python3.12/site-packages/airflow/example_dags/example_nested_branch_dag.py took 1.100 seconds
[2024-06-30T04:09:12.561+0000] {processor.py:161} INFO - Started process (PID=2192) to work on /home/airflow/.local/lib/python3.12/site-packages/airflow/example_dags/example_nested_branch_dag.py
[2024-06-30T04:09:12.574+0000] {processor.py:830} INFO - Processing file /home/airflow/.local/lib/python3.12/site-packages/airflow/example_dags/example_nested_branch_dag.py for tasks to queue
[2024-06-30T04:09:12.589+0000] {logging_mixin.py:188} INFO - [2024-06-30T04:09:12.585+0000] {dagbag.py:545} INFO - Filling up the DagBag from /home/airflow/.local/lib/python3.12/site-packages/airflow/example_dags/example_nested_branch_dag.py
[2024-06-30T04:09:12.675+0000] {processor.py:840} INFO - DAG(s) 'example_nested_branch_dag' retrieved from /home/airflow/.local/lib/python3.12/site-packages/airflow/example_dags/example_nested_branch_dag.py
[2024-06-30T04:09:12.818+0000] {logging_mixin.py:188} INFO - [2024-06-30T04:09:12.817+0000] {dag.py:3096} INFO - Sync 1 DAGs
[2024-06-30T04:09:12.981+0000] {logging_mixin.py:188} INFO - [2024-06-30T04:09:12.981+0000] {dag.py:3954} INFO - Setting next_dagrun for example_nested_branch_dag to 2024-06-29 00:00:00+00:00, run_after=2024-06-30 00:00:00+00:00
[2024-06-30T04:09:13.156+0000] {processor.py:183} INFO - Processing /home/airflow/.local/lib/python3.12/site-packages/airflow/example_dags/example_nested_branch_dag.py took 0.604 seconds
[2024-06-30T04:09:43.887+0000] {processor.py:161} INFO - Started process (PID=2251) to work on /home/airflow/.local/lib/python3.12/site-packages/airflow/example_dags/example_nested_branch_dag.py
[2024-06-30T04:09:43.888+0000] {processor.py:830} INFO - Processing file /home/airflow/.local/lib/python3.12/site-packages/airflow/example_dags/example_nested_branch_dag.py for tasks to queue
[2024-06-30T04:09:43.892+0000] {logging_mixin.py:188} INFO - [2024-06-30T04:09:43.891+0000] {dagbag.py:545} INFO - Filling up the DagBag from /home/airflow/.local/lib/python3.12/site-packages/airflow/example_dags/example_nested_branch_dag.py
[2024-06-30T04:09:43.912+0000] {processor.py:840} INFO - DAG(s) 'example_nested_branch_dag' retrieved from /home/airflow/.local/lib/python3.12/site-packages/airflow/example_dags/example_nested_branch_dag.py
[2024-06-30T04:09:43.953+0000] {logging_mixin.py:188} INFO - [2024-06-30T04:09:43.953+0000] {dag.py:3096} INFO - Sync 1 DAGs
[2024-06-30T04:09:44.024+0000] {logging_mixin.py:188} INFO - [2024-06-30T04:09:44.023+0000] {dag.py:3954} INFO - Setting next_dagrun for example_nested_branch_dag to 2024-06-29 00:00:00+00:00, run_after=2024-06-30 00:00:00+00:00
[2024-06-30T04:09:44.072+0000] {processor.py:183} INFO - Processing /home/airflow/.local/lib/python3.12/site-packages/airflow/example_dags/example_nested_branch_dag.py took 0.198 seconds
[2024-06-30T04:10:14.707+0000] {processor.py:161} INFO - Started process (PID=2309) to work on /home/airflow/.local/lib/python3.12/site-packages/airflow/example_dags/example_nested_branch_dag.py
[2024-06-30T04:10:14.708+0000] {processor.py:830} INFO - Processing file /home/airflow/.local/lib/python3.12/site-packages/airflow/example_dags/example_nested_branch_dag.py for tasks to queue
[2024-06-30T04:10:14.711+0000] {logging_mixin.py:188} INFO - [2024-06-30T04:10:14.711+0000] {dagbag.py:545} INFO - Filling up the DagBag from /home/airflow/.local/lib/python3.12/site-packages/airflow/example_dags/example_nested_branch_dag.py
[2024-06-30T04:10:14.723+0000] {processor.py:840} INFO - DAG(s) 'example_nested_branch_dag' retrieved from /home/airflow/.local/lib/python3.12/site-packages/airflow/example_dags/example_nested_branch_dag.py
[2024-06-30T04:10:14.761+0000] {logging_mixin.py:188} INFO - [2024-06-30T04:10:14.761+0000] {dag.py:3096} INFO - Sync 1 DAGs
[2024-06-30T04:10:14.807+0000] {logging_mixin.py:188} INFO - [2024-06-30T04:10:14.806+0000] {dag.py:3954} INFO - Setting next_dagrun for example_nested_branch_dag to 2024-06-29 00:00:00+00:00, run_after=2024-06-30 00:00:00+00:00
[2024-06-30T04:10:14.842+0000] {processor.py:183} INFO - Processing /home/airflow/.local/lib/python3.12/site-packages/airflow/example_dags/example_nested_branch_dag.py took 0.142 seconds
[2024-06-30T04:10:45.277+0000] {processor.py:161} INFO - Started process (PID=2367) to work on /home/airflow/.local/lib/python3.12/site-packages/airflow/example_dags/example_nested_branch_dag.py
[2024-06-30T04:10:45.284+0000] {processor.py:830} INFO - Processing file /home/airflow/.local/lib/python3.12/site-packages/airflow/example_dags/example_nested_branch_dag.py for tasks to queue
[2024-06-30T04:10:45.287+0000] {logging_mixin.py:188} INFO - [2024-06-30T04:10:45.287+0000] {dagbag.py:545} INFO - Filling up the DagBag from /home/airflow/.local/lib/python3.12/site-packages/airflow/example_dags/example_nested_branch_dag.py
[2024-06-30T04:10:45.305+0000] {processor.py:840} INFO - DAG(s) 'example_nested_branch_dag' retrieved from /home/airflow/.local/lib/python3.12/site-packages/airflow/example_dags/example_nested_branch_dag.py
[2024-06-30T04:10:45.350+0000] {logging_mixin.py:188} INFO - [2024-06-30T04:10:45.349+0000] {dag.py:3096} INFO - Sync 1 DAGs
[2024-06-30T04:10:45.397+0000] {logging_mixin.py:188} INFO - [2024-06-30T04:10:45.397+0000] {dag.py:3954} INFO - Setting next_dagrun for example_nested_branch_dag to 2024-06-29 00:00:00+00:00, run_after=2024-06-30 00:00:00+00:00
[2024-06-30T04:10:45.437+0000] {processor.py:183} INFO - Processing /home/airflow/.local/lib/python3.12/site-packages/airflow/example_dags/example_nested_branch_dag.py took 0.171 seconds
[2024-06-30T04:11:15.796+0000] {processor.py:161} INFO - Started process (PID=2425) to work on /home/airflow/.local/lib/python3.12/site-packages/airflow/example_dags/example_nested_branch_dag.py
[2024-06-30T04:11:15.798+0000] {processor.py:830} INFO - Processing file /home/airflow/.local/lib/python3.12/site-packages/airflow/example_dags/example_nested_branch_dag.py for tasks to queue
[2024-06-30T04:11:15.803+0000] {logging_mixin.py:188} INFO - [2024-06-30T04:11:15.802+0000] {dagbag.py:545} INFO - Filling up the DagBag from /home/airflow/.local/lib/python3.12/site-packages/airflow/example_dags/example_nested_branch_dag.py
[2024-06-30T04:11:15.822+0000] {processor.py:840} INFO - DAG(s) 'example_nested_branch_dag' retrieved from /home/airflow/.local/lib/python3.12/site-packages/airflow/example_dags/example_nested_branch_dag.py
[2024-06-30T04:11:15.894+0000] {logging_mixin.py:188} INFO - [2024-06-30T04:11:15.891+0000] {dag.py:3096} INFO - Sync 1 DAGs
[2024-06-30T04:11:15.992+0000] {logging_mixin.py:188} INFO - [2024-06-30T04:11:15.991+0000] {dag.py:3954} INFO - Setting next_dagrun for example_nested_branch_dag to 2024-06-29 00:00:00+00:00, run_after=2024-06-30 00:00:00+00:00
[2024-06-30T04:11:16.071+0000] {processor.py:183} INFO - Processing /home/airflow/.local/lib/python3.12/site-packages/airflow/example_dags/example_nested_branch_dag.py took 0.285 seconds
[2024-06-30T04:11:46.258+0000] {processor.py:161} INFO - Started process (PID=2482) to work on /home/airflow/.local/lib/python3.12/site-packages/airflow/example_dags/example_nested_branch_dag.py
[2024-06-30T04:11:46.259+0000] {processor.py:830} INFO - Processing file /home/airflow/.local/lib/python3.12/site-packages/airflow/example_dags/example_nested_branch_dag.py for tasks to queue
[2024-06-30T04:11:46.262+0000] {logging_mixin.py:188} INFO - [2024-06-30T04:11:46.261+0000] {dagbag.py:545} INFO - Filling up the DagBag from /home/airflow/.local/lib/python3.12/site-packages/airflow/example_dags/example_nested_branch_dag.py
[2024-06-30T04:11:46.277+0000] {processor.py:840} INFO - DAG(s) 'example_nested_branch_dag' retrieved from /home/airflow/.local/lib/python3.12/site-packages/airflow/example_dags/example_nested_branch_dag.py
[2024-06-30T04:11:46.320+0000] {logging_mixin.py:188} INFO - [2024-06-30T04:11:46.319+0000] {dag.py:3096} INFO - Sync 1 DAGs
[2024-06-30T04:11:46.376+0000] {logging_mixin.py:188} INFO - [2024-06-30T04:11:46.375+0000] {dag.py:3954} INFO - Setting next_dagrun for example_nested_branch_dag to 2024-06-29 00:00:00+00:00, run_after=2024-06-30 00:00:00+00:00
[2024-06-30T04:11:46.416+0000] {processor.py:183} INFO - Processing /home/airflow/.local/lib/python3.12/site-packages/airflow/example_dags/example_nested_branch_dag.py took 0.167 seconds
[2024-06-30T04:12:17.437+0000] {processor.py:161} INFO - Started process (PID=2540) to work on /home/airflow/.local/lib/python3.12/site-packages/airflow/example_dags/example_nested_branch_dag.py
[2024-06-30T04:12:17.439+0000] {processor.py:830} INFO - Processing file /home/airflow/.local/lib/python3.12/site-packages/airflow/example_dags/example_nested_branch_dag.py for tasks to queue
[2024-06-30T04:12:17.442+0000] {logging_mixin.py:188} INFO - [2024-06-30T04:12:17.441+0000] {dagbag.py:545} INFO - Filling up the DagBag from /home/airflow/.local/lib/python3.12/site-packages/airflow/example_dags/example_nested_branch_dag.py
[2024-06-30T04:12:17.458+0000] {processor.py:840} INFO - DAG(s) 'example_nested_branch_dag' retrieved from /home/airflow/.local/lib/python3.12/site-packages/airflow/example_dags/example_nested_branch_dag.py
[2024-06-30T04:12:17.505+0000] {logging_mixin.py:188} INFO - [2024-06-30T04:12:17.505+0000] {dag.py:3096} INFO - Sync 1 DAGs
[2024-06-30T04:12:17.562+0000] {logging_mixin.py:188} INFO - [2024-06-30T04:12:17.562+0000] {dag.py:3954} INFO - Setting next_dagrun for example_nested_branch_dag to 2024-06-29 00:00:00+00:00, run_after=2024-06-30 00:00:00+00:00
[2024-06-30T04:12:17.604+0000] {processor.py:183} INFO - Processing /home/airflow/.local/lib/python3.12/site-packages/airflow/example_dags/example_nested_branch_dag.py took 0.178 seconds
[2024-06-30T04:12:48.543+0000] {processor.py:161} INFO - Started process (PID=2598) to work on /home/airflow/.local/lib/python3.12/site-packages/airflow/example_dags/example_nested_branch_dag.py
[2024-06-30T04:12:48.545+0000] {processor.py:830} INFO - Processing file /home/airflow/.local/lib/python3.12/site-packages/airflow/example_dags/example_nested_branch_dag.py for tasks to queue
[2024-06-30T04:12:48.548+0000] {logging_mixin.py:188} INFO - [2024-06-30T04:12:48.548+0000] {dagbag.py:545} INFO - Filling up the DagBag from /home/airflow/.local/lib/python3.12/site-packages/airflow/example_dags/example_nested_branch_dag.py
[2024-06-30T04:12:48.573+0000] {processor.py:840} INFO - DAG(s) 'example_nested_branch_dag' retrieved from /home/airflow/.local/lib/python3.12/site-packages/airflow/example_dags/example_nested_branch_dag.py
[2024-06-30T04:12:48.621+0000] {logging_mixin.py:188} INFO - [2024-06-30T04:12:48.620+0000] {dag.py:3096} INFO - Sync 1 DAGs
[2024-06-30T04:12:48.681+0000] {logging_mixin.py:188} INFO - [2024-06-30T04:12:48.681+0000] {dag.py:3954} INFO - Setting next_dagrun for example_nested_branch_dag to 2024-06-29 00:00:00+00:00, run_after=2024-06-30 00:00:00+00:00
[2024-06-30T04:12:48.739+0000] {processor.py:183} INFO - Processing /home/airflow/.local/lib/python3.12/site-packages/airflow/example_dags/example_nested_branch_dag.py took 0.208 seconds
[2024-06-30T04:13:18.886+0000] {processor.py:161} INFO - Started process (PID=2656) to work on /home/airflow/.local/lib/python3.12/site-packages/airflow/example_dags/example_nested_branch_dag.py
[2024-06-30T04:13:18.888+0000] {processor.py:830} INFO - Processing file /home/airflow/.local/lib/python3.12/site-packages/airflow/example_dags/example_nested_branch_dag.py for tasks to queue
[2024-06-30T04:13:18.891+0000] {logging_mixin.py:188} INFO - [2024-06-30T04:13:18.891+0000] {dagbag.py:545} INFO - Filling up the DagBag from /home/airflow/.local/lib/python3.12/site-packages/airflow/example_dags/example_nested_branch_dag.py
[2024-06-30T04:13:18.912+0000] {processor.py:840} INFO - DAG(s) 'example_nested_branch_dag' retrieved from /home/airflow/.local/lib/python3.12/site-packages/airflow/example_dags/example_nested_branch_dag.py
[2024-06-30T04:13:18.952+0000] {logging_mixin.py:188} INFO - [2024-06-30T04:13:18.952+0000] {dag.py:3096} INFO - Sync 1 DAGs
[2024-06-30T04:13:18.991+0000] {logging_mixin.py:188} INFO - [2024-06-30T04:13:18.990+0000] {dag.py:3954} INFO - Setting next_dagrun for example_nested_branch_dag to 2024-06-29 00:00:00+00:00, run_after=2024-06-30 00:00:00+00:00
[2024-06-30T04:13:19.033+0000] {processor.py:183} INFO - Processing /home/airflow/.local/lib/python3.12/site-packages/airflow/example_dags/example_nested_branch_dag.py took 0.154 seconds
[2024-06-30T04:13:49.116+0000] {processor.py:161} INFO - Started process (PID=2716) to work on /home/airflow/.local/lib/python3.12/site-packages/airflow/example_dags/example_nested_branch_dag.py
[2024-06-30T04:13:49.118+0000] {processor.py:830} INFO - Processing file /home/airflow/.local/lib/python3.12/site-packages/airflow/example_dags/example_nested_branch_dag.py for tasks to queue
[2024-06-30T04:13:49.120+0000] {logging_mixin.py:188} INFO - [2024-06-30T04:13:49.120+0000] {dagbag.py:545} INFO - Filling up the DagBag from /home/airflow/.local/lib/python3.12/site-packages/airflow/example_dags/example_nested_branch_dag.py
[2024-06-30T04:13:49.136+0000] {processor.py:840} INFO - DAG(s) 'example_nested_branch_dag' retrieved from /home/airflow/.local/lib/python3.12/site-packages/airflow/example_dags/example_nested_branch_dag.py
[2024-06-30T04:13:49.171+0000] {logging_mixin.py:188} INFO - [2024-06-30T04:13:49.170+0000] {dag.py:3096} INFO - Sync 1 DAGs
[2024-06-30T04:13:49.209+0000] {logging_mixin.py:188} INFO - [2024-06-30T04:13:49.209+0000] {dag.py:3954} INFO - Setting next_dagrun for example_nested_branch_dag to 2024-06-29 00:00:00+00:00, run_after=2024-06-30 00:00:00+00:00
[2024-06-30T04:13:49.242+0000] {processor.py:183} INFO - Processing /home/airflow/.local/lib/python3.12/site-packages/airflow/example_dags/example_nested_branch_dag.py took 0.133 seconds
[2024-06-30T04:14:19.390+0000] {processor.py:161} INFO - Started process (PID=2774) to work on /home/airflow/.local/lib/python3.12/site-packages/airflow/example_dags/example_nested_branch_dag.py
[2024-06-30T04:14:19.391+0000] {processor.py:830} INFO - Processing file /home/airflow/.local/lib/python3.12/site-packages/airflow/example_dags/example_nested_branch_dag.py for tasks to queue
[2024-06-30T04:14:19.394+0000] {logging_mixin.py:188} INFO - [2024-06-30T04:14:19.393+0000] {dagbag.py:545} INFO - Filling up the DagBag from /home/airflow/.local/lib/python3.12/site-packages/airflow/example_dags/example_nested_branch_dag.py
[2024-06-30T04:14:19.412+0000] {processor.py:840} INFO - DAG(s) 'example_nested_branch_dag' retrieved from /home/airflow/.local/lib/python3.12/site-packages/airflow/example_dags/example_nested_branch_dag.py
[2024-06-30T04:14:19.451+0000] {logging_mixin.py:188} INFO - [2024-06-30T04:14:19.450+0000] {dag.py:3096} INFO - Sync 1 DAGs
[2024-06-30T04:14:19.490+0000] {logging_mixin.py:188} INFO - [2024-06-30T04:14:19.490+0000] {dag.py:3954} INFO - Setting next_dagrun for example_nested_branch_dag to 2024-06-29 00:00:00+00:00, run_after=2024-06-30 00:00:00+00:00
[2024-06-30T04:14:19.527+0000] {processor.py:183} INFO - Processing /home/airflow/.local/lib/python3.12/site-packages/airflow/example_dags/example_nested_branch_dag.py took 0.145 seconds
[2024-06-30T04:14:49.829+0000] {processor.py:161} INFO - Started process (PID=2832) to work on /home/airflow/.local/lib/python3.12/site-packages/airflow/example_dags/example_nested_branch_dag.py
[2024-06-30T04:14:49.831+0000] {processor.py:830} INFO - Processing file /home/airflow/.local/lib/python3.12/site-packages/airflow/example_dags/example_nested_branch_dag.py for tasks to queue
[2024-06-30T04:14:49.834+0000] {logging_mixin.py:188} INFO - [2024-06-30T04:14:49.834+0000] {dagbag.py:545} INFO - Filling up the DagBag from /home/airflow/.local/lib/python3.12/site-packages/airflow/example_dags/example_nested_branch_dag.py
[2024-06-30T04:14:49.850+0000] {processor.py:840} INFO - DAG(s) 'example_nested_branch_dag' retrieved from /home/airflow/.local/lib/python3.12/site-packages/airflow/example_dags/example_nested_branch_dag.py
[2024-06-30T04:14:49.891+0000] {logging_mixin.py:188} INFO - [2024-06-30T04:14:49.890+0000] {dag.py:3096} INFO - Sync 1 DAGs
[2024-06-30T04:14:49.931+0000] {logging_mixin.py:188} INFO - [2024-06-30T04:14:49.931+0000] {dag.py:3954} INFO - Setting next_dagrun for example_nested_branch_dag to 2024-06-29 00:00:00+00:00, run_after=2024-06-30 00:00:00+00:00
[2024-06-30T04:14:49.965+0000] {processor.py:183} INFO - Processing /home/airflow/.local/lib/python3.12/site-packages/airflow/example_dags/example_nested_branch_dag.py took 0.142 seconds
[2024-06-30T04:15:20.431+0000] {processor.py:161} INFO - Started process (PID=2890) to work on /home/airflow/.local/lib/python3.12/site-packages/airflow/example_dags/example_nested_branch_dag.py
[2024-06-30T04:15:20.433+0000] {processor.py:830} INFO - Processing file /home/airflow/.local/lib/python3.12/site-packages/airflow/example_dags/example_nested_branch_dag.py for tasks to queue
[2024-06-30T04:15:20.437+0000] {logging_mixin.py:188} INFO - [2024-06-30T04:15:20.436+0000] {dagbag.py:545} INFO - Filling up the DagBag from /home/airflow/.local/lib/python3.12/site-packages/airflow/example_dags/example_nested_branch_dag.py
[2024-06-30T04:15:20.465+0000] {processor.py:840} INFO - DAG(s) 'example_nested_branch_dag' retrieved from /home/airflow/.local/lib/python3.12/site-packages/airflow/example_dags/example_nested_branch_dag.py
[2024-06-30T04:15:20.522+0000] {logging_mixin.py:188} INFO - [2024-06-30T04:15:20.521+0000] {dag.py:3096} INFO - Sync 1 DAGs
[2024-06-30T04:15:20.577+0000] {logging_mixin.py:188} INFO - [2024-06-30T04:15:20.576+0000] {dag.py:3954} INFO - Setting next_dagrun for example_nested_branch_dag to 2024-06-29 00:00:00+00:00, run_after=2024-06-30 00:00:00+00:00
[2024-06-30T04:15:20.609+0000] {processor.py:183} INFO - Processing /home/airflow/.local/lib/python3.12/site-packages/airflow/example_dags/example_nested_branch_dag.py took 0.186 seconds
[2024-06-30T04:15:51.158+0000] {processor.py:161} INFO - Started process (PID=2948) to work on /home/airflow/.local/lib/python3.12/site-packages/airflow/example_dags/example_nested_branch_dag.py
[2024-06-30T04:15:51.161+0000] {processor.py:830} INFO - Processing file /home/airflow/.local/lib/python3.12/site-packages/airflow/example_dags/example_nested_branch_dag.py for tasks to queue
[2024-06-30T04:15:51.165+0000] {logging_mixin.py:188} INFO - [2024-06-30T04:15:51.164+0000] {dagbag.py:545} INFO - Filling up the DagBag from /home/airflow/.local/lib/python3.12/site-packages/airflow/example_dags/example_nested_branch_dag.py
[2024-06-30T04:15:51.184+0000] {processor.py:840} INFO - DAG(s) 'example_nested_branch_dag' retrieved from /home/airflow/.local/lib/python3.12/site-packages/airflow/example_dags/example_nested_branch_dag.py
[2024-06-30T04:15:51.229+0000] {logging_mixin.py:188} INFO - [2024-06-30T04:15:51.228+0000] {dag.py:3096} INFO - Sync 1 DAGs
[2024-06-30T04:15:51.302+0000] {logging_mixin.py:188} INFO - [2024-06-30T04:15:51.301+0000] {dag.py:3954} INFO - Setting next_dagrun for example_nested_branch_dag to 2024-06-29 00:00:00+00:00, run_after=2024-06-30 00:00:00+00:00
[2024-06-30T04:15:51.370+0000] {processor.py:183} INFO - Processing /home/airflow/.local/lib/python3.12/site-packages/airflow/example_dags/example_nested_branch_dag.py took 0.222 seconds
[2024-06-30T04:16:21.622+0000] {processor.py:161} INFO - Started process (PID=3006) to work on /home/airflow/.local/lib/python3.12/site-packages/airflow/example_dags/example_nested_branch_dag.py
[2024-06-30T04:16:21.625+0000] {processor.py:830} INFO - Processing file /home/airflow/.local/lib/python3.12/site-packages/airflow/example_dags/example_nested_branch_dag.py for tasks to queue
[2024-06-30T04:16:21.628+0000] {logging_mixin.py:188} INFO - [2024-06-30T04:16:21.627+0000] {dagbag.py:545} INFO - Filling up the DagBag from /home/airflow/.local/lib/python3.12/site-packages/airflow/example_dags/example_nested_branch_dag.py
[2024-06-30T04:16:21.658+0000] {processor.py:840} INFO - DAG(s) 'example_nested_branch_dag' retrieved from /home/airflow/.local/lib/python3.12/site-packages/airflow/example_dags/example_nested_branch_dag.py
[2024-06-30T04:16:21.721+0000] {logging_mixin.py:188} INFO - [2024-06-30T04:16:21.720+0000] {dag.py:3096} INFO - Sync 1 DAGs
[2024-06-30T04:16:21.813+0000] {logging_mixin.py:188} INFO - [2024-06-30T04:16:21.812+0000] {dag.py:3954} INFO - Setting next_dagrun for example_nested_branch_dag to 2024-06-29 00:00:00+00:00, run_after=2024-06-30 00:00:00+00:00
[2024-06-30T04:16:21.863+0000] {processor.py:183} INFO - Processing /home/airflow/.local/lib/python3.12/site-packages/airflow/example_dags/example_nested_branch_dag.py took 0.253 seconds
[2024-06-30T04:16:51.974+0000] {processor.py:161} INFO - Started process (PID=3064) to work on /home/airflow/.local/lib/python3.12/site-packages/airflow/example_dags/example_nested_branch_dag.py
[2024-06-30T04:16:51.979+0000] {processor.py:830} INFO - Processing file /home/airflow/.local/lib/python3.12/site-packages/airflow/example_dags/example_nested_branch_dag.py for tasks to queue
[2024-06-30T04:16:51.983+0000] {logging_mixin.py:188} INFO - [2024-06-30T04:16:51.982+0000] {dagbag.py:545} INFO - Filling up the DagBag from /home/airflow/.local/lib/python3.12/site-packages/airflow/example_dags/example_nested_branch_dag.py
[2024-06-30T04:16:52.000+0000] {processor.py:840} INFO - DAG(s) 'example_nested_branch_dag' retrieved from /home/airflow/.local/lib/python3.12/site-packages/airflow/example_dags/example_nested_branch_dag.py
[2024-06-30T04:16:52.040+0000] {logging_mixin.py:188} INFO - [2024-06-30T04:16:52.040+0000] {dag.py:3096} INFO - Sync 1 DAGs
[2024-06-30T04:16:52.085+0000] {logging_mixin.py:188} INFO - [2024-06-30T04:16:52.084+0000] {dag.py:3954} INFO - Setting next_dagrun for example_nested_branch_dag to 2024-06-29 00:00:00+00:00, run_after=2024-06-30 00:00:00+00:00
[2024-06-30T04:16:52.188+0000] {processor.py:183} INFO - Processing /home/airflow/.local/lib/python3.12/site-packages/airflow/example_dags/example_nested_branch_dag.py took 0.224 seconds
[2024-06-30T04:17:22.797+0000] {processor.py:161} INFO - Started process (PID=3121) to work on /home/airflow/.local/lib/python3.12/site-packages/airflow/example_dags/example_nested_branch_dag.py
[2024-06-30T04:17:22.799+0000] {processor.py:830} INFO - Processing file /home/airflow/.local/lib/python3.12/site-packages/airflow/example_dags/example_nested_branch_dag.py for tasks to queue
[2024-06-30T04:17:22.801+0000] {logging_mixin.py:188} INFO - [2024-06-30T04:17:22.801+0000] {dagbag.py:545} INFO - Filling up the DagBag from /home/airflow/.local/lib/python3.12/site-packages/airflow/example_dags/example_nested_branch_dag.py
[2024-06-30T04:17:22.816+0000] {processor.py:840} INFO - DAG(s) 'example_nested_branch_dag' retrieved from /home/airflow/.local/lib/python3.12/site-packages/airflow/example_dags/example_nested_branch_dag.py
[2024-06-30T04:17:22.844+0000] {logging_mixin.py:188} INFO - [2024-06-30T04:17:22.844+0000] {dag.py:3096} INFO - Sync 1 DAGs
[2024-06-30T04:17:22.875+0000] {logging_mixin.py:188} INFO - [2024-06-30T04:17:22.875+0000] {dag.py:3954} INFO - Setting next_dagrun for example_nested_branch_dag to 2024-06-29 00:00:00+00:00, run_after=2024-06-30 00:00:00+00:00
[2024-06-30T04:17:22.904+0000] {processor.py:183} INFO - Processing /home/airflow/.local/lib/python3.12/site-packages/airflow/example_dags/example_nested_branch_dag.py took 0.115 seconds
[2024-06-30T04:17:53.786+0000] {processor.py:161} INFO - Started process (PID=3179) to work on /home/airflow/.local/lib/python3.12/site-packages/airflow/example_dags/example_nested_branch_dag.py
[2024-06-30T04:17:53.788+0000] {processor.py:830} INFO - Processing file /home/airflow/.local/lib/python3.12/site-packages/airflow/example_dags/example_nested_branch_dag.py for tasks to queue
[2024-06-30T04:17:53.792+0000] {logging_mixin.py:188} INFO - [2024-06-30T04:17:53.792+0000] {dagbag.py:545} INFO - Filling up the DagBag from /home/airflow/.local/lib/python3.12/site-packages/airflow/example_dags/example_nested_branch_dag.py
[2024-06-30T04:17:53.813+0000] {processor.py:840} INFO - DAG(s) 'example_nested_branch_dag' retrieved from /home/airflow/.local/lib/python3.12/site-packages/airflow/example_dags/example_nested_branch_dag.py
[2024-06-30T04:17:53.865+0000] {logging_mixin.py:188} INFO - [2024-06-30T04:17:53.864+0000] {dag.py:3096} INFO - Sync 1 DAGs
[2024-06-30T04:17:53.916+0000] {logging_mixin.py:188} INFO - [2024-06-30T04:17:53.915+0000] {dag.py:3954} INFO - Setting next_dagrun for example_nested_branch_dag to 2024-06-29 00:00:00+00:00, run_after=2024-06-30 00:00:00+00:00
[2024-06-30T04:17:53.960+0000] {processor.py:183} INFO - Processing /home/airflow/.local/lib/python3.12/site-packages/airflow/example_dags/example_nested_branch_dag.py took 0.190 seconds
[2024-06-30T04:18:24.409+0000] {processor.py:161} INFO - Started process (PID=3236) to work on /home/airflow/.local/lib/python3.12/site-packages/airflow/example_dags/example_nested_branch_dag.py
[2024-06-30T04:18:24.413+0000] {processor.py:830} INFO - Processing file /home/airflow/.local/lib/python3.12/site-packages/airflow/example_dags/example_nested_branch_dag.py for tasks to queue
[2024-06-30T04:18:24.425+0000] {logging_mixin.py:188} INFO - [2024-06-30T04:18:24.424+0000] {dagbag.py:545} INFO - Filling up the DagBag from /home/airflow/.local/lib/python3.12/site-packages/airflow/example_dags/example_nested_branch_dag.py
[2024-06-30T04:18:24.476+0000] {processor.py:840} INFO - DAG(s) 'example_nested_branch_dag' retrieved from /home/airflow/.local/lib/python3.12/site-packages/airflow/example_dags/example_nested_branch_dag.py
[2024-06-30T04:18:24.612+0000] {logging_mixin.py:188} INFO - [2024-06-30T04:18:24.612+0000] {dag.py:3096} INFO - Sync 1 DAGs
[2024-06-30T04:18:24.736+0000] {logging_mixin.py:188} INFO - [2024-06-30T04:18:24.736+0000] {dag.py:3954} INFO - Setting next_dagrun for example_nested_branch_dag to 2024-06-29 00:00:00+00:00, run_after=2024-06-30 00:00:00+00:00
[2024-06-30T04:18:24.848+0000] {processor.py:183} INFO - Processing /home/airflow/.local/lib/python3.12/site-packages/airflow/example_dags/example_nested_branch_dag.py took 0.455 seconds
[2024-06-30T04:18:54.995+0000] {processor.py:161} INFO - Started process (PID=3294) to work on /home/airflow/.local/lib/python3.12/site-packages/airflow/example_dags/example_nested_branch_dag.py
[2024-06-30T04:18:54.996+0000] {processor.py:830} INFO - Processing file /home/airflow/.local/lib/python3.12/site-packages/airflow/example_dags/example_nested_branch_dag.py for tasks to queue
[2024-06-30T04:18:55.000+0000] {logging_mixin.py:188} INFO - [2024-06-30T04:18:54.999+0000] {dagbag.py:545} INFO - Filling up the DagBag from /home/airflow/.local/lib/python3.12/site-packages/airflow/example_dags/example_nested_branch_dag.py
[2024-06-30T04:18:55.023+0000] {processor.py:840} INFO - DAG(s) 'example_nested_branch_dag' retrieved from /home/airflow/.local/lib/python3.12/site-packages/airflow/example_dags/example_nested_branch_dag.py
[2024-06-30T04:18:55.065+0000] {logging_mixin.py:188} INFO - [2024-06-30T04:18:55.065+0000] {dag.py:3096} INFO - Sync 1 DAGs
[2024-06-30T04:18:55.114+0000] {logging_mixin.py:188} INFO - [2024-06-30T04:18:55.114+0000] {dag.py:3954} INFO - Setting next_dagrun for example_nested_branch_dag to 2024-06-29 00:00:00+00:00, run_after=2024-06-30 00:00:00+00:00
[2024-06-30T04:18:55.156+0000] {processor.py:183} INFO - Processing /home/airflow/.local/lib/python3.12/site-packages/airflow/example_dags/example_nested_branch_dag.py took 0.177 seconds
[2024-06-30T04:19:25.628+0000] {processor.py:161} INFO - Started process (PID=3352) to work on /home/airflow/.local/lib/python3.12/site-packages/airflow/example_dags/example_nested_branch_dag.py
[2024-06-30T04:19:25.631+0000] {processor.py:830} INFO - Processing file /home/airflow/.local/lib/python3.12/site-packages/airflow/example_dags/example_nested_branch_dag.py for tasks to queue
[2024-06-30T04:19:25.634+0000] {logging_mixin.py:188} INFO - [2024-06-30T04:19:25.634+0000] {dagbag.py:545} INFO - Filling up the DagBag from /home/airflow/.local/lib/python3.12/site-packages/airflow/example_dags/example_nested_branch_dag.py
[2024-06-30T04:19:25.657+0000] {processor.py:840} INFO - DAG(s) 'example_nested_branch_dag' retrieved from /home/airflow/.local/lib/python3.12/site-packages/airflow/example_dags/example_nested_branch_dag.py
[2024-06-30T04:19:25.710+0000] {logging_mixin.py:188} INFO - [2024-06-30T04:19:25.706+0000] {dag.py:3096} INFO - Sync 1 DAGs
[2024-06-30T04:19:25.765+0000] {logging_mixin.py:188} INFO - [2024-06-30T04:19:25.765+0000] {dag.py:3954} INFO - Setting next_dagrun for example_nested_branch_dag to 2024-06-29 00:00:00+00:00, run_after=2024-06-30 00:00:00+00:00
[2024-06-30T04:19:25.838+0000] {processor.py:183} INFO - Processing /home/airflow/.local/lib/python3.12/site-packages/airflow/example_dags/example_nested_branch_dag.py took 0.219 seconds
