[2024-06-30T03:49:31.720+0000] {processor.py:161} INFO - Started process (PID=48) to work on /home/airflow/.local/lib/python3.12/site-packages/airflow/example_dags/example_python_operator.py
[2024-06-30T03:49:31.723+0000] {processor.py:830} INFO - Processing file /home/airflow/.local/lib/python3.12/site-packages/airflow/example_dags/example_python_operator.py for tasks to queue
[2024-06-30T03:49:31.731+0000] {logging_mixin.py:188} INFO - [2024-06-30T03:49:31.730+0000] {dagbag.py:545} INFO - Filling up the DagBag from /home/airflow/.local/lib/python3.12/site-packages/airflow/example_dags/example_python_operator.py
[2024-06-30T03:49:31.831+0000] {processor.py:840} INFO - DAG(s) 'example_python_operator' retrieved from /home/airflow/.local/lib/python3.12/site-packages/airflow/example_dags/example_python_operator.py
[2024-06-30T03:49:32.826+0000] {logging_mixin.py:188} INFO - [2024-06-30T03:49:32.825+0000] {dag.py:3096} INFO - Sync 1 DAGs
[2024-06-30T03:49:32.941+0000] {logging_mixin.py:188} INFO - [2024-06-30T03:49:32.940+0000] {dag.py:3954} INFO - Setting next_dagrun for example_python_operator to None, run_after=None
[2024-06-30T03:49:33.546+0000] {processor.py:183} INFO - Processing /home/airflow/.local/lib/python3.12/site-packages/airflow/example_dags/example_python_operator.py took 1.856 seconds
[2024-06-30T03:50:15.323+0000] {processor.py:161} INFO - Started process (PID=106) to work on /home/airflow/.local/lib/python3.12/site-packages/airflow/example_dags/example_python_operator.py
[2024-06-30T03:50:15.325+0000] {processor.py:830} INFO - Processing file /home/airflow/.local/lib/python3.12/site-packages/airflow/example_dags/example_python_operator.py for tasks to queue
[2024-06-30T03:50:15.331+0000] {logging_mixin.py:188} INFO - [2024-06-30T03:50:15.330+0000] {dagbag.py:545} INFO - Filling up the DagBag from /home/airflow/.local/lib/python3.12/site-packages/airflow/example_dags/example_python_operator.py
[2024-06-30T03:50:15.371+0000] {processor.py:840} INFO - DAG(s) 'example_python_operator' retrieved from /home/airflow/.local/lib/python3.12/site-packages/airflow/example_dags/example_python_operator.py
[2024-06-30T03:50:15.502+0000] {logging_mixin.py:188} INFO - [2024-06-30T03:50:15.501+0000] {dag.py:3096} INFO - Sync 1 DAGs
[2024-06-30T03:50:15.576+0000] {logging_mixin.py:188} INFO - [2024-06-30T03:50:15.575+0000] {dag.py:3954} INFO - Setting next_dagrun for example_python_operator to None, run_after=None
[2024-06-30T03:50:15.675+0000] {processor.py:183} INFO - Processing /home/airflow/.local/lib/python3.12/site-packages/airflow/example_dags/example_python_operator.py took 0.369 seconds
[2024-06-30T03:50:46.173+0000] {processor.py:161} INFO - Started process (PID=162) to work on /home/airflow/.local/lib/python3.12/site-packages/airflow/example_dags/example_python_operator.py
[2024-06-30T03:50:46.177+0000] {processor.py:830} INFO - Processing file /home/airflow/.local/lib/python3.12/site-packages/airflow/example_dags/example_python_operator.py for tasks to queue
[2024-06-30T03:50:46.182+0000] {logging_mixin.py:188} INFO - [2024-06-30T03:50:46.181+0000] {dagbag.py:545} INFO - Filling up the DagBag from /home/airflow/.local/lib/python3.12/site-packages/airflow/example_dags/example_python_operator.py
[2024-06-30T03:50:46.218+0000] {processor.py:840} INFO - DAG(s) 'example_python_operator' retrieved from /home/airflow/.local/lib/python3.12/site-packages/airflow/example_dags/example_python_operator.py
[2024-06-30T03:50:46.308+0000] {logging_mixin.py:188} INFO - [2024-06-30T03:50:46.307+0000] {dag.py:3096} INFO - Sync 1 DAGs
[2024-06-30T03:50:46.374+0000] {logging_mixin.py:188} INFO - [2024-06-30T03:50:46.369+0000] {dag.py:3954} INFO - Setting next_dagrun for example_python_operator to None, run_after=None
[2024-06-30T03:50:46.643+0000] {processor.py:183} INFO - Processing /home/airflow/.local/lib/python3.12/site-packages/airflow/example_dags/example_python_operator.py took 0.490 seconds
[2024-06-30T03:51:16.953+0000] {processor.py:161} INFO - Started process (PID=219) to work on /home/airflow/.local/lib/python3.12/site-packages/airflow/example_dags/example_python_operator.py
[2024-06-30T03:51:16.956+0000] {processor.py:830} INFO - Processing file /home/airflow/.local/lib/python3.12/site-packages/airflow/example_dags/example_python_operator.py for tasks to queue
[2024-06-30T03:51:16.959+0000] {logging_mixin.py:188} INFO - [2024-06-30T03:51:16.958+0000] {dagbag.py:545} INFO - Filling up the DagBag from /home/airflow/.local/lib/python3.12/site-packages/airflow/example_dags/example_python_operator.py
[2024-06-30T03:51:16.983+0000] {processor.py:840} INFO - DAG(s) 'example_python_operator' retrieved from /home/airflow/.local/lib/python3.12/site-packages/airflow/example_dags/example_python_operator.py
[2024-06-30T03:51:17.055+0000] {logging_mixin.py:188} INFO - [2024-06-30T03:51:17.055+0000] {dag.py:3096} INFO - Sync 1 DAGs
[2024-06-30T03:51:17.097+0000] {logging_mixin.py:188} INFO - [2024-06-30T03:51:17.096+0000] {dag.py:3954} INFO - Setting next_dagrun for example_python_operator to None, run_after=None
[2024-06-30T03:51:17.138+0000] {processor.py:183} INFO - Processing /home/airflow/.local/lib/python3.12/site-packages/airflow/example_dags/example_python_operator.py took 0.194 seconds
[2024-06-30T03:51:48.168+0000] {processor.py:161} INFO - Started process (PID=278) to work on /home/airflow/.local/lib/python3.12/site-packages/airflow/example_dags/example_python_operator.py
[2024-06-30T03:51:48.174+0000] {processor.py:830} INFO - Processing file /home/airflow/.local/lib/python3.12/site-packages/airflow/example_dags/example_python_operator.py for tasks to queue
[2024-06-30T03:51:48.183+0000] {logging_mixin.py:188} INFO - [2024-06-30T03:51:48.181+0000] {dagbag.py:545} INFO - Filling up the DagBag from /home/airflow/.local/lib/python3.12/site-packages/airflow/example_dags/example_python_operator.py
[2024-06-30T03:51:48.236+0000] {processor.py:840} INFO - DAG(s) 'example_python_operator' retrieved from /home/airflow/.local/lib/python3.12/site-packages/airflow/example_dags/example_python_operator.py
[2024-06-30T03:51:48.366+0000] {logging_mixin.py:188} INFO - [2024-06-30T03:51:48.365+0000] {dag.py:3096} INFO - Sync 1 DAGs
[2024-06-30T03:51:48.415+0000] {logging_mixin.py:188} INFO - [2024-06-30T03:51:48.412+0000] {dag.py:3954} INFO - Setting next_dagrun for example_python_operator to None, run_after=None
[2024-06-30T03:51:48.561+0000] {processor.py:183} INFO - Processing /home/airflow/.local/lib/python3.12/site-packages/airflow/example_dags/example_python_operator.py took 0.429 seconds
[2024-06-30T03:52:19.184+0000] {processor.py:161} INFO - Started process (PID=337) to work on /home/airflow/.local/lib/python3.12/site-packages/airflow/example_dags/example_python_operator.py
[2024-06-30T03:52:19.188+0000] {processor.py:830} INFO - Processing file /home/airflow/.local/lib/python3.12/site-packages/airflow/example_dags/example_python_operator.py for tasks to queue
[2024-06-30T03:52:19.195+0000] {logging_mixin.py:188} INFO - [2024-06-30T03:52:19.194+0000] {dagbag.py:545} INFO - Filling up the DagBag from /home/airflow/.local/lib/python3.12/site-packages/airflow/example_dags/example_python_operator.py
[2024-06-30T03:52:19.230+0000] {processor.py:840} INFO - DAG(s) 'example_python_operator' retrieved from /home/airflow/.local/lib/python3.12/site-packages/airflow/example_dags/example_python_operator.py
[2024-06-30T03:52:19.290+0000] {logging_mixin.py:188} INFO - [2024-06-30T03:52:19.290+0000] {dag.py:3096} INFO - Sync 1 DAGs
[2024-06-30T03:52:19.328+0000] {logging_mixin.py:188} INFO - [2024-06-30T03:52:19.328+0000] {dag.py:3954} INFO - Setting next_dagrun for example_python_operator to None, run_after=None
[2024-06-30T03:52:19.381+0000] {processor.py:183} INFO - Processing /home/airflow/.local/lib/python3.12/site-packages/airflow/example_dags/example_python_operator.py took 0.210 seconds
[2024-06-30T03:52:50.261+0000] {processor.py:161} INFO - Started process (PID=395) to work on /home/airflow/.local/lib/python3.12/site-packages/airflow/example_dags/example_python_operator.py
[2024-06-30T03:52:50.264+0000] {processor.py:830} INFO - Processing file /home/airflow/.local/lib/python3.12/site-packages/airflow/example_dags/example_python_operator.py for tasks to queue
[2024-06-30T03:52:50.269+0000] {logging_mixin.py:188} INFO - [2024-06-30T03:52:50.268+0000] {dagbag.py:545} INFO - Filling up the DagBag from /home/airflow/.local/lib/python3.12/site-packages/airflow/example_dags/example_python_operator.py
[2024-06-30T03:52:50.301+0000] {processor.py:840} INFO - DAG(s) 'example_python_operator' retrieved from /home/airflow/.local/lib/python3.12/site-packages/airflow/example_dags/example_python_operator.py
[2024-06-30T03:52:50.383+0000] {logging_mixin.py:188} INFO - [2024-06-30T03:52:50.382+0000] {dag.py:3096} INFO - Sync 1 DAGs
[2024-06-30T03:52:50.423+0000] {logging_mixin.py:188} INFO - [2024-06-30T03:52:50.422+0000] {dag.py:3954} INFO - Setting next_dagrun for example_python_operator to None, run_after=None
[2024-06-30T03:52:50.479+0000] {processor.py:183} INFO - Processing /home/airflow/.local/lib/python3.12/site-packages/airflow/example_dags/example_python_operator.py took 0.232 seconds
[2024-06-30T03:53:21.094+0000] {processor.py:161} INFO - Started process (PID=453) to work on /home/airflow/.local/lib/python3.12/site-packages/airflow/example_dags/example_python_operator.py
[2024-06-30T03:53:21.096+0000] {processor.py:830} INFO - Processing file /home/airflow/.local/lib/python3.12/site-packages/airflow/example_dags/example_python_operator.py for tasks to queue
[2024-06-30T03:53:21.100+0000] {logging_mixin.py:188} INFO - [2024-06-30T03:53:21.100+0000] {dagbag.py:545} INFO - Filling up the DagBag from /home/airflow/.local/lib/python3.12/site-packages/airflow/example_dags/example_python_operator.py
[2024-06-30T03:53:21.121+0000] {processor.py:840} INFO - DAG(s) 'example_python_operator' retrieved from /home/airflow/.local/lib/python3.12/site-packages/airflow/example_dags/example_python_operator.py
[2024-06-30T03:53:21.168+0000] {logging_mixin.py:188} INFO - [2024-06-30T03:53:21.168+0000] {dag.py:3096} INFO - Sync 1 DAGs
[2024-06-30T03:53:21.197+0000] {logging_mixin.py:188} INFO - [2024-06-30T03:53:21.196+0000] {dag.py:3954} INFO - Setting next_dagrun for example_python_operator to None, run_after=None
[2024-06-30T03:53:21.298+0000] {processor.py:183} INFO - Processing /home/airflow/.local/lib/python3.12/site-packages/airflow/example_dags/example_python_operator.py took 0.215 seconds
[2024-06-30T03:53:54.704+0000] {processor.py:161} INFO - Started process (PID=511) to work on /home/airflow/.local/lib/python3.12/site-packages/airflow/example_dags/example_python_operator.py
[2024-06-30T03:53:54.720+0000] {processor.py:830} INFO - Processing file /home/airflow/.local/lib/python3.12/site-packages/airflow/example_dags/example_python_operator.py for tasks to queue
[2024-06-30T03:53:54.733+0000] {logging_mixin.py:188} INFO - [2024-06-30T03:53:54.727+0000] {dagbag.py:545} INFO - Filling up the DagBag from /home/airflow/.local/lib/python3.12/site-packages/airflow/example_dags/example_python_operator.py
[2024-06-30T03:53:54.805+0000] {processor.py:840} INFO - DAG(s) 'example_python_operator' retrieved from /home/airflow/.local/lib/python3.12/site-packages/airflow/example_dags/example_python_operator.py
[2024-06-30T03:53:54.973+0000] {logging_mixin.py:188} INFO - [2024-06-30T03:53:54.972+0000] {dag.py:3096} INFO - Sync 1 DAGs
[2024-06-30T03:53:55.103+0000] {logging_mixin.py:188} INFO - [2024-06-30T03:53:55.102+0000] {dag.py:3954} INFO - Setting next_dagrun for example_python_operator to None, run_after=None
[2024-06-30T03:53:55.277+0000] {processor.py:183} INFO - Processing /home/airflow/.local/lib/python3.12/site-packages/airflow/example_dags/example_python_operator.py took 0.646 seconds
[2024-06-30T03:54:25.703+0000] {processor.py:161} INFO - Started process (PID=569) to work on /home/airflow/.local/lib/python3.12/site-packages/airflow/example_dags/example_python_operator.py
[2024-06-30T03:54:25.708+0000] {processor.py:830} INFO - Processing file /home/airflow/.local/lib/python3.12/site-packages/airflow/example_dags/example_python_operator.py for tasks to queue
[2024-06-30T03:54:25.798+0000] {logging_mixin.py:188} INFO - [2024-06-30T03:54:25.796+0000] {dagbag.py:545} INFO - Filling up the DagBag from /home/airflow/.local/lib/python3.12/site-packages/airflow/example_dags/example_python_operator.py
[2024-06-30T03:54:25.852+0000] {processor.py:840} INFO - DAG(s) 'example_python_operator' retrieved from /home/airflow/.local/lib/python3.12/site-packages/airflow/example_dags/example_python_operator.py
[2024-06-30T03:54:26.077+0000] {logging_mixin.py:188} INFO - [2024-06-30T03:54:26.076+0000] {dag.py:3096} INFO - Sync 1 DAGs
[2024-06-30T03:54:26.264+0000] {logging_mixin.py:188} INFO - [2024-06-30T03:54:26.263+0000] {dag.py:3954} INFO - Setting next_dagrun for example_python_operator to None, run_after=None
[2024-06-30T03:54:26.541+0000] {processor.py:183} INFO - Processing /home/airflow/.local/lib/python3.12/site-packages/airflow/example_dags/example_python_operator.py took 0.887 seconds
[2024-06-30T03:54:57.045+0000] {processor.py:161} INFO - Started process (PID=632) to work on /home/airflow/.local/lib/python3.12/site-packages/airflow/example_dags/example_python_operator.py
[2024-06-30T03:54:57.048+0000] {processor.py:830} INFO - Processing file /home/airflow/.local/lib/python3.12/site-packages/airflow/example_dags/example_python_operator.py for tasks to queue
[2024-06-30T03:54:57.053+0000] {logging_mixin.py:188} INFO - [2024-06-30T03:54:57.052+0000] {dagbag.py:545} INFO - Filling up the DagBag from /home/airflow/.local/lib/python3.12/site-packages/airflow/example_dags/example_python_operator.py
[2024-06-30T03:54:57.075+0000] {processor.py:840} INFO - DAG(s) 'example_python_operator' retrieved from /home/airflow/.local/lib/python3.12/site-packages/airflow/example_dags/example_python_operator.py
[2024-06-30T03:54:57.129+0000] {logging_mixin.py:188} INFO - [2024-06-30T03:54:57.129+0000] {dag.py:3096} INFO - Sync 1 DAGs
[2024-06-30T03:54:57.159+0000] {logging_mixin.py:188} INFO - [2024-06-30T03:54:57.159+0000] {dag.py:3954} INFO - Setting next_dagrun for example_python_operator to None, run_after=None
[2024-06-30T03:54:57.220+0000] {processor.py:183} INFO - Processing /home/airflow/.local/lib/python3.12/site-packages/airflow/example_dags/example_python_operator.py took 0.190 seconds
[2024-06-30T03:55:28.966+0000] {processor.py:161} INFO - Started process (PID=691) to work on /home/airflow/.local/lib/python3.12/site-packages/airflow/example_dags/example_python_operator.py
[2024-06-30T03:55:28.980+0000] {processor.py:830} INFO - Processing file /home/airflow/.local/lib/python3.12/site-packages/airflow/example_dags/example_python_operator.py for tasks to queue
[2024-06-30T03:55:28.999+0000] {logging_mixin.py:188} INFO - [2024-06-30T03:55:28.998+0000] {dagbag.py:545} INFO - Filling up the DagBag from /home/airflow/.local/lib/python3.12/site-packages/airflow/example_dags/example_python_operator.py
[2024-06-30T03:55:29.103+0000] {processor.py:840} INFO - DAG(s) 'example_python_operator' retrieved from /home/airflow/.local/lib/python3.12/site-packages/airflow/example_dags/example_python_operator.py
[2024-06-30T03:55:29.302+0000] {logging_mixin.py:188} INFO - [2024-06-30T03:55:29.301+0000] {dag.py:3096} INFO - Sync 1 DAGs
[2024-06-30T03:55:29.398+0000] {logging_mixin.py:188} INFO - [2024-06-30T03:55:29.397+0000] {dag.py:3954} INFO - Setting next_dagrun for example_python_operator to None, run_after=None
[2024-06-30T03:55:29.571+0000] {processor.py:183} INFO - Processing /home/airflow/.local/lib/python3.12/site-packages/airflow/example_dags/example_python_operator.py took 0.642 seconds
[2024-06-30T03:56:06.808+0000] {processor.py:161} INFO - Started process (PID=738) to work on /home/airflow/.local/lib/python3.12/site-packages/airflow/example_dags/example_python_operator.py
[2024-06-30T03:56:06.811+0000] {processor.py:830} INFO - Processing file /home/airflow/.local/lib/python3.12/site-packages/airflow/example_dags/example_python_operator.py for tasks to queue
[2024-06-30T03:56:06.816+0000] {logging_mixin.py:188} INFO - [2024-06-30T03:56:06.815+0000] {dagbag.py:545} INFO - Filling up the DagBag from /home/airflow/.local/lib/python3.12/site-packages/airflow/example_dags/example_python_operator.py
[2024-06-30T03:56:06.849+0000] {processor.py:840} INFO - DAG(s) 'example_python_operator' retrieved from /home/airflow/.local/lib/python3.12/site-packages/airflow/example_dags/example_python_operator.py
[2024-06-30T03:56:06.933+0000] {logging_mixin.py:188} INFO - [2024-06-30T03:56:06.933+0000] {dag.py:3096} INFO - Sync 1 DAGs
[2024-06-30T03:56:06.993+0000] {logging_mixin.py:188} INFO - [2024-06-30T03:56:06.992+0000] {dag.py:3954} INFO - Setting next_dagrun for example_python_operator to None, run_after=None
[2024-06-30T03:56:07.051+0000] {processor.py:183} INFO - Processing /home/airflow/.local/lib/python3.12/site-packages/airflow/example_dags/example_python_operator.py took 0.262 seconds
[2024-06-30T03:56:37.978+0000] {processor.py:161} INFO - Started process (PID=796) to work on /home/airflow/.local/lib/python3.12/site-packages/airflow/example_dags/example_python_operator.py
[2024-06-30T03:56:37.979+0000] {processor.py:830} INFO - Processing file /home/airflow/.local/lib/python3.12/site-packages/airflow/example_dags/example_python_operator.py for tasks to queue
[2024-06-30T03:56:37.990+0000] {logging_mixin.py:188} INFO - [2024-06-30T03:56:37.990+0000] {dagbag.py:545} INFO - Filling up the DagBag from /home/airflow/.local/lib/python3.12/site-packages/airflow/example_dags/example_python_operator.py
[2024-06-30T03:56:38.020+0000] {processor.py:840} INFO - DAG(s) 'example_python_operator' retrieved from /home/airflow/.local/lib/python3.12/site-packages/airflow/example_dags/example_python_operator.py
[2024-06-30T03:56:38.079+0000] {logging_mixin.py:188} INFO - [2024-06-30T03:56:38.078+0000] {dag.py:3096} INFO - Sync 1 DAGs
[2024-06-30T03:56:38.123+0000] {logging_mixin.py:188} INFO - [2024-06-30T03:56:38.122+0000] {dag.py:3954} INFO - Setting next_dagrun for example_python_operator to None, run_after=None
[2024-06-30T03:56:38.194+0000] {processor.py:183} INFO - Processing /home/airflow/.local/lib/python3.12/site-packages/airflow/example_dags/example_python_operator.py took 0.232 seconds
[2024-06-30T03:57:09.231+0000] {processor.py:161} INFO - Started process (PID=852) to work on /home/airflow/.local/lib/python3.12/site-packages/airflow/example_dags/example_python_operator.py
[2024-06-30T03:57:09.240+0000] {processor.py:830} INFO - Processing file /home/airflow/.local/lib/python3.12/site-packages/airflow/example_dags/example_python_operator.py for tasks to queue
[2024-06-30T03:57:09.272+0000] {logging_mixin.py:188} INFO - [2024-06-30T03:57:09.265+0000] {dagbag.py:545} INFO - Filling up the DagBag from /home/airflow/.local/lib/python3.12/site-packages/airflow/example_dags/example_python_operator.py
[2024-06-30T03:57:09.354+0000] {processor.py:840} INFO - DAG(s) 'example_python_operator' retrieved from /home/airflow/.local/lib/python3.12/site-packages/airflow/example_dags/example_python_operator.py
[2024-06-30T03:57:09.544+0000] {logging_mixin.py:188} INFO - [2024-06-30T03:57:09.543+0000] {dag.py:3096} INFO - Sync 1 DAGs
[2024-06-30T03:57:09.650+0000] {logging_mixin.py:188} INFO - [2024-06-30T03:57:09.648+0000] {dag.py:3954} INFO - Setting next_dagrun for example_python_operator to None, run_after=None
[2024-06-30T03:57:09.861+0000] {processor.py:183} INFO - Processing /home/airflow/.local/lib/python3.12/site-packages/airflow/example_dags/example_python_operator.py took 0.679 seconds
[2024-06-30T03:57:40.674+0000] {processor.py:161} INFO - Started process (PID=910) to work on /home/airflow/.local/lib/python3.12/site-packages/airflow/example_dags/example_python_operator.py
[2024-06-30T03:57:40.680+0000] {processor.py:830} INFO - Processing file /home/airflow/.local/lib/python3.12/site-packages/airflow/example_dags/example_python_operator.py for tasks to queue
[2024-06-30T03:57:40.703+0000] {logging_mixin.py:188} INFO - [2024-06-30T03:57:40.690+0000] {dagbag.py:545} INFO - Filling up the DagBag from /home/airflow/.local/lib/python3.12/site-packages/airflow/example_dags/example_python_operator.py
[2024-06-30T03:57:40.779+0000] {processor.py:840} INFO - DAG(s) 'example_python_operator' retrieved from /home/airflow/.local/lib/python3.12/site-packages/airflow/example_dags/example_python_operator.py
[2024-06-30T03:57:40.943+0000] {logging_mixin.py:188} INFO - [2024-06-30T03:57:40.942+0000] {dag.py:3096} INFO - Sync 1 DAGs
[2024-06-30T03:57:41.087+0000] {logging_mixin.py:188} INFO - [2024-06-30T03:57:41.087+0000] {dag.py:3954} INFO - Setting next_dagrun for example_python_operator to None, run_after=None
[2024-06-30T03:57:41.179+0000] {processor.py:183} INFO - Processing /home/airflow/.local/lib/python3.12/site-packages/airflow/example_dags/example_python_operator.py took 0.535 seconds
[2024-06-30T03:58:11.680+0000] {processor.py:161} INFO - Started process (PID=968) to work on /home/airflow/.local/lib/python3.12/site-packages/airflow/example_dags/example_python_operator.py
[2024-06-30T03:58:11.682+0000] {processor.py:830} INFO - Processing file /home/airflow/.local/lib/python3.12/site-packages/airflow/example_dags/example_python_operator.py for tasks to queue
[2024-06-30T03:58:11.687+0000] {logging_mixin.py:188} INFO - [2024-06-30T03:58:11.686+0000] {dagbag.py:545} INFO - Filling up the DagBag from /home/airflow/.local/lib/python3.12/site-packages/airflow/example_dags/example_python_operator.py
[2024-06-30T03:58:11.729+0000] {processor.py:840} INFO - DAG(s) 'example_python_operator' retrieved from /home/airflow/.local/lib/python3.12/site-packages/airflow/example_dags/example_python_operator.py
[2024-06-30T03:58:11.784+0000] {logging_mixin.py:188} INFO - [2024-06-30T03:58:11.783+0000] {dag.py:3096} INFO - Sync 1 DAGs
[2024-06-30T03:58:11.813+0000] {logging_mixin.py:188} INFO - [2024-06-30T03:58:11.813+0000] {dag.py:3954} INFO - Setting next_dagrun for example_python_operator to None, run_after=None
[2024-06-30T03:58:11.860+0000] {processor.py:183} INFO - Processing /home/airflow/.local/lib/python3.12/site-packages/airflow/example_dags/example_python_operator.py took 0.193 seconds
[2024-06-30T03:58:42.758+0000] {processor.py:161} INFO - Started process (PID=1026) to work on /home/airflow/.local/lib/python3.12/site-packages/airflow/example_dags/example_python_operator.py
[2024-06-30T03:58:42.761+0000] {processor.py:830} INFO - Processing file /home/airflow/.local/lib/python3.12/site-packages/airflow/example_dags/example_python_operator.py for tasks to queue
[2024-06-30T03:58:42.765+0000] {logging_mixin.py:188} INFO - [2024-06-30T03:58:42.764+0000] {dagbag.py:545} INFO - Filling up the DagBag from /home/airflow/.local/lib/python3.12/site-packages/airflow/example_dags/example_python_operator.py
[2024-06-30T03:58:42.785+0000] {processor.py:840} INFO - DAG(s) 'example_python_operator' retrieved from /home/airflow/.local/lib/python3.12/site-packages/airflow/example_dags/example_python_operator.py
[2024-06-30T03:58:42.835+0000] {logging_mixin.py:188} INFO - [2024-06-30T03:58:42.835+0000] {dag.py:3096} INFO - Sync 1 DAGs
[2024-06-30T03:58:42.866+0000] {logging_mixin.py:188} INFO - [2024-06-30T03:58:42.865+0000] {dag.py:3954} INFO - Setting next_dagrun for example_python_operator to None, run_after=None
[2024-06-30T03:58:42.964+0000] {processor.py:183} INFO - Processing /home/airflow/.local/lib/python3.12/site-packages/airflow/example_dags/example_python_operator.py took 0.218 seconds
[2024-06-30T03:59:13.969+0000] {processor.py:161} INFO - Started process (PID=1084) to work on /home/airflow/.local/lib/python3.12/site-packages/airflow/example_dags/example_python_operator.py
[2024-06-30T03:59:13.998+0000] {processor.py:830} INFO - Processing file /home/airflow/.local/lib/python3.12/site-packages/airflow/example_dags/example_python_operator.py for tasks to queue
[2024-06-30T03:59:14.015+0000] {logging_mixin.py:188} INFO - [2024-06-30T03:59:14.002+0000] {dagbag.py:545} INFO - Filling up the DagBag from /home/airflow/.local/lib/python3.12/site-packages/airflow/example_dags/example_python_operator.py
[2024-06-30T03:59:14.114+0000] {processor.py:840} INFO - DAG(s) 'example_python_operator' retrieved from /home/airflow/.local/lib/python3.12/site-packages/airflow/example_dags/example_python_operator.py
[2024-06-30T03:59:14.322+0000] {logging_mixin.py:188} INFO - [2024-06-30T03:59:14.322+0000] {dag.py:3096} INFO - Sync 1 DAGs
[2024-06-30T03:59:14.523+0000] {logging_mixin.py:188} INFO - [2024-06-30T03:59:14.523+0000] {dag.py:3954} INFO - Setting next_dagrun for example_python_operator to None, run_after=None
[2024-06-30T03:59:14.879+0000] {processor.py:183} INFO - Processing /home/airflow/.local/lib/python3.12/site-packages/airflow/example_dags/example_python_operator.py took 0.961 seconds
[2024-06-30T03:59:45.586+0000] {processor.py:161} INFO - Started process (PID=1142) to work on /home/airflow/.local/lib/python3.12/site-packages/airflow/example_dags/example_python_operator.py
[2024-06-30T03:59:45.591+0000] {processor.py:830} INFO - Processing file /home/airflow/.local/lib/python3.12/site-packages/airflow/example_dags/example_python_operator.py for tasks to queue
[2024-06-30T03:59:45.596+0000] {logging_mixin.py:188} INFO - [2024-06-30T03:59:45.595+0000] {dagbag.py:545} INFO - Filling up the DagBag from /home/airflow/.local/lib/python3.12/site-packages/airflow/example_dags/example_python_operator.py
[2024-06-30T03:59:45.660+0000] {processor.py:840} INFO - DAG(s) 'example_python_operator' retrieved from /home/airflow/.local/lib/python3.12/site-packages/airflow/example_dags/example_python_operator.py
[2024-06-30T03:59:45.870+0000] {logging_mixin.py:188} INFO - [2024-06-30T03:59:45.859+0000] {dag.py:3096} INFO - Sync 1 DAGs
[2024-06-30T03:59:45.991+0000] {logging_mixin.py:188} INFO - [2024-06-30T03:59:45.979+0000] {dag.py:3954} INFO - Setting next_dagrun for example_python_operator to None, run_after=None
[2024-06-30T03:59:46.175+0000] {processor.py:183} INFO - Processing /home/airflow/.local/lib/python3.12/site-packages/airflow/example_dags/example_python_operator.py took 0.610 seconds
[2024-06-30T04:00:16.844+0000] {processor.py:161} INFO - Started process (PID=1200) to work on /home/airflow/.local/lib/python3.12/site-packages/airflow/example_dags/example_python_operator.py
[2024-06-30T04:00:16.846+0000] {processor.py:830} INFO - Processing file /home/airflow/.local/lib/python3.12/site-packages/airflow/example_dags/example_python_operator.py for tasks to queue
[2024-06-30T04:00:16.855+0000] {logging_mixin.py:188} INFO - [2024-06-30T04:00:16.854+0000] {dagbag.py:545} INFO - Filling up the DagBag from /home/airflow/.local/lib/python3.12/site-packages/airflow/example_dags/example_python_operator.py
[2024-06-30T04:00:16.887+0000] {processor.py:840} INFO - DAG(s) 'example_python_operator' retrieved from /home/airflow/.local/lib/python3.12/site-packages/airflow/example_dags/example_python_operator.py
[2024-06-30T04:00:16.953+0000] {logging_mixin.py:188} INFO - [2024-06-30T04:00:16.952+0000] {dag.py:3096} INFO - Sync 1 DAGs
[2024-06-30T04:00:16.993+0000] {logging_mixin.py:188} INFO - [2024-06-30T04:00:16.992+0000] {dag.py:3954} INFO - Setting next_dagrun for example_python_operator to None, run_after=None
[2024-06-30T04:00:17.097+0000] {processor.py:183} INFO - Processing /home/airflow/.local/lib/python3.12/site-packages/airflow/example_dags/example_python_operator.py took 0.270 seconds
[2024-06-30T04:00:47.361+0000] {processor.py:161} INFO - Started process (PID=1259) to work on /home/airflow/.local/lib/python3.12/site-packages/airflow/example_dags/example_python_operator.py
[2024-06-30T04:00:47.365+0000] {processor.py:830} INFO - Processing file /home/airflow/.local/lib/python3.12/site-packages/airflow/example_dags/example_python_operator.py for tasks to queue
[2024-06-30T04:00:47.372+0000] {logging_mixin.py:188} INFO - [2024-06-30T04:00:47.371+0000] {dagbag.py:545} INFO - Filling up the DagBag from /home/airflow/.local/lib/python3.12/site-packages/airflow/example_dags/example_python_operator.py
[2024-06-30T04:00:47.405+0000] {processor.py:840} INFO - DAG(s) 'example_python_operator' retrieved from /home/airflow/.local/lib/python3.12/site-packages/airflow/example_dags/example_python_operator.py
[2024-06-30T04:00:47.472+0000] {logging_mixin.py:188} INFO - [2024-06-30T04:00:47.472+0000] {dag.py:3096} INFO - Sync 1 DAGs
[2024-06-30T04:00:47.508+0000] {logging_mixin.py:188} INFO - [2024-06-30T04:00:47.507+0000] {dag.py:3954} INFO - Setting next_dagrun for example_python_operator to None, run_after=None
[2024-06-30T04:00:47.568+0000] {processor.py:183} INFO - Processing /home/airflow/.local/lib/python3.12/site-packages/airflow/example_dags/example_python_operator.py took 0.221 seconds
[2024-06-30T04:01:18.593+0000] {processor.py:161} INFO - Started process (PID=1317) to work on /home/airflow/.local/lib/python3.12/site-packages/airflow/example_dags/example_python_operator.py
[2024-06-30T04:01:18.599+0000] {processor.py:830} INFO - Processing file /home/airflow/.local/lib/python3.12/site-packages/airflow/example_dags/example_python_operator.py for tasks to queue
[2024-06-30T04:01:18.604+0000] {logging_mixin.py:188} INFO - [2024-06-30T04:01:18.603+0000] {dagbag.py:545} INFO - Filling up the DagBag from /home/airflow/.local/lib/python3.12/site-packages/airflow/example_dags/example_python_operator.py
[2024-06-30T04:01:18.636+0000] {processor.py:840} INFO - DAG(s) 'example_python_operator' retrieved from /home/airflow/.local/lib/python3.12/site-packages/airflow/example_dags/example_python_operator.py
[2024-06-30T04:01:18.717+0000] {logging_mixin.py:188} INFO - [2024-06-30T04:01:18.716+0000] {dag.py:3096} INFO - Sync 1 DAGs
[2024-06-30T04:01:18.774+0000] {logging_mixin.py:188} INFO - [2024-06-30T04:01:18.771+0000] {dag.py:3954} INFO - Setting next_dagrun for example_python_operator to None, run_after=None
[2024-06-30T04:01:18.868+0000] {processor.py:183} INFO - Processing /home/airflow/.local/lib/python3.12/site-packages/airflow/example_dags/example_python_operator.py took 0.292 seconds
[2024-06-30T04:01:49.392+0000] {processor.py:161} INFO - Started process (PID=1375) to work on /home/airflow/.local/lib/python3.12/site-packages/airflow/example_dags/example_python_operator.py
[2024-06-30T04:01:49.396+0000] {processor.py:830} INFO - Processing file /home/airflow/.local/lib/python3.12/site-packages/airflow/example_dags/example_python_operator.py for tasks to queue
[2024-06-30T04:01:49.407+0000] {logging_mixin.py:188} INFO - [2024-06-30T04:01:49.407+0000] {dagbag.py:545} INFO - Filling up the DagBag from /home/airflow/.local/lib/python3.12/site-packages/airflow/example_dags/example_python_operator.py
[2024-06-30T04:01:49.446+0000] {processor.py:840} INFO - DAG(s) 'example_python_operator' retrieved from /home/airflow/.local/lib/python3.12/site-packages/airflow/example_dags/example_python_operator.py
[2024-06-30T04:01:49.525+0000] {logging_mixin.py:188} INFO - [2024-06-30T04:01:49.524+0000] {dag.py:3096} INFO - Sync 1 DAGs
[2024-06-30T04:01:49.579+0000] {logging_mixin.py:188} INFO - [2024-06-30T04:01:49.578+0000] {dag.py:3954} INFO - Setting next_dagrun for example_python_operator to None, run_after=None
[2024-06-30T04:01:49.716+0000] {processor.py:183} INFO - Processing /home/airflow/.local/lib/python3.12/site-packages/airflow/example_dags/example_python_operator.py took 0.342 seconds
[2024-06-30T04:02:19.883+0000] {processor.py:161} INFO - Started process (PID=1433) to work on /home/airflow/.local/lib/python3.12/site-packages/airflow/example_dags/example_python_operator.py
[2024-06-30T04:02:19.895+0000] {processor.py:830} INFO - Processing file /home/airflow/.local/lib/python3.12/site-packages/airflow/example_dags/example_python_operator.py for tasks to queue
[2024-06-30T04:02:19.899+0000] {logging_mixin.py:188} INFO - [2024-06-30T04:02:19.899+0000] {dagbag.py:545} INFO - Filling up the DagBag from /home/airflow/.local/lib/python3.12/site-packages/airflow/example_dags/example_python_operator.py
[2024-06-30T04:02:19.932+0000] {processor.py:840} INFO - DAG(s) 'example_python_operator' retrieved from /home/airflow/.local/lib/python3.12/site-packages/airflow/example_dags/example_python_operator.py
[2024-06-30T04:02:19.982+0000] {logging_mixin.py:188} INFO - [2024-06-30T04:02:19.982+0000] {dag.py:3096} INFO - Sync 1 DAGs
[2024-06-30T04:02:20.017+0000] {logging_mixin.py:188} INFO - [2024-06-30T04:02:20.016+0000] {dag.py:3954} INFO - Setting next_dagrun for example_python_operator to None, run_after=None
[2024-06-30T04:02:20.074+0000] {processor.py:183} INFO - Processing /home/airflow/.local/lib/python3.12/site-packages/airflow/example_dags/example_python_operator.py took 0.206 seconds
[2024-06-30T04:02:51.262+0000] {processor.py:161} INFO - Started process (PID=1490) to work on /home/airflow/.local/lib/python3.12/site-packages/airflow/example_dags/example_python_operator.py
[2024-06-30T04:02:51.263+0000] {processor.py:830} INFO - Processing file /home/airflow/.local/lib/python3.12/site-packages/airflow/example_dags/example_python_operator.py for tasks to queue
[2024-06-30T04:02:51.277+0000] {logging_mixin.py:188} INFO - [2024-06-30T04:02:51.267+0000] {dagbag.py:545} INFO - Filling up the DagBag from /home/airflow/.local/lib/python3.12/site-packages/airflow/example_dags/example_python_operator.py
[2024-06-30T04:02:51.310+0000] {processor.py:840} INFO - DAG(s) 'example_python_operator' retrieved from /home/airflow/.local/lib/python3.12/site-packages/airflow/example_dags/example_python_operator.py
[2024-06-30T04:02:51.444+0000] {logging_mixin.py:188} INFO - [2024-06-30T04:02:51.443+0000] {dag.py:3096} INFO - Sync 1 DAGs
[2024-06-30T04:02:51.486+0000] {logging_mixin.py:188} INFO - [2024-06-30T04:02:51.485+0000] {dag.py:3954} INFO - Setting next_dagrun for example_python_operator to None, run_after=None
[2024-06-30T04:02:51.570+0000] {processor.py:183} INFO - Processing /home/airflow/.local/lib/python3.12/site-packages/airflow/example_dags/example_python_operator.py took 0.320 seconds
[2024-06-30T04:03:22.046+0000] {processor.py:161} INFO - Started process (PID=1548) to work on /home/airflow/.local/lib/python3.12/site-packages/airflow/example_dags/example_python_operator.py
[2024-06-30T04:03:22.049+0000] {processor.py:830} INFO - Processing file /home/airflow/.local/lib/python3.12/site-packages/airflow/example_dags/example_python_operator.py for tasks to queue
[2024-06-30T04:03:22.064+0000] {logging_mixin.py:188} INFO - [2024-06-30T04:03:22.058+0000] {dagbag.py:545} INFO - Filling up the DagBag from /home/airflow/.local/lib/python3.12/site-packages/airflow/example_dags/example_python_operator.py
[2024-06-30T04:03:22.114+0000] {processor.py:840} INFO - DAG(s) 'example_python_operator' retrieved from /home/airflow/.local/lib/python3.12/site-packages/airflow/example_dags/example_python_operator.py
[2024-06-30T04:03:22.193+0000] {logging_mixin.py:188} INFO - [2024-06-30T04:03:22.192+0000] {dag.py:3096} INFO - Sync 1 DAGs
[2024-06-30T04:03:22.246+0000] {logging_mixin.py:188} INFO - [2024-06-30T04:03:22.245+0000] {dag.py:3954} INFO - Setting next_dagrun for example_python_operator to None, run_after=None
[2024-06-30T04:03:22.340+0000] {processor.py:183} INFO - Processing /home/airflow/.local/lib/python3.12/site-packages/airflow/example_dags/example_python_operator.py took 0.341 seconds
[2024-06-30T04:03:53.703+0000] {processor.py:161} INFO - Started process (PID=1605) to work on /home/airflow/.local/lib/python3.12/site-packages/airflow/example_dags/example_python_operator.py
[2024-06-30T04:03:53.709+0000] {processor.py:830} INFO - Processing file /home/airflow/.local/lib/python3.12/site-packages/airflow/example_dags/example_python_operator.py for tasks to queue
[2024-06-30T04:03:53.714+0000] {logging_mixin.py:188} INFO - [2024-06-30T04:03:53.713+0000] {dagbag.py:545} INFO - Filling up the DagBag from /home/airflow/.local/lib/python3.12/site-packages/airflow/example_dags/example_python_operator.py
[2024-06-30T04:03:53.758+0000] {processor.py:840} INFO - DAG(s) 'example_python_operator' retrieved from /home/airflow/.local/lib/python3.12/site-packages/airflow/example_dags/example_python_operator.py
[2024-06-30T04:03:53.924+0000] {logging_mixin.py:188} INFO - [2024-06-30T04:03:53.923+0000] {dag.py:3096} INFO - Sync 1 DAGs
[2024-06-30T04:03:53.997+0000] {logging_mixin.py:188} INFO - [2024-06-30T04:03:53.996+0000] {dag.py:3954} INFO - Setting next_dagrun for example_python_operator to None, run_after=None
[2024-06-30T04:03:54.165+0000] {processor.py:183} INFO - Processing /home/airflow/.local/lib/python3.12/site-packages/airflow/example_dags/example_python_operator.py took 0.480 seconds
[2024-06-30T04:04:29.246+0000] {processor.py:161} INFO - Started process (PID=1664) to work on /home/airflow/.local/lib/python3.12/site-packages/airflow/example_dags/example_python_operator.py
[2024-06-30T04:04:29.249+0000] {processor.py:830} INFO - Processing file /home/airflow/.local/lib/python3.12/site-packages/airflow/example_dags/example_python_operator.py for tasks to queue
[2024-06-30T04:04:29.253+0000] {logging_mixin.py:188} INFO - [2024-06-30T04:04:29.252+0000] {dagbag.py:545} INFO - Filling up the DagBag from /home/airflow/.local/lib/python3.12/site-packages/airflow/example_dags/example_python_operator.py
[2024-06-30T04:04:29.277+0000] {processor.py:840} INFO - DAG(s) 'example_python_operator' retrieved from /home/airflow/.local/lib/python3.12/site-packages/airflow/example_dags/example_python_operator.py
[2024-06-30T04:04:29.355+0000] {logging_mixin.py:188} INFO - [2024-06-30T04:04:29.354+0000] {dag.py:3096} INFO - Sync 1 DAGs
[2024-06-30T04:04:29.390+0000] {logging_mixin.py:188} INFO - [2024-06-30T04:04:29.389+0000] {dag.py:3954} INFO - Setting next_dagrun for example_python_operator to None, run_after=None
[2024-06-30T04:04:29.502+0000] {processor.py:183} INFO - Processing /home/airflow/.local/lib/python3.12/site-packages/airflow/example_dags/example_python_operator.py took 0.269 seconds
[2024-06-30T04:05:03.756+0000] {processor.py:161} INFO - Started process (PID=1727) to work on /home/airflow/.local/lib/python3.12/site-packages/airflow/example_dags/example_python_operator.py
[2024-06-30T04:05:03.758+0000] {processor.py:830} INFO - Processing file /home/airflow/.local/lib/python3.12/site-packages/airflow/example_dags/example_python_operator.py for tasks to queue
[2024-06-30T04:05:03.762+0000] {logging_mixin.py:188} INFO - [2024-06-30T04:05:03.761+0000] {dagbag.py:545} INFO - Filling up the DagBag from /home/airflow/.local/lib/python3.12/site-packages/airflow/example_dags/example_python_operator.py
[2024-06-30T04:05:03.805+0000] {processor.py:840} INFO - DAG(s) 'example_python_operator' retrieved from /home/airflow/.local/lib/python3.12/site-packages/airflow/example_dags/example_python_operator.py
[2024-06-30T04:05:03.879+0000] {logging_mixin.py:188} INFO - [2024-06-30T04:05:03.878+0000] {dag.py:3096} INFO - Sync 1 DAGs
[2024-06-30T04:05:03.940+0000] {logging_mixin.py:188} INFO - [2024-06-30T04:05:03.940+0000] {dag.py:3954} INFO - Setting next_dagrun for example_python_operator to None, run_after=None
[2024-06-30T04:05:04.027+0000] {processor.py:183} INFO - Processing /home/airflow/.local/lib/python3.12/site-packages/airflow/example_dags/example_python_operator.py took 0.286 seconds
[2024-06-30T04:05:35.433+0000] {processor.py:161} INFO - Started process (PID=1790) to work on /home/airflow/.local/lib/python3.12/site-packages/airflow/example_dags/example_python_operator.py
[2024-06-30T04:05:35.440+0000] {processor.py:830} INFO - Processing file /home/airflow/.local/lib/python3.12/site-packages/airflow/example_dags/example_python_operator.py for tasks to queue
[2024-06-30T04:05:35.446+0000] {logging_mixin.py:188} INFO - [2024-06-30T04:05:35.445+0000] {dagbag.py:545} INFO - Filling up the DagBag from /home/airflow/.local/lib/python3.12/site-packages/airflow/example_dags/example_python_operator.py
[2024-06-30T04:05:35.481+0000] {processor.py:840} INFO - DAG(s) 'example_python_operator' retrieved from /home/airflow/.local/lib/python3.12/site-packages/airflow/example_dags/example_python_operator.py
[2024-06-30T04:05:35.549+0000] {logging_mixin.py:188} INFO - [2024-06-30T04:05:35.548+0000] {dag.py:3096} INFO - Sync 1 DAGs
[2024-06-30T04:05:36.257+0000] {logging_mixin.py:188} INFO - [2024-06-30T04:05:36.256+0000] {dag.py:3954} INFO - Setting next_dagrun for example_python_operator to None, run_after=None
[2024-06-30T04:05:36.368+0000] {processor.py:183} INFO - Processing /home/airflow/.local/lib/python3.12/site-packages/airflow/example_dags/example_python_operator.py took 0.951 seconds
[2024-06-30T04:06:06.811+0000] {processor.py:161} INFO - Started process (PID=1848) to work on /home/airflow/.local/lib/python3.12/site-packages/airflow/example_dags/example_python_operator.py
[2024-06-30T04:06:06.813+0000] {processor.py:830} INFO - Processing file /home/airflow/.local/lib/python3.12/site-packages/airflow/example_dags/example_python_operator.py for tasks to queue
[2024-06-30T04:06:06.816+0000] {logging_mixin.py:188} INFO - [2024-06-30T04:06:06.815+0000] {dagbag.py:545} INFO - Filling up the DagBag from /home/airflow/.local/lib/python3.12/site-packages/airflow/example_dags/example_python_operator.py
[2024-06-30T04:06:06.839+0000] {processor.py:840} INFO - DAG(s) 'example_python_operator' retrieved from /home/airflow/.local/lib/python3.12/site-packages/airflow/example_dags/example_python_operator.py
[2024-06-30T04:06:06.909+0000] {logging_mixin.py:188} INFO - [2024-06-30T04:06:06.909+0000] {dag.py:3096} INFO - Sync 1 DAGs
[2024-06-30T04:06:06.951+0000] {logging_mixin.py:188} INFO - [2024-06-30T04:06:06.950+0000] {dag.py:3954} INFO - Setting next_dagrun for example_python_operator to None, run_after=None
[2024-06-30T04:06:07.057+0000] {processor.py:183} INFO - Processing /home/airflow/.local/lib/python3.12/site-packages/airflow/example_dags/example_python_operator.py took 0.262 seconds
[2024-06-30T04:06:37.420+0000] {processor.py:161} INFO - Started process (PID=1907) to work on /home/airflow/.local/lib/python3.12/site-packages/airflow/example_dags/example_python_operator.py
[2024-06-30T04:06:37.422+0000] {processor.py:830} INFO - Processing file /home/airflow/.local/lib/python3.12/site-packages/airflow/example_dags/example_python_operator.py for tasks to queue
[2024-06-30T04:06:37.431+0000] {logging_mixin.py:188} INFO - [2024-06-30T04:06:37.429+0000] {dagbag.py:545} INFO - Filling up the DagBag from /home/airflow/.local/lib/python3.12/site-packages/airflow/example_dags/example_python_operator.py
[2024-06-30T04:06:37.472+0000] {processor.py:840} INFO - DAG(s) 'example_python_operator' retrieved from /home/airflow/.local/lib/python3.12/site-packages/airflow/example_dags/example_python_operator.py
[2024-06-30T04:06:37.569+0000] {logging_mixin.py:188} INFO - [2024-06-30T04:06:37.569+0000] {dag.py:3096} INFO - Sync 1 DAGs
[2024-06-30T04:06:37.628+0000] {logging_mixin.py:188} INFO - [2024-06-30T04:06:37.627+0000] {dag.py:3954} INFO - Setting next_dagrun for example_python_operator to None, run_after=None
[2024-06-30T04:06:37.766+0000] {processor.py:183} INFO - Processing /home/airflow/.local/lib/python3.12/site-packages/airflow/example_dags/example_python_operator.py took 0.365 seconds
[2024-06-30T04:07:07.941+0000] {processor.py:161} INFO - Started process (PID=1964) to work on /home/airflow/.local/lib/python3.12/site-packages/airflow/example_dags/example_python_operator.py
[2024-06-30T04:07:07.943+0000] {processor.py:830} INFO - Processing file /home/airflow/.local/lib/python3.12/site-packages/airflow/example_dags/example_python_operator.py for tasks to queue
[2024-06-30T04:07:07.948+0000] {logging_mixin.py:188} INFO - [2024-06-30T04:07:07.948+0000] {dagbag.py:545} INFO - Filling up the DagBag from /home/airflow/.local/lib/python3.12/site-packages/airflow/example_dags/example_python_operator.py
[2024-06-30T04:07:07.997+0000] {processor.py:840} INFO - DAG(s) 'example_python_operator' retrieved from /home/airflow/.local/lib/python3.12/site-packages/airflow/example_dags/example_python_operator.py
[2024-06-30T04:07:08.080+0000] {logging_mixin.py:188} INFO - [2024-06-30T04:07:08.079+0000] {dag.py:3096} INFO - Sync 1 DAGs
[2024-06-30T04:07:08.129+0000] {logging_mixin.py:188} INFO - [2024-06-30T04:07:08.128+0000] {dag.py:3954} INFO - Setting next_dagrun for example_python_operator to None, run_after=None
[2024-06-30T04:07:08.278+0000] {processor.py:183} INFO - Processing /home/airflow/.local/lib/python3.12/site-packages/airflow/example_dags/example_python_operator.py took 0.355 seconds
[2024-06-30T04:07:38.730+0000] {processor.py:161} INFO - Started process (PID=2022) to work on /home/airflow/.local/lib/python3.12/site-packages/airflow/example_dags/example_python_operator.py
[2024-06-30T04:07:38.756+0000] {processor.py:830} INFO - Processing file /home/airflow/.local/lib/python3.12/site-packages/airflow/example_dags/example_python_operator.py for tasks to queue
[2024-06-30T04:07:38.790+0000] {logging_mixin.py:188} INFO - [2024-06-30T04:07:38.789+0000] {dagbag.py:545} INFO - Filling up the DagBag from /home/airflow/.local/lib/python3.12/site-packages/airflow/example_dags/example_python_operator.py
[2024-06-30T04:07:38.843+0000] {processor.py:840} INFO - DAG(s) 'example_python_operator' retrieved from /home/airflow/.local/lib/python3.12/site-packages/airflow/example_dags/example_python_operator.py
[2024-06-30T04:07:38.943+0000] {logging_mixin.py:188} INFO - [2024-06-30T04:07:38.942+0000] {dag.py:3096} INFO - Sync 1 DAGs
[2024-06-30T04:07:38.992+0000] {logging_mixin.py:188} INFO - [2024-06-30T04:07:38.991+0000] {dag.py:3954} INFO - Setting next_dagrun for example_python_operator to None, run_after=None
[2024-06-30T04:07:39.073+0000] {processor.py:183} INFO - Processing /home/airflow/.local/lib/python3.12/site-packages/airflow/example_dags/example_python_operator.py took 0.362 seconds
[2024-06-30T04:08:09.575+0000] {processor.py:161} INFO - Started process (PID=2080) to work on /home/airflow/.local/lib/python3.12/site-packages/airflow/example_dags/example_python_operator.py
[2024-06-30T04:08:09.582+0000] {processor.py:830} INFO - Processing file /home/airflow/.local/lib/python3.12/site-packages/airflow/example_dags/example_python_operator.py for tasks to queue
[2024-06-30T04:08:09.585+0000] {logging_mixin.py:188} INFO - [2024-06-30T04:08:09.585+0000] {dagbag.py:545} INFO - Filling up the DagBag from /home/airflow/.local/lib/python3.12/site-packages/airflow/example_dags/example_python_operator.py
[2024-06-30T04:08:09.628+0000] {processor.py:840} INFO - DAG(s) 'example_python_operator' retrieved from /home/airflow/.local/lib/python3.12/site-packages/airflow/example_dags/example_python_operator.py
[2024-06-30T04:08:09.737+0000] {logging_mixin.py:188} INFO - [2024-06-30T04:08:09.737+0000] {dag.py:3096} INFO - Sync 1 DAGs
[2024-06-30T04:08:09.800+0000] {logging_mixin.py:188} INFO - [2024-06-30T04:08:09.799+0000] {dag.py:3954} INFO - Setting next_dagrun for example_python_operator to None, run_after=None
[2024-06-30T04:08:09.891+0000] {processor.py:183} INFO - Processing /home/airflow/.local/lib/python3.12/site-packages/airflow/example_dags/example_python_operator.py took 0.328 seconds
[2024-06-30T04:08:45.406+0000] {processor.py:161} INFO - Started process (PID=2139) to work on /home/airflow/.local/lib/python3.12/site-packages/airflow/example_dags/example_python_operator.py
[2024-06-30T04:08:45.419+0000] {processor.py:830} INFO - Processing file /home/airflow/.local/lib/python3.12/site-packages/airflow/example_dags/example_python_operator.py for tasks to queue
[2024-06-30T04:08:45.431+0000] {logging_mixin.py:188} INFO - [2024-06-30T04:08:45.430+0000] {dagbag.py:545} INFO - Filling up the DagBag from /home/airflow/.local/lib/python3.12/site-packages/airflow/example_dags/example_python_operator.py
[2024-06-30T04:08:45.503+0000] {processor.py:840} INFO - DAG(s) 'example_python_operator' retrieved from /home/airflow/.local/lib/python3.12/site-packages/airflow/example_dags/example_python_operator.py
[2024-06-30T04:08:45.677+0000] {logging_mixin.py:188} INFO - [2024-06-30T04:08:45.676+0000] {dag.py:3096} INFO - Sync 1 DAGs
[2024-06-30T04:08:45.787+0000] {logging_mixin.py:188} INFO - [2024-06-30T04:08:45.787+0000] {dag.py:3954} INFO - Setting next_dagrun for example_python_operator to None, run_after=None
[2024-06-30T04:08:45.988+0000] {processor.py:183} INFO - Processing /home/airflow/.local/lib/python3.12/site-packages/airflow/example_dags/example_python_operator.py took 0.619 seconds
[2024-06-30T04:09:16.418+0000] {processor.py:161} INFO - Started process (PID=2197) to work on /home/airflow/.local/lib/python3.12/site-packages/airflow/example_dags/example_python_operator.py
[2024-06-30T04:09:16.420+0000] {processor.py:830} INFO - Processing file /home/airflow/.local/lib/python3.12/site-packages/airflow/example_dags/example_python_operator.py for tasks to queue
[2024-06-30T04:09:16.433+0000] {logging_mixin.py:188} INFO - [2024-06-30T04:09:16.432+0000] {dagbag.py:545} INFO - Filling up the DagBag from /home/airflow/.local/lib/python3.12/site-packages/airflow/example_dags/example_python_operator.py
[2024-06-30T04:09:16.495+0000] {processor.py:840} INFO - DAG(s) 'example_python_operator' retrieved from /home/airflow/.local/lib/python3.12/site-packages/airflow/example_dags/example_python_operator.py
[2024-06-30T04:09:16.646+0000] {logging_mixin.py:188} INFO - [2024-06-30T04:09:16.646+0000] {dag.py:3096} INFO - Sync 1 DAGs
[2024-06-30T04:09:16.743+0000] {logging_mixin.py:188} INFO - [2024-06-30T04:09:16.742+0000] {dag.py:3954} INFO - Setting next_dagrun for example_python_operator to None, run_after=None
[2024-06-30T04:09:16.890+0000] {processor.py:183} INFO - Processing /home/airflow/.local/lib/python3.12/site-packages/airflow/example_dags/example_python_operator.py took 0.510 seconds
[2024-06-30T04:09:47.606+0000] {processor.py:161} INFO - Started process (PID=2254) to work on /home/airflow/.local/lib/python3.12/site-packages/airflow/example_dags/example_python_operator.py
[2024-06-30T04:09:47.608+0000] {processor.py:830} INFO - Processing file /home/airflow/.local/lib/python3.12/site-packages/airflow/example_dags/example_python_operator.py for tasks to queue
[2024-06-30T04:09:47.613+0000] {logging_mixin.py:188} INFO - [2024-06-30T04:09:47.611+0000] {dagbag.py:545} INFO - Filling up the DagBag from /home/airflow/.local/lib/python3.12/site-packages/airflow/example_dags/example_python_operator.py
[2024-06-30T04:09:47.637+0000] {processor.py:840} INFO - DAG(s) 'example_python_operator' retrieved from /home/airflow/.local/lib/python3.12/site-packages/airflow/example_dags/example_python_operator.py
[2024-06-30T04:09:47.700+0000] {logging_mixin.py:188} INFO - [2024-06-30T04:09:47.700+0000] {dag.py:3096} INFO - Sync 1 DAGs
[2024-06-30T04:09:47.740+0000] {logging_mixin.py:188} INFO - [2024-06-30T04:09:47.740+0000] {dag.py:3954} INFO - Setting next_dagrun for example_python_operator to None, run_after=None
[2024-06-30T04:09:47.808+0000] {processor.py:183} INFO - Processing /home/airflow/.local/lib/python3.12/site-packages/airflow/example_dags/example_python_operator.py took 0.213 seconds
[2024-06-30T04:10:18.156+0000] {processor.py:161} INFO - Started process (PID=2312) to work on /home/airflow/.local/lib/python3.12/site-packages/airflow/example_dags/example_python_operator.py
[2024-06-30T04:10:18.158+0000] {processor.py:830} INFO - Processing file /home/airflow/.local/lib/python3.12/site-packages/airflow/example_dags/example_python_operator.py for tasks to queue
[2024-06-30T04:10:18.161+0000] {logging_mixin.py:188} INFO - [2024-06-30T04:10:18.161+0000] {dagbag.py:545} INFO - Filling up the DagBag from /home/airflow/.local/lib/python3.12/site-packages/airflow/example_dags/example_python_operator.py
[2024-06-30T04:10:18.179+0000] {processor.py:840} INFO - DAG(s) 'example_python_operator' retrieved from /home/airflow/.local/lib/python3.12/site-packages/airflow/example_dags/example_python_operator.py
[2024-06-30T04:10:18.214+0000] {logging_mixin.py:188} INFO - [2024-06-30T04:10:18.213+0000] {dag.py:3096} INFO - Sync 1 DAGs
[2024-06-30T04:10:18.234+0000] {logging_mixin.py:188} INFO - [2024-06-30T04:10:18.233+0000] {dag.py:3954} INFO - Setting next_dagrun for example_python_operator to None, run_after=None
[2024-06-30T04:10:18.265+0000] {processor.py:183} INFO - Processing /home/airflow/.local/lib/python3.12/site-packages/airflow/example_dags/example_python_operator.py took 0.130 seconds
[2024-06-30T04:10:48.727+0000] {processor.py:161} INFO - Started process (PID=2370) to work on /home/airflow/.local/lib/python3.12/site-packages/airflow/example_dags/example_python_operator.py
[2024-06-30T04:10:48.728+0000] {processor.py:830} INFO - Processing file /home/airflow/.local/lib/python3.12/site-packages/airflow/example_dags/example_python_operator.py for tasks to queue
[2024-06-30T04:10:48.733+0000] {logging_mixin.py:188} INFO - [2024-06-30T04:10:48.732+0000] {dagbag.py:545} INFO - Filling up the DagBag from /home/airflow/.local/lib/python3.12/site-packages/airflow/example_dags/example_python_operator.py
[2024-06-30T04:10:48.748+0000] {processor.py:840} INFO - DAG(s) 'example_python_operator' retrieved from /home/airflow/.local/lib/python3.12/site-packages/airflow/example_dags/example_python_operator.py
[2024-06-30T04:10:48.782+0000] {logging_mixin.py:188} INFO - [2024-06-30T04:10:48.781+0000] {dag.py:3096} INFO - Sync 1 DAGs
[2024-06-30T04:10:48.800+0000] {logging_mixin.py:188} INFO - [2024-06-30T04:10:48.799+0000] {dag.py:3954} INFO - Setting next_dagrun for example_python_operator to None, run_after=None
[2024-06-30T04:10:48.830+0000] {processor.py:183} INFO - Processing /home/airflow/.local/lib/python3.12/site-packages/airflow/example_dags/example_python_operator.py took 0.111 seconds
[2024-06-30T04:11:19.414+0000] {processor.py:161} INFO - Started process (PID=2428) to work on /home/airflow/.local/lib/python3.12/site-packages/airflow/example_dags/example_python_operator.py
[2024-06-30T04:11:19.416+0000] {processor.py:830} INFO - Processing file /home/airflow/.local/lib/python3.12/site-packages/airflow/example_dags/example_python_operator.py for tasks to queue
[2024-06-30T04:11:19.419+0000] {logging_mixin.py:188} INFO - [2024-06-30T04:11:19.418+0000] {dagbag.py:545} INFO - Filling up the DagBag from /home/airflow/.local/lib/python3.12/site-packages/airflow/example_dags/example_python_operator.py
[2024-06-30T04:11:19.440+0000] {processor.py:840} INFO - DAG(s) 'example_python_operator' retrieved from /home/airflow/.local/lib/python3.12/site-packages/airflow/example_dags/example_python_operator.py
[2024-06-30T04:11:19.491+0000] {logging_mixin.py:188} INFO - [2024-06-30T04:11:19.491+0000] {dag.py:3096} INFO - Sync 1 DAGs
[2024-06-30T04:11:19.513+0000] {logging_mixin.py:188} INFO - [2024-06-30T04:11:19.512+0000] {dag.py:3954} INFO - Setting next_dagrun for example_python_operator to None, run_after=None
[2024-06-30T04:11:19.549+0000] {processor.py:183} INFO - Processing /home/airflow/.local/lib/python3.12/site-packages/airflow/example_dags/example_python_operator.py took 0.144 seconds
[2024-06-30T04:11:49.740+0000] {processor.py:161} INFO - Started process (PID=2485) to work on /home/airflow/.local/lib/python3.12/site-packages/airflow/example_dags/example_python_operator.py
[2024-06-30T04:11:49.741+0000] {processor.py:830} INFO - Processing file /home/airflow/.local/lib/python3.12/site-packages/airflow/example_dags/example_python_operator.py for tasks to queue
[2024-06-30T04:11:49.744+0000] {logging_mixin.py:188} INFO - [2024-06-30T04:11:49.744+0000] {dagbag.py:545} INFO - Filling up the DagBag from /home/airflow/.local/lib/python3.12/site-packages/airflow/example_dags/example_python_operator.py
[2024-06-30T04:11:49.755+0000] {processor.py:840} INFO - DAG(s) 'example_python_operator' retrieved from /home/airflow/.local/lib/python3.12/site-packages/airflow/example_dags/example_python_operator.py
[2024-06-30T04:11:49.785+0000] {logging_mixin.py:188} INFO - [2024-06-30T04:11:49.785+0000] {dag.py:3096} INFO - Sync 1 DAGs
[2024-06-30T04:11:49.801+0000] {logging_mixin.py:188} INFO - [2024-06-30T04:11:49.800+0000] {dag.py:3954} INFO - Setting next_dagrun for example_python_operator to None, run_after=None
[2024-06-30T04:11:49.840+0000] {processor.py:183} INFO - Processing /home/airflow/.local/lib/python3.12/site-packages/airflow/example_dags/example_python_operator.py took 0.112 seconds
[2024-06-30T04:12:19.974+0000] {processor.py:161} INFO - Started process (PID=2543) to work on /home/airflow/.local/lib/python3.12/site-packages/airflow/example_dags/example_python_operator.py
[2024-06-30T04:12:19.975+0000] {processor.py:830} INFO - Processing file /home/airflow/.local/lib/python3.12/site-packages/airflow/example_dags/example_python_operator.py for tasks to queue
[2024-06-30T04:12:19.979+0000] {logging_mixin.py:188} INFO - [2024-06-30T04:12:19.978+0000] {dagbag.py:545} INFO - Filling up the DagBag from /home/airflow/.local/lib/python3.12/site-packages/airflow/example_dags/example_python_operator.py
[2024-06-30T04:12:19.996+0000] {processor.py:840} INFO - DAG(s) 'example_python_operator' retrieved from /home/airflow/.local/lib/python3.12/site-packages/airflow/example_dags/example_python_operator.py
[2024-06-30T04:12:20.040+0000] {logging_mixin.py:188} INFO - [2024-06-30T04:12:20.039+0000] {dag.py:3096} INFO - Sync 1 DAGs
[2024-06-30T04:12:20.066+0000] {logging_mixin.py:188} INFO - [2024-06-30T04:12:20.066+0000] {dag.py:3954} INFO - Setting next_dagrun for example_python_operator to None, run_after=None
[2024-06-30T04:12:20.104+0000] {processor.py:183} INFO - Processing /home/airflow/.local/lib/python3.12/site-packages/airflow/example_dags/example_python_operator.py took 0.138 seconds
[2024-06-30T04:12:50.270+0000] {processor.py:161} INFO - Started process (PID=2601) to work on /home/airflow/.local/lib/python3.12/site-packages/airflow/example_dags/example_python_operator.py
[2024-06-30T04:12:50.272+0000] {processor.py:830} INFO - Processing file /home/airflow/.local/lib/python3.12/site-packages/airflow/example_dags/example_python_operator.py for tasks to queue
[2024-06-30T04:12:50.274+0000] {logging_mixin.py:188} INFO - [2024-06-30T04:12:50.274+0000] {dagbag.py:545} INFO - Filling up the DagBag from /home/airflow/.local/lib/python3.12/site-packages/airflow/example_dags/example_python_operator.py
[2024-06-30T04:12:50.288+0000] {processor.py:840} INFO - DAG(s) 'example_python_operator' retrieved from /home/airflow/.local/lib/python3.12/site-packages/airflow/example_dags/example_python_operator.py
[2024-06-30T04:12:50.322+0000] {logging_mixin.py:188} INFO - [2024-06-30T04:12:50.321+0000] {dag.py:3096} INFO - Sync 1 DAGs
[2024-06-30T04:12:50.342+0000] {logging_mixin.py:188} INFO - [2024-06-30T04:12:50.342+0000] {dag.py:3954} INFO - Setting next_dagrun for example_python_operator to None, run_after=None
[2024-06-30T04:12:50.373+0000] {processor.py:183} INFO - Processing /home/airflow/.local/lib/python3.12/site-packages/airflow/example_dags/example_python_operator.py took 0.110 seconds
[2024-06-30T04:13:20.923+0000] {processor.py:161} INFO - Started process (PID=2659) to work on /home/airflow/.local/lib/python3.12/site-packages/airflow/example_dags/example_python_operator.py
[2024-06-30T04:13:20.925+0000] {processor.py:830} INFO - Processing file /home/airflow/.local/lib/python3.12/site-packages/airflow/example_dags/example_python_operator.py for tasks to queue
[2024-06-30T04:13:20.928+0000] {logging_mixin.py:188} INFO - [2024-06-30T04:13:20.928+0000] {dagbag.py:545} INFO - Filling up the DagBag from /home/airflow/.local/lib/python3.12/site-packages/airflow/example_dags/example_python_operator.py
[2024-06-30T04:13:20.947+0000] {processor.py:840} INFO - DAG(s) 'example_python_operator' retrieved from /home/airflow/.local/lib/python3.12/site-packages/airflow/example_dags/example_python_operator.py
[2024-06-30T04:13:20.986+0000] {logging_mixin.py:188} INFO - [2024-06-30T04:13:20.986+0000] {dag.py:3096} INFO - Sync 1 DAGs
[2024-06-30T04:13:21.017+0000] {logging_mixin.py:188} INFO - [2024-06-30T04:13:21.017+0000] {dag.py:3954} INFO - Setting next_dagrun for example_python_operator to None, run_after=None
[2024-06-30T04:13:21.070+0000] {processor.py:183} INFO - Processing /home/airflow/.local/lib/python3.12/site-packages/airflow/example_dags/example_python_operator.py took 0.159 seconds
[2024-06-30T04:13:51.417+0000] {processor.py:161} INFO - Started process (PID=2719) to work on /home/airflow/.local/lib/python3.12/site-packages/airflow/example_dags/example_python_operator.py
[2024-06-30T04:13:51.419+0000] {processor.py:830} INFO - Processing file /home/airflow/.local/lib/python3.12/site-packages/airflow/example_dags/example_python_operator.py for tasks to queue
[2024-06-30T04:13:51.421+0000] {logging_mixin.py:188} INFO - [2024-06-30T04:13:51.421+0000] {dagbag.py:545} INFO - Filling up the DagBag from /home/airflow/.local/lib/python3.12/site-packages/airflow/example_dags/example_python_operator.py
[2024-06-30T04:13:51.449+0000] {processor.py:840} INFO - DAG(s) 'example_python_operator' retrieved from /home/airflow/.local/lib/python3.12/site-packages/airflow/example_dags/example_python_operator.py
[2024-06-30T04:13:51.501+0000] {logging_mixin.py:188} INFO - [2024-06-30T04:13:51.501+0000] {dag.py:3096} INFO - Sync 1 DAGs
[2024-06-30T04:13:51.522+0000] {logging_mixin.py:188} INFO - [2024-06-30T04:13:51.521+0000] {dag.py:3954} INFO - Setting next_dagrun for example_python_operator to None, run_after=None
[2024-06-30T04:13:51.562+0000] {processor.py:183} INFO - Processing /home/airflow/.local/lib/python3.12/site-packages/airflow/example_dags/example_python_operator.py took 0.154 seconds
[2024-06-30T04:14:21.617+0000] {processor.py:161} INFO - Started process (PID=2777) to work on /home/airflow/.local/lib/python3.12/site-packages/airflow/example_dags/example_python_operator.py
[2024-06-30T04:14:21.618+0000] {processor.py:830} INFO - Processing file /home/airflow/.local/lib/python3.12/site-packages/airflow/example_dags/example_python_operator.py for tasks to queue
[2024-06-30T04:14:21.621+0000] {logging_mixin.py:188} INFO - [2024-06-30T04:14:21.620+0000] {dagbag.py:545} INFO - Filling up the DagBag from /home/airflow/.local/lib/python3.12/site-packages/airflow/example_dags/example_python_operator.py
[2024-06-30T04:14:21.639+0000] {processor.py:840} INFO - DAG(s) 'example_python_operator' retrieved from /home/airflow/.local/lib/python3.12/site-packages/airflow/example_dags/example_python_operator.py
[2024-06-30T04:14:21.685+0000] {logging_mixin.py:188} INFO - [2024-06-30T04:14:21.685+0000] {dag.py:3096} INFO - Sync 1 DAGs
[2024-06-30T04:14:21.708+0000] {logging_mixin.py:188} INFO - [2024-06-30T04:14:21.707+0000] {dag.py:3954} INFO - Setting next_dagrun for example_python_operator to None, run_after=None
[2024-06-30T04:14:21.742+0000] {processor.py:183} INFO - Processing /home/airflow/.local/lib/python3.12/site-packages/airflow/example_dags/example_python_operator.py took 0.133 seconds
[2024-06-30T04:14:52.233+0000] {processor.py:161} INFO - Started process (PID=2835) to work on /home/airflow/.local/lib/python3.12/site-packages/airflow/example_dags/example_python_operator.py
[2024-06-30T04:14:52.234+0000] {processor.py:830} INFO - Processing file /home/airflow/.local/lib/python3.12/site-packages/airflow/example_dags/example_python_operator.py for tasks to queue
[2024-06-30T04:14:52.237+0000] {logging_mixin.py:188} INFO - [2024-06-30T04:14:52.237+0000] {dagbag.py:545} INFO - Filling up the DagBag from /home/airflow/.local/lib/python3.12/site-packages/airflow/example_dags/example_python_operator.py
[2024-06-30T04:14:52.255+0000] {processor.py:840} INFO - DAG(s) 'example_python_operator' retrieved from /home/airflow/.local/lib/python3.12/site-packages/airflow/example_dags/example_python_operator.py
[2024-06-30T04:14:52.298+0000] {logging_mixin.py:188} INFO - [2024-06-30T04:14:52.298+0000] {dag.py:3096} INFO - Sync 1 DAGs
[2024-06-30T04:14:52.322+0000] {logging_mixin.py:188} INFO - [2024-06-30T04:14:52.322+0000] {dag.py:3954} INFO - Setting next_dagrun for example_python_operator to None, run_after=None
[2024-06-30T04:14:52.364+0000] {processor.py:183} INFO - Processing /home/airflow/.local/lib/python3.12/site-packages/airflow/example_dags/example_python_operator.py took 0.140 seconds
[2024-06-30T04:15:22.651+0000] {processor.py:161} INFO - Started process (PID=2893) to work on /home/airflow/.local/lib/python3.12/site-packages/airflow/example_dags/example_python_operator.py
[2024-06-30T04:15:22.653+0000] {processor.py:830} INFO - Processing file /home/airflow/.local/lib/python3.12/site-packages/airflow/example_dags/example_python_operator.py for tasks to queue
[2024-06-30T04:15:22.655+0000] {logging_mixin.py:188} INFO - [2024-06-30T04:15:22.655+0000] {dagbag.py:545} INFO - Filling up the DagBag from /home/airflow/.local/lib/python3.12/site-packages/airflow/example_dags/example_python_operator.py
[2024-06-30T04:15:22.670+0000] {processor.py:840} INFO - DAG(s) 'example_python_operator' retrieved from /home/airflow/.local/lib/python3.12/site-packages/airflow/example_dags/example_python_operator.py
[2024-06-30T04:15:22.705+0000] {logging_mixin.py:188} INFO - [2024-06-30T04:15:22.705+0000] {dag.py:3096} INFO - Sync 1 DAGs
[2024-06-30T04:15:22.727+0000] {logging_mixin.py:188} INFO - [2024-06-30T04:15:22.727+0000] {dag.py:3954} INFO - Setting next_dagrun for example_python_operator to None, run_after=None
[2024-06-30T04:15:22.764+0000] {processor.py:183} INFO - Processing /home/airflow/.local/lib/python3.12/site-packages/airflow/example_dags/example_python_operator.py took 0.121 seconds
[2024-06-30T04:15:53.680+0000] {processor.py:161} INFO - Started process (PID=2951) to work on /home/airflow/.local/lib/python3.12/site-packages/airflow/example_dags/example_python_operator.py
[2024-06-30T04:15:53.682+0000] {processor.py:830} INFO - Processing file /home/airflow/.local/lib/python3.12/site-packages/airflow/example_dags/example_python_operator.py for tasks to queue
[2024-06-30T04:15:53.685+0000] {logging_mixin.py:188} INFO - [2024-06-30T04:15:53.685+0000] {dagbag.py:545} INFO - Filling up the DagBag from /home/airflow/.local/lib/python3.12/site-packages/airflow/example_dags/example_python_operator.py
[2024-06-30T04:15:53.705+0000] {processor.py:840} INFO - DAG(s) 'example_python_operator' retrieved from /home/airflow/.local/lib/python3.12/site-packages/airflow/example_dags/example_python_operator.py
[2024-06-30T04:15:53.756+0000] {logging_mixin.py:188} INFO - [2024-06-30T04:15:53.755+0000] {dag.py:3096} INFO - Sync 1 DAGs
[2024-06-30T04:15:53.790+0000] {logging_mixin.py:188} INFO - [2024-06-30T04:15:53.789+0000] {dag.py:3954} INFO - Setting next_dagrun for example_python_operator to None, run_after=None
[2024-06-30T04:15:53.859+0000] {processor.py:183} INFO - Processing /home/airflow/.local/lib/python3.12/site-packages/airflow/example_dags/example_python_operator.py took 0.189 seconds
[2024-06-30T04:16:24.004+0000] {processor.py:161} INFO - Started process (PID=3009) to work on /home/airflow/.local/lib/python3.12/site-packages/airflow/example_dags/example_python_operator.py
[2024-06-30T04:16:24.006+0000] {processor.py:830} INFO - Processing file /home/airflow/.local/lib/python3.12/site-packages/airflow/example_dags/example_python_operator.py for tasks to queue
[2024-06-30T04:16:24.011+0000] {logging_mixin.py:188} INFO - [2024-06-30T04:16:24.009+0000] {dagbag.py:545} INFO - Filling up the DagBag from /home/airflow/.local/lib/python3.12/site-packages/airflow/example_dags/example_python_operator.py
[2024-06-30T04:16:24.034+0000] {processor.py:840} INFO - DAG(s) 'example_python_operator' retrieved from /home/airflow/.local/lib/python3.12/site-packages/airflow/example_dags/example_python_operator.py
[2024-06-30T04:16:24.076+0000] {logging_mixin.py:188} INFO - [2024-06-30T04:16:24.076+0000] {dag.py:3096} INFO - Sync 1 DAGs
[2024-06-30T04:16:24.106+0000] {logging_mixin.py:188} INFO - [2024-06-30T04:16:24.105+0000] {dag.py:3954} INFO - Setting next_dagrun for example_python_operator to None, run_after=None
[2024-06-30T04:16:24.178+0000] {processor.py:183} INFO - Processing /home/airflow/.local/lib/python3.12/site-packages/airflow/example_dags/example_python_operator.py took 0.184 seconds
[2024-06-30T04:16:54.318+0000] {processor.py:161} INFO - Started process (PID=3066) to work on /home/airflow/.local/lib/python3.12/site-packages/airflow/example_dags/example_python_operator.py
[2024-06-30T04:16:54.327+0000] {processor.py:830} INFO - Processing file /home/airflow/.local/lib/python3.12/site-packages/airflow/example_dags/example_python_operator.py for tasks to queue
[2024-06-30T04:16:54.331+0000] {logging_mixin.py:188} INFO - [2024-06-30T04:16:54.330+0000] {dagbag.py:545} INFO - Filling up the DagBag from /home/airflow/.local/lib/python3.12/site-packages/airflow/example_dags/example_python_operator.py
[2024-06-30T04:16:54.366+0000] {processor.py:840} INFO - DAG(s) 'example_python_operator' retrieved from /home/airflow/.local/lib/python3.12/site-packages/airflow/example_dags/example_python_operator.py
[2024-06-30T04:16:54.467+0000] {logging_mixin.py:188} INFO - [2024-06-30T04:16:54.467+0000] {dag.py:3096} INFO - Sync 1 DAGs
[2024-06-30T04:16:54.524+0000] {logging_mixin.py:188} INFO - [2024-06-30T04:16:54.523+0000] {dag.py:3954} INFO - Setting next_dagrun for example_python_operator to None, run_after=None
[2024-06-30T04:16:54.626+0000] {processor.py:183} INFO - Processing /home/airflow/.local/lib/python3.12/site-packages/airflow/example_dags/example_python_operator.py took 0.330 seconds
[2024-06-30T04:17:24.972+0000] {processor.py:161} INFO - Started process (PID=3123) to work on /home/airflow/.local/lib/python3.12/site-packages/airflow/example_dags/example_python_operator.py
[2024-06-30T04:17:24.974+0000] {processor.py:830} INFO - Processing file /home/airflow/.local/lib/python3.12/site-packages/airflow/example_dags/example_python_operator.py for tasks to queue
[2024-06-30T04:17:24.976+0000] {logging_mixin.py:188} INFO - [2024-06-30T04:17:24.976+0000] {dagbag.py:545} INFO - Filling up the DagBag from /home/airflow/.local/lib/python3.12/site-packages/airflow/example_dags/example_python_operator.py
[2024-06-30T04:17:24.992+0000] {processor.py:840} INFO - DAG(s) 'example_python_operator' retrieved from /home/airflow/.local/lib/python3.12/site-packages/airflow/example_dags/example_python_operator.py
[2024-06-30T04:17:25.022+0000] {logging_mixin.py:188} INFO - [2024-06-30T04:17:25.022+0000] {dag.py:3096} INFO - Sync 1 DAGs
[2024-06-30T04:17:25.040+0000] {logging_mixin.py:188} INFO - [2024-06-30T04:17:25.040+0000] {dag.py:3954} INFO - Setting next_dagrun for example_python_operator to None, run_after=None
[2024-06-30T04:17:25.067+0000] {processor.py:183} INFO - Processing /home/airflow/.local/lib/python3.12/site-packages/airflow/example_dags/example_python_operator.py took 0.101 seconds
[2024-06-30T04:17:56.313+0000] {processor.py:161} INFO - Started process (PID=3182) to work on /home/airflow/.local/lib/python3.12/site-packages/airflow/example_dags/example_python_operator.py
[2024-06-30T04:17:56.315+0000] {processor.py:830} INFO - Processing file /home/airflow/.local/lib/python3.12/site-packages/airflow/example_dags/example_python_operator.py for tasks to queue
[2024-06-30T04:17:56.319+0000] {logging_mixin.py:188} INFO - [2024-06-30T04:17:56.319+0000] {dagbag.py:545} INFO - Filling up the DagBag from /home/airflow/.local/lib/python3.12/site-packages/airflow/example_dags/example_python_operator.py
[2024-06-30T04:17:56.348+0000] {processor.py:840} INFO - DAG(s) 'example_python_operator' retrieved from /home/airflow/.local/lib/python3.12/site-packages/airflow/example_dags/example_python_operator.py
[2024-06-30T04:17:56.426+0000] {logging_mixin.py:188} INFO - [2024-06-30T04:17:56.426+0000] {dag.py:3096} INFO - Sync 1 DAGs
[2024-06-30T04:17:56.488+0000] {logging_mixin.py:188} INFO - [2024-06-30T04:17:56.488+0000] {dag.py:3954} INFO - Setting next_dagrun for example_python_operator to None, run_after=None
[2024-06-30T04:17:56.533+0000] {processor.py:183} INFO - Processing /home/airflow/.local/lib/python3.12/site-packages/airflow/example_dags/example_python_operator.py took 0.245 seconds
[2024-06-30T04:18:27.192+0000] {processor.py:161} INFO - Started process (PID=3239) to work on /home/airflow/.local/lib/python3.12/site-packages/airflow/example_dags/example_python_operator.py
[2024-06-30T04:18:27.194+0000] {processor.py:830} INFO - Processing file /home/airflow/.local/lib/python3.12/site-packages/airflow/example_dags/example_python_operator.py for tasks to queue
[2024-06-30T04:18:27.200+0000] {logging_mixin.py:188} INFO - [2024-06-30T04:18:27.200+0000] {dagbag.py:545} INFO - Filling up the DagBag from /home/airflow/.local/lib/python3.12/site-packages/airflow/example_dags/example_python_operator.py
[2024-06-30T04:18:27.221+0000] {processor.py:840} INFO - DAG(s) 'example_python_operator' retrieved from /home/airflow/.local/lib/python3.12/site-packages/airflow/example_dags/example_python_operator.py
[2024-06-30T04:18:27.271+0000] {logging_mixin.py:188} INFO - [2024-06-30T04:18:27.271+0000] {dag.py:3096} INFO - Sync 1 DAGs
[2024-06-30T04:18:27.300+0000] {logging_mixin.py:188} INFO - [2024-06-30T04:18:27.300+0000] {dag.py:3954} INFO - Setting next_dagrun for example_python_operator to None, run_after=None
[2024-06-30T04:18:27.354+0000] {processor.py:183} INFO - Processing /home/airflow/.local/lib/python3.12/site-packages/airflow/example_dags/example_python_operator.py took 0.173 seconds
[2024-06-30T04:18:57.527+0000] {processor.py:161} INFO - Started process (PID=3297) to work on /home/airflow/.local/lib/python3.12/site-packages/airflow/example_dags/example_python_operator.py
[2024-06-30T04:18:57.529+0000] {processor.py:830} INFO - Processing file /home/airflow/.local/lib/python3.12/site-packages/airflow/example_dags/example_python_operator.py for tasks to queue
[2024-06-30T04:18:57.534+0000] {logging_mixin.py:188} INFO - [2024-06-30T04:18:57.531+0000] {dagbag.py:545} INFO - Filling up the DagBag from /home/airflow/.local/lib/python3.12/site-packages/airflow/example_dags/example_python_operator.py
[2024-06-30T04:18:57.562+0000] {processor.py:840} INFO - DAG(s) 'example_python_operator' retrieved from /home/airflow/.local/lib/python3.12/site-packages/airflow/example_dags/example_python_operator.py
[2024-06-30T04:18:57.687+0000] {logging_mixin.py:188} INFO - [2024-06-30T04:18:57.680+0000] {dag.py:3096} INFO - Sync 1 DAGs
[2024-06-30T04:18:57.743+0000] {logging_mixin.py:188} INFO - [2024-06-30T04:18:57.742+0000] {dag.py:3954} INFO - Setting next_dagrun for example_python_operator to None, run_after=None
[2024-06-30T04:18:57.825+0000] {processor.py:183} INFO - Processing /home/airflow/.local/lib/python3.12/site-packages/airflow/example_dags/example_python_operator.py took 0.313 seconds
[2024-06-30T04:19:27.933+0000] {processor.py:161} INFO - Started process (PID=3354) to work on /home/airflow/.local/lib/python3.12/site-packages/airflow/example_dags/example_python_operator.py
[2024-06-30T04:19:27.934+0000] {processor.py:830} INFO - Processing file /home/airflow/.local/lib/python3.12/site-packages/airflow/example_dags/example_python_operator.py for tasks to queue
[2024-06-30T04:19:27.937+0000] {logging_mixin.py:188} INFO - [2024-06-30T04:19:27.936+0000] {dagbag.py:545} INFO - Filling up the DagBag from /home/airflow/.local/lib/python3.12/site-packages/airflow/example_dags/example_python_operator.py
[2024-06-30T04:19:27.950+0000] {processor.py:840} INFO - DAG(s) 'example_python_operator' retrieved from /home/airflow/.local/lib/python3.12/site-packages/airflow/example_dags/example_python_operator.py
[2024-06-30T04:19:27.981+0000] {logging_mixin.py:188} INFO - [2024-06-30T04:19:27.980+0000] {dag.py:3096} INFO - Sync 1 DAGs
[2024-06-30T04:19:28.001+0000] {logging_mixin.py:188} INFO - [2024-06-30T04:19:28.001+0000] {dag.py:3954} INFO - Setting next_dagrun for example_python_operator to None, run_after=None
[2024-06-30T04:19:28.030+0000] {processor.py:183} INFO - Processing /home/airflow/.local/lib/python3.12/site-packages/airflow/example_dags/example_python_operator.py took 0.103 seconds
