[2024-06-30T03:49:38.436+0000] {processor.py:161} INFO - Started process (PID=56) to work on /home/airflow/.local/lib/python3.12/site-packages/airflow/example_dags/example_python_decorator.py
[2024-06-30T03:49:38.439+0000] {processor.py:830} INFO - Processing file /home/airflow/.local/lib/python3.12/site-packages/airflow/example_dags/example_python_decorator.py for tasks to queue
[2024-06-30T03:49:38.447+0000] {logging_mixin.py:188} INFO - [2024-06-30T03:49:38.446+0000] {dagbag.py:545} INFO - Filling up the DagBag from /home/airflow/.local/lib/python3.12/site-packages/airflow/example_dags/example_python_decorator.py
[2024-06-30T03:49:38.515+0000] {processor.py:840} INFO - DAG(s) 'example_python_decorator' retrieved from /home/airflow/.local/lib/python3.12/site-packages/airflow/example_dags/example_python_decorator.py
[2024-06-30T03:49:39.057+0000] {logging_mixin.py:188} INFO - [2024-06-30T03:49:39.050+0000] {dag.py:3096} INFO - Sync 1 DAGs
[2024-06-30T03:49:39.115+0000] {logging_mixin.py:188} INFO - [2024-06-30T03:49:39.114+0000] {dag.py:3954} INFO - Setting next_dagrun for example_python_decorator to None, run_after=None
[2024-06-30T03:49:39.270+0000] {processor.py:183} INFO - Processing /home/airflow/.local/lib/python3.12/site-packages/airflow/example_dags/example_python_decorator.py took 0.855 seconds
[2024-06-30T03:50:17.454+0000] {processor.py:161} INFO - Started process (PID=114) to work on /home/airflow/.local/lib/python3.12/site-packages/airflow/example_dags/example_python_decorator.py
[2024-06-30T03:50:17.456+0000] {processor.py:830} INFO - Processing file /home/airflow/.local/lib/python3.12/site-packages/airflow/example_dags/example_python_decorator.py for tasks to queue
[2024-06-30T03:50:17.461+0000] {logging_mixin.py:188} INFO - [2024-06-30T03:50:17.460+0000] {dagbag.py:545} INFO - Filling up the DagBag from /home/airflow/.local/lib/python3.12/site-packages/airflow/example_dags/example_python_decorator.py
[2024-06-30T03:50:17.500+0000] {processor.py:840} INFO - DAG(s) 'example_python_decorator' retrieved from /home/airflow/.local/lib/python3.12/site-packages/airflow/example_dags/example_python_decorator.py
[2024-06-30T03:50:17.556+0000] {logging_mixin.py:188} INFO - [2024-06-30T03:50:17.555+0000] {dag.py:3096} INFO - Sync 1 DAGs
[2024-06-30T03:50:17.596+0000] {logging_mixin.py:188} INFO - [2024-06-30T03:50:17.596+0000] {dag.py:3954} INFO - Setting next_dagrun for example_python_decorator to None, run_after=None
[2024-06-30T03:50:17.667+0000] {processor.py:183} INFO - Processing /home/airflow/.local/lib/python3.12/site-packages/airflow/example_dags/example_python_decorator.py took 0.230 seconds
[2024-06-30T03:50:48.542+0000] {processor.py:161} INFO - Started process (PID=172) to work on /home/airflow/.local/lib/python3.12/site-packages/airflow/example_dags/example_python_decorator.py
[2024-06-30T03:50:48.545+0000] {processor.py:830} INFO - Processing file /home/airflow/.local/lib/python3.12/site-packages/airflow/example_dags/example_python_decorator.py for tasks to queue
[2024-06-30T03:50:48.552+0000] {logging_mixin.py:188} INFO - [2024-06-30T03:50:48.551+0000] {dagbag.py:545} INFO - Filling up the DagBag from /home/airflow/.local/lib/python3.12/site-packages/airflow/example_dags/example_python_decorator.py
[2024-06-30T03:50:48.590+0000] {processor.py:840} INFO - DAG(s) 'example_python_decorator' retrieved from /home/airflow/.local/lib/python3.12/site-packages/airflow/example_dags/example_python_decorator.py
[2024-06-30T03:50:48.667+0000] {logging_mixin.py:188} INFO - [2024-06-30T03:50:48.666+0000] {dag.py:3096} INFO - Sync 1 DAGs
[2024-06-30T03:50:48.717+0000] {logging_mixin.py:188} INFO - [2024-06-30T03:50:48.716+0000] {dag.py:3954} INFO - Setting next_dagrun for example_python_decorator to None, run_after=None
[2024-06-30T03:50:48.789+0000] {processor.py:183} INFO - Processing /home/airflow/.local/lib/python3.12/site-packages/airflow/example_dags/example_python_decorator.py took 0.259 seconds
[2024-06-30T03:51:19.232+0000] {processor.py:161} INFO - Started process (PID=227) to work on /home/airflow/.local/lib/python3.12/site-packages/airflow/example_dags/example_python_decorator.py
[2024-06-30T03:51:19.235+0000] {processor.py:830} INFO - Processing file /home/airflow/.local/lib/python3.12/site-packages/airflow/example_dags/example_python_decorator.py for tasks to queue
[2024-06-30T03:51:19.239+0000] {logging_mixin.py:188} INFO - [2024-06-30T03:51:19.239+0000] {dagbag.py:545} INFO - Filling up the DagBag from /home/airflow/.local/lib/python3.12/site-packages/airflow/example_dags/example_python_decorator.py
[2024-06-30T03:51:19.267+0000] {processor.py:840} INFO - DAG(s) 'example_python_decorator' retrieved from /home/airflow/.local/lib/python3.12/site-packages/airflow/example_dags/example_python_decorator.py
[2024-06-30T03:51:19.314+0000] {logging_mixin.py:188} INFO - [2024-06-30T03:51:19.313+0000] {dag.py:3096} INFO - Sync 1 DAGs
[2024-06-30T03:51:19.351+0000] {logging_mixin.py:188} INFO - [2024-06-30T03:51:19.351+0000] {dag.py:3954} INFO - Setting next_dagrun for example_python_decorator to None, run_after=None
[2024-06-30T03:51:19.418+0000] {processor.py:183} INFO - Processing /home/airflow/.local/lib/python3.12/site-packages/airflow/example_dags/example_python_decorator.py took 0.197 seconds
[2024-06-30T03:51:51.025+0000] {processor.py:161} INFO - Started process (PID=286) to work on /home/airflow/.local/lib/python3.12/site-packages/airflow/example_dags/example_python_decorator.py
[2024-06-30T03:51:51.028+0000] {processor.py:830} INFO - Processing file /home/airflow/.local/lib/python3.12/site-packages/airflow/example_dags/example_python_decorator.py for tasks to queue
[2024-06-30T03:51:51.034+0000] {logging_mixin.py:188} INFO - [2024-06-30T03:51:51.033+0000] {dagbag.py:545} INFO - Filling up the DagBag from /home/airflow/.local/lib/python3.12/site-packages/airflow/example_dags/example_python_decorator.py
[2024-06-30T03:51:51.076+0000] {processor.py:840} INFO - DAG(s) 'example_python_decorator' retrieved from /home/airflow/.local/lib/python3.12/site-packages/airflow/example_dags/example_python_decorator.py
[2024-06-30T03:51:51.182+0000] {logging_mixin.py:188} INFO - [2024-06-30T03:51:51.181+0000] {dag.py:3096} INFO - Sync 1 DAGs
[2024-06-30T03:51:51.242+0000] {logging_mixin.py:188} INFO - [2024-06-30T03:51:51.241+0000] {dag.py:3954} INFO - Setting next_dagrun for example_python_decorator to None, run_after=None
[2024-06-30T03:51:51.335+0000] {processor.py:183} INFO - Processing /home/airflow/.local/lib/python3.12/site-packages/airflow/example_dags/example_python_decorator.py took 0.329 seconds
[2024-06-30T03:52:21.634+0000] {processor.py:161} INFO - Started process (PID=345) to work on /home/airflow/.local/lib/python3.12/site-packages/airflow/example_dags/example_python_decorator.py
[2024-06-30T03:52:21.636+0000] {processor.py:830} INFO - Processing file /home/airflow/.local/lib/python3.12/site-packages/airflow/example_dags/example_python_decorator.py for tasks to queue
[2024-06-30T03:52:21.640+0000] {logging_mixin.py:188} INFO - [2024-06-30T03:52:21.639+0000] {dagbag.py:545} INFO - Filling up the DagBag from /home/airflow/.local/lib/python3.12/site-packages/airflow/example_dags/example_python_decorator.py
[2024-06-30T03:52:21.662+0000] {processor.py:840} INFO - DAG(s) 'example_python_decorator' retrieved from /home/airflow/.local/lib/python3.12/site-packages/airflow/example_dags/example_python_decorator.py
[2024-06-30T03:52:21.708+0000] {logging_mixin.py:188} INFO - [2024-06-30T03:52:21.708+0000] {dag.py:3096} INFO - Sync 1 DAGs
[2024-06-30T03:52:21.750+0000] {logging_mixin.py:188} INFO - [2024-06-30T03:52:21.749+0000] {dag.py:3954} INFO - Setting next_dagrun for example_python_decorator to None, run_after=None
[2024-06-30T03:52:21.795+0000] {processor.py:183} INFO - Processing /home/airflow/.local/lib/python3.12/site-packages/airflow/example_dags/example_python_decorator.py took 0.171 seconds
[2024-06-30T03:52:52.850+0000] {processor.py:161} INFO - Started process (PID=403) to work on /home/airflow/.local/lib/python3.12/site-packages/airflow/example_dags/example_python_decorator.py
[2024-06-30T03:52:52.854+0000] {processor.py:830} INFO - Processing file /home/airflow/.local/lib/python3.12/site-packages/airflow/example_dags/example_python_decorator.py for tasks to queue
[2024-06-30T03:52:52.862+0000] {logging_mixin.py:188} INFO - [2024-06-30T03:52:52.859+0000] {dagbag.py:545} INFO - Filling up the DagBag from /home/airflow/.local/lib/python3.12/site-packages/airflow/example_dags/example_python_decorator.py
[2024-06-30T03:52:52.938+0000] {processor.py:840} INFO - DAG(s) 'example_python_decorator' retrieved from /home/airflow/.local/lib/python3.12/site-packages/airflow/example_dags/example_python_decorator.py
[2024-06-30T03:52:52.997+0000] {logging_mixin.py:188} INFO - [2024-06-30T03:52:52.996+0000] {dag.py:3096} INFO - Sync 1 DAGs
[2024-06-30T03:52:53.026+0000] {logging_mixin.py:188} INFO - [2024-06-30T03:52:53.026+0000] {dag.py:3954} INFO - Setting next_dagrun for example_python_decorator to None, run_after=None
[2024-06-30T03:52:53.122+0000] {processor.py:183} INFO - Processing /home/airflow/.local/lib/python3.12/site-packages/airflow/example_dags/example_python_decorator.py took 0.297 seconds
[2024-06-30T03:53:23.789+0000] {processor.py:161} INFO - Started process (PID=461) to work on /home/airflow/.local/lib/python3.12/site-packages/airflow/example_dags/example_python_decorator.py
[2024-06-30T03:53:23.791+0000] {processor.py:830} INFO - Processing file /home/airflow/.local/lib/python3.12/site-packages/airflow/example_dags/example_python_decorator.py for tasks to queue
[2024-06-30T03:53:23.795+0000] {logging_mixin.py:188} INFO - [2024-06-30T03:53:23.794+0000] {dagbag.py:545} INFO - Filling up the DagBag from /home/airflow/.local/lib/python3.12/site-packages/airflow/example_dags/example_python_decorator.py
[2024-06-30T03:53:23.826+0000] {processor.py:840} INFO - DAG(s) 'example_python_decorator' retrieved from /home/airflow/.local/lib/python3.12/site-packages/airflow/example_dags/example_python_decorator.py
[2024-06-30T03:53:23.902+0000] {logging_mixin.py:188} INFO - [2024-06-30T03:53:23.901+0000] {dag.py:3096} INFO - Sync 1 DAGs
[2024-06-30T03:53:23.941+0000] {logging_mixin.py:188} INFO - [2024-06-30T03:53:23.940+0000] {dag.py:3954} INFO - Setting next_dagrun for example_python_decorator to None, run_after=None
[2024-06-30T03:53:24.008+0000] {processor.py:183} INFO - Processing /home/airflow/.local/lib/python3.12/site-packages/airflow/example_dags/example_python_decorator.py took 0.230 seconds
[2024-06-30T03:53:59.919+0000] {processor.py:161} INFO - Started process (PID=525) to work on /home/airflow/.local/lib/python3.12/site-packages/airflow/example_dags/example_python_decorator.py
[2024-06-30T03:53:59.951+0000] {processor.py:830} INFO - Processing file /home/airflow/.local/lib/python3.12/site-packages/airflow/example_dags/example_python_decorator.py for tasks to queue
[2024-06-30T03:53:59.972+0000] {logging_mixin.py:188} INFO - [2024-06-30T03:53:59.970+0000] {dagbag.py:545} INFO - Filling up the DagBag from /home/airflow/.local/lib/python3.12/site-packages/airflow/example_dags/example_python_decorator.py
[2024-06-30T03:54:00.121+0000] {processor.py:840} INFO - DAG(s) 'example_python_decorator' retrieved from /home/airflow/.local/lib/python3.12/site-packages/airflow/example_dags/example_python_decorator.py
[2024-06-30T03:54:00.431+0000] {logging_mixin.py:188} INFO - [2024-06-30T03:54:00.430+0000] {dag.py:3096} INFO - Sync 1 DAGs
[2024-06-30T03:54:00.576+0000] {logging_mixin.py:188} INFO - [2024-06-30T03:54:00.575+0000] {dag.py:3954} INFO - Setting next_dagrun for example_python_decorator to None, run_after=None
[2024-06-30T03:54:00.833+0000] {processor.py:183} INFO - Processing /home/airflow/.local/lib/python3.12/site-packages/airflow/example_dags/example_python_decorator.py took 0.954 seconds
[2024-06-30T03:54:31.412+0000] {processor.py:161} INFO - Started process (PID=583) to work on /home/airflow/.local/lib/python3.12/site-packages/airflow/example_dags/example_python_decorator.py
[2024-06-30T03:54:31.414+0000] {processor.py:830} INFO - Processing file /home/airflow/.local/lib/python3.12/site-packages/airflow/example_dags/example_python_decorator.py for tasks to queue
[2024-06-30T03:54:31.428+0000] {logging_mixin.py:188} INFO - [2024-06-30T03:54:31.427+0000] {dagbag.py:545} INFO - Filling up the DagBag from /home/airflow/.local/lib/python3.12/site-packages/airflow/example_dags/example_python_decorator.py
[2024-06-30T03:54:31.491+0000] {processor.py:840} INFO - DAG(s) 'example_python_decorator' retrieved from /home/airflow/.local/lib/python3.12/site-packages/airflow/example_dags/example_python_decorator.py
[2024-06-30T03:54:31.685+0000] {logging_mixin.py:188} INFO - [2024-06-30T03:54:31.684+0000] {dag.py:3096} INFO - Sync 1 DAGs
[2024-06-30T03:54:31.862+0000] {logging_mixin.py:188} INFO - [2024-06-30T03:54:31.861+0000] {dag.py:3954} INFO - Setting next_dagrun for example_python_decorator to None, run_after=None
[2024-06-30T03:54:32.027+0000] {processor.py:183} INFO - Processing /home/airflow/.local/lib/python3.12/site-packages/airflow/example_dags/example_python_decorator.py took 0.644 seconds
[2024-06-30T03:55:02.646+0000] {processor.py:161} INFO - Started process (PID=641) to work on /home/airflow/.local/lib/python3.12/site-packages/airflow/example_dags/example_python_decorator.py
[2024-06-30T03:55:02.649+0000] {processor.py:830} INFO - Processing file /home/airflow/.local/lib/python3.12/site-packages/airflow/example_dags/example_python_decorator.py for tasks to queue
[2024-06-30T03:55:02.653+0000] {logging_mixin.py:188} INFO - [2024-06-30T03:55:02.652+0000] {dagbag.py:545} INFO - Filling up the DagBag from /home/airflow/.local/lib/python3.12/site-packages/airflow/example_dags/example_python_decorator.py
[2024-06-30T03:55:02.710+0000] {processor.py:840} INFO - DAG(s) 'example_python_decorator' retrieved from /home/airflow/.local/lib/python3.12/site-packages/airflow/example_dags/example_python_decorator.py
[2024-06-30T03:55:02.846+0000] {logging_mixin.py:188} INFO - [2024-06-30T03:55:02.845+0000] {dag.py:3096} INFO - Sync 1 DAGs
[2024-06-30T03:55:02.961+0000] {logging_mixin.py:188} INFO - [2024-06-30T03:55:02.961+0000] {dag.py:3954} INFO - Setting next_dagrun for example_python_decorator to None, run_after=None
[2024-06-30T03:55:03.343+0000] {processor.py:183} INFO - Processing /home/airflow/.local/lib/python3.12/site-packages/airflow/example_dags/example_python_decorator.py took 0.715 seconds
[2024-06-30T03:55:33.444+0000] {processor.py:161} INFO - Started process (PID=700) to work on /home/airflow/.local/lib/python3.12/site-packages/airflow/example_dags/example_python_decorator.py
[2024-06-30T03:55:33.447+0000] {processor.py:830} INFO - Processing file /home/airflow/.local/lib/python3.12/site-packages/airflow/example_dags/example_python_decorator.py for tasks to queue
[2024-06-30T03:55:33.451+0000] {logging_mixin.py:188} INFO - [2024-06-30T03:55:33.450+0000] {dagbag.py:545} INFO - Filling up the DagBag from /home/airflow/.local/lib/python3.12/site-packages/airflow/example_dags/example_python_decorator.py
[2024-06-30T03:55:33.505+0000] {processor.py:840} INFO - DAG(s) 'example_python_decorator' retrieved from /home/airflow/.local/lib/python3.12/site-packages/airflow/example_dags/example_python_decorator.py
[2024-06-30T03:55:33.576+0000] {logging_mixin.py:188} INFO - [2024-06-30T03:55:33.576+0000] {dag.py:3096} INFO - Sync 1 DAGs
[2024-06-30T03:55:33.616+0000] {logging_mixin.py:188} INFO - [2024-06-30T03:55:33.615+0000] {dag.py:3954} INFO - Setting next_dagrun for example_python_decorator to None, run_after=None
[2024-06-30T03:55:33.680+0000] {processor.py:183} INFO - Processing /home/airflow/.local/lib/python3.12/site-packages/airflow/example_dags/example_python_decorator.py took 0.245 seconds
[2024-06-30T03:56:12.083+0000] {processor.py:161} INFO - Started process (PID=758) to work on /home/airflow/.local/lib/python3.12/site-packages/airflow/example_dags/example_python_decorator.py
[2024-06-30T03:56:12.086+0000] {processor.py:830} INFO - Processing file /home/airflow/.local/lib/python3.12/site-packages/airflow/example_dags/example_python_decorator.py for tasks to queue
[2024-06-30T03:56:12.089+0000] {logging_mixin.py:188} INFO - [2024-06-30T03:56:12.089+0000] {dagbag.py:545} INFO - Filling up the DagBag from /home/airflow/.local/lib/python3.12/site-packages/airflow/example_dags/example_python_decorator.py
[2024-06-30T03:56:12.127+0000] {processor.py:840} INFO - DAG(s) 'example_python_decorator' retrieved from /home/airflow/.local/lib/python3.12/site-packages/airflow/example_dags/example_python_decorator.py
[2024-06-30T03:56:12.193+0000] {logging_mixin.py:188} INFO - [2024-06-30T03:56:12.192+0000] {dag.py:3096} INFO - Sync 1 DAGs
[2024-06-30T03:56:12.228+0000] {logging_mixin.py:188} INFO - [2024-06-30T03:56:12.227+0000] {dag.py:3954} INFO - Setting next_dagrun for example_python_decorator to None, run_after=None
[2024-06-30T03:56:12.298+0000] {processor.py:183} INFO - Processing /home/airflow/.local/lib/python3.12/site-packages/airflow/example_dags/example_python_decorator.py took 0.226 seconds
[2024-06-30T03:56:42.480+0000] {processor.py:161} INFO - Started process (PID=810) to work on /home/airflow/.local/lib/python3.12/site-packages/airflow/example_dags/example_python_decorator.py
[2024-06-30T03:56:42.482+0000] {processor.py:830} INFO - Processing file /home/airflow/.local/lib/python3.12/site-packages/airflow/example_dags/example_python_decorator.py for tasks to queue
[2024-06-30T03:56:42.485+0000] {logging_mixin.py:188} INFO - [2024-06-30T03:56:42.485+0000] {dagbag.py:545} INFO - Filling up the DagBag from /home/airflow/.local/lib/python3.12/site-packages/airflow/example_dags/example_python_decorator.py
[2024-06-30T03:56:42.520+0000] {processor.py:840} INFO - DAG(s) 'example_python_decorator' retrieved from /home/airflow/.local/lib/python3.12/site-packages/airflow/example_dags/example_python_decorator.py
[2024-06-30T03:56:42.658+0000] {logging_mixin.py:188} INFO - [2024-06-30T03:56:42.657+0000] {dag.py:3096} INFO - Sync 1 DAGs
[2024-06-30T03:56:42.714+0000] {logging_mixin.py:188} INFO - [2024-06-30T03:56:42.713+0000] {dag.py:3954} INFO - Setting next_dagrun for example_python_decorator to None, run_after=None
[2024-06-30T03:56:42.801+0000] {processor.py:183} INFO - Processing /home/airflow/.local/lib/python3.12/site-packages/airflow/example_dags/example_python_decorator.py took 0.331 seconds
[2024-06-30T03:57:16.160+0000] {processor.py:161} INFO - Started process (PID=864) to work on /home/airflow/.local/lib/python3.12/site-packages/airflow/example_dags/example_python_decorator.py
[2024-06-30T03:57:16.174+0000] {processor.py:830} INFO - Processing file /home/airflow/.local/lib/python3.12/site-packages/airflow/example_dags/example_python_decorator.py for tasks to queue
[2024-06-30T03:57:16.190+0000] {logging_mixin.py:188} INFO - [2024-06-30T03:57:16.190+0000] {dagbag.py:545} INFO - Filling up the DagBag from /home/airflow/.local/lib/python3.12/site-packages/airflow/example_dags/example_python_decorator.py
[2024-06-30T03:57:16.336+0000] {processor.py:840} INFO - DAG(s) 'example_python_decorator' retrieved from /home/airflow/.local/lib/python3.12/site-packages/airflow/example_dags/example_python_decorator.py
[2024-06-30T03:57:16.462+0000] {logging_mixin.py:188} INFO - [2024-06-30T03:57:16.461+0000] {dag.py:3096} INFO - Sync 1 DAGs
[2024-06-30T03:57:16.605+0000] {logging_mixin.py:188} INFO - [2024-06-30T03:57:16.604+0000] {dag.py:3954} INFO - Setting next_dagrun for example_python_decorator to None, run_after=None
[2024-06-30T03:57:16.752+0000] {processor.py:183} INFO - Processing /home/airflow/.local/lib/python3.12/site-packages/airflow/example_dags/example_python_decorator.py took 0.630 seconds
[2024-06-30T03:57:47.334+0000] {processor.py:161} INFO - Started process (PID=922) to work on /home/airflow/.local/lib/python3.12/site-packages/airflow/example_dags/example_python_decorator.py
[2024-06-30T03:57:47.341+0000] {processor.py:830} INFO - Processing file /home/airflow/.local/lib/python3.12/site-packages/airflow/example_dags/example_python_decorator.py for tasks to queue
[2024-06-30T03:57:47.360+0000] {logging_mixin.py:188} INFO - [2024-06-30T03:57:47.345+0000] {dagbag.py:545} INFO - Filling up the DagBag from /home/airflow/.local/lib/python3.12/site-packages/airflow/example_dags/example_python_decorator.py
[2024-06-30T03:57:47.473+0000] {processor.py:840} INFO - DAG(s) 'example_python_decorator' retrieved from /home/airflow/.local/lib/python3.12/site-packages/airflow/example_dags/example_python_decorator.py
[2024-06-30T03:57:47.601+0000] {logging_mixin.py:188} INFO - [2024-06-30T03:57:47.599+0000] {dag.py:3096} INFO - Sync 1 DAGs
[2024-06-30T03:57:47.697+0000] {logging_mixin.py:188} INFO - [2024-06-30T03:57:47.696+0000] {dag.py:3954} INFO - Setting next_dagrun for example_python_decorator to None, run_after=None
[2024-06-30T03:57:47.848+0000] {processor.py:183} INFO - Processing /home/airflow/.local/lib/python3.12/site-packages/airflow/example_dags/example_python_decorator.py took 0.540 seconds
[2024-06-30T03:58:18.031+0000] {processor.py:161} INFO - Started process (PID=980) to work on /home/airflow/.local/lib/python3.12/site-packages/airflow/example_dags/example_python_decorator.py
[2024-06-30T03:58:18.033+0000] {processor.py:830} INFO - Processing file /home/airflow/.local/lib/python3.12/site-packages/airflow/example_dags/example_python_decorator.py for tasks to queue
[2024-06-30T03:58:18.037+0000] {logging_mixin.py:188} INFO - [2024-06-30T03:58:18.036+0000] {dagbag.py:545} INFO - Filling up the DagBag from /home/airflow/.local/lib/python3.12/site-packages/airflow/example_dags/example_python_decorator.py
[2024-06-30T03:58:18.076+0000] {processor.py:840} INFO - DAG(s) 'example_python_decorator' retrieved from /home/airflow/.local/lib/python3.12/site-packages/airflow/example_dags/example_python_decorator.py
[2024-06-30T03:58:18.145+0000] {logging_mixin.py:188} INFO - [2024-06-30T03:58:18.145+0000] {dag.py:3096} INFO - Sync 1 DAGs
[2024-06-30T03:58:18.176+0000] {logging_mixin.py:188} INFO - [2024-06-30T03:58:18.176+0000] {dag.py:3954} INFO - Setting next_dagrun for example_python_decorator to None, run_after=None
[2024-06-30T03:58:18.280+0000] {processor.py:183} INFO - Processing /home/airflow/.local/lib/python3.12/site-packages/airflow/example_dags/example_python_decorator.py took 0.260 seconds
[2024-06-30T03:58:48.672+0000] {processor.py:161} INFO - Started process (PID=1038) to work on /home/airflow/.local/lib/python3.12/site-packages/airflow/example_dags/example_python_decorator.py
[2024-06-30T03:58:48.675+0000] {processor.py:830} INFO - Processing file /home/airflow/.local/lib/python3.12/site-packages/airflow/example_dags/example_python_decorator.py for tasks to queue
[2024-06-30T03:58:48.680+0000] {logging_mixin.py:188} INFO - [2024-06-30T03:58:48.679+0000] {dagbag.py:545} INFO - Filling up the DagBag from /home/airflow/.local/lib/python3.12/site-packages/airflow/example_dags/example_python_decorator.py
[2024-06-30T03:58:48.718+0000] {processor.py:840} INFO - DAG(s) 'example_python_decorator' retrieved from /home/airflow/.local/lib/python3.12/site-packages/airflow/example_dags/example_python_decorator.py
[2024-06-30T03:58:48.802+0000] {logging_mixin.py:188} INFO - [2024-06-30T03:58:48.801+0000] {dag.py:3096} INFO - Sync 1 DAGs
[2024-06-30T03:58:48.841+0000] {logging_mixin.py:188} INFO - [2024-06-30T03:58:48.840+0000] {dag.py:3954} INFO - Setting next_dagrun for example_python_decorator to None, run_after=None
[2024-06-30T03:58:48.911+0000] {processor.py:183} INFO - Processing /home/airflow/.local/lib/python3.12/site-packages/airflow/example_dags/example_python_decorator.py took 0.258 seconds
[2024-06-30T03:59:19.040+0000] {processor.py:161} INFO - Started process (PID=1094) to work on /home/airflow/.local/lib/python3.12/site-packages/airflow/example_dags/example_python_decorator.py
[2024-06-30T03:59:19.042+0000] {processor.py:830} INFO - Processing file /home/airflow/.local/lib/python3.12/site-packages/airflow/example_dags/example_python_decorator.py for tasks to queue
[2024-06-30T03:59:19.046+0000] {logging_mixin.py:188} INFO - [2024-06-30T03:59:19.045+0000] {dagbag.py:545} INFO - Filling up the DagBag from /home/airflow/.local/lib/python3.12/site-packages/airflow/example_dags/example_python_decorator.py
[2024-06-30T03:59:19.071+0000] {processor.py:840} INFO - DAG(s) 'example_python_decorator' retrieved from /home/airflow/.local/lib/python3.12/site-packages/airflow/example_dags/example_python_decorator.py
[2024-06-30T03:59:19.119+0000] {logging_mixin.py:188} INFO - [2024-06-30T03:59:19.118+0000] {dag.py:3096} INFO - Sync 1 DAGs
[2024-06-30T03:59:19.144+0000] {logging_mixin.py:188} INFO - [2024-06-30T03:59:19.144+0000] {dag.py:3954} INFO - Setting next_dagrun for example_python_decorator to None, run_after=None
[2024-06-30T03:59:19.243+0000] {processor.py:183} INFO - Processing /home/airflow/.local/lib/python3.12/site-packages/airflow/example_dags/example_python_decorator.py took 0.213 seconds
[2024-06-30T03:59:52.403+0000] {processor.py:161} INFO - Started process (PID=1153) to work on /home/airflow/.local/lib/python3.12/site-packages/airflow/example_dags/example_python_decorator.py
[2024-06-30T03:59:52.418+0000] {processor.py:830} INFO - Processing file /home/airflow/.local/lib/python3.12/site-packages/airflow/example_dags/example_python_decorator.py for tasks to queue
[2024-06-30T03:59:52.434+0000] {logging_mixin.py:188} INFO - [2024-06-30T03:59:52.433+0000] {dagbag.py:545} INFO - Filling up the DagBag from /home/airflow/.local/lib/python3.12/site-packages/airflow/example_dags/example_python_decorator.py
[2024-06-30T03:59:52.608+0000] {processor.py:840} INFO - DAG(s) 'example_python_decorator' retrieved from /home/airflow/.local/lib/python3.12/site-packages/airflow/example_dags/example_python_decorator.py
[2024-06-30T03:59:52.780+0000] {logging_mixin.py:188} INFO - [2024-06-30T03:59:52.779+0000] {dag.py:3096} INFO - Sync 1 DAGs
[2024-06-30T03:59:52.901+0000] {logging_mixin.py:188} INFO - [2024-06-30T03:59:52.900+0000] {dag.py:3954} INFO - Setting next_dagrun for example_python_decorator to None, run_after=None
[2024-06-30T03:59:53.129+0000] {processor.py:183} INFO - Processing /home/airflow/.local/lib/python3.12/site-packages/airflow/example_dags/example_python_decorator.py took 0.756 seconds
[2024-06-30T04:00:23.316+0000] {processor.py:161} INFO - Started process (PID=1211) to work on /home/airflow/.local/lib/python3.12/site-packages/airflow/example_dags/example_python_decorator.py
[2024-06-30T04:00:23.317+0000] {processor.py:830} INFO - Processing file /home/airflow/.local/lib/python3.12/site-packages/airflow/example_dags/example_python_decorator.py for tasks to queue
[2024-06-30T04:00:23.319+0000] {logging_mixin.py:188} INFO - [2024-06-30T04:00:23.319+0000] {dagbag.py:545} INFO - Filling up the DagBag from /home/airflow/.local/lib/python3.12/site-packages/airflow/example_dags/example_python_decorator.py
[2024-06-30T04:00:23.347+0000] {processor.py:840} INFO - DAG(s) 'example_python_decorator' retrieved from /home/airflow/.local/lib/python3.12/site-packages/airflow/example_dags/example_python_decorator.py
[2024-06-30T04:00:23.401+0000] {logging_mixin.py:188} INFO - [2024-06-30T04:00:23.401+0000] {dag.py:3096} INFO - Sync 1 DAGs
[2024-06-30T04:00:23.475+0000] {logging_mixin.py:188} INFO - [2024-06-30T04:00:23.475+0000] {dag.py:3954} INFO - Setting next_dagrun for example_python_decorator to None, run_after=None
[2024-06-30T04:00:23.558+0000] {processor.py:183} INFO - Processing /home/airflow/.local/lib/python3.12/site-packages/airflow/example_dags/example_python_decorator.py took 0.255 seconds
[2024-06-30T04:00:53.908+0000] {processor.py:161} INFO - Started process (PID=1270) to work on /home/airflow/.local/lib/python3.12/site-packages/airflow/example_dags/example_python_decorator.py
[2024-06-30T04:00:53.911+0000] {processor.py:830} INFO - Processing file /home/airflow/.local/lib/python3.12/site-packages/airflow/example_dags/example_python_decorator.py for tasks to queue
[2024-06-30T04:00:53.914+0000] {logging_mixin.py:188} INFO - [2024-06-30T04:00:53.913+0000] {dagbag.py:545} INFO - Filling up the DagBag from /home/airflow/.local/lib/python3.12/site-packages/airflow/example_dags/example_python_decorator.py
[2024-06-30T04:00:53.943+0000] {processor.py:840} INFO - DAG(s) 'example_python_decorator' retrieved from /home/airflow/.local/lib/python3.12/site-packages/airflow/example_dags/example_python_decorator.py
[2024-06-30T04:00:54.003+0000] {logging_mixin.py:188} INFO - [2024-06-30T04:00:54.002+0000] {dag.py:3096} INFO - Sync 1 DAGs
[2024-06-30T04:00:54.042+0000] {logging_mixin.py:188} INFO - [2024-06-30T04:00:54.041+0000] {dag.py:3954} INFO - Setting next_dagrun for example_python_decorator to None, run_after=None
[2024-06-30T04:00:54.170+0000] {processor.py:183} INFO - Processing /home/airflow/.local/lib/python3.12/site-packages/airflow/example_dags/example_python_decorator.py took 0.273 seconds
[2024-06-30T04:01:24.656+0000] {processor.py:161} INFO - Started process (PID=1328) to work on /home/airflow/.local/lib/python3.12/site-packages/airflow/example_dags/example_python_decorator.py
[2024-06-30T04:01:24.661+0000] {processor.py:830} INFO - Processing file /home/airflow/.local/lib/python3.12/site-packages/airflow/example_dags/example_python_decorator.py for tasks to queue
[2024-06-30T04:01:24.667+0000] {logging_mixin.py:188} INFO - [2024-06-30T04:01:24.667+0000] {dagbag.py:545} INFO - Filling up the DagBag from /home/airflow/.local/lib/python3.12/site-packages/airflow/example_dags/example_python_decorator.py
[2024-06-30T04:01:24.687+0000] {processor.py:840} INFO - DAG(s) 'example_python_decorator' retrieved from /home/airflow/.local/lib/python3.12/site-packages/airflow/example_dags/example_python_decorator.py
[2024-06-30T04:01:24.750+0000] {logging_mixin.py:188} INFO - [2024-06-30T04:01:24.750+0000] {dag.py:3096} INFO - Sync 1 DAGs
[2024-06-30T04:01:24.781+0000] {logging_mixin.py:188} INFO - [2024-06-30T04:01:24.780+0000] {dag.py:3954} INFO - Setting next_dagrun for example_python_decorator to None, run_after=None
[2024-06-30T04:01:24.832+0000] {processor.py:183} INFO - Processing /home/airflow/.local/lib/python3.12/site-packages/airflow/example_dags/example_python_decorator.py took 0.191 seconds
[2024-06-30T04:01:55.093+0000] {processor.py:161} INFO - Started process (PID=1384) to work on /home/airflow/.local/lib/python3.12/site-packages/airflow/example_dags/example_python_decorator.py
[2024-06-30T04:01:55.095+0000] {processor.py:830} INFO - Processing file /home/airflow/.local/lib/python3.12/site-packages/airflow/example_dags/example_python_decorator.py for tasks to queue
[2024-06-30T04:01:55.103+0000] {logging_mixin.py:188} INFO - [2024-06-30T04:01:55.101+0000] {dagbag.py:545} INFO - Filling up the DagBag from /home/airflow/.local/lib/python3.12/site-packages/airflow/example_dags/example_python_decorator.py
[2024-06-30T04:01:55.159+0000] {processor.py:840} INFO - DAG(s) 'example_python_decorator' retrieved from /home/airflow/.local/lib/python3.12/site-packages/airflow/example_dags/example_python_decorator.py
[2024-06-30T04:01:55.258+0000] {logging_mixin.py:188} INFO - [2024-06-30T04:01:55.257+0000] {dag.py:3096} INFO - Sync 1 DAGs
[2024-06-30T04:01:55.317+0000] {logging_mixin.py:188} INFO - [2024-06-30T04:01:55.316+0000] {dag.py:3954} INFO - Setting next_dagrun for example_python_decorator to None, run_after=None
[2024-06-30T04:01:55.505+0000] {processor.py:183} INFO - Processing /home/airflow/.local/lib/python3.12/site-packages/airflow/example_dags/example_python_decorator.py took 0.432 seconds
[2024-06-30T04:02:25.692+0000] {processor.py:161} INFO - Started process (PID=1442) to work on /home/airflow/.local/lib/python3.12/site-packages/airflow/example_dags/example_python_decorator.py
[2024-06-30T04:02:25.696+0000] {processor.py:830} INFO - Processing file /home/airflow/.local/lib/python3.12/site-packages/airflow/example_dags/example_python_decorator.py for tasks to queue
[2024-06-30T04:02:25.708+0000] {logging_mixin.py:188} INFO - [2024-06-30T04:02:25.707+0000] {dagbag.py:545} INFO - Filling up the DagBag from /home/airflow/.local/lib/python3.12/site-packages/airflow/example_dags/example_python_decorator.py
[2024-06-30T04:02:25.776+0000] {processor.py:840} INFO - DAG(s) 'example_python_decorator' retrieved from /home/airflow/.local/lib/python3.12/site-packages/airflow/example_dags/example_python_decorator.py
[2024-06-30T04:02:25.923+0000] {logging_mixin.py:188} INFO - [2024-06-30T04:02:25.923+0000] {dag.py:3096} INFO - Sync 1 DAGs
[2024-06-30T04:02:25.975+0000] {logging_mixin.py:188} INFO - [2024-06-30T04:02:25.975+0000] {dag.py:3954} INFO - Setting next_dagrun for example_python_decorator to None, run_after=None
[2024-06-30T04:02:26.052+0000] {processor.py:183} INFO - Processing /home/airflow/.local/lib/python3.12/site-packages/airflow/example_dags/example_python_decorator.py took 0.378 seconds
[2024-06-30T04:02:56.768+0000] {processor.py:161} INFO - Started process (PID=1500) to work on /home/airflow/.local/lib/python3.12/site-packages/airflow/example_dags/example_python_decorator.py
[2024-06-30T04:02:56.773+0000] {processor.py:830} INFO - Processing file /home/airflow/.local/lib/python3.12/site-packages/airflow/example_dags/example_python_decorator.py for tasks to queue
[2024-06-30T04:02:56.790+0000] {logging_mixin.py:188} INFO - [2024-06-30T04:02:56.789+0000] {dagbag.py:545} INFO - Filling up the DagBag from /home/airflow/.local/lib/python3.12/site-packages/airflow/example_dags/example_python_decorator.py
[2024-06-30T04:02:56.897+0000] {processor.py:840} INFO - DAG(s) 'example_python_decorator' retrieved from /home/airflow/.local/lib/python3.12/site-packages/airflow/example_dags/example_python_decorator.py
[2024-06-30T04:02:57.110+0000] {logging_mixin.py:188} INFO - [2024-06-30T04:02:57.101+0000] {dag.py:3096} INFO - Sync 1 DAGs
[2024-06-30T04:02:57.209+0000] {logging_mixin.py:188} INFO - [2024-06-30T04:02:57.208+0000] {dag.py:3954} INFO - Setting next_dagrun for example_python_decorator to None, run_after=None
[2024-06-30T04:02:57.406+0000] {processor.py:183} INFO - Processing /home/airflow/.local/lib/python3.12/site-packages/airflow/example_dags/example_python_decorator.py took 0.673 seconds
[2024-06-30T04:03:27.847+0000] {processor.py:161} INFO - Started process (PID=1558) to work on /home/airflow/.local/lib/python3.12/site-packages/airflow/example_dags/example_python_decorator.py
[2024-06-30T04:03:27.849+0000] {processor.py:830} INFO - Processing file /home/airflow/.local/lib/python3.12/site-packages/airflow/example_dags/example_python_decorator.py for tasks to queue
[2024-06-30T04:03:27.851+0000] {logging_mixin.py:188} INFO - [2024-06-30T04:03:27.851+0000] {dagbag.py:545} INFO - Filling up the DagBag from /home/airflow/.local/lib/python3.12/site-packages/airflow/example_dags/example_python_decorator.py
[2024-06-30T04:03:27.899+0000] {processor.py:840} INFO - DAG(s) 'example_python_decorator' retrieved from /home/airflow/.local/lib/python3.12/site-packages/airflow/example_dags/example_python_decorator.py
[2024-06-30T04:03:27.995+0000] {logging_mixin.py:188} INFO - [2024-06-30T04:03:27.995+0000] {dag.py:3096} INFO - Sync 1 DAGs
[2024-06-30T04:03:28.034+0000] {logging_mixin.py:188} INFO - [2024-06-30T04:03:28.034+0000] {dag.py:3954} INFO - Setting next_dagrun for example_python_decorator to None, run_after=None
[2024-06-30T04:03:28.134+0000] {processor.py:183} INFO - Processing /home/airflow/.local/lib/python3.12/site-packages/airflow/example_dags/example_python_decorator.py took 0.306 seconds
[2024-06-30T04:03:58.694+0000] {processor.py:161} INFO - Started process (PID=1616) to work on /home/airflow/.local/lib/python3.12/site-packages/airflow/example_dags/example_python_decorator.py
[2024-06-30T04:03:58.699+0000] {processor.py:830} INFO - Processing file /home/airflow/.local/lib/python3.12/site-packages/airflow/example_dags/example_python_decorator.py for tasks to queue
[2024-06-30T04:03:58.704+0000] {logging_mixin.py:188} INFO - [2024-06-30T04:03:58.704+0000] {dagbag.py:545} INFO - Filling up the DagBag from /home/airflow/.local/lib/python3.12/site-packages/airflow/example_dags/example_python_decorator.py
[2024-06-30T04:03:58.747+0000] {processor.py:840} INFO - DAG(s) 'example_python_decorator' retrieved from /home/airflow/.local/lib/python3.12/site-packages/airflow/example_dags/example_python_decorator.py
[2024-06-30T04:03:58.877+0000] {logging_mixin.py:188} INFO - [2024-06-30T04:03:58.869+0000] {dag.py:3096} INFO - Sync 1 DAGs
[2024-06-30T04:03:58.949+0000] {logging_mixin.py:188} INFO - [2024-06-30T04:03:58.949+0000] {dag.py:3954} INFO - Setting next_dagrun for example_python_decorator to None, run_after=None
[2024-06-30T04:03:59.021+0000] {processor.py:183} INFO - Processing /home/airflow/.local/lib/python3.12/site-packages/airflow/example_dags/example_python_decorator.py took 0.348 seconds
[2024-06-30T04:04:32.169+0000] {processor.py:161} INFO - Started process (PID=1673) to work on /home/airflow/.local/lib/python3.12/site-packages/airflow/example_dags/example_python_decorator.py
[2024-06-30T04:04:32.174+0000] {processor.py:830} INFO - Processing file /home/airflow/.local/lib/python3.12/site-packages/airflow/example_dags/example_python_decorator.py for tasks to queue
[2024-06-30T04:04:32.182+0000] {logging_mixin.py:188} INFO - [2024-06-30T04:04:32.181+0000] {dagbag.py:545} INFO - Filling up the DagBag from /home/airflow/.local/lib/python3.12/site-packages/airflow/example_dags/example_python_decorator.py
[2024-06-30T04:04:32.235+0000] {processor.py:840} INFO - DAG(s) 'example_python_decorator' retrieved from /home/airflow/.local/lib/python3.12/site-packages/airflow/example_dags/example_python_decorator.py
[2024-06-30T04:04:32.376+0000] {logging_mixin.py:188} INFO - [2024-06-30T04:04:32.374+0000] {dag.py:3096} INFO - Sync 1 DAGs
[2024-06-30T04:04:32.448+0000] {logging_mixin.py:188} INFO - [2024-06-30T04:04:32.448+0000] {dag.py:3954} INFO - Setting next_dagrun for example_python_decorator to None, run_after=None
[2024-06-30T04:04:32.572+0000] {processor.py:183} INFO - Processing /home/airflow/.local/lib/python3.12/site-packages/airflow/example_dags/example_python_decorator.py took 0.429 seconds
[2024-06-30T04:05:07.415+0000] {processor.py:161} INFO - Started process (PID=1742) to work on /home/airflow/.local/lib/python3.12/site-packages/airflow/example_dags/example_python_decorator.py
[2024-06-30T04:05:07.418+0000] {processor.py:830} INFO - Processing file /home/airflow/.local/lib/python3.12/site-packages/airflow/example_dags/example_python_decorator.py for tasks to queue
[2024-06-30T04:05:07.423+0000] {logging_mixin.py:188} INFO - [2024-06-30T04:05:07.422+0000] {dagbag.py:545} INFO - Filling up the DagBag from /home/airflow/.local/lib/python3.12/site-packages/airflow/example_dags/example_python_decorator.py
[2024-06-30T04:05:07.471+0000] {processor.py:840} INFO - DAG(s) 'example_python_decorator' retrieved from /home/airflow/.local/lib/python3.12/site-packages/airflow/example_dags/example_python_decorator.py
[2024-06-30T04:05:07.574+0000] {logging_mixin.py:188} INFO - [2024-06-30T04:05:07.574+0000] {dag.py:3096} INFO - Sync 1 DAGs
[2024-06-30T04:05:07.682+0000] {logging_mixin.py:188} INFO - [2024-06-30T04:05:07.681+0000] {dag.py:3954} INFO - Setting next_dagrun for example_python_decorator to None, run_after=None
[2024-06-30T04:05:07.849+0000] {processor.py:183} INFO - Processing /home/airflow/.local/lib/python3.12/site-packages/airflow/example_dags/example_python_decorator.py took 0.457 seconds
[2024-06-30T04:05:39.043+0000] {processor.py:161} INFO - Started process (PID=1798) to work on /home/airflow/.local/lib/python3.12/site-packages/airflow/example_dags/example_python_decorator.py
[2024-06-30T04:05:39.044+0000] {processor.py:830} INFO - Processing file /home/airflow/.local/lib/python3.12/site-packages/airflow/example_dags/example_python_decorator.py for tasks to queue
[2024-06-30T04:05:39.055+0000] {logging_mixin.py:188} INFO - [2024-06-30T04:05:39.055+0000] {dagbag.py:545} INFO - Filling up the DagBag from /home/airflow/.local/lib/python3.12/site-packages/airflow/example_dags/example_python_decorator.py
[2024-06-30T04:05:39.099+0000] {processor.py:840} INFO - DAG(s) 'example_python_decorator' retrieved from /home/airflow/.local/lib/python3.12/site-packages/airflow/example_dags/example_python_decorator.py
[2024-06-30T04:05:39.166+0000] {logging_mixin.py:188} INFO - [2024-06-30T04:05:39.165+0000] {dag.py:3096} INFO - Sync 1 DAGs
[2024-06-30T04:05:39.523+0000] {logging_mixin.py:188} INFO - [2024-06-30T04:05:39.522+0000] {dag.py:3954} INFO - Setting next_dagrun for example_python_decorator to None, run_after=None
[2024-06-30T04:05:39.594+0000] {processor.py:183} INFO - Processing /home/airflow/.local/lib/python3.12/site-packages/airflow/example_dags/example_python_decorator.py took 0.567 seconds
[2024-06-30T04:06:09.915+0000] {processor.py:161} INFO - Started process (PID=1856) to work on /home/airflow/.local/lib/python3.12/site-packages/airflow/example_dags/example_python_decorator.py
[2024-06-30T04:06:09.920+0000] {processor.py:830} INFO - Processing file /home/airflow/.local/lib/python3.12/site-packages/airflow/example_dags/example_python_decorator.py for tasks to queue
[2024-06-30T04:06:09.924+0000] {logging_mixin.py:188} INFO - [2024-06-30T04:06:09.923+0000] {dagbag.py:545} INFO - Filling up the DagBag from /home/airflow/.local/lib/python3.12/site-packages/airflow/example_dags/example_python_decorator.py
[2024-06-30T04:06:09.960+0000] {processor.py:840} INFO - DAG(s) 'example_python_decorator' retrieved from /home/airflow/.local/lib/python3.12/site-packages/airflow/example_dags/example_python_decorator.py
[2024-06-30T04:06:10.015+0000] {logging_mixin.py:188} INFO - [2024-06-30T04:06:10.015+0000] {dag.py:3096} INFO - Sync 1 DAGs
[2024-06-30T04:06:10.083+0000] {logging_mixin.py:188} INFO - [2024-06-30T04:06:10.083+0000] {dag.py:3954} INFO - Setting next_dagrun for example_python_decorator to None, run_after=None
[2024-06-30T04:06:10.525+0000] {processor.py:183} INFO - Processing /home/airflow/.local/lib/python3.12/site-packages/airflow/example_dags/example_python_decorator.py took 0.627 seconds
[2024-06-30T04:06:40.706+0000] {processor.py:161} INFO - Started process (PID=1914) to work on /home/airflow/.local/lib/python3.12/site-packages/airflow/example_dags/example_python_decorator.py
[2024-06-30T04:06:40.713+0000] {processor.py:830} INFO - Processing file /home/airflow/.local/lib/python3.12/site-packages/airflow/example_dags/example_python_decorator.py for tasks to queue
[2024-06-30T04:06:40.716+0000] {logging_mixin.py:188} INFO - [2024-06-30T04:06:40.716+0000] {dagbag.py:545} INFO - Filling up the DagBag from /home/airflow/.local/lib/python3.12/site-packages/airflow/example_dags/example_python_decorator.py
[2024-06-30T04:06:40.768+0000] {processor.py:840} INFO - DAG(s) 'example_python_decorator' retrieved from /home/airflow/.local/lib/python3.12/site-packages/airflow/example_dags/example_python_decorator.py
[2024-06-30T04:06:40.882+0000] {logging_mixin.py:188} INFO - [2024-06-30T04:06:40.881+0000] {dag.py:3096} INFO - Sync 1 DAGs
[2024-06-30T04:06:40.945+0000] {logging_mixin.py:188} INFO - [2024-06-30T04:06:40.945+0000] {dag.py:3954} INFO - Setting next_dagrun for example_python_decorator to None, run_after=None
[2024-06-30T04:06:41.091+0000] {processor.py:183} INFO - Processing /home/airflow/.local/lib/python3.12/site-packages/airflow/example_dags/example_python_decorator.py took 0.405 seconds
[2024-06-30T04:07:12.436+0000] {processor.py:161} INFO - Started process (PID=1973) to work on /home/airflow/.local/lib/python3.12/site-packages/airflow/example_dags/example_python_decorator.py
[2024-06-30T04:07:12.446+0000] {processor.py:830} INFO - Processing file /home/airflow/.local/lib/python3.12/site-packages/airflow/example_dags/example_python_decorator.py for tasks to queue
[2024-06-30T04:07:12.451+0000] {logging_mixin.py:188} INFO - [2024-06-30T04:07:12.450+0000] {dagbag.py:545} INFO - Filling up the DagBag from /home/airflow/.local/lib/python3.12/site-packages/airflow/example_dags/example_python_decorator.py
[2024-06-30T04:07:12.522+0000] {processor.py:840} INFO - DAG(s) 'example_python_decorator' retrieved from /home/airflow/.local/lib/python3.12/site-packages/airflow/example_dags/example_python_decorator.py
[2024-06-30T04:07:12.617+0000] {logging_mixin.py:188} INFO - [2024-06-30T04:07:12.616+0000] {dag.py:3096} INFO - Sync 1 DAGs
[2024-06-30T04:07:12.671+0000] {logging_mixin.py:188} INFO - [2024-06-30T04:07:12.670+0000] {dag.py:3954} INFO - Setting next_dagrun for example_python_decorator to None, run_after=None
[2024-06-30T04:07:12.758+0000] {processor.py:183} INFO - Processing /home/airflow/.local/lib/python3.12/site-packages/airflow/example_dags/example_python_decorator.py took 0.343 seconds
[2024-06-30T04:07:43.074+0000] {processor.py:161} INFO - Started process (PID=2031) to work on /home/airflow/.local/lib/python3.12/site-packages/airflow/example_dags/example_python_decorator.py
[2024-06-30T04:07:43.076+0000] {processor.py:830} INFO - Processing file /home/airflow/.local/lib/python3.12/site-packages/airflow/example_dags/example_python_decorator.py for tasks to queue
[2024-06-30T04:07:43.083+0000] {logging_mixin.py:188} INFO - [2024-06-30T04:07:43.081+0000] {dagbag.py:545} INFO - Filling up the DagBag from /home/airflow/.local/lib/python3.12/site-packages/airflow/example_dags/example_python_decorator.py
[2024-06-30T04:07:43.108+0000] {processor.py:840} INFO - DAG(s) 'example_python_decorator' retrieved from /home/airflow/.local/lib/python3.12/site-packages/airflow/example_dags/example_python_decorator.py
[2024-06-30T04:07:43.163+0000] {logging_mixin.py:188} INFO - [2024-06-30T04:07:43.162+0000] {dag.py:3096} INFO - Sync 1 DAGs
[2024-06-30T04:07:43.191+0000] {logging_mixin.py:188} INFO - [2024-06-30T04:07:43.190+0000] {dag.py:3954} INFO - Setting next_dagrun for example_python_decorator to None, run_after=None
[2024-06-30T04:07:43.287+0000] {processor.py:183} INFO - Processing /home/airflow/.local/lib/python3.12/site-packages/airflow/example_dags/example_python_decorator.py took 0.228 seconds
[2024-06-30T04:08:13.623+0000] {processor.py:161} INFO - Started process (PID=2089) to work on /home/airflow/.local/lib/python3.12/site-packages/airflow/example_dags/example_python_decorator.py
[2024-06-30T04:08:13.625+0000] {processor.py:830} INFO - Processing file /home/airflow/.local/lib/python3.12/site-packages/airflow/example_dags/example_python_decorator.py for tasks to queue
[2024-06-30T04:08:13.629+0000] {logging_mixin.py:188} INFO - [2024-06-30T04:08:13.628+0000] {dagbag.py:545} INFO - Filling up the DagBag from /home/airflow/.local/lib/python3.12/site-packages/airflow/example_dags/example_python_decorator.py
[2024-06-30T04:08:13.665+0000] {processor.py:840} INFO - DAG(s) 'example_python_decorator' retrieved from /home/airflow/.local/lib/python3.12/site-packages/airflow/example_dags/example_python_decorator.py
[2024-06-30T04:08:13.727+0000] {logging_mixin.py:188} INFO - [2024-06-30T04:08:13.727+0000] {dag.py:3096} INFO - Sync 1 DAGs
[2024-06-30T04:08:13.759+0000] {logging_mixin.py:188} INFO - [2024-06-30T04:08:13.759+0000] {dag.py:3954} INFO - Setting next_dagrun for example_python_decorator to None, run_after=None
[2024-06-30T04:08:13.841+0000] {processor.py:183} INFO - Processing /home/airflow/.local/lib/python3.12/site-packages/airflow/example_dags/example_python_decorator.py took 0.228 seconds
[2024-06-30T04:08:49.141+0000] {processor.py:161} INFO - Started process (PID=2147) to work on /home/airflow/.local/lib/python3.12/site-packages/airflow/example_dags/example_python_decorator.py
[2024-06-30T04:08:49.156+0000] {processor.py:830} INFO - Processing file /home/airflow/.local/lib/python3.12/site-packages/airflow/example_dags/example_python_decorator.py for tasks to queue
[2024-06-30T04:08:49.165+0000] {logging_mixin.py:188} INFO - [2024-06-30T04:08:49.164+0000] {dagbag.py:545} INFO - Filling up the DagBag from /home/airflow/.local/lib/python3.12/site-packages/airflow/example_dags/example_python_decorator.py
[2024-06-30T04:08:49.227+0000] {processor.py:840} INFO - DAG(s) 'example_python_decorator' retrieved from /home/airflow/.local/lib/python3.12/site-packages/airflow/example_dags/example_python_decorator.py
[2024-06-30T04:08:49.291+0000] {logging_mixin.py:188} INFO - [2024-06-30T04:08:49.290+0000] {dag.py:3096} INFO - Sync 1 DAGs
[2024-06-30T04:08:49.327+0000] {logging_mixin.py:188} INFO - [2024-06-30T04:08:49.326+0000] {dag.py:3954} INFO - Setting next_dagrun for example_python_decorator to None, run_after=None
[2024-06-30T04:08:49.403+0000] {processor.py:183} INFO - Processing /home/airflow/.local/lib/python3.12/site-packages/airflow/example_dags/example_python_decorator.py took 0.280 seconds
[2024-06-30T04:09:20.482+0000] {processor.py:161} INFO - Started process (PID=2205) to work on /home/airflow/.local/lib/python3.12/site-packages/airflow/example_dags/example_python_decorator.py
[2024-06-30T04:09:20.484+0000] {processor.py:830} INFO - Processing file /home/airflow/.local/lib/python3.12/site-packages/airflow/example_dags/example_python_decorator.py for tasks to queue
[2024-06-30T04:09:20.498+0000] {logging_mixin.py:188} INFO - [2024-06-30T04:09:20.498+0000] {dagbag.py:545} INFO - Filling up the DagBag from /home/airflow/.local/lib/python3.12/site-packages/airflow/example_dags/example_python_decorator.py
[2024-06-30T04:09:20.607+0000] {processor.py:840} INFO - DAG(s) 'example_python_decorator' retrieved from /home/airflow/.local/lib/python3.12/site-packages/airflow/example_dags/example_python_decorator.py
[2024-06-30T04:09:20.798+0000] {logging_mixin.py:188} INFO - [2024-06-30T04:09:20.786+0000] {dag.py:3096} INFO - Sync 1 DAGs
[2024-06-30T04:09:20.929+0000] {logging_mixin.py:188} INFO - [2024-06-30T04:09:20.928+0000] {dag.py:3954} INFO - Setting next_dagrun for example_python_decorator to None, run_after=None
[2024-06-30T04:09:21.071+0000] {processor.py:183} INFO - Processing /home/airflow/.local/lib/python3.12/site-packages/airflow/example_dags/example_python_decorator.py took 0.616 seconds
[2024-06-30T04:09:51.292+0000] {processor.py:161} INFO - Started process (PID=2264) to work on /home/airflow/.local/lib/python3.12/site-packages/airflow/example_dags/example_python_decorator.py
[2024-06-30T04:09:51.294+0000] {processor.py:830} INFO - Processing file /home/airflow/.local/lib/python3.12/site-packages/airflow/example_dags/example_python_decorator.py for tasks to queue
[2024-06-30T04:09:51.298+0000] {logging_mixin.py:188} INFO - [2024-06-30T04:09:51.297+0000] {dagbag.py:545} INFO - Filling up the DagBag from /home/airflow/.local/lib/python3.12/site-packages/airflow/example_dags/example_python_decorator.py
[2024-06-30T04:09:51.337+0000] {processor.py:840} INFO - DAG(s) 'example_python_decorator' retrieved from /home/airflow/.local/lib/python3.12/site-packages/airflow/example_dags/example_python_decorator.py
[2024-06-30T04:09:51.392+0000] {logging_mixin.py:188} INFO - [2024-06-30T04:09:51.391+0000] {dag.py:3096} INFO - Sync 1 DAGs
[2024-06-30T04:09:51.420+0000] {logging_mixin.py:188} INFO - [2024-06-30T04:09:51.419+0000] {dag.py:3954} INFO - Setting next_dagrun for example_python_decorator to None, run_after=None
[2024-06-30T04:09:51.462+0000] {processor.py:183} INFO - Processing /home/airflow/.local/lib/python3.12/site-packages/airflow/example_dags/example_python_decorator.py took 0.188 seconds
[2024-06-30T04:10:21.616+0000] {processor.py:161} INFO - Started process (PID=2322) to work on /home/airflow/.local/lib/python3.12/site-packages/airflow/example_dags/example_python_decorator.py
[2024-06-30T04:10:21.618+0000] {processor.py:830} INFO - Processing file /home/airflow/.local/lib/python3.12/site-packages/airflow/example_dags/example_python_decorator.py for tasks to queue
[2024-06-30T04:10:21.621+0000] {logging_mixin.py:188} INFO - [2024-06-30T04:10:21.621+0000] {dagbag.py:545} INFO - Filling up the DagBag from /home/airflow/.local/lib/python3.12/site-packages/airflow/example_dags/example_python_decorator.py
[2024-06-30T04:10:21.648+0000] {processor.py:840} INFO - DAG(s) 'example_python_decorator' retrieved from /home/airflow/.local/lib/python3.12/site-packages/airflow/example_dags/example_python_decorator.py
[2024-06-30T04:10:21.704+0000] {logging_mixin.py:188} INFO - [2024-06-30T04:10:21.704+0000] {dag.py:3096} INFO - Sync 1 DAGs
[2024-06-30T04:10:21.733+0000] {logging_mixin.py:188} INFO - [2024-06-30T04:10:21.732+0000] {dag.py:3954} INFO - Setting next_dagrun for example_python_decorator to None, run_after=None
[2024-06-30T04:10:21.788+0000] {processor.py:183} INFO - Processing /home/airflow/.local/lib/python3.12/site-packages/airflow/example_dags/example_python_decorator.py took 0.183 seconds
[2024-06-30T04:10:52.076+0000] {processor.py:161} INFO - Started process (PID=2380) to work on /home/airflow/.local/lib/python3.12/site-packages/airflow/example_dags/example_python_decorator.py
[2024-06-30T04:10:52.077+0000] {processor.py:830} INFO - Processing file /home/airflow/.local/lib/python3.12/site-packages/airflow/example_dags/example_python_decorator.py for tasks to queue
[2024-06-30T04:10:52.081+0000] {logging_mixin.py:188} INFO - [2024-06-30T04:10:52.080+0000] {dagbag.py:545} INFO - Filling up the DagBag from /home/airflow/.local/lib/python3.12/site-packages/airflow/example_dags/example_python_decorator.py
[2024-06-30T04:10:52.102+0000] {processor.py:840} INFO - DAG(s) 'example_python_decorator' retrieved from /home/airflow/.local/lib/python3.12/site-packages/airflow/example_dags/example_python_decorator.py
[2024-06-30T04:10:52.140+0000] {logging_mixin.py:188} INFO - [2024-06-30T04:10:52.140+0000] {dag.py:3096} INFO - Sync 1 DAGs
[2024-06-30T04:10:52.164+0000] {logging_mixin.py:188} INFO - [2024-06-30T04:10:52.164+0000] {dag.py:3954} INFO - Setting next_dagrun for example_python_decorator to None, run_after=None
[2024-06-30T04:10:52.204+0000] {processor.py:183} INFO - Processing /home/airflow/.local/lib/python3.12/site-packages/airflow/example_dags/example_python_decorator.py took 0.139 seconds
[2024-06-30T04:11:22.978+0000] {processor.py:161} INFO - Started process (PID=2438) to work on /home/airflow/.local/lib/python3.12/site-packages/airflow/example_dags/example_python_decorator.py
[2024-06-30T04:11:22.980+0000] {processor.py:830} INFO - Processing file /home/airflow/.local/lib/python3.12/site-packages/airflow/example_dags/example_python_decorator.py for tasks to queue
[2024-06-30T04:11:22.985+0000] {logging_mixin.py:188} INFO - [2024-06-30T04:11:22.984+0000] {dagbag.py:545} INFO - Filling up the DagBag from /home/airflow/.local/lib/python3.12/site-packages/airflow/example_dags/example_python_decorator.py
[2024-06-30T04:11:23.022+0000] {processor.py:840} INFO - DAG(s) 'example_python_decorator' retrieved from /home/airflow/.local/lib/python3.12/site-packages/airflow/example_dags/example_python_decorator.py
[2024-06-30T04:11:23.079+0000] {logging_mixin.py:188} INFO - [2024-06-30T04:11:23.079+0000] {dag.py:3096} INFO - Sync 1 DAGs
[2024-06-30T04:11:23.111+0000] {logging_mixin.py:188} INFO - [2024-06-30T04:11:23.110+0000] {dag.py:3954} INFO - Setting next_dagrun for example_python_decorator to None, run_after=None
[2024-06-30T04:11:23.166+0000] {processor.py:183} INFO - Processing /home/airflow/.local/lib/python3.12/site-packages/airflow/example_dags/example_python_decorator.py took 0.200 seconds
[2024-06-30T04:11:53.342+0000] {processor.py:161} INFO - Started process (PID=2495) to work on /home/airflow/.local/lib/python3.12/site-packages/airflow/example_dags/example_python_decorator.py
[2024-06-30T04:11:53.344+0000] {processor.py:830} INFO - Processing file /home/airflow/.local/lib/python3.12/site-packages/airflow/example_dags/example_python_decorator.py for tasks to queue
[2024-06-30T04:11:53.348+0000] {logging_mixin.py:188} INFO - [2024-06-30T04:11:53.347+0000] {dagbag.py:545} INFO - Filling up the DagBag from /home/airflow/.local/lib/python3.12/site-packages/airflow/example_dags/example_python_decorator.py
[2024-06-30T04:11:53.401+0000] {processor.py:840} INFO - DAG(s) 'example_python_decorator' retrieved from /home/airflow/.local/lib/python3.12/site-packages/airflow/example_dags/example_python_decorator.py
[2024-06-30T04:11:53.450+0000] {logging_mixin.py:188} INFO - [2024-06-30T04:11:53.450+0000] {dag.py:3096} INFO - Sync 1 DAGs
[2024-06-30T04:11:53.472+0000] {logging_mixin.py:188} INFO - [2024-06-30T04:11:53.471+0000] {dag.py:3954} INFO - Setting next_dagrun for example_python_decorator to None, run_after=None
[2024-06-30T04:11:53.525+0000] {processor.py:183} INFO - Processing /home/airflow/.local/lib/python3.12/site-packages/airflow/example_dags/example_python_decorator.py took 0.192 seconds
[2024-06-30T04:12:24.213+0000] {processor.py:161} INFO - Started process (PID=2551) to work on /home/airflow/.local/lib/python3.12/site-packages/airflow/example_dags/example_python_decorator.py
[2024-06-30T04:12:24.215+0000] {processor.py:830} INFO - Processing file /home/airflow/.local/lib/python3.12/site-packages/airflow/example_dags/example_python_decorator.py for tasks to queue
[2024-06-30T04:12:24.219+0000] {logging_mixin.py:188} INFO - [2024-06-30T04:12:24.218+0000] {dagbag.py:545} INFO - Filling up the DagBag from /home/airflow/.local/lib/python3.12/site-packages/airflow/example_dags/example_python_decorator.py
[2024-06-30T04:12:24.277+0000] {processor.py:840} INFO - DAG(s) 'example_python_decorator' retrieved from /home/airflow/.local/lib/python3.12/site-packages/airflow/example_dags/example_python_decorator.py
[2024-06-30T04:12:24.327+0000] {logging_mixin.py:188} INFO - [2024-06-30T04:12:24.327+0000] {dag.py:3096} INFO - Sync 1 DAGs
[2024-06-30T04:12:24.353+0000] {logging_mixin.py:188} INFO - [2024-06-30T04:12:24.352+0000] {dag.py:3954} INFO - Setting next_dagrun for example_python_decorator to None, run_after=None
[2024-06-30T04:12:24.388+0000] {processor.py:183} INFO - Processing /home/airflow/.local/lib/python3.12/site-packages/airflow/example_dags/example_python_decorator.py took 0.200 seconds
[2024-06-30T04:12:54.746+0000] {processor.py:161} INFO - Started process (PID=2609) to work on /home/airflow/.local/lib/python3.12/site-packages/airflow/example_dags/example_python_decorator.py
[2024-06-30T04:12:54.749+0000] {processor.py:830} INFO - Processing file /home/airflow/.local/lib/python3.12/site-packages/airflow/example_dags/example_python_decorator.py for tasks to queue
[2024-06-30T04:12:54.753+0000] {logging_mixin.py:188} INFO - [2024-06-30T04:12:54.752+0000] {dagbag.py:545} INFO - Filling up the DagBag from /home/airflow/.local/lib/python3.12/site-packages/airflow/example_dags/example_python_decorator.py
[2024-06-30T04:12:54.789+0000] {processor.py:840} INFO - DAG(s) 'example_python_decorator' retrieved from /home/airflow/.local/lib/python3.12/site-packages/airflow/example_dags/example_python_decorator.py
[2024-06-30T04:12:54.845+0000] {logging_mixin.py:188} INFO - [2024-06-30T04:12:54.845+0000] {dag.py:3096} INFO - Sync 1 DAGs
[2024-06-30T04:12:54.875+0000] {logging_mixin.py:188} INFO - [2024-06-30T04:12:54.875+0000] {dag.py:3954} INFO - Setting next_dagrun for example_python_decorator to None, run_after=None
[2024-06-30T04:12:54.922+0000] {processor.py:183} INFO - Processing /home/airflow/.local/lib/python3.12/site-packages/airflow/example_dags/example_python_decorator.py took 0.190 seconds
[2024-06-30T04:13:25.891+0000] {processor.py:161} INFO - Started process (PID=2667) to work on /home/airflow/.local/lib/python3.12/site-packages/airflow/example_dags/example_python_decorator.py
[2024-06-30T04:13:25.893+0000] {processor.py:830} INFO - Processing file /home/airflow/.local/lib/python3.12/site-packages/airflow/example_dags/example_python_decorator.py for tasks to queue
[2024-06-30T04:13:25.895+0000] {logging_mixin.py:188} INFO - [2024-06-30T04:13:25.895+0000] {dagbag.py:545} INFO - Filling up the DagBag from /home/airflow/.local/lib/python3.12/site-packages/airflow/example_dags/example_python_decorator.py
[2024-06-30T04:13:25.921+0000] {processor.py:840} INFO - DAG(s) 'example_python_decorator' retrieved from /home/airflow/.local/lib/python3.12/site-packages/airflow/example_dags/example_python_decorator.py
[2024-06-30T04:13:25.971+0000] {logging_mixin.py:188} INFO - [2024-06-30T04:13:25.971+0000] {dag.py:3096} INFO - Sync 1 DAGs
[2024-06-30T04:13:26.019+0000] {logging_mixin.py:188} INFO - [2024-06-30T04:13:26.017+0000] {dag.py:3954} INFO - Setting next_dagrun for example_python_decorator to None, run_after=None
[2024-06-30T04:13:26.080+0000] {processor.py:183} INFO - Processing /home/airflow/.local/lib/python3.12/site-packages/airflow/example_dags/example_python_decorator.py took 0.197 seconds
[2024-06-30T04:13:56.656+0000] {processor.py:161} INFO - Started process (PID=2727) to work on /home/airflow/.local/lib/python3.12/site-packages/airflow/example_dags/example_python_decorator.py
[2024-06-30T04:13:56.658+0000] {processor.py:830} INFO - Processing file /home/airflow/.local/lib/python3.12/site-packages/airflow/example_dags/example_python_decorator.py for tasks to queue
[2024-06-30T04:13:56.661+0000] {logging_mixin.py:188} INFO - [2024-06-30T04:13:56.661+0000] {dagbag.py:545} INFO - Filling up the DagBag from /home/airflow/.local/lib/python3.12/site-packages/airflow/example_dags/example_python_decorator.py
[2024-06-30T04:13:56.699+0000] {processor.py:840} INFO - DAG(s) 'example_python_decorator' retrieved from /home/airflow/.local/lib/python3.12/site-packages/airflow/example_dags/example_python_decorator.py
[2024-06-30T04:13:56.757+0000] {logging_mixin.py:188} INFO - [2024-06-30T04:13:56.757+0000] {dag.py:3096} INFO - Sync 1 DAGs
[2024-06-30T04:13:56.793+0000] {logging_mixin.py:188} INFO - [2024-06-30T04:13:56.792+0000] {dag.py:3954} INFO - Setting next_dagrun for example_python_decorator to None, run_after=None
[2024-06-30T04:13:56.848+0000] {processor.py:183} INFO - Processing /home/airflow/.local/lib/python3.12/site-packages/airflow/example_dags/example_python_decorator.py took 0.206 seconds
[2024-06-30T04:14:27.726+0000] {processor.py:161} INFO - Started process (PID=2785) to work on /home/airflow/.local/lib/python3.12/site-packages/airflow/example_dags/example_python_decorator.py
[2024-06-30T04:14:27.728+0000] {processor.py:830} INFO - Processing file /home/airflow/.local/lib/python3.12/site-packages/airflow/example_dags/example_python_decorator.py for tasks to queue
[2024-06-30T04:14:27.731+0000] {logging_mixin.py:188} INFO - [2024-06-30T04:14:27.730+0000] {dagbag.py:545} INFO - Filling up the DagBag from /home/airflow/.local/lib/python3.12/site-packages/airflow/example_dags/example_python_decorator.py
[2024-06-30T04:14:27.757+0000] {processor.py:840} INFO - DAG(s) 'example_python_decorator' retrieved from /home/airflow/.local/lib/python3.12/site-packages/airflow/example_dags/example_python_decorator.py
[2024-06-30T04:14:27.801+0000] {logging_mixin.py:188} INFO - [2024-06-30T04:14:27.801+0000] {dag.py:3096} INFO - Sync 1 DAGs
[2024-06-30T04:14:27.831+0000] {logging_mixin.py:188} INFO - [2024-06-30T04:14:27.830+0000] {dag.py:3954} INFO - Setting next_dagrun for example_python_decorator to None, run_after=None
[2024-06-30T04:14:27.870+0000] {processor.py:183} INFO - Processing /home/airflow/.local/lib/python3.12/site-packages/airflow/example_dags/example_python_decorator.py took 0.153 seconds
[2024-06-30T04:14:58.215+0000] {processor.py:161} INFO - Started process (PID=2843) to work on /home/airflow/.local/lib/python3.12/site-packages/airflow/example_dags/example_python_decorator.py
[2024-06-30T04:14:58.217+0000] {processor.py:830} INFO - Processing file /home/airflow/.local/lib/python3.12/site-packages/airflow/example_dags/example_python_decorator.py for tasks to queue
[2024-06-30T04:14:58.221+0000] {logging_mixin.py:188} INFO - [2024-06-30T04:14:58.220+0000] {dagbag.py:545} INFO - Filling up the DagBag from /home/airflow/.local/lib/python3.12/site-packages/airflow/example_dags/example_python_decorator.py
[2024-06-30T04:14:58.269+0000] {processor.py:840} INFO - DAG(s) 'example_python_decorator' retrieved from /home/airflow/.local/lib/python3.12/site-packages/airflow/example_dags/example_python_decorator.py
[2024-06-30T04:14:58.310+0000] {logging_mixin.py:188} INFO - [2024-06-30T04:14:58.310+0000] {dag.py:3096} INFO - Sync 1 DAGs
[2024-06-30T04:14:58.336+0000] {logging_mixin.py:188} INFO - [2024-06-30T04:14:58.336+0000] {dag.py:3954} INFO - Setting next_dagrun for example_python_decorator to None, run_after=None
[2024-06-30T04:14:58.381+0000] {processor.py:183} INFO - Processing /home/airflow/.local/lib/python3.12/site-packages/airflow/example_dags/example_python_decorator.py took 0.176 seconds
[2024-06-30T04:15:28.547+0000] {processor.py:161} INFO - Started process (PID=2901) to work on /home/airflow/.local/lib/python3.12/site-packages/airflow/example_dags/example_python_decorator.py
[2024-06-30T04:15:28.549+0000] {processor.py:830} INFO - Processing file /home/airflow/.local/lib/python3.12/site-packages/airflow/example_dags/example_python_decorator.py for tasks to queue
[2024-06-30T04:15:28.552+0000] {logging_mixin.py:188} INFO - [2024-06-30T04:15:28.551+0000] {dagbag.py:545} INFO - Filling up the DagBag from /home/airflow/.local/lib/python3.12/site-packages/airflow/example_dags/example_python_decorator.py
[2024-06-30T04:15:28.577+0000] {processor.py:840} INFO - DAG(s) 'example_python_decorator' retrieved from /home/airflow/.local/lib/python3.12/site-packages/airflow/example_dags/example_python_decorator.py
[2024-06-30T04:15:28.622+0000] {logging_mixin.py:188} INFO - [2024-06-30T04:15:28.620+0000] {dag.py:3096} INFO - Sync 1 DAGs
[2024-06-30T04:15:28.645+0000] {logging_mixin.py:188} INFO - [2024-06-30T04:15:28.645+0000] {dag.py:3954} INFO - Setting next_dagrun for example_python_decorator to None, run_after=None
[2024-06-30T04:15:28.677+0000] {processor.py:183} INFO - Processing /home/airflow/.local/lib/python3.12/site-packages/airflow/example_dags/example_python_decorator.py took 0.138 seconds
[2024-06-30T04:15:59.525+0000] {processor.py:161} INFO - Started process (PID=2959) to work on /home/airflow/.local/lib/python3.12/site-packages/airflow/example_dags/example_python_decorator.py
[2024-06-30T04:15:59.526+0000] {processor.py:830} INFO - Processing file /home/airflow/.local/lib/python3.12/site-packages/airflow/example_dags/example_python_decorator.py for tasks to queue
[2024-06-30T04:15:59.529+0000] {logging_mixin.py:188} INFO - [2024-06-30T04:15:59.528+0000] {dagbag.py:545} INFO - Filling up the DagBag from /home/airflow/.local/lib/python3.12/site-packages/airflow/example_dags/example_python_decorator.py
[2024-06-30T04:15:59.547+0000] {processor.py:840} INFO - DAG(s) 'example_python_decorator' retrieved from /home/airflow/.local/lib/python3.12/site-packages/airflow/example_dags/example_python_decorator.py
[2024-06-30T04:15:59.580+0000] {logging_mixin.py:188} INFO - [2024-06-30T04:15:59.580+0000] {dag.py:3096} INFO - Sync 1 DAGs
[2024-06-30T04:15:59.600+0000] {logging_mixin.py:188} INFO - [2024-06-30T04:15:59.599+0000] {dag.py:3954} INFO - Setting next_dagrun for example_python_decorator to None, run_after=None
[2024-06-30T04:15:59.633+0000] {processor.py:183} INFO - Processing /home/airflow/.local/lib/python3.12/site-packages/airflow/example_dags/example_python_decorator.py took 0.115 seconds
[2024-06-30T04:16:30.214+0000] {processor.py:161} INFO - Started process (PID=3017) to work on /home/airflow/.local/lib/python3.12/site-packages/airflow/example_dags/example_python_decorator.py
[2024-06-30T04:16:30.217+0000] {processor.py:830} INFO - Processing file /home/airflow/.local/lib/python3.12/site-packages/airflow/example_dags/example_python_decorator.py for tasks to queue
[2024-06-30T04:16:30.221+0000] {logging_mixin.py:188} INFO - [2024-06-30T04:16:30.220+0000] {dagbag.py:545} INFO - Filling up the DagBag from /home/airflow/.local/lib/python3.12/site-packages/airflow/example_dags/example_python_decorator.py
[2024-06-30T04:16:30.250+0000] {processor.py:840} INFO - DAG(s) 'example_python_decorator' retrieved from /home/airflow/.local/lib/python3.12/site-packages/airflow/example_dags/example_python_decorator.py
[2024-06-30T04:16:30.312+0000] {logging_mixin.py:188} INFO - [2024-06-30T04:16:30.311+0000] {dag.py:3096} INFO - Sync 1 DAGs
[2024-06-30T04:16:30.344+0000] {logging_mixin.py:188} INFO - [2024-06-30T04:16:30.343+0000] {dag.py:3954} INFO - Setting next_dagrun for example_python_decorator to None, run_after=None
[2024-06-30T04:16:30.395+0000] {processor.py:183} INFO - Processing /home/airflow/.local/lib/python3.12/site-packages/airflow/example_dags/example_python_decorator.py took 0.192 seconds
[2024-06-30T04:17:00.662+0000] {processor.py:161} INFO - Started process (PID=3075) to work on /home/airflow/.local/lib/python3.12/site-packages/airflow/example_dags/example_python_decorator.py
[2024-06-30T04:17:00.667+0000] {processor.py:830} INFO - Processing file /home/airflow/.local/lib/python3.12/site-packages/airflow/example_dags/example_python_decorator.py for tasks to queue
[2024-06-30T04:17:00.670+0000] {logging_mixin.py:188} INFO - [2024-06-30T04:17:00.670+0000] {dagbag.py:545} INFO - Filling up the DagBag from /home/airflow/.local/lib/python3.12/site-packages/airflow/example_dags/example_python_decorator.py
[2024-06-30T04:17:00.694+0000] {processor.py:840} INFO - DAG(s) 'example_python_decorator' retrieved from /home/airflow/.local/lib/python3.12/site-packages/airflow/example_dags/example_python_decorator.py
[2024-06-30T04:17:00.741+0000] {logging_mixin.py:188} INFO - [2024-06-30T04:17:00.741+0000] {dag.py:3096} INFO - Sync 1 DAGs
[2024-06-30T04:17:00.766+0000] {logging_mixin.py:188} INFO - [2024-06-30T04:17:00.766+0000] {dag.py:3954} INFO - Setting next_dagrun for example_python_decorator to None, run_after=None
[2024-06-30T04:17:00.805+0000] {processor.py:183} INFO - Processing /home/airflow/.local/lib/python3.12/site-packages/airflow/example_dags/example_python_decorator.py took 0.153 seconds
[2024-06-30T04:17:30.981+0000] {processor.py:161} INFO - Started process (PID=3132) to work on /home/airflow/.local/lib/python3.12/site-packages/airflow/example_dags/example_python_decorator.py
[2024-06-30T04:17:30.983+0000] {processor.py:830} INFO - Processing file /home/airflow/.local/lib/python3.12/site-packages/airflow/example_dags/example_python_decorator.py for tasks to queue
[2024-06-30T04:17:30.987+0000] {logging_mixin.py:188} INFO - [2024-06-30T04:17:30.986+0000] {dagbag.py:545} INFO - Filling up the DagBag from /home/airflow/.local/lib/python3.12/site-packages/airflow/example_dags/example_python_decorator.py
[2024-06-30T04:17:31.019+0000] {processor.py:840} INFO - DAG(s) 'example_python_decorator' retrieved from /home/airflow/.local/lib/python3.12/site-packages/airflow/example_dags/example_python_decorator.py
[2024-06-30T04:17:31.068+0000] {logging_mixin.py:188} INFO - [2024-06-30T04:17:31.067+0000] {dag.py:3096} INFO - Sync 1 DAGs
[2024-06-30T04:17:31.094+0000] {logging_mixin.py:188} INFO - [2024-06-30T04:17:31.094+0000] {dag.py:3954} INFO - Setting next_dagrun for example_python_decorator to None, run_after=None
[2024-06-30T04:17:31.134+0000] {processor.py:183} INFO - Processing /home/airflow/.local/lib/python3.12/site-packages/airflow/example_dags/example_python_decorator.py took 0.164 seconds
[2024-06-30T04:18:01.371+0000] {processor.py:161} INFO - Started process (PID=3190) to work on /home/airflow/.local/lib/python3.12/site-packages/airflow/example_dags/example_python_decorator.py
[2024-06-30T04:18:01.373+0000] {processor.py:830} INFO - Processing file /home/airflow/.local/lib/python3.12/site-packages/airflow/example_dags/example_python_decorator.py for tasks to queue
[2024-06-30T04:18:01.375+0000] {logging_mixin.py:188} INFO - [2024-06-30T04:18:01.375+0000] {dagbag.py:545} INFO - Filling up the DagBag from /home/airflow/.local/lib/python3.12/site-packages/airflow/example_dags/example_python_decorator.py
[2024-06-30T04:18:01.390+0000] {processor.py:840} INFO - DAG(s) 'example_python_decorator' retrieved from /home/airflow/.local/lib/python3.12/site-packages/airflow/example_dags/example_python_decorator.py
[2024-06-30T04:18:01.455+0000] {logging_mixin.py:188} INFO - [2024-06-30T04:18:01.455+0000] {dag.py:3096} INFO - Sync 1 DAGs
[2024-06-30T04:18:01.514+0000] {logging_mixin.py:188} INFO - [2024-06-30T04:18:01.513+0000] {dag.py:3954} INFO - Setting next_dagrun for example_python_decorator to None, run_after=None
[2024-06-30T04:18:01.588+0000] {processor.py:183} INFO - Processing /home/airflow/.local/lib/python3.12/site-packages/airflow/example_dags/example_python_decorator.py took 0.223 seconds
[2024-06-30T04:18:32.134+0000] {processor.py:161} INFO - Started process (PID=3247) to work on /home/airflow/.local/lib/python3.12/site-packages/airflow/example_dags/example_python_decorator.py
[2024-06-30T04:18:32.135+0000] {processor.py:830} INFO - Processing file /home/airflow/.local/lib/python3.12/site-packages/airflow/example_dags/example_python_decorator.py for tasks to queue
[2024-06-30T04:18:32.142+0000] {logging_mixin.py:188} INFO - [2024-06-30T04:18:32.138+0000] {dagbag.py:545} INFO - Filling up the DagBag from /home/airflow/.local/lib/python3.12/site-packages/airflow/example_dags/example_python_decorator.py
[2024-06-30T04:18:32.185+0000] {processor.py:840} INFO - DAG(s) 'example_python_decorator' retrieved from /home/airflow/.local/lib/python3.12/site-packages/airflow/example_dags/example_python_decorator.py
[2024-06-30T04:18:32.257+0000] {logging_mixin.py:188} INFO - [2024-06-30T04:18:32.256+0000] {dag.py:3096} INFO - Sync 1 DAGs
[2024-06-30T04:18:32.326+0000] {logging_mixin.py:188} INFO - [2024-06-30T04:18:32.325+0000] {dag.py:3954} INFO - Setting next_dagrun for example_python_decorator to None, run_after=None
[2024-06-30T04:18:32.418+0000] {processor.py:183} INFO - Processing /home/airflow/.local/lib/python3.12/site-packages/airflow/example_dags/example_python_decorator.py took 0.296 seconds
[2024-06-30T04:19:02.849+0000] {processor.py:161} INFO - Started process (PID=3305) to work on /home/airflow/.local/lib/python3.12/site-packages/airflow/example_dags/example_python_decorator.py
[2024-06-30T04:19:02.852+0000] {processor.py:830} INFO - Processing file /home/airflow/.local/lib/python3.12/site-packages/airflow/example_dags/example_python_decorator.py for tasks to queue
[2024-06-30T04:19:02.863+0000] {logging_mixin.py:188} INFO - [2024-06-30T04:19:02.860+0000] {dagbag.py:545} INFO - Filling up the DagBag from /home/airflow/.local/lib/python3.12/site-packages/airflow/example_dags/example_python_decorator.py
[2024-06-30T04:19:02.901+0000] {processor.py:840} INFO - DAG(s) 'example_python_decorator' retrieved from /home/airflow/.local/lib/python3.12/site-packages/airflow/example_dags/example_python_decorator.py
[2024-06-30T04:19:02.969+0000] {logging_mixin.py:188} INFO - [2024-06-30T04:19:02.969+0000] {dag.py:3096} INFO - Sync 1 DAGs
[2024-06-30T04:19:03.005+0000] {logging_mixin.py:188} INFO - [2024-06-30T04:19:03.005+0000] {dag.py:3954} INFO - Setting next_dagrun for example_python_decorator to None, run_after=None
[2024-06-30T04:19:03.072+0000] {processor.py:183} INFO - Processing /home/airflow/.local/lib/python3.12/site-packages/airflow/example_dags/example_python_decorator.py took 0.268 seconds
[2024-06-30T04:19:33.313+0000] {processor.py:161} INFO - Started process (PID=3363) to work on /home/airflow/.local/lib/python3.12/site-packages/airflow/example_dags/example_python_decorator.py
[2024-06-30T04:19:33.314+0000] {processor.py:830} INFO - Processing file /home/airflow/.local/lib/python3.12/site-packages/airflow/example_dags/example_python_decorator.py for tasks to queue
[2024-06-30T04:19:33.317+0000] {logging_mixin.py:188} INFO - [2024-06-30T04:19:33.317+0000] {dagbag.py:545} INFO - Filling up the DagBag from /home/airflow/.local/lib/python3.12/site-packages/airflow/example_dags/example_python_decorator.py
[2024-06-30T04:19:33.343+0000] {processor.py:840} INFO - DAG(s) 'example_python_decorator' retrieved from /home/airflow/.local/lib/python3.12/site-packages/airflow/example_dags/example_python_decorator.py
[2024-06-30T04:19:33.385+0000] {logging_mixin.py:188} INFO - [2024-06-30T04:19:33.385+0000] {dag.py:3096} INFO - Sync 1 DAGs
[2024-06-30T04:19:33.411+0000] {logging_mixin.py:188} INFO - [2024-06-30T04:19:33.410+0000] {dag.py:3954} INFO - Setting next_dagrun for example_python_decorator to None, run_after=None
[2024-06-30T04:19:33.457+0000] {processor.py:183} INFO - Processing /home/airflow/.local/lib/python3.12/site-packages/airflow/example_dags/example_python_decorator.py took 0.152 seconds
