[2024-06-30T03:49:48.044+0000] {processor.py:161} INFO - Started process (PID=67) to work on /home/airflow/.local/lib/python3.12/site-packages/airflow/example_dags/example_branch_operator.py
[2024-06-30T03:49:48.050+0000] {processor.py:830} INFO - Processing file /home/airflow/.local/lib/python3.12/site-packages/airflow/example_dags/example_branch_operator.py for tasks to queue
[2024-06-30T03:49:48.060+0000] {logging_mixin.py:188} INFO - [2024-06-30T03:49:48.059+0000] {dagbag.py:545} INFO - Filling up the DagBag from /home/airflow/.local/lib/python3.12/site-packages/airflow/example_dags/example_branch_operator.py
[2024-06-30T03:49:48.286+0000] {processor.py:840} INFO - DAG(s) 'example_branch_operator' retrieved from /home/airflow/.local/lib/python3.12/site-packages/airflow/example_dags/example_branch_operator.py
[2024-06-30T03:49:49.459+0000] {logging_mixin.py:188} INFO - [2024-06-30T03:49:49.455+0000] {dag.py:3096} INFO - Sync 1 DAGs
[2024-06-30T03:49:49.617+0000] {logging_mixin.py:188} INFO - [2024-06-30T03:49:49.616+0000] {dag.py:3954} INFO - Setting next_dagrun for example_branch_operator to 2024-06-29 00:00:00+00:00, run_after=2024-06-30 00:00:00+00:00
[2024-06-30T03:49:49.734+0000] {processor.py:183} INFO - Processing /home/airflow/.local/lib/python3.12/site-packages/airflow/example_dags/example_branch_operator.py took 1.739 seconds
[2024-06-30T03:50:20.361+0000] {processor.py:161} INFO - Started process (PID=125) to work on /home/airflow/.local/lib/python3.12/site-packages/airflow/example_dags/example_branch_operator.py
[2024-06-30T03:50:20.364+0000] {processor.py:830} INFO - Processing file /home/airflow/.local/lib/python3.12/site-packages/airflow/example_dags/example_branch_operator.py for tasks to queue
[2024-06-30T03:50:20.370+0000] {logging_mixin.py:188} INFO - [2024-06-30T03:50:20.369+0000] {dagbag.py:545} INFO - Filling up the DagBag from /home/airflow/.local/lib/python3.12/site-packages/airflow/example_dags/example_branch_operator.py
[2024-06-30T03:50:20.435+0000] {processor.py:840} INFO - DAG(s) 'example_branch_operator' retrieved from /home/airflow/.local/lib/python3.12/site-packages/airflow/example_dags/example_branch_operator.py
[2024-06-30T03:50:20.564+0000] {logging_mixin.py:188} INFO - [2024-06-30T03:50:20.562+0000] {dag.py:3096} INFO - Sync 1 DAGs
[2024-06-30T03:50:20.712+0000] {logging_mixin.py:188} INFO - [2024-06-30T03:50:20.712+0000] {dag.py:3954} INFO - Setting next_dagrun for example_branch_operator to 2024-06-29 00:00:00+00:00, run_after=2024-06-30 00:00:00+00:00
[2024-06-30T03:50:20.771+0000] {processor.py:183} INFO - Processing /home/airflow/.local/lib/python3.12/site-packages/airflow/example_dags/example_branch_operator.py took 0.423 seconds
[2024-06-30T03:50:51.515+0000] {processor.py:161} INFO - Started process (PID=183) to work on /home/airflow/.local/lib/python3.12/site-packages/airflow/example_dags/example_branch_operator.py
[2024-06-30T03:50:51.518+0000] {processor.py:830} INFO - Processing file /home/airflow/.local/lib/python3.12/site-packages/airflow/example_dags/example_branch_operator.py for tasks to queue
[2024-06-30T03:50:51.523+0000] {logging_mixin.py:188} INFO - [2024-06-30T03:50:51.522+0000] {dagbag.py:545} INFO - Filling up the DagBag from /home/airflow/.local/lib/python3.12/site-packages/airflow/example_dags/example_branch_operator.py
[2024-06-30T03:50:51.568+0000] {processor.py:840} INFO - DAG(s) 'example_branch_operator' retrieved from /home/airflow/.local/lib/python3.12/site-packages/airflow/example_dags/example_branch_operator.py
[2024-06-30T03:50:51.639+0000] {logging_mixin.py:188} INFO - [2024-06-30T03:50:51.639+0000] {dag.py:3096} INFO - Sync 1 DAGs
[2024-06-30T03:50:51.695+0000] {logging_mixin.py:188} INFO - [2024-06-30T03:50:51.695+0000] {dag.py:3954} INFO - Setting next_dagrun for example_branch_operator to 2024-06-29 00:00:00+00:00, run_after=2024-06-30 00:00:00+00:00
[2024-06-30T03:50:51.754+0000] {processor.py:183} INFO - Processing /home/airflow/.local/lib/python3.12/site-packages/airflow/example_dags/example_branch_operator.py took 0.251 seconds
[2024-06-30T03:51:22.259+0000] {processor.py:161} INFO - Started process (PID=240) to work on /home/airflow/.local/lib/python3.12/site-packages/airflow/example_dags/example_branch_operator.py
[2024-06-30T03:51:22.261+0000] {processor.py:830} INFO - Processing file /home/airflow/.local/lib/python3.12/site-packages/airflow/example_dags/example_branch_operator.py for tasks to queue
[2024-06-30T03:51:22.267+0000] {logging_mixin.py:188} INFO - [2024-06-30T03:51:22.266+0000] {dagbag.py:545} INFO - Filling up the DagBag from /home/airflow/.local/lib/python3.12/site-packages/airflow/example_dags/example_branch_operator.py
[2024-06-30T03:51:22.366+0000] {processor.py:840} INFO - DAG(s) 'example_branch_operator' retrieved from /home/airflow/.local/lib/python3.12/site-packages/airflow/example_dags/example_branch_operator.py
[2024-06-30T03:51:22.522+0000] {logging_mixin.py:188} INFO - [2024-06-30T03:51:22.521+0000] {dag.py:3096} INFO - Sync 1 DAGs
[2024-06-30T03:51:22.742+0000] {logging_mixin.py:188} INFO - [2024-06-30T03:51:22.740+0000] {dag.py:3954} INFO - Setting next_dagrun for example_branch_operator to 2024-06-29 00:00:00+00:00, run_after=2024-06-30 00:00:00+00:00
[2024-06-30T03:51:22.968+0000] {processor.py:183} INFO - Processing /home/airflow/.local/lib/python3.12/site-packages/airflow/example_dags/example_branch_operator.py took 0.722 seconds
[2024-06-30T03:51:55.238+0000] {processor.py:161} INFO - Started process (PID=306) to work on /home/airflow/.local/lib/python3.12/site-packages/airflow/example_dags/example_branch_operator.py
[2024-06-30T03:51:55.246+0000] {processor.py:830} INFO - Processing file /home/airflow/.local/lib/python3.12/site-packages/airflow/example_dags/example_branch_operator.py for tasks to queue
[2024-06-30T03:51:55.256+0000] {logging_mixin.py:188} INFO - [2024-06-30T03:51:55.255+0000] {dagbag.py:545} INFO - Filling up the DagBag from /home/airflow/.local/lib/python3.12/site-packages/airflow/example_dags/example_branch_operator.py
[2024-06-30T03:51:55.396+0000] {processor.py:840} INFO - DAG(s) 'example_branch_operator' retrieved from /home/airflow/.local/lib/python3.12/site-packages/airflow/example_dags/example_branch_operator.py
[2024-06-30T03:51:55.546+0000] {logging_mixin.py:188} INFO - [2024-06-30T03:51:55.545+0000] {dag.py:3096} INFO - Sync 1 DAGs
[2024-06-30T03:51:55.652+0000] {logging_mixin.py:188} INFO - [2024-06-30T03:51:55.652+0000] {dag.py:3954} INFO - Setting next_dagrun for example_branch_operator to 2024-06-29 00:00:00+00:00, run_after=2024-06-30 00:00:00+00:00
[2024-06-30T03:51:55.795+0000] {processor.py:183} INFO - Processing /home/airflow/.local/lib/python3.12/site-packages/airflow/example_dags/example_branch_operator.py took 0.576 seconds
[2024-06-30T03:52:26.081+0000] {processor.py:161} INFO - Started process (PID=362) to work on /home/airflow/.local/lib/python3.12/site-packages/airflow/example_dags/example_branch_operator.py
[2024-06-30T03:52:26.085+0000] {processor.py:830} INFO - Processing file /home/airflow/.local/lib/python3.12/site-packages/airflow/example_dags/example_branch_operator.py for tasks to queue
[2024-06-30T03:52:26.090+0000] {logging_mixin.py:188} INFO - [2024-06-30T03:52:26.089+0000] {dagbag.py:545} INFO - Filling up the DagBag from /home/airflow/.local/lib/python3.12/site-packages/airflow/example_dags/example_branch_operator.py
[2024-06-30T03:52:26.138+0000] {processor.py:840} INFO - DAG(s) 'example_branch_operator' retrieved from /home/airflow/.local/lib/python3.12/site-packages/airflow/example_dags/example_branch_operator.py
[2024-06-30T03:52:26.235+0000] {logging_mixin.py:188} INFO - [2024-06-30T03:52:26.234+0000] {dag.py:3096} INFO - Sync 1 DAGs
[2024-06-30T03:52:26.306+0000] {logging_mixin.py:188} INFO - [2024-06-30T03:52:26.305+0000] {dag.py:3954} INFO - Setting next_dagrun for example_branch_operator to 2024-06-29 00:00:00+00:00, run_after=2024-06-30 00:00:00+00:00
[2024-06-30T03:52:26.363+0000] {processor.py:183} INFO - Processing /home/airflow/.local/lib/python3.12/site-packages/airflow/example_dags/example_branch_operator.py took 0.298 seconds
[2024-06-30T03:52:57.063+0000] {processor.py:161} INFO - Started process (PID=420) to work on /home/airflow/.local/lib/python3.12/site-packages/airflow/example_dags/example_branch_operator.py
[2024-06-30T03:52:57.065+0000] {processor.py:830} INFO - Processing file /home/airflow/.local/lib/python3.12/site-packages/airflow/example_dags/example_branch_operator.py for tasks to queue
[2024-06-30T03:52:57.070+0000] {logging_mixin.py:188} INFO - [2024-06-30T03:52:57.069+0000] {dagbag.py:545} INFO - Filling up the DagBag from /home/airflow/.local/lib/python3.12/site-packages/airflow/example_dags/example_branch_operator.py
[2024-06-30T03:52:57.101+0000] {processor.py:840} INFO - DAG(s) 'example_branch_operator' retrieved from /home/airflow/.local/lib/python3.12/site-packages/airflow/example_dags/example_branch_operator.py
[2024-06-30T03:52:57.163+0000] {logging_mixin.py:188} INFO - [2024-06-30T03:52:57.163+0000] {dag.py:3096} INFO - Sync 1 DAGs
[2024-06-30T03:52:57.217+0000] {logging_mixin.py:188} INFO - [2024-06-30T03:52:57.216+0000] {dag.py:3954} INFO - Setting next_dagrun for example_branch_operator to 2024-06-29 00:00:00+00:00, run_after=2024-06-30 00:00:00+00:00
[2024-06-30T03:52:57.262+0000] {processor.py:183} INFO - Processing /home/airflow/.local/lib/python3.12/site-packages/airflow/example_dags/example_branch_operator.py took 0.211 seconds
[2024-06-30T03:53:27.737+0000] {processor.py:161} INFO - Started process (PID=478) to work on /home/airflow/.local/lib/python3.12/site-packages/airflow/example_dags/example_branch_operator.py
[2024-06-30T03:53:27.739+0000] {processor.py:830} INFO - Processing file /home/airflow/.local/lib/python3.12/site-packages/airflow/example_dags/example_branch_operator.py for tasks to queue
[2024-06-30T03:53:27.743+0000] {logging_mixin.py:188} INFO - [2024-06-30T03:53:27.743+0000] {dagbag.py:545} INFO - Filling up the DagBag from /home/airflow/.local/lib/python3.12/site-packages/airflow/example_dags/example_branch_operator.py
[2024-06-30T03:53:27.779+0000] {processor.py:840} INFO - DAG(s) 'example_branch_operator' retrieved from /home/airflow/.local/lib/python3.12/site-packages/airflow/example_dags/example_branch_operator.py
[2024-06-30T03:53:27.841+0000] {logging_mixin.py:188} INFO - [2024-06-30T03:53:27.841+0000] {dag.py:3096} INFO - Sync 1 DAGs
[2024-06-30T03:53:27.894+0000] {logging_mixin.py:188} INFO - [2024-06-30T03:53:27.894+0000] {dag.py:3954} INFO - Setting next_dagrun for example_branch_operator to 2024-06-29 00:00:00+00:00, run_after=2024-06-30 00:00:00+00:00
[2024-06-30T03:53:27.994+0000] {processor.py:183} INFO - Processing /home/airflow/.local/lib/python3.12/site-packages/airflow/example_dags/example_branch_operator.py took 0.268 seconds
[2024-06-30T03:54:05.655+0000] {processor.py:161} INFO - Started process (PID=536) to work on /home/airflow/.local/lib/python3.12/site-packages/airflow/example_dags/example_branch_operator.py
[2024-06-30T03:54:05.681+0000] {processor.py:830} INFO - Processing file /home/airflow/.local/lib/python3.12/site-packages/airflow/example_dags/example_branch_operator.py for tasks to queue
[2024-06-30T03:54:05.698+0000] {logging_mixin.py:188} INFO - [2024-06-30T03:54:05.697+0000] {dagbag.py:545} INFO - Filling up the DagBag from /home/airflow/.local/lib/python3.12/site-packages/airflow/example_dags/example_branch_operator.py
[2024-06-30T03:54:05.859+0000] {processor.py:840} INFO - DAG(s) 'example_branch_operator' retrieved from /home/airflow/.local/lib/python3.12/site-packages/airflow/example_dags/example_branch_operator.py
[2024-06-30T03:54:06.042+0000] {logging_mixin.py:188} INFO - [2024-06-30T03:54:06.042+0000] {dag.py:3096} INFO - Sync 1 DAGs
[2024-06-30T03:54:06.166+0000] {logging_mixin.py:188} INFO - [2024-06-30T03:54:06.166+0000] {dag.py:3954} INFO - Setting next_dagrun for example_branch_operator to 2024-06-29 00:00:00+00:00, run_after=2024-06-30 00:00:00+00:00
[2024-06-30T03:54:06.270+0000] {processor.py:183} INFO - Processing /home/airflow/.local/lib/python3.12/site-packages/airflow/example_dags/example_branch_operator.py took 0.651 seconds
[2024-06-30T03:54:36.710+0000] {processor.py:161} INFO - Started process (PID=594) to work on /home/airflow/.local/lib/python3.12/site-packages/airflow/example_dags/example_branch_operator.py
[2024-06-30T03:54:36.722+0000] {processor.py:830} INFO - Processing file /home/airflow/.local/lib/python3.12/site-packages/airflow/example_dags/example_branch_operator.py for tasks to queue
[2024-06-30T03:54:36.728+0000] {logging_mixin.py:188} INFO - [2024-06-30T03:54:36.727+0000] {dagbag.py:545} INFO - Filling up the DagBag from /home/airflow/.local/lib/python3.12/site-packages/airflow/example_dags/example_branch_operator.py
[2024-06-30T03:54:36.876+0000] {processor.py:840} INFO - DAG(s) 'example_branch_operator' retrieved from /home/airflow/.local/lib/python3.12/site-packages/airflow/example_dags/example_branch_operator.py
[2024-06-30T03:54:37.035+0000] {logging_mixin.py:188} INFO - [2024-06-30T03:54:37.035+0000] {dag.py:3096} INFO - Sync 1 DAGs
[2024-06-30T03:54:37.145+0000] {logging_mixin.py:188} INFO - [2024-06-30T03:54:37.145+0000] {dag.py:3954} INFO - Setting next_dagrun for example_branch_operator to 2024-06-29 00:00:00+00:00, run_after=2024-06-30 00:00:00+00:00
[2024-06-30T03:54:37.300+0000] {processor.py:183} INFO - Processing /home/airflow/.local/lib/python3.12/site-packages/airflow/example_dags/example_branch_operator.py took 0.613 seconds
[2024-06-30T03:55:08.344+0000] {processor.py:161} INFO - Started process (PID=652) to work on /home/airflow/.local/lib/python3.12/site-packages/airflow/example_dags/example_branch_operator.py
[2024-06-30T03:55:08.347+0000] {processor.py:830} INFO - Processing file /home/airflow/.local/lib/python3.12/site-packages/airflow/example_dags/example_branch_operator.py for tasks to queue
[2024-06-30T03:55:08.356+0000] {logging_mixin.py:188} INFO - [2024-06-30T03:55:08.354+0000] {dagbag.py:545} INFO - Filling up the DagBag from /home/airflow/.local/lib/python3.12/site-packages/airflow/example_dags/example_branch_operator.py
[2024-06-30T03:55:08.441+0000] {processor.py:840} INFO - DAG(s) 'example_branch_operator' retrieved from /home/airflow/.local/lib/python3.12/site-packages/airflow/example_dags/example_branch_operator.py
[2024-06-30T03:55:08.673+0000] {logging_mixin.py:188} INFO - [2024-06-30T03:55:08.672+0000] {dag.py:3096} INFO - Sync 1 DAGs
[2024-06-30T03:55:08.827+0000] {logging_mixin.py:188} INFO - [2024-06-30T03:55:08.826+0000] {dag.py:3954} INFO - Setting next_dagrun for example_branch_operator to 2024-06-29 00:00:00+00:00, run_after=2024-06-30 00:00:00+00:00
[2024-06-30T03:55:09.056+0000] {processor.py:183} INFO - Processing /home/airflow/.local/lib/python3.12/site-packages/airflow/example_dags/example_branch_operator.py took 0.731 seconds
[2024-06-30T03:55:39.525+0000] {processor.py:161} INFO - Started process (PID=711) to work on /home/airflow/.local/lib/python3.12/site-packages/airflow/example_dags/example_branch_operator.py
[2024-06-30T03:55:39.527+0000] {processor.py:830} INFO - Processing file /home/airflow/.local/lib/python3.12/site-packages/airflow/example_dags/example_branch_operator.py for tasks to queue
[2024-06-30T03:55:39.533+0000] {logging_mixin.py:188} INFO - [2024-06-30T03:55:39.532+0000] {dagbag.py:545} INFO - Filling up the DagBag from /home/airflow/.local/lib/python3.12/site-packages/airflow/example_dags/example_branch_operator.py
[2024-06-30T03:55:39.606+0000] {processor.py:840} INFO - DAG(s) 'example_branch_operator' retrieved from /home/airflow/.local/lib/python3.12/site-packages/airflow/example_dags/example_branch_operator.py
[2024-06-30T03:55:39.714+0000] {logging_mixin.py:188} INFO - [2024-06-30T03:55:39.714+0000] {dag.py:3096} INFO - Sync 1 DAGs
[2024-06-30T03:55:39.819+0000] {logging_mixin.py:188} INFO - [2024-06-30T03:55:39.818+0000] {dag.py:3954} INFO - Setting next_dagrun for example_branch_operator to 2024-06-29 00:00:00+00:00, run_after=2024-06-30 00:00:00+00:00
[2024-06-30T03:55:39.895+0000] {processor.py:183} INFO - Processing /home/airflow/.local/lib/python3.12/site-packages/airflow/example_dags/example_branch_operator.py took 0.388 seconds
[2024-06-30T03:56:15.464+0000] {processor.py:161} INFO - Started process (PID=769) to work on /home/airflow/.local/lib/python3.12/site-packages/airflow/example_dags/example_branch_operator.py
[2024-06-30T03:56:15.470+0000] {processor.py:830} INFO - Processing file /home/airflow/.local/lib/python3.12/site-packages/airflow/example_dags/example_branch_operator.py for tasks to queue
[2024-06-30T03:56:15.485+0000] {logging_mixin.py:188} INFO - [2024-06-30T03:56:15.484+0000] {dagbag.py:545} INFO - Filling up the DagBag from /home/airflow/.local/lib/python3.12/site-packages/airflow/example_dags/example_branch_operator.py
[2024-06-30T03:56:15.610+0000] {processor.py:840} INFO - DAG(s) 'example_branch_operator' retrieved from /home/airflow/.local/lib/python3.12/site-packages/airflow/example_dags/example_branch_operator.py
[2024-06-30T03:56:15.748+0000] {logging_mixin.py:188} INFO - [2024-06-30T03:56:15.747+0000] {dag.py:3096} INFO - Sync 1 DAGs
[2024-06-30T03:56:15.845+0000] {logging_mixin.py:188} INFO - [2024-06-30T03:56:15.844+0000] {dag.py:3954} INFO - Setting next_dagrun for example_branch_operator to 2024-06-29 00:00:00+00:00, run_after=2024-06-30 00:00:00+00:00
[2024-06-30T03:56:16.030+0000] {processor.py:183} INFO - Processing /home/airflow/.local/lib/python3.12/site-packages/airflow/example_dags/example_branch_operator.py took 0.589 seconds
[2024-06-30T03:56:46.718+0000] {processor.py:161} INFO - Started process (PID=827) to work on /home/airflow/.local/lib/python3.12/site-packages/airflow/example_dags/example_branch_operator.py
[2024-06-30T03:56:46.727+0000] {processor.py:830} INFO - Processing file /home/airflow/.local/lib/python3.12/site-packages/airflow/example_dags/example_branch_operator.py for tasks to queue
[2024-06-30T03:56:46.732+0000] {logging_mixin.py:188} INFO - [2024-06-30T03:56:46.731+0000] {dagbag.py:545} INFO - Filling up the DagBag from /home/airflow/.local/lib/python3.12/site-packages/airflow/example_dags/example_branch_operator.py
[2024-06-30T03:56:46.792+0000] {processor.py:840} INFO - DAG(s) 'example_branch_operator' retrieved from /home/airflow/.local/lib/python3.12/site-packages/airflow/example_dags/example_branch_operator.py
[2024-06-30T03:56:46.917+0000] {logging_mixin.py:188} INFO - [2024-06-30T03:56:46.916+0000] {dag.py:3096} INFO - Sync 1 DAGs
[2024-06-30T03:56:46.992+0000] {logging_mixin.py:188} INFO - [2024-06-30T03:56:46.990+0000] {dag.py:3954} INFO - Setting next_dagrun for example_branch_operator to 2024-06-29 00:00:00+00:00, run_after=2024-06-30 00:00:00+00:00
[2024-06-30T03:56:47.070+0000] {processor.py:183} INFO - Processing /home/airflow/.local/lib/python3.12/site-packages/airflow/example_dags/example_branch_operator.py took 0.376 seconds
[2024-06-30T03:57:25.045+0000] {processor.py:161} INFO - Started process (PID=885) to work on /home/airflow/.local/lib/python3.12/site-packages/airflow/example_dags/example_branch_operator.py
[2024-06-30T03:57:25.056+0000] {processor.py:830} INFO - Processing file /home/airflow/.local/lib/python3.12/site-packages/airflow/example_dags/example_branch_operator.py for tasks to queue
[2024-06-30T03:57:25.060+0000] {logging_mixin.py:188} INFO - [2024-06-30T03:57:25.059+0000] {dagbag.py:545} INFO - Filling up the DagBag from /home/airflow/.local/lib/python3.12/site-packages/airflow/example_dags/example_branch_operator.py
[2024-06-30T03:57:25.132+0000] {processor.py:840} INFO - DAG(s) 'example_branch_operator' retrieved from /home/airflow/.local/lib/python3.12/site-packages/airflow/example_dags/example_branch_operator.py
[2024-06-30T03:57:25.285+0000] {logging_mixin.py:188} INFO - [2024-06-30T03:57:25.284+0000] {dag.py:3096} INFO - Sync 1 DAGs
[2024-06-30T03:57:25.411+0000] {logging_mixin.py:188} INFO - [2024-06-30T03:57:25.411+0000] {dag.py:3954} INFO - Setting next_dagrun for example_branch_operator to 2024-06-29 00:00:00+00:00, run_after=2024-06-30 00:00:00+00:00
[2024-06-30T03:57:25.561+0000] {processor.py:183} INFO - Processing /home/airflow/.local/lib/python3.12/site-packages/airflow/example_dags/example_branch_operator.py took 0.539 seconds
[2024-06-30T03:57:57.359+0000] {processor.py:161} INFO - Started process (PID=943) to work on /home/airflow/.local/lib/python3.12/site-packages/airflow/example_dags/example_branch_operator.py
[2024-06-30T03:57:57.363+0000] {processor.py:830} INFO - Processing file /home/airflow/.local/lib/python3.12/site-packages/airflow/example_dags/example_branch_operator.py for tasks to queue
[2024-06-30T03:57:57.374+0000] {logging_mixin.py:188} INFO - [2024-06-30T03:57:57.370+0000] {dagbag.py:545} INFO - Filling up the DagBag from /home/airflow/.local/lib/python3.12/site-packages/airflow/example_dags/example_branch_operator.py
[2024-06-30T03:57:57.465+0000] {processor.py:840} INFO - DAG(s) 'example_branch_operator' retrieved from /home/airflow/.local/lib/python3.12/site-packages/airflow/example_dags/example_branch_operator.py
[2024-06-30T03:57:57.625+0000] {logging_mixin.py:188} INFO - [2024-06-30T03:57:57.624+0000] {dag.py:3096} INFO - Sync 1 DAGs
[2024-06-30T03:57:57.768+0000] {logging_mixin.py:188} INFO - [2024-06-30T03:57:57.767+0000] {dag.py:3954} INFO - Setting next_dagrun for example_branch_operator to 2024-06-29 00:00:00+00:00, run_after=2024-06-30 00:00:00+00:00
[2024-06-30T03:57:57.908+0000] {processor.py:183} INFO - Processing /home/airflow/.local/lib/python3.12/site-packages/airflow/example_dags/example_branch_operator.py took 0.601 seconds
[2024-06-30T03:58:28.482+0000] {processor.py:161} INFO - Started process (PID=1001) to work on /home/airflow/.local/lib/python3.12/site-packages/airflow/example_dags/example_branch_operator.py
[2024-06-30T03:58:28.485+0000] {processor.py:830} INFO - Processing file /home/airflow/.local/lib/python3.12/site-packages/airflow/example_dags/example_branch_operator.py for tasks to queue
[2024-06-30T03:58:28.490+0000] {logging_mixin.py:188} INFO - [2024-06-30T03:58:28.489+0000] {dagbag.py:545} INFO - Filling up the DagBag from /home/airflow/.local/lib/python3.12/site-packages/airflow/example_dags/example_branch_operator.py
[2024-06-30T03:58:28.532+0000] {processor.py:840} INFO - DAG(s) 'example_branch_operator' retrieved from /home/airflow/.local/lib/python3.12/site-packages/airflow/example_dags/example_branch_operator.py
[2024-06-30T03:58:28.643+0000] {logging_mixin.py:188} INFO - [2024-06-30T03:58:28.642+0000] {dag.py:3096} INFO - Sync 1 DAGs
[2024-06-30T03:58:28.734+0000] {logging_mixin.py:188} INFO - [2024-06-30T03:58:28.732+0000] {dag.py:3954} INFO - Setting next_dagrun for example_branch_operator to 2024-06-29 00:00:00+00:00, run_after=2024-06-30 00:00:00+00:00
[2024-06-30T03:58:28.858+0000] {processor.py:183} INFO - Processing /home/airflow/.local/lib/python3.12/site-packages/airflow/example_dags/example_branch_operator.py took 0.390 seconds
[2024-06-30T03:58:59.175+0000] {processor.py:161} INFO - Started process (PID=1059) to work on /home/airflow/.local/lib/python3.12/site-packages/airflow/example_dags/example_branch_operator.py
[2024-06-30T03:58:59.177+0000] {processor.py:830} INFO - Processing file /home/airflow/.local/lib/python3.12/site-packages/airflow/example_dags/example_branch_operator.py for tasks to queue
[2024-06-30T03:58:59.183+0000] {logging_mixin.py:188} INFO - [2024-06-30T03:58:59.182+0000] {dagbag.py:545} INFO - Filling up the DagBag from /home/airflow/.local/lib/python3.12/site-packages/airflow/example_dags/example_branch_operator.py
[2024-06-30T03:58:59.221+0000] {processor.py:840} INFO - DAG(s) 'example_branch_operator' retrieved from /home/airflow/.local/lib/python3.12/site-packages/airflow/example_dags/example_branch_operator.py
[2024-06-30T03:58:59.279+0000] {logging_mixin.py:188} INFO - [2024-06-30T03:58:59.279+0000] {dag.py:3096} INFO - Sync 1 DAGs
[2024-06-30T03:58:59.327+0000] {logging_mixin.py:188} INFO - [2024-06-30T03:58:59.327+0000] {dag.py:3954} INFO - Setting next_dagrun for example_branch_operator to 2024-06-29 00:00:00+00:00, run_after=2024-06-30 00:00:00+00:00
[2024-06-30T03:58:59.432+0000] {processor.py:183} INFO - Processing /home/airflow/.local/lib/python3.12/site-packages/airflow/example_dags/example_branch_operator.py took 0.269 seconds
[2024-06-30T03:59:29.648+0000] {processor.py:161} INFO - Started process (PID=1117) to work on /home/airflow/.local/lib/python3.12/site-packages/airflow/example_dags/example_branch_operator.py
[2024-06-30T03:59:29.651+0000] {processor.py:830} INFO - Processing file /home/airflow/.local/lib/python3.12/site-packages/airflow/example_dags/example_branch_operator.py for tasks to queue
[2024-06-30T03:59:29.655+0000] {logging_mixin.py:188} INFO - [2024-06-30T03:59:29.655+0000] {dagbag.py:545} INFO - Filling up the DagBag from /home/airflow/.local/lib/python3.12/site-packages/airflow/example_dags/example_branch_operator.py
[2024-06-30T03:59:29.689+0000] {processor.py:840} INFO - DAG(s) 'example_branch_operator' retrieved from /home/airflow/.local/lib/python3.12/site-packages/airflow/example_dags/example_branch_operator.py
[2024-06-30T03:59:29.757+0000] {logging_mixin.py:188} INFO - [2024-06-30T03:59:29.757+0000] {dag.py:3096} INFO - Sync 1 DAGs
[2024-06-30T03:59:29.810+0000] {logging_mixin.py:188} INFO - [2024-06-30T03:59:29.809+0000] {dag.py:3954} INFO - Setting next_dagrun for example_branch_operator to 2024-06-29 00:00:00+00:00, run_after=2024-06-30 00:00:00+00:00
[2024-06-30T03:59:29.859+0000] {processor.py:183} INFO - Processing /home/airflow/.local/lib/python3.12/site-packages/airflow/example_dags/example_branch_operator.py took 0.222 seconds
[2024-06-30T04:00:06.294+0000] {processor.py:161} INFO - Started process (PID=1181) to work on /home/airflow/.local/lib/python3.12/site-packages/airflow/example_dags/example_branch_operator.py
[2024-06-30T04:00:06.297+0000] {processor.py:830} INFO - Processing file /home/airflow/.local/lib/python3.12/site-packages/airflow/example_dags/example_branch_operator.py for tasks to queue
[2024-06-30T04:00:06.311+0000] {logging_mixin.py:188} INFO - [2024-06-30T04:00:06.310+0000] {dagbag.py:545} INFO - Filling up the DagBag from /home/airflow/.local/lib/python3.12/site-packages/airflow/example_dags/example_branch_operator.py
[2024-06-30T04:00:06.428+0000] {processor.py:840} INFO - DAG(s) 'example_branch_operator' retrieved from /home/airflow/.local/lib/python3.12/site-packages/airflow/example_dags/example_branch_operator.py
[2024-06-30T04:00:06.593+0000] {logging_mixin.py:188} INFO - [2024-06-30T04:00:06.591+0000] {dag.py:3096} INFO - Sync 1 DAGs
[2024-06-30T04:00:06.745+0000] {logging_mixin.py:188} INFO - [2024-06-30T04:00:06.745+0000] {dag.py:3954} INFO - Setting next_dagrun for example_branch_operator to 2024-06-29 00:00:00+00:00, run_after=2024-06-30 00:00:00+00:00
[2024-06-30T04:00:06.947+0000] {processor.py:183} INFO - Processing /home/airflow/.local/lib/python3.12/site-packages/airflow/example_dags/example_branch_operator.py took 0.701 seconds
[2024-06-30T04:00:37.463+0000] {processor.py:161} INFO - Started process (PID=1240) to work on /home/airflow/.local/lib/python3.12/site-packages/airflow/example_dags/example_branch_operator.py
[2024-06-30T04:00:37.465+0000] {processor.py:830} INFO - Processing file /home/airflow/.local/lib/python3.12/site-packages/airflow/example_dags/example_branch_operator.py for tasks to queue
[2024-06-30T04:00:37.475+0000] {logging_mixin.py:188} INFO - [2024-06-30T04:00:37.474+0000] {dagbag.py:545} INFO - Filling up the DagBag from /home/airflow/.local/lib/python3.12/site-packages/airflow/example_dags/example_branch_operator.py
[2024-06-30T04:00:37.544+0000] {processor.py:840} INFO - DAG(s) 'example_branch_operator' retrieved from /home/airflow/.local/lib/python3.12/site-packages/airflow/example_dags/example_branch_operator.py
[2024-06-30T04:00:37.649+0000] {logging_mixin.py:188} INFO - [2024-06-30T04:00:37.648+0000] {dag.py:3096} INFO - Sync 1 DAGs
[2024-06-30T04:00:37.731+0000] {logging_mixin.py:188} INFO - [2024-06-30T04:00:37.731+0000] {dag.py:3954} INFO - Setting next_dagrun for example_branch_operator to 2024-06-29 00:00:00+00:00, run_after=2024-06-30 00:00:00+00:00
[2024-06-30T04:00:37.795+0000] {processor.py:183} INFO - Processing /home/airflow/.local/lib/python3.12/site-packages/airflow/example_dags/example_branch_operator.py took 0.345 seconds
[2024-06-30T04:01:08.112+0000] {processor.py:161} INFO - Started process (PID=1298) to work on /home/airflow/.local/lib/python3.12/site-packages/airflow/example_dags/example_branch_operator.py
[2024-06-30T04:01:08.117+0000] {processor.py:830} INFO - Processing file /home/airflow/.local/lib/python3.12/site-packages/airflow/example_dags/example_branch_operator.py for tasks to queue
[2024-06-30T04:01:08.123+0000] {logging_mixin.py:188} INFO - [2024-06-30T04:01:08.122+0000] {dagbag.py:545} INFO - Filling up the DagBag from /home/airflow/.local/lib/python3.12/site-packages/airflow/example_dags/example_branch_operator.py
[2024-06-30T04:01:08.186+0000] {processor.py:840} INFO - DAG(s) 'example_branch_operator' retrieved from /home/airflow/.local/lib/python3.12/site-packages/airflow/example_dags/example_branch_operator.py
[2024-06-30T04:01:08.379+0000] {logging_mixin.py:188} INFO - [2024-06-30T04:01:08.379+0000] {dag.py:3096} INFO - Sync 1 DAGs
[2024-06-30T04:01:08.550+0000] {logging_mixin.py:188} INFO - [2024-06-30T04:01:08.549+0000] {dag.py:3954} INFO - Setting next_dagrun for example_branch_operator to 2024-06-29 00:00:00+00:00, run_after=2024-06-30 00:00:00+00:00
[2024-06-30T04:01:08.629+0000] {processor.py:183} INFO - Processing /home/airflow/.local/lib/python3.12/site-packages/airflow/example_dags/example_branch_operator.py took 0.550 seconds
[2024-06-30T04:01:39.438+0000] {processor.py:161} INFO - Started process (PID=1356) to work on /home/airflow/.local/lib/python3.12/site-packages/airflow/example_dags/example_branch_operator.py
[2024-06-30T04:01:39.444+0000] {processor.py:830} INFO - Processing file /home/airflow/.local/lib/python3.12/site-packages/airflow/example_dags/example_branch_operator.py for tasks to queue
[2024-06-30T04:01:39.451+0000] {logging_mixin.py:188} INFO - [2024-06-30T04:01:39.449+0000] {dagbag.py:545} INFO - Filling up the DagBag from /home/airflow/.local/lib/python3.12/site-packages/airflow/example_dags/example_branch_operator.py
[2024-06-30T04:01:39.532+0000] {processor.py:840} INFO - DAG(s) 'example_branch_operator' retrieved from /home/airflow/.local/lib/python3.12/site-packages/airflow/example_dags/example_branch_operator.py
[2024-06-30T04:01:39.615+0000] {logging_mixin.py:188} INFO - [2024-06-30T04:01:39.614+0000] {dag.py:3096} INFO - Sync 1 DAGs
[2024-06-30T04:01:39.682+0000] {logging_mixin.py:188} INFO - [2024-06-30T04:01:39.682+0000] {dag.py:3954} INFO - Setting next_dagrun for example_branch_operator to 2024-06-29 00:00:00+00:00, run_after=2024-06-30 00:00:00+00:00
[2024-06-30T04:01:39.748+0000] {processor.py:183} INFO - Processing /home/airflow/.local/lib/python3.12/site-packages/airflow/example_dags/example_branch_operator.py took 0.328 seconds
[2024-06-30T04:02:09.930+0000] {processor.py:161} INFO - Started process (PID=1414) to work on /home/airflow/.local/lib/python3.12/site-packages/airflow/example_dags/example_branch_operator.py
[2024-06-30T04:02:09.935+0000] {processor.py:830} INFO - Processing file /home/airflow/.local/lib/python3.12/site-packages/airflow/example_dags/example_branch_operator.py for tasks to queue
[2024-06-30T04:02:09.940+0000] {logging_mixin.py:188} INFO - [2024-06-30T04:02:09.939+0000] {dagbag.py:545} INFO - Filling up the DagBag from /home/airflow/.local/lib/python3.12/site-packages/airflow/example_dags/example_branch_operator.py
[2024-06-30T04:02:09.978+0000] {processor.py:840} INFO - DAG(s) 'example_branch_operator' retrieved from /home/airflow/.local/lib/python3.12/site-packages/airflow/example_dags/example_branch_operator.py
[2024-06-30T04:02:10.062+0000] {logging_mixin.py:188} INFO - [2024-06-30T04:02:10.061+0000] {dag.py:3096} INFO - Sync 1 DAGs
[2024-06-30T04:02:10.128+0000] {logging_mixin.py:188} INFO - [2024-06-30T04:02:10.128+0000] {dag.py:3954} INFO - Setting next_dagrun for example_branch_operator to 2024-06-29 00:00:00+00:00, run_after=2024-06-30 00:00:00+00:00
[2024-06-30T04:02:10.185+0000] {processor.py:183} INFO - Processing /home/airflow/.local/lib/python3.12/site-packages/airflow/example_dags/example_branch_operator.py took 0.274 seconds
[2024-06-30T04:02:40.381+0000] {processor.py:161} INFO - Started process (PID=1472) to work on /home/airflow/.local/lib/python3.12/site-packages/airflow/example_dags/example_branch_operator.py
[2024-06-30T04:02:40.383+0000] {processor.py:830} INFO - Processing file /home/airflow/.local/lib/python3.12/site-packages/airflow/example_dags/example_branch_operator.py for tasks to queue
[2024-06-30T04:02:40.389+0000] {logging_mixin.py:188} INFO - [2024-06-30T04:02:40.388+0000] {dagbag.py:545} INFO - Filling up the DagBag from /home/airflow/.local/lib/python3.12/site-packages/airflow/example_dags/example_branch_operator.py
[2024-06-30T04:02:40.441+0000] {processor.py:840} INFO - DAG(s) 'example_branch_operator' retrieved from /home/airflow/.local/lib/python3.12/site-packages/airflow/example_dags/example_branch_operator.py
[2024-06-30T04:02:40.568+0000] {logging_mixin.py:188} INFO - [2024-06-30T04:02:40.567+0000] {dag.py:3096} INFO - Sync 1 DAGs
[2024-06-30T04:02:40.724+0000] {logging_mixin.py:188} INFO - [2024-06-30T04:02:40.723+0000] {dag.py:3954} INFO - Setting next_dagrun for example_branch_operator to 2024-06-29 00:00:00+00:00, run_after=2024-06-30 00:00:00+00:00
[2024-06-30T04:02:40.863+0000] {processor.py:183} INFO - Processing /home/airflow/.local/lib/python3.12/site-packages/airflow/example_dags/example_branch_operator.py took 0.502 seconds
[2024-06-30T04:03:14.287+0000] {processor.py:161} INFO - Started process (PID=1530) to work on /home/airflow/.local/lib/python3.12/site-packages/airflow/example_dags/example_branch_operator.py
[2024-06-30T04:03:14.295+0000] {processor.py:830} INFO - Processing file /home/airflow/.local/lib/python3.12/site-packages/airflow/example_dags/example_branch_operator.py for tasks to queue
[2024-06-30T04:03:14.303+0000] {logging_mixin.py:188} INFO - [2024-06-30T04:03:14.302+0000] {dagbag.py:545} INFO - Filling up the DagBag from /home/airflow/.local/lib/python3.12/site-packages/airflow/example_dags/example_branch_operator.py
[2024-06-30T04:03:14.382+0000] {processor.py:840} INFO - DAG(s) 'example_branch_operator' retrieved from /home/airflow/.local/lib/python3.12/site-packages/airflow/example_dags/example_branch_operator.py
[2024-06-30T04:03:14.614+0000] {logging_mixin.py:188} INFO - [2024-06-30T04:03:14.613+0000] {dag.py:3096} INFO - Sync 1 DAGs
[2024-06-30T04:03:14.864+0000] {logging_mixin.py:188} INFO - [2024-06-30T04:03:14.863+0000] {dag.py:3954} INFO - Setting next_dagrun for example_branch_operator to 2024-06-29 00:00:00+00:00, run_after=2024-06-30 00:00:00+00:00
[2024-06-30T04:03:14.986+0000] {processor.py:183} INFO - Processing /home/airflow/.local/lib/python3.12/site-packages/airflow/example_dags/example_branch_operator.py took 0.721 seconds
[2024-06-30T04:03:45.736+0000] {processor.py:161} INFO - Started process (PID=1586) to work on /home/airflow/.local/lib/python3.12/site-packages/airflow/example_dags/example_branch_operator.py
[2024-06-30T04:03:45.745+0000] {processor.py:830} INFO - Processing file /home/airflow/.local/lib/python3.12/site-packages/airflow/example_dags/example_branch_operator.py for tasks to queue
[2024-06-30T04:03:45.748+0000] {logging_mixin.py:188} INFO - [2024-06-30T04:03:45.748+0000] {dagbag.py:545} INFO - Filling up the DagBag from /home/airflow/.local/lib/python3.12/site-packages/airflow/example_dags/example_branch_operator.py
[2024-06-30T04:03:45.826+0000] {processor.py:840} INFO - DAG(s) 'example_branch_operator' retrieved from /home/airflow/.local/lib/python3.12/site-packages/airflow/example_dags/example_branch_operator.py
[2024-06-30T04:03:46.051+0000] {logging_mixin.py:188} INFO - [2024-06-30T04:03:46.049+0000] {dag.py:3096} INFO - Sync 1 DAGs
[2024-06-30T04:03:46.184+0000] {logging_mixin.py:188} INFO - [2024-06-30T04:03:46.183+0000] {dag.py:3954} INFO - Setting next_dagrun for example_branch_operator to 2024-06-29 00:00:00+00:00, run_after=2024-06-30 00:00:00+00:00
[2024-06-30T04:03:46.700+0000] {processor.py:183} INFO - Processing /home/airflow/.local/lib/python3.12/site-packages/airflow/example_dags/example_branch_operator.py took 0.997 seconds
[2024-06-30T04:04:16.879+0000] {processor.py:161} INFO - Started process (PID=1644) to work on /home/airflow/.local/lib/python3.12/site-packages/airflow/example_dags/example_branch_operator.py
[2024-06-30T04:04:16.881+0000] {processor.py:830} INFO - Processing file /home/airflow/.local/lib/python3.12/site-packages/airflow/example_dags/example_branch_operator.py for tasks to queue
[2024-06-30T04:04:16.884+0000] {logging_mixin.py:188} INFO - [2024-06-30T04:04:16.884+0000] {dagbag.py:545} INFO - Filling up the DagBag from /home/airflow/.local/lib/python3.12/site-packages/airflow/example_dags/example_branch_operator.py
[2024-06-30T04:04:16.947+0000] {processor.py:840} INFO - DAG(s) 'example_branch_operator' retrieved from /home/airflow/.local/lib/python3.12/site-packages/airflow/example_dags/example_branch_operator.py
[2024-06-30T04:04:17.042+0000] {logging_mixin.py:188} INFO - [2024-06-30T04:04:17.041+0000] {dag.py:3096} INFO - Sync 1 DAGs
[2024-06-30T04:04:17.113+0000] {logging_mixin.py:188} INFO - [2024-06-30T04:04:17.112+0000] {dag.py:3954} INFO - Setting next_dagrun for example_branch_operator to 2024-06-29 00:00:00+00:00, run_after=2024-06-30 00:00:00+00:00
[2024-06-30T04:04:18.113+0000] {processor.py:183} INFO - Processing /home/airflow/.local/lib/python3.12/site-packages/airflow/example_dags/example_branch_operator.py took 1.249 seconds
[2024-06-30T04:04:48.794+0000] {processor.py:161} INFO - Started process (PID=1708) to work on /home/airflow/.local/lib/python3.12/site-packages/airflow/example_dags/example_branch_operator.py
[2024-06-30T04:04:48.800+0000] {processor.py:830} INFO - Processing file /home/airflow/.local/lib/python3.12/site-packages/airflow/example_dags/example_branch_operator.py for tasks to queue
[2024-06-30T04:04:48.805+0000] {logging_mixin.py:188} INFO - [2024-06-30T04:04:48.804+0000] {dagbag.py:545} INFO - Filling up the DagBag from /home/airflow/.local/lib/python3.12/site-packages/airflow/example_dags/example_branch_operator.py
[2024-06-30T04:04:48.872+0000] {processor.py:840} INFO - DAG(s) 'example_branch_operator' retrieved from /home/airflow/.local/lib/python3.12/site-packages/airflow/example_dags/example_branch_operator.py
[2024-06-30T04:04:48.991+0000] {logging_mixin.py:188} INFO - [2024-06-30T04:04:48.990+0000] {dag.py:3096} INFO - Sync 1 DAGs
[2024-06-30T04:04:49.081+0000] {logging_mixin.py:188} INFO - [2024-06-30T04:04:49.081+0000] {dag.py:3954} INFO - Setting next_dagrun for example_branch_operator to 2024-06-29 00:00:00+00:00, run_after=2024-06-30 00:00:00+00:00
[2024-06-30T04:04:49.208+0000] {processor.py:183} INFO - Processing /home/airflow/.local/lib/python3.12/site-packages/airflow/example_dags/example_branch_operator.py took 0.427 seconds
[2024-06-30T04:05:19.691+0000] {processor.py:161} INFO - Started process (PID=1765) to work on /home/airflow/.local/lib/python3.12/site-packages/airflow/example_dags/example_branch_operator.py
[2024-06-30T04:05:19.694+0000] {processor.py:830} INFO - Processing file /home/airflow/.local/lib/python3.12/site-packages/airflow/example_dags/example_branch_operator.py for tasks to queue
[2024-06-30T04:05:19.698+0000] {logging_mixin.py:188} INFO - [2024-06-30T04:05:19.697+0000] {dagbag.py:545} INFO - Filling up the DagBag from /home/airflow/.local/lib/python3.12/site-packages/airflow/example_dags/example_branch_operator.py
[2024-06-30T04:05:19.747+0000] {processor.py:840} INFO - DAG(s) 'example_branch_operator' retrieved from /home/airflow/.local/lib/python3.12/site-packages/airflow/example_dags/example_branch_operator.py
[2024-06-30T04:05:19.861+0000] {logging_mixin.py:188} INFO - [2024-06-30T04:05:19.860+0000] {dag.py:3096} INFO - Sync 1 DAGs
[2024-06-30T04:05:19.991+0000] {logging_mixin.py:188} INFO - [2024-06-30T04:05:19.990+0000] {dag.py:3954} INFO - Setting next_dagrun for example_branch_operator to 2024-06-29 00:00:00+00:00, run_after=2024-06-30 00:00:00+00:00
[2024-06-30T04:05:20.124+0000] {processor.py:183} INFO - Processing /home/airflow/.local/lib/python3.12/site-packages/airflow/example_dags/example_branch_operator.py took 0.450 seconds
[2024-06-30T04:05:50.691+0000] {processor.py:161} INFO - Started process (PID=1823) to work on /home/airflow/.local/lib/python3.12/site-packages/airflow/example_dags/example_branch_operator.py
[2024-06-30T04:05:50.693+0000] {processor.py:830} INFO - Processing file /home/airflow/.local/lib/python3.12/site-packages/airflow/example_dags/example_branch_operator.py for tasks to queue
[2024-06-30T04:05:50.698+0000] {logging_mixin.py:188} INFO - [2024-06-30T04:05:50.697+0000] {dagbag.py:545} INFO - Filling up the DagBag from /home/airflow/.local/lib/python3.12/site-packages/airflow/example_dags/example_branch_operator.py
[2024-06-30T04:05:50.808+0000] {processor.py:840} INFO - DAG(s) 'example_branch_operator' retrieved from /home/airflow/.local/lib/python3.12/site-packages/airflow/example_dags/example_branch_operator.py
[2024-06-30T04:05:51.015+0000] {logging_mixin.py:188} INFO - [2024-06-30T04:05:51.014+0000] {dag.py:3096} INFO - Sync 1 DAGs
[2024-06-30T04:05:51.274+0000] {logging_mixin.py:188} INFO - [2024-06-30T04:05:51.274+0000] {dag.py:3954} INFO - Setting next_dagrun for example_branch_operator to 2024-06-29 00:00:00+00:00, run_after=2024-06-30 00:00:00+00:00
[2024-06-30T04:05:51.440+0000] {processor.py:183} INFO - Processing /home/airflow/.local/lib/python3.12/site-packages/airflow/example_dags/example_branch_operator.py took 0.772 seconds
[2024-06-30T04:06:21.768+0000] {processor.py:161} INFO - Started process (PID=1882) to work on /home/airflow/.local/lib/python3.12/site-packages/airflow/example_dags/example_branch_operator.py
[2024-06-30T04:06:21.776+0000] {processor.py:830} INFO - Processing file /home/airflow/.local/lib/python3.12/site-packages/airflow/example_dags/example_branch_operator.py for tasks to queue
[2024-06-30T04:06:21.780+0000] {logging_mixin.py:188} INFO - [2024-06-30T04:06:21.779+0000] {dagbag.py:545} INFO - Filling up the DagBag from /home/airflow/.local/lib/python3.12/site-packages/airflow/example_dags/example_branch_operator.py
[2024-06-30T04:06:21.827+0000] {processor.py:840} INFO - DAG(s) 'example_branch_operator' retrieved from /home/airflow/.local/lib/python3.12/site-packages/airflow/example_dags/example_branch_operator.py
[2024-06-30T04:06:22.265+0000] {logging_mixin.py:188} INFO - [2024-06-30T04:06:22.264+0000] {dag.py:3096} INFO - Sync 1 DAGs
[2024-06-30T04:06:22.335+0000] {logging_mixin.py:188} INFO - [2024-06-30T04:06:22.335+0000] {dag.py:3954} INFO - Setting next_dagrun for example_branch_operator to 2024-06-29 00:00:00+00:00, run_after=2024-06-30 00:00:00+00:00
[2024-06-30T04:06:22.397+0000] {processor.py:183} INFO - Processing /home/airflow/.local/lib/python3.12/site-packages/airflow/example_dags/example_branch_operator.py took 0.638 seconds
[2024-06-30T04:06:52.648+0000] {processor.py:161} INFO - Started process (PID=1941) to work on /home/airflow/.local/lib/python3.12/site-packages/airflow/example_dags/example_branch_operator.py
[2024-06-30T04:06:52.650+0000] {processor.py:830} INFO - Processing file /home/airflow/.local/lib/python3.12/site-packages/airflow/example_dags/example_branch_operator.py for tasks to queue
[2024-06-30T04:06:52.653+0000] {logging_mixin.py:188} INFO - [2024-06-30T04:06:52.652+0000] {dagbag.py:545} INFO - Filling up the DagBag from /home/airflow/.local/lib/python3.12/site-packages/airflow/example_dags/example_branch_operator.py
[2024-06-30T04:06:52.697+0000] {processor.py:840} INFO - DAG(s) 'example_branch_operator' retrieved from /home/airflow/.local/lib/python3.12/site-packages/airflow/example_dags/example_branch_operator.py
[2024-06-30T04:06:52.764+0000] {logging_mixin.py:188} INFO - [2024-06-30T04:06:52.764+0000] {dag.py:3096} INFO - Sync 1 DAGs
[2024-06-30T04:06:52.819+0000] {logging_mixin.py:188} INFO - [2024-06-30T04:06:52.818+0000] {dag.py:3954} INFO - Setting next_dagrun for example_branch_operator to 2024-06-29 00:00:00+00:00, run_after=2024-06-30 00:00:00+00:00
[2024-06-30T04:06:52.863+0000] {processor.py:183} INFO - Processing /home/airflow/.local/lib/python3.12/site-packages/airflow/example_dags/example_branch_operator.py took 0.230 seconds
[2024-06-30T04:07:23.140+0000] {processor.py:161} INFO - Started process (PID=1998) to work on /home/airflow/.local/lib/python3.12/site-packages/airflow/example_dags/example_branch_operator.py
[2024-06-30T04:07:23.143+0000] {processor.py:830} INFO - Processing file /home/airflow/.local/lib/python3.12/site-packages/airflow/example_dags/example_branch_operator.py for tasks to queue
[2024-06-30T04:07:23.152+0000] {logging_mixin.py:188} INFO - [2024-06-30T04:07:23.150+0000] {dagbag.py:545} INFO - Filling up the DagBag from /home/airflow/.local/lib/python3.12/site-packages/airflow/example_dags/example_branch_operator.py
[2024-06-30T04:07:23.207+0000] {processor.py:840} INFO - DAG(s) 'example_branch_operator' retrieved from /home/airflow/.local/lib/python3.12/site-packages/airflow/example_dags/example_branch_operator.py
[2024-06-30T04:07:23.343+0000] {logging_mixin.py:188} INFO - [2024-06-30T04:07:23.343+0000] {dag.py:3096} INFO - Sync 1 DAGs
[2024-06-30T04:07:23.422+0000] {logging_mixin.py:188} INFO - [2024-06-30T04:07:23.421+0000] {dag.py:3954} INFO - Setting next_dagrun for example_branch_operator to 2024-06-29 00:00:00+00:00, run_after=2024-06-30 00:00:00+00:00
[2024-06-30T04:07:23.490+0000] {processor.py:183} INFO - Processing /home/airflow/.local/lib/python3.12/site-packages/airflow/example_dags/example_branch_operator.py took 0.365 seconds
[2024-06-30T04:07:54.069+0000] {processor.py:161} INFO - Started process (PID=2056) to work on /home/airflow/.local/lib/python3.12/site-packages/airflow/example_dags/example_branch_operator.py
[2024-06-30T04:07:54.078+0000] {processor.py:830} INFO - Processing file /home/airflow/.local/lib/python3.12/site-packages/airflow/example_dags/example_branch_operator.py for tasks to queue
[2024-06-30T04:07:54.085+0000] {logging_mixin.py:188} INFO - [2024-06-30T04:07:54.084+0000] {dagbag.py:545} INFO - Filling up the DagBag from /home/airflow/.local/lib/python3.12/site-packages/airflow/example_dags/example_branch_operator.py
[2024-06-30T04:07:54.170+0000] {processor.py:840} INFO - DAG(s) 'example_branch_operator' retrieved from /home/airflow/.local/lib/python3.12/site-packages/airflow/example_dags/example_branch_operator.py
[2024-06-30T04:07:54.348+0000] {logging_mixin.py:188} INFO - [2024-06-30T04:07:54.347+0000] {dag.py:3096} INFO - Sync 1 DAGs
[2024-06-30T04:07:54.540+0000] {logging_mixin.py:188} INFO - [2024-06-30T04:07:54.538+0000] {dag.py:3954} INFO - Setting next_dagrun for example_branch_operator to 2024-06-29 00:00:00+00:00, run_after=2024-06-30 00:00:00+00:00
[2024-06-30T04:07:54.645+0000] {processor.py:183} INFO - Processing /home/airflow/.local/lib/python3.12/site-packages/airflow/example_dags/example_branch_operator.py took 0.599 seconds
[2024-06-30T04:08:24.873+0000] {processor.py:161} INFO - Started process (PID=2113) to work on /home/airflow/.local/lib/python3.12/site-packages/airflow/example_dags/example_branch_operator.py
[2024-06-30T04:08:24.876+0000] {processor.py:830} INFO - Processing file /home/airflow/.local/lib/python3.12/site-packages/airflow/example_dags/example_branch_operator.py for tasks to queue
[2024-06-30T04:08:24.879+0000] {logging_mixin.py:188} INFO - [2024-06-30T04:08:24.879+0000] {dagbag.py:545} INFO - Filling up the DagBag from /home/airflow/.local/lib/python3.12/site-packages/airflow/example_dags/example_branch_operator.py
[2024-06-30T04:08:24.915+0000] {processor.py:840} INFO - DAG(s) 'example_branch_operator' retrieved from /home/airflow/.local/lib/python3.12/site-packages/airflow/example_dags/example_branch_operator.py
[2024-06-30T04:08:24.974+0000] {logging_mixin.py:188} INFO - [2024-06-30T04:08:24.974+0000] {dag.py:3096} INFO - Sync 1 DAGs
[2024-06-30T04:08:25.020+0000] {logging_mixin.py:188} INFO - [2024-06-30T04:08:25.019+0000] {dag.py:3954} INFO - Setting next_dagrun for example_branch_operator to 2024-06-29 00:00:00+00:00, run_after=2024-06-30 00:00:00+00:00
[2024-06-30T04:08:25.111+0000] {processor.py:183} INFO - Processing /home/airflow/.local/lib/python3.12/site-packages/airflow/example_dags/example_branch_operator.py took 0.248 seconds
[2024-06-30T04:08:55.897+0000] {processor.py:161} INFO - Started process (PID=2171) to work on /home/airflow/.local/lib/python3.12/site-packages/airflow/example_dags/example_branch_operator.py
[2024-06-30T04:08:55.902+0000] {processor.py:830} INFO - Processing file /home/airflow/.local/lib/python3.12/site-packages/airflow/example_dags/example_branch_operator.py for tasks to queue
[2024-06-30T04:08:55.915+0000] {logging_mixin.py:188} INFO - [2024-06-30T04:08:55.914+0000] {dagbag.py:545} INFO - Filling up the DagBag from /home/airflow/.local/lib/python3.12/site-packages/airflow/example_dags/example_branch_operator.py
[2024-06-30T04:08:55.990+0000] {processor.py:840} INFO - DAG(s) 'example_branch_operator' retrieved from /home/airflow/.local/lib/python3.12/site-packages/airflow/example_dags/example_branch_operator.py
[2024-06-30T04:08:56.159+0000] {logging_mixin.py:188} INFO - [2024-06-30T04:08:56.158+0000] {dag.py:3096} INFO - Sync 1 DAGs
[2024-06-30T04:08:56.222+0000] {logging_mixin.py:188} INFO - [2024-06-30T04:08:56.221+0000] {dag.py:3954} INFO - Setting next_dagrun for example_branch_operator to 2024-06-29 00:00:00+00:00, run_after=2024-06-30 00:00:00+00:00
[2024-06-30T04:08:56.309+0000] {processor.py:183} INFO - Processing /home/airflow/.local/lib/python3.12/site-packages/airflow/example_dags/example_branch_operator.py took 0.433 seconds
[2024-06-30T04:09:29.372+0000] {processor.py:161} INFO - Started process (PID=2229) to work on /home/airflow/.local/lib/python3.12/site-packages/airflow/example_dags/example_branch_operator.py
[2024-06-30T04:09:29.381+0000] {processor.py:830} INFO - Processing file /home/airflow/.local/lib/python3.12/site-packages/airflow/example_dags/example_branch_operator.py for tasks to queue
[2024-06-30T04:09:29.388+0000] {logging_mixin.py:188} INFO - [2024-06-30T04:09:29.388+0000] {dagbag.py:545} INFO - Filling up the DagBag from /home/airflow/.local/lib/python3.12/site-packages/airflow/example_dags/example_branch_operator.py
[2024-06-30T04:09:29.516+0000] {processor.py:840} INFO - DAG(s) 'example_branch_operator' retrieved from /home/airflow/.local/lib/python3.12/site-packages/airflow/example_dags/example_branch_operator.py
[2024-06-30T04:09:29.764+0000] {logging_mixin.py:188} INFO - [2024-06-30T04:09:29.763+0000] {dag.py:3096} INFO - Sync 1 DAGs
[2024-06-30T04:09:29.927+0000] {logging_mixin.py:188} INFO - [2024-06-30T04:09:29.927+0000] {dag.py:3954} INFO - Setting next_dagrun for example_branch_operator to 2024-06-29 00:00:00+00:00, run_after=2024-06-30 00:00:00+00:00
[2024-06-30T04:09:30.142+0000] {processor.py:183} INFO - Processing /home/airflow/.local/lib/python3.12/site-packages/airflow/example_dags/example_branch_operator.py took 0.806 seconds
[2024-06-30T04:10:00.475+0000] {processor.py:161} INFO - Started process (PID=2288) to work on /home/airflow/.local/lib/python3.12/site-packages/airflow/example_dags/example_branch_operator.py
[2024-06-30T04:10:00.477+0000] {processor.py:830} INFO - Processing file /home/airflow/.local/lib/python3.12/site-packages/airflow/example_dags/example_branch_operator.py for tasks to queue
[2024-06-30T04:10:00.480+0000] {logging_mixin.py:188} INFO - [2024-06-30T04:10:00.479+0000] {dagbag.py:545} INFO - Filling up the DagBag from /home/airflow/.local/lib/python3.12/site-packages/airflow/example_dags/example_branch_operator.py
[2024-06-30T04:10:00.504+0000] {processor.py:840} INFO - DAG(s) 'example_branch_operator' retrieved from /home/airflow/.local/lib/python3.12/site-packages/airflow/example_dags/example_branch_operator.py
[2024-06-30T04:10:00.554+0000] {logging_mixin.py:188} INFO - [2024-06-30T04:10:00.554+0000] {dag.py:3096} INFO - Sync 1 DAGs
[2024-06-30T04:10:00.590+0000] {logging_mixin.py:188} INFO - [2024-06-30T04:10:00.590+0000] {dag.py:3954} INFO - Setting next_dagrun for example_branch_operator to 2024-06-29 00:00:00+00:00, run_after=2024-06-30 00:00:00+00:00
[2024-06-30T04:10:00.616+0000] {processor.py:183} INFO - Processing /home/airflow/.local/lib/python3.12/site-packages/airflow/example_dags/example_branch_operator.py took 0.150 seconds
[2024-06-30T04:10:31.431+0000] {processor.py:161} INFO - Started process (PID=2346) to work on /home/airflow/.local/lib/python3.12/site-packages/airflow/example_dags/example_branch_operator.py
[2024-06-30T04:10:31.432+0000] {processor.py:830} INFO - Processing file /home/airflow/.local/lib/python3.12/site-packages/airflow/example_dags/example_branch_operator.py for tasks to queue
[2024-06-30T04:10:31.436+0000] {logging_mixin.py:188} INFO - [2024-06-30T04:10:31.435+0000] {dagbag.py:545} INFO - Filling up the DagBag from /home/airflow/.local/lib/python3.12/site-packages/airflow/example_dags/example_branch_operator.py
[2024-06-30T04:10:31.505+0000] {processor.py:840} INFO - DAG(s) 'example_branch_operator' retrieved from /home/airflow/.local/lib/python3.12/site-packages/airflow/example_dags/example_branch_operator.py
[2024-06-30T04:10:31.606+0000] {logging_mixin.py:188} INFO - [2024-06-30T04:10:31.605+0000] {dag.py:3096} INFO - Sync 1 DAGs
[2024-06-30T04:10:31.691+0000] {logging_mixin.py:188} INFO - [2024-06-30T04:10:31.690+0000] {dag.py:3954} INFO - Setting next_dagrun for example_branch_operator to 2024-06-29 00:00:00+00:00, run_after=2024-06-30 00:00:00+00:00
[2024-06-30T04:10:31.741+0000] {processor.py:183} INFO - Processing /home/airflow/.local/lib/python3.12/site-packages/airflow/example_dags/example_branch_operator.py took 0.321 seconds
[2024-06-30T04:11:01.953+0000] {processor.py:161} INFO - Started process (PID=2405) to work on /home/airflow/.local/lib/python3.12/site-packages/airflow/example_dags/example_branch_operator.py
[2024-06-30T04:11:01.955+0000] {processor.py:830} INFO - Processing file /home/airflow/.local/lib/python3.12/site-packages/airflow/example_dags/example_branch_operator.py for tasks to queue
[2024-06-30T04:11:01.959+0000] {logging_mixin.py:188} INFO - [2024-06-30T04:11:01.958+0000] {dagbag.py:545} INFO - Filling up the DagBag from /home/airflow/.local/lib/python3.12/site-packages/airflow/example_dags/example_branch_operator.py
[2024-06-30T04:11:02.016+0000] {processor.py:840} INFO - DAG(s) 'example_branch_operator' retrieved from /home/airflow/.local/lib/python3.12/site-packages/airflow/example_dags/example_branch_operator.py
[2024-06-30T04:11:02.092+0000] {logging_mixin.py:188} INFO - [2024-06-30T04:11:02.091+0000] {dag.py:3096} INFO - Sync 1 DAGs
[2024-06-30T04:11:02.151+0000] {logging_mixin.py:188} INFO - [2024-06-30T04:11:02.150+0000] {dag.py:3954} INFO - Setting next_dagrun for example_branch_operator to 2024-06-29 00:00:00+00:00, run_after=2024-06-30 00:00:00+00:00
[2024-06-30T04:11:02.190+0000] {processor.py:183} INFO - Processing /home/airflow/.local/lib/python3.12/site-packages/airflow/example_dags/example_branch_operator.py took 0.246 seconds
[2024-06-30T04:11:32.873+0000] {processor.py:161} INFO - Started process (PID=2462) to work on /home/airflow/.local/lib/python3.12/site-packages/airflow/example_dags/example_branch_operator.py
[2024-06-30T04:11:32.874+0000] {processor.py:830} INFO - Processing file /home/airflow/.local/lib/python3.12/site-packages/airflow/example_dags/example_branch_operator.py for tasks to queue
[2024-06-30T04:11:32.876+0000] {logging_mixin.py:188} INFO - [2024-06-30T04:11:32.876+0000] {dagbag.py:545} INFO - Filling up the DagBag from /home/airflow/.local/lib/python3.12/site-packages/airflow/example_dags/example_branch_operator.py
[2024-06-30T04:11:32.905+0000] {processor.py:840} INFO - DAG(s) 'example_branch_operator' retrieved from /home/airflow/.local/lib/python3.12/site-packages/airflow/example_dags/example_branch_operator.py
[2024-06-30T04:11:32.960+0000] {logging_mixin.py:188} INFO - [2024-06-30T04:11:32.960+0000] {dag.py:3096} INFO - Sync 1 DAGs
[2024-06-30T04:11:33.002+0000] {logging_mixin.py:188} INFO - [2024-06-30T04:11:33.002+0000] {dag.py:3954} INFO - Setting next_dagrun for example_branch_operator to 2024-06-29 00:00:00+00:00, run_after=2024-06-30 00:00:00+00:00
[2024-06-30T04:11:33.039+0000] {processor.py:183} INFO - Processing /home/airflow/.local/lib/python3.12/site-packages/airflow/example_dags/example_branch_operator.py took 0.173 seconds
[2024-06-30T04:12:03.227+0000] {processor.py:161} INFO - Started process (PID=2519) to work on /home/airflow/.local/lib/python3.12/site-packages/airflow/example_dags/example_branch_operator.py
[2024-06-30T04:12:03.229+0000] {processor.py:830} INFO - Processing file /home/airflow/.local/lib/python3.12/site-packages/airflow/example_dags/example_branch_operator.py for tasks to queue
[2024-06-30T04:12:03.232+0000] {logging_mixin.py:188} INFO - [2024-06-30T04:12:03.231+0000] {dagbag.py:545} INFO - Filling up the DagBag from /home/airflow/.local/lib/python3.12/site-packages/airflow/example_dags/example_branch_operator.py
[2024-06-30T04:12:03.262+0000] {processor.py:840} INFO - DAG(s) 'example_branch_operator' retrieved from /home/airflow/.local/lib/python3.12/site-packages/airflow/example_dags/example_branch_operator.py
[2024-06-30T04:12:03.320+0000] {logging_mixin.py:188} INFO - [2024-06-30T04:12:03.320+0000] {dag.py:3096} INFO - Sync 1 DAGs
[2024-06-30T04:12:03.383+0000] {logging_mixin.py:188} INFO - [2024-06-30T04:12:03.383+0000] {dag.py:3954} INFO - Setting next_dagrun for example_branch_operator to 2024-06-29 00:00:00+00:00, run_after=2024-06-30 00:00:00+00:00
[2024-06-30T04:12:03.428+0000] {processor.py:183} INFO - Processing /home/airflow/.local/lib/python3.12/site-packages/airflow/example_dags/example_branch_operator.py took 0.209 seconds
[2024-06-30T04:12:34.086+0000] {processor.py:161} INFO - Started process (PID=2576) to work on /home/airflow/.local/lib/python3.12/site-packages/airflow/example_dags/example_branch_operator.py
[2024-06-30T04:12:34.088+0000] {processor.py:830} INFO - Processing file /home/airflow/.local/lib/python3.12/site-packages/airflow/example_dags/example_branch_operator.py for tasks to queue
[2024-06-30T04:12:34.092+0000] {logging_mixin.py:188} INFO - [2024-06-30T04:12:34.091+0000] {dagbag.py:545} INFO - Filling up the DagBag from /home/airflow/.local/lib/python3.12/site-packages/airflow/example_dags/example_branch_operator.py
[2024-06-30T04:12:34.180+0000] {processor.py:840} INFO - DAG(s) 'example_branch_operator' retrieved from /home/airflow/.local/lib/python3.12/site-packages/airflow/example_dags/example_branch_operator.py
[2024-06-30T04:12:34.288+0000] {logging_mixin.py:188} INFO - [2024-06-30T04:12:34.287+0000] {dag.py:3096} INFO - Sync 1 DAGs
[2024-06-30T04:12:34.335+0000] {logging_mixin.py:188} INFO - [2024-06-30T04:12:34.334+0000] {dag.py:3954} INFO - Setting next_dagrun for example_branch_operator to 2024-06-29 00:00:00+00:00, run_after=2024-06-30 00:00:00+00:00
[2024-06-30T04:12:34.378+0000] {processor.py:183} INFO - Processing /home/airflow/.local/lib/python3.12/site-packages/airflow/example_dags/example_branch_operator.py took 0.310 seconds
[2024-06-30T04:13:05.098+0000] {processor.py:161} INFO - Started process (PID=2634) to work on /home/airflow/.local/lib/python3.12/site-packages/airflow/example_dags/example_branch_operator.py
[2024-06-30T04:13:05.100+0000] {processor.py:830} INFO - Processing file /home/airflow/.local/lib/python3.12/site-packages/airflow/example_dags/example_branch_operator.py for tasks to queue
[2024-06-30T04:13:05.102+0000] {logging_mixin.py:188} INFO - [2024-06-30T04:13:05.102+0000] {dagbag.py:545} INFO - Filling up the DagBag from /home/airflow/.local/lib/python3.12/site-packages/airflow/example_dags/example_branch_operator.py
[2024-06-30T04:13:05.133+0000] {processor.py:840} INFO - DAG(s) 'example_branch_operator' retrieved from /home/airflow/.local/lib/python3.12/site-packages/airflow/example_dags/example_branch_operator.py
[2024-06-30T04:13:05.190+0000] {logging_mixin.py:188} INFO - [2024-06-30T04:13:05.189+0000] {dag.py:3096} INFO - Sync 1 DAGs
[2024-06-30T04:13:05.238+0000] {logging_mixin.py:188} INFO - [2024-06-30T04:13:05.238+0000] {dag.py:3954} INFO - Setting next_dagrun for example_branch_operator to 2024-06-29 00:00:00+00:00, run_after=2024-06-30 00:00:00+00:00
[2024-06-30T04:13:05.276+0000] {processor.py:183} INFO - Processing /home/airflow/.local/lib/python3.12/site-packages/airflow/example_dags/example_branch_operator.py took 0.185 seconds
[2024-06-30T04:13:35.492+0000] {processor.py:161} INFO - Started process (PID=2692) to work on /home/airflow/.local/lib/python3.12/site-packages/airflow/example_dags/example_branch_operator.py
[2024-06-30T04:13:35.494+0000] {processor.py:830} INFO - Processing file /home/airflow/.local/lib/python3.12/site-packages/airflow/example_dags/example_branch_operator.py for tasks to queue
[2024-06-30T04:13:35.497+0000] {logging_mixin.py:188} INFO - [2024-06-30T04:13:35.496+0000] {dagbag.py:545} INFO - Filling up the DagBag from /home/airflow/.local/lib/python3.12/site-packages/airflow/example_dags/example_branch_operator.py
[2024-06-30T04:13:35.528+0000] {processor.py:840} INFO - DAG(s) 'example_branch_operator' retrieved from /home/airflow/.local/lib/python3.12/site-packages/airflow/example_dags/example_branch_operator.py
[2024-06-30T04:13:35.590+0000] {logging_mixin.py:188} INFO - [2024-06-30T04:13:35.589+0000] {dag.py:3096} INFO - Sync 1 DAGs
[2024-06-30T04:13:35.645+0000] {logging_mixin.py:188} INFO - [2024-06-30T04:13:35.644+0000] {dag.py:3954} INFO - Setting next_dagrun for example_branch_operator to 2024-06-29 00:00:00+00:00, run_after=2024-06-30 00:00:00+00:00
[2024-06-30T04:13:35.691+0000] {processor.py:183} INFO - Processing /home/airflow/.local/lib/python3.12/site-packages/airflow/example_dags/example_branch_operator.py took 0.208 seconds
[2024-06-30T04:14:06.190+0000] {processor.py:161} INFO - Started process (PID=2752) to work on /home/airflow/.local/lib/python3.12/site-packages/airflow/example_dags/example_branch_operator.py
[2024-06-30T04:14:06.209+0000] {processor.py:830} INFO - Processing file /home/airflow/.local/lib/python3.12/site-packages/airflow/example_dags/example_branch_operator.py for tasks to queue
[2024-06-30T04:14:06.225+0000] {logging_mixin.py:188} INFO - [2024-06-30T04:14:06.225+0000] {dagbag.py:545} INFO - Filling up the DagBag from /home/airflow/.local/lib/python3.12/site-packages/airflow/example_dags/example_branch_operator.py
[2024-06-30T04:14:06.313+0000] {processor.py:840} INFO - DAG(s) 'example_branch_operator' retrieved from /home/airflow/.local/lib/python3.12/site-packages/airflow/example_dags/example_branch_operator.py
[2024-06-30T04:14:06.443+0000] {logging_mixin.py:188} INFO - [2024-06-30T04:14:06.442+0000] {dag.py:3096} INFO - Sync 1 DAGs
[2024-06-30T04:14:06.513+0000] {logging_mixin.py:188} INFO - [2024-06-30T04:14:06.512+0000] {dag.py:3954} INFO - Setting next_dagrun for example_branch_operator to 2024-06-29 00:00:00+00:00, run_after=2024-06-30 00:00:00+00:00
[2024-06-30T04:14:06.581+0000] {processor.py:183} INFO - Processing /home/airflow/.local/lib/python3.12/site-packages/airflow/example_dags/example_branch_operator.py took 0.443 seconds
[2024-06-30T04:14:36.834+0000] {processor.py:161} INFO - Started process (PID=2810) to work on /home/airflow/.local/lib/python3.12/site-packages/airflow/example_dags/example_branch_operator.py
[2024-06-30T04:14:36.835+0000] {processor.py:830} INFO - Processing file /home/airflow/.local/lib/python3.12/site-packages/airflow/example_dags/example_branch_operator.py for tasks to queue
[2024-06-30T04:14:36.838+0000] {logging_mixin.py:188} INFO - [2024-06-30T04:14:36.838+0000] {dagbag.py:545} INFO - Filling up the DagBag from /home/airflow/.local/lib/python3.12/site-packages/airflow/example_dags/example_branch_operator.py
[2024-06-30T04:14:36.868+0000] {processor.py:840} INFO - DAG(s) 'example_branch_operator' retrieved from /home/airflow/.local/lib/python3.12/site-packages/airflow/example_dags/example_branch_operator.py
[2024-06-30T04:14:36.913+0000] {logging_mixin.py:188} INFO - [2024-06-30T04:14:36.912+0000] {dag.py:3096} INFO - Sync 1 DAGs
[2024-06-30T04:14:36.952+0000] {logging_mixin.py:188} INFO - [2024-06-30T04:14:36.952+0000] {dag.py:3954} INFO - Setting next_dagrun for example_branch_operator to 2024-06-29 00:00:00+00:00, run_after=2024-06-30 00:00:00+00:00
[2024-06-30T04:14:36.987+0000] {processor.py:183} INFO - Processing /home/airflow/.local/lib/python3.12/site-packages/airflow/example_dags/example_branch_operator.py took 0.160 seconds
[2024-06-30T04:15:07.823+0000] {processor.py:161} INFO - Started process (PID=2874) to work on /home/airflow/.local/lib/python3.12/site-packages/airflow/example_dags/example_branch_operator.py
[2024-06-30T04:15:07.825+0000] {processor.py:830} INFO - Processing file /home/airflow/.local/lib/python3.12/site-packages/airflow/example_dags/example_branch_operator.py for tasks to queue
[2024-06-30T04:15:07.828+0000] {logging_mixin.py:188} INFO - [2024-06-30T04:15:07.828+0000] {dagbag.py:545} INFO - Filling up the DagBag from /home/airflow/.local/lib/python3.12/site-packages/airflow/example_dags/example_branch_operator.py
[2024-06-30T04:15:07.864+0000] {processor.py:840} INFO - DAG(s) 'example_branch_operator' retrieved from /home/airflow/.local/lib/python3.12/site-packages/airflow/example_dags/example_branch_operator.py
[2024-06-30T04:15:07.933+0000] {logging_mixin.py:188} INFO - [2024-06-30T04:15:07.933+0000] {dag.py:3096} INFO - Sync 1 DAGs
[2024-06-30T04:15:07.989+0000] {logging_mixin.py:188} INFO - [2024-06-30T04:15:07.989+0000] {dag.py:3954} INFO - Setting next_dagrun for example_branch_operator to 2024-06-29 00:00:00+00:00, run_after=2024-06-30 00:00:00+00:00
[2024-06-30T04:15:08.042+0000] {processor.py:183} INFO - Processing /home/airflow/.local/lib/python3.12/site-packages/airflow/example_dags/example_branch_operator.py took 0.232 seconds
[2024-06-30T04:15:38.246+0000] {processor.py:161} INFO - Started process (PID=2933) to work on /home/airflow/.local/lib/python3.12/site-packages/airflow/example_dags/example_branch_operator.py
[2024-06-30T04:15:38.248+0000] {processor.py:830} INFO - Processing file /home/airflow/.local/lib/python3.12/site-packages/airflow/example_dags/example_branch_operator.py for tasks to queue
[2024-06-30T04:15:38.250+0000] {logging_mixin.py:188} INFO - [2024-06-30T04:15:38.250+0000] {dagbag.py:545} INFO - Filling up the DagBag from /home/airflow/.local/lib/python3.12/site-packages/airflow/example_dags/example_branch_operator.py
[2024-06-30T04:15:38.277+0000] {processor.py:840} INFO - DAG(s) 'example_branch_operator' retrieved from /home/airflow/.local/lib/python3.12/site-packages/airflow/example_dags/example_branch_operator.py
[2024-06-30T04:15:38.346+0000] {logging_mixin.py:188} INFO - [2024-06-30T04:15:38.346+0000] {dag.py:3096} INFO - Sync 1 DAGs
[2024-06-30T04:15:38.384+0000] {logging_mixin.py:188} INFO - [2024-06-30T04:15:38.384+0000] {dag.py:3954} INFO - Setting next_dagrun for example_branch_operator to 2024-06-29 00:00:00+00:00, run_after=2024-06-30 00:00:00+00:00
[2024-06-30T04:15:38.419+0000] {processor.py:183} INFO - Processing /home/airflow/.local/lib/python3.12/site-packages/airflow/example_dags/example_branch_operator.py took 0.183 seconds
[2024-06-30T04:16:08.531+0000] {processor.py:161} INFO - Started process (PID=2990) to work on /home/airflow/.local/lib/python3.12/site-packages/airflow/example_dags/example_branch_operator.py
[2024-06-30T04:16:08.532+0000] {processor.py:830} INFO - Processing file /home/airflow/.local/lib/python3.12/site-packages/airflow/example_dags/example_branch_operator.py for tasks to queue
[2024-06-30T04:16:08.535+0000] {logging_mixin.py:188} INFO - [2024-06-30T04:16:08.535+0000] {dagbag.py:545} INFO - Filling up the DagBag from /home/airflow/.local/lib/python3.12/site-packages/airflow/example_dags/example_branch_operator.py
[2024-06-30T04:16:08.566+0000] {processor.py:840} INFO - DAG(s) 'example_branch_operator' retrieved from /home/airflow/.local/lib/python3.12/site-packages/airflow/example_dags/example_branch_operator.py
[2024-06-30T04:16:08.644+0000] {logging_mixin.py:188} INFO - [2024-06-30T04:16:08.643+0000] {dag.py:3096} INFO - Sync 1 DAGs
[2024-06-30T04:16:08.699+0000] {logging_mixin.py:188} INFO - [2024-06-30T04:16:08.699+0000] {dag.py:3954} INFO - Setting next_dagrun for example_branch_operator to 2024-06-29 00:00:00+00:00, run_after=2024-06-30 00:00:00+00:00
[2024-06-30T04:16:08.749+0000] {processor.py:183} INFO - Processing /home/airflow/.local/lib/python3.12/site-packages/airflow/example_dags/example_branch_operator.py took 0.230 seconds
[2024-06-30T04:16:39.046+0000] {processor.py:161} INFO - Started process (PID=3048) to work on /home/airflow/.local/lib/python3.12/site-packages/airflow/example_dags/example_branch_operator.py
[2024-06-30T04:16:39.048+0000] {processor.py:830} INFO - Processing file /home/airflow/.local/lib/python3.12/site-packages/airflow/example_dags/example_branch_operator.py for tasks to queue
[2024-06-30T04:16:39.052+0000] {logging_mixin.py:188} INFO - [2024-06-30T04:16:39.051+0000] {dagbag.py:545} INFO - Filling up the DagBag from /home/airflow/.local/lib/python3.12/site-packages/airflow/example_dags/example_branch_operator.py
[2024-06-30T04:16:39.084+0000] {processor.py:840} INFO - DAG(s) 'example_branch_operator' retrieved from /home/airflow/.local/lib/python3.12/site-packages/airflow/example_dags/example_branch_operator.py
[2024-06-30T04:16:39.146+0000] {logging_mixin.py:188} INFO - [2024-06-30T04:16:39.145+0000] {dag.py:3096} INFO - Sync 1 DAGs
[2024-06-30T04:16:39.227+0000] {logging_mixin.py:188} INFO - [2024-06-30T04:16:39.227+0000] {dag.py:3954} INFO - Setting next_dagrun for example_branch_operator to 2024-06-29 00:00:00+00:00, run_after=2024-06-30 00:00:00+00:00
[2024-06-30T04:16:39.275+0000] {processor.py:183} INFO - Processing /home/airflow/.local/lib/python3.12/site-packages/airflow/example_dags/example_branch_operator.py took 0.239 seconds
[2024-06-30T04:17:09.461+0000] {processor.py:161} INFO - Started process (PID=3105) to work on /home/airflow/.local/lib/python3.12/site-packages/airflow/example_dags/example_branch_operator.py
[2024-06-30T04:17:09.464+0000] {processor.py:830} INFO - Processing file /home/airflow/.local/lib/python3.12/site-packages/airflow/example_dags/example_branch_operator.py for tasks to queue
[2024-06-30T04:17:09.467+0000] {logging_mixin.py:188} INFO - [2024-06-30T04:17:09.466+0000] {dagbag.py:545} INFO - Filling up the DagBag from /home/airflow/.local/lib/python3.12/site-packages/airflow/example_dags/example_branch_operator.py
[2024-06-30T04:17:09.502+0000] {processor.py:840} INFO - DAG(s) 'example_branch_operator' retrieved from /home/airflow/.local/lib/python3.12/site-packages/airflow/example_dags/example_branch_operator.py
[2024-06-30T04:17:09.560+0000] {logging_mixin.py:188} INFO - [2024-06-30T04:17:09.560+0000] {dag.py:3096} INFO - Sync 1 DAGs
[2024-06-30T04:17:09.614+0000] {logging_mixin.py:188} INFO - [2024-06-30T04:17:09.613+0000] {dag.py:3954} INFO - Setting next_dagrun for example_branch_operator to 2024-06-29 00:00:00+00:00, run_after=2024-06-30 00:00:00+00:00
[2024-06-30T04:17:09.781+0000] {processor.py:183} INFO - Processing /home/airflow/.local/lib/python3.12/site-packages/airflow/example_dags/example_branch_operator.py took 0.331 seconds
[2024-06-30T04:17:40.004+0000] {processor.py:161} INFO - Started process (PID=3163) to work on /home/airflow/.local/lib/python3.12/site-packages/airflow/example_dags/example_branch_operator.py
[2024-06-30T04:17:40.012+0000] {processor.py:830} INFO - Processing file /home/airflow/.local/lib/python3.12/site-packages/airflow/example_dags/example_branch_operator.py for tasks to queue
[2024-06-30T04:17:40.015+0000] {logging_mixin.py:188} INFO - [2024-06-30T04:17:40.014+0000] {dagbag.py:545} INFO - Filling up the DagBag from /home/airflow/.local/lib/python3.12/site-packages/airflow/example_dags/example_branch_operator.py
[2024-06-30T04:17:40.103+0000] {processor.py:840} INFO - DAG(s) 'example_branch_operator' retrieved from /home/airflow/.local/lib/python3.12/site-packages/airflow/example_dags/example_branch_operator.py
[2024-06-30T04:17:40.200+0000] {logging_mixin.py:188} INFO - [2024-06-30T04:17:40.200+0000] {dag.py:3096} INFO - Sync 1 DAGs
[2024-06-30T04:17:40.289+0000] {logging_mixin.py:188} INFO - [2024-06-30T04:17:40.289+0000] {dag.py:3954} INFO - Setting next_dagrun for example_branch_operator to 2024-06-29 00:00:00+00:00, run_after=2024-06-30 00:00:00+00:00
[2024-06-30T04:17:40.350+0000] {processor.py:183} INFO - Processing /home/airflow/.local/lib/python3.12/site-packages/airflow/example_dags/example_branch_operator.py took 0.382 seconds
[2024-06-30T04:18:12.139+0000] {processor.py:161} INFO - Started process (PID=3220) to work on /home/airflow/.local/lib/python3.12/site-packages/airflow/example_dags/example_branch_operator.py
[2024-06-30T04:18:12.141+0000] {processor.py:830} INFO - Processing file /home/airflow/.local/lib/python3.12/site-packages/airflow/example_dags/example_branch_operator.py for tasks to queue
[2024-06-30T04:18:12.155+0000] {logging_mixin.py:188} INFO - [2024-06-30T04:18:12.154+0000] {dagbag.py:545} INFO - Filling up the DagBag from /home/airflow/.local/lib/python3.12/site-packages/airflow/example_dags/example_branch_operator.py
[2024-06-30T04:18:12.268+0000] {processor.py:840} INFO - DAG(s) 'example_branch_operator' retrieved from /home/airflow/.local/lib/python3.12/site-packages/airflow/example_dags/example_branch_operator.py
[2024-06-30T04:18:12.429+0000] {logging_mixin.py:188} INFO - [2024-06-30T04:18:12.428+0000] {dag.py:3096} INFO - Sync 1 DAGs
[2024-06-30T04:18:12.493+0000] {logging_mixin.py:188} INFO - [2024-06-30T04:18:12.493+0000] {dag.py:3954} INFO - Setting next_dagrun for example_branch_operator to 2024-06-29 00:00:00+00:00, run_after=2024-06-30 00:00:00+00:00
[2024-06-30T04:18:12.565+0000] {processor.py:183} INFO - Processing /home/airflow/.local/lib/python3.12/site-packages/airflow/example_dags/example_branch_operator.py took 0.454 seconds
[2024-06-30T04:18:42.740+0000] {processor.py:161} INFO - Started process (PID=3279) to work on /home/airflow/.local/lib/python3.12/site-packages/airflow/example_dags/example_branch_operator.py
[2024-06-30T04:18:42.756+0000] {processor.py:830} INFO - Processing file /home/airflow/.local/lib/python3.12/site-packages/airflow/example_dags/example_branch_operator.py for tasks to queue
[2024-06-30T04:18:42.771+0000] {logging_mixin.py:188} INFO - [2024-06-30T04:18:42.771+0000] {dagbag.py:545} INFO - Filling up the DagBag from /home/airflow/.local/lib/python3.12/site-packages/airflow/example_dags/example_branch_operator.py
[2024-06-30T04:18:42.935+0000] {processor.py:840} INFO - DAG(s) 'example_branch_operator' retrieved from /home/airflow/.local/lib/python3.12/site-packages/airflow/example_dags/example_branch_operator.py
[2024-06-30T04:18:43.114+0000] {logging_mixin.py:188} INFO - [2024-06-30T04:18:43.113+0000] {dag.py:3096} INFO - Sync 1 DAGs
[2024-06-30T04:18:43.224+0000] {logging_mixin.py:188} INFO - [2024-06-30T04:18:43.224+0000] {dag.py:3954} INFO - Setting next_dagrun for example_branch_operator to 2024-06-29 00:00:00+00:00, run_after=2024-06-30 00:00:00+00:00
[2024-06-30T04:18:43.302+0000] {processor.py:183} INFO - Processing /home/airflow/.local/lib/python3.12/site-packages/airflow/example_dags/example_branch_operator.py took 0.577 seconds
[2024-06-30T04:19:13.592+0000] {processor.py:161} INFO - Started process (PID=3337) to work on /home/airflow/.local/lib/python3.12/site-packages/airflow/example_dags/example_branch_operator.py
[2024-06-30T04:19:13.593+0000] {processor.py:830} INFO - Processing file /home/airflow/.local/lib/python3.12/site-packages/airflow/example_dags/example_branch_operator.py for tasks to queue
[2024-06-30T04:19:13.597+0000] {logging_mixin.py:188} INFO - [2024-06-30T04:19:13.596+0000] {dagbag.py:545} INFO - Filling up the DagBag from /home/airflow/.local/lib/python3.12/site-packages/airflow/example_dags/example_branch_operator.py
[2024-06-30T04:19:13.646+0000] {processor.py:840} INFO - DAG(s) 'example_branch_operator' retrieved from /home/airflow/.local/lib/python3.12/site-packages/airflow/example_dags/example_branch_operator.py
[2024-06-30T04:19:13.719+0000] {logging_mixin.py:188} INFO - [2024-06-30T04:19:13.718+0000] {dag.py:3096} INFO - Sync 1 DAGs
[2024-06-30T04:19:13.826+0000] {logging_mixin.py:188} INFO - [2024-06-30T04:19:13.826+0000] {dag.py:3954} INFO - Setting next_dagrun for example_branch_operator to 2024-06-29 00:00:00+00:00, run_after=2024-06-30 00:00:00+00:00
[2024-06-30T04:19:13.886+0000] {processor.py:183} INFO - Processing /home/airflow/.local/lib/python3.12/site-packages/airflow/example_dags/example_branch_operator.py took 0.310 seconds
[2024-06-30T04:19:44.381+0000] {processor.py:161} INFO - Started process (PID=3391) to work on /home/airflow/.local/lib/python3.12/site-packages/airflow/example_dags/example_branch_operator.py
[2024-06-30T04:19:44.383+0000] {processor.py:830} INFO - Processing file /home/airflow/.local/lib/python3.12/site-packages/airflow/example_dags/example_branch_operator.py for tasks to queue
[2024-06-30T04:19:44.387+0000] {logging_mixin.py:188} INFO - [2024-06-30T04:19:44.386+0000] {dagbag.py:545} INFO - Filling up the DagBag from /home/airflow/.local/lib/python3.12/site-packages/airflow/example_dags/example_branch_operator.py
[2024-06-30T04:19:44.426+0000] {processor.py:840} INFO - DAG(s) 'example_branch_operator' retrieved from /home/airflow/.local/lib/python3.12/site-packages/airflow/example_dags/example_branch_operator.py
[2024-06-30T04:19:44.505+0000] {logging_mixin.py:188} INFO - [2024-06-30T04:19:44.505+0000] {dag.py:3096} INFO - Sync 1 DAGs
[2024-06-30T04:19:44.581+0000] {logging_mixin.py:188} INFO - [2024-06-30T04:19:44.579+0000] {dag.py:3954} INFO - Setting next_dagrun for example_branch_operator to 2024-06-29 00:00:00+00:00, run_after=2024-06-30 00:00:00+00:00
[2024-06-30T04:19:44.679+0000] {processor.py:183} INFO - Processing /home/airflow/.local/lib/python3.12/site-packages/airflow/example_dags/example_branch_operator.py took 0.316 seconds
