[2024-06-30T03:49:40.105+0000] {processor.py:161} INFO - Started process (PID=59) to work on /home/airflow/.local/lib/python3.12/site-packages/airflow/example_dags/example_latest_only.py
[2024-06-30T03:49:40.108+0000] {processor.py:830} INFO - Processing file /home/airflow/.local/lib/python3.12/site-packages/airflow/example_dags/example_latest_only.py for tasks to queue
[2024-06-30T03:49:40.114+0000] {logging_mixin.py:188} INFO - [2024-06-30T03:49:40.113+0000] {dagbag.py:545} INFO - Filling up the DagBag from /home/airflow/.local/lib/python3.12/site-packages/airflow/example_dags/example_latest_only.py
[2024-06-30T03:49:40.141+0000] {processor.py:840} INFO - DAG(s) 'latest_only' retrieved from /home/airflow/.local/lib/python3.12/site-packages/airflow/example_dags/example_latest_only.py
[2024-06-30T03:49:40.697+0000] {logging_mixin.py:188} INFO - [2024-06-30T03:49:40.696+0000] {dag.py:3096} INFO - Sync 1 DAGs
[2024-06-30T03:49:40.826+0000] {logging_mixin.py:188} INFO - [2024-06-30T03:49:40.820+0000] {dag.py:3954} INFO - Setting next_dagrun for latest_only to 2024-06-29 20:00:00+00:00, run_after=2024-06-30 00:00:00+00:00
[2024-06-30T03:49:41.006+0000] {processor.py:183} INFO - Processing /home/airflow/.local/lib/python3.12/site-packages/airflow/example_dags/example_latest_only.py took 0.916 seconds
[2024-06-30T03:50:17.811+0000] {processor.py:161} INFO - Started process (PID=117) to work on /home/airflow/.local/lib/python3.12/site-packages/airflow/example_dags/example_latest_only.py
[2024-06-30T03:50:17.814+0000] {processor.py:830} INFO - Processing file /home/airflow/.local/lib/python3.12/site-packages/airflow/example_dags/example_latest_only.py for tasks to queue
[2024-06-30T03:50:17.818+0000] {logging_mixin.py:188} INFO - [2024-06-30T03:50:17.818+0000] {dagbag.py:545} INFO - Filling up the DagBag from /home/airflow/.local/lib/python3.12/site-packages/airflow/example_dags/example_latest_only.py
[2024-06-30T03:50:17.830+0000] {processor.py:840} INFO - DAG(s) 'latest_only' retrieved from /home/airflow/.local/lib/python3.12/site-packages/airflow/example_dags/example_latest_only.py
[2024-06-30T03:50:17.877+0000] {logging_mixin.py:188} INFO - [2024-06-30T03:50:17.876+0000] {dag.py:3096} INFO - Sync 1 DAGs
[2024-06-30T03:50:17.938+0000] {logging_mixin.py:188} INFO - [2024-06-30T03:50:17.938+0000] {dag.py:3954} INFO - Setting next_dagrun for latest_only to 2024-06-29 20:00:00+00:00, run_after=2024-06-30 00:00:00+00:00
[2024-06-30T03:50:18.017+0000] {processor.py:183} INFO - Processing /home/airflow/.local/lib/python3.12/site-packages/airflow/example_dags/example_latest_only.py took 0.218 seconds
[2024-06-30T03:50:49.221+0000] {processor.py:161} INFO - Started process (PID=175) to work on /home/airflow/.local/lib/python3.12/site-packages/airflow/example_dags/example_latest_only.py
[2024-06-30T03:50:49.223+0000] {processor.py:830} INFO - Processing file /home/airflow/.local/lib/python3.12/site-packages/airflow/example_dags/example_latest_only.py for tasks to queue
[2024-06-30T03:50:49.228+0000] {logging_mixin.py:188} INFO - [2024-06-30T03:50:49.227+0000] {dagbag.py:545} INFO - Filling up the DagBag from /home/airflow/.local/lib/python3.12/site-packages/airflow/example_dags/example_latest_only.py
[2024-06-30T03:50:49.239+0000] {processor.py:840} INFO - DAG(s) 'latest_only' retrieved from /home/airflow/.local/lib/python3.12/site-packages/airflow/example_dags/example_latest_only.py
[2024-06-30T03:50:49.291+0000] {logging_mixin.py:188} INFO - [2024-06-30T03:50:49.290+0000] {dag.py:3096} INFO - Sync 1 DAGs
[2024-06-30T03:50:49.366+0000] {logging_mixin.py:188} INFO - [2024-06-30T03:50:49.366+0000] {dag.py:3954} INFO - Setting next_dagrun for latest_only to 2024-06-29 20:00:00+00:00, run_after=2024-06-30 00:00:00+00:00
[2024-06-30T03:50:49.424+0000] {processor.py:183} INFO - Processing /home/airflow/.local/lib/python3.12/site-packages/airflow/example_dags/example_latest_only.py took 0.218 seconds
[2024-06-30T03:51:19.871+0000] {processor.py:161} INFO - Started process (PID=231) to work on /home/airflow/.local/lib/python3.12/site-packages/airflow/example_dags/example_latest_only.py
[2024-06-30T03:51:19.874+0000] {processor.py:830} INFO - Processing file /home/airflow/.local/lib/python3.12/site-packages/airflow/example_dags/example_latest_only.py for tasks to queue
[2024-06-30T03:51:19.879+0000] {logging_mixin.py:188} INFO - [2024-06-30T03:51:19.878+0000] {dagbag.py:545} INFO - Filling up the DagBag from /home/airflow/.local/lib/python3.12/site-packages/airflow/example_dags/example_latest_only.py
[2024-06-30T03:51:19.890+0000] {processor.py:840} INFO - DAG(s) 'latest_only' retrieved from /home/airflow/.local/lib/python3.12/site-packages/airflow/example_dags/example_latest_only.py
[2024-06-30T03:51:19.937+0000] {logging_mixin.py:188} INFO - [2024-06-30T03:51:19.936+0000] {dag.py:3096} INFO - Sync 1 DAGs
[2024-06-30T03:51:19.991+0000] {logging_mixin.py:188} INFO - [2024-06-30T03:51:19.990+0000] {dag.py:3954} INFO - Setting next_dagrun for latest_only to 2024-06-29 20:00:00+00:00, run_after=2024-06-30 00:00:00+00:00
[2024-06-30T03:51:20.066+0000] {processor.py:183} INFO - Processing /home/airflow/.local/lib/python3.12/site-packages/airflow/example_dags/example_latest_only.py took 0.206 seconds
[2024-06-30T03:51:51.725+0000] {processor.py:161} INFO - Started process (PID=289) to work on /home/airflow/.local/lib/python3.12/site-packages/airflow/example_dags/example_latest_only.py
[2024-06-30T03:51:51.727+0000] {processor.py:830} INFO - Processing file /home/airflow/.local/lib/python3.12/site-packages/airflow/example_dags/example_latest_only.py for tasks to queue
[2024-06-30T03:51:51.733+0000] {logging_mixin.py:188} INFO - [2024-06-30T03:51:51.732+0000] {dagbag.py:545} INFO - Filling up the DagBag from /home/airflow/.local/lib/python3.12/site-packages/airflow/example_dags/example_latest_only.py
[2024-06-30T03:51:51.748+0000] {processor.py:840} INFO - DAG(s) 'latest_only' retrieved from /home/airflow/.local/lib/python3.12/site-packages/airflow/example_dags/example_latest_only.py
[2024-06-30T03:51:51.866+0000] {logging_mixin.py:188} INFO - [2024-06-30T03:51:51.865+0000] {dag.py:3096} INFO - Sync 1 DAGs
[2024-06-30T03:51:51.988+0000] {logging_mixin.py:188} INFO - [2024-06-30T03:51:51.987+0000] {dag.py:3954} INFO - Setting next_dagrun for latest_only to 2024-06-29 20:00:00+00:00, run_after=2024-06-30 00:00:00+00:00
[2024-06-30T03:51:52.133+0000] {processor.py:183} INFO - Processing /home/airflow/.local/lib/python3.12/site-packages/airflow/example_dags/example_latest_only.py took 0.422 seconds
[2024-06-30T03:52:23.055+0000] {processor.py:161} INFO - Started process (PID=348) to work on /home/airflow/.local/lib/python3.12/site-packages/airflow/example_dags/example_latest_only.py
[2024-06-30T03:52:23.062+0000] {processor.py:830} INFO - Processing file /home/airflow/.local/lib/python3.12/site-packages/airflow/example_dags/example_latest_only.py for tasks to queue
[2024-06-30T03:52:23.071+0000] {logging_mixin.py:188} INFO - [2024-06-30T03:52:23.070+0000] {dagbag.py:545} INFO - Filling up the DagBag from /home/airflow/.local/lib/python3.12/site-packages/airflow/example_dags/example_latest_only.py
[2024-06-30T03:52:23.084+0000] {processor.py:840} INFO - DAG(s) 'latest_only' retrieved from /home/airflow/.local/lib/python3.12/site-packages/airflow/example_dags/example_latest_only.py
[2024-06-30T03:52:23.149+0000] {logging_mixin.py:188} INFO - [2024-06-30T03:52:23.148+0000] {dag.py:3096} INFO - Sync 1 DAGs
[2024-06-30T03:52:23.225+0000] {logging_mixin.py:188} INFO - [2024-06-30T03:52:23.225+0000] {dag.py:3954} INFO - Setting next_dagrun for latest_only to 2024-06-29 20:00:00+00:00, run_after=2024-06-30 00:00:00+00:00
[2024-06-30T03:52:23.341+0000] {processor.py:183} INFO - Processing /home/airflow/.local/lib/python3.12/site-packages/airflow/example_dags/example_latest_only.py took 0.299 seconds
[2024-06-30T03:52:53.640+0000] {processor.py:161} INFO - Started process (PID=406) to work on /home/airflow/.local/lib/python3.12/site-packages/airflow/example_dags/example_latest_only.py
[2024-06-30T03:52:53.642+0000] {processor.py:830} INFO - Processing file /home/airflow/.local/lib/python3.12/site-packages/airflow/example_dags/example_latest_only.py for tasks to queue
[2024-06-30T03:52:53.646+0000] {logging_mixin.py:188} INFO - [2024-06-30T03:52:53.646+0000] {dagbag.py:545} INFO - Filling up the DagBag from /home/airflow/.local/lib/python3.12/site-packages/airflow/example_dags/example_latest_only.py
[2024-06-30T03:52:53.655+0000] {processor.py:840} INFO - DAG(s) 'latest_only' retrieved from /home/airflow/.local/lib/python3.12/site-packages/airflow/example_dags/example_latest_only.py
[2024-06-30T03:52:53.713+0000] {logging_mixin.py:188} INFO - [2024-06-30T03:52:53.712+0000] {dag.py:3096} INFO - Sync 1 DAGs
[2024-06-30T03:52:53.766+0000] {logging_mixin.py:188} INFO - [2024-06-30T03:52:53.765+0000] {dag.py:3954} INFO - Setting next_dagrun for latest_only to 2024-06-29 20:00:00+00:00, run_after=2024-06-30 00:00:00+00:00
[2024-06-30T03:52:53.868+0000] {processor.py:183} INFO - Processing /home/airflow/.local/lib/python3.12/site-packages/airflow/example_dags/example_latest_only.py took 0.241 seconds
[2024-06-30T03:53:24.573+0000] {processor.py:161} INFO - Started process (PID=464) to work on /home/airflow/.local/lib/python3.12/site-packages/airflow/example_dags/example_latest_only.py
[2024-06-30T03:53:24.576+0000] {processor.py:830} INFO - Processing file /home/airflow/.local/lib/python3.12/site-packages/airflow/example_dags/example_latest_only.py for tasks to queue
[2024-06-30T03:53:24.582+0000] {logging_mixin.py:188} INFO - [2024-06-30T03:53:24.581+0000] {dagbag.py:545} INFO - Filling up the DagBag from /home/airflow/.local/lib/python3.12/site-packages/airflow/example_dags/example_latest_only.py
[2024-06-30T03:53:24.594+0000] {processor.py:840} INFO - DAG(s) 'latest_only' retrieved from /home/airflow/.local/lib/python3.12/site-packages/airflow/example_dags/example_latest_only.py
[2024-06-30T03:53:24.687+0000] {logging_mixin.py:188} INFO - [2024-06-30T03:53:24.677+0000] {dag.py:3096} INFO - Sync 1 DAGs
[2024-06-30T03:53:24.837+0000] {logging_mixin.py:188} INFO - [2024-06-30T03:53:24.836+0000] {dag.py:3954} INFO - Setting next_dagrun for latest_only to 2024-06-29 20:00:00+00:00, run_after=2024-06-30 00:00:00+00:00
[2024-06-30T03:53:24.946+0000] {processor.py:183} INFO - Processing /home/airflow/.local/lib/python3.12/site-packages/airflow/example_dags/example_latest_only.py took 0.389 seconds
[2024-06-30T03:54:02.015+0000] {processor.py:161} INFO - Started process (PID=528) to work on /home/airflow/.local/lib/python3.12/site-packages/airflow/example_dags/example_latest_only.py
[2024-06-30T03:54:02.017+0000] {processor.py:830} INFO - Processing file /home/airflow/.local/lib/python3.12/site-packages/airflow/example_dags/example_latest_only.py for tasks to queue
[2024-06-30T03:54:02.026+0000] {logging_mixin.py:188} INFO - [2024-06-30T03:54:02.026+0000] {dagbag.py:545} INFO - Filling up the DagBag from /home/airflow/.local/lib/python3.12/site-packages/airflow/example_dags/example_latest_only.py
[2024-06-30T03:54:02.042+0000] {processor.py:840} INFO - DAG(s) 'latest_only' retrieved from /home/airflow/.local/lib/python3.12/site-packages/airflow/example_dags/example_latest_only.py
[2024-06-30T03:54:02.209+0000] {logging_mixin.py:188} INFO - [2024-06-30T03:54:02.208+0000] {dag.py:3096} INFO - Sync 1 DAGs
[2024-06-30T03:54:02.569+0000] {logging_mixin.py:188} INFO - [2024-06-30T03:54:02.569+0000] {dag.py:3954} INFO - Setting next_dagrun for latest_only to 2024-06-29 20:00:00+00:00, run_after=2024-06-30 00:00:00+00:00
[2024-06-30T03:54:02.736+0000] {processor.py:183} INFO - Processing /home/airflow/.local/lib/python3.12/site-packages/airflow/example_dags/example_latest_only.py took 0.767 seconds
[2024-06-30T03:54:33.423+0000] {processor.py:161} INFO - Started process (PID=586) to work on /home/airflow/.local/lib/python3.12/site-packages/airflow/example_dags/example_latest_only.py
[2024-06-30T03:54:33.431+0000] {processor.py:830} INFO - Processing file /home/airflow/.local/lib/python3.12/site-packages/airflow/example_dags/example_latest_only.py for tasks to queue
[2024-06-30T03:54:33.442+0000] {logging_mixin.py:188} INFO - [2024-06-30T03:54:33.441+0000] {dagbag.py:545} INFO - Filling up the DagBag from /home/airflow/.local/lib/python3.12/site-packages/airflow/example_dags/example_latest_only.py
[2024-06-30T03:54:33.464+0000] {processor.py:840} INFO - DAG(s) 'latest_only' retrieved from /home/airflow/.local/lib/python3.12/site-packages/airflow/example_dags/example_latest_only.py
[2024-06-30T03:54:33.635+0000] {logging_mixin.py:188} INFO - [2024-06-30T03:54:33.622+0000] {dag.py:3096} INFO - Sync 1 DAGs
[2024-06-30T03:54:33.930+0000] {logging_mixin.py:188} INFO - [2024-06-30T03:54:33.929+0000] {dag.py:3954} INFO - Setting next_dagrun for latest_only to 2024-06-29 20:00:00+00:00, run_after=2024-06-30 00:00:00+00:00
[2024-06-30T03:54:34.094+0000] {processor.py:183} INFO - Processing /home/airflow/.local/lib/python3.12/site-packages/airflow/example_dags/example_latest_only.py took 0.697 seconds
[2024-06-30T03:55:04.832+0000] {processor.py:161} INFO - Started process (PID=644) to work on /home/airflow/.local/lib/python3.12/site-packages/airflow/example_dags/example_latest_only.py
[2024-06-30T03:55:04.835+0000] {processor.py:830} INFO - Processing file /home/airflow/.local/lib/python3.12/site-packages/airflow/example_dags/example_latest_only.py for tasks to queue
[2024-06-30T03:55:04.840+0000] {logging_mixin.py:188} INFO - [2024-06-30T03:55:04.839+0000] {dagbag.py:545} INFO - Filling up the DagBag from /home/airflow/.local/lib/python3.12/site-packages/airflow/example_dags/example_latest_only.py
[2024-06-30T03:55:04.853+0000] {processor.py:840} INFO - DAG(s) 'latest_only' retrieved from /home/airflow/.local/lib/python3.12/site-packages/airflow/example_dags/example_latest_only.py
[2024-06-30T03:55:04.932+0000] {logging_mixin.py:188} INFO - [2024-06-30T03:55:04.931+0000] {dag.py:3096} INFO - Sync 1 DAGs
[2024-06-30T03:55:05.053+0000] {logging_mixin.py:188} INFO - [2024-06-30T03:55:05.049+0000] {dag.py:3954} INFO - Setting next_dagrun for latest_only to 2024-06-29 20:00:00+00:00, run_after=2024-06-30 00:00:00+00:00
[2024-06-30T03:55:05.246+0000] {processor.py:183} INFO - Processing /home/airflow/.local/lib/python3.12/site-packages/airflow/example_dags/example_latest_only.py took 0.428 seconds
[2024-06-30T03:55:35.521+0000] {processor.py:161} INFO - Started process (PID=703) to work on /home/airflow/.local/lib/python3.12/site-packages/airflow/example_dags/example_latest_only.py
[2024-06-30T03:55:35.524+0000] {processor.py:830} INFO - Processing file /home/airflow/.local/lib/python3.12/site-packages/airflow/example_dags/example_latest_only.py for tasks to queue
[2024-06-30T03:55:35.529+0000] {logging_mixin.py:188} INFO - [2024-06-30T03:55:35.528+0000] {dagbag.py:545} INFO - Filling up the DagBag from /home/airflow/.local/lib/python3.12/site-packages/airflow/example_dags/example_latest_only.py
[2024-06-30T03:55:35.539+0000] {processor.py:840} INFO - DAG(s) 'latest_only' retrieved from /home/airflow/.local/lib/python3.12/site-packages/airflow/example_dags/example_latest_only.py
[2024-06-30T03:55:35.591+0000] {logging_mixin.py:188} INFO - [2024-06-30T03:55:35.590+0000] {dag.py:3096} INFO - Sync 1 DAGs
[2024-06-30T03:55:35.644+0000] {logging_mixin.py:188} INFO - [2024-06-30T03:55:35.643+0000] {dag.py:3954} INFO - Setting next_dagrun for latest_only to 2024-06-29 20:00:00+00:00, run_after=2024-06-30 00:00:00+00:00
[2024-06-30T03:55:35.708+0000] {processor.py:183} INFO - Processing /home/airflow/.local/lib/python3.12/site-packages/airflow/example_dags/example_latest_only.py took 0.198 seconds
[2024-06-30T03:56:12.730+0000] {processor.py:161} INFO - Started process (PID=761) to work on /home/airflow/.local/lib/python3.12/site-packages/airflow/example_dags/example_latest_only.py
[2024-06-30T03:56:12.738+0000] {processor.py:830} INFO - Processing file /home/airflow/.local/lib/python3.12/site-packages/airflow/example_dags/example_latest_only.py for tasks to queue
[2024-06-30T03:56:12.742+0000] {logging_mixin.py:188} INFO - [2024-06-30T03:56:12.741+0000] {dagbag.py:545} INFO - Filling up the DagBag from /home/airflow/.local/lib/python3.12/site-packages/airflow/example_dags/example_latest_only.py
[2024-06-30T03:56:12.759+0000] {processor.py:840} INFO - DAG(s) 'latest_only' retrieved from /home/airflow/.local/lib/python3.12/site-packages/airflow/example_dags/example_latest_only.py
[2024-06-30T03:56:12.819+0000] {logging_mixin.py:188} INFO - [2024-06-30T03:56:12.812+0000] {dag.py:3096} INFO - Sync 1 DAGs
[2024-06-30T03:56:12.935+0000] {logging_mixin.py:188} INFO - [2024-06-30T03:56:12.935+0000] {dag.py:3954} INFO - Setting next_dagrun for latest_only to 2024-06-29 20:00:00+00:00, run_after=2024-06-30 00:00:00+00:00
[2024-06-30T03:56:13.058+0000] {processor.py:183} INFO - Processing /home/airflow/.local/lib/python3.12/site-packages/airflow/example_dags/example_latest_only.py took 0.341 seconds
[2024-06-30T03:56:44.897+0000] {processor.py:161} INFO - Started process (PID=819) to work on /home/airflow/.local/lib/python3.12/site-packages/airflow/example_dags/example_latest_only.py
[2024-06-30T03:56:44.901+0000] {processor.py:830} INFO - Processing file /home/airflow/.local/lib/python3.12/site-packages/airflow/example_dags/example_latest_only.py for tasks to queue
[2024-06-30T03:56:44.914+0000] {logging_mixin.py:188} INFO - [2024-06-30T03:56:44.904+0000] {dagbag.py:545} INFO - Filling up the DagBag from /home/airflow/.local/lib/python3.12/site-packages/airflow/example_dags/example_latest_only.py
[2024-06-30T03:56:44.946+0000] {processor.py:840} INFO - DAG(s) 'latest_only' retrieved from /home/airflow/.local/lib/python3.12/site-packages/airflow/example_dags/example_latest_only.py
[2024-06-30T03:56:45.046+0000] {logging_mixin.py:188} INFO - [2024-06-30T03:56:45.034+0000] {dag.py:3096} INFO - Sync 1 DAGs
[2024-06-30T03:56:45.166+0000] {logging_mixin.py:188} INFO - [2024-06-30T03:56:45.165+0000] {dag.py:3954} INFO - Setting next_dagrun for latest_only to 2024-06-29 20:00:00+00:00, run_after=2024-06-30 00:00:00+00:00
[2024-06-30T03:56:45.228+0000] {processor.py:183} INFO - Processing /home/airflow/.local/lib/python3.12/site-packages/airflow/example_dags/example_latest_only.py took 0.371 seconds
[2024-06-30T03:57:17.269+0000] {processor.py:161} INFO - Started process (PID=867) to work on /home/airflow/.local/lib/python3.12/site-packages/airflow/example_dags/example_latest_only.py
[2024-06-30T03:57:17.271+0000] {processor.py:830} INFO - Processing file /home/airflow/.local/lib/python3.12/site-packages/airflow/example_dags/example_latest_only.py for tasks to queue
[2024-06-30T03:57:17.284+0000] {logging_mixin.py:188} INFO - [2024-06-30T03:57:17.283+0000] {dagbag.py:545} INFO - Filling up the DagBag from /home/airflow/.local/lib/python3.12/site-packages/airflow/example_dags/example_latest_only.py
[2024-06-30T03:57:17.302+0000] {processor.py:840} INFO - DAG(s) 'latest_only' retrieved from /home/airflow/.local/lib/python3.12/site-packages/airflow/example_dags/example_latest_only.py
[2024-06-30T03:57:17.368+0000] {logging_mixin.py:188} INFO - [2024-06-30T03:57:17.368+0000] {dag.py:3096} INFO - Sync 1 DAGs
[2024-06-30T03:57:17.498+0000] {logging_mixin.py:188} INFO - [2024-06-30T03:57:17.497+0000] {dag.py:3954} INFO - Setting next_dagrun for latest_only to 2024-06-29 20:00:00+00:00, run_after=2024-06-30 00:00:00+00:00
[2024-06-30T03:57:17.600+0000] {processor.py:183} INFO - Processing /home/airflow/.local/lib/python3.12/site-packages/airflow/example_dags/example_latest_only.py took 0.378 seconds
[2024-06-30T03:57:48.429+0000] {processor.py:161} INFO - Started process (PID=925) to work on /home/airflow/.local/lib/python3.12/site-packages/airflow/example_dags/example_latest_only.py
[2024-06-30T03:57:48.439+0000] {processor.py:830} INFO - Processing file /home/airflow/.local/lib/python3.12/site-packages/airflow/example_dags/example_latest_only.py for tasks to queue
[2024-06-30T03:57:48.461+0000] {logging_mixin.py:188} INFO - [2024-06-30T03:57:48.450+0000] {dagbag.py:545} INFO - Filling up the DagBag from /home/airflow/.local/lib/python3.12/site-packages/airflow/example_dags/example_latest_only.py
[2024-06-30T03:57:48.501+0000] {processor.py:840} INFO - DAG(s) 'latest_only' retrieved from /home/airflow/.local/lib/python3.12/site-packages/airflow/example_dags/example_latest_only.py
[2024-06-30T03:57:48.651+0000] {logging_mixin.py:188} INFO - [2024-06-30T03:57:48.650+0000] {dag.py:3096} INFO - Sync 1 DAGs
[2024-06-30T03:57:48.802+0000] {logging_mixin.py:188} INFO - [2024-06-30T03:57:48.801+0000] {dag.py:3954} INFO - Setting next_dagrun for latest_only to 2024-06-29 20:00:00+00:00, run_after=2024-06-30 00:00:00+00:00
[2024-06-30T03:57:48.918+0000] {processor.py:183} INFO - Processing /home/airflow/.local/lib/python3.12/site-packages/airflow/example_dags/example_latest_only.py took 0.576 seconds
[2024-06-30T03:58:19.406+0000] {processor.py:161} INFO - Started process (PID=983) to work on /home/airflow/.local/lib/python3.12/site-packages/airflow/example_dags/example_latest_only.py
[2024-06-30T03:58:19.408+0000] {processor.py:830} INFO - Processing file /home/airflow/.local/lib/python3.12/site-packages/airflow/example_dags/example_latest_only.py for tasks to queue
[2024-06-30T03:58:19.412+0000] {logging_mixin.py:188} INFO - [2024-06-30T03:58:19.412+0000] {dagbag.py:545} INFO - Filling up the DagBag from /home/airflow/.local/lib/python3.12/site-packages/airflow/example_dags/example_latest_only.py
[2024-06-30T03:58:19.426+0000] {processor.py:840} INFO - DAG(s) 'latest_only' retrieved from /home/airflow/.local/lib/python3.12/site-packages/airflow/example_dags/example_latest_only.py
[2024-06-30T03:58:19.472+0000] {logging_mixin.py:188} INFO - [2024-06-30T03:58:19.472+0000] {dag.py:3096} INFO - Sync 1 DAGs
[2024-06-30T03:58:19.527+0000] {logging_mixin.py:188} INFO - [2024-06-30T03:58:19.527+0000] {dag.py:3954} INFO - Setting next_dagrun for latest_only to 2024-06-29 20:00:00+00:00, run_after=2024-06-30 00:00:00+00:00
[2024-06-30T03:58:19.630+0000] {processor.py:183} INFO - Processing /home/airflow/.local/lib/python3.12/site-packages/airflow/example_dags/example_latest_only.py took 0.233 seconds
[2024-06-30T03:58:50.502+0000] {processor.py:161} INFO - Started process (PID=1041) to work on /home/airflow/.local/lib/python3.12/site-packages/airflow/example_dags/example_latest_only.py
[2024-06-30T03:58:50.505+0000] {processor.py:830} INFO - Processing file /home/airflow/.local/lib/python3.12/site-packages/airflow/example_dags/example_latest_only.py for tasks to queue
[2024-06-30T03:58:50.510+0000] {logging_mixin.py:188} INFO - [2024-06-30T03:58:50.509+0000] {dagbag.py:545} INFO - Filling up the DagBag from /home/airflow/.local/lib/python3.12/site-packages/airflow/example_dags/example_latest_only.py
[2024-06-30T03:58:50.531+0000] {processor.py:840} INFO - DAG(s) 'latest_only' retrieved from /home/airflow/.local/lib/python3.12/site-packages/airflow/example_dags/example_latest_only.py
[2024-06-30T03:58:50.610+0000] {logging_mixin.py:188} INFO - [2024-06-30T03:58:50.609+0000] {dag.py:3096} INFO - Sync 1 DAGs
[2024-06-30T03:58:50.739+0000] {logging_mixin.py:188} INFO - [2024-06-30T03:58:50.738+0000] {dag.py:3954} INFO - Setting next_dagrun for latest_only to 2024-06-29 20:00:00+00:00, run_after=2024-06-30 00:00:00+00:00
[2024-06-30T03:58:50.874+0000] {processor.py:183} INFO - Processing /home/airflow/.local/lib/python3.12/site-packages/airflow/example_dags/example_latest_only.py took 0.390 seconds
[2024-06-30T03:59:21.688+0000] {processor.py:161} INFO - Started process (PID=1099) to work on /home/airflow/.local/lib/python3.12/site-packages/airflow/example_dags/example_latest_only.py
[2024-06-30T03:59:21.699+0000] {processor.py:830} INFO - Processing file /home/airflow/.local/lib/python3.12/site-packages/airflow/example_dags/example_latest_only.py for tasks to queue
[2024-06-30T03:59:21.716+0000] {logging_mixin.py:188} INFO - [2024-06-30T03:59:21.714+0000] {dagbag.py:545} INFO - Filling up the DagBag from /home/airflow/.local/lib/python3.12/site-packages/airflow/example_dags/example_latest_only.py
[2024-06-30T03:59:21.732+0000] {processor.py:840} INFO - DAG(s) 'latest_only' retrieved from /home/airflow/.local/lib/python3.12/site-packages/airflow/example_dags/example_latest_only.py
[2024-06-30T03:59:21.791+0000] {logging_mixin.py:188} INFO - [2024-06-30T03:59:21.791+0000] {dag.py:3096} INFO - Sync 1 DAGs
[2024-06-30T03:59:21.860+0000] {logging_mixin.py:188} INFO - [2024-06-30T03:59:21.859+0000] {dag.py:3954} INFO - Setting next_dagrun for latest_only to 2024-06-29 20:00:00+00:00, run_after=2024-06-30 00:00:00+00:00
[2024-06-30T03:59:21.946+0000] {processor.py:183} INFO - Processing /home/airflow/.local/lib/python3.12/site-packages/airflow/example_dags/example_latest_only.py took 0.293 seconds
[2024-06-30T03:59:54.063+0000] {processor.py:161} INFO - Started process (PID=1156) to work on /home/airflow/.local/lib/python3.12/site-packages/airflow/example_dags/example_latest_only.py
[2024-06-30T03:59:54.065+0000] {processor.py:830} INFO - Processing file /home/airflow/.local/lib/python3.12/site-packages/airflow/example_dags/example_latest_only.py for tasks to queue
[2024-06-30T03:59:54.081+0000] {logging_mixin.py:188} INFO - [2024-06-30T03:59:54.080+0000] {dagbag.py:545} INFO - Filling up the DagBag from /home/airflow/.local/lib/python3.12/site-packages/airflow/example_dags/example_latest_only.py
[2024-06-30T03:59:54.118+0000] {processor.py:840} INFO - DAG(s) 'latest_only' retrieved from /home/airflow/.local/lib/python3.12/site-packages/airflow/example_dags/example_latest_only.py
[2024-06-30T03:59:54.261+0000] {logging_mixin.py:188} INFO - [2024-06-30T03:59:54.250+0000] {dag.py:3096} INFO - Sync 1 DAGs
[2024-06-30T03:59:54.487+0000] {logging_mixin.py:188} INFO - [2024-06-30T03:59:54.486+0000] {dag.py:3954} INFO - Setting next_dagrun for latest_only to 2024-06-29 20:00:00+00:00, run_after=2024-06-30 00:00:00+00:00
[2024-06-30T03:59:54.763+0000] {processor.py:183} INFO - Processing /home/airflow/.local/lib/python3.12/site-packages/airflow/example_dags/example_latest_only.py took 0.749 seconds
[2024-06-30T04:00:25.080+0000] {processor.py:161} INFO - Started process (PID=1214) to work on /home/airflow/.local/lib/python3.12/site-packages/airflow/example_dags/example_latest_only.py
[2024-06-30T04:00:25.081+0000] {processor.py:830} INFO - Processing file /home/airflow/.local/lib/python3.12/site-packages/airflow/example_dags/example_latest_only.py for tasks to queue
[2024-06-30T04:00:25.084+0000] {logging_mixin.py:188} INFO - [2024-06-30T04:00:25.083+0000] {dagbag.py:545} INFO - Filling up the DagBag from /home/airflow/.local/lib/python3.12/site-packages/airflow/example_dags/example_latest_only.py
[2024-06-30T04:00:25.101+0000] {processor.py:840} INFO - DAG(s) 'latest_only' retrieved from /home/airflow/.local/lib/python3.12/site-packages/airflow/example_dags/example_latest_only.py
[2024-06-30T04:00:25.212+0000] {logging_mixin.py:188} INFO - [2024-06-30T04:00:25.211+0000] {dag.py:3096} INFO - Sync 1 DAGs
[2024-06-30T04:00:25.367+0000] {logging_mixin.py:188} INFO - [2024-06-30T04:00:25.367+0000] {dag.py:3954} INFO - Setting next_dagrun for latest_only to 2024-06-30 00:00:00+00:00, run_after=2024-06-30 04:00:00+00:00
[2024-06-30T04:00:25.551+0000] {processor.py:183} INFO - Processing /home/airflow/.local/lib/python3.12/site-packages/airflow/example_dags/example_latest_only.py took 0.483 seconds
[2024-06-30T04:00:56.313+0000] {processor.py:161} INFO - Started process (PID=1273) to work on /home/airflow/.local/lib/python3.12/site-packages/airflow/example_dags/example_latest_only.py
[2024-06-30T04:00:56.315+0000] {processor.py:830} INFO - Processing file /home/airflow/.local/lib/python3.12/site-packages/airflow/example_dags/example_latest_only.py for tasks to queue
[2024-06-30T04:00:56.320+0000] {logging_mixin.py:188} INFO - [2024-06-30T04:00:56.319+0000] {dagbag.py:545} INFO - Filling up the DagBag from /home/airflow/.local/lib/python3.12/site-packages/airflow/example_dags/example_latest_only.py
[2024-06-30T04:00:56.339+0000] {processor.py:840} INFO - DAG(s) 'latest_only' retrieved from /home/airflow/.local/lib/python3.12/site-packages/airflow/example_dags/example_latest_only.py
[2024-06-30T04:00:56.410+0000] {logging_mixin.py:188} INFO - [2024-06-30T04:00:56.409+0000] {dag.py:3096} INFO - Sync 1 DAGs
[2024-06-30T04:00:56.469+0000] {logging_mixin.py:188} INFO - [2024-06-30T04:00:56.468+0000] {dag.py:3954} INFO - Setting next_dagrun for latest_only to 2024-06-30 00:00:00+00:00, run_after=2024-06-30 04:00:00+00:00
[2024-06-30T04:00:56.580+0000] {processor.py:183} INFO - Processing /home/airflow/.local/lib/python3.12/site-packages/airflow/example_dags/example_latest_only.py took 0.285 seconds
[2024-06-30T04:01:27.198+0000] {processor.py:161} INFO - Started process (PID=1331) to work on /home/airflow/.local/lib/python3.12/site-packages/airflow/example_dags/example_latest_only.py
[2024-06-30T04:01:27.200+0000] {processor.py:830} INFO - Processing file /home/airflow/.local/lib/python3.12/site-packages/airflow/example_dags/example_latest_only.py for tasks to queue
[2024-06-30T04:01:27.203+0000] {logging_mixin.py:188} INFO - [2024-06-30T04:01:27.203+0000] {dagbag.py:545} INFO - Filling up the DagBag from /home/airflow/.local/lib/python3.12/site-packages/airflow/example_dags/example_latest_only.py
[2024-06-30T04:01:27.217+0000] {processor.py:840} INFO - DAG(s) 'latest_only' retrieved from /home/airflow/.local/lib/python3.12/site-packages/airflow/example_dags/example_latest_only.py
[2024-06-30T04:01:27.268+0000] {logging_mixin.py:188} INFO - [2024-06-30T04:01:27.267+0000] {dag.py:3096} INFO - Sync 1 DAGs
[2024-06-30T04:01:27.331+0000] {logging_mixin.py:188} INFO - [2024-06-30T04:01:27.324+0000] {dag.py:3954} INFO - Setting next_dagrun for latest_only to 2024-06-30 00:00:00+00:00, run_after=2024-06-30 04:00:00+00:00
[2024-06-30T04:01:27.437+0000] {processor.py:183} INFO - Processing /home/airflow/.local/lib/python3.12/site-packages/airflow/example_dags/example_latest_only.py took 0.272 seconds
[2024-06-30T04:01:58.100+0000] {processor.py:161} INFO - Started process (PID=1389) to work on /home/airflow/.local/lib/python3.12/site-packages/airflow/example_dags/example_latest_only.py
[2024-06-30T04:01:58.105+0000] {processor.py:830} INFO - Processing file /home/airflow/.local/lib/python3.12/site-packages/airflow/example_dags/example_latest_only.py for tasks to queue
[2024-06-30T04:01:58.108+0000] {logging_mixin.py:188} INFO - [2024-06-30T04:01:58.108+0000] {dagbag.py:545} INFO - Filling up the DagBag from /home/airflow/.local/lib/python3.12/site-packages/airflow/example_dags/example_latest_only.py
[2024-06-30T04:01:58.124+0000] {processor.py:840} INFO - DAG(s) 'latest_only' retrieved from /home/airflow/.local/lib/python3.12/site-packages/airflow/example_dags/example_latest_only.py
[2024-06-30T04:01:58.182+0000] {logging_mixin.py:188} INFO - [2024-06-30T04:01:58.181+0000] {dag.py:3096} INFO - Sync 1 DAGs
[2024-06-30T04:01:58.258+0000] {logging_mixin.py:188} INFO - [2024-06-30T04:01:58.257+0000] {dag.py:3954} INFO - Setting next_dagrun for latest_only to 2024-06-30 00:00:00+00:00, run_after=2024-06-30 04:00:00+00:00
[2024-06-30T04:01:58.333+0000] {processor.py:183} INFO - Processing /home/airflow/.local/lib/python3.12/site-packages/airflow/example_dags/example_latest_only.py took 0.290 seconds
[2024-06-30T04:02:28.840+0000] {processor.py:161} INFO - Started process (PID=1447) to work on /home/airflow/.local/lib/python3.12/site-packages/airflow/example_dags/example_latest_only.py
[2024-06-30T04:02:28.843+0000] {processor.py:830} INFO - Processing file /home/airflow/.local/lib/python3.12/site-packages/airflow/example_dags/example_latest_only.py for tasks to queue
[2024-06-30T04:02:28.868+0000] {logging_mixin.py:188} INFO - [2024-06-30T04:02:28.858+0000] {dagbag.py:545} INFO - Filling up the DagBag from /home/airflow/.local/lib/python3.12/site-packages/airflow/example_dags/example_latest_only.py
[2024-06-30T04:02:28.878+0000] {processor.py:840} INFO - DAG(s) 'latest_only' retrieved from /home/airflow/.local/lib/python3.12/site-packages/airflow/example_dags/example_latest_only.py
[2024-06-30T04:02:28.950+0000] {logging_mixin.py:188} INFO - [2024-06-30T04:02:28.942+0000] {dag.py:3096} INFO - Sync 1 DAGs
[2024-06-30T04:02:29.056+0000] {logging_mixin.py:188} INFO - [2024-06-30T04:02:29.055+0000] {dag.py:3954} INFO - Setting next_dagrun for latest_only to 2024-06-30 00:00:00+00:00, run_after=2024-06-30 04:00:00+00:00
[2024-06-30T04:02:29.191+0000] {processor.py:183} INFO - Processing /home/airflow/.local/lib/python3.12/site-packages/airflow/example_dags/example_latest_only.py took 0.368 seconds
[2024-06-30T04:03:01.508+0000] {processor.py:161} INFO - Started process (PID=1505) to work on /home/airflow/.local/lib/python3.12/site-packages/airflow/example_dags/example_latest_only.py
[2024-06-30T04:03:01.535+0000] {processor.py:830} INFO - Processing file /home/airflow/.local/lib/python3.12/site-packages/airflow/example_dags/example_latest_only.py for tasks to queue
[2024-06-30T04:03:01.569+0000] {logging_mixin.py:188} INFO - [2024-06-30T04:03:01.568+0000] {dagbag.py:545} INFO - Filling up the DagBag from /home/airflow/.local/lib/python3.12/site-packages/airflow/example_dags/example_latest_only.py
[2024-06-30T04:03:01.634+0000] {processor.py:840} INFO - DAG(s) 'latest_only' retrieved from /home/airflow/.local/lib/python3.12/site-packages/airflow/example_dags/example_latest_only.py
[2024-06-30T04:03:01.870+0000] {logging_mixin.py:188} INFO - [2024-06-30T04:03:01.869+0000] {dag.py:3096} INFO - Sync 1 DAGs
[2024-06-30T04:03:02.066+0000] {logging_mixin.py:188} INFO - [2024-06-30T04:03:02.066+0000] {dag.py:3954} INFO - Setting next_dagrun for latest_only to 2024-06-30 00:00:00+00:00, run_after=2024-06-30 04:00:00+00:00
[2024-06-30T04:03:02.304+0000] {processor.py:183} INFO - Processing /home/airflow/.local/lib/python3.12/site-packages/airflow/example_dags/example_latest_only.py took 0.847 seconds
[2024-06-30T04:03:32.654+0000] {processor.py:161} INFO - Started process (PID=1563) to work on /home/airflow/.local/lib/python3.12/site-packages/airflow/example_dags/example_latest_only.py
[2024-06-30T04:03:32.665+0000] {processor.py:830} INFO - Processing file /home/airflow/.local/lib/python3.12/site-packages/airflow/example_dags/example_latest_only.py for tasks to queue
[2024-06-30T04:03:32.675+0000] {logging_mixin.py:188} INFO - [2024-06-30T04:03:32.673+0000] {dagbag.py:545} INFO - Filling up the DagBag from /home/airflow/.local/lib/python3.12/site-packages/airflow/example_dags/example_latest_only.py
[2024-06-30T04:03:32.709+0000] {processor.py:840} INFO - DAG(s) 'latest_only' retrieved from /home/airflow/.local/lib/python3.12/site-packages/airflow/example_dags/example_latest_only.py
[2024-06-30T04:03:32.761+0000] {logging_mixin.py:188} INFO - [2024-06-30T04:03:32.760+0000] {dag.py:3096} INFO - Sync 1 DAGs
[2024-06-30T04:03:32.839+0000] {logging_mixin.py:188} INFO - [2024-06-30T04:03:32.833+0000] {dag.py:3954} INFO - Setting next_dagrun for latest_only to 2024-06-30 00:00:00+00:00, run_after=2024-06-30 04:00:00+00:00
[2024-06-30T04:03:32.903+0000] {processor.py:183} INFO - Processing /home/airflow/.local/lib/python3.12/site-packages/airflow/example_dags/example_latest_only.py took 0.274 seconds
[2024-06-30T04:04:03.273+0000] {processor.py:161} INFO - Started process (PID=1621) to work on /home/airflow/.local/lib/python3.12/site-packages/airflow/example_dags/example_latest_only.py
[2024-06-30T04:04:03.278+0000] {processor.py:830} INFO - Processing file /home/airflow/.local/lib/python3.12/site-packages/airflow/example_dags/example_latest_only.py for tasks to queue
[2024-06-30T04:04:03.282+0000] {logging_mixin.py:188} INFO - [2024-06-30T04:04:03.281+0000] {dagbag.py:545} INFO - Filling up the DagBag from /home/airflow/.local/lib/python3.12/site-packages/airflow/example_dags/example_latest_only.py
[2024-06-30T04:04:03.297+0000] {processor.py:840} INFO - DAG(s) 'latest_only' retrieved from /home/airflow/.local/lib/python3.12/site-packages/airflow/example_dags/example_latest_only.py
[2024-06-30T04:04:03.350+0000] {logging_mixin.py:188} INFO - [2024-06-30T04:04:03.349+0000] {dag.py:3096} INFO - Sync 1 DAGs
[2024-06-30T04:04:03.441+0000] {logging_mixin.py:188} INFO - [2024-06-30T04:04:03.440+0000] {dag.py:3954} INFO - Setting next_dagrun for latest_only to 2024-06-30 00:00:00+00:00, run_after=2024-06-30 04:00:00+00:00
[2024-06-30T04:04:03.527+0000] {processor.py:183} INFO - Processing /home/airflow/.local/lib/python3.12/site-packages/airflow/example_dags/example_latest_only.py took 0.269 seconds
[2024-06-30T04:04:35.882+0000] {processor.py:161} INFO - Started process (PID=1687) to work on /home/airflow/.local/lib/python3.12/site-packages/airflow/example_dags/example_latest_only.py
[2024-06-30T04:04:35.884+0000] {processor.py:830} INFO - Processing file /home/airflow/.local/lib/python3.12/site-packages/airflow/example_dags/example_latest_only.py for tasks to queue
[2024-06-30T04:04:35.899+0000] {logging_mixin.py:188} INFO - [2024-06-30T04:04:35.897+0000] {dagbag.py:545} INFO - Filling up the DagBag from /home/airflow/.local/lib/python3.12/site-packages/airflow/example_dags/example_latest_only.py
[2024-06-30T04:04:35.935+0000] {processor.py:840} INFO - DAG(s) 'latest_only' retrieved from /home/airflow/.local/lib/python3.12/site-packages/airflow/example_dags/example_latest_only.py
[2024-06-30T04:04:36.200+0000] {logging_mixin.py:188} INFO - [2024-06-30T04:04:36.198+0000] {dag.py:3096} INFO - Sync 1 DAGs
[2024-06-30T04:04:36.447+0000] {logging_mixin.py:188} INFO - [2024-06-30T04:04:36.446+0000] {dag.py:3954} INFO - Setting next_dagrun for latest_only to 2024-06-30 00:00:00+00:00, run_after=2024-06-30 04:00:00+00:00
[2024-06-30T04:04:36.645+0000] {processor.py:183} INFO - Processing /home/airflow/.local/lib/python3.12/site-packages/airflow/example_dags/example_latest_only.py took 0.843 seconds
[2024-06-30T04:05:09.883+0000] {processor.py:161} INFO - Started process (PID=1748) to work on /home/airflow/.local/lib/python3.12/site-packages/airflow/example_dags/example_latest_only.py
[2024-06-30T04:05:09.888+0000] {processor.py:830} INFO - Processing file /home/airflow/.local/lib/python3.12/site-packages/airflow/example_dags/example_latest_only.py for tasks to queue
[2024-06-30T04:05:09.901+0000] {logging_mixin.py:188} INFO - [2024-06-30T04:05:09.900+0000] {dagbag.py:545} INFO - Filling up the DagBag from /home/airflow/.local/lib/python3.12/site-packages/airflow/example_dags/example_latest_only.py
[2024-06-30T04:05:09.932+0000] {processor.py:840} INFO - DAG(s) 'latest_only' retrieved from /home/airflow/.local/lib/python3.12/site-packages/airflow/example_dags/example_latest_only.py
[2024-06-30T04:05:10.029+0000] {logging_mixin.py:188} INFO - [2024-06-30T04:05:10.028+0000] {dag.py:3096} INFO - Sync 1 DAGs
[2024-06-30T04:05:10.117+0000] {logging_mixin.py:188} INFO - [2024-06-30T04:05:10.117+0000] {dag.py:3954} INFO - Setting next_dagrun for latest_only to 2024-06-30 00:00:00+00:00, run_after=2024-06-30 04:00:00+00:00
[2024-06-30T04:05:10.196+0000] {processor.py:183} INFO - Processing /home/airflow/.local/lib/python3.12/site-packages/airflow/example_dags/example_latest_only.py took 0.342 seconds
[2024-06-30T04:05:40.929+0000] {processor.py:161} INFO - Started process (PID=1803) to work on /home/airflow/.local/lib/python3.12/site-packages/airflow/example_dags/example_latest_only.py
[2024-06-30T04:05:40.938+0000] {processor.py:830} INFO - Processing file /home/airflow/.local/lib/python3.12/site-packages/airflow/example_dags/example_latest_only.py for tasks to queue
[2024-06-30T04:05:40.941+0000] {logging_mixin.py:188} INFO - [2024-06-30T04:05:40.941+0000] {dagbag.py:545} INFO - Filling up the DagBag from /home/airflow/.local/lib/python3.12/site-packages/airflow/example_dags/example_latest_only.py
[2024-06-30T04:05:40.956+0000] {processor.py:840} INFO - DAG(s) 'latest_only' retrieved from /home/airflow/.local/lib/python3.12/site-packages/airflow/example_dags/example_latest_only.py
[2024-06-30T04:05:41.061+0000] {logging_mixin.py:188} INFO - [2024-06-30T04:05:41.059+0000] {dag.py:3096} INFO - Sync 1 DAGs
[2024-06-30T04:05:41.623+0000] {logging_mixin.py:188} INFO - [2024-06-30T04:05:41.623+0000] {dag.py:3954} INFO - Setting next_dagrun for latest_only to 2024-06-30 00:00:00+00:00, run_after=2024-06-30 04:00:00+00:00
[2024-06-30T04:05:41.714+0000] {processor.py:183} INFO - Processing /home/airflow/.local/lib/python3.12/site-packages/airflow/example_dags/example_latest_only.py took 0.803 seconds
[2024-06-30T04:06:12.313+0000] {processor.py:161} INFO - Started process (PID=1861) to work on /home/airflow/.local/lib/python3.12/site-packages/airflow/example_dags/example_latest_only.py
[2024-06-30T04:06:12.322+0000] {processor.py:830} INFO - Processing file /home/airflow/.local/lib/python3.12/site-packages/airflow/example_dags/example_latest_only.py for tasks to queue
[2024-06-30T04:06:12.327+0000] {logging_mixin.py:188} INFO - [2024-06-30T04:06:12.326+0000] {dagbag.py:545} INFO - Filling up the DagBag from /home/airflow/.local/lib/python3.12/site-packages/airflow/example_dags/example_latest_only.py
[2024-06-30T04:06:12.342+0000] {processor.py:840} INFO - DAG(s) 'latest_only' retrieved from /home/airflow/.local/lib/python3.12/site-packages/airflow/example_dags/example_latest_only.py
[2024-06-30T04:06:12.403+0000] {logging_mixin.py:188} INFO - [2024-06-30T04:06:12.402+0000] {dag.py:3096} INFO - Sync 1 DAGs
[2024-06-30T04:06:12.487+0000] {logging_mixin.py:188} INFO - [2024-06-30T04:06:12.486+0000] {dag.py:3954} INFO - Setting next_dagrun for latest_only to 2024-06-30 00:00:00+00:00, run_after=2024-06-30 04:00:00+00:00
[2024-06-30T04:06:12.956+0000] {processor.py:183} INFO - Processing /home/airflow/.local/lib/python3.12/site-packages/airflow/example_dags/example_latest_only.py took 0.662 seconds
[2024-06-30T04:06:43.248+0000] {processor.py:161} INFO - Started process (PID=1920) to work on /home/airflow/.local/lib/python3.12/site-packages/airflow/example_dags/example_latest_only.py
[2024-06-30T04:06:43.249+0000] {processor.py:830} INFO - Processing file /home/airflow/.local/lib/python3.12/site-packages/airflow/example_dags/example_latest_only.py for tasks to queue
[2024-06-30T04:06:43.257+0000] {logging_mixin.py:188} INFO - [2024-06-30T04:06:43.256+0000] {dagbag.py:545} INFO - Filling up the DagBag from /home/airflow/.local/lib/python3.12/site-packages/airflow/example_dags/example_latest_only.py
[2024-06-30T04:06:43.266+0000] {processor.py:840} INFO - DAG(s) 'latest_only' retrieved from /home/airflow/.local/lib/python3.12/site-packages/airflow/example_dags/example_latest_only.py
[2024-06-30T04:06:43.308+0000] {logging_mixin.py:188} INFO - [2024-06-30T04:06:43.308+0000] {dag.py:3096} INFO - Sync 1 DAGs
[2024-06-30T04:06:43.353+0000] {logging_mixin.py:188} INFO - [2024-06-30T04:06:43.350+0000] {dag.py:3954} INFO - Setting next_dagrun for latest_only to 2024-06-30 00:00:00+00:00, run_after=2024-06-30 04:00:00+00:00
[2024-06-30T04:06:43.460+0000] {processor.py:183} INFO - Processing /home/airflow/.local/lib/python3.12/site-packages/airflow/example_dags/example_latest_only.py took 0.227 seconds
[2024-06-30T04:07:13.909+0000] {processor.py:161} INFO - Started process (PID=1978) to work on /home/airflow/.local/lib/python3.12/site-packages/airflow/example_dags/example_latest_only.py
[2024-06-30T04:07:13.929+0000] {processor.py:830} INFO - Processing file /home/airflow/.local/lib/python3.12/site-packages/airflow/example_dags/example_latest_only.py for tasks to queue
[2024-06-30T04:07:13.947+0000] {logging_mixin.py:188} INFO - [2024-06-30T04:07:13.946+0000] {dagbag.py:545} INFO - Filling up the DagBag from /home/airflow/.local/lib/python3.12/site-packages/airflow/example_dags/example_latest_only.py
[2024-06-30T04:07:13.985+0000] {processor.py:840} INFO - DAG(s) 'latest_only' retrieved from /home/airflow/.local/lib/python3.12/site-packages/airflow/example_dags/example_latest_only.py
[2024-06-30T04:07:14.144+0000] {logging_mixin.py:188} INFO - [2024-06-30T04:07:14.143+0000] {dag.py:3096} INFO - Sync 1 DAGs
[2024-06-30T04:07:14.296+0000] {logging_mixin.py:188} INFO - [2024-06-30T04:07:14.295+0000] {dag.py:3954} INFO - Setting next_dagrun for latest_only to 2024-06-30 00:00:00+00:00, run_after=2024-06-30 04:00:00+00:00
[2024-06-30T04:07:14.504+0000] {processor.py:183} INFO - Processing /home/airflow/.local/lib/python3.12/site-packages/airflow/example_dags/example_latest_only.py took 0.618 seconds
[2024-06-30T04:07:44.680+0000] {processor.py:161} INFO - Started process (PID=2036) to work on /home/airflow/.local/lib/python3.12/site-packages/airflow/example_dags/example_latest_only.py
[2024-06-30T04:07:44.687+0000] {processor.py:830} INFO - Processing file /home/airflow/.local/lib/python3.12/site-packages/airflow/example_dags/example_latest_only.py for tasks to queue
[2024-06-30T04:07:44.750+0000] {logging_mixin.py:188} INFO - [2024-06-30T04:07:44.749+0000] {dagbag.py:545} INFO - Filling up the DagBag from /home/airflow/.local/lib/python3.12/site-packages/airflow/example_dags/example_latest_only.py
[2024-06-30T04:07:44.797+0000] {processor.py:840} INFO - DAG(s) 'latest_only' retrieved from /home/airflow/.local/lib/python3.12/site-packages/airflow/example_dags/example_latest_only.py
[2024-06-30T04:07:44.865+0000] {logging_mixin.py:188} INFO - [2024-06-30T04:07:44.865+0000] {dag.py:3096} INFO - Sync 1 DAGs
[2024-06-30T04:07:44.940+0000] {logging_mixin.py:188} INFO - [2024-06-30T04:07:44.940+0000] {dag.py:3954} INFO - Setting next_dagrun for latest_only to 2024-06-30 00:00:00+00:00, run_after=2024-06-30 04:00:00+00:00
[2024-06-30T04:07:45.052+0000] {processor.py:183} INFO - Processing /home/airflow/.local/lib/python3.12/site-packages/airflow/example_dags/example_latest_only.py took 0.409 seconds
[2024-06-30T04:08:15.450+0000] {processor.py:161} INFO - Started process (PID=2094) to work on /home/airflow/.local/lib/python3.12/site-packages/airflow/example_dags/example_latest_only.py
[2024-06-30T04:08:15.452+0000] {processor.py:830} INFO - Processing file /home/airflow/.local/lib/python3.12/site-packages/airflow/example_dags/example_latest_only.py for tasks to queue
[2024-06-30T04:08:15.455+0000] {logging_mixin.py:188} INFO - [2024-06-30T04:08:15.454+0000] {dagbag.py:545} INFO - Filling up the DagBag from /home/airflow/.local/lib/python3.12/site-packages/airflow/example_dags/example_latest_only.py
[2024-06-30T04:08:15.462+0000] {processor.py:840} INFO - DAG(s) 'latest_only' retrieved from /home/airflow/.local/lib/python3.12/site-packages/airflow/example_dags/example_latest_only.py
[2024-06-30T04:08:15.503+0000] {logging_mixin.py:188} INFO - [2024-06-30T04:08:15.502+0000] {dag.py:3096} INFO - Sync 1 DAGs
[2024-06-30T04:08:15.536+0000] {logging_mixin.py:188} INFO - [2024-06-30T04:08:15.536+0000] {dag.py:3954} INFO - Setting next_dagrun for latest_only to 2024-06-30 00:00:00+00:00, run_after=2024-06-30 04:00:00+00:00
[2024-06-30T04:08:15.576+0000] {processor.py:183} INFO - Processing /home/airflow/.local/lib/python3.12/site-packages/airflow/example_dags/example_latest_only.py took 0.136 seconds
[2024-06-30T04:08:49.584+0000] {processor.py:161} INFO - Started process (PID=2150) to work on /home/airflow/.local/lib/python3.12/site-packages/airflow/example_dags/example_latest_only.py
[2024-06-30T04:08:49.587+0000] {processor.py:830} INFO - Processing file /home/airflow/.local/lib/python3.12/site-packages/airflow/example_dags/example_latest_only.py for tasks to queue
[2024-06-30T04:08:49.591+0000] {logging_mixin.py:188} INFO - [2024-06-30T04:08:49.590+0000] {dagbag.py:545} INFO - Filling up the DagBag from /home/airflow/.local/lib/python3.12/site-packages/airflow/example_dags/example_latest_only.py
[2024-06-30T04:08:49.606+0000] {processor.py:840} INFO - DAG(s) 'latest_only' retrieved from /home/airflow/.local/lib/python3.12/site-packages/airflow/example_dags/example_latest_only.py
[2024-06-30T04:08:49.655+0000] {logging_mixin.py:188} INFO - [2024-06-30T04:08:49.654+0000] {dag.py:3096} INFO - Sync 1 DAGs
[2024-06-30T04:08:49.727+0000] {logging_mixin.py:188} INFO - [2024-06-30T04:08:49.726+0000] {dag.py:3954} INFO - Setting next_dagrun for latest_only to 2024-06-30 00:00:00+00:00, run_after=2024-06-30 04:00:00+00:00
[2024-06-30T04:08:49.804+0000] {processor.py:183} INFO - Processing /home/airflow/.local/lib/python3.12/site-packages/airflow/example_dags/example_latest_only.py took 0.235 seconds
[2024-06-30T04:09:21.515+0000] {processor.py:161} INFO - Started process (PID=2208) to work on /home/airflow/.local/lib/python3.12/site-packages/airflow/example_dags/example_latest_only.py
[2024-06-30T04:09:21.517+0000] {processor.py:830} INFO - Processing file /home/airflow/.local/lib/python3.12/site-packages/airflow/example_dags/example_latest_only.py for tasks to queue
[2024-06-30T04:09:21.533+0000] {logging_mixin.py:188} INFO - [2024-06-30T04:09:21.532+0000] {dagbag.py:545} INFO - Filling up the DagBag from /home/airflow/.local/lib/python3.12/site-packages/airflow/example_dags/example_latest_only.py
[2024-06-30T04:09:21.561+0000] {processor.py:840} INFO - DAG(s) 'latest_only' retrieved from /home/airflow/.local/lib/python3.12/site-packages/airflow/example_dags/example_latest_only.py
[2024-06-30T04:09:21.676+0000] {logging_mixin.py:188} INFO - [2024-06-30T04:09:21.676+0000] {dag.py:3096} INFO - Sync 1 DAGs
[2024-06-30T04:09:21.856+0000] {logging_mixin.py:188} INFO - [2024-06-30T04:09:21.855+0000] {dag.py:3954} INFO - Setting next_dagrun for latest_only to 2024-06-30 00:00:00+00:00, run_after=2024-06-30 04:00:00+00:00
[2024-06-30T04:09:22.023+0000] {processor.py:183} INFO - Processing /home/airflow/.local/lib/python3.12/site-packages/airflow/example_dags/example_latest_only.py took 0.530 seconds
[2024-06-30T04:09:52.557+0000] {processor.py:161} INFO - Started process (PID=2267) to work on /home/airflow/.local/lib/python3.12/site-packages/airflow/example_dags/example_latest_only.py
[2024-06-30T04:09:52.559+0000] {processor.py:830} INFO - Processing file /home/airflow/.local/lib/python3.12/site-packages/airflow/example_dags/example_latest_only.py for tasks to queue
[2024-06-30T04:09:52.563+0000] {logging_mixin.py:188} INFO - [2024-06-30T04:09:52.562+0000] {dagbag.py:545} INFO - Filling up the DagBag from /home/airflow/.local/lib/python3.12/site-packages/airflow/example_dags/example_latest_only.py
[2024-06-30T04:09:52.570+0000] {processor.py:840} INFO - DAG(s) 'latest_only' retrieved from /home/airflow/.local/lib/python3.12/site-packages/airflow/example_dags/example_latest_only.py
[2024-06-30T04:09:52.613+0000] {logging_mixin.py:188} INFO - [2024-06-30T04:09:52.612+0000] {dag.py:3096} INFO - Sync 1 DAGs
[2024-06-30T04:09:52.664+0000] {logging_mixin.py:188} INFO - [2024-06-30T04:09:52.663+0000] {dag.py:3954} INFO - Setting next_dagrun for latest_only to 2024-06-30 00:00:00+00:00, run_after=2024-06-30 04:00:00+00:00
[2024-06-30T04:09:52.716+0000] {processor.py:183} INFO - Processing /home/airflow/.local/lib/python3.12/site-packages/airflow/example_dags/example_latest_only.py took 0.170 seconds
[2024-06-30T04:10:22.884+0000] {processor.py:161} INFO - Started process (PID=2325) to work on /home/airflow/.local/lib/python3.12/site-packages/airflow/example_dags/example_latest_only.py
[2024-06-30T04:10:22.886+0000] {processor.py:830} INFO - Processing file /home/airflow/.local/lib/python3.12/site-packages/airflow/example_dags/example_latest_only.py for tasks to queue
[2024-06-30T04:10:22.890+0000] {logging_mixin.py:188} INFO - [2024-06-30T04:10:22.889+0000] {dagbag.py:545} INFO - Filling up the DagBag from /home/airflow/.local/lib/python3.12/site-packages/airflow/example_dags/example_latest_only.py
[2024-06-30T04:10:22.899+0000] {processor.py:840} INFO - DAG(s) 'latest_only' retrieved from /home/airflow/.local/lib/python3.12/site-packages/airflow/example_dags/example_latest_only.py
[2024-06-30T04:10:22.939+0000] {logging_mixin.py:188} INFO - [2024-06-30T04:10:22.938+0000] {dag.py:3096} INFO - Sync 1 DAGs
[2024-06-30T04:10:22.993+0000] {logging_mixin.py:188} INFO - [2024-06-30T04:10:22.993+0000] {dag.py:3954} INFO - Setting next_dagrun for latest_only to 2024-06-30 00:00:00+00:00, run_after=2024-06-30 04:00:00+00:00
[2024-06-30T04:10:23.044+0000] {processor.py:183} INFO - Processing /home/airflow/.local/lib/python3.12/site-packages/airflow/example_dags/example_latest_only.py took 0.169 seconds
[2024-06-30T04:10:53.308+0000] {processor.py:161} INFO - Started process (PID=2383) to work on /home/airflow/.local/lib/python3.12/site-packages/airflow/example_dags/example_latest_only.py
[2024-06-30T04:10:53.310+0000] {processor.py:830} INFO - Processing file /home/airflow/.local/lib/python3.12/site-packages/airflow/example_dags/example_latest_only.py for tasks to queue
[2024-06-30T04:10:53.313+0000] {logging_mixin.py:188} INFO - [2024-06-30T04:10:53.312+0000] {dagbag.py:545} INFO - Filling up the DagBag from /home/airflow/.local/lib/python3.12/site-packages/airflow/example_dags/example_latest_only.py
[2024-06-30T04:10:53.320+0000] {processor.py:840} INFO - DAG(s) 'latest_only' retrieved from /home/airflow/.local/lib/python3.12/site-packages/airflow/example_dags/example_latest_only.py
[2024-06-30T04:10:53.360+0000] {logging_mixin.py:188} INFO - [2024-06-30T04:10:53.359+0000] {dag.py:3096} INFO - Sync 1 DAGs
[2024-06-30T04:10:53.409+0000] {logging_mixin.py:188} INFO - [2024-06-30T04:10:53.408+0000] {dag.py:3954} INFO - Setting next_dagrun for latest_only to 2024-06-30 00:00:00+00:00, run_after=2024-06-30 04:00:00+00:00
[2024-06-30T04:10:53.470+0000] {processor.py:183} INFO - Processing /home/airflow/.local/lib/python3.12/site-packages/airflow/example_dags/example_latest_only.py took 0.171 seconds
[2024-06-30T04:11:24.022+0000] {processor.py:161} INFO - Started process (PID=2441) to work on /home/airflow/.local/lib/python3.12/site-packages/airflow/example_dags/example_latest_only.py
[2024-06-30T04:11:24.031+0000] {processor.py:830} INFO - Processing file /home/airflow/.local/lib/python3.12/site-packages/airflow/example_dags/example_latest_only.py for tasks to queue
[2024-06-30T04:11:24.034+0000] {logging_mixin.py:188} INFO - [2024-06-30T04:11:24.034+0000] {dagbag.py:545} INFO - Filling up the DagBag from /home/airflow/.local/lib/python3.12/site-packages/airflow/example_dags/example_latest_only.py
[2024-06-30T04:11:24.048+0000] {processor.py:840} INFO - DAG(s) 'latest_only' retrieved from /home/airflow/.local/lib/python3.12/site-packages/airflow/example_dags/example_latest_only.py
[2024-06-30T04:11:24.091+0000] {logging_mixin.py:188} INFO - [2024-06-30T04:11:24.090+0000] {dag.py:3096} INFO - Sync 1 DAGs
[2024-06-30T04:11:24.183+0000] {logging_mixin.py:188} INFO - [2024-06-30T04:11:24.182+0000] {dag.py:3954} INFO - Setting next_dagrun for latest_only to 2024-06-30 00:00:00+00:00, run_after=2024-06-30 04:00:00+00:00
[2024-06-30T04:11:24.275+0000] {processor.py:183} INFO - Processing /home/airflow/.local/lib/python3.12/site-packages/airflow/example_dags/example_latest_only.py took 0.265 seconds
[2024-06-30T04:11:54.605+0000] {processor.py:161} INFO - Started process (PID=2498) to work on /home/airflow/.local/lib/python3.12/site-packages/airflow/example_dags/example_latest_only.py
[2024-06-30T04:11:54.607+0000] {processor.py:830} INFO - Processing file /home/airflow/.local/lib/python3.12/site-packages/airflow/example_dags/example_latest_only.py for tasks to queue
[2024-06-30T04:11:54.609+0000] {logging_mixin.py:188} INFO - [2024-06-30T04:11:54.609+0000] {dagbag.py:545} INFO - Filling up the DagBag from /home/airflow/.local/lib/python3.12/site-packages/airflow/example_dags/example_latest_only.py
[2024-06-30T04:11:54.616+0000] {processor.py:840} INFO - DAG(s) 'latest_only' retrieved from /home/airflow/.local/lib/python3.12/site-packages/airflow/example_dags/example_latest_only.py
[2024-06-30T04:11:54.650+0000] {logging_mixin.py:188} INFO - [2024-06-30T04:11:54.649+0000] {dag.py:3096} INFO - Sync 1 DAGs
[2024-06-30T04:11:54.691+0000] {logging_mixin.py:188} INFO - [2024-06-30T04:11:54.691+0000] {dag.py:3954} INFO - Setting next_dagrun for latest_only to 2024-06-30 00:00:00+00:00, run_after=2024-06-30 04:00:00+00:00
[2024-06-30T04:11:54.735+0000] {processor.py:183} INFO - Processing /home/airflow/.local/lib/python3.12/site-packages/airflow/example_dags/example_latest_only.py took 0.140 seconds
[2024-06-30T04:12:25.017+0000] {processor.py:161} INFO - Started process (PID=2556) to work on /home/airflow/.local/lib/python3.12/site-packages/airflow/example_dags/example_latest_only.py
[2024-06-30T04:12:25.019+0000] {processor.py:830} INFO - Processing file /home/airflow/.local/lib/python3.12/site-packages/airflow/example_dags/example_latest_only.py for tasks to queue
[2024-06-30T04:12:25.021+0000] {logging_mixin.py:188} INFO - [2024-06-30T04:12:25.021+0000] {dagbag.py:545} INFO - Filling up the DagBag from /home/airflow/.local/lib/python3.12/site-packages/airflow/example_dags/example_latest_only.py
[2024-06-30T04:12:25.027+0000] {processor.py:840} INFO - DAG(s) 'latest_only' retrieved from /home/airflow/.local/lib/python3.12/site-packages/airflow/example_dags/example_latest_only.py
[2024-06-30T04:12:25.064+0000] {logging_mixin.py:188} INFO - [2024-06-30T04:12:25.063+0000] {dag.py:3096} INFO - Sync 1 DAGs
[2024-06-30T04:12:25.171+0000] {logging_mixin.py:188} INFO - [2024-06-30T04:12:25.171+0000] {dag.py:3954} INFO - Setting next_dagrun for latest_only to 2024-06-30 00:00:00+00:00, run_after=2024-06-30 04:00:00+00:00
[2024-06-30T04:12:25.232+0000] {processor.py:183} INFO - Processing /home/airflow/.local/lib/python3.12/site-packages/airflow/example_dags/example_latest_only.py took 0.220 seconds
[2024-06-30T04:12:55.833+0000] {processor.py:161} INFO - Started process (PID=2614) to work on /home/airflow/.local/lib/python3.12/site-packages/airflow/example_dags/example_latest_only.py
[2024-06-30T04:12:55.835+0000] {processor.py:830} INFO - Processing file /home/airflow/.local/lib/python3.12/site-packages/airflow/example_dags/example_latest_only.py for tasks to queue
[2024-06-30T04:12:55.838+0000] {logging_mixin.py:188} INFO - [2024-06-30T04:12:55.838+0000] {dagbag.py:545} INFO - Filling up the DagBag from /home/airflow/.local/lib/python3.12/site-packages/airflow/example_dags/example_latest_only.py
[2024-06-30T04:12:55.848+0000] {processor.py:840} INFO - DAG(s) 'latest_only' retrieved from /home/airflow/.local/lib/python3.12/site-packages/airflow/example_dags/example_latest_only.py
[2024-06-30T04:12:55.891+0000] {logging_mixin.py:188} INFO - [2024-06-30T04:12:55.890+0000] {dag.py:3096} INFO - Sync 1 DAGs
[2024-06-30T04:12:55.947+0000] {logging_mixin.py:188} INFO - [2024-06-30T04:12:55.946+0000] {dag.py:3954} INFO - Setting next_dagrun for latest_only to 2024-06-30 00:00:00+00:00, run_after=2024-06-30 04:00:00+00:00
[2024-06-30T04:12:56.025+0000] {processor.py:183} INFO - Processing /home/airflow/.local/lib/python3.12/site-packages/airflow/example_dags/example_latest_only.py took 0.203 seconds
[2024-06-30T04:13:26.185+0000] {processor.py:161} INFO - Started process (PID=2669) to work on /home/airflow/.local/lib/python3.12/site-packages/airflow/example_dags/example_latest_only.py
[2024-06-30T04:13:26.187+0000] {processor.py:830} INFO - Processing file /home/airflow/.local/lib/python3.12/site-packages/airflow/example_dags/example_latest_only.py for tasks to queue
[2024-06-30T04:13:26.199+0000] {logging_mixin.py:188} INFO - [2024-06-30T04:13:26.198+0000] {dagbag.py:545} INFO - Filling up the DagBag from /home/airflow/.local/lib/python3.12/site-packages/airflow/example_dags/example_latest_only.py
[2024-06-30T04:13:26.212+0000] {processor.py:840} INFO - DAG(s) 'latest_only' retrieved from /home/airflow/.local/lib/python3.12/site-packages/airflow/example_dags/example_latest_only.py
[2024-06-30T04:13:26.275+0000] {logging_mixin.py:188} INFO - [2024-06-30T04:13:26.274+0000] {dag.py:3096} INFO - Sync 1 DAGs
[2024-06-30T04:13:26.313+0000] {logging_mixin.py:188} INFO - [2024-06-30T04:13:26.312+0000] {dag.py:3954} INFO - Setting next_dagrun for latest_only to 2024-06-30 00:00:00+00:00, run_after=2024-06-30 04:00:00+00:00
[2024-06-30T04:13:26.345+0000] {processor.py:183} INFO - Processing /home/airflow/.local/lib/python3.12/site-packages/airflow/example_dags/example_latest_only.py took 0.167 seconds
[2024-06-30T04:13:56.894+0000] {processor.py:161} INFO - Started process (PID=2729) to work on /home/airflow/.local/lib/python3.12/site-packages/airflow/example_dags/example_latest_only.py
[2024-06-30T04:13:56.896+0000] {processor.py:830} INFO - Processing file /home/airflow/.local/lib/python3.12/site-packages/airflow/example_dags/example_latest_only.py for tasks to queue
[2024-06-30T04:13:56.899+0000] {logging_mixin.py:188} INFO - [2024-06-30T04:13:56.899+0000] {dagbag.py:545} INFO - Filling up the DagBag from /home/airflow/.local/lib/python3.12/site-packages/airflow/example_dags/example_latest_only.py
[2024-06-30T04:13:56.907+0000] {processor.py:840} INFO - DAG(s) 'latest_only' retrieved from /home/airflow/.local/lib/python3.12/site-packages/airflow/example_dags/example_latest_only.py
[2024-06-30T04:13:56.957+0000] {logging_mixin.py:188} INFO - [2024-06-30T04:13:56.956+0000] {dag.py:3096} INFO - Sync 1 DAGs
[2024-06-30T04:13:57.012+0000] {logging_mixin.py:188} INFO - [2024-06-30T04:13:57.012+0000] {dag.py:3954} INFO - Setting next_dagrun for latest_only to 2024-06-30 00:00:00+00:00, run_after=2024-06-30 04:00:00+00:00
[2024-06-30T04:13:57.050+0000] {processor.py:183} INFO - Processing /home/airflow/.local/lib/python3.12/site-packages/airflow/example_dags/example_latest_only.py took 0.177 seconds
[2024-06-30T04:14:27.935+0000] {processor.py:161} INFO - Started process (PID=2787) to work on /home/airflow/.local/lib/python3.12/site-packages/airflow/example_dags/example_latest_only.py
[2024-06-30T04:14:27.936+0000] {processor.py:830} INFO - Processing file /home/airflow/.local/lib/python3.12/site-packages/airflow/example_dags/example_latest_only.py for tasks to queue
[2024-06-30T04:14:27.939+0000] {logging_mixin.py:188} INFO - [2024-06-30T04:14:27.939+0000] {dagbag.py:545} INFO - Filling up the DagBag from /home/airflow/.local/lib/python3.12/site-packages/airflow/example_dags/example_latest_only.py
[2024-06-30T04:14:27.946+0000] {processor.py:840} INFO - DAG(s) 'latest_only' retrieved from /home/airflow/.local/lib/python3.12/site-packages/airflow/example_dags/example_latest_only.py
[2024-06-30T04:14:27.977+0000] {logging_mixin.py:188} INFO - [2024-06-30T04:14:27.977+0000] {dag.py:3096} INFO - Sync 1 DAGs
[2024-06-30T04:14:28.015+0000] {logging_mixin.py:188} INFO - [2024-06-30T04:14:28.014+0000] {dag.py:3954} INFO - Setting next_dagrun for latest_only to 2024-06-30 00:00:00+00:00, run_after=2024-06-30 04:00:00+00:00
[2024-06-30T04:14:28.070+0000] {processor.py:183} INFO - Processing /home/airflow/.local/lib/python3.12/site-packages/airflow/example_dags/example_latest_only.py took 0.143 seconds
[2024-06-30T04:14:58.429+0000] {processor.py:161} INFO - Started process (PID=2845) to work on /home/airflow/.local/lib/python3.12/site-packages/airflow/example_dags/example_latest_only.py
[2024-06-30T04:14:58.431+0000] {processor.py:830} INFO - Processing file /home/airflow/.local/lib/python3.12/site-packages/airflow/example_dags/example_latest_only.py for tasks to queue
[2024-06-30T04:14:58.434+0000] {logging_mixin.py:188} INFO - [2024-06-30T04:14:58.433+0000] {dagbag.py:545} INFO - Filling up the DagBag from /home/airflow/.local/lib/python3.12/site-packages/airflow/example_dags/example_latest_only.py
[2024-06-30T04:14:58.440+0000] {processor.py:840} INFO - DAG(s) 'latest_only' retrieved from /home/airflow/.local/lib/python3.12/site-packages/airflow/example_dags/example_latest_only.py
[2024-06-30T04:14:58.473+0000] {logging_mixin.py:188} INFO - [2024-06-30T04:14:58.472+0000] {dag.py:3096} INFO - Sync 1 DAGs
[2024-06-30T04:14:58.515+0000] {logging_mixin.py:188} INFO - [2024-06-30T04:14:58.514+0000] {dag.py:3954} INFO - Setting next_dagrun for latest_only to 2024-06-30 00:00:00+00:00, run_after=2024-06-30 04:00:00+00:00
[2024-06-30T04:14:58.547+0000] {processor.py:183} INFO - Processing /home/airflow/.local/lib/python3.12/site-packages/airflow/example_dags/example_latest_only.py took 0.126 seconds
[2024-06-30T04:15:28.891+0000] {processor.py:161} INFO - Started process (PID=2904) to work on /home/airflow/.local/lib/python3.12/site-packages/airflow/example_dags/example_latest_only.py
[2024-06-30T04:15:28.893+0000] {processor.py:830} INFO - Processing file /home/airflow/.local/lib/python3.12/site-packages/airflow/example_dags/example_latest_only.py for tasks to queue
[2024-06-30T04:15:28.895+0000] {logging_mixin.py:188} INFO - [2024-06-30T04:15:28.895+0000] {dagbag.py:545} INFO - Filling up the DagBag from /home/airflow/.local/lib/python3.12/site-packages/airflow/example_dags/example_latest_only.py
[2024-06-30T04:15:28.901+0000] {processor.py:840} INFO - DAG(s) 'latest_only' retrieved from /home/airflow/.local/lib/python3.12/site-packages/airflow/example_dags/example_latest_only.py
[2024-06-30T04:15:28.926+0000] {logging_mixin.py:188} INFO - [2024-06-30T04:15:28.926+0000] {dag.py:3096} INFO - Sync 1 DAGs
[2024-06-30T04:15:28.956+0000] {logging_mixin.py:188} INFO - [2024-06-30T04:15:28.956+0000] {dag.py:3954} INFO - Setting next_dagrun for latest_only to 2024-06-30 00:00:00+00:00, run_after=2024-06-30 04:00:00+00:00
[2024-06-30T04:15:28.980+0000] {processor.py:183} INFO - Processing /home/airflow/.local/lib/python3.12/site-packages/airflow/example_dags/example_latest_only.py took 0.094 seconds
[2024-06-30T04:15:59.862+0000] {processor.py:161} INFO - Started process (PID=2962) to work on /home/airflow/.local/lib/python3.12/site-packages/airflow/example_dags/example_latest_only.py
[2024-06-30T04:15:59.863+0000] {processor.py:830} INFO - Processing file /home/airflow/.local/lib/python3.12/site-packages/airflow/example_dags/example_latest_only.py for tasks to queue
[2024-06-30T04:15:59.866+0000] {logging_mixin.py:188} INFO - [2024-06-30T04:15:59.865+0000] {dagbag.py:545} INFO - Filling up the DagBag from /home/airflow/.local/lib/python3.12/site-packages/airflow/example_dags/example_latest_only.py
[2024-06-30T04:15:59.873+0000] {processor.py:840} INFO - DAG(s) 'latest_only' retrieved from /home/airflow/.local/lib/python3.12/site-packages/airflow/example_dags/example_latest_only.py
[2024-06-30T04:15:59.909+0000] {logging_mixin.py:188} INFO - [2024-06-30T04:15:59.909+0000] {dag.py:3096} INFO - Sync 1 DAGs
[2024-06-30T04:15:59.954+0000] {logging_mixin.py:188} INFO - [2024-06-30T04:15:59.953+0000] {dag.py:3954} INFO - Setting next_dagrun for latest_only to 2024-06-30 00:00:00+00:00, run_after=2024-06-30 04:00:00+00:00
[2024-06-30T04:15:59.993+0000] {processor.py:183} INFO - Processing /home/airflow/.local/lib/python3.12/site-packages/airflow/example_dags/example_latest_only.py took 0.140 seconds
[2024-06-30T04:16:30.741+0000] {processor.py:161} INFO - Started process (PID=3020) to work on /home/airflow/.local/lib/python3.12/site-packages/airflow/example_dags/example_latest_only.py
[2024-06-30T04:16:30.743+0000] {processor.py:830} INFO - Processing file /home/airflow/.local/lib/python3.12/site-packages/airflow/example_dags/example_latest_only.py for tasks to queue
[2024-06-30T04:16:30.746+0000] {logging_mixin.py:188} INFO - [2024-06-30T04:16:30.746+0000] {dagbag.py:545} INFO - Filling up the DagBag from /home/airflow/.local/lib/python3.12/site-packages/airflow/example_dags/example_latest_only.py
[2024-06-30T04:16:30.756+0000] {processor.py:840} INFO - DAG(s) 'latest_only' retrieved from /home/airflow/.local/lib/python3.12/site-packages/airflow/example_dags/example_latest_only.py
[2024-06-30T04:16:30.801+0000] {logging_mixin.py:188} INFO - [2024-06-30T04:16:30.800+0000] {dag.py:3096} INFO - Sync 1 DAGs
[2024-06-30T04:16:30.875+0000] {logging_mixin.py:188} INFO - [2024-06-30T04:16:30.874+0000] {dag.py:3954} INFO - Setting next_dagrun for latest_only to 2024-06-30 00:00:00+00:00, run_after=2024-06-30 04:00:00+00:00
[2024-06-30T04:16:30.941+0000] {processor.py:183} INFO - Processing /home/airflow/.local/lib/python3.12/site-packages/airflow/example_dags/example_latest_only.py took 0.212 seconds
[2024-06-30T04:17:01.065+0000] {processor.py:161} INFO - Started process (PID=3078) to work on /home/airflow/.local/lib/python3.12/site-packages/airflow/example_dags/example_latest_only.py
[2024-06-30T04:17:01.067+0000] {processor.py:830} INFO - Processing file /home/airflow/.local/lib/python3.12/site-packages/airflow/example_dags/example_latest_only.py for tasks to queue
[2024-06-30T04:17:01.070+0000] {logging_mixin.py:188} INFO - [2024-06-30T04:17:01.070+0000] {dagbag.py:545} INFO - Filling up the DagBag from /home/airflow/.local/lib/python3.12/site-packages/airflow/example_dags/example_latest_only.py
[2024-06-30T04:17:01.078+0000] {processor.py:840} INFO - DAG(s) 'latest_only' retrieved from /home/airflow/.local/lib/python3.12/site-packages/airflow/example_dags/example_latest_only.py
[2024-06-30T04:17:01.115+0000] {logging_mixin.py:188} INFO - [2024-06-30T04:17:01.115+0000] {dag.py:3096} INFO - Sync 1 DAGs
[2024-06-30T04:17:01.188+0000] {logging_mixin.py:188} INFO - [2024-06-30T04:17:01.187+0000] {dag.py:3954} INFO - Setting next_dagrun for latest_only to 2024-06-30 00:00:00+00:00, run_after=2024-06-30 04:00:00+00:00
[2024-06-30T04:17:01.228+0000] {processor.py:183} INFO - Processing /home/airflow/.local/lib/python3.12/site-packages/airflow/example_dags/example_latest_only.py took 0.171 seconds
[2024-06-30T04:17:31.409+0000] {processor.py:161} INFO - Started process (PID=3135) to work on /home/airflow/.local/lib/python3.12/site-packages/airflow/example_dags/example_latest_only.py
[2024-06-30T04:17:31.411+0000] {processor.py:830} INFO - Processing file /home/airflow/.local/lib/python3.12/site-packages/airflow/example_dags/example_latest_only.py for tasks to queue
[2024-06-30T04:17:31.414+0000] {logging_mixin.py:188} INFO - [2024-06-30T04:17:31.413+0000] {dagbag.py:545} INFO - Filling up the DagBag from /home/airflow/.local/lib/python3.12/site-packages/airflow/example_dags/example_latest_only.py
[2024-06-30T04:17:31.431+0000] {processor.py:840} INFO - DAG(s) 'latest_only' retrieved from /home/airflow/.local/lib/python3.12/site-packages/airflow/example_dags/example_latest_only.py
[2024-06-30T04:17:31.523+0000] {logging_mixin.py:188} INFO - [2024-06-30T04:17:31.522+0000] {dag.py:3096} INFO - Sync 1 DAGs
[2024-06-30T04:17:31.616+0000] {logging_mixin.py:188} INFO - [2024-06-30T04:17:31.615+0000] {dag.py:3954} INFO - Setting next_dagrun for latest_only to 2024-06-30 00:00:00+00:00, run_after=2024-06-30 04:00:00+00:00
[2024-06-30T04:17:31.677+0000] {processor.py:183} INFO - Processing /home/airflow/.local/lib/python3.12/site-packages/airflow/example_dags/example_latest_only.py took 0.286 seconds
[2024-06-30T04:18:01.989+0000] {processor.py:161} INFO - Started process (PID=3193) to work on /home/airflow/.local/lib/python3.12/site-packages/airflow/example_dags/example_latest_only.py
[2024-06-30T04:18:01.991+0000] {processor.py:830} INFO - Processing file /home/airflow/.local/lib/python3.12/site-packages/airflow/example_dags/example_latest_only.py for tasks to queue
[2024-06-30T04:18:01.994+0000] {logging_mixin.py:188} INFO - [2024-06-30T04:18:01.993+0000] {dagbag.py:545} INFO - Filling up the DagBag from /home/airflow/.local/lib/python3.12/site-packages/airflow/example_dags/example_latest_only.py
[2024-06-30T04:18:02.002+0000] {processor.py:840} INFO - DAG(s) 'latest_only' retrieved from /home/airflow/.local/lib/python3.12/site-packages/airflow/example_dags/example_latest_only.py
[2024-06-30T04:18:02.040+0000] {logging_mixin.py:188} INFO - [2024-06-30T04:18:02.040+0000] {dag.py:3096} INFO - Sync 1 DAGs
[2024-06-30T04:18:02.081+0000] {logging_mixin.py:188} INFO - [2024-06-30T04:18:02.081+0000] {dag.py:3954} INFO - Setting next_dagrun for latest_only to 2024-06-30 00:00:00+00:00, run_after=2024-06-30 04:00:00+00:00
[2024-06-30T04:18:02.117+0000] {processor.py:183} INFO - Processing /home/airflow/.local/lib/python3.12/site-packages/airflow/example_dags/example_latest_only.py took 0.139 seconds
[2024-06-30T04:18:32.966+0000] {processor.py:161} INFO - Started process (PID=3250) to work on /home/airflow/.local/lib/python3.12/site-packages/airflow/example_dags/example_latest_only.py
[2024-06-30T04:18:32.968+0000] {processor.py:830} INFO - Processing file /home/airflow/.local/lib/python3.12/site-packages/airflow/example_dags/example_latest_only.py for tasks to queue
[2024-06-30T04:18:32.971+0000] {logging_mixin.py:188} INFO - [2024-06-30T04:18:32.970+0000] {dagbag.py:545} INFO - Filling up the DagBag from /home/airflow/.local/lib/python3.12/site-packages/airflow/example_dags/example_latest_only.py
[2024-06-30T04:18:32.988+0000] {processor.py:840} INFO - DAG(s) 'latest_only' retrieved from /home/airflow/.local/lib/python3.12/site-packages/airflow/example_dags/example_latest_only.py
[2024-06-30T04:18:33.046+0000] {logging_mixin.py:188} INFO - [2024-06-30T04:18:33.046+0000] {dag.py:3096} INFO - Sync 1 DAGs
[2024-06-30T04:18:33.124+0000] {logging_mixin.py:188} INFO - [2024-06-30T04:18:33.123+0000] {dag.py:3954} INFO - Setting next_dagrun for latest_only to 2024-06-30 00:00:00+00:00, run_after=2024-06-30 04:00:00+00:00
[2024-06-30T04:18:33.179+0000] {processor.py:183} INFO - Processing /home/airflow/.local/lib/python3.12/site-packages/airflow/example_dags/example_latest_only.py took 0.226 seconds
[2024-06-30T04:19:03.519+0000] {processor.py:161} INFO - Started process (PID=3308) to work on /home/airflow/.local/lib/python3.12/site-packages/airflow/example_dags/example_latest_only.py
[2024-06-30T04:19:03.521+0000] {processor.py:830} INFO - Processing file /home/airflow/.local/lib/python3.12/site-packages/airflow/example_dags/example_latest_only.py for tasks to queue
[2024-06-30T04:19:03.524+0000] {logging_mixin.py:188} INFO - [2024-06-30T04:19:03.523+0000] {dagbag.py:545} INFO - Filling up the DagBag from /home/airflow/.local/lib/python3.12/site-packages/airflow/example_dags/example_latest_only.py
[2024-06-30T04:19:03.532+0000] {processor.py:840} INFO - DAG(s) 'latest_only' retrieved from /home/airflow/.local/lib/python3.12/site-packages/airflow/example_dags/example_latest_only.py
[2024-06-30T04:19:03.583+0000] {logging_mixin.py:188} INFO - [2024-06-30T04:19:03.582+0000] {dag.py:3096} INFO - Sync 1 DAGs
[2024-06-30T04:19:03.655+0000] {logging_mixin.py:188} INFO - [2024-06-30T04:19:03.654+0000] {dag.py:3954} INFO - Setting next_dagrun for latest_only to 2024-06-30 00:00:00+00:00, run_after=2024-06-30 04:00:00+00:00
[2024-06-30T04:19:03.733+0000] {processor.py:183} INFO - Processing /home/airflow/.local/lib/python3.12/site-packages/airflow/example_dags/example_latest_only.py took 0.227 seconds
[2024-06-30T04:19:34.588+0000] {processor.py:161} INFO - Started process (PID=3366) to work on /home/airflow/.local/lib/python3.12/site-packages/airflow/example_dags/example_latest_only.py
[2024-06-30T04:19:34.600+0000] {processor.py:830} INFO - Processing file /home/airflow/.local/lib/python3.12/site-packages/airflow/example_dags/example_latest_only.py for tasks to queue
[2024-06-30T04:19:34.604+0000] {logging_mixin.py:188} INFO - [2024-06-30T04:19:34.603+0000] {dagbag.py:545} INFO - Filling up the DagBag from /home/airflow/.local/lib/python3.12/site-packages/airflow/example_dags/example_latest_only.py
[2024-06-30T04:19:34.623+0000] {processor.py:840} INFO - DAG(s) 'latest_only' retrieved from /home/airflow/.local/lib/python3.12/site-packages/airflow/example_dags/example_latest_only.py
[2024-06-30T04:19:34.678+0000] {logging_mixin.py:188} INFO - [2024-06-30T04:19:34.678+0000] {dag.py:3096} INFO - Sync 1 DAGs
[2024-06-30T04:19:34.727+0000] {logging_mixin.py:188} INFO - [2024-06-30T04:19:34.727+0000] {dag.py:3954} INFO - Setting next_dagrun for latest_only to 2024-06-30 00:00:00+00:00, run_after=2024-06-30 04:00:00+00:00
[2024-06-30T04:19:34.807+0000] {processor.py:183} INFO - Processing /home/airflow/.local/lib/python3.12/site-packages/airflow/example_dags/example_latest_only.py took 0.243 seconds
