[2024-06-30T03:49:29.552+0000] {processor.py:161} INFO - Started process (PID=45) to work on /home/airflow/.local/lib/python3.12/site-packages/airflow/example_dags/example_task_group_decorator.py
[2024-06-30T03:49:29.555+0000] {processor.py:830} INFO - Processing file /home/airflow/.local/lib/python3.12/site-packages/airflow/example_dags/example_task_group_decorator.py for tasks to queue
[2024-06-30T03:49:29.560+0000] {logging_mixin.py:188} INFO - [2024-06-30T03:49:29.559+0000] {dagbag.py:545} INFO - Filling up the DagBag from /home/airflow/.local/lib/python3.12/site-packages/airflow/example_dags/example_task_group_decorator.py
[2024-06-30T03:49:29.641+0000] {processor.py:840} INFO - DAG(s) 'example_task_group_decorator' retrieved from /home/airflow/.local/lib/python3.12/site-packages/airflow/example_dags/example_task_group_decorator.py
[2024-06-30T03:49:30.136+0000] {logging_mixin.py:188} INFO - [2024-06-30T03:49:30.135+0000] {dag.py:3096} INFO - Sync 1 DAGs
[2024-06-30T03:49:30.237+0000] {logging_mixin.py:188} INFO - [2024-06-30T03:49:30.236+0000] {dag.py:3954} INFO - Setting next_dagrun for example_task_group_decorator to 2024-06-29 00:00:00+00:00, run_after=2024-06-30 00:00:00+00:00
[2024-06-30T03:49:30.325+0000] {processor.py:183} INFO - Processing /home/airflow/.local/lib/python3.12/site-packages/airflow/example_dags/example_task_group_decorator.py took 0.786 seconds
[2024-06-30T03:50:14.044+0000] {processor.py:161} INFO - Started process (PID=103) to work on /home/airflow/.local/lib/python3.12/site-packages/airflow/example_dags/example_task_group_decorator.py
[2024-06-30T03:50:14.047+0000] {processor.py:830} INFO - Processing file /home/airflow/.local/lib/python3.12/site-packages/airflow/example_dags/example_task_group_decorator.py for tasks to queue
[2024-06-30T03:50:14.052+0000] {logging_mixin.py:188} INFO - [2024-06-30T03:50:14.051+0000] {dagbag.py:545} INFO - Filling up the DagBag from /home/airflow/.local/lib/python3.12/site-packages/airflow/example_dags/example_task_group_decorator.py
[2024-06-30T03:50:14.091+0000] {processor.py:840} INFO - DAG(s) 'example_task_group_decorator' retrieved from /home/airflow/.local/lib/python3.12/site-packages/airflow/example_dags/example_task_group_decorator.py
[2024-06-30T03:50:14.151+0000] {logging_mixin.py:188} INFO - [2024-06-30T03:50:14.150+0000] {dag.py:3096} INFO - Sync 1 DAGs
[2024-06-30T03:50:14.214+0000] {logging_mixin.py:188} INFO - [2024-06-30T03:50:14.213+0000] {dag.py:3954} INFO - Setting next_dagrun for example_task_group_decorator to 2024-06-29 00:00:00+00:00, run_after=2024-06-30 00:00:00+00:00
[2024-06-30T03:50:14.272+0000] {processor.py:183} INFO - Processing /home/airflow/.local/lib/python3.12/site-packages/airflow/example_dags/example_task_group_decorator.py took 0.241 seconds
[2024-06-30T03:50:44.798+0000] {processor.py:161} INFO - Started process (PID=159) to work on /home/airflow/.local/lib/python3.12/site-packages/airflow/example_dags/example_task_group_decorator.py
[2024-06-30T03:50:44.801+0000] {processor.py:830} INFO - Processing file /home/airflow/.local/lib/python3.12/site-packages/airflow/example_dags/example_task_group_decorator.py for tasks to queue
[2024-06-30T03:50:44.806+0000] {logging_mixin.py:188} INFO - [2024-06-30T03:50:44.805+0000] {dagbag.py:545} INFO - Filling up the DagBag from /home/airflow/.local/lib/python3.12/site-packages/airflow/example_dags/example_task_group_decorator.py
[2024-06-30T03:50:44.836+0000] {processor.py:840} INFO - DAG(s) 'example_task_group_decorator' retrieved from /home/airflow/.local/lib/python3.12/site-packages/airflow/example_dags/example_task_group_decorator.py
[2024-06-30T03:50:44.909+0000] {logging_mixin.py:188} INFO - [2024-06-30T03:50:44.909+0000] {dag.py:3096} INFO - Sync 1 DAGs
[2024-06-30T03:50:44.974+0000] {logging_mixin.py:188} INFO - [2024-06-30T03:50:44.973+0000] {dag.py:3954} INFO - Setting next_dagrun for example_task_group_decorator to 2024-06-29 00:00:00+00:00, run_after=2024-06-30 00:00:00+00:00
[2024-06-30T03:50:45.029+0000] {processor.py:183} INFO - Processing /home/airflow/.local/lib/python3.12/site-packages/airflow/example_dags/example_task_group_decorator.py took 0.243 seconds
[2024-06-30T03:51:16.109+0000] {processor.py:161} INFO - Started process (PID=216) to work on /home/airflow/.local/lib/python3.12/site-packages/airflow/example_dags/example_task_group_decorator.py
[2024-06-30T03:51:16.139+0000] {processor.py:830} INFO - Processing file /home/airflow/.local/lib/python3.12/site-packages/airflow/example_dags/example_task_group_decorator.py for tasks to queue
[2024-06-30T03:51:16.155+0000] {logging_mixin.py:188} INFO - [2024-06-30T03:51:16.154+0000] {dagbag.py:545} INFO - Filling up the DagBag from /home/airflow/.local/lib/python3.12/site-packages/airflow/example_dags/example_task_group_decorator.py
[2024-06-30T03:51:16.294+0000] {processor.py:840} INFO - DAG(s) 'example_task_group_decorator' retrieved from /home/airflow/.local/lib/python3.12/site-packages/airflow/example_dags/example_task_group_decorator.py
[2024-06-30T03:51:16.413+0000] {logging_mixin.py:188} INFO - [2024-06-30T03:51:16.413+0000] {dag.py:3096} INFO - Sync 1 DAGs
[2024-06-30T03:51:16.497+0000] {logging_mixin.py:188} INFO - [2024-06-30T03:51:16.496+0000] {dag.py:3954} INFO - Setting next_dagrun for example_task_group_decorator to 2024-06-29 00:00:00+00:00, run_after=2024-06-30 00:00:00+00:00
[2024-06-30T03:51:16.554+0000] {processor.py:183} INFO - Processing /home/airflow/.local/lib/python3.12/site-packages/airflow/example_dags/example_task_group_decorator.py took 0.542 seconds
[2024-06-30T03:51:47.227+0000] {processor.py:161} INFO - Started process (PID=275) to work on /home/airflow/.local/lib/python3.12/site-packages/airflow/example_dags/example_task_group_decorator.py
[2024-06-30T03:51:47.230+0000] {processor.py:830} INFO - Processing file /home/airflow/.local/lib/python3.12/site-packages/airflow/example_dags/example_task_group_decorator.py for tasks to queue
[2024-06-30T03:51:47.236+0000] {logging_mixin.py:188} INFO - [2024-06-30T03:51:47.235+0000] {dagbag.py:545} INFO - Filling up the DagBag from /home/airflow/.local/lib/python3.12/site-packages/airflow/example_dags/example_task_group_decorator.py
[2024-06-30T03:51:47.305+0000] {processor.py:840} INFO - DAG(s) 'example_task_group_decorator' retrieved from /home/airflow/.local/lib/python3.12/site-packages/airflow/example_dags/example_task_group_decorator.py
[2024-06-30T03:51:47.450+0000] {logging_mixin.py:188} INFO - [2024-06-30T03:51:47.449+0000] {dag.py:3096} INFO - Sync 1 DAGs
[2024-06-30T03:51:47.535+0000] {logging_mixin.py:188} INFO - [2024-06-30T03:51:47.535+0000] {dag.py:3954} INFO - Setting next_dagrun for example_task_group_decorator to 2024-06-29 00:00:00+00:00, run_after=2024-06-30 00:00:00+00:00
[2024-06-30T03:51:47.605+0000] {processor.py:183} INFO - Processing /home/airflow/.local/lib/python3.12/site-packages/airflow/example_dags/example_task_group_decorator.py took 0.400 seconds
[2024-06-30T03:52:18.545+0000] {processor.py:161} INFO - Started process (PID=334) to work on /home/airflow/.local/lib/python3.12/site-packages/airflow/example_dags/example_task_group_decorator.py
[2024-06-30T03:52:18.549+0000] {processor.py:830} INFO - Processing file /home/airflow/.local/lib/python3.12/site-packages/airflow/example_dags/example_task_group_decorator.py for tasks to queue
[2024-06-30T03:52:18.555+0000] {logging_mixin.py:188} INFO - [2024-06-30T03:52:18.554+0000] {dagbag.py:545} INFO - Filling up the DagBag from /home/airflow/.local/lib/python3.12/site-packages/airflow/example_dags/example_task_group_decorator.py
[2024-06-30T03:52:18.587+0000] {processor.py:840} INFO - DAG(s) 'example_task_group_decorator' retrieved from /home/airflow/.local/lib/python3.12/site-packages/airflow/example_dags/example_task_group_decorator.py
[2024-06-30T03:52:18.653+0000] {logging_mixin.py:188} INFO - [2024-06-30T03:52:18.652+0000] {dag.py:3096} INFO - Sync 1 DAGs
[2024-06-30T03:52:18.709+0000] {logging_mixin.py:188} INFO - [2024-06-30T03:52:18.708+0000] {dag.py:3954} INFO - Setting next_dagrun for example_task_group_decorator to 2024-06-29 00:00:00+00:00, run_after=2024-06-30 00:00:00+00:00
[2024-06-30T03:52:18.849+0000] {processor.py:183} INFO - Processing /home/airflow/.local/lib/python3.12/site-packages/airflow/example_dags/example_task_group_decorator.py took 0.322 seconds
[2024-06-30T03:52:49.686+0000] {processor.py:161} INFO - Started process (PID=392) to work on /home/airflow/.local/lib/python3.12/site-packages/airflow/example_dags/example_task_group_decorator.py
[2024-06-30T03:52:49.690+0000] {processor.py:830} INFO - Processing file /home/airflow/.local/lib/python3.12/site-packages/airflow/example_dags/example_task_group_decorator.py for tasks to queue
[2024-06-30T03:52:49.699+0000] {logging_mixin.py:188} INFO - [2024-06-30T03:52:49.698+0000] {dagbag.py:545} INFO - Filling up the DagBag from /home/airflow/.local/lib/python3.12/site-packages/airflow/example_dags/example_task_group_decorator.py
[2024-06-30T03:52:49.742+0000] {processor.py:840} INFO - DAG(s) 'example_task_group_decorator' retrieved from /home/airflow/.local/lib/python3.12/site-packages/airflow/example_dags/example_task_group_decorator.py
[2024-06-30T03:52:49.817+0000] {logging_mixin.py:188} INFO - [2024-06-30T03:52:49.816+0000] {dag.py:3096} INFO - Sync 1 DAGs
[2024-06-30T03:52:49.872+0000] {logging_mixin.py:188} INFO - [2024-06-30T03:52:49.871+0000] {dag.py:3954} INFO - Setting next_dagrun for example_task_group_decorator to 2024-06-29 00:00:00+00:00, run_after=2024-06-30 00:00:00+00:00
[2024-06-30T03:52:49.984+0000] {processor.py:183} INFO - Processing /home/airflow/.local/lib/python3.12/site-packages/airflow/example_dags/example_task_group_decorator.py took 0.314 seconds
[2024-06-30T03:53:20.474+0000] {processor.py:161} INFO - Started process (PID=450) to work on /home/airflow/.local/lib/python3.12/site-packages/airflow/example_dags/example_task_group_decorator.py
[2024-06-30T03:53:20.478+0000] {processor.py:830} INFO - Processing file /home/airflow/.local/lib/python3.12/site-packages/airflow/example_dags/example_task_group_decorator.py for tasks to queue
[2024-06-30T03:53:20.484+0000] {logging_mixin.py:188} INFO - [2024-06-30T03:53:20.483+0000] {dagbag.py:545} INFO - Filling up the DagBag from /home/airflow/.local/lib/python3.12/site-packages/airflow/example_dags/example_task_group_decorator.py
[2024-06-30T03:53:20.528+0000] {processor.py:840} INFO - DAG(s) 'example_task_group_decorator' retrieved from /home/airflow/.local/lib/python3.12/site-packages/airflow/example_dags/example_task_group_decorator.py
[2024-06-30T03:53:20.590+0000] {logging_mixin.py:188} INFO - [2024-06-30T03:53:20.589+0000] {dag.py:3096} INFO - Sync 1 DAGs
[2024-06-30T03:53:20.659+0000] {logging_mixin.py:188} INFO - [2024-06-30T03:53:20.658+0000] {dag.py:3954} INFO - Setting next_dagrun for example_task_group_decorator to 2024-06-29 00:00:00+00:00, run_after=2024-06-30 00:00:00+00:00
[2024-06-30T03:53:20.730+0000] {processor.py:183} INFO - Processing /home/airflow/.local/lib/python3.12/site-packages/airflow/example_dags/example_task_group_decorator.py took 0.271 seconds
[2024-06-30T03:53:52.234+0000] {processor.py:161} INFO - Started process (PID=508) to work on /home/airflow/.local/lib/python3.12/site-packages/airflow/example_dags/example_task_group_decorator.py
[2024-06-30T03:53:52.238+0000] {processor.py:830} INFO - Processing file /home/airflow/.local/lib/python3.12/site-packages/airflow/example_dags/example_task_group_decorator.py for tasks to queue
[2024-06-30T03:53:52.244+0000] {logging_mixin.py:188} INFO - [2024-06-30T03:53:52.243+0000] {dagbag.py:545} INFO - Filling up the DagBag from /home/airflow/.local/lib/python3.12/site-packages/airflow/example_dags/example_task_group_decorator.py
[2024-06-30T03:53:52.290+0000] {processor.py:840} INFO - DAG(s) 'example_task_group_decorator' retrieved from /home/airflow/.local/lib/python3.12/site-packages/airflow/example_dags/example_task_group_decorator.py
[2024-06-30T03:53:52.532+0000] {logging_mixin.py:188} INFO - [2024-06-30T03:53:52.528+0000] {dag.py:3096} INFO - Sync 1 DAGs
[2024-06-30T03:53:52.824+0000] {logging_mixin.py:188} INFO - [2024-06-30T03:53:52.824+0000] {dag.py:3954} INFO - Setting next_dagrun for example_task_group_decorator to 2024-06-29 00:00:00+00:00, run_after=2024-06-30 00:00:00+00:00
[2024-06-30T03:53:53.160+0000] {processor.py:183} INFO - Processing /home/airflow/.local/lib/python3.12/site-packages/airflow/example_dags/example_task_group_decorator.py took 0.945 seconds
[2024-06-30T03:54:23.418+0000] {processor.py:161} INFO - Started process (PID=566) to work on /home/airflow/.local/lib/python3.12/site-packages/airflow/example_dags/example_task_group_decorator.py
[2024-06-30T03:54:23.421+0000] {processor.py:830} INFO - Processing file /home/airflow/.local/lib/python3.12/site-packages/airflow/example_dags/example_task_group_decorator.py for tasks to queue
[2024-06-30T03:54:23.427+0000] {logging_mixin.py:188} INFO - [2024-06-30T03:54:23.426+0000] {dagbag.py:545} INFO - Filling up the DagBag from /home/airflow/.local/lib/python3.12/site-packages/airflow/example_dags/example_task_group_decorator.py
[2024-06-30T03:54:23.475+0000] {processor.py:840} INFO - DAG(s) 'example_task_group_decorator' retrieved from /home/airflow/.local/lib/python3.12/site-packages/airflow/example_dags/example_task_group_decorator.py
[2024-06-30T03:54:23.733+0000] {logging_mixin.py:188} INFO - [2024-06-30T03:54:23.732+0000] {dag.py:3096} INFO - Sync 1 DAGs
[2024-06-30T03:54:23.832+0000] {logging_mixin.py:188} INFO - [2024-06-30T03:54:23.831+0000] {dag.py:3954} INFO - Setting next_dagrun for example_task_group_decorator to 2024-06-29 00:00:00+00:00, run_after=2024-06-30 00:00:00+00:00
[2024-06-30T03:54:23.988+0000] {processor.py:183} INFO - Processing /home/airflow/.local/lib/python3.12/site-packages/airflow/example_dags/example_task_group_decorator.py took 0.585 seconds
[2024-06-30T03:54:54.186+0000] {processor.py:161} INFO - Started process (PID=623) to work on /home/airflow/.local/lib/python3.12/site-packages/airflow/example_dags/example_task_group_decorator.py
[2024-06-30T03:54:54.189+0000] {processor.py:830} INFO - Processing file /home/airflow/.local/lib/python3.12/site-packages/airflow/example_dags/example_task_group_decorator.py for tasks to queue
[2024-06-30T03:54:54.195+0000] {logging_mixin.py:188} INFO - [2024-06-30T03:54:54.194+0000] {dagbag.py:545} INFO - Filling up the DagBag from /home/airflow/.local/lib/python3.12/site-packages/airflow/example_dags/example_task_group_decorator.py
[2024-06-30T03:54:54.243+0000] {processor.py:840} INFO - DAG(s) 'example_task_group_decorator' retrieved from /home/airflow/.local/lib/python3.12/site-packages/airflow/example_dags/example_task_group_decorator.py
[2024-06-30T03:54:54.350+0000] {logging_mixin.py:188} INFO - [2024-06-30T03:54:54.349+0000] {dag.py:3096} INFO - Sync 1 DAGs
[2024-06-30T03:54:54.427+0000] {logging_mixin.py:188} INFO - [2024-06-30T03:54:54.427+0000] {dag.py:3954} INFO - Setting next_dagrun for example_task_group_decorator to 2024-06-29 00:00:00+00:00, run_after=2024-06-30 00:00:00+00:00
[2024-06-30T03:54:54.485+0000] {processor.py:183} INFO - Processing /home/airflow/.local/lib/python3.12/site-packages/airflow/example_dags/example_task_group_decorator.py took 0.311 seconds
[2024-06-30T03:55:24.948+0000] {processor.py:161} INFO - Started process (PID=678) to work on /home/airflow/.local/lib/python3.12/site-packages/airflow/example_dags/example_task_group_decorator.py
[2024-06-30T03:55:24.951+0000] {processor.py:830} INFO - Processing file /home/airflow/.local/lib/python3.12/site-packages/airflow/example_dags/example_task_group_decorator.py for tasks to queue
[2024-06-30T03:55:24.967+0000] {logging_mixin.py:188} INFO - [2024-06-30T03:55:24.966+0000] {dagbag.py:545} INFO - Filling up the DagBag from /home/airflow/.local/lib/python3.12/site-packages/airflow/example_dags/example_task_group_decorator.py
[2024-06-30T03:55:25.099+0000] {processor.py:840} INFO - DAG(s) 'example_task_group_decorator' retrieved from /home/airflow/.local/lib/python3.12/site-packages/airflow/example_dags/example_task_group_decorator.py
[2024-06-30T03:55:25.232+0000] {logging_mixin.py:188} INFO - [2024-06-30T03:55:25.231+0000] {dag.py:3096} INFO - Sync 1 DAGs
[2024-06-30T03:55:25.380+0000] {logging_mixin.py:188} INFO - [2024-06-30T03:55:25.379+0000] {dag.py:3954} INFO - Setting next_dagrun for example_task_group_decorator to 2024-06-29 00:00:00+00:00, run_after=2024-06-30 00:00:00+00:00
[2024-06-30T03:55:25.591+0000] {processor.py:183} INFO - Processing /home/airflow/.local/lib/python3.12/site-packages/airflow/example_dags/example_task_group_decorator.py took 0.681 seconds
[2024-06-30T03:56:04.300+0000] {processor.py:161} INFO - Started process (PID=735) to work on /home/airflow/.local/lib/python3.12/site-packages/airflow/example_dags/example_task_group_decorator.py
[2024-06-30T03:56:04.329+0000] {processor.py:830} INFO - Processing file /home/airflow/.local/lib/python3.12/site-packages/airflow/example_dags/example_task_group_decorator.py for tasks to queue
[2024-06-30T03:56:04.337+0000] {logging_mixin.py:188} INFO - [2024-06-30T03:56:04.336+0000] {dagbag.py:545} INFO - Filling up the DagBag from /home/airflow/.local/lib/python3.12/site-packages/airflow/example_dags/example_task_group_decorator.py
[2024-06-30T03:56:04.593+0000] {processor.py:840} INFO - DAG(s) 'example_task_group_decorator' retrieved from /home/airflow/.local/lib/python3.12/site-packages/airflow/example_dags/example_task_group_decorator.py
[2024-06-30T03:56:04.886+0000] {logging_mixin.py:188} INFO - [2024-06-30T03:56:04.884+0000] {dag.py:3096} INFO - Sync 1 DAGs
[2024-06-30T03:56:05.163+0000] {logging_mixin.py:188} INFO - [2024-06-30T03:56:05.163+0000] {dag.py:3954} INFO - Setting next_dagrun for example_task_group_decorator to 2024-06-29 00:00:00+00:00, run_after=2024-06-30 00:00:00+00:00
[2024-06-30T03:56:05.284+0000] {processor.py:183} INFO - Processing /home/airflow/.local/lib/python3.12/site-packages/airflow/example_dags/example_task_group_decorator.py took 1.005 seconds
[2024-06-30T03:56:35.897+0000] {processor.py:161} INFO - Started process (PID=791) to work on /home/airflow/.local/lib/python3.12/site-packages/airflow/example_dags/example_task_group_decorator.py
[2024-06-30T03:56:35.902+0000] {processor.py:830} INFO - Processing file /home/airflow/.local/lib/python3.12/site-packages/airflow/example_dags/example_task_group_decorator.py for tasks to queue
[2024-06-30T03:56:35.907+0000] {logging_mixin.py:188} INFO - [2024-06-30T03:56:35.906+0000] {dagbag.py:545} INFO - Filling up the DagBag from /home/airflow/.local/lib/python3.12/site-packages/airflow/example_dags/example_task_group_decorator.py
[2024-06-30T03:56:35.963+0000] {processor.py:840} INFO - DAG(s) 'example_task_group_decorator' retrieved from /home/airflow/.local/lib/python3.12/site-packages/airflow/example_dags/example_task_group_decorator.py
[2024-06-30T03:56:36.078+0000] {logging_mixin.py:188} INFO - [2024-06-30T03:56:36.068+0000] {dag.py:3096} INFO - Sync 1 DAGs
[2024-06-30T03:56:36.170+0000] {logging_mixin.py:188} INFO - [2024-06-30T03:56:36.167+0000] {dag.py:3954} INFO - Setting next_dagrun for example_task_group_decorator to 2024-06-29 00:00:00+00:00, run_after=2024-06-30 00:00:00+00:00
[2024-06-30T03:56:36.299+0000] {processor.py:183} INFO - Processing /home/airflow/.local/lib/python3.12/site-packages/airflow/example_dags/example_task_group_decorator.py took 0.419 seconds
[2024-06-30T03:57:07.177+0000] {processor.py:161} INFO - Started process (PID=849) to work on /home/airflow/.local/lib/python3.12/site-packages/airflow/example_dags/example_task_group_decorator.py
[2024-06-30T03:57:07.180+0000] {processor.py:830} INFO - Processing file /home/airflow/.local/lib/python3.12/site-packages/airflow/example_dags/example_task_group_decorator.py for tasks to queue
[2024-06-30T03:57:07.183+0000] {logging_mixin.py:188} INFO - [2024-06-30T03:57:07.183+0000] {dagbag.py:545} INFO - Filling up the DagBag from /home/airflow/.local/lib/python3.12/site-packages/airflow/example_dags/example_task_group_decorator.py
[2024-06-30T03:57:07.258+0000] {processor.py:840} INFO - DAG(s) 'example_task_group_decorator' retrieved from /home/airflow/.local/lib/python3.12/site-packages/airflow/example_dags/example_task_group_decorator.py
[2024-06-30T03:57:07.393+0000] {logging_mixin.py:188} INFO - [2024-06-30T03:57:07.393+0000] {dag.py:3096} INFO - Sync 1 DAGs
[2024-06-30T03:57:07.514+0000] {logging_mixin.py:188} INFO - [2024-06-30T03:57:07.514+0000] {dag.py:3954} INFO - Setting next_dagrun for example_task_group_decorator to 2024-06-29 00:00:00+00:00, run_after=2024-06-30 00:00:00+00:00
[2024-06-30T03:57:07.691+0000] {processor.py:183} INFO - Processing /home/airflow/.local/lib/python3.12/site-packages/airflow/example_dags/example_task_group_decorator.py took 0.534 seconds
[2024-06-30T03:57:38.700+0000] {processor.py:161} INFO - Started process (PID=907) to work on /home/airflow/.local/lib/python3.12/site-packages/airflow/example_dags/example_task_group_decorator.py
[2024-06-30T03:57:38.805+0000] {processor.py:830} INFO - Processing file /home/airflow/.local/lib/python3.12/site-packages/airflow/example_dags/example_task_group_decorator.py for tasks to queue
[2024-06-30T03:57:38.866+0000] {logging_mixin.py:188} INFO - [2024-06-30T03:57:38.865+0000] {dagbag.py:545} INFO - Filling up the DagBag from /home/airflow/.local/lib/python3.12/site-packages/airflow/example_dags/example_task_group_decorator.py
[2024-06-30T03:57:38.962+0000] {processor.py:840} INFO - DAG(s) 'example_task_group_decorator' retrieved from /home/airflow/.local/lib/python3.12/site-packages/airflow/example_dags/example_task_group_decorator.py
[2024-06-30T03:57:39.118+0000] {logging_mixin.py:188} INFO - [2024-06-30T03:57:39.118+0000] {dag.py:3096} INFO - Sync 1 DAGs
[2024-06-30T03:57:39.227+0000] {logging_mixin.py:188} INFO - [2024-06-30T03:57:39.226+0000] {dag.py:3954} INFO - Setting next_dagrun for example_task_group_decorator to 2024-06-29 00:00:00+00:00, run_after=2024-06-30 00:00:00+00:00
[2024-06-30T03:57:39.302+0000] {processor.py:183} INFO - Processing /home/airflow/.local/lib/python3.12/site-packages/airflow/example_dags/example_task_group_decorator.py took 0.620 seconds
[2024-06-30T03:58:09.978+0000] {processor.py:161} INFO - Started process (PID=965) to work on /home/airflow/.local/lib/python3.12/site-packages/airflow/example_dags/example_task_group_decorator.py
[2024-06-30T03:58:09.991+0000] {processor.py:830} INFO - Processing file /home/airflow/.local/lib/python3.12/site-packages/airflow/example_dags/example_task_group_decorator.py for tasks to queue
[2024-06-30T03:58:10.000+0000] {logging_mixin.py:188} INFO - [2024-06-30T03:58:09.996+0000] {dagbag.py:545} INFO - Filling up the DagBag from /home/airflow/.local/lib/python3.12/site-packages/airflow/example_dags/example_task_group_decorator.py
[2024-06-30T03:58:10.063+0000] {processor.py:840} INFO - DAG(s) 'example_task_group_decorator' retrieved from /home/airflow/.local/lib/python3.12/site-packages/airflow/example_dags/example_task_group_decorator.py
[2024-06-30T03:58:10.226+0000] {logging_mixin.py:188} INFO - [2024-06-30T03:58:10.225+0000] {dag.py:3096} INFO - Sync 1 DAGs
[2024-06-30T03:58:10.404+0000] {logging_mixin.py:188} INFO - [2024-06-30T03:58:10.403+0000] {dag.py:3954} INFO - Setting next_dagrun for example_task_group_decorator to 2024-06-29 00:00:00+00:00, run_after=2024-06-30 00:00:00+00:00
[2024-06-30T03:58:10.636+0000] {processor.py:183} INFO - Processing /home/airflow/.local/lib/python3.12/site-packages/airflow/example_dags/example_task_group_decorator.py took 0.689 seconds
[2024-06-30T03:58:41.455+0000] {processor.py:161} INFO - Started process (PID=1023) to work on /home/airflow/.local/lib/python3.12/site-packages/airflow/example_dags/example_task_group_decorator.py
[2024-06-30T03:58:41.458+0000] {processor.py:830} INFO - Processing file /home/airflow/.local/lib/python3.12/site-packages/airflow/example_dags/example_task_group_decorator.py for tasks to queue
[2024-06-30T03:58:41.463+0000] {logging_mixin.py:188} INFO - [2024-06-30T03:58:41.462+0000] {dagbag.py:545} INFO - Filling up the DagBag from /home/airflow/.local/lib/python3.12/site-packages/airflow/example_dags/example_task_group_decorator.py
[2024-06-30T03:58:41.514+0000] {processor.py:840} INFO - DAG(s) 'example_task_group_decorator' retrieved from /home/airflow/.local/lib/python3.12/site-packages/airflow/example_dags/example_task_group_decorator.py
[2024-06-30T03:58:41.578+0000] {logging_mixin.py:188} INFO - [2024-06-30T03:58:41.577+0000] {dag.py:3096} INFO - Sync 1 DAGs
[2024-06-30T03:58:41.634+0000] {logging_mixin.py:188} INFO - [2024-06-30T03:58:41.633+0000] {dag.py:3954} INFO - Setting next_dagrun for example_task_group_decorator to 2024-06-29 00:00:00+00:00, run_after=2024-06-30 00:00:00+00:00
[2024-06-30T03:58:41.687+0000] {processor.py:183} INFO - Processing /home/airflow/.local/lib/python3.12/site-packages/airflow/example_dags/example_task_group_decorator.py took 0.247 seconds
[2024-06-30T03:59:11.974+0000] {processor.py:161} INFO - Started process (PID=1081) to work on /home/airflow/.local/lib/python3.12/site-packages/airflow/example_dags/example_task_group_decorator.py
[2024-06-30T03:59:11.994+0000] {processor.py:830} INFO - Processing file /home/airflow/.local/lib/python3.12/site-packages/airflow/example_dags/example_task_group_decorator.py for tasks to queue
[2024-06-30T03:59:12.003+0000] {logging_mixin.py:188} INFO - [2024-06-30T03:59:12.002+0000] {dagbag.py:545} INFO - Filling up the DagBag from /home/airflow/.local/lib/python3.12/site-packages/airflow/example_dags/example_task_group_decorator.py
[2024-06-30T03:59:12.112+0000] {processor.py:840} INFO - DAG(s) 'example_task_group_decorator' retrieved from /home/airflow/.local/lib/python3.12/site-packages/airflow/example_dags/example_task_group_decorator.py
[2024-06-30T03:59:12.281+0000] {logging_mixin.py:188} INFO - [2024-06-30T03:59:12.280+0000] {dag.py:3096} INFO - Sync 1 DAGs
[2024-06-30T03:59:12.399+0000] {logging_mixin.py:188} INFO - [2024-06-30T03:59:12.398+0000] {dag.py:3954} INFO - Setting next_dagrun for example_task_group_decorator to 2024-06-29 00:00:00+00:00, run_after=2024-06-30 00:00:00+00:00
[2024-06-30T03:59:12.574+0000] {processor.py:183} INFO - Processing /home/airflow/.local/lib/python3.12/site-packages/airflow/example_dags/example_task_group_decorator.py took 0.636 seconds
[2024-06-30T03:59:44.165+0000] {processor.py:161} INFO - Started process (PID=1141) to work on /home/airflow/.local/lib/python3.12/site-packages/airflow/example_dags/example_task_group_decorator.py
[2024-06-30T03:59:44.167+0000] {processor.py:830} INFO - Processing file /home/airflow/.local/lib/python3.12/site-packages/airflow/example_dags/example_task_group_decorator.py for tasks to queue
[2024-06-30T03:59:44.179+0000] {logging_mixin.py:188} INFO - [2024-06-30T03:59:44.177+0000] {dagbag.py:545} INFO - Filling up the DagBag from /home/airflow/.local/lib/python3.12/site-packages/airflow/example_dags/example_task_group_decorator.py
[2024-06-30T03:59:44.238+0000] {processor.py:840} INFO - DAG(s) 'example_task_group_decorator' retrieved from /home/airflow/.local/lib/python3.12/site-packages/airflow/example_dags/example_task_group_decorator.py
[2024-06-30T03:59:44.387+0000] {logging_mixin.py:188} INFO - [2024-06-30T03:59:44.385+0000] {dag.py:3096} INFO - Sync 1 DAGs
[2024-06-30T03:59:44.636+0000] {logging_mixin.py:188} INFO - [2024-06-30T03:59:44.636+0000] {dag.py:3954} INFO - Setting next_dagrun for example_task_group_decorator to 2024-06-29 00:00:00+00:00, run_after=2024-06-30 00:00:00+00:00
[2024-06-30T03:59:44.815+0000] {processor.py:183} INFO - Processing /home/airflow/.local/lib/python3.12/site-packages/airflow/example_dags/example_task_group_decorator.py took 0.672 seconds
[2024-06-30T04:00:15.734+0000] {processor.py:161} INFO - Started process (PID=1199) to work on /home/airflow/.local/lib/python3.12/site-packages/airflow/example_dags/example_task_group_decorator.py
[2024-06-30T04:00:15.738+0000] {processor.py:830} INFO - Processing file /home/airflow/.local/lib/python3.12/site-packages/airflow/example_dags/example_task_group_decorator.py for tasks to queue
[2024-06-30T04:00:15.746+0000] {logging_mixin.py:188} INFO - [2024-06-30T04:00:15.745+0000] {dagbag.py:545} INFO - Filling up the DagBag from /home/airflow/.local/lib/python3.12/site-packages/airflow/example_dags/example_task_group_decorator.py
[2024-06-30T04:00:15.788+0000] {processor.py:840} INFO - DAG(s) 'example_task_group_decorator' retrieved from /home/airflow/.local/lib/python3.12/site-packages/airflow/example_dags/example_task_group_decorator.py
[2024-06-30T04:00:15.853+0000] {logging_mixin.py:188} INFO - [2024-06-30T04:00:15.852+0000] {dag.py:3096} INFO - Sync 1 DAGs
[2024-06-30T04:00:15.906+0000] {logging_mixin.py:188} INFO - [2024-06-30T04:00:15.906+0000] {dag.py:3954} INFO - Setting next_dagrun for example_task_group_decorator to 2024-06-29 00:00:00+00:00, run_after=2024-06-30 00:00:00+00:00
[2024-06-30T04:00:15.955+0000] {processor.py:183} INFO - Processing /home/airflow/.local/lib/python3.12/site-packages/airflow/example_dags/example_task_group_decorator.py took 0.235 seconds
[2024-06-30T04:00:46.306+0000] {processor.py:161} INFO - Started process (PID=1258) to work on /home/airflow/.local/lib/python3.12/site-packages/airflow/example_dags/example_task_group_decorator.py
[2024-06-30T04:00:46.308+0000] {processor.py:830} INFO - Processing file /home/airflow/.local/lib/python3.12/site-packages/airflow/example_dags/example_task_group_decorator.py for tasks to queue
[2024-06-30T04:00:46.312+0000] {logging_mixin.py:188} INFO - [2024-06-30T04:00:46.311+0000] {dagbag.py:545} INFO - Filling up the DagBag from /home/airflow/.local/lib/python3.12/site-packages/airflow/example_dags/example_task_group_decorator.py
[2024-06-30T04:00:46.352+0000] {processor.py:840} INFO - DAG(s) 'example_task_group_decorator' retrieved from /home/airflow/.local/lib/python3.12/site-packages/airflow/example_dags/example_task_group_decorator.py
[2024-06-30T04:00:46.432+0000] {logging_mixin.py:188} INFO - [2024-06-30T04:00:46.431+0000] {dag.py:3096} INFO - Sync 1 DAGs
[2024-06-30T04:00:46.513+0000] {logging_mixin.py:188} INFO - [2024-06-30T04:00:46.512+0000] {dag.py:3954} INFO - Setting next_dagrun for example_task_group_decorator to 2024-06-29 00:00:00+00:00, run_after=2024-06-30 00:00:00+00:00
[2024-06-30T04:00:46.585+0000] {processor.py:183} INFO - Processing /home/airflow/.local/lib/python3.12/site-packages/airflow/example_dags/example_task_group_decorator.py took 0.299 seconds
[2024-06-30T04:01:17.059+0000] {processor.py:161} INFO - Started process (PID=1316) to work on /home/airflow/.local/lib/python3.12/site-packages/airflow/example_dags/example_task_group_decorator.py
[2024-06-30T04:01:17.068+0000] {processor.py:830} INFO - Processing file /home/airflow/.local/lib/python3.12/site-packages/airflow/example_dags/example_task_group_decorator.py for tasks to queue
[2024-06-30T04:01:17.076+0000] {logging_mixin.py:188} INFO - [2024-06-30T04:01:17.075+0000] {dagbag.py:545} INFO - Filling up the DagBag from /home/airflow/.local/lib/python3.12/site-packages/airflow/example_dags/example_task_group_decorator.py
[2024-06-30T04:01:17.155+0000] {processor.py:840} INFO - DAG(s) 'example_task_group_decorator' retrieved from /home/airflow/.local/lib/python3.12/site-packages/airflow/example_dags/example_task_group_decorator.py
[2024-06-30T04:01:17.279+0000] {logging_mixin.py:188} INFO - [2024-06-30T04:01:17.278+0000] {dag.py:3096} INFO - Sync 1 DAGs
[2024-06-30T04:01:17.356+0000] {logging_mixin.py:188} INFO - [2024-06-30T04:01:17.355+0000] {dag.py:3954} INFO - Setting next_dagrun for example_task_group_decorator to 2024-06-29 00:00:00+00:00, run_after=2024-06-30 00:00:00+00:00
[2024-06-30T04:01:17.492+0000] {processor.py:183} INFO - Processing /home/airflow/.local/lib/python3.12/site-packages/airflow/example_dags/example_task_group_decorator.py took 0.469 seconds
[2024-06-30T04:01:47.692+0000] {processor.py:161} INFO - Started process (PID=1373) to work on /home/airflow/.local/lib/python3.12/site-packages/airflow/example_dags/example_task_group_decorator.py
[2024-06-30T04:01:47.695+0000] {processor.py:830} INFO - Processing file /home/airflow/.local/lib/python3.12/site-packages/airflow/example_dags/example_task_group_decorator.py for tasks to queue
[2024-06-30T04:01:47.705+0000] {logging_mixin.py:188} INFO - [2024-06-30T04:01:47.704+0000] {dagbag.py:545} INFO - Filling up the DagBag from /home/airflow/.local/lib/python3.12/site-packages/airflow/example_dags/example_task_group_decorator.py
[2024-06-30T04:01:47.787+0000] {processor.py:840} INFO - DAG(s) 'example_task_group_decorator' retrieved from /home/airflow/.local/lib/python3.12/site-packages/airflow/example_dags/example_task_group_decorator.py
[2024-06-30T04:01:47.937+0000] {logging_mixin.py:188} INFO - [2024-06-30T04:01:47.936+0000] {dag.py:3096} INFO - Sync 1 DAGs
[2024-06-30T04:01:48.065+0000] {logging_mixin.py:188} INFO - [2024-06-30T04:01:48.050+0000] {dag.py:3954} INFO - Setting next_dagrun for example_task_group_decorator to 2024-06-29 00:00:00+00:00, run_after=2024-06-30 00:00:00+00:00
[2024-06-30T04:01:48.209+0000] {processor.py:183} INFO - Processing /home/airflow/.local/lib/python3.12/site-packages/airflow/example_dags/example_task_group_decorator.py took 0.546 seconds
[2024-06-30T04:02:19.479+0000] {processor.py:161} INFO - Started process (PID=1431) to work on /home/airflow/.local/lib/python3.12/site-packages/airflow/example_dags/example_task_group_decorator.py
[2024-06-30T04:02:19.480+0000] {processor.py:830} INFO - Processing file /home/airflow/.local/lib/python3.12/site-packages/airflow/example_dags/example_task_group_decorator.py for tasks to queue
[2024-06-30T04:02:19.483+0000] {logging_mixin.py:188} INFO - [2024-06-30T04:02:19.482+0000] {dagbag.py:545} INFO - Filling up the DagBag from /home/airflow/.local/lib/python3.12/site-packages/airflow/example_dags/example_task_group_decorator.py
[2024-06-30T04:02:19.525+0000] {processor.py:840} INFO - DAG(s) 'example_task_group_decorator' retrieved from /home/airflow/.local/lib/python3.12/site-packages/airflow/example_dags/example_task_group_decorator.py
[2024-06-30T04:02:19.609+0000] {logging_mixin.py:188} INFO - [2024-06-30T04:02:19.609+0000] {dag.py:3096} INFO - Sync 1 DAGs
[2024-06-30T04:02:19.665+0000] {logging_mixin.py:188} INFO - [2024-06-30T04:02:19.664+0000] {dag.py:3954} INFO - Setting next_dagrun for example_task_group_decorator to 2024-06-29 00:00:00+00:00, run_after=2024-06-30 00:00:00+00:00
[2024-06-30T04:02:19.765+0000] {processor.py:183} INFO - Processing /home/airflow/.local/lib/python3.12/site-packages/airflow/example_dags/example_task_group_decorator.py took 0.302 seconds
[2024-06-30T04:02:50.354+0000] {processor.py:161} INFO - Started process (PID=1488) to work on /home/airflow/.local/lib/python3.12/site-packages/airflow/example_dags/example_task_group_decorator.py
[2024-06-30T04:02:50.361+0000] {processor.py:830} INFO - Processing file /home/airflow/.local/lib/python3.12/site-packages/airflow/example_dags/example_task_group_decorator.py for tasks to queue
[2024-06-30T04:02:50.367+0000] {logging_mixin.py:188} INFO - [2024-06-30T04:02:50.366+0000] {dagbag.py:545} INFO - Filling up the DagBag from /home/airflow/.local/lib/python3.12/site-packages/airflow/example_dags/example_task_group_decorator.py
[2024-06-30T04:02:50.457+0000] {processor.py:840} INFO - DAG(s) 'example_task_group_decorator' retrieved from /home/airflow/.local/lib/python3.12/site-packages/airflow/example_dags/example_task_group_decorator.py
[2024-06-30T04:02:50.632+0000] {logging_mixin.py:188} INFO - [2024-06-30T04:02:50.631+0000] {dag.py:3096} INFO - Sync 1 DAGs
[2024-06-30T04:02:50.870+0000] {logging_mixin.py:188} INFO - [2024-06-30T04:02:50.869+0000] {dag.py:3954} INFO - Setting next_dagrun for example_task_group_decorator to 2024-06-29 00:00:00+00:00, run_after=2024-06-30 00:00:00+00:00
[2024-06-30T04:02:51.074+0000] {processor.py:183} INFO - Processing /home/airflow/.local/lib/python3.12/site-packages/airflow/example_dags/example_task_group_decorator.py took 0.739 seconds
[2024-06-30T04:03:21.478+0000] {processor.py:161} INFO - Started process (PID=1546) to work on /home/airflow/.local/lib/python3.12/site-packages/airflow/example_dags/example_task_group_decorator.py
[2024-06-30T04:03:21.482+0000] {processor.py:830} INFO - Processing file /home/airflow/.local/lib/python3.12/site-packages/airflow/example_dags/example_task_group_decorator.py for tasks to queue
[2024-06-30T04:03:21.492+0000] {logging_mixin.py:188} INFO - [2024-06-30T04:03:21.491+0000] {dagbag.py:545} INFO - Filling up the DagBag from /home/airflow/.local/lib/python3.12/site-packages/airflow/example_dags/example_task_group_decorator.py
[2024-06-30T04:03:21.597+0000] {processor.py:840} INFO - DAG(s) 'example_task_group_decorator' retrieved from /home/airflow/.local/lib/python3.12/site-packages/airflow/example_dags/example_task_group_decorator.py
[2024-06-30T04:03:21.740+0000] {logging_mixin.py:188} INFO - [2024-06-30T04:03:21.740+0000] {dag.py:3096} INFO - Sync 1 DAGs
[2024-06-30T04:03:21.868+0000] {logging_mixin.py:188} INFO - [2024-06-30T04:03:21.867+0000] {dag.py:3954} INFO - Setting next_dagrun for example_task_group_decorator to 2024-06-29 00:00:00+00:00, run_after=2024-06-30 00:00:00+00:00
[2024-06-30T04:03:21.956+0000] {processor.py:183} INFO - Processing /home/airflow/.local/lib/python3.12/site-packages/airflow/example_dags/example_task_group_decorator.py took 0.498 seconds
[2024-06-30T04:03:52.918+0000] {processor.py:161} INFO - Started process (PID=1603) to work on /home/airflow/.local/lib/python3.12/site-packages/airflow/example_dags/example_task_group_decorator.py
[2024-06-30T04:03:52.925+0000] {processor.py:830} INFO - Processing file /home/airflow/.local/lib/python3.12/site-packages/airflow/example_dags/example_task_group_decorator.py for tasks to queue
[2024-06-30T04:03:52.930+0000] {logging_mixin.py:188} INFO - [2024-06-30T04:03:52.929+0000] {dagbag.py:545} INFO - Filling up the DagBag from /home/airflow/.local/lib/python3.12/site-packages/airflow/example_dags/example_task_group_decorator.py
[2024-06-30T04:03:53.029+0000] {processor.py:840} INFO - DAG(s) 'example_task_group_decorator' retrieved from /home/airflow/.local/lib/python3.12/site-packages/airflow/example_dags/example_task_group_decorator.py
[2024-06-30T04:03:53.207+0000] {logging_mixin.py:188} INFO - [2024-06-30T04:03:53.206+0000] {dag.py:3096} INFO - Sync 1 DAGs
[2024-06-30T04:03:53.380+0000] {logging_mixin.py:188} INFO - [2024-06-30T04:03:53.380+0000] {dag.py:3954} INFO - Setting next_dagrun for example_task_group_decorator to 2024-06-29 00:00:00+00:00, run_after=2024-06-30 00:00:00+00:00
[2024-06-30T04:03:53.533+0000] {processor.py:183} INFO - Processing /home/airflow/.local/lib/python3.12/site-packages/airflow/example_dags/example_task_group_decorator.py took 0.635 seconds
[2024-06-30T04:04:27.216+0000] {processor.py:161} INFO - Started process (PID=1661) to work on /home/airflow/.local/lib/python3.12/site-packages/airflow/example_dags/example_task_group_decorator.py
[2024-06-30T04:04:27.219+0000] {processor.py:830} INFO - Processing file /home/airflow/.local/lib/python3.12/site-packages/airflow/example_dags/example_task_group_decorator.py for tasks to queue
[2024-06-30T04:04:27.225+0000] {logging_mixin.py:188} INFO - [2024-06-30T04:04:27.224+0000] {dagbag.py:545} INFO - Filling up the DagBag from /home/airflow/.local/lib/python3.12/site-packages/airflow/example_dags/example_task_group_decorator.py
[2024-06-30T04:04:27.376+0000] {processor.py:840} INFO - DAG(s) 'example_task_group_decorator' retrieved from /home/airflow/.local/lib/python3.12/site-packages/airflow/example_dags/example_task_group_decorator.py
[2024-06-30T04:04:27.524+0000] {logging_mixin.py:188} INFO - [2024-06-30T04:04:27.523+0000] {dag.py:3096} INFO - Sync 1 DAGs
[2024-06-30T04:04:27.673+0000] {logging_mixin.py:188} INFO - [2024-06-30T04:04:27.672+0000] {dag.py:3954} INFO - Setting next_dagrun for example_task_group_decorator to 2024-06-29 00:00:00+00:00, run_after=2024-06-30 00:00:00+00:00
[2024-06-30T04:04:27.844+0000] {processor.py:183} INFO - Processing /home/airflow/.local/lib/python3.12/site-packages/airflow/example_dags/example_task_group_decorator.py took 0.671 seconds
[2024-06-30T04:05:02.546+0000] {processor.py:161} INFO - Started process (PID=1724) to work on /home/airflow/.local/lib/python3.12/site-packages/airflow/example_dags/example_task_group_decorator.py
[2024-06-30T04:05:02.554+0000] {processor.py:830} INFO - Processing file /home/airflow/.local/lib/python3.12/site-packages/airflow/example_dags/example_task_group_decorator.py for tasks to queue
[2024-06-30T04:05:02.565+0000] {logging_mixin.py:188} INFO - [2024-06-30T04:05:02.564+0000] {dagbag.py:545} INFO - Filling up the DagBag from /home/airflow/.local/lib/python3.12/site-packages/airflow/example_dags/example_task_group_decorator.py
[2024-06-30T04:05:02.689+0000] {processor.py:840} INFO - DAG(s) 'example_task_group_decorator' retrieved from /home/airflow/.local/lib/python3.12/site-packages/airflow/example_dags/example_task_group_decorator.py
[2024-06-30T04:05:02.957+0000] {logging_mixin.py:188} INFO - [2024-06-30T04:05:02.956+0000] {dag.py:3096} INFO - Sync 1 DAGs
[2024-06-30T04:05:03.210+0000] {logging_mixin.py:188} INFO - [2024-06-30T04:05:03.209+0000] {dag.py:3954} INFO - Setting next_dagrun for example_task_group_decorator to 2024-06-29 00:00:00+00:00, run_after=2024-06-30 00:00:00+00:00
[2024-06-30T04:05:03.351+0000] {processor.py:183} INFO - Processing /home/airflow/.local/lib/python3.12/site-packages/airflow/example_dags/example_task_group_decorator.py took 0.825 seconds
[2024-06-30T04:05:33.449+0000] {processor.py:161} INFO - Started process (PID=1781) to work on /home/airflow/.local/lib/python3.12/site-packages/airflow/example_dags/example_task_group_decorator.py
[2024-06-30T04:05:33.452+0000] {processor.py:830} INFO - Processing file /home/airflow/.local/lib/python3.12/site-packages/airflow/example_dags/example_task_group_decorator.py for tasks to queue
[2024-06-30T04:05:33.459+0000] {logging_mixin.py:188} INFO - [2024-06-30T04:05:33.458+0000] {dagbag.py:545} INFO - Filling up the DagBag from /home/airflow/.local/lib/python3.12/site-packages/airflow/example_dags/example_task_group_decorator.py
[2024-06-30T04:05:33.490+0000] {processor.py:840} INFO - DAG(s) 'example_task_group_decorator' retrieved from /home/airflow/.local/lib/python3.12/site-packages/airflow/example_dags/example_task_group_decorator.py
[2024-06-30T04:05:33.549+0000] {logging_mixin.py:188} INFO - [2024-06-30T04:05:33.548+0000] {dag.py:3096} INFO - Sync 1 DAGs
[2024-06-30T04:05:34.027+0000] {logging_mixin.py:188} INFO - [2024-06-30T04:05:34.027+0000] {dag.py:3954} INFO - Setting next_dagrun for example_task_group_decorator to 2024-06-29 00:00:00+00:00, run_after=2024-06-30 00:00:00+00:00
[2024-06-30T04:05:34.181+0000] {processor.py:183} INFO - Processing /home/airflow/.local/lib/python3.12/site-packages/airflow/example_dags/example_task_group_decorator.py took 0.741 seconds
[2024-06-30T04:06:04.781+0000] {processor.py:161} INFO - Started process (PID=1839) to work on /home/airflow/.local/lib/python3.12/site-packages/airflow/example_dags/example_task_group_decorator.py
[2024-06-30T04:06:04.787+0000] {processor.py:830} INFO - Processing file /home/airflow/.local/lib/python3.12/site-packages/airflow/example_dags/example_task_group_decorator.py for tasks to queue
[2024-06-30T04:06:04.798+0000] {logging_mixin.py:188} INFO - [2024-06-30T04:06:04.797+0000] {dagbag.py:545} INFO - Filling up the DagBag from /home/airflow/.local/lib/python3.12/site-packages/airflow/example_dags/example_task_group_decorator.py
[2024-06-30T04:06:04.845+0000] {processor.py:840} INFO - DAG(s) 'example_task_group_decorator' retrieved from /home/airflow/.local/lib/python3.12/site-packages/airflow/example_dags/example_task_group_decorator.py
[2024-06-30T04:06:04.929+0000] {logging_mixin.py:188} INFO - [2024-06-30T04:06:04.929+0000] {dag.py:3096} INFO - Sync 1 DAGs
[2024-06-30T04:06:04.992+0000] {logging_mixin.py:188} INFO - [2024-06-30T04:06:04.992+0000] {dag.py:3954} INFO - Setting next_dagrun for example_task_group_decorator to 2024-06-29 00:00:00+00:00, run_after=2024-06-30 00:00:00+00:00
[2024-06-30T04:06:05.101+0000] {processor.py:183} INFO - Processing /home/airflow/.local/lib/python3.12/site-packages/airflow/example_dags/example_task_group_decorator.py took 0.348 seconds
[2024-06-30T04:06:35.881+0000] {processor.py:161} INFO - Started process (PID=1904) to work on /home/airflow/.local/lib/python3.12/site-packages/airflow/example_dags/example_task_group_decorator.py
[2024-06-30T04:06:35.909+0000] {processor.py:830} INFO - Processing file /home/airflow/.local/lib/python3.12/site-packages/airflow/example_dags/example_task_group_decorator.py for tasks to queue
[2024-06-30T04:06:35.921+0000] {logging_mixin.py:188} INFO - [2024-06-30T04:06:35.920+0000] {dagbag.py:545} INFO - Filling up the DagBag from /home/airflow/.local/lib/python3.12/site-packages/airflow/example_dags/example_task_group_decorator.py
[2024-06-30T04:06:36.004+0000] {processor.py:840} INFO - DAG(s) 'example_task_group_decorator' retrieved from /home/airflow/.local/lib/python3.12/site-packages/airflow/example_dags/example_task_group_decorator.py
[2024-06-30T04:06:36.192+0000] {logging_mixin.py:188} INFO - [2024-06-30T04:06:36.191+0000] {dag.py:3096} INFO - Sync 1 DAGs
[2024-06-30T04:06:36.363+0000] {logging_mixin.py:188} INFO - [2024-06-30T04:06:36.362+0000] {dag.py:3954} INFO - Setting next_dagrun for example_task_group_decorator to 2024-06-29 00:00:00+00:00, run_after=2024-06-30 00:00:00+00:00
[2024-06-30T04:06:36.482+0000] {processor.py:183} INFO - Processing /home/airflow/.local/lib/python3.12/site-packages/airflow/example_dags/example_task_group_decorator.py took 0.624 seconds
[2024-06-30T04:07:06.879+0000] {processor.py:161} INFO - Started process (PID=1962) to work on /home/airflow/.local/lib/python3.12/site-packages/airflow/example_dags/example_task_group_decorator.py
[2024-06-30T04:07:06.883+0000] {processor.py:830} INFO - Processing file /home/airflow/.local/lib/python3.12/site-packages/airflow/example_dags/example_task_group_decorator.py for tasks to queue
[2024-06-30T04:07:06.886+0000] {logging_mixin.py:188} INFO - [2024-06-30T04:07:06.886+0000] {dagbag.py:545} INFO - Filling up the DagBag from /home/airflow/.local/lib/python3.12/site-packages/airflow/example_dags/example_task_group_decorator.py
[2024-06-30T04:07:06.927+0000] {processor.py:840} INFO - DAG(s) 'example_task_group_decorator' retrieved from /home/airflow/.local/lib/python3.12/site-packages/airflow/example_dags/example_task_group_decorator.py
[2024-06-30T04:07:07.013+0000] {logging_mixin.py:188} INFO - [2024-06-30T04:07:07.012+0000] {dag.py:3096} INFO - Sync 1 DAGs
[2024-06-30T04:07:07.085+0000] {logging_mixin.py:188} INFO - [2024-06-30T04:07:07.084+0000] {dag.py:3954} INFO - Setting next_dagrun for example_task_group_decorator to 2024-06-29 00:00:00+00:00, run_after=2024-06-30 00:00:00+00:00
[2024-06-30T04:07:07.207+0000] {processor.py:183} INFO - Processing /home/airflow/.local/lib/python3.12/site-packages/airflow/example_dags/example_task_group_decorator.py took 0.337 seconds
[2024-06-30T04:07:37.578+0000] {processor.py:161} INFO - Started process (PID=2020) to work on /home/airflow/.local/lib/python3.12/site-packages/airflow/example_dags/example_task_group_decorator.py
[2024-06-30T04:07:37.581+0000] {processor.py:830} INFO - Processing file /home/airflow/.local/lib/python3.12/site-packages/airflow/example_dags/example_task_group_decorator.py for tasks to queue
[2024-06-30T04:07:37.589+0000] {logging_mixin.py:188} INFO - [2024-06-30T04:07:37.588+0000] {dagbag.py:545} INFO - Filling up the DagBag from /home/airflow/.local/lib/python3.12/site-packages/airflow/example_dags/example_task_group_decorator.py
[2024-06-30T04:07:37.635+0000] {processor.py:840} INFO - DAG(s) 'example_task_group_decorator' retrieved from /home/airflow/.local/lib/python3.12/site-packages/airflow/example_dags/example_task_group_decorator.py
[2024-06-30T04:07:37.698+0000] {logging_mixin.py:188} INFO - [2024-06-30T04:07:37.697+0000] {dag.py:3096} INFO - Sync 1 DAGs
[2024-06-30T04:07:37.778+0000] {logging_mixin.py:188} INFO - [2024-06-30T04:07:37.778+0000] {dag.py:3954} INFO - Setting next_dagrun for example_task_group_decorator to 2024-06-29 00:00:00+00:00, run_after=2024-06-30 00:00:00+00:00
[2024-06-30T04:07:37.838+0000] {processor.py:183} INFO - Processing /home/airflow/.local/lib/python3.12/site-packages/airflow/example_dags/example_task_group_decorator.py took 0.278 seconds
[2024-06-30T04:08:08.069+0000] {processor.py:161} INFO - Started process (PID=2078) to work on /home/airflow/.local/lib/python3.12/site-packages/airflow/example_dags/example_task_group_decorator.py
[2024-06-30T04:08:08.075+0000] {processor.py:830} INFO - Processing file /home/airflow/.local/lib/python3.12/site-packages/airflow/example_dags/example_task_group_decorator.py for tasks to queue
[2024-06-30T04:08:08.081+0000] {logging_mixin.py:188} INFO - [2024-06-30T04:08:08.079+0000] {dagbag.py:545} INFO - Filling up the DagBag from /home/airflow/.local/lib/python3.12/site-packages/airflow/example_dags/example_task_group_decorator.py
[2024-06-30T04:08:08.155+0000] {processor.py:840} INFO - DAG(s) 'example_task_group_decorator' retrieved from /home/airflow/.local/lib/python3.12/site-packages/airflow/example_dags/example_task_group_decorator.py
[2024-06-30T04:08:08.263+0000] {logging_mixin.py:188} INFO - [2024-06-30T04:08:08.262+0000] {dag.py:3096} INFO - Sync 1 DAGs
[2024-06-30T04:08:08.334+0000] {logging_mixin.py:188} INFO - [2024-06-30T04:08:08.334+0000] {dag.py:3954} INFO - Setting next_dagrun for example_task_group_decorator to 2024-06-29 00:00:00+00:00, run_after=2024-06-30 00:00:00+00:00
[2024-06-30T04:08:08.445+0000] {processor.py:183} INFO - Processing /home/airflow/.local/lib/python3.12/site-packages/airflow/example_dags/example_task_group_decorator.py took 0.394 seconds
[2024-06-30T04:08:39.067+0000] {processor.py:161} INFO - Started process (PID=2132) to work on /home/airflow/.local/lib/python3.12/site-packages/airflow/example_dags/example_task_group_decorator.py
[2024-06-30T04:08:39.148+0000] {processor.py:830} INFO - Processing file /home/airflow/.local/lib/python3.12/site-packages/airflow/example_dags/example_task_group_decorator.py for tasks to queue
[2024-06-30T04:08:39.181+0000] {logging_mixin.py:188} INFO - [2024-06-30T04:08:39.180+0000] {dagbag.py:545} INFO - Filling up the DagBag from /home/airflow/.local/lib/python3.12/site-packages/airflow/example_dags/example_task_group_decorator.py
[2024-06-30T04:08:39.376+0000] {processor.py:840} INFO - DAG(s) 'example_task_group_decorator' retrieved from /home/airflow/.local/lib/python3.12/site-packages/airflow/example_dags/example_task_group_decorator.py
[2024-06-30T04:08:39.586+0000] {logging_mixin.py:188} INFO - [2024-06-30T04:08:39.585+0000] {dag.py:3096} INFO - Sync 1 DAGs
[2024-06-30T04:08:39.773+0000] {logging_mixin.py:188} INFO - [2024-06-30T04:08:39.760+0000] {dag.py:3954} INFO - Setting next_dagrun for example_task_group_decorator to 2024-06-29 00:00:00+00:00, run_after=2024-06-30 00:00:00+00:00
[2024-06-30T04:08:39.941+0000] {processor.py:183} INFO - Processing /home/airflow/.local/lib/python3.12/site-packages/airflow/example_dags/example_task_group_decorator.py took 0.956 seconds
[2024-06-30T04:09:10.349+0000] {processor.py:161} INFO - Started process (PID=2189) to work on /home/airflow/.local/lib/python3.12/site-packages/airflow/example_dags/example_task_group_decorator.py
[2024-06-30T04:09:10.351+0000] {processor.py:830} INFO - Processing file /home/airflow/.local/lib/python3.12/site-packages/airflow/example_dags/example_task_group_decorator.py for tasks to queue
[2024-06-30T04:09:10.364+0000] {logging_mixin.py:188} INFO - [2024-06-30T04:09:10.363+0000] {dagbag.py:545} INFO - Filling up the DagBag from /home/airflow/.local/lib/python3.12/site-packages/airflow/example_dags/example_task_group_decorator.py
[2024-06-30T04:09:10.475+0000] {processor.py:840} INFO - DAG(s) 'example_task_group_decorator' retrieved from /home/airflow/.local/lib/python3.12/site-packages/airflow/example_dags/example_task_group_decorator.py
[2024-06-30T04:09:10.698+0000] {logging_mixin.py:188} INFO - [2024-06-30T04:09:10.697+0000] {dag.py:3096} INFO - Sync 1 DAGs
[2024-06-30T04:09:10.887+0000] {logging_mixin.py:188} INFO - [2024-06-30T04:09:10.887+0000] {dag.py:3954} INFO - Setting next_dagrun for example_task_group_decorator to 2024-06-29 00:00:00+00:00, run_after=2024-06-30 00:00:00+00:00
[2024-06-30T04:09:11.049+0000] {processor.py:183} INFO - Processing /home/airflow/.local/lib/python3.12/site-packages/airflow/example_dags/example_task_group_decorator.py took 0.734 seconds
[2024-06-30T04:09:42.104+0000] {processor.py:161} INFO - Started process (PID=2248) to work on /home/airflow/.local/lib/python3.12/site-packages/airflow/example_dags/example_task_group_decorator.py
[2024-06-30T04:09:42.106+0000] {processor.py:830} INFO - Processing file /home/airflow/.local/lib/python3.12/site-packages/airflow/example_dags/example_task_group_decorator.py for tasks to queue
[2024-06-30T04:09:42.110+0000] {logging_mixin.py:188} INFO - [2024-06-30T04:09:42.109+0000] {dagbag.py:545} INFO - Filling up the DagBag from /home/airflow/.local/lib/python3.12/site-packages/airflow/example_dags/example_task_group_decorator.py
[2024-06-30T04:09:42.219+0000] {processor.py:840} INFO - DAG(s) 'example_task_group_decorator' retrieved from /home/airflow/.local/lib/python3.12/site-packages/airflow/example_dags/example_task_group_decorator.py
[2024-06-30T04:09:42.393+0000] {logging_mixin.py:188} INFO - [2024-06-30T04:09:42.393+0000] {dag.py:3096} INFO - Sync 1 DAGs
[2024-06-30T04:09:42.600+0000] {logging_mixin.py:188} INFO - [2024-06-30T04:09:42.600+0000] {dag.py:3954} INFO - Setting next_dagrun for example_task_group_decorator to 2024-06-29 00:00:00+00:00, run_after=2024-06-30 00:00:00+00:00
[2024-06-30T04:09:42.754+0000] {processor.py:183} INFO - Processing /home/airflow/.local/lib/python3.12/site-packages/airflow/example_dags/example_task_group_decorator.py took 0.678 seconds
[2024-06-30T04:10:13.672+0000] {processor.py:161} INFO - Started process (PID=2306) to work on /home/airflow/.local/lib/python3.12/site-packages/airflow/example_dags/example_task_group_decorator.py
[2024-06-30T04:10:13.681+0000] {processor.py:830} INFO - Processing file /home/airflow/.local/lib/python3.12/site-packages/airflow/example_dags/example_task_group_decorator.py for tasks to queue
[2024-06-30T04:10:13.684+0000] {logging_mixin.py:188} INFO - [2024-06-30T04:10:13.683+0000] {dagbag.py:545} INFO - Filling up the DagBag from /home/airflow/.local/lib/python3.12/site-packages/airflow/example_dags/example_task_group_decorator.py
[2024-06-30T04:10:13.710+0000] {processor.py:840} INFO - DAG(s) 'example_task_group_decorator' retrieved from /home/airflow/.local/lib/python3.12/site-packages/airflow/example_dags/example_task_group_decorator.py
[2024-06-30T04:10:13.749+0000] {logging_mixin.py:188} INFO - [2024-06-30T04:10:13.748+0000] {dag.py:3096} INFO - Sync 1 DAGs
[2024-06-30T04:10:13.795+0000] {logging_mixin.py:188} INFO - [2024-06-30T04:10:13.794+0000] {dag.py:3954} INFO - Setting next_dagrun for example_task_group_decorator to 2024-06-29 00:00:00+00:00, run_after=2024-06-30 00:00:00+00:00
[2024-06-30T04:10:13.835+0000] {processor.py:183} INFO - Processing /home/airflow/.local/lib/python3.12/site-packages/airflow/example_dags/example_task_group_decorator.py took 0.170 seconds
[2024-06-30T04:10:44.025+0000] {processor.py:161} INFO - Started process (PID=2364) to work on /home/airflow/.local/lib/python3.12/site-packages/airflow/example_dags/example_task_group_decorator.py
[2024-06-30T04:10:44.030+0000] {processor.py:830} INFO - Processing file /home/airflow/.local/lib/python3.12/site-packages/airflow/example_dags/example_task_group_decorator.py for tasks to queue
[2024-06-30T04:10:44.033+0000] {logging_mixin.py:188} INFO - [2024-06-30T04:10:44.032+0000] {dagbag.py:545} INFO - Filling up the DagBag from /home/airflow/.local/lib/python3.12/site-packages/airflow/example_dags/example_task_group_decorator.py
[2024-06-30T04:10:44.075+0000] {processor.py:840} INFO - DAG(s) 'example_task_group_decorator' retrieved from /home/airflow/.local/lib/python3.12/site-packages/airflow/example_dags/example_task_group_decorator.py
[2024-06-30T04:10:44.129+0000] {logging_mixin.py:188} INFO - [2024-06-30T04:10:44.128+0000] {dag.py:3096} INFO - Sync 1 DAGs
[2024-06-30T04:10:44.167+0000] {logging_mixin.py:188} INFO - [2024-06-30T04:10:44.167+0000] {dag.py:3954} INFO - Setting next_dagrun for example_task_group_decorator to 2024-06-29 00:00:00+00:00, run_after=2024-06-30 00:00:00+00:00
[2024-06-30T04:10:44.199+0000] {processor.py:183} INFO - Processing /home/airflow/.local/lib/python3.12/site-packages/airflow/example_dags/example_task_group_decorator.py took 0.198 seconds
[2024-06-30T04:11:14.701+0000] {processor.py:161} INFO - Started process (PID=2422) to work on /home/airflow/.local/lib/python3.12/site-packages/airflow/example_dags/example_task_group_decorator.py
[2024-06-30T04:11:14.703+0000] {processor.py:830} INFO - Processing file /home/airflow/.local/lib/python3.12/site-packages/airflow/example_dags/example_task_group_decorator.py for tasks to queue
[2024-06-30T04:11:14.708+0000] {logging_mixin.py:188} INFO - [2024-06-30T04:11:14.707+0000] {dagbag.py:545} INFO - Filling up the DagBag from /home/airflow/.local/lib/python3.12/site-packages/airflow/example_dags/example_task_group_decorator.py
[2024-06-30T04:11:14.748+0000] {processor.py:840} INFO - DAG(s) 'example_task_group_decorator' retrieved from /home/airflow/.local/lib/python3.12/site-packages/airflow/example_dags/example_task_group_decorator.py
[2024-06-30T04:11:14.820+0000] {logging_mixin.py:188} INFO - [2024-06-30T04:11:14.819+0000] {dag.py:3096} INFO - Sync 1 DAGs
[2024-06-30T04:11:14.864+0000] {logging_mixin.py:188} INFO - [2024-06-30T04:11:14.864+0000] {dag.py:3954} INFO - Setting next_dagrun for example_task_group_decorator to 2024-06-29 00:00:00+00:00, run_after=2024-06-30 00:00:00+00:00
[2024-06-30T04:11:14.923+0000] {processor.py:183} INFO - Processing /home/airflow/.local/lib/python3.12/site-packages/airflow/example_dags/example_task_group_decorator.py took 0.234 seconds
[2024-06-30T04:11:45.200+0000] {processor.py:161} INFO - Started process (PID=2479) to work on /home/airflow/.local/lib/python3.12/site-packages/airflow/example_dags/example_task_group_decorator.py
[2024-06-30T04:11:45.202+0000] {processor.py:830} INFO - Processing file /home/airflow/.local/lib/python3.12/site-packages/airflow/example_dags/example_task_group_decorator.py for tasks to queue
[2024-06-30T04:11:45.205+0000] {logging_mixin.py:188} INFO - [2024-06-30T04:11:45.205+0000] {dagbag.py:545} INFO - Filling up the DagBag from /home/airflow/.local/lib/python3.12/site-packages/airflow/example_dags/example_task_group_decorator.py
[2024-06-30T04:11:45.239+0000] {processor.py:840} INFO - DAG(s) 'example_task_group_decorator' retrieved from /home/airflow/.local/lib/python3.12/site-packages/airflow/example_dags/example_task_group_decorator.py
[2024-06-30T04:11:45.325+0000] {logging_mixin.py:188} INFO - [2024-06-30T04:11:45.324+0000] {dag.py:3096} INFO - Sync 1 DAGs
[2024-06-30T04:11:45.364+0000] {logging_mixin.py:188} INFO - [2024-06-30T04:11:45.364+0000] {dag.py:3954} INFO - Setting next_dagrun for example_task_group_decorator to 2024-06-29 00:00:00+00:00, run_after=2024-06-30 00:00:00+00:00
[2024-06-30T04:11:45.397+0000] {processor.py:183} INFO - Processing /home/airflow/.local/lib/python3.12/site-packages/airflow/example_dags/example_task_group_decorator.py took 0.205 seconds
[2024-06-30T04:12:15.761+0000] {processor.py:161} INFO - Started process (PID=2537) to work on /home/airflow/.local/lib/python3.12/site-packages/airflow/example_dags/example_task_group_decorator.py
[2024-06-30T04:12:15.764+0000] {processor.py:830} INFO - Processing file /home/airflow/.local/lib/python3.12/site-packages/airflow/example_dags/example_task_group_decorator.py for tasks to queue
[2024-06-30T04:12:15.767+0000] {logging_mixin.py:188} INFO - [2024-06-30T04:12:15.766+0000] {dagbag.py:545} INFO - Filling up the DagBag from /home/airflow/.local/lib/python3.12/site-packages/airflow/example_dags/example_task_group_decorator.py
[2024-06-30T04:12:15.799+0000] {processor.py:840} INFO - DAG(s) 'example_task_group_decorator' retrieved from /home/airflow/.local/lib/python3.12/site-packages/airflow/example_dags/example_task_group_decorator.py
[2024-06-30T04:12:15.955+0000] {logging_mixin.py:188} INFO - [2024-06-30T04:12:15.955+0000] {dag.py:3096} INFO - Sync 1 DAGs
[2024-06-30T04:12:16.111+0000] {logging_mixin.py:188} INFO - [2024-06-30T04:12:16.110+0000] {dag.py:3954} INFO - Setting next_dagrun for example_task_group_decorator to 2024-06-29 00:00:00+00:00, run_after=2024-06-30 00:00:00+00:00
[2024-06-30T04:12:16.277+0000] {processor.py:183} INFO - Processing /home/airflow/.local/lib/python3.12/site-packages/airflow/example_dags/example_task_group_decorator.py took 0.529 seconds
[2024-06-30T04:12:47.142+0000] {processor.py:161} INFO - Started process (PID=2595) to work on /home/airflow/.local/lib/python3.12/site-packages/airflow/example_dags/example_task_group_decorator.py
[2024-06-30T04:12:47.144+0000] {processor.py:830} INFO - Processing file /home/airflow/.local/lib/python3.12/site-packages/airflow/example_dags/example_task_group_decorator.py for tasks to queue
[2024-06-30T04:12:47.149+0000] {logging_mixin.py:188} INFO - [2024-06-30T04:12:47.148+0000] {dagbag.py:545} INFO - Filling up the DagBag from /home/airflow/.local/lib/python3.12/site-packages/airflow/example_dags/example_task_group_decorator.py
[2024-06-30T04:12:47.199+0000] {processor.py:840} INFO - DAG(s) 'example_task_group_decorator' retrieved from /home/airflow/.local/lib/python3.12/site-packages/airflow/example_dags/example_task_group_decorator.py
[2024-06-30T04:12:47.277+0000] {logging_mixin.py:188} INFO - [2024-06-30T04:12:47.276+0000] {dag.py:3096} INFO - Sync 1 DAGs
[2024-06-30T04:12:47.340+0000] {logging_mixin.py:188} INFO - [2024-06-30T04:12:47.339+0000] {dag.py:3954} INFO - Setting next_dagrun for example_task_group_decorator to 2024-06-29 00:00:00+00:00, run_after=2024-06-30 00:00:00+00:00
[2024-06-30T04:12:47.414+0000] {processor.py:183} INFO - Processing /home/airflow/.local/lib/python3.12/site-packages/airflow/example_dags/example_task_group_decorator.py took 0.290 seconds
[2024-06-30T04:13:17.571+0000] {processor.py:161} INFO - Started process (PID=2653) to work on /home/airflow/.local/lib/python3.12/site-packages/airflow/example_dags/example_task_group_decorator.py
[2024-06-30T04:13:17.572+0000] {processor.py:830} INFO - Processing file /home/airflow/.local/lib/python3.12/site-packages/airflow/example_dags/example_task_group_decorator.py for tasks to queue
[2024-06-30T04:13:17.576+0000] {logging_mixin.py:188} INFO - [2024-06-30T04:13:17.576+0000] {dagbag.py:545} INFO - Filling up the DagBag from /home/airflow/.local/lib/python3.12/site-packages/airflow/example_dags/example_task_group_decorator.py
[2024-06-30T04:13:17.618+0000] {processor.py:840} INFO - DAG(s) 'example_task_group_decorator' retrieved from /home/airflow/.local/lib/python3.12/site-packages/airflow/example_dags/example_task_group_decorator.py
[2024-06-30T04:13:17.680+0000] {logging_mixin.py:188} INFO - [2024-06-30T04:13:17.679+0000] {dag.py:3096} INFO - Sync 1 DAGs
[2024-06-30T04:13:17.731+0000] {logging_mixin.py:188} INFO - [2024-06-30T04:13:17.731+0000] {dag.py:3954} INFO - Setting next_dagrun for example_task_group_decorator to 2024-06-29 00:00:00+00:00, run_after=2024-06-30 00:00:00+00:00
[2024-06-30T04:13:17.789+0000] {processor.py:183} INFO - Processing /home/airflow/.local/lib/python3.12/site-packages/airflow/example_dags/example_task_group_decorator.py took 0.226 seconds
[2024-06-30T04:13:47.882+0000] {processor.py:161} INFO - Started process (PID=2714) to work on /home/airflow/.local/lib/python3.12/site-packages/airflow/example_dags/example_task_group_decorator.py
[2024-06-30T04:13:47.884+0000] {processor.py:830} INFO - Processing file /home/airflow/.local/lib/python3.12/site-packages/airflow/example_dags/example_task_group_decorator.py for tasks to queue
[2024-06-30T04:13:47.888+0000] {logging_mixin.py:188} INFO - [2024-06-30T04:13:47.887+0000] {dagbag.py:545} INFO - Filling up the DagBag from /home/airflow/.local/lib/python3.12/site-packages/airflow/example_dags/example_task_group_decorator.py
[2024-06-30T04:13:47.913+0000] {processor.py:840} INFO - DAG(s) 'example_task_group_decorator' retrieved from /home/airflow/.local/lib/python3.12/site-packages/airflow/example_dags/example_task_group_decorator.py
[2024-06-30T04:13:47.966+0000] {logging_mixin.py:188} INFO - [2024-06-30T04:13:47.966+0000] {dag.py:3096} INFO - Sync 1 DAGs
[2024-06-30T04:13:48.006+0000] {logging_mixin.py:188} INFO - [2024-06-30T04:13:48.006+0000] {dag.py:3954} INFO - Setting next_dagrun for example_task_group_decorator to 2024-06-29 00:00:00+00:00, run_after=2024-06-30 00:00:00+00:00
[2024-06-30T04:13:48.049+0000] {processor.py:183} INFO - Processing /home/airflow/.local/lib/python3.12/site-packages/airflow/example_dags/example_task_group_decorator.py took 0.178 seconds
[2024-06-30T04:14:18.109+0000] {processor.py:161} INFO - Started process (PID=2772) to work on /home/airflow/.local/lib/python3.12/site-packages/airflow/example_dags/example_task_group_decorator.py
[2024-06-30T04:14:18.110+0000] {processor.py:830} INFO - Processing file /home/airflow/.local/lib/python3.12/site-packages/airflow/example_dags/example_task_group_decorator.py for tasks to queue
[2024-06-30T04:14:18.114+0000] {logging_mixin.py:188} INFO - [2024-06-30T04:14:18.113+0000] {dagbag.py:545} INFO - Filling up the DagBag from /home/airflow/.local/lib/python3.12/site-packages/airflow/example_dags/example_task_group_decorator.py
[2024-06-30T04:14:18.143+0000] {processor.py:840} INFO - DAG(s) 'example_task_group_decorator' retrieved from /home/airflow/.local/lib/python3.12/site-packages/airflow/example_dags/example_task_group_decorator.py
[2024-06-30T04:14:18.203+0000] {logging_mixin.py:188} INFO - [2024-06-30T04:14:18.202+0000] {dag.py:3096} INFO - Sync 1 DAGs
[2024-06-30T04:14:18.248+0000] {logging_mixin.py:188} INFO - [2024-06-30T04:14:18.248+0000] {dag.py:3954} INFO - Setting next_dagrun for example_task_group_decorator to 2024-06-29 00:00:00+00:00, run_after=2024-06-30 00:00:00+00:00
[2024-06-30T04:14:18.287+0000] {processor.py:183} INFO - Processing /home/airflow/.local/lib/python3.12/site-packages/airflow/example_dags/example_task_group_decorator.py took 0.186 seconds
[2024-06-30T04:14:48.580+0000] {processor.py:161} INFO - Started process (PID=2829) to work on /home/airflow/.local/lib/python3.12/site-packages/airflow/example_dags/example_task_group_decorator.py
[2024-06-30T04:14:48.582+0000] {processor.py:830} INFO - Processing file /home/airflow/.local/lib/python3.12/site-packages/airflow/example_dags/example_task_group_decorator.py for tasks to queue
[2024-06-30T04:14:48.585+0000] {logging_mixin.py:188} INFO - [2024-06-30T04:14:48.585+0000] {dagbag.py:545} INFO - Filling up the DagBag from /home/airflow/.local/lib/python3.12/site-packages/airflow/example_dags/example_task_group_decorator.py
[2024-06-30T04:14:48.618+0000] {processor.py:840} INFO - DAG(s) 'example_task_group_decorator' retrieved from /home/airflow/.local/lib/python3.12/site-packages/airflow/example_dags/example_task_group_decorator.py
[2024-06-30T04:14:48.670+0000] {logging_mixin.py:188} INFO - [2024-06-30T04:14:48.670+0000] {dag.py:3096} INFO - Sync 1 DAGs
[2024-06-30T04:14:48.711+0000] {logging_mixin.py:188} INFO - [2024-06-30T04:14:48.710+0000] {dag.py:3954} INFO - Setting next_dagrun for example_task_group_decorator to 2024-06-29 00:00:00+00:00, run_after=2024-06-30 00:00:00+00:00
[2024-06-30T04:14:48.777+0000] {processor.py:183} INFO - Processing /home/airflow/.local/lib/python3.12/site-packages/airflow/example_dags/example_task_group_decorator.py took 0.207 seconds
[2024-06-30T04:15:19.067+0000] {processor.py:161} INFO - Started process (PID=2887) to work on /home/airflow/.local/lib/python3.12/site-packages/airflow/example_dags/example_task_group_decorator.py
[2024-06-30T04:15:19.070+0000] {processor.py:830} INFO - Processing file /home/airflow/.local/lib/python3.12/site-packages/airflow/example_dags/example_task_group_decorator.py for tasks to queue
[2024-06-30T04:15:19.074+0000] {logging_mixin.py:188} INFO - [2024-06-30T04:15:19.074+0000] {dagbag.py:545} INFO - Filling up the DagBag from /home/airflow/.local/lib/python3.12/site-packages/airflow/example_dags/example_task_group_decorator.py
[2024-06-30T04:15:19.123+0000] {processor.py:840} INFO - DAG(s) 'example_task_group_decorator' retrieved from /home/airflow/.local/lib/python3.12/site-packages/airflow/example_dags/example_task_group_decorator.py
[2024-06-30T04:15:19.215+0000] {logging_mixin.py:188} INFO - [2024-06-30T04:15:19.209+0000] {dag.py:3096} INFO - Sync 1 DAGs
[2024-06-30T04:15:19.279+0000] {logging_mixin.py:188} INFO - [2024-06-30T04:15:19.279+0000] {dag.py:3954} INFO - Setting next_dagrun for example_task_group_decorator to 2024-06-29 00:00:00+00:00, run_after=2024-06-30 00:00:00+00:00
[2024-06-30T04:15:19.327+0000] {processor.py:183} INFO - Processing /home/airflow/.local/lib/python3.12/site-packages/airflow/example_dags/example_task_group_decorator.py took 0.273 seconds
[2024-06-30T04:15:49.882+0000] {processor.py:161} INFO - Started process (PID=2945) to work on /home/airflow/.local/lib/python3.12/site-packages/airflow/example_dags/example_task_group_decorator.py
[2024-06-30T04:15:49.884+0000] {processor.py:830} INFO - Processing file /home/airflow/.local/lib/python3.12/site-packages/airflow/example_dags/example_task_group_decorator.py for tasks to queue
[2024-06-30T04:15:49.886+0000] {logging_mixin.py:188} INFO - [2024-06-30T04:15:49.886+0000] {dagbag.py:545} INFO - Filling up the DagBag from /home/airflow/.local/lib/python3.12/site-packages/airflow/example_dags/example_task_group_decorator.py
[2024-06-30T04:15:49.925+0000] {processor.py:840} INFO - DAG(s) 'example_task_group_decorator' retrieved from /home/airflow/.local/lib/python3.12/site-packages/airflow/example_dags/example_task_group_decorator.py
[2024-06-30T04:15:49.972+0000] {logging_mixin.py:188} INFO - [2024-06-30T04:15:49.971+0000] {dag.py:3096} INFO - Sync 1 DAGs
[2024-06-30T04:15:50.009+0000] {logging_mixin.py:188} INFO - [2024-06-30T04:15:50.008+0000] {dag.py:3954} INFO - Setting next_dagrun for example_task_group_decorator to 2024-06-29 00:00:00+00:00, run_after=2024-06-30 00:00:00+00:00
[2024-06-30T04:15:50.044+0000] {processor.py:183} INFO - Processing /home/airflow/.local/lib/python3.12/site-packages/airflow/example_dags/example_task_group_decorator.py took 0.174 seconds
[2024-06-30T04:16:20.463+0000] {processor.py:161} INFO - Started process (PID=3003) to work on /home/airflow/.local/lib/python3.12/site-packages/airflow/example_dags/example_task_group_decorator.py
[2024-06-30T04:16:20.464+0000] {processor.py:830} INFO - Processing file /home/airflow/.local/lib/python3.12/site-packages/airflow/example_dags/example_task_group_decorator.py for tasks to queue
[2024-06-30T04:16:20.468+0000] {logging_mixin.py:188} INFO - [2024-06-30T04:16:20.467+0000] {dagbag.py:545} INFO - Filling up the DagBag from /home/airflow/.local/lib/python3.12/site-packages/airflow/example_dags/example_task_group_decorator.py
[2024-06-30T04:16:20.510+0000] {processor.py:840} INFO - DAG(s) 'example_task_group_decorator' retrieved from /home/airflow/.local/lib/python3.12/site-packages/airflow/example_dags/example_task_group_decorator.py
[2024-06-30T04:16:20.578+0000] {logging_mixin.py:188} INFO - [2024-06-30T04:16:20.577+0000] {dag.py:3096} INFO - Sync 1 DAGs
[2024-06-30T04:16:20.634+0000] {logging_mixin.py:188} INFO - [2024-06-30T04:16:20.634+0000] {dag.py:3954} INFO - Setting next_dagrun for example_task_group_decorator to 2024-06-29 00:00:00+00:00, run_after=2024-06-30 00:00:00+00:00
[2024-06-30T04:16:20.719+0000] {processor.py:183} INFO - Processing /home/airflow/.local/lib/python3.12/site-packages/airflow/example_dags/example_task_group_decorator.py took 0.273 seconds
[2024-06-30T04:16:50.928+0000] {processor.py:161} INFO - Started process (PID=3061) to work on /home/airflow/.local/lib/python3.12/site-packages/airflow/example_dags/example_task_group_decorator.py
[2024-06-30T04:16:50.929+0000] {processor.py:830} INFO - Processing file /home/airflow/.local/lib/python3.12/site-packages/airflow/example_dags/example_task_group_decorator.py for tasks to queue
[2024-06-30T04:16:50.933+0000] {logging_mixin.py:188} INFO - [2024-06-30T04:16:50.932+0000] {dagbag.py:545} INFO - Filling up the DagBag from /home/airflow/.local/lib/python3.12/site-packages/airflow/example_dags/example_task_group_decorator.py
[2024-06-30T04:16:50.965+0000] {processor.py:840} INFO - DAG(s) 'example_task_group_decorator' retrieved from /home/airflow/.local/lib/python3.12/site-packages/airflow/example_dags/example_task_group_decorator.py
[2024-06-30T04:16:51.018+0000] {logging_mixin.py:188} INFO - [2024-06-30T04:16:51.017+0000] {dag.py:3096} INFO - Sync 1 DAGs
[2024-06-30T04:16:51.068+0000] {logging_mixin.py:188} INFO - [2024-06-30T04:16:51.067+0000] {dag.py:3954} INFO - Setting next_dagrun for example_task_group_decorator to 2024-06-29 00:00:00+00:00, run_after=2024-06-30 00:00:00+00:00
[2024-06-30T04:16:51.121+0000] {processor.py:183} INFO - Processing /home/airflow/.local/lib/python3.12/site-packages/airflow/example_dags/example_task_group_decorator.py took 0.202 seconds
[2024-06-30T04:17:21.608+0000] {processor.py:161} INFO - Started process (PID=3118) to work on /home/airflow/.local/lib/python3.12/site-packages/airflow/example_dags/example_task_group_decorator.py
[2024-06-30T04:17:21.609+0000] {processor.py:830} INFO - Processing file /home/airflow/.local/lib/python3.12/site-packages/airflow/example_dags/example_task_group_decorator.py for tasks to queue
[2024-06-30T04:17:21.612+0000] {logging_mixin.py:188} INFO - [2024-06-30T04:17:21.611+0000] {dagbag.py:545} INFO - Filling up the DagBag from /home/airflow/.local/lib/python3.12/site-packages/airflow/example_dags/example_task_group_decorator.py
[2024-06-30T04:17:21.631+0000] {processor.py:840} INFO - DAG(s) 'example_task_group_decorator' retrieved from /home/airflow/.local/lib/python3.12/site-packages/airflow/example_dags/example_task_group_decorator.py
[2024-06-30T04:17:21.671+0000] {logging_mixin.py:188} INFO - [2024-06-30T04:17:21.671+0000] {dag.py:3096} INFO - Sync 1 DAGs
[2024-06-30T04:17:21.701+0000] {logging_mixin.py:188} INFO - [2024-06-30T04:17:21.701+0000] {dag.py:3954} INFO - Setting next_dagrun for example_task_group_decorator to 2024-06-29 00:00:00+00:00, run_after=2024-06-30 00:00:00+00:00
[2024-06-30T04:17:21.727+0000] {processor.py:183} INFO - Processing /home/airflow/.local/lib/python3.12/site-packages/airflow/example_dags/example_task_group_decorator.py took 0.128 seconds
[2024-06-30T04:17:52.467+0000] {processor.py:161} INFO - Started process (PID=3176) to work on /home/airflow/.local/lib/python3.12/site-packages/airflow/example_dags/example_task_group_decorator.py
[2024-06-30T04:17:52.468+0000] {processor.py:830} INFO - Processing file /home/airflow/.local/lib/python3.12/site-packages/airflow/example_dags/example_task_group_decorator.py for tasks to queue
[2024-06-30T04:17:52.472+0000] {logging_mixin.py:188} INFO - [2024-06-30T04:17:52.471+0000] {dagbag.py:545} INFO - Filling up the DagBag from /home/airflow/.local/lib/python3.12/site-packages/airflow/example_dags/example_task_group_decorator.py
[2024-06-30T04:17:52.501+0000] {processor.py:840} INFO - DAG(s) 'example_task_group_decorator' retrieved from /home/airflow/.local/lib/python3.12/site-packages/airflow/example_dags/example_task_group_decorator.py
[2024-06-30T04:17:52.546+0000] {logging_mixin.py:188} INFO - [2024-06-30T04:17:52.546+0000] {dag.py:3096} INFO - Sync 1 DAGs
[2024-06-30T04:17:52.593+0000] {logging_mixin.py:188} INFO - [2024-06-30T04:17:52.593+0000] {dag.py:3954} INFO - Setting next_dagrun for example_task_group_decorator to 2024-06-29 00:00:00+00:00, run_after=2024-06-30 00:00:00+00:00
[2024-06-30T04:17:52.649+0000] {processor.py:183} INFO - Processing /home/airflow/.local/lib/python3.12/site-packages/airflow/example_dags/example_task_group_decorator.py took 0.193 seconds
[2024-06-30T04:18:22.952+0000] {processor.py:161} INFO - Started process (PID=3233) to work on /home/airflow/.local/lib/python3.12/site-packages/airflow/example_dags/example_task_group_decorator.py
[2024-06-30T04:18:22.954+0000] {processor.py:830} INFO - Processing file /home/airflow/.local/lib/python3.12/site-packages/airflow/example_dags/example_task_group_decorator.py for tasks to queue
[2024-06-30T04:18:22.958+0000] {logging_mixin.py:188} INFO - [2024-06-30T04:18:22.956+0000] {dagbag.py:545} INFO - Filling up the DagBag from /home/airflow/.local/lib/python3.12/site-packages/airflow/example_dags/example_task_group_decorator.py
[2024-06-30T04:18:22.998+0000] {processor.py:840} INFO - DAG(s) 'example_task_group_decorator' retrieved from /home/airflow/.local/lib/python3.12/site-packages/airflow/example_dags/example_task_group_decorator.py
[2024-06-30T04:18:23.079+0000] {logging_mixin.py:188} INFO - [2024-06-30T04:18:23.078+0000] {dag.py:3096} INFO - Sync 1 DAGs
[2024-06-30T04:18:23.150+0000] {logging_mixin.py:188} INFO - [2024-06-30T04:18:23.149+0000] {dag.py:3954} INFO - Setting next_dagrun for example_task_group_decorator to 2024-06-29 00:00:00+00:00, run_after=2024-06-30 00:00:00+00:00
[2024-06-30T04:18:23.228+0000] {processor.py:183} INFO - Processing /home/airflow/.local/lib/python3.12/site-packages/airflow/example_dags/example_task_group_decorator.py took 0.286 seconds
[2024-06-30T04:18:53.597+0000] {processor.py:161} INFO - Started process (PID=3291) to work on /home/airflow/.local/lib/python3.12/site-packages/airflow/example_dags/example_task_group_decorator.py
[2024-06-30T04:18:53.598+0000] {processor.py:830} INFO - Processing file /home/airflow/.local/lib/python3.12/site-packages/airflow/example_dags/example_task_group_decorator.py for tasks to queue
[2024-06-30T04:18:53.602+0000] {logging_mixin.py:188} INFO - [2024-06-30T04:18:53.601+0000] {dagbag.py:545} INFO - Filling up the DagBag from /home/airflow/.local/lib/python3.12/site-packages/airflow/example_dags/example_task_group_decorator.py
[2024-06-30T04:18:53.659+0000] {processor.py:840} INFO - DAG(s) 'example_task_group_decorator' retrieved from /home/airflow/.local/lib/python3.12/site-packages/airflow/example_dags/example_task_group_decorator.py
[2024-06-30T04:18:53.754+0000] {logging_mixin.py:188} INFO - [2024-06-30T04:18:53.753+0000] {dag.py:3096} INFO - Sync 1 DAGs
[2024-06-30T04:18:53.823+0000] {logging_mixin.py:188} INFO - [2024-06-30T04:18:53.822+0000] {dag.py:3954} INFO - Setting next_dagrun for example_task_group_decorator to 2024-06-29 00:00:00+00:00, run_after=2024-06-30 00:00:00+00:00
[2024-06-30T04:18:53.876+0000] {processor.py:183} INFO - Processing /home/airflow/.local/lib/python3.12/site-packages/airflow/example_dags/example_task_group_decorator.py took 0.294 seconds
[2024-06-30T04:19:24.169+0000] {processor.py:161} INFO - Started process (PID=3349) to work on /home/airflow/.local/lib/python3.12/site-packages/airflow/example_dags/example_task_group_decorator.py
[2024-06-30T04:19:24.171+0000] {processor.py:830} INFO - Processing file /home/airflow/.local/lib/python3.12/site-packages/airflow/example_dags/example_task_group_decorator.py for tasks to queue
[2024-06-30T04:19:24.175+0000] {logging_mixin.py:188} INFO - [2024-06-30T04:19:24.175+0000] {dagbag.py:545} INFO - Filling up the DagBag from /home/airflow/.local/lib/python3.12/site-packages/airflow/example_dags/example_task_group_decorator.py
[2024-06-30T04:19:24.238+0000] {processor.py:840} INFO - DAG(s) 'example_task_group_decorator' retrieved from /home/airflow/.local/lib/python3.12/site-packages/airflow/example_dags/example_task_group_decorator.py
[2024-06-30T04:19:24.344+0000] {logging_mixin.py:188} INFO - [2024-06-30T04:19:24.343+0000] {dag.py:3096} INFO - Sync 1 DAGs
[2024-06-30T04:19:24.412+0000] {logging_mixin.py:188} INFO - [2024-06-30T04:19:24.411+0000] {dag.py:3954} INFO - Setting next_dagrun for example_task_group_decorator to 2024-06-29 00:00:00+00:00, run_after=2024-06-30 00:00:00+00:00
[2024-06-30T04:19:24.504+0000] {processor.py:183} INFO - Processing /home/airflow/.local/lib/python3.12/site-packages/airflow/example_dags/example_task_group_decorator.py took 0.345 seconds
