[2024-06-30T03:49:36.317+0000] {processor.py:161} INFO - Started process (PID=53) to work on /home/airflow/.local/lib/python3.12/site-packages/airflow/example_dags/example_branch_python_dop_operator_3.py
[2024-06-30T03:49:36.320+0000] {processor.py:830} INFO - Processing file /home/airflow/.local/lib/python3.12/site-packages/airflow/example_dags/example_branch_python_dop_operator_3.py for tasks to queue
[2024-06-30T03:49:36.347+0000] {logging_mixin.py:188} INFO - [2024-06-30T03:49:36.335+0000] {dagbag.py:545} INFO - Filling up the DagBag from /home/airflow/.local/lib/python3.12/site-packages/airflow/example_dags/example_branch_python_dop_operator_3.py
[2024-06-30T03:49:36.422+0000] {processor.py:840} INFO - DAG(s) 'example_branch_dop_operator_v3' retrieved from /home/airflow/.local/lib/python3.12/site-packages/airflow/example_dags/example_branch_python_dop_operator_3.py
[2024-06-30T03:49:37.229+0000] {logging_mixin.py:188} INFO - [2024-06-30T03:49:37.228+0000] {dag.py:3096} INFO - Sync 1 DAGs
[2024-06-30T03:49:37.337+0000] {logging_mixin.py:188} INFO - [2024-06-30T03:49:37.337+0000] {dag.py:3954} INFO - Setting next_dagrun for example_branch_dop_operator_v3 to 2024-06-30 03:48:00+00:00, run_after=2024-06-30 03:49:00+00:00
[2024-06-30T03:49:37.438+0000] {processor.py:183} INFO - Processing /home/airflow/.local/lib/python3.12/site-packages/airflow/example_dags/example_branch_python_dop_operator_3.py took 1.139 seconds
[2024-06-30T03:50:16.921+0000] {processor.py:161} INFO - Started process (PID=111) to work on /home/airflow/.local/lib/python3.12/site-packages/airflow/example_dags/example_branch_python_dop_operator_3.py
[2024-06-30T03:50:16.924+0000] {processor.py:830} INFO - Processing file /home/airflow/.local/lib/python3.12/site-packages/airflow/example_dags/example_branch_python_dop_operator_3.py for tasks to queue
[2024-06-30T03:50:16.928+0000] {logging_mixin.py:188} INFO - [2024-06-30T03:50:16.927+0000] {dagbag.py:545} INFO - Filling up the DagBag from /home/airflow/.local/lib/python3.12/site-packages/airflow/example_dags/example_branch_python_dop_operator_3.py
[2024-06-30T03:50:16.949+0000] {processor.py:840} INFO - DAG(s) 'example_branch_dop_operator_v3' retrieved from /home/airflow/.local/lib/python3.12/site-packages/airflow/example_dags/example_branch_python_dop_operator_3.py
[2024-06-30T03:50:16.995+0000] {logging_mixin.py:188} INFO - [2024-06-30T03:50:16.994+0000] {dag.py:3096} INFO - Sync 1 DAGs
[2024-06-30T03:50:17.088+0000] {logging_mixin.py:188} INFO - [2024-06-30T03:50:17.087+0000] {dag.py:3954} INFO - Setting next_dagrun for example_branch_dop_operator_v3 to 2024-06-30 03:49:00+00:00, run_after=2024-06-30 03:50:00+00:00
[2024-06-30T03:50:17.149+0000] {processor.py:183} INFO - Processing /home/airflow/.local/lib/python3.12/site-packages/airflow/example_dags/example_branch_python_dop_operator_3.py took 0.242 seconds
[2024-06-30T03:50:47.589+0000] {processor.py:161} INFO - Started process (PID=167) to work on /home/airflow/.local/lib/python3.12/site-packages/airflow/example_dags/example_branch_python_dop_operator_3.py
[2024-06-30T03:50:47.592+0000] {processor.py:830} INFO - Processing file /home/airflow/.local/lib/python3.12/site-packages/airflow/example_dags/example_branch_python_dop_operator_3.py for tasks to queue
[2024-06-30T03:50:47.598+0000] {logging_mixin.py:188} INFO - [2024-06-30T03:50:47.597+0000] {dagbag.py:545} INFO - Filling up the DagBag from /home/airflow/.local/lib/python3.12/site-packages/airflow/example_dags/example_branch_python_dop_operator_3.py
[2024-06-30T03:50:47.621+0000] {processor.py:840} INFO - DAG(s) 'example_branch_dop_operator_v3' retrieved from /home/airflow/.local/lib/python3.12/site-packages/airflow/example_dags/example_branch_python_dop_operator_3.py
[2024-06-30T03:50:47.674+0000] {logging_mixin.py:188} INFO - [2024-06-30T03:50:47.673+0000] {dag.py:3096} INFO - Sync 1 DAGs
[2024-06-30T03:50:47.756+0000] {logging_mixin.py:188} INFO - [2024-06-30T03:50:47.755+0000] {dag.py:3954} INFO - Setting next_dagrun for example_branch_dop_operator_v3 to 2024-06-30 03:49:00+00:00, run_after=2024-06-30 03:50:00+00:00
[2024-06-30T03:50:47.825+0000] {processor.py:183} INFO - Processing /home/airflow/.local/lib/python3.12/site-packages/airflow/example_dags/example_branch_python_dop_operator_3.py took 0.251 seconds
[2024-06-30T03:51:18.616+0000] {processor.py:161} INFO - Started process (PID=224) to work on /home/airflow/.local/lib/python3.12/site-packages/airflow/example_dags/example_branch_python_dop_operator_3.py
[2024-06-30T03:51:18.619+0000] {processor.py:830} INFO - Processing file /home/airflow/.local/lib/python3.12/site-packages/airflow/example_dags/example_branch_python_dop_operator_3.py for tasks to queue
[2024-06-30T03:51:18.624+0000] {logging_mixin.py:188} INFO - [2024-06-30T03:51:18.623+0000] {dagbag.py:545} INFO - Filling up the DagBag from /home/airflow/.local/lib/python3.12/site-packages/airflow/example_dags/example_branch_python_dop_operator_3.py
[2024-06-30T03:51:18.644+0000] {processor.py:840} INFO - DAG(s) 'example_branch_dop_operator_v3' retrieved from /home/airflow/.local/lib/python3.12/site-packages/airflow/example_dags/example_branch_python_dop_operator_3.py
[2024-06-30T03:51:18.690+0000] {logging_mixin.py:188} INFO - [2024-06-30T03:51:18.689+0000] {dag.py:3096} INFO - Sync 1 DAGs
[2024-06-30T03:51:18.769+0000] {logging_mixin.py:188} INFO - [2024-06-30T03:51:18.769+0000] {dag.py:3954} INFO - Setting next_dagrun for example_branch_dop_operator_v3 to 2024-06-30 03:50:00+00:00, run_after=2024-06-30 03:51:00+00:00
[2024-06-30T03:51:18.872+0000] {processor.py:183} INFO - Processing /home/airflow/.local/lib/python3.12/site-packages/airflow/example_dags/example_branch_python_dop_operator_3.py took 0.272 seconds
[2024-06-30T03:51:49.681+0000] {processor.py:161} INFO - Started process (PID=283) to work on /home/airflow/.local/lib/python3.12/site-packages/airflow/example_dags/example_branch_python_dop_operator_3.py
[2024-06-30T03:51:49.684+0000] {processor.py:830} INFO - Processing file /home/airflow/.local/lib/python3.12/site-packages/airflow/example_dags/example_branch_python_dop_operator_3.py for tasks to queue
[2024-06-30T03:51:49.689+0000] {logging_mixin.py:188} INFO - [2024-06-30T03:51:49.688+0000] {dagbag.py:545} INFO - Filling up the DagBag from /home/airflow/.local/lib/python3.12/site-packages/airflow/example_dags/example_branch_python_dop_operator_3.py
[2024-06-30T03:51:49.717+0000] {processor.py:840} INFO - DAG(s) 'example_branch_dop_operator_v3' retrieved from /home/airflow/.local/lib/python3.12/site-packages/airflow/example_dags/example_branch_python_dop_operator_3.py
[2024-06-30T03:51:49.800+0000] {logging_mixin.py:188} INFO - [2024-06-30T03:51:49.799+0000] {dag.py:3096} INFO - Sync 1 DAGs
[2024-06-30T03:51:49.975+0000] {logging_mixin.py:188} INFO - [2024-06-30T03:51:49.975+0000] {dag.py:3954} INFO - Setting next_dagrun for example_branch_dop_operator_v3 to 2024-06-30 03:50:00+00:00, run_after=2024-06-30 03:51:00+00:00
[2024-06-30T03:51:50.166+0000] {processor.py:183} INFO - Processing /home/airflow/.local/lib/python3.12/site-packages/airflow/example_dags/example_branch_python_dop_operator_3.py took 0.500 seconds
[2024-06-30T03:52:21.126+0000] {processor.py:161} INFO - Started process (PID=342) to work on /home/airflow/.local/lib/python3.12/site-packages/airflow/example_dags/example_branch_python_dop_operator_3.py
[2024-06-30T03:52:21.129+0000] {processor.py:830} INFO - Processing file /home/airflow/.local/lib/python3.12/site-packages/airflow/example_dags/example_branch_python_dop_operator_3.py for tasks to queue
[2024-06-30T03:52:21.134+0000] {logging_mixin.py:188} INFO - [2024-06-30T03:52:21.133+0000] {dagbag.py:545} INFO - Filling up the DagBag from /home/airflow/.local/lib/python3.12/site-packages/airflow/example_dags/example_branch_python_dop_operator_3.py
[2024-06-30T03:52:21.151+0000] {processor.py:840} INFO - DAG(s) 'example_branch_dop_operator_v3' retrieved from /home/airflow/.local/lib/python3.12/site-packages/airflow/example_dags/example_branch_python_dop_operator_3.py
[2024-06-30T03:52:21.200+0000] {logging_mixin.py:188} INFO - [2024-06-30T03:52:21.199+0000] {dag.py:3096} INFO - Sync 1 DAGs
[2024-06-30T03:52:21.266+0000] {logging_mixin.py:188} INFO - [2024-06-30T03:52:21.265+0000] {dag.py:3954} INFO - Setting next_dagrun for example_branch_dop_operator_v3 to 2024-06-30 03:51:00+00:00, run_after=2024-06-30 03:52:00+00:00
[2024-06-30T03:52:21.320+0000] {processor.py:183} INFO - Processing /home/airflow/.local/lib/python3.12/site-packages/airflow/example_dags/example_branch_python_dop_operator_3.py took 0.207 seconds
[2024-06-30T03:52:51.968+0000] {processor.py:161} INFO - Started process (PID=400) to work on /home/airflow/.local/lib/python3.12/site-packages/airflow/example_dags/example_branch_python_dop_operator_3.py
[2024-06-30T03:52:51.971+0000] {processor.py:830} INFO - Processing file /home/airflow/.local/lib/python3.12/site-packages/airflow/example_dags/example_branch_python_dop_operator_3.py for tasks to queue
[2024-06-30T03:52:51.976+0000] {logging_mixin.py:188} INFO - [2024-06-30T03:52:51.976+0000] {dagbag.py:545} INFO - Filling up the DagBag from /home/airflow/.local/lib/python3.12/site-packages/airflow/example_dags/example_branch_python_dop_operator_3.py
[2024-06-30T03:52:52.002+0000] {processor.py:840} INFO - DAG(s) 'example_branch_dop_operator_v3' retrieved from /home/airflow/.local/lib/python3.12/site-packages/airflow/example_dags/example_branch_python_dop_operator_3.py
[2024-06-30T03:52:52.066+0000] {logging_mixin.py:188} INFO - [2024-06-30T03:52:52.065+0000] {dag.py:3096} INFO - Sync 1 DAGs
[2024-06-30T03:52:52.137+0000] {logging_mixin.py:188} INFO - [2024-06-30T03:52:52.136+0000] {dag.py:3954} INFO - Setting next_dagrun for example_branch_dop_operator_v3 to 2024-06-30 03:51:00+00:00, run_after=2024-06-30 03:52:00+00:00
[2024-06-30T03:52:52.241+0000] {processor.py:183} INFO - Processing /home/airflow/.local/lib/python3.12/site-packages/airflow/example_dags/example_branch_python_dop_operator_3.py took 0.288 seconds
[2024-06-30T03:53:23.044+0000] {processor.py:161} INFO - Started process (PID=458) to work on /home/airflow/.local/lib/python3.12/site-packages/airflow/example_dags/example_branch_python_dop_operator_3.py
[2024-06-30T03:53:23.050+0000] {processor.py:830} INFO - Processing file /home/airflow/.local/lib/python3.12/site-packages/airflow/example_dags/example_branch_python_dop_operator_3.py for tasks to queue
[2024-06-30T03:53:23.057+0000] {logging_mixin.py:188} INFO - [2024-06-30T03:53:23.056+0000] {dagbag.py:545} INFO - Filling up the DagBag from /home/airflow/.local/lib/python3.12/site-packages/airflow/example_dags/example_branch_python_dop_operator_3.py
[2024-06-30T03:53:23.081+0000] {processor.py:840} INFO - DAG(s) 'example_branch_dop_operator_v3' retrieved from /home/airflow/.local/lib/python3.12/site-packages/airflow/example_dags/example_branch_python_dop_operator_3.py
[2024-06-30T03:53:23.137+0000] {logging_mixin.py:188} INFO - [2024-06-30T03:53:23.137+0000] {dag.py:3096} INFO - Sync 1 DAGs
[2024-06-30T03:53:23.214+0000] {logging_mixin.py:188} INFO - [2024-06-30T03:53:23.213+0000] {dag.py:3954} INFO - Setting next_dagrun for example_branch_dop_operator_v3 to 2024-06-30 03:52:00+00:00, run_after=2024-06-30 03:53:00+00:00
[2024-06-30T03:53:23.280+0000] {processor.py:183} INFO - Processing /home/airflow/.local/lib/python3.12/site-packages/airflow/example_dags/example_branch_python_dop_operator_3.py took 0.255 seconds
[2024-06-30T03:53:58.202+0000] {processor.py:161} INFO - Started process (PID=522) to work on /home/airflow/.local/lib/python3.12/site-packages/airflow/example_dags/example_branch_python_dop_operator_3.py
[2024-06-30T03:53:58.217+0000] {processor.py:830} INFO - Processing file /home/airflow/.local/lib/python3.12/site-packages/airflow/example_dags/example_branch_python_dop_operator_3.py for tasks to queue
[2024-06-30T03:53:58.234+0000] {logging_mixin.py:188} INFO - [2024-06-30T03:53:58.233+0000] {dagbag.py:545} INFO - Filling up the DagBag from /home/airflow/.local/lib/python3.12/site-packages/airflow/example_dags/example_branch_python_dop_operator_3.py
[2024-06-30T03:53:58.317+0000] {processor.py:840} INFO - DAG(s) 'example_branch_dop_operator_v3' retrieved from /home/airflow/.local/lib/python3.12/site-packages/airflow/example_dags/example_branch_python_dop_operator_3.py
[2024-06-30T03:53:58.457+0000] {logging_mixin.py:188} INFO - [2024-06-30T03:53:58.457+0000] {dag.py:3096} INFO - Sync 1 DAGs
[2024-06-30T03:53:58.745+0000] {logging_mixin.py:188} INFO - [2024-06-30T03:53:58.743+0000] {dag.py:3954} INFO - Setting next_dagrun for example_branch_dop_operator_v3 to 2024-06-30 03:52:00+00:00, run_after=2024-06-30 03:53:00+00:00
[2024-06-30T03:53:59.019+0000] {processor.py:183} INFO - Processing /home/airflow/.local/lib/python3.12/site-packages/airflow/example_dags/example_branch_python_dop_operator_3.py took 0.867 seconds
[2024-06-30T03:54:29.777+0000] {processor.py:161} INFO - Started process (PID=580) to work on /home/airflow/.local/lib/python3.12/site-packages/airflow/example_dags/example_branch_python_dop_operator_3.py
[2024-06-30T03:54:29.782+0000] {processor.py:830} INFO - Processing file /home/airflow/.local/lib/python3.12/site-packages/airflow/example_dags/example_branch_python_dop_operator_3.py for tasks to queue
[2024-06-30T03:54:29.796+0000] {logging_mixin.py:188} INFO - [2024-06-30T03:54:29.794+0000] {dagbag.py:545} INFO - Filling up the DagBag from /home/airflow/.local/lib/python3.12/site-packages/airflow/example_dags/example_branch_python_dop_operator_3.py
[2024-06-30T03:54:29.830+0000] {processor.py:840} INFO - DAG(s) 'example_branch_dop_operator_v3' retrieved from /home/airflow/.local/lib/python3.12/site-packages/airflow/example_dags/example_branch_python_dop_operator_3.py
[2024-06-30T03:54:29.914+0000] {logging_mixin.py:188} INFO - [2024-06-30T03:54:29.913+0000] {dag.py:3096} INFO - Sync 1 DAGs
[2024-06-30T03:54:30.027+0000] {logging_mixin.py:188} INFO - [2024-06-30T03:54:30.026+0000] {dag.py:3954} INFO - Setting next_dagrun for example_branch_dop_operator_v3 to 2024-06-30 03:53:00+00:00, run_after=2024-06-30 03:54:00+00:00
[2024-06-30T03:54:30.139+0000] {processor.py:183} INFO - Processing /home/airflow/.local/lib/python3.12/site-packages/airflow/example_dags/example_branch_python_dop_operator_3.py took 0.408 seconds
[2024-06-30T03:55:00.535+0000] {processor.py:161} INFO - Started process (PID=639) to work on /home/airflow/.local/lib/python3.12/site-packages/airflow/example_dags/example_branch_python_dop_operator_3.py
[2024-06-30T03:55:00.536+0000] {processor.py:830} INFO - Processing file /home/airflow/.local/lib/python3.12/site-packages/airflow/example_dags/example_branch_python_dop_operator_3.py for tasks to queue
[2024-06-30T03:55:00.541+0000] {logging_mixin.py:188} INFO - [2024-06-30T03:55:00.540+0000] {dagbag.py:545} INFO - Filling up the DagBag from /home/airflow/.local/lib/python3.12/site-packages/airflow/example_dags/example_branch_python_dop_operator_3.py
[2024-06-30T03:55:00.559+0000] {processor.py:840} INFO - DAG(s) 'example_branch_dop_operator_v3' retrieved from /home/airflow/.local/lib/python3.12/site-packages/airflow/example_dags/example_branch_python_dop_operator_3.py
[2024-06-30T03:55:00.604+0000] {logging_mixin.py:188} INFO - [2024-06-30T03:55:00.604+0000] {dag.py:3096} INFO - Sync 1 DAGs
[2024-06-30T03:55:00.680+0000] {logging_mixin.py:188} INFO - [2024-06-30T03:55:00.680+0000] {dag.py:3954} INFO - Setting next_dagrun for example_branch_dop_operator_v3 to 2024-06-30 03:54:00+00:00, run_after=2024-06-30 03:55:00+00:00
[2024-06-30T03:55:00.737+0000] {processor.py:183} INFO - Processing /home/airflow/.local/lib/python3.12/site-packages/airflow/example_dags/example_branch_python_dop_operator_3.py took 0.210 seconds
[2024-06-30T03:55:32.419+0000] {processor.py:161} INFO - Started process (PID=698) to work on /home/airflow/.local/lib/python3.12/site-packages/airflow/example_dags/example_branch_python_dop_operator_3.py
[2024-06-30T03:55:32.422+0000] {processor.py:830} INFO - Processing file /home/airflow/.local/lib/python3.12/site-packages/airflow/example_dags/example_branch_python_dop_operator_3.py for tasks to queue
[2024-06-30T03:55:32.427+0000] {logging_mixin.py:188} INFO - [2024-06-30T03:55:32.426+0000] {dagbag.py:545} INFO - Filling up the DagBag from /home/airflow/.local/lib/python3.12/site-packages/airflow/example_dags/example_branch_python_dop_operator_3.py
[2024-06-30T03:55:32.445+0000] {processor.py:840} INFO - DAG(s) 'example_branch_dop_operator_v3' retrieved from /home/airflow/.local/lib/python3.12/site-packages/airflow/example_dags/example_branch_python_dop_operator_3.py
[2024-06-30T03:55:32.486+0000] {logging_mixin.py:188} INFO - [2024-06-30T03:55:32.486+0000] {dag.py:3096} INFO - Sync 1 DAGs
[2024-06-30T03:55:32.544+0000] {logging_mixin.py:188} INFO - [2024-06-30T03:55:32.543+0000] {dag.py:3954} INFO - Setting next_dagrun for example_branch_dop_operator_v3 to 2024-06-30 03:54:00+00:00, run_after=2024-06-30 03:55:00+00:00
[2024-06-30T03:55:32.610+0000] {processor.py:183} INFO - Processing /home/airflow/.local/lib/python3.12/site-packages/airflow/example_dags/example_branch_python_dop_operator_3.py took 0.205 seconds
[2024-06-30T03:56:08.096+0000] {processor.py:161} INFO - Started process (PID=743) to work on /home/airflow/.local/lib/python3.12/site-packages/airflow/example_dags/example_branch_python_dop_operator_3.py
[2024-06-30T03:56:08.098+0000] {processor.py:830} INFO - Processing file /home/airflow/.local/lib/python3.12/site-packages/airflow/example_dags/example_branch_python_dop_operator_3.py for tasks to queue
[2024-06-30T03:56:08.115+0000] {logging_mixin.py:188} INFO - [2024-06-30T03:56:08.113+0000] {dagbag.py:545} INFO - Filling up the DagBag from /home/airflow/.local/lib/python3.12/site-packages/airflow/example_dags/example_branch_python_dop_operator_3.py
[2024-06-30T03:56:08.176+0000] {processor.py:840} INFO - DAG(s) 'example_branch_dop_operator_v3' retrieved from /home/airflow/.local/lib/python3.12/site-packages/airflow/example_dags/example_branch_python_dop_operator_3.py
[2024-06-30T03:56:08.296+0000] {logging_mixin.py:188} INFO - [2024-06-30T03:56:08.295+0000] {dag.py:3096} INFO - Sync 1 DAGs
[2024-06-30T03:56:08.462+0000] {logging_mixin.py:188} INFO - [2024-06-30T03:56:08.461+0000] {dag.py:3954} INFO - Setting next_dagrun for example_branch_dop_operator_v3 to 2024-06-30 03:55:00+00:00, run_after=2024-06-30 03:56:00+00:00
[2024-06-30T03:56:08.597+0000] {processor.py:183} INFO - Processing /home/airflow/.local/lib/python3.12/site-packages/airflow/example_dags/example_branch_python_dop_operator_3.py took 0.547 seconds
[2024-06-30T03:56:38.983+0000] {processor.py:161} INFO - Started process (PID=801) to work on /home/airflow/.local/lib/python3.12/site-packages/airflow/example_dags/example_branch_python_dop_operator_3.py
[2024-06-30T03:56:38.989+0000] {processor.py:830} INFO - Processing file /home/airflow/.local/lib/python3.12/site-packages/airflow/example_dags/example_branch_python_dop_operator_3.py for tasks to queue
[2024-06-30T03:56:38.992+0000] {logging_mixin.py:188} INFO - [2024-06-30T03:56:38.992+0000] {dagbag.py:545} INFO - Filling up the DagBag from /home/airflow/.local/lib/python3.12/site-packages/airflow/example_dags/example_branch_python_dop_operator_3.py
[2024-06-30T03:56:39.026+0000] {processor.py:840} INFO - DAG(s) 'example_branch_dop_operator_v3' retrieved from /home/airflow/.local/lib/python3.12/site-packages/airflow/example_dags/example_branch_python_dop_operator_3.py
[2024-06-30T03:56:39.102+0000] {logging_mixin.py:188} INFO - [2024-06-30T03:56:39.100+0000] {dag.py:3096} INFO - Sync 1 DAGs
[2024-06-30T03:56:39.175+0000] {logging_mixin.py:188} INFO - [2024-06-30T03:56:39.175+0000] {dag.py:3954} INFO - Setting next_dagrun for example_branch_dop_operator_v3 to 2024-06-30 03:55:00+00:00, run_after=2024-06-30 03:56:00+00:00
[2024-06-30T03:56:39.236+0000] {processor.py:183} INFO - Processing /home/airflow/.local/lib/python3.12/site-packages/airflow/example_dags/example_branch_python_dop_operator_3.py took 0.273 seconds
[2024-06-30T03:57:14.126+0000] {processor.py:161} INFO - Started process (PID=859) to work on /home/airflow/.local/lib/python3.12/site-packages/airflow/example_dags/example_branch_python_dop_operator_3.py
[2024-06-30T03:57:14.134+0000] {processor.py:830} INFO - Processing file /home/airflow/.local/lib/python3.12/site-packages/airflow/example_dags/example_branch_python_dop_operator_3.py for tasks to queue
[2024-06-30T03:57:14.140+0000] {logging_mixin.py:188} INFO - [2024-06-30T03:57:14.139+0000] {dagbag.py:545} INFO - Filling up the DagBag from /home/airflow/.local/lib/python3.12/site-packages/airflow/example_dags/example_branch_python_dop_operator_3.py
[2024-06-30T03:57:14.191+0000] {processor.py:840} INFO - DAG(s) 'example_branch_dop_operator_v3' retrieved from /home/airflow/.local/lib/python3.12/site-packages/airflow/example_dags/example_branch_python_dop_operator_3.py
[2024-06-30T03:57:14.290+0000] {logging_mixin.py:188} INFO - [2024-06-30T03:57:14.289+0000] {dag.py:3096} INFO - Sync 1 DAGs
[2024-06-30T03:57:14.443+0000] {logging_mixin.py:188} INFO - [2024-06-30T03:57:14.443+0000] {dag.py:3954} INFO - Setting next_dagrun for example_branch_dop_operator_v3 to 2024-06-30 03:56:00+00:00, run_after=2024-06-30 03:57:00+00:00
[2024-06-30T03:57:14.609+0000] {processor.py:183} INFO - Processing /home/airflow/.local/lib/python3.12/site-packages/airflow/example_dags/example_branch_python_dop_operator_3.py took 0.508 seconds
[2024-06-30T03:57:45.156+0000] {processor.py:161} INFO - Started process (PID=917) to work on /home/airflow/.local/lib/python3.12/site-packages/airflow/example_dags/example_branch_python_dop_operator_3.py
[2024-06-30T03:57:45.158+0000] {processor.py:830} INFO - Processing file /home/airflow/.local/lib/python3.12/site-packages/airflow/example_dags/example_branch_python_dop_operator_3.py for tasks to queue
[2024-06-30T03:57:45.163+0000] {logging_mixin.py:188} INFO - [2024-06-30T03:57:45.162+0000] {dagbag.py:545} INFO - Filling up the DagBag from /home/airflow/.local/lib/python3.12/site-packages/airflow/example_dags/example_branch_python_dop_operator_3.py
[2024-06-30T03:57:45.196+0000] {processor.py:840} INFO - DAG(s) 'example_branch_dop_operator_v3' retrieved from /home/airflow/.local/lib/python3.12/site-packages/airflow/example_dags/example_branch_python_dop_operator_3.py
[2024-06-30T03:57:45.265+0000] {logging_mixin.py:188} INFO - [2024-06-30T03:57:45.264+0000] {dag.py:3096} INFO - Sync 1 DAGs
[2024-06-30T03:57:45.351+0000] {logging_mixin.py:188} INFO - [2024-06-30T03:57:45.350+0000] {dag.py:3954} INFO - Setting next_dagrun for example_branch_dop_operator_v3 to 2024-06-30 03:56:00+00:00, run_after=2024-06-30 03:57:00+00:00
[2024-06-30T03:57:45.476+0000] {processor.py:183} INFO - Processing /home/airflow/.local/lib/python3.12/site-packages/airflow/example_dags/example_branch_python_dop_operator_3.py took 0.336 seconds
[2024-06-30T03:58:15.683+0000] {processor.py:161} INFO - Started process (PID=973) to work on /home/airflow/.local/lib/python3.12/site-packages/airflow/example_dags/example_branch_python_dop_operator_3.py
[2024-06-30T03:58:15.685+0000] {processor.py:830} INFO - Processing file /home/airflow/.local/lib/python3.12/site-packages/airflow/example_dags/example_branch_python_dop_operator_3.py for tasks to queue
[2024-06-30T03:58:15.690+0000] {logging_mixin.py:188} INFO - [2024-06-30T03:58:15.689+0000] {dagbag.py:545} INFO - Filling up the DagBag from /home/airflow/.local/lib/python3.12/site-packages/airflow/example_dags/example_branch_python_dop_operator_3.py
[2024-06-30T03:58:15.710+0000] {processor.py:840} INFO - DAG(s) 'example_branch_dop_operator_v3' retrieved from /home/airflow/.local/lib/python3.12/site-packages/airflow/example_dags/example_branch_python_dop_operator_3.py
[2024-06-30T03:58:15.753+0000] {logging_mixin.py:188} INFO - [2024-06-30T03:58:15.753+0000] {dag.py:3096} INFO - Sync 1 DAGs
[2024-06-30T03:58:15.810+0000] {logging_mixin.py:188} INFO - [2024-06-30T03:58:15.809+0000] {dag.py:3954} INFO - Setting next_dagrun for example_branch_dop_operator_v3 to 2024-06-30 03:57:00+00:00, run_after=2024-06-30 03:58:00+00:00
[2024-06-30T03:58:15.915+0000] {processor.py:183} INFO - Processing /home/airflow/.local/lib/python3.12/site-packages/airflow/example_dags/example_branch_python_dop_operator_3.py took 0.243 seconds
[2024-06-30T03:58:46.561+0000] {processor.py:161} INFO - Started process (PID=1031) to work on /home/airflow/.local/lib/python3.12/site-packages/airflow/example_dags/example_branch_python_dop_operator_3.py
[2024-06-30T03:58:46.564+0000] {processor.py:830} INFO - Processing file /home/airflow/.local/lib/python3.12/site-packages/airflow/example_dags/example_branch_python_dop_operator_3.py for tasks to queue
[2024-06-30T03:58:46.568+0000] {logging_mixin.py:188} INFO - [2024-06-30T03:58:46.568+0000] {dagbag.py:545} INFO - Filling up the DagBag from /home/airflow/.local/lib/python3.12/site-packages/airflow/example_dags/example_branch_python_dop_operator_3.py
[2024-06-30T03:58:46.586+0000] {processor.py:840} INFO - DAG(s) 'example_branch_dop_operator_v3' retrieved from /home/airflow/.local/lib/python3.12/site-packages/airflow/example_dags/example_branch_python_dop_operator_3.py
[2024-06-30T03:58:46.638+0000] {logging_mixin.py:188} INFO - [2024-06-30T03:58:46.638+0000] {dag.py:3096} INFO - Sync 1 DAGs
[2024-06-30T03:58:46.743+0000] {logging_mixin.py:188} INFO - [2024-06-30T03:58:46.743+0000] {dag.py:3954} INFO - Setting next_dagrun for example_branch_dop_operator_v3 to 2024-06-30 03:57:00+00:00, run_after=2024-06-30 03:58:00+00:00
[2024-06-30T03:58:46.809+0000] {processor.py:183} INFO - Processing /home/airflow/.local/lib/python3.12/site-packages/airflow/example_dags/example_branch_python_dop_operator_3.py took 0.262 seconds
[2024-06-30T03:59:17.146+0000] {processor.py:161} INFO - Started process (PID=1089) to work on /home/airflow/.local/lib/python3.12/site-packages/airflow/example_dags/example_branch_python_dop_operator_3.py
[2024-06-30T03:59:17.148+0000] {processor.py:830} INFO - Processing file /home/airflow/.local/lib/python3.12/site-packages/airflow/example_dags/example_branch_python_dop_operator_3.py for tasks to queue
[2024-06-30T03:59:17.153+0000] {logging_mixin.py:188} INFO - [2024-06-30T03:59:17.152+0000] {dagbag.py:545} INFO - Filling up the DagBag from /home/airflow/.local/lib/python3.12/site-packages/airflow/example_dags/example_branch_python_dop_operator_3.py
[2024-06-30T03:59:17.174+0000] {processor.py:840} INFO - DAG(s) 'example_branch_dop_operator_v3' retrieved from /home/airflow/.local/lib/python3.12/site-packages/airflow/example_dags/example_branch_python_dop_operator_3.py
[2024-06-30T03:59:17.225+0000] {logging_mixin.py:188} INFO - [2024-06-30T03:59:17.225+0000] {dag.py:3096} INFO - Sync 1 DAGs
[2024-06-30T03:59:17.282+0000] {logging_mixin.py:188} INFO - [2024-06-30T03:59:17.282+0000] {dag.py:3954} INFO - Setting next_dagrun for example_branch_dop_operator_v3 to 2024-06-30 03:58:00+00:00, run_after=2024-06-30 03:59:00+00:00
[2024-06-30T03:59:17.385+0000] {processor.py:183} INFO - Processing /home/airflow/.local/lib/python3.12/site-packages/airflow/example_dags/example_branch_python_dop_operator_3.py took 0.253 seconds
[2024-06-30T03:59:49.801+0000] {processor.py:161} INFO - Started process (PID=1148) to work on /home/airflow/.local/lib/python3.12/site-packages/airflow/example_dags/example_branch_python_dop_operator_3.py
[2024-06-30T03:59:49.809+0000] {processor.py:830} INFO - Processing file /home/airflow/.local/lib/python3.12/site-packages/airflow/example_dags/example_branch_python_dop_operator_3.py for tasks to queue
[2024-06-30T03:59:49.827+0000] {logging_mixin.py:188} INFO - [2024-06-30T03:59:49.826+0000] {dagbag.py:545} INFO - Filling up the DagBag from /home/airflow/.local/lib/python3.12/site-packages/airflow/example_dags/example_branch_python_dop_operator_3.py
[2024-06-30T03:59:49.870+0000] {processor.py:840} INFO - DAG(s) 'example_branch_dop_operator_v3' retrieved from /home/airflow/.local/lib/python3.12/site-packages/airflow/example_dags/example_branch_python_dop_operator_3.py
[2024-06-30T03:59:49.964+0000] {logging_mixin.py:188} INFO - [2024-06-30T03:59:49.964+0000] {dag.py:3096} INFO - Sync 1 DAGs
[2024-06-30T03:59:50.130+0000] {logging_mixin.py:188} INFO - [2024-06-30T03:59:50.129+0000] {dag.py:3954} INFO - Setting next_dagrun for example_branch_dop_operator_v3 to 2024-06-30 03:58:00+00:00, run_after=2024-06-30 03:59:00+00:00
[2024-06-30T03:59:50.244+0000] {processor.py:183} INFO - Processing /home/airflow/.local/lib/python3.12/site-packages/airflow/example_dags/example_branch_python_dop_operator_3.py took 0.479 seconds
[2024-06-30T04:00:20.988+0000] {processor.py:161} INFO - Started process (PID=1206) to work on /home/airflow/.local/lib/python3.12/site-packages/airflow/example_dags/example_branch_python_dop_operator_3.py
[2024-06-30T04:00:20.990+0000] {processor.py:830} INFO - Processing file /home/airflow/.local/lib/python3.12/site-packages/airflow/example_dags/example_branch_python_dop_operator_3.py for tasks to queue
[2024-06-30T04:00:21.001+0000] {logging_mixin.py:188} INFO - [2024-06-30T04:00:21.000+0000] {dagbag.py:545} INFO - Filling up the DagBag from /home/airflow/.local/lib/python3.12/site-packages/airflow/example_dags/example_branch_python_dop_operator_3.py
[2024-06-30T04:00:21.019+0000] {processor.py:840} INFO - DAG(s) 'example_branch_dop_operator_v3' retrieved from /home/airflow/.local/lib/python3.12/site-packages/airflow/example_dags/example_branch_python_dop_operator_3.py
[2024-06-30T04:00:21.068+0000] {logging_mixin.py:188} INFO - [2024-06-30T04:00:21.068+0000] {dag.py:3096} INFO - Sync 1 DAGs
[2024-06-30T04:00:21.138+0000] {logging_mixin.py:188} INFO - [2024-06-30T04:00:21.137+0000] {dag.py:3954} INFO - Setting next_dagrun for example_branch_dop_operator_v3 to 2024-06-30 03:59:00+00:00, run_after=2024-06-30 04:00:00+00:00
[2024-06-30T04:00:21.267+0000] {processor.py:183} INFO - Processing /home/airflow/.local/lib/python3.12/site-packages/airflow/example_dags/example_branch_python_dop_operator_3.py took 0.295 seconds
[2024-06-30T04:00:51.504+0000] {processor.py:161} INFO - Started process (PID=1265) to work on /home/airflow/.local/lib/python3.12/site-packages/airflow/example_dags/example_branch_python_dop_operator_3.py
[2024-06-30T04:00:51.510+0000] {processor.py:830} INFO - Processing file /home/airflow/.local/lib/python3.12/site-packages/airflow/example_dags/example_branch_python_dop_operator_3.py for tasks to queue
[2024-06-30T04:00:51.516+0000] {logging_mixin.py:188} INFO - [2024-06-30T04:00:51.516+0000] {dagbag.py:545} INFO - Filling up the DagBag from /home/airflow/.local/lib/python3.12/site-packages/airflow/example_dags/example_branch_python_dop_operator_3.py
[2024-06-30T04:00:51.541+0000] {processor.py:840} INFO - DAG(s) 'example_branch_dop_operator_v3' retrieved from /home/airflow/.local/lib/python3.12/site-packages/airflow/example_dags/example_branch_python_dop_operator_3.py
[2024-06-30T04:00:51.585+0000] {logging_mixin.py:188} INFO - [2024-06-30T04:00:51.585+0000] {dag.py:3096} INFO - Sync 1 DAGs
[2024-06-30T04:00:51.661+0000] {logging_mixin.py:188} INFO - [2024-06-30T04:00:51.661+0000] {dag.py:3954} INFO - Setting next_dagrun for example_branch_dop_operator_v3 to 2024-06-30 03:59:00+00:00, run_after=2024-06-30 04:00:00+00:00
[2024-06-30T04:00:51.743+0000] {processor.py:183} INFO - Processing /home/airflow/.local/lib/python3.12/site-packages/airflow/example_dags/example_branch_python_dop_operator_3.py took 0.258 seconds
[2024-06-30T04:01:22.470+0000] {processor.py:161} INFO - Started process (PID=1323) to work on /home/airflow/.local/lib/python3.12/site-packages/airflow/example_dags/example_branch_python_dop_operator_3.py
[2024-06-30T04:01:22.473+0000] {processor.py:830} INFO - Processing file /home/airflow/.local/lib/python3.12/site-packages/airflow/example_dags/example_branch_python_dop_operator_3.py for tasks to queue
[2024-06-30T04:01:22.484+0000] {logging_mixin.py:188} INFO - [2024-06-30T04:01:22.483+0000] {dagbag.py:545} INFO - Filling up the DagBag from /home/airflow/.local/lib/python3.12/site-packages/airflow/example_dags/example_branch_python_dop_operator_3.py
[2024-06-30T04:01:22.508+0000] {processor.py:840} INFO - DAG(s) 'example_branch_dop_operator_v3' retrieved from /home/airflow/.local/lib/python3.12/site-packages/airflow/example_dags/example_branch_python_dop_operator_3.py
[2024-06-30T04:01:22.550+0000] {logging_mixin.py:188} INFO - [2024-06-30T04:01:22.548+0000] {dag.py:3096} INFO - Sync 1 DAGs
[2024-06-30T04:01:22.619+0000] {logging_mixin.py:188} INFO - [2024-06-30T04:01:22.618+0000] {dag.py:3954} INFO - Setting next_dagrun for example_branch_dop_operator_v3 to 2024-06-30 04:00:00+00:00, run_after=2024-06-30 04:01:00+00:00
[2024-06-30T04:01:22.737+0000] {processor.py:183} INFO - Processing /home/airflow/.local/lib/python3.12/site-packages/airflow/example_dags/example_branch_python_dop_operator_3.py took 0.287 seconds
[2024-06-30T04:01:53.358+0000] {processor.py:161} INFO - Started process (PID=1381) to work on /home/airflow/.local/lib/python3.12/site-packages/airflow/example_dags/example_branch_python_dop_operator_3.py
[2024-06-30T04:01:53.360+0000] {processor.py:830} INFO - Processing file /home/airflow/.local/lib/python3.12/site-packages/airflow/example_dags/example_branch_python_dop_operator_3.py for tasks to queue
[2024-06-30T04:01:53.373+0000] {logging_mixin.py:188} INFO - [2024-06-30T04:01:53.372+0000] {dagbag.py:545} INFO - Filling up the DagBag from /home/airflow/.local/lib/python3.12/site-packages/airflow/example_dags/example_branch_python_dop_operator_3.py
[2024-06-30T04:01:53.410+0000] {processor.py:840} INFO - DAG(s) 'example_branch_dop_operator_v3' retrieved from /home/airflow/.local/lib/python3.12/site-packages/airflow/example_dags/example_branch_python_dop_operator_3.py
[2024-06-30T04:01:53.559+0000] {logging_mixin.py:188} INFO - [2024-06-30T04:01:53.551+0000] {dag.py:3096} INFO - Sync 1 DAGs
[2024-06-30T04:01:53.662+0000] {logging_mixin.py:188} INFO - [2024-06-30T04:01:53.662+0000] {dag.py:3954} INFO - Setting next_dagrun for example_branch_dop_operator_v3 to 2024-06-30 04:00:00+00:00, run_after=2024-06-30 04:01:00+00:00
[2024-06-30T04:01:53.842+0000] {processor.py:183} INFO - Processing /home/airflow/.local/lib/python3.12/site-packages/airflow/example_dags/example_branch_python_dop_operator_3.py took 0.513 seconds
[2024-06-30T04:02:24.179+0000] {processor.py:161} INFO - Started process (PID=1439) to work on /home/airflow/.local/lib/python3.12/site-packages/airflow/example_dags/example_branch_python_dop_operator_3.py
[2024-06-30T04:02:24.183+0000] {processor.py:830} INFO - Processing file /home/airflow/.local/lib/python3.12/site-packages/airflow/example_dags/example_branch_python_dop_operator_3.py for tasks to queue
[2024-06-30T04:02:24.198+0000] {logging_mixin.py:188} INFO - [2024-06-30T04:02:24.197+0000] {dagbag.py:545} INFO - Filling up the DagBag from /home/airflow/.local/lib/python3.12/site-packages/airflow/example_dags/example_branch_python_dop_operator_3.py
[2024-06-30T04:02:24.240+0000] {processor.py:840} INFO - DAG(s) 'example_branch_dop_operator_v3' retrieved from /home/airflow/.local/lib/python3.12/site-packages/airflow/example_dags/example_branch_python_dop_operator_3.py
[2024-06-30T04:02:24.303+0000] {logging_mixin.py:188} INFO - [2024-06-30T04:02:24.303+0000] {dag.py:3096} INFO - Sync 1 DAGs
[2024-06-30T04:02:24.393+0000] {logging_mixin.py:188} INFO - [2024-06-30T04:02:24.392+0000] {dag.py:3954} INFO - Setting next_dagrun for example_branch_dop_operator_v3 to 2024-06-30 04:01:00+00:00, run_after=2024-06-30 04:02:00+00:00
[2024-06-30T04:02:24.505+0000] {processor.py:183} INFO - Processing /home/airflow/.local/lib/python3.12/site-packages/airflow/example_dags/example_branch_python_dop_operator_3.py took 0.360 seconds
[2024-06-30T04:02:54.931+0000] {processor.py:161} INFO - Started process (PID=1497) to work on /home/airflow/.local/lib/python3.12/site-packages/airflow/example_dags/example_branch_python_dop_operator_3.py
[2024-06-30T04:02:54.934+0000] {processor.py:830} INFO - Processing file /home/airflow/.local/lib/python3.12/site-packages/airflow/example_dags/example_branch_python_dop_operator_3.py for tasks to queue
[2024-06-30T04:02:54.939+0000] {logging_mixin.py:188} INFO - [2024-06-30T04:02:54.938+0000] {dagbag.py:545} INFO - Filling up the DagBag from /home/airflow/.local/lib/python3.12/site-packages/airflow/example_dags/example_branch_python_dop_operator_3.py
[2024-06-30T04:02:54.974+0000] {processor.py:840} INFO - DAG(s) 'example_branch_dop_operator_v3' retrieved from /home/airflow/.local/lib/python3.12/site-packages/airflow/example_dags/example_branch_python_dop_operator_3.py
[2024-06-30T04:02:55.048+0000] {logging_mixin.py:188} INFO - [2024-06-30T04:02:55.047+0000] {dag.py:3096} INFO - Sync 1 DAGs
[2024-06-30T04:02:55.144+0000] {logging_mixin.py:188} INFO - [2024-06-30T04:02:55.144+0000] {dag.py:3954} INFO - Setting next_dagrun for example_branch_dop_operator_v3 to 2024-06-30 04:01:00+00:00, run_after=2024-06-30 04:02:00+00:00
[2024-06-30T04:02:55.303+0000] {processor.py:183} INFO - Processing /home/airflow/.local/lib/python3.12/site-packages/airflow/example_dags/example_branch_python_dop_operator_3.py took 0.392 seconds
[2024-06-30T04:03:26.352+0000] {processor.py:161} INFO - Started process (PID=1555) to work on /home/airflow/.local/lib/python3.12/site-packages/airflow/example_dags/example_branch_python_dop_operator_3.py
[2024-06-30T04:03:26.355+0000] {processor.py:830} INFO - Processing file /home/airflow/.local/lib/python3.12/site-packages/airflow/example_dags/example_branch_python_dop_operator_3.py for tasks to queue
[2024-06-30T04:03:26.363+0000] {logging_mixin.py:188} INFO - [2024-06-30T04:03:26.362+0000] {dagbag.py:545} INFO - Filling up the DagBag from /home/airflow/.local/lib/python3.12/site-packages/airflow/example_dags/example_branch_python_dop_operator_3.py
[2024-06-30T04:03:26.399+0000] {processor.py:840} INFO - DAG(s) 'example_branch_dop_operator_v3' retrieved from /home/airflow/.local/lib/python3.12/site-packages/airflow/example_dags/example_branch_python_dop_operator_3.py
[2024-06-30T04:03:26.448+0000] {logging_mixin.py:188} INFO - [2024-06-30T04:03:26.447+0000] {dag.py:3096} INFO - Sync 1 DAGs
[2024-06-30T04:03:26.530+0000] {logging_mixin.py:188} INFO - [2024-06-30T04:03:26.530+0000] {dag.py:3954} INFO - Setting next_dagrun for example_branch_dop_operator_v3 to 2024-06-30 04:02:00+00:00, run_after=2024-06-30 04:03:00+00:00
[2024-06-30T04:03:26.629+0000] {processor.py:183} INFO - Processing /home/airflow/.local/lib/python3.12/site-packages/airflow/example_dags/example_branch_python_dop_operator_3.py took 0.293 seconds
[2024-06-30T04:03:57.998+0000] {processor.py:161} INFO - Started process (PID=1613) to work on /home/airflow/.local/lib/python3.12/site-packages/airflow/example_dags/example_branch_python_dop_operator_3.py
[2024-06-30T04:03:58.000+0000] {processor.py:830} INFO - Processing file /home/airflow/.local/lib/python3.12/site-packages/airflow/example_dags/example_branch_python_dop_operator_3.py for tasks to queue
[2024-06-30T04:03:58.005+0000] {logging_mixin.py:188} INFO - [2024-06-30T04:03:58.004+0000] {dagbag.py:545} INFO - Filling up the DagBag from /home/airflow/.local/lib/python3.12/site-packages/airflow/example_dags/example_branch_python_dop_operator_3.py
[2024-06-30T04:03:58.036+0000] {processor.py:840} INFO - DAG(s) 'example_branch_dop_operator_v3' retrieved from /home/airflow/.local/lib/python3.12/site-packages/airflow/example_dags/example_branch_python_dop_operator_3.py
[2024-06-30T04:03:58.104+0000] {logging_mixin.py:188} INFO - [2024-06-30T04:03:58.104+0000] {dag.py:3096} INFO - Sync 1 DAGs
[2024-06-30T04:03:58.196+0000] {logging_mixin.py:188} INFO - [2024-06-30T04:03:58.196+0000] {dag.py:3954} INFO - Setting next_dagrun for example_branch_dop_operator_v3 to 2024-06-30 04:02:00+00:00, run_after=2024-06-30 04:03:00+00:00
[2024-06-30T04:03:58.369+0000] {processor.py:183} INFO - Processing /home/airflow/.local/lib/python3.12/site-packages/airflow/example_dags/example_branch_python_dop_operator_3.py took 0.388 seconds
[2024-06-30T04:04:31.231+0000] {processor.py:161} INFO - Started process (PID=1670) to work on /home/airflow/.local/lib/python3.12/site-packages/airflow/example_dags/example_branch_python_dop_operator_3.py
[2024-06-30T04:04:31.233+0000] {processor.py:830} INFO - Processing file /home/airflow/.local/lib/python3.12/site-packages/airflow/example_dags/example_branch_python_dop_operator_3.py for tasks to queue
[2024-06-30T04:04:31.242+0000] {logging_mixin.py:188} INFO - [2024-06-30T04:04:31.240+0000] {dagbag.py:545} INFO - Filling up the DagBag from /home/airflow/.local/lib/python3.12/site-packages/airflow/example_dags/example_branch_python_dop_operator_3.py
[2024-06-30T04:04:31.269+0000] {processor.py:840} INFO - DAG(s) 'example_branch_dop_operator_v3' retrieved from /home/airflow/.local/lib/python3.12/site-packages/airflow/example_dags/example_branch_python_dop_operator_3.py
[2024-06-30T04:04:31.356+0000] {logging_mixin.py:188} INFO - [2024-06-30T04:04:31.355+0000] {dag.py:3096} INFO - Sync 1 DAGs
[2024-06-30T04:04:31.467+0000] {logging_mixin.py:188} INFO - [2024-06-30T04:04:31.465+0000] {dag.py:3954} INFO - Setting next_dagrun for example_branch_dop_operator_v3 to 2024-06-30 04:03:00+00:00, run_after=2024-06-30 04:04:00+00:00
[2024-06-30T04:04:31.616+0000] {processor.py:183} INFO - Processing /home/airflow/.local/lib/python3.12/site-packages/airflow/example_dags/example_branch_python_dop_operator_3.py took 0.436 seconds
[2024-06-30T04:05:05.048+0000] {processor.py:161} INFO - Started process (PID=1737) to work on /home/airflow/.local/lib/python3.12/site-packages/airflow/example_dags/example_branch_python_dop_operator_3.py
[2024-06-30T04:05:05.063+0000] {processor.py:830} INFO - Processing file /home/airflow/.local/lib/python3.12/site-packages/airflow/example_dags/example_branch_python_dop_operator_3.py for tasks to queue
[2024-06-30T04:05:05.092+0000] {logging_mixin.py:188} INFO - [2024-06-30T04:05:05.079+0000] {dagbag.py:545} INFO - Filling up the DagBag from /home/airflow/.local/lib/python3.12/site-packages/airflow/example_dags/example_branch_python_dop_operator_3.py
[2024-06-30T04:05:05.159+0000] {processor.py:840} INFO - DAG(s) 'example_branch_dop_operator_v3' retrieved from /home/airflow/.local/lib/python3.12/site-packages/airflow/example_dags/example_branch_python_dop_operator_3.py
[2024-06-30T04:05:05.293+0000] {logging_mixin.py:188} INFO - [2024-06-30T04:05:05.292+0000] {dag.py:3096} INFO - Sync 1 DAGs
[2024-06-30T04:05:05.389+0000] {logging_mixin.py:188} INFO - [2024-06-30T04:05:05.389+0000] {dag.py:3954} INFO - Setting next_dagrun for example_branch_dop_operator_v3 to 2024-06-30 04:04:00+00:00, run_after=2024-06-30 04:05:00+00:00
[2024-06-30T04:05:05.509+0000] {processor.py:183} INFO - Processing /home/airflow/.local/lib/python3.12/site-packages/airflow/example_dags/example_branch_python_dop_operator_3.py took 0.501 seconds
[2024-06-30T04:05:37.795+0000] {processor.py:161} INFO - Started process (PID=1795) to work on /home/airflow/.local/lib/python3.12/site-packages/airflow/example_dags/example_branch_python_dop_operator_3.py
[2024-06-30T04:05:37.800+0000] {processor.py:830} INFO - Processing file /home/airflow/.local/lib/python3.12/site-packages/airflow/example_dags/example_branch_python_dop_operator_3.py for tasks to queue
[2024-06-30T04:05:37.806+0000] {logging_mixin.py:188} INFO - [2024-06-30T04:05:37.805+0000] {dagbag.py:545} INFO - Filling up the DagBag from /home/airflow/.local/lib/python3.12/site-packages/airflow/example_dags/example_branch_python_dop_operator_3.py
[2024-06-30T04:05:37.828+0000] {processor.py:840} INFO - DAG(s) 'example_branch_dop_operator_v3' retrieved from /home/airflow/.local/lib/python3.12/site-packages/airflow/example_dags/example_branch_python_dop_operator_3.py
[2024-06-30T04:05:37.883+0000] {logging_mixin.py:188} INFO - [2024-06-30T04:05:37.883+0000] {dag.py:3096} INFO - Sync 1 DAGs
[2024-06-30T04:05:38.362+0000] {logging_mixin.py:188} INFO - [2024-06-30T04:05:38.362+0000] {dag.py:3954} INFO - Setting next_dagrun for example_branch_dop_operator_v3 to 2024-06-30 04:04:00+00:00, run_after=2024-06-30 04:05:00+00:00
[2024-06-30T04:05:38.455+0000] {processor.py:183} INFO - Processing /home/airflow/.local/lib/python3.12/site-packages/airflow/example_dags/example_branch_python_dop_operator_3.py took 0.675 seconds
[2024-06-30T04:06:08.581+0000] {processor.py:161} INFO - Started process (PID=1853) to work on /home/airflow/.local/lib/python3.12/site-packages/airflow/example_dags/example_branch_python_dop_operator_3.py
[2024-06-30T04:06:08.583+0000] {processor.py:830} INFO - Processing file /home/airflow/.local/lib/python3.12/site-packages/airflow/example_dags/example_branch_python_dop_operator_3.py for tasks to queue
[2024-06-30T04:06:08.593+0000] {logging_mixin.py:188} INFO - [2024-06-30T04:06:08.593+0000] {dagbag.py:545} INFO - Filling up the DagBag from /home/airflow/.local/lib/python3.12/site-packages/airflow/example_dags/example_branch_python_dop_operator_3.py
[2024-06-30T04:06:08.617+0000] {processor.py:840} INFO - DAG(s) 'example_branch_dop_operator_v3' retrieved from /home/airflow/.local/lib/python3.12/site-packages/airflow/example_dags/example_branch_python_dop_operator_3.py
[2024-06-30T04:06:08.679+0000] {logging_mixin.py:188} INFO - [2024-06-30T04:06:08.679+0000] {dag.py:3096} INFO - Sync 1 DAGs
[2024-06-30T04:06:08.795+0000] {logging_mixin.py:188} INFO - [2024-06-30T04:06:08.795+0000] {dag.py:3954} INFO - Setting next_dagrun for example_branch_dop_operator_v3 to 2024-06-30 04:05:00+00:00, run_after=2024-06-30 04:06:00+00:00
[2024-06-30T04:06:09.143+0000] {processor.py:183} INFO - Processing /home/airflow/.local/lib/python3.12/site-packages/airflow/example_dags/example_branch_python_dop_operator_3.py took 0.579 seconds
[2024-06-30T04:06:40.184+0000] {processor.py:161} INFO - Started process (PID=1912) to work on /home/airflow/.local/lib/python3.12/site-packages/airflow/example_dags/example_branch_python_dop_operator_3.py
[2024-06-30T04:06:40.186+0000] {processor.py:830} INFO - Processing file /home/airflow/.local/lib/python3.12/site-packages/airflow/example_dags/example_branch_python_dop_operator_3.py for tasks to queue
[2024-06-30T04:06:40.198+0000] {logging_mixin.py:188} INFO - [2024-06-30T04:06:40.197+0000] {dagbag.py:545} INFO - Filling up the DagBag from /home/airflow/.local/lib/python3.12/site-packages/airflow/example_dags/example_branch_python_dop_operator_3.py
[2024-06-30T04:06:40.231+0000] {processor.py:840} INFO - DAG(s) 'example_branch_dop_operator_v3' retrieved from /home/airflow/.local/lib/python3.12/site-packages/airflow/example_dags/example_branch_python_dop_operator_3.py
[2024-06-30T04:06:40.312+0000] {logging_mixin.py:188} INFO - [2024-06-30T04:06:40.311+0000] {dag.py:3096} INFO - Sync 1 DAGs
[2024-06-30T04:06:40.411+0000] {logging_mixin.py:188} INFO - [2024-06-30T04:06:40.410+0000] {dag.py:3954} INFO - Setting next_dagrun for example_branch_dop_operator_v3 to 2024-06-30 04:05:00+00:00, run_after=2024-06-30 04:06:00+00:00
[2024-06-30T04:06:40.542+0000] {processor.py:183} INFO - Processing /home/airflow/.local/lib/python3.12/site-packages/airflow/example_dags/example_branch_python_dop_operator_3.py took 0.374 seconds
[2024-06-30T04:07:11.112+0000] {processor.py:161} INFO - Started process (PID=1970) to work on /home/airflow/.local/lib/python3.12/site-packages/airflow/example_dags/example_branch_python_dop_operator_3.py
[2024-06-30T04:07:11.117+0000] {processor.py:830} INFO - Processing file /home/airflow/.local/lib/python3.12/site-packages/airflow/example_dags/example_branch_python_dop_operator_3.py for tasks to queue
[2024-06-30T04:07:11.121+0000] {logging_mixin.py:188} INFO - [2024-06-30T04:07:11.120+0000] {dagbag.py:545} INFO - Filling up the DagBag from /home/airflow/.local/lib/python3.12/site-packages/airflow/example_dags/example_branch_python_dop_operator_3.py
[2024-06-30T04:07:11.188+0000] {processor.py:840} INFO - DAG(s) 'example_branch_dop_operator_v3' retrieved from /home/airflow/.local/lib/python3.12/site-packages/airflow/example_dags/example_branch_python_dop_operator_3.py
[2024-06-30T04:07:11.388+0000] {logging_mixin.py:188} INFO - [2024-06-30T04:07:11.377+0000] {dag.py:3096} INFO - Sync 1 DAGs
[2024-06-30T04:07:11.524+0000] {logging_mixin.py:188} INFO - [2024-06-30T04:07:11.523+0000] {dag.py:3954} INFO - Setting next_dagrun for example_branch_dop_operator_v3 to 2024-06-30 04:06:00+00:00, run_after=2024-06-30 04:07:00+00:00
[2024-06-30T04:07:11.796+0000] {processor.py:183} INFO - Processing /home/airflow/.local/lib/python3.12/site-packages/airflow/example_dags/example_branch_python_dop_operator_3.py took 0.717 seconds
[2024-06-30T04:07:41.940+0000] {processor.py:161} INFO - Started process (PID=2028) to work on /home/airflow/.local/lib/python3.12/site-packages/airflow/example_dags/example_branch_python_dop_operator_3.py
[2024-06-30T04:07:41.942+0000] {processor.py:830} INFO - Processing file /home/airflow/.local/lib/python3.12/site-packages/airflow/example_dags/example_branch_python_dop_operator_3.py for tasks to queue
[2024-06-30T04:07:41.954+0000] {logging_mixin.py:188} INFO - [2024-06-30T04:07:41.953+0000] {dagbag.py:545} INFO - Filling up the DagBag from /home/airflow/.local/lib/python3.12/site-packages/airflow/example_dags/example_branch_python_dop_operator_3.py
[2024-06-30T04:07:41.977+0000] {processor.py:840} INFO - DAG(s) 'example_branch_dop_operator_v3' retrieved from /home/airflow/.local/lib/python3.12/site-packages/airflow/example_dags/example_branch_python_dop_operator_3.py
[2024-06-30T04:07:42.106+0000] {logging_mixin.py:188} INFO - [2024-06-30T04:07:42.106+0000] {dag.py:3096} INFO - Sync 1 DAGs
[2024-06-30T04:07:42.249+0000] {logging_mixin.py:188} INFO - [2024-06-30T04:07:42.240+0000] {dag.py:3954} INFO - Setting next_dagrun for example_branch_dop_operator_v3 to 2024-06-30 04:06:00+00:00, run_after=2024-06-30 04:07:00+00:00
[2024-06-30T04:07:42.363+0000] {processor.py:183} INFO - Processing /home/airflow/.local/lib/python3.12/site-packages/airflow/example_dags/example_branch_python_dop_operator_3.py took 0.443 seconds
[2024-06-30T04:08:13.071+0000] {processor.py:161} INFO - Started process (PID=2086) to work on /home/airflow/.local/lib/python3.12/site-packages/airflow/example_dags/example_branch_python_dop_operator_3.py
[2024-06-30T04:08:13.073+0000] {processor.py:830} INFO - Processing file /home/airflow/.local/lib/python3.12/site-packages/airflow/example_dags/example_branch_python_dop_operator_3.py for tasks to queue
[2024-06-30T04:08:13.077+0000] {logging_mixin.py:188} INFO - [2024-06-30T04:08:13.076+0000] {dagbag.py:545} INFO - Filling up the DagBag from /home/airflow/.local/lib/python3.12/site-packages/airflow/example_dags/example_branch_python_dop_operator_3.py
[2024-06-30T04:08:13.098+0000] {processor.py:840} INFO - DAG(s) 'example_branch_dop_operator_v3' retrieved from /home/airflow/.local/lib/python3.12/site-packages/airflow/example_dags/example_branch_python_dop_operator_3.py
[2024-06-30T04:08:13.148+0000] {logging_mixin.py:188} INFO - [2024-06-30T04:08:13.147+0000] {dag.py:3096} INFO - Sync 1 DAGs
[2024-06-30T04:08:13.221+0000] {logging_mixin.py:188} INFO - [2024-06-30T04:08:13.221+0000] {dag.py:3954} INFO - Setting next_dagrun for example_branch_dop_operator_v3 to 2024-06-30 04:07:00+00:00, run_after=2024-06-30 04:08:00+00:00
[2024-06-30T04:08:13.257+0000] {processor.py:183} INFO - Processing /home/airflow/.local/lib/python3.12/site-packages/airflow/example_dags/example_branch_python_dop_operator_3.py took 0.202 seconds
[2024-06-30T04:08:48.044+0000] {processor.py:161} INFO - Started process (PID=2144) to work on /home/airflow/.local/lib/python3.12/site-packages/airflow/example_dags/example_branch_python_dop_operator_3.py
[2024-06-30T04:08:48.065+0000] {processor.py:830} INFO - Processing file /home/airflow/.local/lib/python3.12/site-packages/airflow/example_dags/example_branch_python_dop_operator_3.py for tasks to queue
[2024-06-30T04:08:48.081+0000] {logging_mixin.py:188} INFO - [2024-06-30T04:08:48.069+0000] {dagbag.py:545} INFO - Filling up the DagBag from /home/airflow/.local/lib/python3.12/site-packages/airflow/example_dags/example_branch_python_dop_operator_3.py
[2024-06-30T04:08:48.148+0000] {processor.py:840} INFO - DAG(s) 'example_branch_dop_operator_v3' retrieved from /home/airflow/.local/lib/python3.12/site-packages/airflow/example_dags/example_branch_python_dop_operator_3.py
[2024-06-30T04:08:48.293+0000] {logging_mixin.py:188} INFO - [2024-06-30T04:08:48.293+0000] {dag.py:3096} INFO - Sync 1 DAGs
[2024-06-30T04:08:48.522+0000] {logging_mixin.py:188} INFO - [2024-06-30T04:08:48.522+0000] {dag.py:3954} INFO - Setting next_dagrun for example_branch_dop_operator_v3 to 2024-06-30 04:07:00+00:00, run_after=2024-06-30 04:08:00+00:00
[2024-06-30T04:08:48.670+0000] {processor.py:183} INFO - Processing /home/airflow/.local/lib/python3.12/site-packages/airflow/example_dags/example_branch_python_dop_operator_3.py took 0.661 seconds
[2024-06-30T04:09:19.263+0000] {processor.py:161} INFO - Started process (PID=2202) to work on /home/airflow/.local/lib/python3.12/site-packages/airflow/example_dags/example_branch_python_dop_operator_3.py
[2024-06-30T04:09:19.283+0000] {processor.py:830} INFO - Processing file /home/airflow/.local/lib/python3.12/site-packages/airflow/example_dags/example_branch_python_dop_operator_3.py for tasks to queue
[2024-06-30T04:09:19.287+0000] {logging_mixin.py:188} INFO - [2024-06-30T04:09:19.286+0000] {dagbag.py:545} INFO - Filling up the DagBag from /home/airflow/.local/lib/python3.12/site-packages/airflow/example_dags/example_branch_python_dop_operator_3.py
[2024-06-30T04:09:19.341+0000] {processor.py:840} INFO - DAG(s) 'example_branch_dop_operator_v3' retrieved from /home/airflow/.local/lib/python3.12/site-packages/airflow/example_dags/example_branch_python_dop_operator_3.py
[2024-06-30T04:09:19.460+0000] {logging_mixin.py:188} INFO - [2024-06-30T04:09:19.459+0000] {dag.py:3096} INFO - Sync 1 DAGs
[2024-06-30T04:09:19.746+0000] {logging_mixin.py:188} INFO - [2024-06-30T04:09:19.746+0000] {dag.py:3954} INFO - Setting next_dagrun for example_branch_dop_operator_v3 to 2024-06-30 04:08:00+00:00, run_after=2024-06-30 04:09:00+00:00
[2024-06-30T04:09:19.942+0000] {processor.py:183} INFO - Processing /home/airflow/.local/lib/python3.12/site-packages/airflow/example_dags/example_branch_python_dop_operator_3.py took 0.703 seconds
[2024-06-30T04:09:50.607+0000] {processor.py:161} INFO - Started process (PID=2261) to work on /home/airflow/.local/lib/python3.12/site-packages/airflow/example_dags/example_branch_python_dop_operator_3.py
[2024-06-30T04:09:50.609+0000] {processor.py:830} INFO - Processing file /home/airflow/.local/lib/python3.12/site-packages/airflow/example_dags/example_branch_python_dop_operator_3.py for tasks to queue
[2024-06-30T04:09:50.615+0000] {logging_mixin.py:188} INFO - [2024-06-30T04:09:50.614+0000] {dagbag.py:545} INFO - Filling up the DagBag from /home/airflow/.local/lib/python3.12/site-packages/airflow/example_dags/example_branch_python_dop_operator_3.py
[2024-06-30T04:09:50.637+0000] {processor.py:840} INFO - DAG(s) 'example_branch_dop_operator_v3' retrieved from /home/airflow/.local/lib/python3.12/site-packages/airflow/example_dags/example_branch_python_dop_operator_3.py
[2024-06-30T04:09:50.738+0000] {logging_mixin.py:188} INFO - [2024-06-30T04:09:50.737+0000] {dag.py:3096} INFO - Sync 1 DAGs
[2024-06-30T04:09:50.824+0000] {logging_mixin.py:188} INFO - [2024-06-30T04:09:50.824+0000] {dag.py:3954} INFO - Setting next_dagrun for example_branch_dop_operator_v3 to 2024-06-30 04:08:00+00:00, run_after=2024-06-30 04:09:00+00:00
[2024-06-30T04:09:50.882+0000] {processor.py:183} INFO - Processing /home/airflow/.local/lib/python3.12/site-packages/airflow/example_dags/example_branch_python_dop_operator_3.py took 0.285 seconds
[2024-06-30T04:10:21.253+0000] {processor.py:161} INFO - Started process (PID=2319) to work on /home/airflow/.local/lib/python3.12/site-packages/airflow/example_dags/example_branch_python_dop_operator_3.py
[2024-06-30T04:10:21.260+0000] {processor.py:830} INFO - Processing file /home/airflow/.local/lib/python3.12/site-packages/airflow/example_dags/example_branch_python_dop_operator_3.py for tasks to queue
[2024-06-30T04:10:21.266+0000] {logging_mixin.py:188} INFO - [2024-06-30T04:10:21.265+0000] {dagbag.py:545} INFO - Filling up the DagBag from /home/airflow/.local/lib/python3.12/site-packages/airflow/example_dags/example_branch_python_dop_operator_3.py
[2024-06-30T04:10:21.310+0000] {processor.py:840} INFO - DAG(s) 'example_branch_dop_operator_v3' retrieved from /home/airflow/.local/lib/python3.12/site-packages/airflow/example_dags/example_branch_python_dop_operator_3.py
[2024-06-30T04:10:21.394+0000] {logging_mixin.py:188} INFO - [2024-06-30T04:10:21.394+0000] {dag.py:3096} INFO - Sync 1 DAGs
[2024-06-30T04:10:21.490+0000] {logging_mixin.py:188} INFO - [2024-06-30T04:10:21.489+0000] {dag.py:3954} INFO - Setting next_dagrun for example_branch_dop_operator_v3 to 2024-06-30 04:09:00+00:00, run_after=2024-06-30 04:10:00+00:00
[2024-06-30T04:10:21.534+0000] {processor.py:183} INFO - Processing /home/airflow/.local/lib/python3.12/site-packages/airflow/example_dags/example_branch_python_dop_operator_3.py took 0.306 seconds
[2024-06-30T04:10:51.656+0000] {processor.py:161} INFO - Started process (PID=2377) to work on /home/airflow/.local/lib/python3.12/site-packages/airflow/example_dags/example_branch_python_dop_operator_3.py
[2024-06-30T04:10:51.658+0000] {processor.py:830} INFO - Processing file /home/airflow/.local/lib/python3.12/site-packages/airflow/example_dags/example_branch_python_dop_operator_3.py for tasks to queue
[2024-06-30T04:10:51.664+0000] {logging_mixin.py:188} INFO - [2024-06-30T04:10:51.663+0000] {dagbag.py:545} INFO - Filling up the DagBag from /home/airflow/.local/lib/python3.12/site-packages/airflow/example_dags/example_branch_python_dop_operator_3.py
[2024-06-30T04:10:51.681+0000] {processor.py:840} INFO - DAG(s) 'example_branch_dop_operator_v3' retrieved from /home/airflow/.local/lib/python3.12/site-packages/airflow/example_dags/example_branch_python_dop_operator_3.py
[2024-06-30T04:10:51.728+0000] {logging_mixin.py:188} INFO - [2024-06-30T04:10:51.727+0000] {dag.py:3096} INFO - Sync 1 DAGs
[2024-06-30T04:10:51.828+0000] {logging_mixin.py:188} INFO - [2024-06-30T04:10:51.828+0000] {dag.py:3954} INFO - Setting next_dagrun for example_branch_dop_operator_v3 to 2024-06-30 04:09:00+00:00, run_after=2024-06-30 04:10:00+00:00
[2024-06-30T04:10:51.920+0000] {processor.py:183} INFO - Processing /home/airflow/.local/lib/python3.12/site-packages/airflow/example_dags/example_branch_python_dop_operator_3.py took 0.275 seconds
[2024-06-30T04:11:22.524+0000] {processor.py:161} INFO - Started process (PID=2435) to work on /home/airflow/.local/lib/python3.12/site-packages/airflow/example_dags/example_branch_python_dop_operator_3.py
[2024-06-30T04:11:22.525+0000] {processor.py:830} INFO - Processing file /home/airflow/.local/lib/python3.12/site-packages/airflow/example_dags/example_branch_python_dop_operator_3.py for tasks to queue
[2024-06-30T04:11:22.528+0000] {logging_mixin.py:188} INFO - [2024-06-30T04:11:22.528+0000] {dagbag.py:545} INFO - Filling up the DagBag from /home/airflow/.local/lib/python3.12/site-packages/airflow/example_dags/example_branch_python_dop_operator_3.py
[2024-06-30T04:11:22.546+0000] {processor.py:840} INFO - DAG(s) 'example_branch_dop_operator_v3' retrieved from /home/airflow/.local/lib/python3.12/site-packages/airflow/example_dags/example_branch_python_dop_operator_3.py
[2024-06-30T04:11:22.584+0000] {logging_mixin.py:188} INFO - [2024-06-30T04:11:22.583+0000] {dag.py:3096} INFO - Sync 1 DAGs
[2024-06-30T04:11:22.637+0000] {logging_mixin.py:188} INFO - [2024-06-30T04:11:22.637+0000] {dag.py:3954} INFO - Setting next_dagrun for example_branch_dop_operator_v3 to 2024-06-30 04:10:00+00:00, run_after=2024-06-30 04:11:00+00:00
[2024-06-30T04:11:22.687+0000] {processor.py:183} INFO - Processing /home/airflow/.local/lib/python3.12/site-packages/airflow/example_dags/example_branch_python_dop_operator_3.py took 0.172 seconds
[2024-06-30T04:11:52.965+0000] {processor.py:161} INFO - Started process (PID=2492) to work on /home/airflow/.local/lib/python3.12/site-packages/airflow/example_dags/example_branch_python_dop_operator_3.py
[2024-06-30T04:11:52.966+0000] {processor.py:830} INFO - Processing file /home/airflow/.local/lib/python3.12/site-packages/airflow/example_dags/example_branch_python_dop_operator_3.py for tasks to queue
[2024-06-30T04:11:52.969+0000] {logging_mixin.py:188} INFO - [2024-06-30T04:11:52.969+0000] {dagbag.py:545} INFO - Filling up the DagBag from /home/airflow/.local/lib/python3.12/site-packages/airflow/example_dags/example_branch_python_dop_operator_3.py
[2024-06-30T04:11:52.981+0000] {processor.py:840} INFO - DAG(s) 'example_branch_dop_operator_v3' retrieved from /home/airflow/.local/lib/python3.12/site-packages/airflow/example_dags/example_branch_python_dop_operator_3.py
[2024-06-30T04:11:53.018+0000] {logging_mixin.py:188} INFO - [2024-06-30T04:11:53.018+0000] {dag.py:3096} INFO - Sync 1 DAGs
[2024-06-30T04:11:53.071+0000] {logging_mixin.py:188} INFO - [2024-06-30T04:11:53.071+0000] {dag.py:3954} INFO - Setting next_dagrun for example_branch_dop_operator_v3 to 2024-06-30 04:10:00+00:00, run_after=2024-06-30 04:11:00+00:00
[2024-06-30T04:11:53.110+0000] {processor.py:183} INFO - Processing /home/airflow/.local/lib/python3.12/site-packages/airflow/example_dags/example_branch_python_dop_operator_3.py took 0.156 seconds
[2024-06-30T04:12:23.695+0000] {processor.py:161} INFO - Started process (PID=2548) to work on /home/airflow/.local/lib/python3.12/site-packages/airflow/example_dags/example_branch_python_dop_operator_3.py
[2024-06-30T04:12:23.696+0000] {processor.py:830} INFO - Processing file /home/airflow/.local/lib/python3.12/site-packages/airflow/example_dags/example_branch_python_dop_operator_3.py for tasks to queue
[2024-06-30T04:12:23.700+0000] {logging_mixin.py:188} INFO - [2024-06-30T04:12:23.699+0000] {dagbag.py:545} INFO - Filling up the DagBag from /home/airflow/.local/lib/python3.12/site-packages/airflow/example_dags/example_branch_python_dop_operator_3.py
[2024-06-30T04:12:23.715+0000] {processor.py:840} INFO - DAG(s) 'example_branch_dop_operator_v3' retrieved from /home/airflow/.local/lib/python3.12/site-packages/airflow/example_dags/example_branch_python_dop_operator_3.py
[2024-06-30T04:12:23.759+0000] {logging_mixin.py:188} INFO - [2024-06-30T04:12:23.759+0000] {dag.py:3096} INFO - Sync 1 DAGs
[2024-06-30T04:12:23.806+0000] {logging_mixin.py:188} INFO - [2024-06-30T04:12:23.806+0000] {dag.py:3954} INFO - Setting next_dagrun for example_branch_dop_operator_v3 to 2024-06-30 04:11:00+00:00, run_after=2024-06-30 04:12:00+00:00
[2024-06-30T04:12:23.840+0000] {processor.py:183} INFO - Processing /home/airflow/.local/lib/python3.12/site-packages/airflow/example_dags/example_branch_python_dop_operator_3.py took 0.157 seconds
[2024-06-30T04:12:54.217+0000] {processor.py:161} INFO - Started process (PID=2606) to work on /home/airflow/.local/lib/python3.12/site-packages/airflow/example_dags/example_branch_python_dop_operator_3.py
[2024-06-30T04:12:54.219+0000] {processor.py:830} INFO - Processing file /home/airflow/.local/lib/python3.12/site-packages/airflow/example_dags/example_branch_python_dop_operator_3.py for tasks to queue
[2024-06-30T04:12:54.231+0000] {logging_mixin.py:188} INFO - [2024-06-30T04:12:54.231+0000] {dagbag.py:545} INFO - Filling up the DagBag from /home/airflow/.local/lib/python3.12/site-packages/airflow/example_dags/example_branch_python_dop_operator_3.py
[2024-06-30T04:12:54.277+0000] {processor.py:840} INFO - DAG(s) 'example_branch_dop_operator_v3' retrieved from /home/airflow/.local/lib/python3.12/site-packages/airflow/example_dags/example_branch_python_dop_operator_3.py
[2024-06-30T04:12:54.347+0000] {logging_mixin.py:188} INFO - [2024-06-30T04:12:54.346+0000] {dag.py:3096} INFO - Sync 1 DAGs
[2024-06-30T04:12:54.417+0000] {logging_mixin.py:188} INFO - [2024-06-30T04:12:54.417+0000] {dag.py:3954} INFO - Setting next_dagrun for example_branch_dop_operator_v3 to 2024-06-30 04:11:00+00:00, run_after=2024-06-30 04:12:00+00:00
[2024-06-30T04:12:54.455+0000] {processor.py:183} INFO - Processing /home/airflow/.local/lib/python3.12/site-packages/airflow/example_dags/example_branch_python_dop_operator_3.py took 0.265 seconds
[2024-06-30T04:13:25.439+0000] {processor.py:161} INFO - Started process (PID=2664) to work on /home/airflow/.local/lib/python3.12/site-packages/airflow/example_dags/example_branch_python_dop_operator_3.py
[2024-06-30T04:13:25.441+0000] {processor.py:830} INFO - Processing file /home/airflow/.local/lib/python3.12/site-packages/airflow/example_dags/example_branch_python_dop_operator_3.py for tasks to queue
[2024-06-30T04:13:25.443+0000] {logging_mixin.py:188} INFO - [2024-06-30T04:13:25.443+0000] {dagbag.py:545} INFO - Filling up the DagBag from /home/airflow/.local/lib/python3.12/site-packages/airflow/example_dags/example_branch_python_dop_operator_3.py
[2024-06-30T04:13:25.462+0000] {processor.py:840} INFO - DAG(s) 'example_branch_dop_operator_v3' retrieved from /home/airflow/.local/lib/python3.12/site-packages/airflow/example_dags/example_branch_python_dop_operator_3.py
[2024-06-30T04:13:25.498+0000] {logging_mixin.py:188} INFO - [2024-06-30T04:13:25.497+0000] {dag.py:3096} INFO - Sync 1 DAGs
[2024-06-30T04:13:25.550+0000] {logging_mixin.py:188} INFO - [2024-06-30T04:13:25.549+0000] {dag.py:3954} INFO - Setting next_dagrun for example_branch_dop_operator_v3 to 2024-06-30 04:12:00+00:00, run_after=2024-06-30 04:13:00+00:00
[2024-06-30T04:13:25.592+0000] {processor.py:183} INFO - Processing /home/airflow/.local/lib/python3.12/site-packages/airflow/example_dags/example_branch_python_dop_operator_3.py took 0.161 seconds
[2024-06-30T04:13:55.889+0000] {processor.py:161} INFO - Started process (PID=2724) to work on /home/airflow/.local/lib/python3.12/site-packages/airflow/example_dags/example_branch_python_dop_operator_3.py
[2024-06-30T04:13:55.901+0000] {processor.py:830} INFO - Processing file /home/airflow/.local/lib/python3.12/site-packages/airflow/example_dags/example_branch_python_dop_operator_3.py for tasks to queue
[2024-06-30T04:13:55.911+0000] {logging_mixin.py:188} INFO - [2024-06-30T04:13:55.911+0000] {dagbag.py:545} INFO - Filling up the DagBag from /home/airflow/.local/lib/python3.12/site-packages/airflow/example_dags/example_branch_python_dop_operator_3.py
[2024-06-30T04:13:55.960+0000] {processor.py:840} INFO - DAG(s) 'example_branch_dop_operator_v3' retrieved from /home/airflow/.local/lib/python3.12/site-packages/airflow/example_dags/example_branch_python_dop_operator_3.py
[2024-06-30T04:13:56.055+0000] {logging_mixin.py:188} INFO - [2024-06-30T04:13:56.054+0000] {dag.py:3096} INFO - Sync 1 DAGs
[2024-06-30T04:13:56.193+0000] {logging_mixin.py:188} INFO - [2024-06-30T04:13:56.193+0000] {dag.py:3954} INFO - Setting next_dagrun for example_branch_dop_operator_v3 to 2024-06-30 04:12:00+00:00, run_after=2024-06-30 04:13:00+00:00
[2024-06-30T04:13:56.310+0000] {processor.py:183} INFO - Processing /home/airflow/.local/lib/python3.12/site-packages/airflow/example_dags/example_branch_python_dop_operator_3.py took 0.442 seconds
[2024-06-30T04:14:26.393+0000] {processor.py:161} INFO - Started process (PID=2782) to work on /home/airflow/.local/lib/python3.12/site-packages/airflow/example_dags/example_branch_python_dop_operator_3.py
[2024-06-30T04:14:26.394+0000] {processor.py:830} INFO - Processing file /home/airflow/.local/lib/python3.12/site-packages/airflow/example_dags/example_branch_python_dop_operator_3.py for tasks to queue
[2024-06-30T04:14:26.397+0000] {logging_mixin.py:188} INFO - [2024-06-30T04:14:26.397+0000] {dagbag.py:545} INFO - Filling up the DagBag from /home/airflow/.local/lib/python3.12/site-packages/airflow/example_dags/example_branch_python_dop_operator_3.py
[2024-06-30T04:14:26.409+0000] {processor.py:840} INFO - DAG(s) 'example_branch_dop_operator_v3' retrieved from /home/airflow/.local/lib/python3.12/site-packages/airflow/example_dags/example_branch_python_dop_operator_3.py
[2024-06-30T04:14:26.434+0000] {logging_mixin.py:188} INFO - [2024-06-30T04:14:26.434+0000] {dag.py:3096} INFO - Sync 1 DAGs
[2024-06-30T04:14:26.472+0000] {logging_mixin.py:188} INFO - [2024-06-30T04:14:26.472+0000] {dag.py:3954} INFO - Setting next_dagrun for example_branch_dop_operator_v3 to 2024-06-30 04:13:00+00:00, run_after=2024-06-30 04:14:00+00:00
[2024-06-30T04:14:26.502+0000] {processor.py:183} INFO - Processing /home/airflow/.local/lib/python3.12/site-packages/airflow/example_dags/example_branch_python_dop_operator_3.py took 0.117 seconds
[2024-06-30T04:14:56.708+0000] {processor.py:161} INFO - Started process (PID=2840) to work on /home/airflow/.local/lib/python3.12/site-packages/airflow/example_dags/example_branch_python_dop_operator_3.py
[2024-06-30T04:14:56.709+0000] {processor.py:830} INFO - Processing file /home/airflow/.local/lib/python3.12/site-packages/airflow/example_dags/example_branch_python_dop_operator_3.py for tasks to queue
[2024-06-30T04:14:56.713+0000] {logging_mixin.py:188} INFO - [2024-06-30T04:14:56.713+0000] {dagbag.py:545} INFO - Filling up the DagBag from /home/airflow/.local/lib/python3.12/site-packages/airflow/example_dags/example_branch_python_dop_operator_3.py
[2024-06-30T04:14:56.733+0000] {processor.py:840} INFO - DAG(s) 'example_branch_dop_operator_v3' retrieved from /home/airflow/.local/lib/python3.12/site-packages/airflow/example_dags/example_branch_python_dop_operator_3.py
[2024-06-30T04:14:56.814+0000] {logging_mixin.py:188} INFO - [2024-06-30T04:14:56.814+0000] {dag.py:3096} INFO - Sync 1 DAGs
[2024-06-30T04:14:56.965+0000] {logging_mixin.py:188} INFO - [2024-06-30T04:14:56.964+0000] {dag.py:3954} INFO - Setting next_dagrun for example_branch_dop_operator_v3 to 2024-06-30 04:13:00+00:00, run_after=2024-06-30 04:14:00+00:00
[2024-06-30T04:14:57.095+0000] {processor.py:183} INFO - Processing /home/airflow/.local/lib/python3.12/site-packages/airflow/example_dags/example_branch_python_dop_operator_3.py took 0.400 seconds
[2024-06-30T04:15:27.319+0000] {processor.py:161} INFO - Started process (PID=2898) to work on /home/airflow/.local/lib/python3.12/site-packages/airflow/example_dags/example_branch_python_dop_operator_3.py
[2024-06-30T04:15:27.320+0000] {processor.py:830} INFO - Processing file /home/airflow/.local/lib/python3.12/site-packages/airflow/example_dags/example_branch_python_dop_operator_3.py for tasks to queue
[2024-06-30T04:15:27.323+0000] {logging_mixin.py:188} INFO - [2024-06-30T04:15:27.322+0000] {dagbag.py:545} INFO - Filling up the DagBag from /home/airflow/.local/lib/python3.12/site-packages/airflow/example_dags/example_branch_python_dop_operator_3.py
[2024-06-30T04:15:27.336+0000] {processor.py:840} INFO - DAG(s) 'example_branch_dop_operator_v3' retrieved from /home/airflow/.local/lib/python3.12/site-packages/airflow/example_dags/example_branch_python_dop_operator_3.py
[2024-06-30T04:15:27.368+0000] {logging_mixin.py:188} INFO - [2024-06-30T04:15:27.368+0000] {dag.py:3096} INFO - Sync 1 DAGs
[2024-06-30T04:15:27.431+0000] {logging_mixin.py:188} INFO - [2024-06-30T04:15:27.431+0000] {dag.py:3954} INFO - Setting next_dagrun for example_branch_dop_operator_v3 to 2024-06-30 04:14:00+00:00, run_after=2024-06-30 04:15:00+00:00
[2024-06-30T04:15:27.466+0000] {processor.py:183} INFO - Processing /home/airflow/.local/lib/python3.12/site-packages/airflow/example_dags/example_branch_python_dop_operator_3.py took 0.155 seconds
[2024-06-30T04:15:58.246+0000] {processor.py:161} INFO - Started process (PID=2956) to work on /home/airflow/.local/lib/python3.12/site-packages/airflow/example_dags/example_branch_python_dop_operator_3.py
[2024-06-30T04:15:58.248+0000] {processor.py:830} INFO - Processing file /home/airflow/.local/lib/python3.12/site-packages/airflow/example_dags/example_branch_python_dop_operator_3.py for tasks to queue
[2024-06-30T04:15:58.250+0000] {logging_mixin.py:188} INFO - [2024-06-30T04:15:58.250+0000] {dagbag.py:545} INFO - Filling up the DagBag from /home/airflow/.local/lib/python3.12/site-packages/airflow/example_dags/example_branch_python_dop_operator_3.py
[2024-06-30T04:15:58.264+0000] {processor.py:840} INFO - DAG(s) 'example_branch_dop_operator_v3' retrieved from /home/airflow/.local/lib/python3.12/site-packages/airflow/example_dags/example_branch_python_dop_operator_3.py
[2024-06-30T04:15:58.300+0000] {logging_mixin.py:188} INFO - [2024-06-30T04:15:58.299+0000] {dag.py:3096} INFO - Sync 1 DAGs
[2024-06-30T04:15:58.384+0000] {logging_mixin.py:188} INFO - [2024-06-30T04:15:58.383+0000] {dag.py:3954} INFO - Setting next_dagrun for example_branch_dop_operator_v3 to 2024-06-30 04:14:00+00:00, run_after=2024-06-30 04:15:00+00:00
[2024-06-30T04:15:58.430+0000] {processor.py:183} INFO - Processing /home/airflow/.local/lib/python3.12/site-packages/airflow/example_dags/example_branch_python_dop_operator_3.py took 0.200 seconds
[2024-06-30T04:16:28.791+0000] {processor.py:161} INFO - Started process (PID=3014) to work on /home/airflow/.local/lib/python3.12/site-packages/airflow/example_dags/example_branch_python_dop_operator_3.py
[2024-06-30T04:16:28.793+0000] {processor.py:830} INFO - Processing file /home/airflow/.local/lib/python3.12/site-packages/airflow/example_dags/example_branch_python_dop_operator_3.py for tasks to queue
[2024-06-30T04:16:28.797+0000] {logging_mixin.py:188} INFO - [2024-06-30T04:16:28.796+0000] {dagbag.py:545} INFO - Filling up the DagBag from /home/airflow/.local/lib/python3.12/site-packages/airflow/example_dags/example_branch_python_dop_operator_3.py
[2024-06-30T04:16:28.822+0000] {processor.py:840} INFO - DAG(s) 'example_branch_dop_operator_v3' retrieved from /home/airflow/.local/lib/python3.12/site-packages/airflow/example_dags/example_branch_python_dop_operator_3.py
[2024-06-30T04:16:28.891+0000] {logging_mixin.py:188} INFO - [2024-06-30T04:16:28.891+0000] {dag.py:3096} INFO - Sync 1 DAGs
[2024-06-30T04:16:29.025+0000] {logging_mixin.py:188} INFO - [2024-06-30T04:16:29.024+0000] {dag.py:3954} INFO - Setting next_dagrun for example_branch_dop_operator_v3 to 2024-06-30 04:15:00+00:00, run_after=2024-06-30 04:16:00+00:00
[2024-06-30T04:16:29.095+0000] {processor.py:183} INFO - Processing /home/airflow/.local/lib/python3.12/site-packages/airflow/example_dags/example_branch_python_dop_operator_3.py took 0.315 seconds
[2024-06-30T04:16:59.414+0000] {processor.py:161} INFO - Started process (PID=3072) to work on /home/airflow/.local/lib/python3.12/site-packages/airflow/example_dags/example_branch_python_dop_operator_3.py
[2024-06-30T04:16:59.419+0000] {processor.py:830} INFO - Processing file /home/airflow/.local/lib/python3.12/site-packages/airflow/example_dags/example_branch_python_dop_operator_3.py for tasks to queue
[2024-06-30T04:16:59.422+0000] {logging_mixin.py:188} INFO - [2024-06-30T04:16:59.421+0000] {dagbag.py:545} INFO - Filling up the DagBag from /home/airflow/.local/lib/python3.12/site-packages/airflow/example_dags/example_branch_python_dop_operator_3.py
[2024-06-30T04:16:59.435+0000] {processor.py:840} INFO - DAG(s) 'example_branch_dop_operator_v3' retrieved from /home/airflow/.local/lib/python3.12/site-packages/airflow/example_dags/example_branch_python_dop_operator_3.py
[2024-06-30T04:16:59.464+0000] {logging_mixin.py:188} INFO - [2024-06-30T04:16:59.464+0000] {dag.py:3096} INFO - Sync 1 DAGs
[2024-06-30T04:16:59.511+0000] {logging_mixin.py:188} INFO - [2024-06-30T04:16:59.511+0000] {dag.py:3954} INFO - Setting next_dagrun for example_branch_dop_operator_v3 to 2024-06-30 04:15:00+00:00, run_after=2024-06-30 04:16:00+00:00
[2024-06-30T04:16:59.575+0000] {processor.py:183} INFO - Processing /home/airflow/.local/lib/python3.12/site-packages/airflow/example_dags/example_branch_python_dop_operator_3.py took 0.170 seconds
[2024-06-30T04:17:29.704+0000] {processor.py:161} INFO - Started process (PID=3129) to work on /home/airflow/.local/lib/python3.12/site-packages/airflow/example_dags/example_branch_python_dop_operator_3.py
[2024-06-30T04:17:29.716+0000] {processor.py:830} INFO - Processing file /home/airflow/.local/lib/python3.12/site-packages/airflow/example_dags/example_branch_python_dop_operator_3.py for tasks to queue
[2024-06-30T04:17:29.720+0000] {logging_mixin.py:188} INFO - [2024-06-30T04:17:29.719+0000] {dagbag.py:545} INFO - Filling up the DagBag from /home/airflow/.local/lib/python3.12/site-packages/airflow/example_dags/example_branch_python_dop_operator_3.py
[2024-06-30T04:17:29.735+0000] {processor.py:840} INFO - DAG(s) 'example_branch_dop_operator_v3' retrieved from /home/airflow/.local/lib/python3.12/site-packages/airflow/example_dags/example_branch_python_dop_operator_3.py
[2024-06-30T04:17:29.781+0000] {logging_mixin.py:188} INFO - [2024-06-30T04:17:29.780+0000] {dag.py:3096} INFO - Sync 1 DAGs
[2024-06-30T04:17:29.828+0000] {logging_mixin.py:188} INFO - [2024-06-30T04:17:29.828+0000] {dag.py:3954} INFO - Setting next_dagrun for example_branch_dop_operator_v3 to 2024-06-30 04:16:00+00:00, run_after=2024-06-30 04:17:00+00:00
[2024-06-30T04:17:29.866+0000] {processor.py:183} INFO - Processing /home/airflow/.local/lib/python3.12/site-packages/airflow/example_dags/example_branch_python_dop_operator_3.py took 0.172 seconds
[2024-06-30T04:18:00.170+0000] {processor.py:161} INFO - Started process (PID=3187) to work on /home/airflow/.local/lib/python3.12/site-packages/airflow/example_dags/example_branch_python_dop_operator_3.py
[2024-06-30T04:18:00.171+0000] {processor.py:830} INFO - Processing file /home/airflow/.local/lib/python3.12/site-packages/airflow/example_dags/example_branch_python_dop_operator_3.py for tasks to queue
[2024-06-30T04:18:00.175+0000] {logging_mixin.py:188} INFO - [2024-06-30T04:18:00.174+0000] {dagbag.py:545} INFO - Filling up the DagBag from /home/airflow/.local/lib/python3.12/site-packages/airflow/example_dags/example_branch_python_dop_operator_3.py
[2024-06-30T04:18:00.191+0000] {processor.py:840} INFO - DAG(s) 'example_branch_dop_operator_v3' retrieved from /home/airflow/.local/lib/python3.12/site-packages/airflow/example_dags/example_branch_python_dop_operator_3.py
[2024-06-30T04:18:00.223+0000] {logging_mixin.py:188} INFO - [2024-06-30T04:18:00.223+0000] {dag.py:3096} INFO - Sync 1 DAGs
[2024-06-30T04:18:00.263+0000] {logging_mixin.py:188} INFO - [2024-06-30T04:18:00.262+0000] {dag.py:3954} INFO - Setting next_dagrun for example_branch_dop_operator_v3 to 2024-06-30 04:17:00+00:00, run_after=2024-06-30 04:18:00+00:00
[2024-06-30T04:18:00.296+0000] {processor.py:183} INFO - Processing /home/airflow/.local/lib/python3.12/site-packages/airflow/example_dags/example_branch_python_dop_operator_3.py took 0.136 seconds
[2024-06-30T04:18:30.717+0000] {processor.py:161} INFO - Started process (PID=3245) to work on /home/airflow/.local/lib/python3.12/site-packages/airflow/example_dags/example_branch_python_dop_operator_3.py
[2024-06-30T04:18:30.719+0000] {processor.py:830} INFO - Processing file /home/airflow/.local/lib/python3.12/site-packages/airflow/example_dags/example_branch_python_dop_operator_3.py for tasks to queue
[2024-06-30T04:18:30.722+0000] {logging_mixin.py:188} INFO - [2024-06-30T04:18:30.722+0000] {dagbag.py:545} INFO - Filling up the DagBag from /home/airflow/.local/lib/python3.12/site-packages/airflow/example_dags/example_branch_python_dop_operator_3.py
[2024-06-30T04:18:30.747+0000] {processor.py:840} INFO - DAG(s) 'example_branch_dop_operator_v3' retrieved from /home/airflow/.local/lib/python3.12/site-packages/airflow/example_dags/example_branch_python_dop_operator_3.py
[2024-06-30T04:18:30.834+0000] {logging_mixin.py:188} INFO - [2024-06-30T04:18:30.823+0000] {dag.py:3096} INFO - Sync 1 DAGs
[2024-06-30T04:18:30.948+0000] {logging_mixin.py:188} INFO - [2024-06-30T04:18:30.947+0000] {dag.py:3954} INFO - Setting next_dagrun for example_branch_dop_operator_v3 to 2024-06-30 04:17:00+00:00, run_after=2024-06-30 04:18:00+00:00
[2024-06-30T04:18:31.050+0000] {processor.py:183} INFO - Processing /home/airflow/.local/lib/python3.12/site-packages/airflow/example_dags/example_branch_python_dop_operator_3.py took 0.344 seconds
[2024-06-30T04:19:01.324+0000] {processor.py:161} INFO - Started process (PID=3303) to work on /home/airflow/.local/lib/python3.12/site-packages/airflow/example_dags/example_branch_python_dop_operator_3.py
[2024-06-30T04:19:01.326+0000] {processor.py:830} INFO - Processing file /home/airflow/.local/lib/python3.12/site-packages/airflow/example_dags/example_branch_python_dop_operator_3.py for tasks to queue
[2024-06-30T04:19:01.335+0000] {logging_mixin.py:188} INFO - [2024-06-30T04:19:01.334+0000] {dagbag.py:545} INFO - Filling up the DagBag from /home/airflow/.local/lib/python3.12/site-packages/airflow/example_dags/example_branch_python_dop_operator_3.py
[2024-06-30T04:19:01.357+0000] {processor.py:840} INFO - DAG(s) 'example_branch_dop_operator_v3' retrieved from /home/airflow/.local/lib/python3.12/site-packages/airflow/example_dags/example_branch_python_dop_operator_3.py
[2024-06-30T04:19:01.436+0000] {logging_mixin.py:188} INFO - [2024-06-30T04:19:01.435+0000] {dag.py:3096} INFO - Sync 1 DAGs
[2024-06-30T04:19:01.561+0000] {logging_mixin.py:188} INFO - [2024-06-30T04:19:01.561+0000] {dag.py:3954} INFO - Setting next_dagrun for example_branch_dop_operator_v3 to 2024-06-30 04:18:00+00:00, run_after=2024-06-30 04:19:00+00:00
[2024-06-30T04:19:01.657+0000] {processor.py:183} INFO - Processing /home/airflow/.local/lib/python3.12/site-packages/airflow/example_dags/example_branch_python_dop_operator_3.py took 0.345 seconds
[2024-06-30T04:19:32.093+0000] {processor.py:161} INFO - Started process (PID=3360) to work on /home/airflow/.local/lib/python3.12/site-packages/airflow/example_dags/example_branch_python_dop_operator_3.py
[2024-06-30T04:19:32.095+0000] {processor.py:830} INFO - Processing file /home/airflow/.local/lib/python3.12/site-packages/airflow/example_dags/example_branch_python_dop_operator_3.py for tasks to queue
[2024-06-30T04:19:32.098+0000] {logging_mixin.py:188} INFO - [2024-06-30T04:19:32.097+0000] {dagbag.py:545} INFO - Filling up the DagBag from /home/airflow/.local/lib/python3.12/site-packages/airflow/example_dags/example_branch_python_dop_operator_3.py
[2024-06-30T04:19:32.111+0000] {processor.py:840} INFO - DAG(s) 'example_branch_dop_operator_v3' retrieved from /home/airflow/.local/lib/python3.12/site-packages/airflow/example_dags/example_branch_python_dop_operator_3.py
[2024-06-30T04:19:32.139+0000] {logging_mixin.py:188} INFO - [2024-06-30T04:19:32.139+0000] {dag.py:3096} INFO - Sync 1 DAGs
[2024-06-30T04:19:32.176+0000] {logging_mixin.py:188} INFO - [2024-06-30T04:19:32.175+0000] {dag.py:3954} INFO - Setting next_dagrun for example_branch_dop_operator_v3 to 2024-06-30 04:18:00+00:00, run_after=2024-06-30 04:19:00+00:00
[2024-06-30T04:19:32.215+0000] {processor.py:183} INFO - Processing /home/airflow/.local/lib/python3.12/site-packages/airflow/example_dags/example_branch_python_dop_operator_3.py took 0.130 seconds
