[2024-06-30T03:50:00.506+0000] {processor.py:161} INFO - Started process (PID=83) to work on /home/airflow/.local/lib/python3.12/site-packages/airflow/example_dags/example_complex.py
[2024-06-30T03:50:00.543+0000] {processor.py:830} INFO - Processing file /home/airflow/.local/lib/python3.12/site-packages/airflow/example_dags/example_complex.py for tasks to queue
[2024-06-30T03:50:00.548+0000] {logging_mixin.py:188} INFO - [2024-06-30T03:50:00.547+0000] {dagbag.py:545} INFO - Filling up the DagBag from /home/airflow/.local/lib/python3.12/site-packages/airflow/example_dags/example_complex.py
[2024-06-30T03:50:00.734+0000] {processor.py:840} INFO - DAG(s) 'example_complex' retrieved from /home/airflow/.local/lib/python3.12/site-packages/airflow/example_dags/example_complex.py
[2024-06-30T03:50:02.380+0000] {logging_mixin.py:188} INFO - [2024-06-30T03:50:02.379+0000] {dag.py:3096} INFO - Sync 1 DAGs
[2024-06-30T03:50:02.653+0000] {logging_mixin.py:188} INFO - [2024-06-30T03:50:02.651+0000] {dag.py:3954} INFO - Setting next_dagrun for example_complex to None, run_after=None
[2024-06-30T03:50:03.094+0000] {processor.py:183} INFO - Processing /home/airflow/.local/lib/python3.12/site-packages/airflow/example_dags/example_complex.py took 2.622 seconds
[2024-06-30T03:50:33.278+0000] {processor.py:161} INFO - Started process (PID=141) to work on /home/airflow/.local/lib/python3.12/site-packages/airflow/example_dags/example_complex.py
[2024-06-30T03:50:33.291+0000] {processor.py:830} INFO - Processing file /home/airflow/.local/lib/python3.12/site-packages/airflow/example_dags/example_complex.py for tasks to queue
[2024-06-30T03:50:33.295+0000] {logging_mixin.py:188} INFO - [2024-06-30T03:50:33.294+0000] {dagbag.py:545} INFO - Filling up the DagBag from /home/airflow/.local/lib/python3.12/site-packages/airflow/example_dags/example_complex.py
[2024-06-30T03:50:33.331+0000] {processor.py:840} INFO - DAG(s) 'example_complex' retrieved from /home/airflow/.local/lib/python3.12/site-packages/airflow/example_dags/example_complex.py
[2024-06-30T03:50:33.439+0000] {logging_mixin.py:188} INFO - [2024-06-30T03:50:33.438+0000] {dag.py:3096} INFO - Sync 1 DAGs
[2024-06-30T03:50:33.479+0000] {logging_mixin.py:188} INFO - [2024-06-30T03:50:33.478+0000] {dag.py:3954} INFO - Setting next_dagrun for example_complex to None, run_after=None
[2024-06-30T03:50:33.569+0000] {processor.py:183} INFO - Processing /home/airflow/.local/lib/python3.12/site-packages/airflow/example_dags/example_complex.py took 0.302 seconds
[2024-06-30T03:51:04.155+0000] {processor.py:161} INFO - Started process (PID=198) to work on /home/airflow/.local/lib/python3.12/site-packages/airflow/example_dags/example_complex.py
[2024-06-30T03:51:04.158+0000] {processor.py:830} INFO - Processing file /home/airflow/.local/lib/python3.12/site-packages/airflow/example_dags/example_complex.py for tasks to queue
[2024-06-30T03:51:04.165+0000] {logging_mixin.py:188} INFO - [2024-06-30T03:51:04.164+0000] {dagbag.py:545} INFO - Filling up the DagBag from /home/airflow/.local/lib/python3.12/site-packages/airflow/example_dags/example_complex.py
[2024-06-30T03:51:04.223+0000] {processor.py:840} INFO - DAG(s) 'example_complex' retrieved from /home/airflow/.local/lib/python3.12/site-packages/airflow/example_dags/example_complex.py
[2024-06-30T03:51:04.472+0000] {logging_mixin.py:188} INFO - [2024-06-30T03:51:04.471+0000] {dag.py:3096} INFO - Sync 1 DAGs
[2024-06-30T03:51:04.523+0000] {logging_mixin.py:188} INFO - [2024-06-30T03:51:04.523+0000] {dag.py:3954} INFO - Setting next_dagrun for example_complex to None, run_after=None
[2024-06-30T03:51:04.644+0000] {processor.py:183} INFO - Processing /home/airflow/.local/lib/python3.12/site-packages/airflow/example_dags/example_complex.py took 0.506 seconds
[2024-06-30T03:51:35.590+0000] {processor.py:161} INFO - Started process (PID=257) to work on /home/airflow/.local/lib/python3.12/site-packages/airflow/example_dags/example_complex.py
[2024-06-30T03:51:35.592+0000] {processor.py:830} INFO - Processing file /home/airflow/.local/lib/python3.12/site-packages/airflow/example_dags/example_complex.py for tasks to queue
[2024-06-30T03:51:35.598+0000] {logging_mixin.py:188} INFO - [2024-06-30T03:51:35.597+0000] {dagbag.py:545} INFO - Filling up the DagBag from /home/airflow/.local/lib/python3.12/site-packages/airflow/example_dags/example_complex.py
[2024-06-30T03:51:35.636+0000] {processor.py:840} INFO - DAG(s) 'example_complex' retrieved from /home/airflow/.local/lib/python3.12/site-packages/airflow/example_dags/example_complex.py
[2024-06-30T03:51:35.715+0000] {logging_mixin.py:188} INFO - [2024-06-30T03:51:35.714+0000] {dag.py:3096} INFO - Sync 1 DAGs
[2024-06-30T03:51:35.743+0000] {logging_mixin.py:188} INFO - [2024-06-30T03:51:35.742+0000] {dag.py:3954} INFO - Setting next_dagrun for example_complex to None, run_after=None
[2024-06-30T03:51:35.807+0000] {processor.py:183} INFO - Processing /home/airflow/.local/lib/python3.12/site-packages/airflow/example_dags/example_complex.py took 0.233 seconds
[2024-06-30T03:52:06.463+0000] {processor.py:161} INFO - Started process (PID=316) to work on /home/airflow/.local/lib/python3.12/site-packages/airflow/example_dags/example_complex.py
[2024-06-30T03:52:06.465+0000] {processor.py:830} INFO - Processing file /home/airflow/.local/lib/python3.12/site-packages/airflow/example_dags/example_complex.py for tasks to queue
[2024-06-30T03:52:06.469+0000] {logging_mixin.py:188} INFO - [2024-06-30T03:52:06.469+0000] {dagbag.py:545} INFO - Filling up the DagBag from /home/airflow/.local/lib/python3.12/site-packages/airflow/example_dags/example_complex.py
[2024-06-30T03:52:06.490+0000] {processor.py:840} INFO - DAG(s) 'example_complex' retrieved from /home/airflow/.local/lib/python3.12/site-packages/airflow/example_dags/example_complex.py
[2024-06-30T03:52:06.559+0000] {logging_mixin.py:188} INFO - [2024-06-30T03:52:06.558+0000] {dag.py:3096} INFO - Sync 1 DAGs
[2024-06-30T03:52:06.589+0000] {logging_mixin.py:188} INFO - [2024-06-30T03:52:06.588+0000] {dag.py:3954} INFO - Setting next_dagrun for example_complex to None, run_after=None
[2024-06-30T03:52:06.644+0000] {processor.py:183} INFO - Processing /home/airflow/.local/lib/python3.12/site-packages/airflow/example_dags/example_complex.py took 0.191 seconds
[2024-06-30T03:52:36.942+0000] {processor.py:161} INFO - Started process (PID=374) to work on /home/airflow/.local/lib/python3.12/site-packages/airflow/example_dags/example_complex.py
[2024-06-30T03:52:36.945+0000] {processor.py:830} INFO - Processing file /home/airflow/.local/lib/python3.12/site-packages/airflow/example_dags/example_complex.py for tasks to queue
[2024-06-30T03:52:36.950+0000] {logging_mixin.py:188} INFO - [2024-06-30T03:52:36.949+0000] {dagbag.py:545} INFO - Filling up the DagBag from /home/airflow/.local/lib/python3.12/site-packages/airflow/example_dags/example_complex.py
[2024-06-30T03:52:36.979+0000] {processor.py:840} INFO - DAG(s) 'example_complex' retrieved from /home/airflow/.local/lib/python3.12/site-packages/airflow/example_dags/example_complex.py
[2024-06-30T03:52:37.056+0000] {logging_mixin.py:188} INFO - [2024-06-30T03:52:37.055+0000] {dag.py:3096} INFO - Sync 1 DAGs
[2024-06-30T03:52:37.085+0000] {logging_mixin.py:188} INFO - [2024-06-30T03:52:37.085+0000] {dag.py:3954} INFO - Setting next_dagrun for example_complex to None, run_after=None
[2024-06-30T03:52:37.139+0000] {processor.py:183} INFO - Processing /home/airflow/.local/lib/python3.12/site-packages/airflow/example_dags/example_complex.py took 0.215 seconds
[2024-06-30T03:53:07.477+0000] {processor.py:161} INFO - Started process (PID=432) to work on /home/airflow/.local/lib/python3.12/site-packages/airflow/example_dags/example_complex.py
[2024-06-30T03:53:07.480+0000] {processor.py:830} INFO - Processing file /home/airflow/.local/lib/python3.12/site-packages/airflow/example_dags/example_complex.py for tasks to queue
[2024-06-30T03:53:07.487+0000] {logging_mixin.py:188} INFO - [2024-06-30T03:53:07.486+0000] {dagbag.py:545} INFO - Filling up the DagBag from /home/airflow/.local/lib/python3.12/site-packages/airflow/example_dags/example_complex.py
[2024-06-30T03:53:07.516+0000] {processor.py:840} INFO - DAG(s) 'example_complex' retrieved from /home/airflow/.local/lib/python3.12/site-packages/airflow/example_dags/example_complex.py
[2024-06-30T03:53:07.629+0000] {logging_mixin.py:188} INFO - [2024-06-30T03:53:07.628+0000] {dag.py:3096} INFO - Sync 1 DAGs
[2024-06-30T03:53:07.668+0000] {logging_mixin.py:188} INFO - [2024-06-30T03:53:07.668+0000] {dag.py:3954} INFO - Setting next_dagrun for example_complex to None, run_after=None
[2024-06-30T03:53:07.785+0000] {processor.py:183} INFO - Processing /home/airflow/.local/lib/python3.12/site-packages/airflow/example_dags/example_complex.py took 0.324 seconds
[2024-06-30T03:53:37.871+0000] {processor.py:161} INFO - Started process (PID=490) to work on /home/airflow/.local/lib/python3.12/site-packages/airflow/example_dags/example_complex.py
[2024-06-30T03:53:37.873+0000] {processor.py:830} INFO - Processing file /home/airflow/.local/lib/python3.12/site-packages/airflow/example_dags/example_complex.py for tasks to queue
[2024-06-30T03:53:37.877+0000] {logging_mixin.py:188} INFO - [2024-06-30T03:53:37.876+0000] {dagbag.py:545} INFO - Filling up the DagBag from /home/airflow/.local/lib/python3.12/site-packages/airflow/example_dags/example_complex.py
[2024-06-30T03:53:37.898+0000] {processor.py:840} INFO - DAG(s) 'example_complex' retrieved from /home/airflow/.local/lib/python3.12/site-packages/airflow/example_dags/example_complex.py
[2024-06-30T03:53:37.972+0000] {logging_mixin.py:188} INFO - [2024-06-30T03:53:37.972+0000] {dag.py:3096} INFO - Sync 1 DAGs
[2024-06-30T03:53:37.999+0000] {logging_mixin.py:188} INFO - [2024-06-30T03:53:37.998+0000] {dag.py:3954} INFO - Setting next_dagrun for example_complex to None, run_after=None
[2024-06-30T03:53:38.042+0000] {processor.py:183} INFO - Processing /home/airflow/.local/lib/python3.12/site-packages/airflow/example_dags/example_complex.py took 0.182 seconds
[2024-06-30T03:54:09.169+0000] {processor.py:161} INFO - Started process (PID=548) to work on /home/airflow/.local/lib/python3.12/site-packages/airflow/example_dags/example_complex.py
[2024-06-30T03:54:09.171+0000] {processor.py:830} INFO - Processing file /home/airflow/.local/lib/python3.12/site-packages/airflow/example_dags/example_complex.py for tasks to queue
[2024-06-30T03:54:09.174+0000] {logging_mixin.py:188} INFO - [2024-06-30T03:54:09.174+0000] {dagbag.py:545} INFO - Filling up the DagBag from /home/airflow/.local/lib/python3.12/site-packages/airflow/example_dags/example_complex.py
[2024-06-30T03:54:09.242+0000] {processor.py:840} INFO - DAG(s) 'example_complex' retrieved from /home/airflow/.local/lib/python3.12/site-packages/airflow/example_dags/example_complex.py
[2024-06-30T03:54:09.379+0000] {logging_mixin.py:188} INFO - [2024-06-30T03:54:09.379+0000] {dag.py:3096} INFO - Sync 1 DAGs
[2024-06-30T03:54:09.414+0000] {logging_mixin.py:188} INFO - [2024-06-30T03:54:09.414+0000] {dag.py:3954} INFO - Setting next_dagrun for example_complex to None, run_after=None
[2024-06-30T03:54:09.472+0000] {processor.py:183} INFO - Processing /home/airflow/.local/lib/python3.12/site-packages/airflow/example_dags/example_complex.py took 0.332 seconds
[2024-06-30T03:54:39.917+0000] {processor.py:161} INFO - Started process (PID=606) to work on /home/airflow/.local/lib/python3.12/site-packages/airflow/example_dags/example_complex.py
[2024-06-30T03:54:39.920+0000] {processor.py:830} INFO - Processing file /home/airflow/.local/lib/python3.12/site-packages/airflow/example_dags/example_complex.py for tasks to queue
[2024-06-30T03:54:39.924+0000] {logging_mixin.py:188} INFO - [2024-06-30T03:54:39.923+0000] {dagbag.py:545} INFO - Filling up the DagBag from /home/airflow/.local/lib/python3.12/site-packages/airflow/example_dags/example_complex.py
[2024-06-30T03:54:39.976+0000] {processor.py:840} INFO - DAG(s) 'example_complex' retrieved from /home/airflow/.local/lib/python3.12/site-packages/airflow/example_dags/example_complex.py
[2024-06-30T03:54:40.102+0000] {logging_mixin.py:188} INFO - [2024-06-30T03:54:40.101+0000] {dag.py:3096} INFO - Sync 1 DAGs
[2024-06-30T03:54:40.141+0000] {logging_mixin.py:188} INFO - [2024-06-30T03:54:40.141+0000] {dag.py:3954} INFO - Setting next_dagrun for example_complex to None, run_after=None
[2024-06-30T03:54:40.197+0000] {processor.py:183} INFO - Processing /home/airflow/.local/lib/python3.12/site-packages/airflow/example_dags/example_complex.py took 0.296 seconds
[2024-06-30T03:55:11.024+0000] {processor.py:161} INFO - Started process (PID=662) to work on /home/airflow/.local/lib/python3.12/site-packages/airflow/example_dags/example_complex.py
[2024-06-30T03:55:11.028+0000] {processor.py:830} INFO - Processing file /home/airflow/.local/lib/python3.12/site-packages/airflow/example_dags/example_complex.py for tasks to queue
[2024-06-30T03:55:11.034+0000] {logging_mixin.py:188} INFO - [2024-06-30T03:55:11.033+0000] {dagbag.py:545} INFO - Filling up the DagBag from /home/airflow/.local/lib/python3.12/site-packages/airflow/example_dags/example_complex.py
[2024-06-30T03:55:11.070+0000] {processor.py:840} INFO - DAG(s) 'example_complex' retrieved from /home/airflow/.local/lib/python3.12/site-packages/airflow/example_dags/example_complex.py
[2024-06-30T03:55:11.200+0000] {logging_mixin.py:188} INFO - [2024-06-30T03:55:11.199+0000] {dag.py:3096} INFO - Sync 1 DAGs
[2024-06-30T03:55:11.263+0000] {logging_mixin.py:188} INFO - [2024-06-30T03:55:11.262+0000] {dag.py:3954} INFO - Setting next_dagrun for example_complex to None, run_after=None
[2024-06-30T03:55:11.420+0000] {processor.py:183} INFO - Processing /home/airflow/.local/lib/python3.12/site-packages/airflow/example_dags/example_complex.py took 0.410 seconds
[2024-06-30T03:55:46.251+0000] {processor.py:161} INFO - Started process (PID=721) to work on /home/airflow/.local/lib/python3.12/site-packages/airflow/example_dags/example_complex.py
[2024-06-30T03:55:46.253+0000] {processor.py:830} INFO - Processing file /home/airflow/.local/lib/python3.12/site-packages/airflow/example_dags/example_complex.py for tasks to queue
[2024-06-30T03:55:46.282+0000] {logging_mixin.py:188} INFO - [2024-06-30T03:55:46.270+0000] {dagbag.py:545} INFO - Filling up the DagBag from /home/airflow/.local/lib/python3.12/site-packages/airflow/example_dags/example_complex.py
[2024-06-30T03:55:46.413+0000] {processor.py:840} INFO - DAG(s) 'example_complex' retrieved from /home/airflow/.local/lib/python3.12/site-packages/airflow/example_dags/example_complex.py
[2024-06-30T03:55:46.802+0000] {logging_mixin.py:188} INFO - [2024-06-30T03:55:46.801+0000] {dag.py:3096} INFO - Sync 1 DAGs
[2024-06-30T03:56:00.911+0000] {logging_mixin.py:188} INFO - [2024-06-30T03:56:00.853+0000] {dag.py:3954} INFO - Setting next_dagrun for example_complex to None, run_after=None
[2024-06-30T03:56:01.518+0000] {processor.py:183} INFO - Processing /home/airflow/.local/lib/python3.12/site-packages/airflow/example_dags/example_complex.py took 15.330 seconds
[2024-06-30T03:56:31.907+0000] {processor.py:161} INFO - Started process (PID=785) to work on /home/airflow/.local/lib/python3.12/site-packages/airflow/example_dags/example_complex.py
[2024-06-30T03:56:31.915+0000] {processor.py:830} INFO - Processing file /home/airflow/.local/lib/python3.12/site-packages/airflow/example_dags/example_complex.py for tasks to queue
[2024-06-30T03:56:31.921+0000] {logging_mixin.py:188} INFO - [2024-06-30T03:56:31.920+0000] {dagbag.py:545} INFO - Filling up the DagBag from /home/airflow/.local/lib/python3.12/site-packages/airflow/example_dags/example_complex.py
[2024-06-30T03:56:31.970+0000] {processor.py:840} INFO - DAG(s) 'example_complex' retrieved from /home/airflow/.local/lib/python3.12/site-packages/airflow/example_dags/example_complex.py
[2024-06-30T03:56:32.203+0000] {logging_mixin.py:188} INFO - [2024-06-30T03:56:32.202+0000] {dag.py:3096} INFO - Sync 1 DAGs
[2024-06-30T03:56:32.309+0000] {logging_mixin.py:188} INFO - [2024-06-30T03:56:32.302+0000] {dag.py:3954} INFO - Setting next_dagrun for example_complex to None, run_after=None
[2024-06-30T03:56:32.430+0000] {processor.py:183} INFO - Processing /home/airflow/.local/lib/python3.12/site-packages/airflow/example_dags/example_complex.py took 0.540 seconds
[2024-06-30T03:57:03.444+0000] {processor.py:161} INFO - Started process (PID=843) to work on /home/airflow/.local/lib/python3.12/site-packages/airflow/example_dags/example_complex.py
[2024-06-30T03:57:03.447+0000] {processor.py:830} INFO - Processing file /home/airflow/.local/lib/python3.12/site-packages/airflow/example_dags/example_complex.py for tasks to queue
[2024-06-30T03:57:03.452+0000] {logging_mixin.py:188} INFO - [2024-06-30T03:57:03.452+0000] {dagbag.py:545} INFO - Filling up the DagBag from /home/airflow/.local/lib/python3.12/site-packages/airflow/example_dags/example_complex.py
[2024-06-30T03:57:03.516+0000] {processor.py:840} INFO - DAG(s) 'example_complex' retrieved from /home/airflow/.local/lib/python3.12/site-packages/airflow/example_dags/example_complex.py
[2024-06-30T03:57:03.690+0000] {logging_mixin.py:188} INFO - [2024-06-30T03:57:03.689+0000] {dag.py:3096} INFO - Sync 1 DAGs
[2024-06-30T03:57:03.773+0000] {logging_mixin.py:188} INFO - [2024-06-30T03:57:03.773+0000] {dag.py:3954} INFO - Setting next_dagrun for example_complex to None, run_after=None
[2024-06-30T03:57:03.907+0000] {processor.py:183} INFO - Processing /home/airflow/.local/lib/python3.12/site-packages/airflow/example_dags/example_complex.py took 0.481 seconds
[2024-06-30T03:57:34.229+0000] {processor.py:161} INFO - Started process (PID=901) to work on /home/airflow/.local/lib/python3.12/site-packages/airflow/example_dags/example_complex.py
[2024-06-30T03:57:34.234+0000] {processor.py:830} INFO - Processing file /home/airflow/.local/lib/python3.12/site-packages/airflow/example_dags/example_complex.py for tasks to queue
[2024-06-30T03:57:34.244+0000] {logging_mixin.py:188} INFO - [2024-06-30T03:57:34.237+0000] {dagbag.py:545} INFO - Filling up the DagBag from /home/airflow/.local/lib/python3.12/site-packages/airflow/example_dags/example_complex.py
[2024-06-30T03:57:34.273+0000] {processor.py:840} INFO - DAG(s) 'example_complex' retrieved from /home/airflow/.local/lib/python3.12/site-packages/airflow/example_dags/example_complex.py
[2024-06-30T03:57:34.394+0000] {logging_mixin.py:188} INFO - [2024-06-30T03:57:34.394+0000] {dag.py:3096} INFO - Sync 1 DAGs
[2024-06-30T03:57:34.431+0000] {logging_mixin.py:188} INFO - [2024-06-30T03:57:34.430+0000] {dag.py:3954} INFO - Setting next_dagrun for example_complex to None, run_after=None
[2024-06-30T03:57:34.549+0000] {processor.py:183} INFO - Processing /home/airflow/.local/lib/python3.12/site-packages/airflow/example_dags/example_complex.py took 0.344 seconds
[2024-06-30T03:58:05.394+0000] {processor.py:161} INFO - Started process (PID=959) to work on /home/airflow/.local/lib/python3.12/site-packages/airflow/example_dags/example_complex.py
[2024-06-30T03:58:05.396+0000] {processor.py:830} INFO - Processing file /home/airflow/.local/lib/python3.12/site-packages/airflow/example_dags/example_complex.py for tasks to queue
[2024-06-30T03:58:05.400+0000] {logging_mixin.py:188} INFO - [2024-06-30T03:58:05.399+0000] {dagbag.py:545} INFO - Filling up the DagBag from /home/airflow/.local/lib/python3.12/site-packages/airflow/example_dags/example_complex.py
[2024-06-30T03:58:05.420+0000] {processor.py:840} INFO - DAG(s) 'example_complex' retrieved from /home/airflow/.local/lib/python3.12/site-packages/airflow/example_dags/example_complex.py
[2024-06-30T03:58:05.483+0000] {logging_mixin.py:188} INFO - [2024-06-30T03:58:05.483+0000] {dag.py:3096} INFO - Sync 1 DAGs
[2024-06-30T03:58:05.511+0000] {logging_mixin.py:188} INFO - [2024-06-30T03:58:05.510+0000] {dag.py:3954} INFO - Setting next_dagrun for example_complex to None, run_after=None
[2024-06-30T03:58:05.612+0000] {processor.py:183} INFO - Processing /home/airflow/.local/lib/python3.12/site-packages/airflow/example_dags/example_complex.py took 0.228 seconds
[2024-06-30T03:58:36.223+0000] {processor.py:161} INFO - Started process (PID=1017) to work on /home/airflow/.local/lib/python3.12/site-packages/airflow/example_dags/example_complex.py
[2024-06-30T03:58:36.227+0000] {processor.py:830} INFO - Processing file /home/airflow/.local/lib/python3.12/site-packages/airflow/example_dags/example_complex.py for tasks to queue
[2024-06-30T03:58:36.233+0000] {logging_mixin.py:188} INFO - [2024-06-30T03:58:36.232+0000] {dagbag.py:545} INFO - Filling up the DagBag from /home/airflow/.local/lib/python3.12/site-packages/airflow/example_dags/example_complex.py
[2024-06-30T03:58:36.260+0000] {processor.py:840} INFO - DAG(s) 'example_complex' retrieved from /home/airflow/.local/lib/python3.12/site-packages/airflow/example_dags/example_complex.py
[2024-06-30T03:58:36.338+0000] {logging_mixin.py:188} INFO - [2024-06-30T03:58:36.336+0000] {dag.py:3096} INFO - Sync 1 DAGs
[2024-06-30T03:58:36.377+0000] {logging_mixin.py:188} INFO - [2024-06-30T03:58:36.377+0000] {dag.py:3954} INFO - Setting next_dagrun for example_complex to None, run_after=None
[2024-06-30T03:58:36.475+0000] {processor.py:183} INFO - Processing /home/airflow/.local/lib/python3.12/site-packages/airflow/example_dags/example_complex.py took 0.274 seconds
[2024-06-30T03:59:06.585+0000] {processor.py:161} INFO - Started process (PID=1075) to work on /home/airflow/.local/lib/python3.12/site-packages/airflow/example_dags/example_complex.py
[2024-06-30T03:59:06.588+0000] {processor.py:830} INFO - Processing file /home/airflow/.local/lib/python3.12/site-packages/airflow/example_dags/example_complex.py for tasks to queue
[2024-06-30T03:59:06.593+0000] {logging_mixin.py:188} INFO - [2024-06-30T03:59:06.592+0000] {dagbag.py:545} INFO - Filling up the DagBag from /home/airflow/.local/lib/python3.12/site-packages/airflow/example_dags/example_complex.py
[2024-06-30T03:59:06.618+0000] {processor.py:840} INFO - DAG(s) 'example_complex' retrieved from /home/airflow/.local/lib/python3.12/site-packages/airflow/example_dags/example_complex.py
[2024-06-30T03:59:06.715+0000] {logging_mixin.py:188} INFO - [2024-06-30T03:59:06.714+0000] {dag.py:3096} INFO - Sync 1 DAGs
[2024-06-30T03:59:06.764+0000] {logging_mixin.py:188} INFO - [2024-06-30T03:59:06.763+0000] {dag.py:3954} INFO - Setting next_dagrun for example_complex to None, run_after=None
[2024-06-30T03:59:06.825+0000] {processor.py:183} INFO - Processing /home/airflow/.local/lib/python3.12/site-packages/airflow/example_dags/example_complex.py took 0.255 seconds
[2024-06-30T03:59:37.514+0000] {processor.py:161} INFO - Started process (PID=1134) to work on /home/airflow/.local/lib/python3.12/site-packages/airflow/example_dags/example_complex.py
[2024-06-30T03:59:37.551+0000] {processor.py:830} INFO - Processing file /home/airflow/.local/lib/python3.12/site-packages/airflow/example_dags/example_complex.py for tasks to queue
[2024-06-30T03:59:37.610+0000] {logging_mixin.py:188} INFO - [2024-06-30T03:59:37.609+0000] {dagbag.py:545} INFO - Filling up the DagBag from /home/airflow/.local/lib/python3.12/site-packages/airflow/example_dags/example_complex.py
[2024-06-30T03:59:37.844+0000] {processor.py:840} INFO - DAG(s) 'example_complex' retrieved from /home/airflow/.local/lib/python3.12/site-packages/airflow/example_dags/example_complex.py
[2024-06-30T03:59:38.086+0000] {logging_mixin.py:188} INFO - [2024-06-30T03:59:38.076+0000] {dag.py:3096} INFO - Sync 1 DAGs
[2024-06-30T03:59:38.167+0000] {logging_mixin.py:188} INFO - [2024-06-30T03:59:38.165+0000] {dag.py:3954} INFO - Setting next_dagrun for example_complex to None, run_after=None
[2024-06-30T03:59:38.276+0000] {processor.py:183} INFO - Processing /home/airflow/.local/lib/python3.12/site-packages/airflow/example_dags/example_complex.py took 0.789 seconds
[2024-06-30T04:00:10.191+0000] {processor.py:161} INFO - Started process (PID=1192) to work on /home/airflow/.local/lib/python3.12/site-packages/airflow/example_dags/example_complex.py
[2024-06-30T04:00:10.192+0000] {processor.py:830} INFO - Processing file /home/airflow/.local/lib/python3.12/site-packages/airflow/example_dags/example_complex.py for tasks to queue
[2024-06-30T04:00:10.195+0000] {logging_mixin.py:188} INFO - [2024-06-30T04:00:10.195+0000] {dagbag.py:545} INFO - Filling up the DagBag from /home/airflow/.local/lib/python3.12/site-packages/airflow/example_dags/example_complex.py
[2024-06-30T04:00:10.239+0000] {processor.py:840} INFO - DAG(s) 'example_complex' retrieved from /home/airflow/.local/lib/python3.12/site-packages/airflow/example_dags/example_complex.py
[2024-06-30T04:00:10.356+0000] {logging_mixin.py:188} INFO - [2024-06-30T04:00:10.356+0000] {dag.py:3096} INFO - Sync 1 DAGs
[2024-06-30T04:00:10.399+0000] {logging_mixin.py:188} INFO - [2024-06-30T04:00:10.398+0000] {dag.py:3954} INFO - Setting next_dagrun for example_complex to None, run_after=None
[2024-06-30T04:00:10.528+0000] {processor.py:183} INFO - Processing /home/airflow/.local/lib/python3.12/site-packages/airflow/example_dags/example_complex.py took 0.353 seconds
[2024-06-30T04:00:40.925+0000] {processor.py:161} INFO - Started process (PID=1250) to work on /home/airflow/.local/lib/python3.12/site-packages/airflow/example_dags/example_complex.py
[2024-06-30T04:00:40.927+0000] {processor.py:830} INFO - Processing file /home/airflow/.local/lib/python3.12/site-packages/airflow/example_dags/example_complex.py for tasks to queue
[2024-06-30T04:00:40.929+0000] {logging_mixin.py:188} INFO - [2024-06-30T04:00:40.929+0000] {dagbag.py:545} INFO - Filling up the DagBag from /home/airflow/.local/lib/python3.12/site-packages/airflow/example_dags/example_complex.py
[2024-06-30T04:00:40.964+0000] {processor.py:840} INFO - DAG(s) 'example_complex' retrieved from /home/airflow/.local/lib/python3.12/site-packages/airflow/example_dags/example_complex.py
[2024-06-30T04:00:41.064+0000] {logging_mixin.py:188} INFO - [2024-06-30T04:00:41.063+0000] {dag.py:3096} INFO - Sync 1 DAGs
[2024-06-30T04:00:41.102+0000] {logging_mixin.py:188} INFO - [2024-06-30T04:00:41.102+0000] {dag.py:3954} INFO - Setting next_dagrun for example_complex to None, run_after=None
[2024-06-30T04:00:41.230+0000] {processor.py:183} INFO - Processing /home/airflow/.local/lib/python3.12/site-packages/airflow/example_dags/example_complex.py took 0.315 seconds
[2024-06-30T04:01:12.025+0000] {processor.py:161} INFO - Started process (PID=1308) to work on /home/airflow/.local/lib/python3.12/site-packages/airflow/example_dags/example_complex.py
[2024-06-30T04:01:12.039+0000] {processor.py:830} INFO - Processing file /home/airflow/.local/lib/python3.12/site-packages/airflow/example_dags/example_complex.py for tasks to queue
[2024-06-30T04:01:12.044+0000] {logging_mixin.py:188} INFO - [2024-06-30T04:01:12.043+0000] {dagbag.py:545} INFO - Filling up the DagBag from /home/airflow/.local/lib/python3.12/site-packages/airflow/example_dags/example_complex.py
[2024-06-30T04:01:12.112+0000] {processor.py:840} INFO - DAG(s) 'example_complex' retrieved from /home/airflow/.local/lib/python3.12/site-packages/airflow/example_dags/example_complex.py
[2024-06-30T04:01:12.289+0000] {logging_mixin.py:188} INFO - [2024-06-30T04:01:12.288+0000] {dag.py:3096} INFO - Sync 1 DAGs
[2024-06-30T04:01:12.345+0000] {logging_mixin.py:188} INFO - [2024-06-30T04:01:12.344+0000] {dag.py:3954} INFO - Setting next_dagrun for example_complex to None, run_after=None
[2024-06-30T04:01:12.566+0000] {processor.py:183} INFO - Processing /home/airflow/.local/lib/python3.12/site-packages/airflow/example_dags/example_complex.py took 0.574 seconds
[2024-06-30T04:01:42.829+0000] {processor.py:161} INFO - Started process (PID=1366) to work on /home/airflow/.local/lib/python3.12/site-packages/airflow/example_dags/example_complex.py
[2024-06-30T04:01:42.831+0000] {processor.py:830} INFO - Processing file /home/airflow/.local/lib/python3.12/site-packages/airflow/example_dags/example_complex.py for tasks to queue
[2024-06-30T04:01:42.840+0000] {logging_mixin.py:188} INFO - [2024-06-30T04:01:42.838+0000] {dagbag.py:545} INFO - Filling up the DagBag from /home/airflow/.local/lib/python3.12/site-packages/airflow/example_dags/example_complex.py
[2024-06-30T04:01:42.884+0000] {processor.py:840} INFO - DAG(s) 'example_complex' retrieved from /home/airflow/.local/lib/python3.12/site-packages/airflow/example_dags/example_complex.py
[2024-06-30T04:01:43.032+0000] {logging_mixin.py:188} INFO - [2024-06-30T04:01:43.032+0000] {dag.py:3096} INFO - Sync 1 DAGs
[2024-06-30T04:01:43.068+0000] {logging_mixin.py:188} INFO - [2024-06-30T04:01:43.068+0000] {dag.py:3954} INFO - Setting next_dagrun for example_complex to None, run_after=None
[2024-06-30T04:01:43.225+0000] {processor.py:183} INFO - Processing /home/airflow/.local/lib/python3.12/site-packages/airflow/example_dags/example_complex.py took 0.412 seconds
[2024-06-30T04:02:14.436+0000] {processor.py:161} INFO - Started process (PID=1424) to work on /home/airflow/.local/lib/python3.12/site-packages/airflow/example_dags/example_complex.py
[2024-06-30T04:02:14.439+0000] {processor.py:830} INFO - Processing file /home/airflow/.local/lib/python3.12/site-packages/airflow/example_dags/example_complex.py for tasks to queue
[2024-06-30T04:02:14.450+0000] {logging_mixin.py:188} INFO - [2024-06-30T04:02:14.445+0000] {dagbag.py:545} INFO - Filling up the DagBag from /home/airflow/.local/lib/python3.12/site-packages/airflow/example_dags/example_complex.py
[2024-06-30T04:02:14.487+0000] {processor.py:840} INFO - DAG(s) 'example_complex' retrieved from /home/airflow/.local/lib/python3.12/site-packages/airflow/example_dags/example_complex.py
[2024-06-30T04:02:14.618+0000] {logging_mixin.py:188} INFO - [2024-06-30T04:02:14.617+0000] {dag.py:3096} INFO - Sync 1 DAGs
[2024-06-30T04:02:14.664+0000] {logging_mixin.py:188} INFO - [2024-06-30T04:02:14.663+0000] {dag.py:3954} INFO - Setting next_dagrun for example_complex to None, run_after=None
[2024-06-30T04:02:14.753+0000] {processor.py:183} INFO - Processing /home/airflow/.local/lib/python3.12/site-packages/airflow/example_dags/example_complex.py took 0.330 seconds
[2024-06-30T04:02:45.826+0000] {processor.py:161} INFO - Started process (PID=1482) to work on /home/airflow/.local/lib/python3.12/site-packages/airflow/example_dags/example_complex.py
[2024-06-30T04:02:45.837+0000] {processor.py:830} INFO - Processing file /home/airflow/.local/lib/python3.12/site-packages/airflow/example_dags/example_complex.py for tasks to queue
[2024-06-30T04:02:45.841+0000] {logging_mixin.py:188} INFO - [2024-06-30T04:02:45.840+0000] {dagbag.py:545} INFO - Filling up the DagBag from /home/airflow/.local/lib/python3.12/site-packages/airflow/example_dags/example_complex.py
[2024-06-30T04:02:45.893+0000] {processor.py:840} INFO - DAG(s) 'example_complex' retrieved from /home/airflow/.local/lib/python3.12/site-packages/airflow/example_dags/example_complex.py
[2024-06-30T04:02:45.972+0000] {logging_mixin.py:188} INFO - [2024-06-30T04:02:45.971+0000] {dag.py:3096} INFO - Sync 1 DAGs
[2024-06-30T04:02:46.009+0000] {logging_mixin.py:188} INFO - [2024-06-30T04:02:46.009+0000] {dag.py:3954} INFO - Setting next_dagrun for example_complex to None, run_after=None
[2024-06-30T04:02:46.122+0000] {processor.py:183} INFO - Processing /home/airflow/.local/lib/python3.12/site-packages/airflow/example_dags/example_complex.py took 0.315 seconds
[2024-06-30T04:03:18.652+0000] {processor.py:161} INFO - Started process (PID=1540) to work on /home/airflow/.local/lib/python3.12/site-packages/airflow/example_dags/example_complex.py
[2024-06-30T04:03:18.668+0000] {processor.py:830} INFO - Processing file /home/airflow/.local/lib/python3.12/site-packages/airflow/example_dags/example_complex.py for tasks to queue
[2024-06-30T04:03:18.685+0000] {logging_mixin.py:188} INFO - [2024-06-30T04:03:18.684+0000] {dagbag.py:545} INFO - Filling up the DagBag from /home/airflow/.local/lib/python3.12/site-packages/airflow/example_dags/example_complex.py
[2024-06-30T04:03:18.776+0000] {processor.py:840} INFO - DAG(s) 'example_complex' retrieved from /home/airflow/.local/lib/python3.12/site-packages/airflow/example_dags/example_complex.py
[2024-06-30T04:03:19.003+0000] {logging_mixin.py:188} INFO - [2024-06-30T04:03:19.003+0000] {dag.py:3096} INFO - Sync 1 DAGs
[2024-06-30T04:03:19.069+0000] {logging_mixin.py:188} INFO - [2024-06-30T04:03:19.067+0000] {dag.py:3954} INFO - Setting next_dagrun for example_complex to None, run_after=None
[2024-06-30T04:03:19.201+0000] {processor.py:183} INFO - Processing /home/airflow/.local/lib/python3.12/site-packages/airflow/example_dags/example_complex.py took 0.567 seconds
[2024-06-30T04:03:51.864+0000] {processor.py:161} INFO - Started process (PID=1600) to work on /home/airflow/.local/lib/python3.12/site-packages/airflow/example_dags/example_complex.py
[2024-06-30T04:03:51.868+0000] {processor.py:830} INFO - Processing file /home/airflow/.local/lib/python3.12/site-packages/airflow/example_dags/example_complex.py for tasks to queue
[2024-06-30T04:03:51.884+0000] {logging_mixin.py:188} INFO - [2024-06-30T04:03:51.884+0000] {dagbag.py:545} INFO - Filling up the DagBag from /home/airflow/.local/lib/python3.12/site-packages/airflow/example_dags/example_complex.py
[2024-06-30T04:03:51.935+0000] {processor.py:840} INFO - DAG(s) 'example_complex' retrieved from /home/airflow/.local/lib/python3.12/site-packages/airflow/example_dags/example_complex.py
[2024-06-30T04:03:52.146+0000] {logging_mixin.py:188} INFO - [2024-06-30T04:03:52.146+0000] {dag.py:3096} INFO - Sync 1 DAGs
[2024-06-30T04:03:52.214+0000] {logging_mixin.py:188} INFO - [2024-06-30T04:03:52.214+0000] {dag.py:3954} INFO - Setting next_dagrun for example_complex to None, run_after=None
[2024-06-30T04:03:52.400+0000] {processor.py:183} INFO - Processing /home/airflow/.local/lib/python3.12/site-packages/airflow/example_dags/example_complex.py took 0.565 seconds
[2024-06-30T04:04:25.747+0000] {processor.py:161} INFO - Started process (PID=1658) to work on /home/airflow/.local/lib/python3.12/site-packages/airflow/example_dags/example_complex.py
[2024-06-30T04:04:25.758+0000] {processor.py:830} INFO - Processing file /home/airflow/.local/lib/python3.12/site-packages/airflow/example_dags/example_complex.py for tasks to queue
[2024-06-30T04:04:25.777+0000] {logging_mixin.py:188} INFO - [2024-06-30T04:04:25.776+0000] {dagbag.py:545} INFO - Filling up the DagBag from /home/airflow/.local/lib/python3.12/site-packages/airflow/example_dags/example_complex.py
[2024-06-30T04:04:25.858+0000] {processor.py:840} INFO - DAG(s) 'example_complex' retrieved from /home/airflow/.local/lib/python3.12/site-packages/airflow/example_dags/example_complex.py
[2024-06-30T04:04:26.144+0000] {logging_mixin.py:188} INFO - [2024-06-30T04:04:26.140+0000] {dag.py:3096} INFO - Sync 1 DAGs
[2024-06-30T04:04:26.189+0000] {logging_mixin.py:188} INFO - [2024-06-30T04:04:26.188+0000] {dag.py:3954} INFO - Setting next_dagrun for example_complex to None, run_after=None
[2024-06-30T04:04:26.320+0000] {processor.py:183} INFO - Processing /home/airflow/.local/lib/python3.12/site-packages/airflow/example_dags/example_complex.py took 0.597 seconds
[2024-06-30T04:05:00.554+0000] {processor.py:161} INFO - Started process (PID=1722) to work on /home/airflow/.local/lib/python3.12/site-packages/airflow/example_dags/example_complex.py
[2024-06-30T04:05:00.559+0000] {processor.py:830} INFO - Processing file /home/airflow/.local/lib/python3.12/site-packages/airflow/example_dags/example_complex.py for tasks to queue
[2024-06-30T04:05:00.564+0000] {logging_mixin.py:188} INFO - [2024-06-30T04:05:00.563+0000] {dagbag.py:545} INFO - Filling up the DagBag from /home/airflow/.local/lib/python3.12/site-packages/airflow/example_dags/example_complex.py
[2024-06-30T04:05:00.667+0000] {processor.py:840} INFO - DAG(s) 'example_complex' retrieved from /home/airflow/.local/lib/python3.12/site-packages/airflow/example_dags/example_complex.py
[2024-06-30T04:05:01.071+0000] {logging_mixin.py:188} INFO - [2024-06-30T04:05:01.060+0000] {dag.py:3096} INFO - Sync 1 DAGs
[2024-06-30T04:05:01.754+0000] {logging_mixin.py:188} INFO - [2024-06-30T04:05:01.749+0000] {dag.py:3954} INFO - Setting next_dagrun for example_complex to None, run_after=None
[2024-06-30T04:05:01.878+0000] {processor.py:183} INFO - Processing /home/airflow/.local/lib/python3.12/site-packages/airflow/example_dags/example_complex.py took 1.357 seconds
[2024-06-30T04:05:32.769+0000] {processor.py:161} INFO - Started process (PID=1780) to work on /home/airflow/.local/lib/python3.12/site-packages/airflow/example_dags/example_complex.py
[2024-06-30T04:05:32.775+0000] {processor.py:830} INFO - Processing file /home/airflow/.local/lib/python3.12/site-packages/airflow/example_dags/example_complex.py for tasks to queue
[2024-06-30T04:05:32.780+0000] {logging_mixin.py:188} INFO - [2024-06-30T04:05:32.780+0000] {dagbag.py:545} INFO - Filling up the DagBag from /home/airflow/.local/lib/python3.12/site-packages/airflow/example_dags/example_complex.py
[2024-06-30T04:05:32.800+0000] {processor.py:840} INFO - DAG(s) 'example_complex' retrieved from /home/airflow/.local/lib/python3.12/site-packages/airflow/example_dags/example_complex.py
[2024-06-30T04:05:32.878+0000] {logging_mixin.py:188} INFO - [2024-06-30T04:05:32.875+0000] {dag.py:3096} INFO - Sync 1 DAGs
[2024-06-30T04:05:32.911+0000] {logging_mixin.py:188} INFO - [2024-06-30T04:05:32.910+0000] {dag.py:3954} INFO - Setting next_dagrun for example_complex to None, run_after=None
[2024-06-30T04:05:33.345+0000] {processor.py:183} INFO - Processing /home/airflow/.local/lib/python3.12/site-packages/airflow/example_dags/example_complex.py took 0.585 seconds
[2024-06-30T04:06:03.603+0000] {processor.py:161} INFO - Started process (PID=1838) to work on /home/airflow/.local/lib/python3.12/site-packages/airflow/example_dags/example_complex.py
[2024-06-30T04:06:03.605+0000] {processor.py:830} INFO - Processing file /home/airflow/.local/lib/python3.12/site-packages/airflow/example_dags/example_complex.py for tasks to queue
[2024-06-30T04:06:03.612+0000] {logging_mixin.py:188} INFO - [2024-06-30T04:06:03.611+0000] {dagbag.py:545} INFO - Filling up the DagBag from /home/airflow/.local/lib/python3.12/site-packages/airflow/example_dags/example_complex.py
[2024-06-30T04:06:03.639+0000] {processor.py:840} INFO - DAG(s) 'example_complex' retrieved from /home/airflow/.local/lib/python3.12/site-packages/airflow/example_dags/example_complex.py
[2024-06-30T04:06:03.725+0000] {logging_mixin.py:188} INFO - [2024-06-30T04:06:03.724+0000] {dag.py:3096} INFO - Sync 1 DAGs
[2024-06-30T04:06:03.780+0000] {logging_mixin.py:188} INFO - [2024-06-30T04:06:03.780+0000] {dag.py:3954} INFO - Setting next_dagrun for example_complex to None, run_after=None
[2024-06-30T04:06:03.838+0000] {processor.py:183} INFO - Processing /home/airflow/.local/lib/python3.12/site-packages/airflow/example_dags/example_complex.py took 0.252 seconds
[2024-06-30T04:06:34.272+0000] {processor.py:161} INFO - Started process (PID=1896) to work on /home/airflow/.local/lib/python3.12/site-packages/airflow/example_dags/example_complex.py
[2024-06-30T04:06:34.273+0000] {processor.py:830} INFO - Processing file /home/airflow/.local/lib/python3.12/site-packages/airflow/example_dags/example_complex.py for tasks to queue
[2024-06-30T04:06:34.286+0000] {logging_mixin.py:188} INFO - [2024-06-30T04:06:34.283+0000] {dagbag.py:545} INFO - Filling up the DagBag from /home/airflow/.local/lib/python3.12/site-packages/airflow/example_dags/example_complex.py
[2024-06-30T04:06:34.370+0000] {processor.py:840} INFO - DAG(s) 'example_complex' retrieved from /home/airflow/.local/lib/python3.12/site-packages/airflow/example_dags/example_complex.py
[2024-06-30T04:06:34.597+0000] {logging_mixin.py:188} INFO - [2024-06-30T04:06:34.596+0000] {dag.py:3096} INFO - Sync 1 DAGs
[2024-06-30T04:06:34.688+0000] {logging_mixin.py:188} INFO - [2024-06-30T04:06:34.687+0000] {dag.py:3954} INFO - Setting next_dagrun for example_complex to None, run_after=None
[2024-06-30T04:06:34.856+0000] {processor.py:183} INFO - Processing /home/airflow/.local/lib/python3.12/site-packages/airflow/example_dags/example_complex.py took 0.622 seconds
[2024-06-30T04:07:05.760+0000] {processor.py:161} INFO - Started process (PID=1955) to work on /home/airflow/.local/lib/python3.12/site-packages/airflow/example_dags/example_complex.py
[2024-06-30T04:07:05.864+0000] {processor.py:830} INFO - Processing file /home/airflow/.local/lib/python3.12/site-packages/airflow/example_dags/example_complex.py for tasks to queue
[2024-06-30T04:07:05.946+0000] {logging_mixin.py:188} INFO - [2024-06-30T04:07:05.945+0000] {dagbag.py:545} INFO - Filling up the DagBag from /home/airflow/.local/lib/python3.12/site-packages/airflow/example_dags/example_complex.py
[2024-06-30T04:07:06.024+0000] {processor.py:840} INFO - DAG(s) 'example_complex' retrieved from /home/airflow/.local/lib/python3.12/site-packages/airflow/example_dags/example_complex.py
[2024-06-30T04:07:06.143+0000] {logging_mixin.py:188} INFO - [2024-06-30T04:07:06.142+0000] {dag.py:3096} INFO - Sync 1 DAGs
[2024-06-30T04:07:06.219+0000] {logging_mixin.py:188} INFO - [2024-06-30T04:07:06.218+0000] {dag.py:3954} INFO - Setting next_dagrun for example_complex to None, run_after=None
[2024-06-30T04:07:06.331+0000] {processor.py:183} INFO - Processing /home/airflow/.local/lib/python3.12/site-packages/airflow/example_dags/example_complex.py took 0.605 seconds
[2024-06-30T04:07:37.250+0000] {processor.py:161} INFO - Started process (PID=2019) to work on /home/airflow/.local/lib/python3.12/site-packages/airflow/example_dags/example_complex.py
[2024-06-30T04:07:37.255+0000] {processor.py:830} INFO - Processing file /home/airflow/.local/lib/python3.12/site-packages/airflow/example_dags/example_complex.py for tasks to queue
[2024-06-30T04:07:37.259+0000] {logging_mixin.py:188} INFO - [2024-06-30T04:07:37.258+0000] {dagbag.py:545} INFO - Filling up the DagBag from /home/airflow/.local/lib/python3.12/site-packages/airflow/example_dags/example_complex.py
[2024-06-30T04:07:37.296+0000] {processor.py:840} INFO - DAG(s) 'example_complex' retrieved from /home/airflow/.local/lib/python3.12/site-packages/airflow/example_dags/example_complex.py
[2024-06-30T04:07:37.426+0000] {logging_mixin.py:188} INFO - [2024-06-30T04:07:37.425+0000] {dag.py:3096} INFO - Sync 1 DAGs
[2024-06-30T04:07:37.463+0000] {logging_mixin.py:188} INFO - [2024-06-30T04:07:37.463+0000] {dag.py:3954} INFO - Setting next_dagrun for example_complex to None, run_after=None
[2024-06-30T04:07:37.575+0000] {processor.py:183} INFO - Processing /home/airflow/.local/lib/python3.12/site-packages/airflow/example_dags/example_complex.py took 0.344 seconds
[2024-06-30T04:08:07.666+0000] {processor.py:161} INFO - Started process (PID=2076) to work on /home/airflow/.local/lib/python3.12/site-packages/airflow/example_dags/example_complex.py
[2024-06-30T04:08:07.667+0000] {processor.py:830} INFO - Processing file /home/airflow/.local/lib/python3.12/site-packages/airflow/example_dags/example_complex.py for tasks to queue
[2024-06-30T04:08:07.674+0000] {logging_mixin.py:188} INFO - [2024-06-30T04:08:07.673+0000] {dagbag.py:545} INFO - Filling up the DagBag from /home/airflow/.local/lib/python3.12/site-packages/airflow/example_dags/example_complex.py
[2024-06-30T04:08:07.711+0000] {processor.py:840} INFO - DAG(s) 'example_complex' retrieved from /home/airflow/.local/lib/python3.12/site-packages/airflow/example_dags/example_complex.py
[2024-06-30T04:08:07.796+0000] {logging_mixin.py:188} INFO - [2024-06-30T04:08:07.795+0000] {dag.py:3096} INFO - Sync 1 DAGs
[2024-06-30T04:08:07.831+0000] {logging_mixin.py:188} INFO - [2024-06-30T04:08:07.830+0000] {dag.py:3954} INFO - Setting next_dagrun for example_complex to None, run_after=None
[2024-06-30T04:08:07.924+0000] {processor.py:183} INFO - Processing /home/airflow/.local/lib/python3.12/site-packages/airflow/example_dags/example_complex.py took 0.270 seconds
[2024-06-30T04:08:39.646+0000] {processor.py:161} INFO - Started process (PID=2133) to work on /home/airflow/.local/lib/python3.12/site-packages/airflow/example_dags/example_complex.py
[2024-06-30T04:08:39.649+0000] {processor.py:830} INFO - Processing file /home/airflow/.local/lib/python3.12/site-packages/airflow/example_dags/example_complex.py for tasks to queue
[2024-06-30T04:08:39.658+0000] {logging_mixin.py:188} INFO - [2024-06-30T04:08:39.656+0000] {dagbag.py:545} INFO - Filling up the DagBag from /home/airflow/.local/lib/python3.12/site-packages/airflow/example_dags/example_complex.py
[2024-06-30T04:08:39.743+0000] {processor.py:840} INFO - DAG(s) 'example_complex' retrieved from /home/airflow/.local/lib/python3.12/site-packages/airflow/example_dags/example_complex.py
[2024-06-30T04:08:39.964+0000] {logging_mixin.py:188} INFO - [2024-06-30T04:08:39.962+0000] {dag.py:3096} INFO - Sync 1 DAGs
[2024-06-30T04:08:40.074+0000] {logging_mixin.py:188} INFO - [2024-06-30T04:08:40.073+0000] {dag.py:3954} INFO - Setting next_dagrun for example_complex to None, run_after=None
[2024-06-30T04:08:41.655+0000] {processor.py:183} INFO - Processing /home/airflow/.local/lib/python3.12/site-packages/airflow/example_dags/example_complex.py took 2.028 seconds
[2024-06-30T04:09:12.537+0000] {processor.py:161} INFO - Started process (PID=2191) to work on /home/airflow/.local/lib/python3.12/site-packages/airflow/example_dags/example_complex.py
[2024-06-30T04:09:12.539+0000] {processor.py:830} INFO - Processing file /home/airflow/.local/lib/python3.12/site-packages/airflow/example_dags/example_complex.py for tasks to queue
[2024-06-30T04:09:12.543+0000] {logging_mixin.py:188} INFO - [2024-06-30T04:09:12.543+0000] {dagbag.py:545} INFO - Filling up the DagBag from /home/airflow/.local/lib/python3.12/site-packages/airflow/example_dags/example_complex.py
[2024-06-30T04:09:12.623+0000] {processor.py:840} INFO - DAG(s) 'example_complex' retrieved from /home/airflow/.local/lib/python3.12/site-packages/airflow/example_dags/example_complex.py
[2024-06-30T04:09:12.907+0000] {logging_mixin.py:188} INFO - [2024-06-30T04:09:12.907+0000] {dag.py:3096} INFO - Sync 1 DAGs
[2024-06-30T04:09:12.984+0000] {logging_mixin.py:188} INFO - [2024-06-30T04:09:12.983+0000] {dag.py:3954} INFO - Setting next_dagrun for example_complex to None, run_after=None
[2024-06-30T04:09:13.109+0000] {processor.py:183} INFO - Processing /home/airflow/.local/lib/python3.12/site-packages/airflow/example_dags/example_complex.py took 0.603 seconds
[2024-06-30T04:09:43.879+0000] {processor.py:161} INFO - Started process (PID=2250) to work on /home/airflow/.local/lib/python3.12/site-packages/airflow/example_dags/example_complex.py
[2024-06-30T04:09:43.882+0000] {processor.py:830} INFO - Processing file /home/airflow/.local/lib/python3.12/site-packages/airflow/example_dags/example_complex.py for tasks to queue
[2024-06-30T04:09:43.887+0000] {logging_mixin.py:188} INFO - [2024-06-30T04:09:43.886+0000] {dagbag.py:545} INFO - Filling up the DagBag from /home/airflow/.local/lib/python3.12/site-packages/airflow/example_dags/example_complex.py
[2024-06-30T04:09:43.909+0000] {processor.py:840} INFO - DAG(s) 'example_complex' retrieved from /home/airflow/.local/lib/python3.12/site-packages/airflow/example_dags/example_complex.py
[2024-06-30T04:09:43.989+0000] {logging_mixin.py:188} INFO - [2024-06-30T04:09:43.989+0000] {dag.py:3096} INFO - Sync 1 DAGs
[2024-06-30T04:09:44.021+0000] {logging_mixin.py:188} INFO - [2024-06-30T04:09:44.020+0000] {dag.py:3954} INFO - Setting next_dagrun for example_complex to None, run_after=None
[2024-06-30T04:09:44.068+0000] {processor.py:183} INFO - Processing /home/airflow/.local/lib/python3.12/site-packages/airflow/example_dags/example_complex.py took 0.202 seconds
[2024-06-30T04:10:14.707+0000] {processor.py:161} INFO - Started process (PID=2308) to work on /home/airflow/.local/lib/python3.12/site-packages/airflow/example_dags/example_complex.py
[2024-06-30T04:10:14.708+0000] {processor.py:830} INFO - Processing file /home/airflow/.local/lib/python3.12/site-packages/airflow/example_dags/example_complex.py for tasks to queue
[2024-06-30T04:10:14.711+0000] {logging_mixin.py:188} INFO - [2024-06-30T04:10:14.711+0000] {dagbag.py:545} INFO - Filling up the DagBag from /home/airflow/.local/lib/python3.12/site-packages/airflow/example_dags/example_complex.py
[2024-06-30T04:10:14.725+0000] {processor.py:840} INFO - DAG(s) 'example_complex' retrieved from /home/airflow/.local/lib/python3.12/site-packages/airflow/example_dags/example_complex.py
[2024-06-30T04:10:14.790+0000] {logging_mixin.py:188} INFO - [2024-06-30T04:10:14.789+0000] {dag.py:3096} INFO - Sync 1 DAGs
[2024-06-30T04:10:14.817+0000] {logging_mixin.py:188} INFO - [2024-06-30T04:10:14.816+0000] {dag.py:3954} INFO - Setting next_dagrun for example_complex to None, run_after=None
[2024-06-30T04:10:14.851+0000] {processor.py:183} INFO - Processing /home/airflow/.local/lib/python3.12/site-packages/airflow/example_dags/example_complex.py took 0.151 seconds
[2024-06-30T04:10:45.281+0000] {processor.py:161} INFO - Started process (PID=2366) to work on /home/airflow/.local/lib/python3.12/site-packages/airflow/example_dags/example_complex.py
[2024-06-30T04:10:45.286+0000] {processor.py:830} INFO - Processing file /home/airflow/.local/lib/python3.12/site-packages/airflow/example_dags/example_complex.py for tasks to queue
[2024-06-30T04:10:45.291+0000] {logging_mixin.py:188} INFO - [2024-06-30T04:10:45.290+0000] {dagbag.py:545} INFO - Filling up the DagBag from /home/airflow/.local/lib/python3.12/site-packages/airflow/example_dags/example_complex.py
[2024-06-30T04:10:45.317+0000] {processor.py:840} INFO - DAG(s) 'example_complex' retrieved from /home/airflow/.local/lib/python3.12/site-packages/airflow/example_dags/example_complex.py
[2024-06-30T04:10:45.379+0000] {logging_mixin.py:188} INFO - [2024-06-30T04:10:45.378+0000] {dag.py:3096} INFO - Sync 1 DAGs
[2024-06-30T04:10:45.405+0000] {logging_mixin.py:188} INFO - [2024-06-30T04:10:45.405+0000] {dag.py:3954} INFO - Setting next_dagrun for example_complex to None, run_after=None
[2024-06-30T04:10:45.453+0000] {processor.py:183} INFO - Processing /home/airflow/.local/lib/python3.12/site-packages/airflow/example_dags/example_complex.py took 0.189 seconds
[2024-06-30T04:11:15.790+0000] {processor.py:161} INFO - Started process (PID=2424) to work on /home/airflow/.local/lib/python3.12/site-packages/airflow/example_dags/example_complex.py
[2024-06-30T04:11:15.791+0000] {processor.py:830} INFO - Processing file /home/airflow/.local/lib/python3.12/site-packages/airflow/example_dags/example_complex.py for tasks to queue
[2024-06-30T04:11:15.795+0000] {logging_mixin.py:188} INFO - [2024-06-30T04:11:15.794+0000] {dagbag.py:545} INFO - Filling up the DagBag from /home/airflow/.local/lib/python3.12/site-packages/airflow/example_dags/example_complex.py
[2024-06-30T04:11:15.821+0000] {processor.py:840} INFO - DAG(s) 'example_complex' retrieved from /home/airflow/.local/lib/python3.12/site-packages/airflow/example_dags/example_complex.py
[2024-06-30T04:11:15.969+0000] {logging_mixin.py:188} INFO - [2024-06-30T04:11:15.969+0000] {dag.py:3096} INFO - Sync 1 DAGs
[2024-06-30T04:11:16.033+0000] {logging_mixin.py:188} INFO - [2024-06-30T04:11:16.032+0000] {dag.py:3954} INFO - Setting next_dagrun for example_complex to None, run_after=None
[2024-06-30T04:11:16.111+0000] {processor.py:183} INFO - Processing /home/airflow/.local/lib/python3.12/site-packages/airflow/example_dags/example_complex.py took 0.334 seconds
[2024-06-30T04:11:46.258+0000] {processor.py:161} INFO - Started process (PID=2481) to work on /home/airflow/.local/lib/python3.12/site-packages/airflow/example_dags/example_complex.py
[2024-06-30T04:11:46.259+0000] {processor.py:830} INFO - Processing file /home/airflow/.local/lib/python3.12/site-packages/airflow/example_dags/example_complex.py for tasks to queue
[2024-06-30T04:11:46.262+0000] {logging_mixin.py:188} INFO - [2024-06-30T04:11:46.261+0000] {dagbag.py:545} INFO - Filling up the DagBag from /home/airflow/.local/lib/python3.12/site-packages/airflow/example_dags/example_complex.py
[2024-06-30T04:11:46.280+0000] {processor.py:840} INFO - DAG(s) 'example_complex' retrieved from /home/airflow/.local/lib/python3.12/site-packages/airflow/example_dags/example_complex.py
[2024-06-30T04:11:46.350+0000] {logging_mixin.py:188} INFO - [2024-06-30T04:11:46.350+0000] {dag.py:3096} INFO - Sync 1 DAGs
[2024-06-30T04:11:46.378+0000] {logging_mixin.py:188} INFO - [2024-06-30T04:11:46.378+0000] {dag.py:3954} INFO - Setting next_dagrun for example_complex to None, run_after=None
[2024-06-30T04:11:46.430+0000] {processor.py:183} INFO - Processing /home/airflow/.local/lib/python3.12/site-packages/airflow/example_dags/example_complex.py took 0.185 seconds
[2024-06-30T04:12:17.429+0000] {processor.py:161} INFO - Started process (PID=2539) to work on /home/airflow/.local/lib/python3.12/site-packages/airflow/example_dags/example_complex.py
[2024-06-30T04:12:17.431+0000] {processor.py:830} INFO - Processing file /home/airflow/.local/lib/python3.12/site-packages/airflow/example_dags/example_complex.py for tasks to queue
[2024-06-30T04:12:17.435+0000] {logging_mixin.py:188} INFO - [2024-06-30T04:12:17.435+0000] {dagbag.py:545} INFO - Filling up the DagBag from /home/airflow/.local/lib/python3.12/site-packages/airflow/example_dags/example_complex.py
[2024-06-30T04:12:17.463+0000] {processor.py:840} INFO - DAG(s) 'example_complex' retrieved from /home/airflow/.local/lib/python3.12/site-packages/airflow/example_dags/example_complex.py
[2024-06-30T04:12:17.535+0000] {logging_mixin.py:188} INFO - [2024-06-30T04:12:17.535+0000] {dag.py:3096} INFO - Sync 1 DAGs
[2024-06-30T04:12:17.573+0000] {logging_mixin.py:188} INFO - [2024-06-30T04:12:17.573+0000] {dag.py:3954} INFO - Setting next_dagrun for example_complex to None, run_after=None
[2024-06-30T04:12:17.619+0000] {processor.py:183} INFO - Processing /home/airflow/.local/lib/python3.12/site-packages/airflow/example_dags/example_complex.py took 0.204 seconds
[2024-06-30T04:12:48.543+0000] {processor.py:161} INFO - Started process (PID=2597) to work on /home/airflow/.local/lib/python3.12/site-packages/airflow/example_dags/example_complex.py
[2024-06-30T04:12:48.545+0000] {processor.py:830} INFO - Processing file /home/airflow/.local/lib/python3.12/site-packages/airflow/example_dags/example_complex.py for tasks to queue
[2024-06-30T04:12:48.548+0000] {logging_mixin.py:188} INFO - [2024-06-30T04:12:48.548+0000] {dagbag.py:545} INFO - Filling up the DagBag from /home/airflow/.local/lib/python3.12/site-packages/airflow/example_dags/example_complex.py
[2024-06-30T04:12:48.578+0000] {processor.py:840} INFO - DAG(s) 'example_complex' retrieved from /home/airflow/.local/lib/python3.12/site-packages/airflow/example_dags/example_complex.py
[2024-06-30T04:12:48.661+0000] {logging_mixin.py:188} INFO - [2024-06-30T04:12:48.661+0000] {dag.py:3096} INFO - Sync 1 DAGs
[2024-06-30T04:12:48.695+0000] {logging_mixin.py:188} INFO - [2024-06-30T04:12:48.695+0000] {dag.py:3954} INFO - Setting next_dagrun for example_complex to None, run_after=None
[2024-06-30T04:12:48.744+0000] {processor.py:183} INFO - Processing /home/airflow/.local/lib/python3.12/site-packages/airflow/example_dags/example_complex.py took 0.212 seconds
[2024-06-30T04:13:18.888+0000] {processor.py:161} INFO - Started process (PID=2655) to work on /home/airflow/.local/lib/python3.12/site-packages/airflow/example_dags/example_complex.py
[2024-06-30T04:13:18.890+0000] {processor.py:830} INFO - Processing file /home/airflow/.local/lib/python3.12/site-packages/airflow/example_dags/example_complex.py for tasks to queue
[2024-06-30T04:13:18.894+0000] {logging_mixin.py:188} INFO - [2024-06-30T04:13:18.893+0000] {dagbag.py:545} INFO - Filling up the DagBag from /home/airflow/.local/lib/python3.12/site-packages/airflow/example_dags/example_complex.py
[2024-06-30T04:13:18.910+0000] {processor.py:840} INFO - DAG(s) 'example_complex' retrieved from /home/airflow/.local/lib/python3.12/site-packages/airflow/example_dags/example_complex.py
[2024-06-30T04:13:18.983+0000] {logging_mixin.py:188} INFO - [2024-06-30T04:13:18.982+0000] {dag.py:3096} INFO - Sync 1 DAGs
[2024-06-30T04:13:19.009+0000] {logging_mixin.py:188} INFO - [2024-06-30T04:13:19.008+0000] {dag.py:3954} INFO - Setting next_dagrun for example_complex to None, run_after=None
[2024-06-30T04:13:19.044+0000] {processor.py:183} INFO - Processing /home/airflow/.local/lib/python3.12/site-packages/airflow/example_dags/example_complex.py took 0.168 seconds
[2024-06-30T04:13:49.111+0000] {processor.py:161} INFO - Started process (PID=2715) to work on /home/airflow/.local/lib/python3.12/site-packages/airflow/example_dags/example_complex.py
[2024-06-30T04:13:49.112+0000] {processor.py:830} INFO - Processing file /home/airflow/.local/lib/python3.12/site-packages/airflow/example_dags/example_complex.py for tasks to queue
[2024-06-30T04:13:49.115+0000] {logging_mixin.py:188} INFO - [2024-06-30T04:13:49.114+0000] {dagbag.py:545} INFO - Filling up the DagBag from /home/airflow/.local/lib/python3.12/site-packages/airflow/example_dags/example_complex.py
[2024-06-30T04:13:49.128+0000] {processor.py:840} INFO - DAG(s) 'example_complex' retrieved from /home/airflow/.local/lib/python3.12/site-packages/airflow/example_dags/example_complex.py
[2024-06-30T04:13:49.184+0000] {logging_mixin.py:188} INFO - [2024-06-30T04:13:49.183+0000] {dag.py:3096} INFO - Sync 1 DAGs
[2024-06-30T04:13:49.204+0000] {logging_mixin.py:188} INFO - [2024-06-30T04:13:49.204+0000] {dag.py:3954} INFO - Setting next_dagrun for example_complex to None, run_after=None
[2024-06-30T04:13:49.235+0000] {processor.py:183} INFO - Processing /home/airflow/.local/lib/python3.12/site-packages/airflow/example_dags/example_complex.py took 0.132 seconds
[2024-06-30T04:14:19.373+0000] {processor.py:161} INFO - Started process (PID=2773) to work on /home/airflow/.local/lib/python3.12/site-packages/airflow/example_dags/example_complex.py
[2024-06-30T04:14:19.375+0000] {processor.py:830} INFO - Processing file /home/airflow/.local/lib/python3.12/site-packages/airflow/example_dags/example_complex.py for tasks to queue
[2024-06-30T04:14:19.378+0000] {logging_mixin.py:188} INFO - [2024-06-30T04:14:19.378+0000] {dagbag.py:545} INFO - Filling up the DagBag from /home/airflow/.local/lib/python3.12/site-packages/airflow/example_dags/example_complex.py
[2024-06-30T04:14:19.399+0000] {processor.py:840} INFO - DAG(s) 'example_complex' retrieved from /home/airflow/.local/lib/python3.12/site-packages/airflow/example_dags/example_complex.py
[2024-06-30T04:14:19.465+0000] {logging_mixin.py:188} INFO - [2024-06-30T04:14:19.465+0000] {dag.py:3096} INFO - Sync 1 DAGs
[2024-06-30T04:14:19.492+0000] {logging_mixin.py:188} INFO - [2024-06-30T04:14:19.492+0000] {dag.py:3954} INFO - Setting next_dagrun for example_complex to None, run_after=None
[2024-06-30T04:14:19.530+0000] {processor.py:183} INFO - Processing /home/airflow/.local/lib/python3.12/site-packages/airflow/example_dags/example_complex.py took 0.173 seconds
[2024-06-30T04:14:49.831+0000] {processor.py:161} INFO - Started process (PID=2831) to work on /home/airflow/.local/lib/python3.12/site-packages/airflow/example_dags/example_complex.py
[2024-06-30T04:14:49.833+0000] {processor.py:830} INFO - Processing file /home/airflow/.local/lib/python3.12/site-packages/airflow/example_dags/example_complex.py for tasks to queue
[2024-06-30T04:14:49.835+0000] {logging_mixin.py:188} INFO - [2024-06-30T04:14:49.835+0000] {dagbag.py:545} INFO - Filling up the DagBag from /home/airflow/.local/lib/python3.12/site-packages/airflow/example_dags/example_complex.py
[2024-06-30T04:14:49.854+0000] {processor.py:840} INFO - DAG(s) 'example_complex' retrieved from /home/airflow/.local/lib/python3.12/site-packages/airflow/example_dags/example_complex.py
[2024-06-30T04:14:49.915+0000] {logging_mixin.py:188} INFO - [2024-06-30T04:14:49.914+0000] {dag.py:3096} INFO - Sync 1 DAGs
[2024-06-30T04:14:49.939+0000] {logging_mixin.py:188} INFO - [2024-06-30T04:14:49.939+0000] {dag.py:3954} INFO - Setting next_dagrun for example_complex to None, run_after=None
[2024-06-30T04:14:49.974+0000] {processor.py:183} INFO - Processing /home/airflow/.local/lib/python3.12/site-packages/airflow/example_dags/example_complex.py took 0.153 seconds
[2024-06-30T04:15:20.431+0000] {processor.py:161} INFO - Started process (PID=2889) to work on /home/airflow/.local/lib/python3.12/site-packages/airflow/example_dags/example_complex.py
[2024-06-30T04:15:20.433+0000] {processor.py:830} INFO - Processing file /home/airflow/.local/lib/python3.12/site-packages/airflow/example_dags/example_complex.py for tasks to queue
[2024-06-30T04:15:20.437+0000] {logging_mixin.py:188} INFO - [2024-06-30T04:15:20.436+0000] {dagbag.py:545} INFO - Filling up the DagBag from /home/airflow/.local/lib/python3.12/site-packages/airflow/example_dags/example_complex.py
[2024-06-30T04:15:20.464+0000] {processor.py:840} INFO - DAG(s) 'example_complex' retrieved from /home/airflow/.local/lib/python3.12/site-packages/airflow/example_dags/example_complex.py
[2024-06-30T04:15:20.543+0000] {logging_mixin.py:188} INFO - [2024-06-30T04:15:20.543+0000] {dag.py:3096} INFO - Sync 1 DAGs
[2024-06-30T04:15:20.577+0000] {logging_mixin.py:188} INFO - [2024-06-30T04:15:20.576+0000] {dag.py:3954} INFO - Setting next_dagrun for example_complex to None, run_after=None
[2024-06-30T04:15:20.609+0000] {processor.py:183} INFO - Processing /home/airflow/.local/lib/python3.12/site-packages/airflow/example_dags/example_complex.py took 0.187 seconds
[2024-06-30T04:15:51.156+0000] {processor.py:161} INFO - Started process (PID=2947) to work on /home/airflow/.local/lib/python3.12/site-packages/airflow/example_dags/example_complex.py
[2024-06-30T04:15:51.159+0000] {processor.py:830} INFO - Processing file /home/airflow/.local/lib/python3.12/site-packages/airflow/example_dags/example_complex.py for tasks to queue
[2024-06-30T04:15:51.162+0000] {logging_mixin.py:188} INFO - [2024-06-30T04:15:51.161+0000] {dagbag.py:545} INFO - Filling up the DagBag from /home/airflow/.local/lib/python3.12/site-packages/airflow/example_dags/example_complex.py
[2024-06-30T04:15:51.185+0000] {processor.py:840} INFO - DAG(s) 'example_complex' retrieved from /home/airflow/.local/lib/python3.12/site-packages/airflow/example_dags/example_complex.py
[2024-06-30T04:15:51.264+0000] {logging_mixin.py:188} INFO - [2024-06-30T04:15:51.264+0000] {dag.py:3096} INFO - Sync 1 DAGs
[2024-06-30T04:15:51.319+0000] {logging_mixin.py:188} INFO - [2024-06-30T04:15:51.319+0000] {dag.py:3954} INFO - Setting next_dagrun for example_complex to None, run_after=None
[2024-06-30T04:15:51.383+0000] {processor.py:183} INFO - Processing /home/airflow/.local/lib/python3.12/site-packages/airflow/example_dags/example_complex.py took 0.239 seconds
[2024-06-30T04:16:21.620+0000] {processor.py:161} INFO - Started process (PID=3005) to work on /home/airflow/.local/lib/python3.12/site-packages/airflow/example_dags/example_complex.py
[2024-06-30T04:16:21.622+0000] {processor.py:830} INFO - Processing file /home/airflow/.local/lib/python3.12/site-packages/airflow/example_dags/example_complex.py for tasks to queue
[2024-06-30T04:16:21.625+0000] {logging_mixin.py:188} INFO - [2024-06-30T04:16:21.625+0000] {dagbag.py:545} INFO - Filling up the DagBag from /home/airflow/.local/lib/python3.12/site-packages/airflow/example_dags/example_complex.py
[2024-06-30T04:16:21.660+0000] {processor.py:840} INFO - DAG(s) 'example_complex' retrieved from /home/airflow/.local/lib/python3.12/site-packages/airflow/example_dags/example_complex.py
[2024-06-30T04:16:21.758+0000] {logging_mixin.py:188} INFO - [2024-06-30T04:16:21.758+0000] {dag.py:3096} INFO - Sync 1 DAGs
[2024-06-30T04:16:21.806+0000] {logging_mixin.py:188} INFO - [2024-06-30T04:16:21.805+0000] {dag.py:3954} INFO - Setting next_dagrun for example_complex to None, run_after=None
[2024-06-30T04:16:21.856+0000] {processor.py:183} INFO - Processing /home/airflow/.local/lib/python3.12/site-packages/airflow/example_dags/example_complex.py took 0.249 seconds
[2024-06-30T04:16:51.968+0000] {processor.py:161} INFO - Started process (PID=3063) to work on /home/airflow/.local/lib/python3.12/site-packages/airflow/example_dags/example_complex.py
[2024-06-30T04:16:51.971+0000] {processor.py:830} INFO - Processing file /home/airflow/.local/lib/python3.12/site-packages/airflow/example_dags/example_complex.py for tasks to queue
[2024-06-30T04:16:51.974+0000] {logging_mixin.py:188} INFO - [2024-06-30T04:16:51.973+0000] {dagbag.py:545} INFO - Filling up the DagBag from /home/airflow/.local/lib/python3.12/site-packages/airflow/example_dags/example_complex.py
[2024-06-30T04:16:51.994+0000] {processor.py:840} INFO - DAG(s) 'example_complex' retrieved from /home/airflow/.local/lib/python3.12/site-packages/airflow/example_dags/example_complex.py
[2024-06-30T04:16:52.071+0000] {logging_mixin.py:188} INFO - [2024-06-30T04:16:52.071+0000] {dag.py:3096} INFO - Sync 1 DAGs
[2024-06-30T04:16:52.097+0000] {logging_mixin.py:188} INFO - [2024-06-30T04:16:52.097+0000] {dag.py:3954} INFO - Setting next_dagrun for example_complex to None, run_after=None
[2024-06-30T04:16:52.197+0000] {processor.py:183} INFO - Processing /home/airflow/.local/lib/python3.12/site-packages/airflow/example_dags/example_complex.py took 0.238 seconds
[2024-06-30T04:17:22.797+0000] {processor.py:161} INFO - Started process (PID=3120) to work on /home/airflow/.local/lib/python3.12/site-packages/airflow/example_dags/example_complex.py
[2024-06-30T04:17:22.799+0000] {processor.py:830} INFO - Processing file /home/airflow/.local/lib/python3.12/site-packages/airflow/example_dags/example_complex.py for tasks to queue
[2024-06-30T04:17:22.801+0000] {logging_mixin.py:188} INFO - [2024-06-30T04:17:22.801+0000] {dagbag.py:545} INFO - Filling up the DagBag from /home/airflow/.local/lib/python3.12/site-packages/airflow/example_dags/example_complex.py
[2024-06-30T04:17:22.815+0000] {processor.py:840} INFO - DAG(s) 'example_complex' retrieved from /home/airflow/.local/lib/python3.12/site-packages/airflow/example_dags/example_complex.py
[2024-06-30T04:17:22.866+0000] {logging_mixin.py:188} INFO - [2024-06-30T04:17:22.866+0000] {dag.py:3096} INFO - Sync 1 DAGs
[2024-06-30T04:17:22.885+0000] {logging_mixin.py:188} INFO - [2024-06-30T04:17:22.885+0000] {dag.py:3954} INFO - Setting next_dagrun for example_complex to None, run_after=None
[2024-06-30T04:17:22.920+0000] {processor.py:183} INFO - Processing /home/airflow/.local/lib/python3.12/site-packages/airflow/example_dags/example_complex.py took 0.133 seconds
[2024-06-30T04:17:53.793+0000] {processor.py:161} INFO - Started process (PID=3178) to work on /home/airflow/.local/lib/python3.12/site-packages/airflow/example_dags/example_complex.py
[2024-06-30T04:17:53.795+0000] {processor.py:830} INFO - Processing file /home/airflow/.local/lib/python3.12/site-packages/airflow/example_dags/example_complex.py for tasks to queue
[2024-06-30T04:17:53.798+0000] {logging_mixin.py:188} INFO - [2024-06-30T04:17:53.798+0000] {dagbag.py:545} INFO - Filling up the DagBag from /home/airflow/.local/lib/python3.12/site-packages/airflow/example_dags/example_complex.py
[2024-06-30T04:17:53.822+0000] {processor.py:840} INFO - DAG(s) 'example_complex' retrieved from /home/airflow/.local/lib/python3.12/site-packages/airflow/example_dags/example_complex.py
[2024-06-30T04:17:53.910+0000] {logging_mixin.py:188} INFO - [2024-06-30T04:17:53.909+0000] {dag.py:3096} INFO - Sync 1 DAGs
[2024-06-30T04:17:53.945+0000] {logging_mixin.py:188} INFO - [2024-06-30T04:17:53.944+0000] {dag.py:3954} INFO - Setting next_dagrun for example_complex to None, run_after=None
[2024-06-30T04:17:53.993+0000] {processor.py:183} INFO - Processing /home/airflow/.local/lib/python3.12/site-packages/airflow/example_dags/example_complex.py took 0.219 seconds
[2024-06-30T04:18:24.409+0000] {processor.py:161} INFO - Started process (PID=3235) to work on /home/airflow/.local/lib/python3.12/site-packages/airflow/example_dags/example_complex.py
[2024-06-30T04:18:24.411+0000] {processor.py:830} INFO - Processing file /home/airflow/.local/lib/python3.12/site-packages/airflow/example_dags/example_complex.py for tasks to queue
[2024-06-30T04:18:24.424+0000] {logging_mixin.py:188} INFO - [2024-06-30T04:18:24.424+0000] {dagbag.py:545} INFO - Filling up the DagBag from /home/airflow/.local/lib/python3.12/site-packages/airflow/example_dags/example_complex.py
[2024-06-30T04:18:24.479+0000] {processor.py:840} INFO - DAG(s) 'example_complex' retrieved from /home/airflow/.local/lib/python3.12/site-packages/airflow/example_dags/example_complex.py
[2024-06-30T04:18:24.674+0000] {logging_mixin.py:188} INFO - [2024-06-30T04:18:24.673+0000] {dag.py:3096} INFO - Sync 1 DAGs
[2024-06-30T04:18:24.744+0000] {logging_mixin.py:188} INFO - [2024-06-30T04:18:24.744+0000] {dag.py:3954} INFO - Setting next_dagrun for example_complex to None, run_after=None
[2024-06-30T04:18:24.834+0000] {processor.py:183} INFO - Processing /home/airflow/.local/lib/python3.12/site-packages/airflow/example_dags/example_complex.py took 0.446 seconds
[2024-06-30T04:18:54.988+0000] {processor.py:161} INFO - Started process (PID=3293) to work on /home/airflow/.local/lib/python3.12/site-packages/airflow/example_dags/example_complex.py
[2024-06-30T04:18:54.991+0000] {processor.py:830} INFO - Processing file /home/airflow/.local/lib/python3.12/site-packages/airflow/example_dags/example_complex.py for tasks to queue
[2024-06-30T04:18:54.994+0000] {logging_mixin.py:188} INFO - [2024-06-30T04:18:54.994+0000] {dagbag.py:545} INFO - Filling up the DagBag from /home/airflow/.local/lib/python3.12/site-packages/airflow/example_dags/example_complex.py
[2024-06-30T04:18:55.016+0000] {processor.py:840} INFO - DAG(s) 'example_complex' retrieved from /home/airflow/.local/lib/python3.12/site-packages/airflow/example_dags/example_complex.py
[2024-06-30T04:18:55.092+0000] {logging_mixin.py:188} INFO - [2024-06-30T04:18:55.092+0000] {dag.py:3096} INFO - Sync 1 DAGs
[2024-06-30T04:18:55.118+0000] {logging_mixin.py:188} INFO - [2024-06-30T04:18:55.118+0000] {dag.py:3954} INFO - Setting next_dagrun for example_complex to None, run_after=None
[2024-06-30T04:18:55.161+0000] {processor.py:183} INFO - Processing /home/airflow/.local/lib/python3.12/site-packages/airflow/example_dags/example_complex.py took 0.183 seconds
[2024-06-30T04:19:25.628+0000] {processor.py:161} INFO - Started process (PID=3351) to work on /home/airflow/.local/lib/python3.12/site-packages/airflow/example_dags/example_complex.py
[2024-06-30T04:19:25.631+0000] {processor.py:830} INFO - Processing file /home/airflow/.local/lib/python3.12/site-packages/airflow/example_dags/example_complex.py for tasks to queue
[2024-06-30T04:19:25.634+0000] {logging_mixin.py:188} INFO - [2024-06-30T04:19:25.633+0000] {dagbag.py:545} INFO - Filling up the DagBag from /home/airflow/.local/lib/python3.12/site-packages/airflow/example_dags/example_complex.py
[2024-06-30T04:19:25.661+0000] {processor.py:840} INFO - DAG(s) 'example_complex' retrieved from /home/airflow/.local/lib/python3.12/site-packages/airflow/example_dags/example_complex.py
[2024-06-30T04:19:25.744+0000] {logging_mixin.py:188} INFO - [2024-06-30T04:19:25.743+0000] {dag.py:3096} INFO - Sync 1 DAGs
[2024-06-30T04:19:25.765+0000] {logging_mixin.py:188} INFO - [2024-06-30T04:19:25.765+0000] {dag.py:3954} INFO - Setting next_dagrun for example_complex to None, run_after=None
[2024-06-30T04:19:25.838+0000] {processor.py:183} INFO - Processing /home/airflow/.local/lib/python3.12/site-packages/airflow/example_dags/example_complex.py took 0.222 seconds
