[2024-06-30T03:50:03.326+0000] {processor.py:161} INFO - Started process (PID=85) to work on /home/airflow/.local/lib/python3.12/site-packages/airflow/example_dags/example_xcomargs.py
[2024-06-30T03:50:03.330+0000] {processor.py:830} INFO - Processing file /home/airflow/.local/lib/python3.12/site-packages/airflow/example_dags/example_xcomargs.py for tasks to queue
[2024-06-30T03:50:03.342+0000] {logging_mixin.py:188} INFO - [2024-06-30T03:50:03.341+0000] {dagbag.py:545} INFO - Filling up the DagBag from /home/airflow/.local/lib/python3.12/site-packages/airflow/example_dags/example_xcomargs.py
[2024-06-30T03:50:03.457+0000] {processor.py:840} INFO - DAG(s) 'example_xcom_args_with_operators', 'example_xcom_args' retrieved from /home/airflow/.local/lib/python3.12/site-packages/airflow/example_dags/example_xcomargs.py
[2024-06-30T03:50:05.655+0000] {logging_mixin.py:188} INFO - [2024-06-30T03:50:05.623+0000] {dag.py:3096} INFO - Sync 2 DAGs
[2024-06-30T03:50:06.009+0000] {logging_mixin.py:188} INFO - [2024-06-30T03:50:06.009+0000] {dag.py:3954} INFO - Setting next_dagrun for example_xcom_args to None, run_after=None
[2024-06-30T03:50:06.055+0000] {logging_mixin.py:188} INFO - [2024-06-30T03:50:06.054+0000] {dag.py:3954} INFO - Setting next_dagrun for example_xcom_args_with_operators to None, run_after=None
[2024-06-30T03:50:06.271+0000] {processor.py:183} INFO - Processing /home/airflow/.local/lib/python3.12/site-packages/airflow/example_dags/example_xcomargs.py took 2.981 seconds
[2024-06-30T03:50:36.790+0000] {processor.py:161} INFO - Started process (PID=143) to work on /home/airflow/.local/lib/python3.12/site-packages/airflow/example_dags/example_xcomargs.py
[2024-06-30T03:50:36.796+0000] {processor.py:830} INFO - Processing file /home/airflow/.local/lib/python3.12/site-packages/airflow/example_dags/example_xcomargs.py for tasks to queue
[2024-06-30T03:50:36.802+0000] {logging_mixin.py:188} INFO - [2024-06-30T03:50:36.801+0000] {dagbag.py:545} INFO - Filling up the DagBag from /home/airflow/.local/lib/python3.12/site-packages/airflow/example_dags/example_xcomargs.py
[2024-06-30T03:50:36.843+0000] {processor.py:840} INFO - DAG(s) 'example_xcom_args_with_operators', 'example_xcom_args' retrieved from /home/airflow/.local/lib/python3.12/site-packages/airflow/example_dags/example_xcomargs.py
[2024-06-30T03:50:36.917+0000] {logging_mixin.py:188} INFO - [2024-06-30T03:50:36.916+0000] {dag.py:3096} INFO - Sync 2 DAGs
[2024-06-30T03:50:36.953+0000] {logging_mixin.py:188} INFO - [2024-06-30T03:50:36.953+0000] {dag.py:3954} INFO - Setting next_dagrun for example_xcom_args to None, run_after=None
[2024-06-30T03:50:36.962+0000] {logging_mixin.py:188} INFO - [2024-06-30T03:50:36.962+0000] {dag.py:3954} INFO - Setting next_dagrun for example_xcom_args_with_operators to None, run_after=None
[2024-06-30T03:50:37.000+0000] {processor.py:183} INFO - Processing /home/airflow/.local/lib/python3.12/site-packages/airflow/example_dags/example_xcomargs.py took 0.231 seconds
[2024-06-30T03:51:07.473+0000] {processor.py:161} INFO - Started process (PID=200) to work on /home/airflow/.local/lib/python3.12/site-packages/airflow/example_dags/example_xcomargs.py
[2024-06-30T03:51:07.487+0000] {processor.py:830} INFO - Processing file /home/airflow/.local/lib/python3.12/site-packages/airflow/example_dags/example_xcomargs.py for tasks to queue
[2024-06-30T03:51:07.501+0000] {logging_mixin.py:188} INFO - [2024-06-30T03:51:07.498+0000] {dagbag.py:545} INFO - Filling up the DagBag from /home/airflow/.local/lib/python3.12/site-packages/airflow/example_dags/example_xcomargs.py
[2024-06-30T03:51:07.528+0000] {processor.py:840} INFO - DAG(s) 'example_xcom_args', 'example_xcom_args_with_operators' retrieved from /home/airflow/.local/lib/python3.12/site-packages/airflow/example_dags/example_xcomargs.py
[2024-06-30T03:51:07.601+0000] {logging_mixin.py:188} INFO - [2024-06-30T03:51:07.600+0000] {dag.py:3096} INFO - Sync 2 DAGs
[2024-06-30T03:51:07.644+0000] {logging_mixin.py:188} INFO - [2024-06-30T03:51:07.642+0000] {dag.py:3954} INFO - Setting next_dagrun for example_xcom_args to None, run_after=None
[2024-06-30T03:51:07.659+0000] {logging_mixin.py:188} INFO - [2024-06-30T03:51:07.658+0000] {dag.py:3954} INFO - Setting next_dagrun for example_xcom_args_with_operators to None, run_after=None
[2024-06-30T03:51:07.778+0000] {processor.py:183} INFO - Processing /home/airflow/.local/lib/python3.12/site-packages/airflow/example_dags/example_xcomargs.py took 0.334 seconds
[2024-06-30T03:51:37.972+0000] {processor.py:161} INFO - Started process (PID=259) to work on /home/airflow/.local/lib/python3.12/site-packages/airflow/example_dags/example_xcomargs.py
[2024-06-30T03:51:37.981+0000] {processor.py:830} INFO - Processing file /home/airflow/.local/lib/python3.12/site-packages/airflow/example_dags/example_xcomargs.py for tasks to queue
[2024-06-30T03:51:37.989+0000] {logging_mixin.py:188} INFO - [2024-06-30T03:51:37.988+0000] {dagbag.py:545} INFO - Filling up the DagBag from /home/airflow/.local/lib/python3.12/site-packages/airflow/example_dags/example_xcomargs.py
[2024-06-30T03:51:38.058+0000] {processor.py:840} INFO - DAG(s) 'example_xcom_args_with_operators', 'example_xcom_args' retrieved from /home/airflow/.local/lib/python3.12/site-packages/airflow/example_dags/example_xcomargs.py
[2024-06-30T03:51:38.284+0000] {logging_mixin.py:188} INFO - [2024-06-30T03:51:38.283+0000] {dag.py:3096} INFO - Sync 2 DAGs
[2024-06-30T03:51:38.315+0000] {logging_mixin.py:188} INFO - [2024-06-30T03:51:38.314+0000] {dag.py:3954} INFO - Setting next_dagrun for example_xcom_args to None, run_after=None
[2024-06-30T03:51:38.326+0000] {logging_mixin.py:188} INFO - [2024-06-30T03:51:38.325+0000] {dag.py:3954} INFO - Setting next_dagrun for example_xcom_args_with_operators to None, run_after=None
[2024-06-30T03:51:38.370+0000] {processor.py:183} INFO - Processing /home/airflow/.local/lib/python3.12/site-packages/airflow/example_dags/example_xcomargs.py took 0.425 seconds
[2024-06-30T03:52:08.506+0000] {processor.py:161} INFO - Started process (PID=318) to work on /home/airflow/.local/lib/python3.12/site-packages/airflow/example_dags/example_xcomargs.py
[2024-06-30T03:52:08.508+0000] {processor.py:830} INFO - Processing file /home/airflow/.local/lib/python3.12/site-packages/airflow/example_dags/example_xcomargs.py for tasks to queue
[2024-06-30T03:52:08.514+0000] {logging_mixin.py:188} INFO - [2024-06-30T03:52:08.513+0000] {dagbag.py:545} INFO - Filling up the DagBag from /home/airflow/.local/lib/python3.12/site-packages/airflow/example_dags/example_xcomargs.py
[2024-06-30T03:52:08.535+0000] {processor.py:840} INFO - DAG(s) 'example_xcom_args', 'example_xcom_args_with_operators' retrieved from /home/airflow/.local/lib/python3.12/site-packages/airflow/example_dags/example_xcomargs.py
[2024-06-30T03:52:08.635+0000] {logging_mixin.py:188} INFO - [2024-06-30T03:52:08.634+0000] {dag.py:3096} INFO - Sync 2 DAGs
[2024-06-30T03:52:08.680+0000] {logging_mixin.py:188} INFO - [2024-06-30T03:52:08.679+0000] {dag.py:3954} INFO - Setting next_dagrun for example_xcom_args to None, run_after=None
[2024-06-30T03:52:08.694+0000] {logging_mixin.py:188} INFO - [2024-06-30T03:52:08.693+0000] {dag.py:3954} INFO - Setting next_dagrun for example_xcom_args_with_operators to None, run_after=None
[2024-06-30T03:52:08.842+0000] {processor.py:183} INFO - Processing /home/airflow/.local/lib/python3.12/site-packages/airflow/example_dags/example_xcomargs.py took 0.350 seconds
[2024-06-30T03:52:38.950+0000] {processor.py:161} INFO - Started process (PID=375) to work on /home/airflow/.local/lib/python3.12/site-packages/airflow/example_dags/example_xcomargs.py
[2024-06-30T03:52:38.952+0000] {processor.py:830} INFO - Processing file /home/airflow/.local/lib/python3.12/site-packages/airflow/example_dags/example_xcomargs.py for tasks to queue
[2024-06-30T03:52:38.956+0000] {logging_mixin.py:188} INFO - [2024-06-30T03:52:38.956+0000] {dagbag.py:545} INFO - Filling up the DagBag from /home/airflow/.local/lib/python3.12/site-packages/airflow/example_dags/example_xcomargs.py
[2024-06-30T03:52:38.974+0000] {processor.py:840} INFO - DAG(s) 'example_xcom_args_with_operators', 'example_xcom_args' retrieved from /home/airflow/.local/lib/python3.12/site-packages/airflow/example_dags/example_xcomargs.py
[2024-06-30T03:52:39.025+0000] {logging_mixin.py:188} INFO - [2024-06-30T03:52:39.025+0000] {dag.py:3096} INFO - Sync 2 DAGs
[2024-06-30T03:52:39.053+0000] {logging_mixin.py:188} INFO - [2024-06-30T03:52:39.052+0000] {dag.py:3954} INFO - Setting next_dagrun for example_xcom_args to None, run_after=None
[2024-06-30T03:52:39.074+0000] {logging_mixin.py:188} INFO - [2024-06-30T03:52:39.074+0000] {dag.py:3954} INFO - Setting next_dagrun for example_xcom_args_with_operators to None, run_after=None
[2024-06-30T03:52:39.174+0000] {processor.py:183} INFO - Processing /home/airflow/.local/lib/python3.12/site-packages/airflow/example_dags/example_xcomargs.py took 0.233 seconds
[2024-06-30T03:53:09.519+0000] {processor.py:161} INFO - Started process (PID=433) to work on /home/airflow/.local/lib/python3.12/site-packages/airflow/example_dags/example_xcomargs.py
[2024-06-30T03:53:09.522+0000] {processor.py:830} INFO - Processing file /home/airflow/.local/lib/python3.12/site-packages/airflow/example_dags/example_xcomargs.py for tasks to queue
[2024-06-30T03:53:09.528+0000] {logging_mixin.py:188} INFO - [2024-06-30T03:53:09.527+0000] {dagbag.py:545} INFO - Filling up the DagBag from /home/airflow/.local/lib/python3.12/site-packages/airflow/example_dags/example_xcomargs.py
[2024-06-30T03:53:09.557+0000] {processor.py:840} INFO - DAG(s) 'example_xcom_args', 'example_xcom_args_with_operators' retrieved from /home/airflow/.local/lib/python3.12/site-packages/airflow/example_dags/example_xcomargs.py
[2024-06-30T03:53:09.631+0000] {logging_mixin.py:188} INFO - [2024-06-30T03:53:09.630+0000] {dag.py:3096} INFO - Sync 2 DAGs
[2024-06-30T03:53:09.703+0000] {logging_mixin.py:188} INFO - [2024-06-30T03:53:09.702+0000] {dag.py:3954} INFO - Setting next_dagrun for example_xcom_args to None, run_after=None
[2024-06-30T03:53:09.719+0000] {logging_mixin.py:188} INFO - [2024-06-30T03:53:09.718+0000] {dag.py:3954} INFO - Setting next_dagrun for example_xcom_args_with_operators to None, run_after=None
[2024-06-30T03:53:09.834+0000] {processor.py:183} INFO - Processing /home/airflow/.local/lib/python3.12/site-packages/airflow/example_dags/example_xcomargs.py took 0.333 seconds
[2024-06-30T03:53:40.175+0000] {processor.py:161} INFO - Started process (PID=491) to work on /home/airflow/.local/lib/python3.12/site-packages/airflow/example_dags/example_xcomargs.py
[2024-06-30T03:53:40.179+0000] {processor.py:830} INFO - Processing file /home/airflow/.local/lib/python3.12/site-packages/airflow/example_dags/example_xcomargs.py for tasks to queue
[2024-06-30T03:53:40.193+0000] {logging_mixin.py:188} INFO - [2024-06-30T03:53:40.187+0000] {dagbag.py:545} INFO - Filling up the DagBag from /home/airflow/.local/lib/python3.12/site-packages/airflow/example_dags/example_xcomargs.py
[2024-06-30T03:53:40.239+0000] {processor.py:840} INFO - DAG(s) 'example_xcom_args', 'example_xcom_args_with_operators' retrieved from /home/airflow/.local/lib/python3.12/site-packages/airflow/example_dags/example_xcomargs.py
[2024-06-30T03:53:40.441+0000] {logging_mixin.py:188} INFO - [2024-06-30T03:53:40.440+0000] {dag.py:3096} INFO - Sync 2 DAGs
[2024-06-30T03:53:40.564+0000] {logging_mixin.py:188} INFO - [2024-06-30T03:53:40.563+0000] {dag.py:3954} INFO - Setting next_dagrun for example_xcom_args to None, run_after=None
[2024-06-30T03:53:40.607+0000] {logging_mixin.py:188} INFO - [2024-06-30T03:53:40.607+0000] {dag.py:3954} INFO - Setting next_dagrun for example_xcom_args_with_operators to None, run_after=None
[2024-06-30T03:53:40.731+0000] {processor.py:183} INFO - Processing /home/airflow/.local/lib/python3.12/site-packages/airflow/example_dags/example_xcomargs.py took 0.574 seconds
[2024-06-30T03:54:11.459+0000] {processor.py:161} INFO - Started process (PID=549) to work on /home/airflow/.local/lib/python3.12/site-packages/airflow/example_dags/example_xcomargs.py
[2024-06-30T03:54:11.465+0000] {processor.py:830} INFO - Processing file /home/airflow/.local/lib/python3.12/site-packages/airflow/example_dags/example_xcomargs.py for tasks to queue
[2024-06-30T03:54:11.472+0000] {logging_mixin.py:188} INFO - [2024-06-30T03:54:11.472+0000] {dagbag.py:545} INFO - Filling up the DagBag from /home/airflow/.local/lib/python3.12/site-packages/airflow/example_dags/example_xcomargs.py
[2024-06-30T03:54:11.502+0000] {processor.py:840} INFO - DAG(s) 'example_xcom_args_with_operators', 'example_xcom_args' retrieved from /home/airflow/.local/lib/python3.12/site-packages/airflow/example_dags/example_xcomargs.py
[2024-06-30T03:54:11.604+0000] {logging_mixin.py:188} INFO - [2024-06-30T03:54:11.603+0000] {dag.py:3096} INFO - Sync 2 DAGs
[2024-06-30T03:54:11.675+0000] {logging_mixin.py:188} INFO - [2024-06-30T03:54:11.675+0000] {dag.py:3954} INFO - Setting next_dagrun for example_xcom_args to None, run_after=None
[2024-06-30T03:54:11.706+0000] {logging_mixin.py:188} INFO - [2024-06-30T03:54:11.706+0000] {dag.py:3954} INFO - Setting next_dagrun for example_xcom_args_with_operators to None, run_after=None
[2024-06-30T03:54:11.857+0000] {processor.py:183} INFO - Processing /home/airflow/.local/lib/python3.12/site-packages/airflow/example_dags/example_xcomargs.py took 0.417 seconds
[2024-06-30T03:54:42.433+0000] {processor.py:161} INFO - Started process (PID=607) to work on /home/airflow/.local/lib/python3.12/site-packages/airflow/example_dags/example_xcomargs.py
[2024-06-30T03:54:42.438+0000] {processor.py:830} INFO - Processing file /home/airflow/.local/lib/python3.12/site-packages/airflow/example_dags/example_xcomargs.py for tasks to queue
[2024-06-30T03:54:42.444+0000] {logging_mixin.py:188} INFO - [2024-06-30T03:54:42.442+0000] {dagbag.py:545} INFO - Filling up the DagBag from /home/airflow/.local/lib/python3.12/site-packages/airflow/example_dags/example_xcomargs.py
[2024-06-30T03:54:42.543+0000] {processor.py:840} INFO - DAG(s) 'example_xcom_args', 'example_xcom_args_with_operators' retrieved from /home/airflow/.local/lib/python3.12/site-packages/airflow/example_dags/example_xcomargs.py
[2024-06-30T03:54:42.786+0000] {logging_mixin.py:188} INFO - [2024-06-30T03:54:42.785+0000] {dag.py:3096} INFO - Sync 2 DAGs
[2024-06-30T03:54:42.905+0000] {logging_mixin.py:188} INFO - [2024-06-30T03:54:42.904+0000] {dag.py:3954} INFO - Setting next_dagrun for example_xcom_args to None, run_after=None
[2024-06-30T03:54:42.955+0000] {logging_mixin.py:188} INFO - [2024-06-30T03:54:42.954+0000] {dag.py:3954} INFO - Setting next_dagrun for example_xcom_args_with_operators to None, run_after=None
[2024-06-30T03:54:43.161+0000] {processor.py:183} INFO - Processing /home/airflow/.local/lib/python3.12/site-packages/airflow/example_dags/example_xcomargs.py took 0.745 seconds
[2024-06-30T03:55:14.770+0000] {processor.py:161} INFO - Started process (PID=666) to work on /home/airflow/.local/lib/python3.12/site-packages/airflow/example_dags/example_xcomargs.py
[2024-06-30T03:55:14.773+0000] {processor.py:830} INFO - Processing file /home/airflow/.local/lib/python3.12/site-packages/airflow/example_dags/example_xcomargs.py for tasks to queue
[2024-06-30T03:55:14.787+0000] {logging_mixin.py:188} INFO - [2024-06-30T03:55:14.787+0000] {dagbag.py:545} INFO - Filling up the DagBag from /home/airflow/.local/lib/python3.12/site-packages/airflow/example_dags/example_xcomargs.py
[2024-06-30T03:55:14.841+0000] {processor.py:840} INFO - DAG(s) 'example_xcom_args_with_operators', 'example_xcom_args' retrieved from /home/airflow/.local/lib/python3.12/site-packages/airflow/example_dags/example_xcomargs.py
[2024-06-30T03:55:14.965+0000] {logging_mixin.py:188} INFO - [2024-06-30T03:55:14.964+0000] {dag.py:3096} INFO - Sync 2 DAGs
[2024-06-30T03:55:15.009+0000] {logging_mixin.py:188} INFO - [2024-06-30T03:55:15.008+0000] {dag.py:3954} INFO - Setting next_dagrun for example_xcom_args to None, run_after=None
[2024-06-30T03:55:15.026+0000] {logging_mixin.py:188} INFO - [2024-06-30T03:55:15.025+0000] {dag.py:3954} INFO - Setting next_dagrun for example_xcom_args_with_operators to None, run_after=None
[2024-06-30T03:55:15.101+0000] {processor.py:183} INFO - Processing /home/airflow/.local/lib/python3.12/site-packages/airflow/example_dags/example_xcomargs.py took 0.352 seconds
[2024-06-30T03:56:01.749+0000] {processor.py:161} INFO - Started process (PID=729) to work on /home/airflow/.local/lib/python3.12/site-packages/airflow/example_dags/example_xcomargs.py
[2024-06-30T03:56:01.756+0000] {processor.py:830} INFO - Processing file /home/airflow/.local/lib/python3.12/site-packages/airflow/example_dags/example_xcomargs.py for tasks to queue
[2024-06-30T03:56:01.768+0000] {logging_mixin.py:188} INFO - [2024-06-30T03:56:01.767+0000] {dagbag.py:545} INFO - Filling up the DagBag from /home/airflow/.local/lib/python3.12/site-packages/airflow/example_dags/example_xcomargs.py
[2024-06-30T03:56:01.811+0000] {processor.py:840} INFO - DAG(s) 'example_xcom_args_with_operators', 'example_xcom_args' retrieved from /home/airflow/.local/lib/python3.12/site-packages/airflow/example_dags/example_xcomargs.py
[2024-06-30T03:56:01.972+0000] {logging_mixin.py:188} INFO - [2024-06-30T03:56:01.960+0000] {dag.py:3096} INFO - Sync 2 DAGs
[2024-06-30T03:56:02.058+0000] {logging_mixin.py:188} INFO - [2024-06-30T03:56:02.058+0000] {dag.py:3954} INFO - Setting next_dagrun for example_xcom_args to None, run_after=None
[2024-06-30T03:56:02.075+0000] {logging_mixin.py:188} INFO - [2024-06-30T03:56:02.075+0000] {dag.py:3954} INFO - Setting next_dagrun for example_xcom_args_with_operators to None, run_after=None
[2024-06-30T03:56:02.151+0000] {processor.py:183} INFO - Processing /home/airflow/.local/lib/python3.12/site-packages/airflow/example_dags/example_xcomargs.py took 0.441 seconds
[2024-06-30T03:56:32.667+0000] {processor.py:161} INFO - Started process (PID=787) to work on /home/airflow/.local/lib/python3.12/site-packages/airflow/example_dags/example_xcomargs.py
[2024-06-30T03:56:32.672+0000] {processor.py:830} INFO - Processing file /home/airflow/.local/lib/python3.12/site-packages/airflow/example_dags/example_xcomargs.py for tasks to queue
[2024-06-30T03:56:32.691+0000] {logging_mixin.py:188} INFO - [2024-06-30T03:56:32.680+0000] {dagbag.py:545} INFO - Filling up the DagBag from /home/airflow/.local/lib/python3.12/site-packages/airflow/example_dags/example_xcomargs.py
[2024-06-30T03:56:32.749+0000] {processor.py:840} INFO - DAG(s) 'example_xcom_args_with_operators', 'example_xcom_args' retrieved from /home/airflow/.local/lib/python3.12/site-packages/airflow/example_dags/example_xcomargs.py
[2024-06-30T03:56:32.975+0000] {logging_mixin.py:188} INFO - [2024-06-30T03:56:32.974+0000] {dag.py:3096} INFO - Sync 2 DAGs
[2024-06-30T03:56:33.128+0000] {logging_mixin.py:188} INFO - [2024-06-30T03:56:33.127+0000] {dag.py:3954} INFO - Setting next_dagrun for example_xcom_args to None, run_after=None
[2024-06-30T03:56:33.166+0000] {logging_mixin.py:188} INFO - [2024-06-30T03:56:33.165+0000] {dag.py:3954} INFO - Setting next_dagrun for example_xcom_args_with_operators to None, run_after=None
[2024-06-30T03:56:33.304+0000] {processor.py:183} INFO - Processing /home/airflow/.local/lib/python3.12/site-packages/airflow/example_dags/example_xcomargs.py took 0.686 seconds
[2024-06-30T03:57:04.093+0000] {processor.py:161} INFO - Started process (PID=845) to work on /home/airflow/.local/lib/python3.12/site-packages/airflow/example_dags/example_xcomargs.py
[2024-06-30T03:57:04.094+0000] {processor.py:830} INFO - Processing file /home/airflow/.local/lib/python3.12/site-packages/airflow/example_dags/example_xcomargs.py for tasks to queue
[2024-06-30T03:57:04.109+0000] {logging_mixin.py:188} INFO - [2024-06-30T03:57:04.108+0000] {dagbag.py:545} INFO - Filling up the DagBag from /home/airflow/.local/lib/python3.12/site-packages/airflow/example_dags/example_xcomargs.py
[2024-06-30T03:57:04.150+0000] {processor.py:840} INFO - DAG(s) 'example_xcom_args', 'example_xcom_args_with_operators' retrieved from /home/airflow/.local/lib/python3.12/site-packages/airflow/example_dags/example_xcomargs.py
[2024-06-30T03:57:04.284+0000] {logging_mixin.py:188} INFO - [2024-06-30T03:57:04.272+0000] {dag.py:3096} INFO - Sync 2 DAGs
[2024-06-30T03:57:04.444+0000] {logging_mixin.py:188} INFO - [2024-06-30T03:57:04.443+0000] {dag.py:3954} INFO - Setting next_dagrun for example_xcom_args to None, run_after=None
[2024-06-30T03:57:04.469+0000] {logging_mixin.py:188} INFO - [2024-06-30T03:57:04.469+0000] {dag.py:3954} INFO - Setting next_dagrun for example_xcom_args_with_operators to None, run_after=None
[2024-06-30T03:57:04.687+0000] {processor.py:183} INFO - Processing /home/airflow/.local/lib/python3.12/site-packages/airflow/example_dags/example_xcomargs.py took 0.626 seconds
[2024-06-30T03:57:35.273+0000] {processor.py:161} INFO - Started process (PID=903) to work on /home/airflow/.local/lib/python3.12/site-packages/airflow/example_dags/example_xcomargs.py
[2024-06-30T03:57:35.283+0000] {processor.py:830} INFO - Processing file /home/airflow/.local/lib/python3.12/site-packages/airflow/example_dags/example_xcomargs.py for tasks to queue
[2024-06-30T03:57:35.288+0000] {logging_mixin.py:188} INFO - [2024-06-30T03:57:35.287+0000] {dagbag.py:545} INFO - Filling up the DagBag from /home/airflow/.local/lib/python3.12/site-packages/airflow/example_dags/example_xcomargs.py
[2024-06-30T03:57:35.320+0000] {processor.py:840} INFO - DAG(s) 'example_xcom_args_with_operators', 'example_xcom_args' retrieved from /home/airflow/.local/lib/python3.12/site-packages/airflow/example_dags/example_xcomargs.py
[2024-06-30T03:57:35.395+0000] {logging_mixin.py:188} INFO - [2024-06-30T03:57:35.390+0000] {dag.py:3096} INFO - Sync 2 DAGs
[2024-06-30T03:57:35.433+0000] {logging_mixin.py:188} INFO - [2024-06-30T03:57:35.432+0000] {dag.py:3954} INFO - Setting next_dagrun for example_xcom_args to None, run_after=None
[2024-06-30T03:57:35.443+0000] {logging_mixin.py:188} INFO - [2024-06-30T03:57:35.442+0000] {dag.py:3954} INFO - Setting next_dagrun for example_xcom_args_with_operators to None, run_after=None
[2024-06-30T03:57:35.546+0000] {processor.py:183} INFO - Processing /home/airflow/.local/lib/python3.12/site-packages/airflow/example_dags/example_xcomargs.py took 0.291 seconds
[2024-06-30T03:58:05.695+0000] {processor.py:161} INFO - Started process (PID=961) to work on /home/airflow/.local/lib/python3.12/site-packages/airflow/example_dags/example_xcomargs.py
[2024-06-30T03:58:05.698+0000] {processor.py:830} INFO - Processing file /home/airflow/.local/lib/python3.12/site-packages/airflow/example_dags/example_xcomargs.py for tasks to queue
[2024-06-30T03:58:05.702+0000] {logging_mixin.py:188} INFO - [2024-06-30T03:58:05.702+0000] {dagbag.py:545} INFO - Filling up the DagBag from /home/airflow/.local/lib/python3.12/site-packages/airflow/example_dags/example_xcomargs.py
[2024-06-30T03:58:05.721+0000] {processor.py:840} INFO - DAG(s) 'example_xcom_args', 'example_xcom_args_with_operators' retrieved from /home/airflow/.local/lib/python3.12/site-packages/airflow/example_dags/example_xcomargs.py
[2024-06-30T03:58:05.777+0000] {logging_mixin.py:188} INFO - [2024-06-30T03:58:05.777+0000] {dag.py:3096} INFO - Sync 2 DAGs
[2024-06-30T03:58:05.805+0000] {logging_mixin.py:188} INFO - [2024-06-30T03:58:05.805+0000] {dag.py:3954} INFO - Setting next_dagrun for example_xcom_args to None, run_after=None
[2024-06-30T03:58:05.814+0000] {logging_mixin.py:188} INFO - [2024-06-30T03:58:05.814+0000] {dag.py:3954} INFO - Setting next_dagrun for example_xcom_args_with_operators to None, run_after=None
[2024-06-30T03:58:05.909+0000] {processor.py:183} INFO - Processing /home/airflow/.local/lib/python3.12/site-packages/airflow/example_dags/example_xcomargs.py took 0.224 seconds
[2024-06-30T03:58:36.561+0000] {processor.py:161} INFO - Started process (PID=1019) to work on /home/airflow/.local/lib/python3.12/site-packages/airflow/example_dags/example_xcomargs.py
[2024-06-30T03:58:36.563+0000] {processor.py:830} INFO - Processing file /home/airflow/.local/lib/python3.12/site-packages/airflow/example_dags/example_xcomargs.py for tasks to queue
[2024-06-30T03:58:36.567+0000] {logging_mixin.py:188} INFO - [2024-06-30T03:58:36.566+0000] {dagbag.py:545} INFO - Filling up the DagBag from /home/airflow/.local/lib/python3.12/site-packages/airflow/example_dags/example_xcomargs.py
[2024-06-30T03:58:36.583+0000] {processor.py:840} INFO - DAG(s) 'example_xcom_args_with_operators', 'example_xcom_args' retrieved from /home/airflow/.local/lib/python3.12/site-packages/airflow/example_dags/example_xcomargs.py
[2024-06-30T03:58:36.635+0000] {logging_mixin.py:188} INFO - [2024-06-30T03:58:36.634+0000] {dag.py:3096} INFO - Sync 2 DAGs
[2024-06-30T03:58:36.661+0000] {logging_mixin.py:188} INFO - [2024-06-30T03:58:36.660+0000] {dag.py:3954} INFO - Setting next_dagrun for example_xcom_args to None, run_after=None
[2024-06-30T03:58:36.669+0000] {logging_mixin.py:188} INFO - [2024-06-30T03:58:36.669+0000] {dag.py:3954} INFO - Setting next_dagrun for example_xcom_args_with_operators to None, run_after=None
[2024-06-30T03:58:36.709+0000] {processor.py:183} INFO - Processing /home/airflow/.local/lib/python3.12/site-packages/airflow/example_dags/example_xcomargs.py took 0.158 seconds
[2024-06-30T03:59:06.954+0000] {processor.py:161} INFO - Started process (PID=1077) to work on /home/airflow/.local/lib/python3.12/site-packages/airflow/example_dags/example_xcomargs.py
[2024-06-30T03:59:06.956+0000] {processor.py:830} INFO - Processing file /home/airflow/.local/lib/python3.12/site-packages/airflow/example_dags/example_xcomargs.py for tasks to queue
[2024-06-30T03:59:06.962+0000] {logging_mixin.py:188} INFO - [2024-06-30T03:59:06.961+0000] {dagbag.py:545} INFO - Filling up the DagBag from /home/airflow/.local/lib/python3.12/site-packages/airflow/example_dags/example_xcomargs.py
[2024-06-30T03:59:06.989+0000] {processor.py:840} INFO - DAG(s) 'example_xcom_args', 'example_xcom_args_with_operators' retrieved from /home/airflow/.local/lib/python3.12/site-packages/airflow/example_dags/example_xcomargs.py
[2024-06-30T03:59:07.081+0000] {logging_mixin.py:188} INFO - [2024-06-30T03:59:07.080+0000] {dag.py:3096} INFO - Sync 2 DAGs
[2024-06-30T03:59:07.133+0000] {logging_mixin.py:188} INFO - [2024-06-30T03:59:07.132+0000] {dag.py:3954} INFO - Setting next_dagrun for example_xcom_args to None, run_after=None
[2024-06-30T03:59:07.147+0000] {logging_mixin.py:188} INFO - [2024-06-30T03:59:07.147+0000] {dag.py:3954} INFO - Setting next_dagrun for example_xcom_args_with_operators to None, run_after=None
[2024-06-30T03:59:07.275+0000] {processor.py:183} INFO - Processing /home/airflow/.local/lib/python3.12/site-packages/airflow/example_dags/example_xcomargs.py took 0.340 seconds
[2024-06-30T03:59:40.009+0000] {processor.py:161} INFO - Started process (PID=1136) to work on /home/airflow/.local/lib/python3.12/site-packages/airflow/example_dags/example_xcomargs.py
[2024-06-30T03:59:40.054+0000] {processor.py:830} INFO - Processing file /home/airflow/.local/lib/python3.12/site-packages/airflow/example_dags/example_xcomargs.py for tasks to queue
[2024-06-30T03:59:40.073+0000] {logging_mixin.py:188} INFO - [2024-06-30T03:59:40.072+0000] {dagbag.py:545} INFO - Filling up the DagBag from /home/airflow/.local/lib/python3.12/site-packages/airflow/example_dags/example_xcomargs.py
[2024-06-30T03:59:40.366+0000] {processor.py:840} INFO - DAG(s) 'example_xcom_args', 'example_xcom_args_with_operators' retrieved from /home/airflow/.local/lib/python3.12/site-packages/airflow/example_dags/example_xcomargs.py
[2024-06-30T03:59:40.637+0000] {logging_mixin.py:188} INFO - [2024-06-30T03:59:40.636+0000] {dag.py:3096} INFO - Sync 2 DAGs
[2024-06-30T03:59:40.948+0000] {logging_mixin.py:188} INFO - [2024-06-30T03:59:40.947+0000] {dag.py:3954} INFO - Setting next_dagrun for example_xcom_args to None, run_after=None
[2024-06-30T03:59:41.161+0000] {logging_mixin.py:188} INFO - [2024-06-30T03:59:41.160+0000] {dag.py:3954} INFO - Setting next_dagrun for example_xcom_args_with_operators to None, run_after=None
[2024-06-30T03:59:41.490+0000] {processor.py:183} INFO - Processing /home/airflow/.local/lib/python3.12/site-packages/airflow/example_dags/example_xcomargs.py took 1.517 seconds
[2024-06-30T04:00:11.848+0000] {processor.py:161} INFO - Started process (PID=1195) to work on /home/airflow/.local/lib/python3.12/site-packages/airflow/example_dags/example_xcomargs.py
[2024-06-30T04:00:11.851+0000] {processor.py:830} INFO - Processing file /home/airflow/.local/lib/python3.12/site-packages/airflow/example_dags/example_xcomargs.py for tasks to queue
[2024-06-30T04:00:11.858+0000] {logging_mixin.py:188} INFO - [2024-06-30T04:00:11.857+0000] {dagbag.py:545} INFO - Filling up the DagBag from /home/airflow/.local/lib/python3.12/site-packages/airflow/example_dags/example_xcomargs.py
[2024-06-30T04:00:11.886+0000] {processor.py:840} INFO - DAG(s) 'example_xcom_args', 'example_xcom_args_with_operators' retrieved from /home/airflow/.local/lib/python3.12/site-packages/airflow/example_dags/example_xcomargs.py
[2024-06-30T04:00:11.954+0000] {logging_mixin.py:188} INFO - [2024-06-30T04:00:11.953+0000] {dag.py:3096} INFO - Sync 2 DAGs
[2024-06-30T04:00:11.990+0000] {logging_mixin.py:188} INFO - [2024-06-30T04:00:11.990+0000] {dag.py:3954} INFO - Setting next_dagrun for example_xcom_args to None, run_after=None
[2024-06-30T04:00:11.999+0000] {logging_mixin.py:188} INFO - [2024-06-30T04:00:11.998+0000] {dag.py:3954} INFO - Setting next_dagrun for example_xcom_args_with_operators to None, run_after=None
[2024-06-30T04:00:12.043+0000] {processor.py:183} INFO - Processing /home/airflow/.local/lib/python3.12/site-packages/airflow/example_dags/example_xcomargs.py took 0.204 seconds
[2024-06-30T04:00:42.365+0000] {processor.py:161} INFO - Started process (PID=1253) to work on /home/airflow/.local/lib/python3.12/site-packages/airflow/example_dags/example_xcomargs.py
[2024-06-30T04:00:42.381+0000] {processor.py:830} INFO - Processing file /home/airflow/.local/lib/python3.12/site-packages/airflow/example_dags/example_xcomargs.py for tasks to queue
[2024-06-30T04:00:42.399+0000] {logging_mixin.py:188} INFO - [2024-06-30T04:00:42.398+0000] {dagbag.py:545} INFO - Filling up the DagBag from /home/airflow/.local/lib/python3.12/site-packages/airflow/example_dags/example_xcomargs.py
[2024-06-30T04:00:42.444+0000] {processor.py:840} INFO - DAG(s) 'example_xcom_args', 'example_xcom_args_with_operators' retrieved from /home/airflow/.local/lib/python3.12/site-packages/airflow/example_dags/example_xcomargs.py
[2024-06-30T04:00:42.526+0000] {logging_mixin.py:188} INFO - [2024-06-30T04:00:42.525+0000] {dag.py:3096} INFO - Sync 2 DAGs
[2024-06-30T04:00:42.572+0000] {logging_mixin.py:188} INFO - [2024-06-30T04:00:42.571+0000] {dag.py:3954} INFO - Setting next_dagrun for example_xcom_args to None, run_after=None
[2024-06-30T04:00:42.584+0000] {logging_mixin.py:188} INFO - [2024-06-30T04:00:42.584+0000] {dag.py:3954} INFO - Setting next_dagrun for example_xcom_args_with_operators to None, run_after=None
[2024-06-30T04:00:42.696+0000] {processor.py:183} INFO - Processing /home/airflow/.local/lib/python3.12/site-packages/airflow/example_dags/example_xcomargs.py took 0.348 seconds
[2024-06-30T04:01:12.962+0000] {processor.py:161} INFO - Started process (PID=1310) to work on /home/airflow/.local/lib/python3.12/site-packages/airflow/example_dags/example_xcomargs.py
[2024-06-30T04:01:12.976+0000] {processor.py:830} INFO - Processing file /home/airflow/.local/lib/python3.12/site-packages/airflow/example_dags/example_xcomargs.py for tasks to queue
[2024-06-30T04:01:12.994+0000] {logging_mixin.py:188} INFO - [2024-06-30T04:01:12.993+0000] {dagbag.py:545} INFO - Filling up the DagBag from /home/airflow/.local/lib/python3.12/site-packages/airflow/example_dags/example_xcomargs.py
[2024-06-30T04:01:13.055+0000] {processor.py:840} INFO - DAG(s) 'example_xcom_args_with_operators', 'example_xcom_args' retrieved from /home/airflow/.local/lib/python3.12/site-packages/airflow/example_dags/example_xcomargs.py
[2024-06-30T04:01:13.243+0000] {logging_mixin.py:188} INFO - [2024-06-30T04:01:13.242+0000] {dag.py:3096} INFO - Sync 2 DAGs
[2024-06-30T04:01:13.322+0000] {logging_mixin.py:188} INFO - [2024-06-30T04:01:13.321+0000] {dag.py:3954} INFO - Setting next_dagrun for example_xcom_args to None, run_after=None
[2024-06-30T04:01:13.344+0000] {logging_mixin.py:188} INFO - [2024-06-30T04:01:13.343+0000] {dag.py:3954} INFO - Setting next_dagrun for example_xcom_args_with_operators to None, run_after=None
[2024-06-30T04:01:13.441+0000] {processor.py:183} INFO - Processing /home/airflow/.local/lib/python3.12/site-packages/airflow/example_dags/example_xcomargs.py took 0.498 seconds
[2024-06-30T04:01:44.491+0000] {processor.py:161} INFO - Started process (PID=1368) to work on /home/airflow/.local/lib/python3.12/site-packages/airflow/example_dags/example_xcomargs.py
[2024-06-30T04:01:44.508+0000] {processor.py:830} INFO - Processing file /home/airflow/.local/lib/python3.12/site-packages/airflow/example_dags/example_xcomargs.py for tasks to queue
[2024-06-30T04:01:44.519+0000] {logging_mixin.py:188} INFO - [2024-06-30T04:01:44.518+0000] {dagbag.py:545} INFO - Filling up the DagBag from /home/airflow/.local/lib/python3.12/site-packages/airflow/example_dags/example_xcomargs.py
[2024-06-30T04:01:44.580+0000] {processor.py:840} INFO - DAG(s) 'example_xcom_args', 'example_xcom_args_with_operators' retrieved from /home/airflow/.local/lib/python3.12/site-packages/airflow/example_dags/example_xcomargs.py
[2024-06-30T04:01:44.694+0000] {logging_mixin.py:188} INFO - [2024-06-30T04:01:44.682+0000] {dag.py:3096} INFO - Sync 2 DAGs
[2024-06-30T04:01:44.753+0000] {logging_mixin.py:188} INFO - [2024-06-30T04:01:44.752+0000] {dag.py:3954} INFO - Setting next_dagrun for example_xcom_args to None, run_after=None
[2024-06-30T04:01:44.775+0000] {logging_mixin.py:188} INFO - [2024-06-30T04:01:44.774+0000] {dag.py:3954} INFO - Setting next_dagrun for example_xcom_args_with_operators to None, run_after=None
[2024-06-30T04:01:44.888+0000] {processor.py:183} INFO - Processing /home/airflow/.local/lib/python3.12/site-packages/airflow/example_dags/example_xcomargs.py took 0.460 seconds
[2024-06-30T04:02:15.637+0000] {processor.py:161} INFO - Started process (PID=1426) to work on /home/airflow/.local/lib/python3.12/site-packages/airflow/example_dags/example_xcomargs.py
[2024-06-30T04:02:15.639+0000] {processor.py:830} INFO - Processing file /home/airflow/.local/lib/python3.12/site-packages/airflow/example_dags/example_xcomargs.py for tasks to queue
[2024-06-30T04:02:15.645+0000] {logging_mixin.py:188} INFO - [2024-06-30T04:02:15.644+0000] {dagbag.py:545} INFO - Filling up the DagBag from /home/airflow/.local/lib/python3.12/site-packages/airflow/example_dags/example_xcomargs.py
[2024-06-30T04:02:15.674+0000] {processor.py:840} INFO - DAG(s) 'example_xcom_args', 'example_xcom_args_with_operators' retrieved from /home/airflow/.local/lib/python3.12/site-packages/airflow/example_dags/example_xcomargs.py
[2024-06-30T04:02:15.816+0000] {logging_mixin.py:188} INFO - [2024-06-30T04:02:15.815+0000] {dag.py:3096} INFO - Sync 2 DAGs
[2024-06-30T04:02:15.923+0000] {logging_mixin.py:188} INFO - [2024-06-30T04:02:15.922+0000] {dag.py:3954} INFO - Setting next_dagrun for example_xcom_args to None, run_after=None
[2024-06-30T04:02:15.941+0000] {logging_mixin.py:188} INFO - [2024-06-30T04:02:15.940+0000] {dag.py:3954} INFO - Setting next_dagrun for example_xcom_args_with_operators to None, run_after=None
[2024-06-30T04:02:16.065+0000] {processor.py:183} INFO - Processing /home/airflow/.local/lib/python3.12/site-packages/airflow/example_dags/example_xcomargs.py took 0.447 seconds
[2024-06-30T04:02:46.223+0000] {processor.py:161} INFO - Started process (PID=1484) to work on /home/airflow/.local/lib/python3.12/site-packages/airflow/example_dags/example_xcomargs.py
[2024-06-30T04:02:46.224+0000] {processor.py:830} INFO - Processing file /home/airflow/.local/lib/python3.12/site-packages/airflow/example_dags/example_xcomargs.py for tasks to queue
[2024-06-30T04:02:46.227+0000] {logging_mixin.py:188} INFO - [2024-06-30T04:02:46.226+0000] {dagbag.py:545} INFO - Filling up the DagBag from /home/airflow/.local/lib/python3.12/site-packages/airflow/example_dags/example_xcomargs.py
[2024-06-30T04:02:46.251+0000] {processor.py:840} INFO - DAG(s) 'example_xcom_args_with_operators', 'example_xcom_args' retrieved from /home/airflow/.local/lib/python3.12/site-packages/airflow/example_dags/example_xcomargs.py
[2024-06-30T04:02:46.324+0000] {logging_mixin.py:188} INFO - [2024-06-30T04:02:46.323+0000] {dag.py:3096} INFO - Sync 2 DAGs
[2024-06-30T04:02:46.365+0000] {logging_mixin.py:188} INFO - [2024-06-30T04:02:46.364+0000] {dag.py:3954} INFO - Setting next_dagrun for example_xcom_args to None, run_after=None
[2024-06-30T04:02:46.375+0000] {logging_mixin.py:188} INFO - [2024-06-30T04:02:46.374+0000] {dag.py:3954} INFO - Setting next_dagrun for example_xcom_args_with_operators to None, run_after=None
[2024-06-30T04:02:46.427+0000] {processor.py:183} INFO - Processing /home/airflow/.local/lib/python3.12/site-packages/airflow/example_dags/example_xcomargs.py took 0.219 seconds
[2024-06-30T04:03:19.479+0000] {processor.py:161} INFO - Started process (PID=1542) to work on /home/airflow/.local/lib/python3.12/site-packages/airflow/example_dags/example_xcomargs.py
[2024-06-30T04:03:19.484+0000] {processor.py:830} INFO - Processing file /home/airflow/.local/lib/python3.12/site-packages/airflow/example_dags/example_xcomargs.py for tasks to queue
[2024-06-30T04:03:19.496+0000] {logging_mixin.py:188} INFO - [2024-06-30T04:03:19.495+0000] {dagbag.py:545} INFO - Filling up the DagBag from /home/airflow/.local/lib/python3.12/site-packages/airflow/example_dags/example_xcomargs.py
[2024-06-30T04:03:19.525+0000] {processor.py:840} INFO - DAG(s) 'example_xcom_args_with_operators', 'example_xcom_args' retrieved from /home/airflow/.local/lib/python3.12/site-packages/airflow/example_dags/example_xcomargs.py
[2024-06-30T04:03:19.664+0000] {logging_mixin.py:188} INFO - [2024-06-30T04:03:19.663+0000] {dag.py:3096} INFO - Sync 2 DAGs
[2024-06-30T04:03:19.743+0000] {logging_mixin.py:188} INFO - [2024-06-30T04:03:19.742+0000] {dag.py:3954} INFO - Setting next_dagrun for example_xcom_args to None, run_after=None
[2024-06-30T04:03:19.758+0000] {logging_mixin.py:188} INFO - [2024-06-30T04:03:19.758+0000] {dag.py:3954} INFO - Setting next_dagrun for example_xcom_args_with_operators to None, run_after=None
[2024-06-30T04:03:19.909+0000] {processor.py:183} INFO - Processing /home/airflow/.local/lib/python3.12/site-packages/airflow/example_dags/example_xcomargs.py took 0.467 seconds
[2024-06-30T04:03:52.564+0000] {processor.py:161} INFO - Started process (PID=1602) to work on /home/airflow/.local/lib/python3.12/site-packages/airflow/example_dags/example_xcomargs.py
[2024-06-30T04:03:52.566+0000] {processor.py:830} INFO - Processing file /home/airflow/.local/lib/python3.12/site-packages/airflow/example_dags/example_xcomargs.py for tasks to queue
[2024-06-30T04:03:52.571+0000] {logging_mixin.py:188} INFO - [2024-06-30T04:03:52.569+0000] {dagbag.py:545} INFO - Filling up the DagBag from /home/airflow/.local/lib/python3.12/site-packages/airflow/example_dags/example_xcomargs.py
[2024-06-30T04:03:52.603+0000] {processor.py:840} INFO - DAG(s) 'example_xcom_args', 'example_xcom_args_with_operators' retrieved from /home/airflow/.local/lib/python3.12/site-packages/airflow/example_dags/example_xcomargs.py
[2024-06-30T04:03:52.733+0000] {logging_mixin.py:188} INFO - [2024-06-30T04:03:52.732+0000] {dag.py:3096} INFO - Sync 2 DAGs
[2024-06-30T04:03:52.824+0000] {logging_mixin.py:188} INFO - [2024-06-30T04:03:52.823+0000] {dag.py:3954} INFO - Setting next_dagrun for example_xcom_args to None, run_after=None
[2024-06-30T04:03:52.853+0000] {logging_mixin.py:188} INFO - [2024-06-30T04:03:52.852+0000] {dag.py:3954} INFO - Setting next_dagrun for example_xcom_args_with_operators to None, run_after=None
[2024-06-30T04:03:52.935+0000] {processor.py:183} INFO - Processing /home/airflow/.local/lib/python3.12/site-packages/airflow/example_dags/example_xcomargs.py took 0.390 seconds
[2024-06-30T04:04:26.462+0000] {processor.py:161} INFO - Started process (PID=1660) to work on /home/airflow/.local/lib/python3.12/site-packages/airflow/example_dags/example_xcomargs.py
[2024-06-30T04:04:26.464+0000] {processor.py:830} INFO - Processing file /home/airflow/.local/lib/python3.12/site-packages/airflow/example_dags/example_xcomargs.py for tasks to queue
[2024-06-30T04:04:26.470+0000] {logging_mixin.py:188} INFO - [2024-06-30T04:04:26.469+0000] {dagbag.py:545} INFO - Filling up the DagBag from /home/airflow/.local/lib/python3.12/site-packages/airflow/example_dags/example_xcomargs.py
[2024-06-30T04:04:26.495+0000] {processor.py:840} INFO - DAG(s) 'example_xcom_args_with_operators', 'example_xcom_args' retrieved from /home/airflow/.local/lib/python3.12/site-packages/airflow/example_dags/example_xcomargs.py
[2024-06-30T04:04:26.569+0000] {logging_mixin.py:188} INFO - [2024-06-30T04:04:26.568+0000] {dag.py:3096} INFO - Sync 2 DAGs
[2024-06-30T04:04:26.671+0000] {logging_mixin.py:188} INFO - [2024-06-30T04:04:26.670+0000] {dag.py:3954} INFO - Setting next_dagrun for example_xcom_args to None, run_after=None
[2024-06-30T04:04:26.739+0000] {logging_mixin.py:188} INFO - [2024-06-30T04:04:26.739+0000] {dag.py:3954} INFO - Setting next_dagrun for example_xcom_args_with_operators to None, run_after=None
[2024-06-30T04:04:26.923+0000] {processor.py:183} INFO - Processing /home/airflow/.local/lib/python3.12/site-packages/airflow/example_dags/example_xcomargs.py took 0.478 seconds
[2024-06-30T04:05:05.752+0000] {processor.py:161} INFO - Started process (PID=1738) to work on /home/airflow/.local/lib/python3.12/site-packages/airflow/example_dags/example_xcomargs.py
[2024-06-30T04:05:05.763+0000] {processor.py:830} INFO - Processing file /home/airflow/.local/lib/python3.12/site-packages/airflow/example_dags/example_xcomargs.py for tasks to queue
[2024-06-30T04:05:05.774+0000] {logging_mixin.py:188} INFO - [2024-06-30T04:05:05.773+0000] {dagbag.py:545} INFO - Filling up the DagBag from /home/airflow/.local/lib/python3.12/site-packages/airflow/example_dags/example_xcomargs.py
[2024-06-30T04:05:05.828+0000] {processor.py:840} INFO - DAG(s) 'example_xcom_args_with_operators', 'example_xcom_args' retrieved from /home/airflow/.local/lib/python3.12/site-packages/airflow/example_dags/example_xcomargs.py
[2024-06-30T04:05:05.969+0000] {logging_mixin.py:188} INFO - [2024-06-30T04:05:05.968+0000] {dag.py:3096} INFO - Sync 2 DAGs
[2024-06-30T04:05:06.117+0000] {logging_mixin.py:188} INFO - [2024-06-30T04:05:06.116+0000] {dag.py:3954} INFO - Setting next_dagrun for example_xcom_args to None, run_after=None
[2024-06-30T04:05:06.127+0000] {logging_mixin.py:188} INFO - [2024-06-30T04:05:06.127+0000] {dag.py:3954} INFO - Setting next_dagrun for example_xcom_args_with_operators to None, run_after=None
[2024-06-30T04:05:06.274+0000] {processor.py:183} INFO - Processing /home/airflow/.local/lib/python3.12/site-packages/airflow/example_dags/example_xcomargs.py took 0.551 seconds
[2024-06-30T04:05:39.700+0000] {processor.py:161} INFO - Started process (PID=1800) to work on /home/airflow/.local/lib/python3.12/site-packages/airflow/example_dags/example_xcomargs.py
[2024-06-30T04:05:39.703+0000] {processor.py:830} INFO - Processing file /home/airflow/.local/lib/python3.12/site-packages/airflow/example_dags/example_xcomargs.py for tasks to queue
[2024-06-30T04:05:39.706+0000] {logging_mixin.py:188} INFO - [2024-06-30T04:05:39.706+0000] {dagbag.py:545} INFO - Filling up the DagBag from /home/airflow/.local/lib/python3.12/site-packages/airflow/example_dags/example_xcomargs.py
[2024-06-30T04:05:39.727+0000] {processor.py:840} INFO - DAG(s) 'example_xcom_args', 'example_xcom_args_with_operators' retrieved from /home/airflow/.local/lib/python3.12/site-packages/airflow/example_dags/example_xcomargs.py
[2024-06-30T04:05:39.811+0000] {logging_mixin.py:188} INFO - [2024-06-30T04:05:39.811+0000] {dag.py:3096} INFO - Sync 2 DAGs
[2024-06-30T04:05:40.233+0000] {logging_mixin.py:188} INFO - [2024-06-30T04:05:40.232+0000] {dag.py:3954} INFO - Setting next_dagrun for example_xcom_args to None, run_after=None
[2024-06-30T04:05:40.242+0000] {logging_mixin.py:188} INFO - [2024-06-30T04:05:40.242+0000] {dag.py:3954} INFO - Setting next_dagrun for example_xcom_args_with_operators to None, run_after=None
[2024-06-30T04:05:40.360+0000] {processor.py:183} INFO - Processing /home/airflow/.local/lib/python3.12/site-packages/airflow/example_dags/example_xcomargs.py took 0.673 seconds
[2024-06-30T04:06:11.296+0000] {processor.py:161} INFO - Started process (PID=1858) to work on /home/airflow/.local/lib/python3.12/site-packages/airflow/example_dags/example_xcomargs.py
[2024-06-30T04:06:11.297+0000] {processor.py:830} INFO - Processing file /home/airflow/.local/lib/python3.12/site-packages/airflow/example_dags/example_xcomargs.py for tasks to queue
[2024-06-30T04:06:11.303+0000] {logging_mixin.py:188} INFO - [2024-06-30T04:06:11.302+0000] {dagbag.py:545} INFO - Filling up the DagBag from /home/airflow/.local/lib/python3.12/site-packages/airflow/example_dags/example_xcomargs.py
[2024-06-30T04:06:11.328+0000] {processor.py:840} INFO - DAG(s) 'example_xcom_args', 'example_xcom_args_with_operators' retrieved from /home/airflow/.local/lib/python3.12/site-packages/airflow/example_dags/example_xcomargs.py
[2024-06-30T04:06:11.393+0000] {logging_mixin.py:188} INFO - [2024-06-30T04:06:11.393+0000] {dag.py:3096} INFO - Sync 2 DAGs
[2024-06-30T04:06:11.437+0000] {logging_mixin.py:188} INFO - [2024-06-30T04:06:11.437+0000] {dag.py:3954} INFO - Setting next_dagrun for example_xcom_args to None, run_after=None
[2024-06-30T04:06:11.457+0000] {logging_mixin.py:188} INFO - [2024-06-30T04:06:11.456+0000] {dag.py:3954} INFO - Setting next_dagrun for example_xcom_args_with_operators to None, run_after=None
[2024-06-30T04:06:11.857+0000] {processor.py:183} INFO - Processing /home/airflow/.local/lib/python3.12/site-packages/airflow/example_dags/example_xcomargs.py took 0.580 seconds
[2024-06-30T04:06:42.151+0000] {processor.py:161} INFO - Started process (PID=1917) to work on /home/airflow/.local/lib/python3.12/site-packages/airflow/example_dags/example_xcomargs.py
[2024-06-30T04:06:42.155+0000] {processor.py:830} INFO - Processing file /home/airflow/.local/lib/python3.12/site-packages/airflow/example_dags/example_xcomargs.py for tasks to queue
[2024-06-30T04:06:42.160+0000] {logging_mixin.py:188} INFO - [2024-06-30T04:06:42.159+0000] {dagbag.py:545} INFO - Filling up the DagBag from /home/airflow/.local/lib/python3.12/site-packages/airflow/example_dags/example_xcomargs.py
[2024-06-30T04:06:42.183+0000] {processor.py:840} INFO - DAG(s) 'example_xcom_args_with_operators', 'example_xcom_args' retrieved from /home/airflow/.local/lib/python3.12/site-packages/airflow/example_dags/example_xcomargs.py
[2024-06-30T04:06:42.254+0000] {logging_mixin.py:188} INFO - [2024-06-30T04:06:42.254+0000] {dag.py:3096} INFO - Sync 2 DAGs
[2024-06-30T04:06:42.294+0000] {logging_mixin.py:188} INFO - [2024-06-30T04:06:42.293+0000] {dag.py:3954} INFO - Setting next_dagrun for example_xcom_args to None, run_after=None
[2024-06-30T04:06:42.310+0000] {logging_mixin.py:188} INFO - [2024-06-30T04:06:42.310+0000] {dag.py:3954} INFO - Setting next_dagrun for example_xcom_args_with_operators to None, run_after=None
[2024-06-30T04:06:42.434+0000] {processor.py:183} INFO - Processing /home/airflow/.local/lib/python3.12/site-packages/airflow/example_dags/example_xcomargs.py took 0.298 seconds
[2024-06-30T04:07:12.969+0000] {processor.py:161} INFO - Started process (PID=1975) to work on /home/airflow/.local/lib/python3.12/site-packages/airflow/example_dags/example_xcomargs.py
[2024-06-30T04:07:12.978+0000] {processor.py:830} INFO - Processing file /home/airflow/.local/lib/python3.12/site-packages/airflow/example_dags/example_xcomargs.py for tasks to queue
[2024-06-30T04:07:12.982+0000] {logging_mixin.py:188} INFO - [2024-06-30T04:07:12.981+0000] {dagbag.py:545} INFO - Filling up the DagBag from /home/airflow/.local/lib/python3.12/site-packages/airflow/example_dags/example_xcomargs.py
[2024-06-30T04:07:13.056+0000] {processor.py:840} INFO - DAG(s) 'example_xcom_args', 'example_xcom_args_with_operators' retrieved from /home/airflow/.local/lib/python3.12/site-packages/airflow/example_dags/example_xcomargs.py
[2024-06-30T04:07:13.270+0000] {logging_mixin.py:188} INFO - [2024-06-30T04:07:13.270+0000] {dag.py:3096} INFO - Sync 2 DAGs
[2024-06-30T04:07:13.326+0000] {logging_mixin.py:188} INFO - [2024-06-30T04:07:13.321+0000] {dag.py:3954} INFO - Setting next_dagrun for example_xcom_args to None, run_after=None
[2024-06-30T04:07:13.348+0000] {logging_mixin.py:188} INFO - [2024-06-30T04:07:13.347+0000] {dag.py:3954} INFO - Setting next_dagrun for example_xcom_args_with_operators to None, run_after=None
[2024-06-30T04:07:13.513+0000] {processor.py:183} INFO - Processing /home/airflow/.local/lib/python3.12/site-packages/airflow/example_dags/example_xcomargs.py took 0.576 seconds
[2024-06-30T04:07:43.762+0000] {processor.py:161} INFO - Started process (PID=2033) to work on /home/airflow/.local/lib/python3.12/site-packages/airflow/example_dags/example_xcomargs.py
[2024-06-30T04:07:43.767+0000] {processor.py:830} INFO - Processing file /home/airflow/.local/lib/python3.12/site-packages/airflow/example_dags/example_xcomargs.py for tasks to queue
[2024-06-30T04:07:43.783+0000] {logging_mixin.py:188} INFO - [2024-06-30T04:07:43.782+0000] {dagbag.py:545} INFO - Filling up the DagBag from /home/airflow/.local/lib/python3.12/site-packages/airflow/example_dags/example_xcomargs.py
[2024-06-30T04:07:43.824+0000] {processor.py:840} INFO - DAG(s) 'example_xcom_args_with_operators', 'example_xcom_args' retrieved from /home/airflow/.local/lib/python3.12/site-packages/airflow/example_dags/example_xcomargs.py
[2024-06-30T04:07:43.929+0000] {logging_mixin.py:188} INFO - [2024-06-30T04:07:43.928+0000] {dag.py:3096} INFO - Sync 2 DAGs
[2024-06-30T04:07:43.989+0000] {logging_mixin.py:188} INFO - [2024-06-30T04:07:43.989+0000] {dag.py:3954} INFO - Setting next_dagrun for example_xcom_args to None, run_after=None
[2024-06-30T04:07:44.007+0000] {logging_mixin.py:188} INFO - [2024-06-30T04:07:44.006+0000] {dag.py:3954} INFO - Setting next_dagrun for example_xcom_args_with_operators to None, run_after=None
[2024-06-30T04:07:44.118+0000] {processor.py:183} INFO - Processing /home/airflow/.local/lib/python3.12/site-packages/airflow/example_dags/example_xcomargs.py took 0.364 seconds
[2024-06-30T04:08:14.993+0000] {processor.py:161} INFO - Started process (PID=2091) to work on /home/airflow/.local/lib/python3.12/site-packages/airflow/example_dags/example_xcomargs.py
[2024-06-30T04:08:14.995+0000] {processor.py:830} INFO - Processing file /home/airflow/.local/lib/python3.12/site-packages/airflow/example_dags/example_xcomargs.py for tasks to queue
[2024-06-30T04:08:14.999+0000] {logging_mixin.py:188} INFO - [2024-06-30T04:08:14.998+0000] {dagbag.py:545} INFO - Filling up the DagBag from /home/airflow/.local/lib/python3.12/site-packages/airflow/example_dags/example_xcomargs.py
[2024-06-30T04:08:15.027+0000] {processor.py:840} INFO - DAG(s) 'example_xcom_args_with_operators', 'example_xcom_args' retrieved from /home/airflow/.local/lib/python3.12/site-packages/airflow/example_dags/example_xcomargs.py
[2024-06-30T04:08:15.085+0000] {logging_mixin.py:188} INFO - [2024-06-30T04:08:15.084+0000] {dag.py:3096} INFO - Sync 2 DAGs
[2024-06-30T04:08:15.112+0000] {logging_mixin.py:188} INFO - [2024-06-30T04:08:15.111+0000] {dag.py:3954} INFO - Setting next_dagrun for example_xcom_args to None, run_after=None
[2024-06-30T04:08:15.120+0000] {logging_mixin.py:188} INFO - [2024-06-30T04:08:15.120+0000] {dag.py:3954} INFO - Setting next_dagrun for example_xcom_args_with_operators to None, run_after=None
[2024-06-30T04:08:15.147+0000] {processor.py:183} INFO - Processing /home/airflow/.local/lib/python3.12/site-packages/airflow/example_dags/example_xcomargs.py took 0.170 seconds
[2024-06-30T04:08:49.904+0000] {processor.py:161} INFO - Started process (PID=2151) to work on /home/airflow/.local/lib/python3.12/site-packages/airflow/example_dags/example_xcomargs.py
[2024-06-30T04:08:49.907+0000] {processor.py:830} INFO - Processing file /home/airflow/.local/lib/python3.12/site-packages/airflow/example_dags/example_xcomargs.py for tasks to queue
[2024-06-30T04:08:49.912+0000] {logging_mixin.py:188} INFO - [2024-06-30T04:08:49.911+0000] {dagbag.py:545} INFO - Filling up the DagBag from /home/airflow/.local/lib/python3.12/site-packages/airflow/example_dags/example_xcomargs.py
[2024-06-30T04:08:49.939+0000] {processor.py:840} INFO - DAG(s) 'example_xcom_args_with_operators', 'example_xcom_args' retrieved from /home/airflow/.local/lib/python3.12/site-packages/airflow/example_dags/example_xcomargs.py
[2024-06-30T04:08:50.010+0000] {logging_mixin.py:188} INFO - [2024-06-30T04:08:50.008+0000] {dag.py:3096} INFO - Sync 2 DAGs
[2024-06-30T04:08:50.044+0000] {logging_mixin.py:188} INFO - [2024-06-30T04:08:50.043+0000] {dag.py:3954} INFO - Setting next_dagrun for example_xcom_args to None, run_after=None
[2024-06-30T04:08:50.058+0000] {logging_mixin.py:188} INFO - [2024-06-30T04:08:50.057+0000] {dag.py:3954} INFO - Setting next_dagrun for example_xcom_args_with_operators to None, run_after=None
[2024-06-30T04:08:50.106+0000] {processor.py:183} INFO - Processing /home/airflow/.local/lib/python3.12/site-packages/airflow/example_dags/example_xcomargs.py took 0.219 seconds
[2024-06-30T04:09:22.082+0000] {processor.py:161} INFO - Started process (PID=2209) to work on /home/airflow/.local/lib/python3.12/site-packages/airflow/example_dags/example_xcomargs.py
[2024-06-30T04:09:22.091+0000] {processor.py:830} INFO - Processing file /home/airflow/.local/lib/python3.12/site-packages/airflow/example_dags/example_xcomargs.py for tasks to queue
[2024-06-30T04:09:22.108+0000] {logging_mixin.py:188} INFO - [2024-06-30T04:09:22.107+0000] {dagbag.py:545} INFO - Filling up the DagBag from /home/airflow/.local/lib/python3.12/site-packages/airflow/example_dags/example_xcomargs.py
[2024-06-30T04:09:22.146+0000] {processor.py:840} INFO - DAG(s) 'example_xcom_args', 'example_xcom_args_with_operators' retrieved from /home/airflow/.local/lib/python3.12/site-packages/airflow/example_dags/example_xcomargs.py
[2024-06-30T04:09:22.276+0000] {logging_mixin.py:188} INFO - [2024-06-30T04:09:22.276+0000] {dag.py:3096} INFO - Sync 2 DAGs
[2024-06-30T04:09:22.384+0000] {logging_mixin.py:188} INFO - [2024-06-30T04:09:22.372+0000] {dag.py:3954} INFO - Setting next_dagrun for example_xcom_args to None, run_after=None
[2024-06-30T04:09:22.404+0000] {logging_mixin.py:188} INFO - [2024-06-30T04:09:22.404+0000] {dag.py:3954} INFO - Setting next_dagrun for example_xcom_args_with_operators to None, run_after=None
[2024-06-30T04:09:22.484+0000] {processor.py:183} INFO - Processing /home/airflow/.local/lib/python3.12/site-packages/airflow/example_dags/example_xcomargs.py took 0.422 seconds
[2024-06-30T04:09:52.839+0000] {processor.py:161} INFO - Started process (PID=2268) to work on /home/airflow/.local/lib/python3.12/site-packages/airflow/example_dags/example_xcomargs.py
[2024-06-30T04:09:52.844+0000] {processor.py:830} INFO - Processing file /home/airflow/.local/lib/python3.12/site-packages/airflow/example_dags/example_xcomargs.py for tasks to queue
[2024-06-30T04:09:52.847+0000] {logging_mixin.py:188} INFO - [2024-06-30T04:09:52.846+0000] {dagbag.py:545} INFO - Filling up the DagBag from /home/airflow/.local/lib/python3.12/site-packages/airflow/example_dags/example_xcomargs.py
[2024-06-30T04:09:52.878+0000] {processor.py:840} INFO - DAG(s) 'example_xcom_args_with_operators', 'example_xcom_args' retrieved from /home/airflow/.local/lib/python3.12/site-packages/airflow/example_dags/example_xcomargs.py
[2024-06-30T04:09:52.951+0000] {logging_mixin.py:188} INFO - [2024-06-30T04:09:52.951+0000] {dag.py:3096} INFO - Sync 2 DAGs
[2024-06-30T04:09:52.982+0000] {logging_mixin.py:188} INFO - [2024-06-30T04:09:52.982+0000] {dag.py:3954} INFO - Setting next_dagrun for example_xcom_args to None, run_after=None
[2024-06-30T04:09:52.993+0000] {logging_mixin.py:188} INFO - [2024-06-30T04:09:52.992+0000] {dag.py:3954} INFO - Setting next_dagrun for example_xcom_args_with_operators to None, run_after=None
[2024-06-30T04:09:53.047+0000] {processor.py:183} INFO - Processing /home/airflow/.local/lib/python3.12/site-packages/airflow/example_dags/example_xcomargs.py took 0.220 seconds
[2024-06-30T04:10:23.142+0000] {processor.py:161} INFO - Started process (PID=2326) to work on /home/airflow/.local/lib/python3.12/site-packages/airflow/example_dags/example_xcomargs.py
[2024-06-30T04:10:23.144+0000] {processor.py:830} INFO - Processing file /home/airflow/.local/lib/python3.12/site-packages/airflow/example_dags/example_xcomargs.py for tasks to queue
[2024-06-30T04:10:23.149+0000] {logging_mixin.py:188} INFO - [2024-06-30T04:10:23.148+0000] {dagbag.py:545} INFO - Filling up the DagBag from /home/airflow/.local/lib/python3.12/site-packages/airflow/example_dags/example_xcomargs.py
[2024-06-30T04:10:23.178+0000] {processor.py:840} INFO - DAG(s) 'example_xcom_args', 'example_xcom_args_with_operators' retrieved from /home/airflow/.local/lib/python3.12/site-packages/airflow/example_dags/example_xcomargs.py
[2024-06-30T04:10:23.243+0000] {logging_mixin.py:188} INFO - [2024-06-30T04:10:23.242+0000] {dag.py:3096} INFO - Sync 2 DAGs
[2024-06-30T04:10:23.304+0000] {logging_mixin.py:188} INFO - [2024-06-30T04:10:23.304+0000] {dag.py:3954} INFO - Setting next_dagrun for example_xcom_args to None, run_after=None
[2024-06-30T04:10:23.335+0000] {logging_mixin.py:188} INFO - [2024-06-30T04:10:23.335+0000] {dag.py:3954} INFO - Setting next_dagrun for example_xcom_args_with_operators to None, run_after=None
[2024-06-30T04:10:23.377+0000] {processor.py:183} INFO - Processing /home/airflow/.local/lib/python3.12/site-packages/airflow/example_dags/example_xcomargs.py took 0.249 seconds
[2024-06-30T04:10:53.560+0000] {processor.py:161} INFO - Started process (PID=2384) to work on /home/airflow/.local/lib/python3.12/site-packages/airflow/example_dags/example_xcomargs.py
[2024-06-30T04:10:53.561+0000] {processor.py:830} INFO - Processing file /home/airflow/.local/lib/python3.12/site-packages/airflow/example_dags/example_xcomargs.py for tasks to queue
[2024-06-30T04:10:53.565+0000] {logging_mixin.py:188} INFO - [2024-06-30T04:10:53.564+0000] {dagbag.py:545} INFO - Filling up the DagBag from /home/airflow/.local/lib/python3.12/site-packages/airflow/example_dags/example_xcomargs.py
[2024-06-30T04:10:53.580+0000] {processor.py:840} INFO - DAG(s) 'example_xcom_args', 'example_xcom_args_with_operators' retrieved from /home/airflow/.local/lib/python3.12/site-packages/airflow/example_dags/example_xcomargs.py
[2024-06-30T04:10:53.624+0000] {logging_mixin.py:188} INFO - [2024-06-30T04:10:53.623+0000] {dag.py:3096} INFO - Sync 2 DAGs
[2024-06-30T04:10:53.648+0000] {logging_mixin.py:188} INFO - [2024-06-30T04:10:53.647+0000] {dag.py:3954} INFO - Setting next_dagrun for example_xcom_args to None, run_after=None
[2024-06-30T04:10:53.655+0000] {logging_mixin.py:188} INFO - [2024-06-30T04:10:53.655+0000] {dag.py:3954} INFO - Setting next_dagrun for example_xcom_args_with_operators to None, run_after=None
[2024-06-30T04:10:53.688+0000] {processor.py:183} INFO - Processing /home/airflow/.local/lib/python3.12/site-packages/airflow/example_dags/example_xcomargs.py took 0.143 seconds
[2024-06-30T04:11:24.371+0000] {processor.py:161} INFO - Started process (PID=2442) to work on /home/airflow/.local/lib/python3.12/site-packages/airflow/example_dags/example_xcomargs.py
[2024-06-30T04:11:24.373+0000] {processor.py:830} INFO - Processing file /home/airflow/.local/lib/python3.12/site-packages/airflow/example_dags/example_xcomargs.py for tasks to queue
[2024-06-30T04:11:24.386+0000] {logging_mixin.py:188} INFO - [2024-06-30T04:11:24.385+0000] {dagbag.py:545} INFO - Filling up the DagBag from /home/airflow/.local/lib/python3.12/site-packages/airflow/example_dags/example_xcomargs.py
[2024-06-30T04:11:24.409+0000] {processor.py:840} INFO - DAG(s) 'example_xcom_args_with_operators', 'example_xcom_args' retrieved from /home/airflow/.local/lib/python3.12/site-packages/airflow/example_dags/example_xcomargs.py
[2024-06-30T04:11:24.466+0000] {logging_mixin.py:188} INFO - [2024-06-30T04:11:24.465+0000] {dag.py:3096} INFO - Sync 2 DAGs
[2024-06-30T04:11:24.493+0000] {logging_mixin.py:188} INFO - [2024-06-30T04:11:24.493+0000] {dag.py:3954} INFO - Setting next_dagrun for example_xcom_args to None, run_after=None
[2024-06-30T04:11:24.502+0000] {logging_mixin.py:188} INFO - [2024-06-30T04:11:24.502+0000] {dag.py:3954} INFO - Setting next_dagrun for example_xcom_args_with_operators to None, run_after=None
[2024-06-30T04:11:24.546+0000] {processor.py:183} INFO - Processing /home/airflow/.local/lib/python3.12/site-packages/airflow/example_dags/example_xcomargs.py took 0.196 seconds
[2024-06-30T04:11:54.817+0000] {processor.py:161} INFO - Started process (PID=2499) to work on /home/airflow/.local/lib/python3.12/site-packages/airflow/example_dags/example_xcomargs.py
[2024-06-30T04:11:54.818+0000] {processor.py:830} INFO - Processing file /home/airflow/.local/lib/python3.12/site-packages/airflow/example_dags/example_xcomargs.py for tasks to queue
[2024-06-30T04:11:54.821+0000] {logging_mixin.py:188} INFO - [2024-06-30T04:11:54.820+0000] {dagbag.py:545} INFO - Filling up the DagBag from /home/airflow/.local/lib/python3.12/site-packages/airflow/example_dags/example_xcomargs.py
[2024-06-30T04:11:54.833+0000] {processor.py:840} INFO - DAG(s) 'example_xcom_args', 'example_xcom_args_with_operators' retrieved from /home/airflow/.local/lib/python3.12/site-packages/airflow/example_dags/example_xcomargs.py
[2024-06-30T04:11:54.882+0000] {logging_mixin.py:188} INFO - [2024-06-30T04:11:54.882+0000] {dag.py:3096} INFO - Sync 2 DAGs
[2024-06-30T04:11:54.907+0000] {logging_mixin.py:188} INFO - [2024-06-30T04:11:54.907+0000] {dag.py:3954} INFO - Setting next_dagrun for example_xcom_args to None, run_after=None
[2024-06-30T04:11:54.915+0000] {logging_mixin.py:188} INFO - [2024-06-30T04:11:54.915+0000] {dag.py:3954} INFO - Setting next_dagrun for example_xcom_args_with_operators to None, run_after=None
[2024-06-30T04:11:54.972+0000] {processor.py:183} INFO - Processing /home/airflow/.local/lib/python3.12/site-packages/airflow/example_dags/example_xcomargs.py took 0.165 seconds
[2024-06-30T04:12:25.395+0000] {processor.py:161} INFO - Started process (PID=2558) to work on /home/airflow/.local/lib/python3.12/site-packages/airflow/example_dags/example_xcomargs.py
[2024-06-30T04:12:25.400+0000] {processor.py:830} INFO - Processing file /home/airflow/.local/lib/python3.12/site-packages/airflow/example_dags/example_xcomargs.py for tasks to queue
[2024-06-30T04:12:25.404+0000] {logging_mixin.py:188} INFO - [2024-06-30T04:12:25.403+0000] {dagbag.py:545} INFO - Filling up the DagBag from /home/airflow/.local/lib/python3.12/site-packages/airflow/example_dags/example_xcomargs.py
[2024-06-30T04:12:25.451+0000] {processor.py:840} INFO - DAG(s) 'example_xcom_args', 'example_xcom_args_with_operators' retrieved from /home/airflow/.local/lib/python3.12/site-packages/airflow/example_dags/example_xcomargs.py
[2024-06-30T04:12:25.496+0000] {logging_mixin.py:188} INFO - [2024-06-30T04:12:25.496+0000] {dag.py:3096} INFO - Sync 2 DAGs
[2024-06-30T04:12:25.520+0000] {logging_mixin.py:188} INFO - [2024-06-30T04:12:25.519+0000] {dag.py:3954} INFO - Setting next_dagrun for example_xcom_args to None, run_after=None
[2024-06-30T04:12:25.540+0000] {logging_mixin.py:188} INFO - [2024-06-30T04:12:25.536+0000] {dag.py:3954} INFO - Setting next_dagrun for example_xcom_args_with_operators to None, run_after=None
[2024-06-30T04:12:25.582+0000] {processor.py:183} INFO - Processing /home/airflow/.local/lib/python3.12/site-packages/airflow/example_dags/example_xcomargs.py took 0.214 seconds
[2024-06-30T04:12:56.438+0000] {processor.py:161} INFO - Started process (PID=2616) to work on /home/airflow/.local/lib/python3.12/site-packages/airflow/example_dags/example_xcomargs.py
[2024-06-30T04:12:56.439+0000] {processor.py:830} INFO - Processing file /home/airflow/.local/lib/python3.12/site-packages/airflow/example_dags/example_xcomargs.py for tasks to queue
[2024-06-30T04:12:56.442+0000] {logging_mixin.py:188} INFO - [2024-06-30T04:12:56.441+0000] {dagbag.py:545} INFO - Filling up the DagBag from /home/airflow/.local/lib/python3.12/site-packages/airflow/example_dags/example_xcomargs.py
[2024-06-30T04:12:56.454+0000] {processor.py:840} INFO - DAG(s) 'example_xcom_args_with_operators', 'example_xcom_args' retrieved from /home/airflow/.local/lib/python3.12/site-packages/airflow/example_dags/example_xcomargs.py
[2024-06-30T04:12:56.506+0000] {logging_mixin.py:188} INFO - [2024-06-30T04:12:56.505+0000] {dag.py:3096} INFO - Sync 2 DAGs
[2024-06-30T04:12:56.537+0000] {logging_mixin.py:188} INFO - [2024-06-30T04:12:56.536+0000] {dag.py:3954} INFO - Setting next_dagrun for example_xcom_args to None, run_after=None
[2024-06-30T04:12:56.546+0000] {logging_mixin.py:188} INFO - [2024-06-30T04:12:56.545+0000] {dag.py:3954} INFO - Setting next_dagrun for example_xcom_args_with_operators to None, run_after=None
[2024-06-30T04:12:56.596+0000] {processor.py:183} INFO - Processing /home/airflow/.local/lib/python3.12/site-packages/airflow/example_dags/example_xcomargs.py took 0.166 seconds
[2024-06-30T04:13:27.381+0000] {processor.py:161} INFO - Started process (PID=2674) to work on /home/airflow/.local/lib/python3.12/site-packages/airflow/example_dags/example_xcomargs.py
[2024-06-30T04:13:27.383+0000] {processor.py:830} INFO - Processing file /home/airflow/.local/lib/python3.12/site-packages/airflow/example_dags/example_xcomargs.py for tasks to queue
[2024-06-30T04:13:27.386+0000] {logging_mixin.py:188} INFO - [2024-06-30T04:13:27.385+0000] {dagbag.py:545} INFO - Filling up the DagBag from /home/airflow/.local/lib/python3.12/site-packages/airflow/example_dags/example_xcomargs.py
[2024-06-30T04:13:27.399+0000] {processor.py:840} INFO - DAG(s) 'example_xcom_args', 'example_xcom_args_with_operators' retrieved from /home/airflow/.local/lib/python3.12/site-packages/airflow/example_dags/example_xcomargs.py
[2024-06-30T04:13:27.447+0000] {logging_mixin.py:188} INFO - [2024-06-30T04:13:27.446+0000] {dag.py:3096} INFO - Sync 2 DAGs
[2024-06-30T04:13:27.480+0000] {logging_mixin.py:188} INFO - [2024-06-30T04:13:27.479+0000] {dag.py:3954} INFO - Setting next_dagrun for example_xcom_args to None, run_after=None
[2024-06-30T04:13:27.491+0000] {logging_mixin.py:188} INFO - [2024-06-30T04:13:27.490+0000] {dag.py:3954} INFO - Setting next_dagrun for example_xcom_args_with_operators to None, run_after=None
[2024-06-30T04:13:27.528+0000] {processor.py:183} INFO - Processing /home/airflow/.local/lib/python3.12/site-packages/airflow/example_dags/example_xcomargs.py took 0.156 seconds
[2024-06-30T04:13:58.171+0000] {processor.py:161} INFO - Started process (PID=2734) to work on /home/airflow/.local/lib/python3.12/site-packages/airflow/example_dags/example_xcomargs.py
[2024-06-30T04:13:58.172+0000] {processor.py:830} INFO - Processing file /home/airflow/.local/lib/python3.12/site-packages/airflow/example_dags/example_xcomargs.py for tasks to queue
[2024-06-30T04:13:58.175+0000] {logging_mixin.py:188} INFO - [2024-06-30T04:13:58.175+0000] {dagbag.py:545} INFO - Filling up the DagBag from /home/airflow/.local/lib/python3.12/site-packages/airflow/example_dags/example_xcomargs.py
[2024-06-30T04:13:58.188+0000] {processor.py:840} INFO - DAG(s) 'example_xcom_args', 'example_xcom_args_with_operators' retrieved from /home/airflow/.local/lib/python3.12/site-packages/airflow/example_dags/example_xcomargs.py
[2024-06-30T04:13:58.233+0000] {logging_mixin.py:188} INFO - [2024-06-30T04:13:58.233+0000] {dag.py:3096} INFO - Sync 2 DAGs
[2024-06-30T04:13:58.262+0000] {logging_mixin.py:188} INFO - [2024-06-30T04:13:58.262+0000] {dag.py:3954} INFO - Setting next_dagrun for example_xcom_args to None, run_after=None
[2024-06-30T04:13:58.271+0000] {logging_mixin.py:188} INFO - [2024-06-30T04:13:58.270+0000] {dag.py:3954} INFO - Setting next_dagrun for example_xcom_args_with_operators to None, run_after=None
[2024-06-30T04:13:58.339+0000] {processor.py:183} INFO - Processing /home/airflow/.local/lib/python3.12/site-packages/airflow/example_dags/example_xcomargs.py took 0.177 seconds
[2024-06-30T04:14:28.610+0000] {processor.py:161} INFO - Started process (PID=2792) to work on /home/airflow/.local/lib/python3.12/site-packages/airflow/example_dags/example_xcomargs.py
[2024-06-30T04:14:28.611+0000] {processor.py:830} INFO - Processing file /home/airflow/.local/lib/python3.12/site-packages/airflow/example_dags/example_xcomargs.py for tasks to queue
[2024-06-30T04:14:28.614+0000] {logging_mixin.py:188} INFO - [2024-06-30T04:14:28.613+0000] {dagbag.py:545} INFO - Filling up the DagBag from /home/airflow/.local/lib/python3.12/site-packages/airflow/example_dags/example_xcomargs.py
[2024-06-30T04:14:28.625+0000] {processor.py:840} INFO - DAG(s) 'example_xcom_args', 'example_xcom_args_with_operators' retrieved from /home/airflow/.local/lib/python3.12/site-packages/airflow/example_dags/example_xcomargs.py
[2024-06-30T04:14:28.662+0000] {logging_mixin.py:188} INFO - [2024-06-30T04:14:28.662+0000] {dag.py:3096} INFO - Sync 2 DAGs
[2024-06-30T04:14:28.681+0000] {logging_mixin.py:188} INFO - [2024-06-30T04:14:28.680+0000] {dag.py:3954} INFO - Setting next_dagrun for example_xcom_args to None, run_after=None
[2024-06-30T04:14:28.687+0000] {logging_mixin.py:188} INFO - [2024-06-30T04:14:28.687+0000] {dag.py:3954} INFO - Setting next_dagrun for example_xcom_args_with_operators to None, run_after=None
[2024-06-30T04:14:28.714+0000] {processor.py:183} INFO - Processing /home/airflow/.local/lib/python3.12/site-packages/airflow/example_dags/example_xcomargs.py took 0.115 seconds
[2024-06-30T04:14:58.872+0000] {processor.py:161} INFO - Started process (PID=2848) to work on /home/airflow/.local/lib/python3.12/site-packages/airflow/example_dags/example_xcomargs.py
[2024-06-30T04:14:58.873+0000] {processor.py:830} INFO - Processing file /home/airflow/.local/lib/python3.12/site-packages/airflow/example_dags/example_xcomargs.py for tasks to queue
[2024-06-30T04:14:58.879+0000] {logging_mixin.py:188} INFO - [2024-06-30T04:14:58.875+0000] {dagbag.py:545} INFO - Filling up the DagBag from /home/airflow/.local/lib/python3.12/site-packages/airflow/example_dags/example_xcomargs.py
[2024-06-30T04:14:58.892+0000] {processor.py:840} INFO - DAG(s) 'example_xcom_args', 'example_xcom_args_with_operators' retrieved from /home/airflow/.local/lib/python3.12/site-packages/airflow/example_dags/example_xcomargs.py
[2024-06-30T04:14:58.936+0000] {logging_mixin.py:188} INFO - [2024-06-30T04:14:58.936+0000] {dag.py:3096} INFO - Sync 2 DAGs
[2024-06-30T04:14:58.963+0000] {logging_mixin.py:188} INFO - [2024-06-30T04:14:58.963+0000] {dag.py:3954} INFO - Setting next_dagrun for example_xcom_args to None, run_after=None
[2024-06-30T04:14:58.971+0000] {logging_mixin.py:188} INFO - [2024-06-30T04:14:58.971+0000] {dag.py:3954} INFO - Setting next_dagrun for example_xcom_args_with_operators to None, run_after=None
[2024-06-30T04:14:59.006+0000] {processor.py:183} INFO - Processing /home/airflow/.local/lib/python3.12/site-packages/airflow/example_dags/example_xcomargs.py took 0.143 seconds
[2024-06-30T04:15:29.249+0000] {processor.py:161} INFO - Started process (PID=2906) to work on /home/airflow/.local/lib/python3.12/site-packages/airflow/example_dags/example_xcomargs.py
[2024-06-30T04:15:29.251+0000] {processor.py:830} INFO - Processing file /home/airflow/.local/lib/python3.12/site-packages/airflow/example_dags/example_xcomargs.py for tasks to queue
[2024-06-30T04:15:29.255+0000] {logging_mixin.py:188} INFO - [2024-06-30T04:15:29.254+0000] {dagbag.py:545} INFO - Filling up the DagBag from /home/airflow/.local/lib/python3.12/site-packages/airflow/example_dags/example_xcomargs.py
[2024-06-30T04:15:29.268+0000] {processor.py:840} INFO - DAG(s) 'example_xcom_args_with_operators', 'example_xcom_args' retrieved from /home/airflow/.local/lib/python3.12/site-packages/airflow/example_dags/example_xcomargs.py
[2024-06-30T04:15:29.310+0000] {logging_mixin.py:188} INFO - [2024-06-30T04:15:29.309+0000] {dag.py:3096} INFO - Sync 2 DAGs
[2024-06-30T04:15:29.333+0000] {logging_mixin.py:188} INFO - [2024-06-30T04:15:29.332+0000] {dag.py:3954} INFO - Setting next_dagrun for example_xcom_args to None, run_after=None
[2024-06-30T04:15:29.341+0000] {logging_mixin.py:188} INFO - [2024-06-30T04:15:29.341+0000] {dag.py:3954} INFO - Setting next_dagrun for example_xcom_args_with_operators to None, run_after=None
[2024-06-30T04:15:29.376+0000] {processor.py:183} INFO - Processing /home/airflow/.local/lib/python3.12/site-packages/airflow/example_dags/example_xcomargs.py took 0.138 seconds
[2024-06-30T04:16:00.107+0000] {processor.py:161} INFO - Started process (PID=2964) to work on /home/airflow/.local/lib/python3.12/site-packages/airflow/example_dags/example_xcomargs.py
[2024-06-30T04:16:00.110+0000] {processor.py:830} INFO - Processing file /home/airflow/.local/lib/python3.12/site-packages/airflow/example_dags/example_xcomargs.py for tasks to queue
[2024-06-30T04:16:00.114+0000] {logging_mixin.py:188} INFO - [2024-06-30T04:16:00.113+0000] {dagbag.py:545} INFO - Filling up the DagBag from /home/airflow/.local/lib/python3.12/site-packages/airflow/example_dags/example_xcomargs.py
[2024-06-30T04:16:00.129+0000] {processor.py:840} INFO - DAG(s) 'example_xcom_args', 'example_xcom_args_with_operators' retrieved from /home/airflow/.local/lib/python3.12/site-packages/airflow/example_dags/example_xcomargs.py
[2024-06-30T04:16:00.176+0000] {logging_mixin.py:188} INFO - [2024-06-30T04:16:00.176+0000] {dag.py:3096} INFO - Sync 2 DAGs
[2024-06-30T04:16:00.200+0000] {logging_mixin.py:188} INFO - [2024-06-30T04:16:00.199+0000] {dag.py:3954} INFO - Setting next_dagrun for example_xcom_args to None, run_after=None
[2024-06-30T04:16:00.210+0000] {logging_mixin.py:188} INFO - [2024-06-30T04:16:00.209+0000] {dag.py:3954} INFO - Setting next_dagrun for example_xcom_args_with_operators to None, run_after=None
[2024-06-30T04:16:00.238+0000] {processor.py:183} INFO - Processing /home/airflow/.local/lib/python3.12/site-packages/airflow/example_dags/example_xcomargs.py took 0.143 seconds
[2024-06-30T04:16:31.056+0000] {processor.py:161} INFO - Started process (PID=3022) to work on /home/airflow/.local/lib/python3.12/site-packages/airflow/example_dags/example_xcomargs.py
[2024-06-30T04:16:31.058+0000] {processor.py:830} INFO - Processing file /home/airflow/.local/lib/python3.12/site-packages/airflow/example_dags/example_xcomargs.py for tasks to queue
[2024-06-30T04:16:31.061+0000] {logging_mixin.py:188} INFO - [2024-06-30T04:16:31.060+0000] {dagbag.py:545} INFO - Filling up the DagBag from /home/airflow/.local/lib/python3.12/site-packages/airflow/example_dags/example_xcomargs.py
[2024-06-30T04:16:31.075+0000] {processor.py:840} INFO - DAG(s) 'example_xcom_args', 'example_xcom_args_with_operators' retrieved from /home/airflow/.local/lib/python3.12/site-packages/airflow/example_dags/example_xcomargs.py
[2024-06-30T04:16:31.126+0000] {logging_mixin.py:188} INFO - [2024-06-30T04:16:31.125+0000] {dag.py:3096} INFO - Sync 2 DAGs
[2024-06-30T04:16:31.157+0000] {logging_mixin.py:188} INFO - [2024-06-30T04:16:31.157+0000] {dag.py:3954} INFO - Setting next_dagrun for example_xcom_args to None, run_after=None
[2024-06-30T04:16:31.168+0000] {logging_mixin.py:188} INFO - [2024-06-30T04:16:31.168+0000] {dag.py:3954} INFO - Setting next_dagrun for example_xcom_args_with_operators to None, run_after=None
[2024-06-30T04:16:31.214+0000] {processor.py:183} INFO - Processing /home/airflow/.local/lib/python3.12/site-packages/airflow/example_dags/example_xcomargs.py took 0.168 seconds
[2024-06-30T04:17:01.290+0000] {processor.py:161} INFO - Started process (PID=3080) to work on /home/airflow/.local/lib/python3.12/site-packages/airflow/example_dags/example_xcomargs.py
[2024-06-30T04:17:01.291+0000] {processor.py:830} INFO - Processing file /home/airflow/.local/lib/python3.12/site-packages/airflow/example_dags/example_xcomargs.py for tasks to queue
[2024-06-30T04:17:01.294+0000] {logging_mixin.py:188} INFO - [2024-06-30T04:17:01.293+0000] {dagbag.py:545} INFO - Filling up the DagBag from /home/airflow/.local/lib/python3.12/site-packages/airflow/example_dags/example_xcomargs.py
[2024-06-30T04:17:01.307+0000] {processor.py:840} INFO - DAG(s) 'example_xcom_args_with_operators', 'example_xcom_args' retrieved from /home/airflow/.local/lib/python3.12/site-packages/airflow/example_dags/example_xcomargs.py
[2024-06-30T04:17:01.344+0000] {logging_mixin.py:188} INFO - [2024-06-30T04:17:01.343+0000] {dag.py:3096} INFO - Sync 2 DAGs
[2024-06-30T04:17:01.379+0000] {logging_mixin.py:188} INFO - [2024-06-30T04:17:01.379+0000] {dag.py:3954} INFO - Setting next_dagrun for example_xcom_args to None, run_after=None
[2024-06-30T04:17:01.387+0000] {logging_mixin.py:188} INFO - [2024-06-30T04:17:01.387+0000] {dag.py:3954} INFO - Setting next_dagrun for example_xcom_args_with_operators to None, run_after=None
[2024-06-30T04:17:01.423+0000] {processor.py:183} INFO - Processing /home/airflow/.local/lib/python3.12/site-packages/airflow/example_dags/example_xcomargs.py took 0.143 seconds
[2024-06-30T04:17:31.785+0000] {processor.py:161} INFO - Started process (PID=3137) to work on /home/airflow/.local/lib/python3.12/site-packages/airflow/example_dags/example_xcomargs.py
[2024-06-30T04:17:31.787+0000] {processor.py:830} INFO - Processing file /home/airflow/.local/lib/python3.12/site-packages/airflow/example_dags/example_xcomargs.py for tasks to queue
[2024-06-30T04:17:31.790+0000] {logging_mixin.py:188} INFO - [2024-06-30T04:17:31.789+0000] {dagbag.py:545} INFO - Filling up the DagBag from /home/airflow/.local/lib/python3.12/site-packages/airflow/example_dags/example_xcomargs.py
[2024-06-30T04:17:31.803+0000] {processor.py:840} INFO - DAG(s) 'example_xcom_args', 'example_xcom_args_with_operators' retrieved from /home/airflow/.local/lib/python3.12/site-packages/airflow/example_dags/example_xcomargs.py
[2024-06-30T04:17:31.837+0000] {logging_mixin.py:188} INFO - [2024-06-30T04:17:31.837+0000] {dag.py:3096} INFO - Sync 2 DAGs
[2024-06-30T04:17:31.859+0000] {logging_mixin.py:188} INFO - [2024-06-30T04:17:31.859+0000] {dag.py:3954} INFO - Setting next_dagrun for example_xcom_args to None, run_after=None
[2024-06-30T04:17:31.865+0000] {logging_mixin.py:188} INFO - [2024-06-30T04:17:31.865+0000] {dag.py:3954} INFO - Setting next_dagrun for example_xcom_args_with_operators to None, run_after=None
[2024-06-30T04:17:31.891+0000] {processor.py:183} INFO - Processing /home/airflow/.local/lib/python3.12/site-packages/airflow/example_dags/example_xcomargs.py took 0.115 seconds
[2024-06-30T04:18:02.175+0000] {processor.py:161} INFO - Started process (PID=3195) to work on /home/airflow/.local/lib/python3.12/site-packages/airflow/example_dags/example_xcomargs.py
[2024-06-30T04:18:02.177+0000] {processor.py:830} INFO - Processing file /home/airflow/.local/lib/python3.12/site-packages/airflow/example_dags/example_xcomargs.py for tasks to queue
[2024-06-30T04:18:02.180+0000] {logging_mixin.py:188} INFO - [2024-06-30T04:18:02.179+0000] {dagbag.py:545} INFO - Filling up the DagBag from /home/airflow/.local/lib/python3.12/site-packages/airflow/example_dags/example_xcomargs.py
[2024-06-30T04:18:02.191+0000] {processor.py:840} INFO - DAG(s) 'example_xcom_args_with_operators', 'example_xcom_args' retrieved from /home/airflow/.local/lib/python3.12/site-packages/airflow/example_dags/example_xcomargs.py
[2024-06-30T04:18:02.227+0000] {logging_mixin.py:188} INFO - [2024-06-30T04:18:02.227+0000] {dag.py:3096} INFO - Sync 2 DAGs
[2024-06-30T04:18:02.249+0000] {logging_mixin.py:188} INFO - [2024-06-30T04:18:02.248+0000] {dag.py:3954} INFO - Setting next_dagrun for example_xcom_args to None, run_after=None
[2024-06-30T04:18:02.256+0000] {logging_mixin.py:188} INFO - [2024-06-30T04:18:02.255+0000] {dag.py:3954} INFO - Setting next_dagrun for example_xcom_args_with_operators to None, run_after=None
[2024-06-30T04:18:02.287+0000] {processor.py:183} INFO - Processing /home/airflow/.local/lib/python3.12/site-packages/airflow/example_dags/example_xcomargs.py took 0.122 seconds
[2024-06-30T04:18:33.282+0000] {processor.py:161} INFO - Started process (PID=3252) to work on /home/airflow/.local/lib/python3.12/site-packages/airflow/example_dags/example_xcomargs.py
[2024-06-30T04:18:33.284+0000] {processor.py:830} INFO - Processing file /home/airflow/.local/lib/python3.12/site-packages/airflow/example_dags/example_xcomargs.py for tasks to queue
[2024-06-30T04:18:33.286+0000] {logging_mixin.py:188} INFO - [2024-06-30T04:18:33.286+0000] {dagbag.py:545} INFO - Filling up the DagBag from /home/airflow/.local/lib/python3.12/site-packages/airflow/example_dags/example_xcomargs.py
[2024-06-30T04:18:33.300+0000] {processor.py:840} INFO - DAG(s) 'example_xcom_args_with_operators', 'example_xcom_args' retrieved from /home/airflow/.local/lib/python3.12/site-packages/airflow/example_dags/example_xcomargs.py
[2024-06-30T04:18:33.349+0000] {logging_mixin.py:188} INFO - [2024-06-30T04:18:33.349+0000] {dag.py:3096} INFO - Sync 2 DAGs
[2024-06-30T04:18:33.381+0000] {logging_mixin.py:188} INFO - [2024-06-30T04:18:33.381+0000] {dag.py:3954} INFO - Setting next_dagrun for example_xcom_args to None, run_after=None
[2024-06-30T04:18:33.388+0000] {logging_mixin.py:188} INFO - [2024-06-30T04:18:33.387+0000] {dag.py:3954} INFO - Setting next_dagrun for example_xcom_args_with_operators to None, run_after=None
[2024-06-30T04:18:33.419+0000] {processor.py:183} INFO - Processing /home/airflow/.local/lib/python3.12/site-packages/airflow/example_dags/example_xcomargs.py took 0.148 seconds
[2024-06-30T04:19:03.867+0000] {processor.py:161} INFO - Started process (PID=3310) to work on /home/airflow/.local/lib/python3.12/site-packages/airflow/example_dags/example_xcomargs.py
[2024-06-30T04:19:03.882+0000] {processor.py:830} INFO - Processing file /home/airflow/.local/lib/python3.12/site-packages/airflow/example_dags/example_xcomargs.py for tasks to queue
[2024-06-30T04:19:03.887+0000] {logging_mixin.py:188} INFO - [2024-06-30T04:19:03.886+0000] {dagbag.py:545} INFO - Filling up the DagBag from /home/airflow/.local/lib/python3.12/site-packages/airflow/example_dags/example_xcomargs.py
[2024-06-30T04:19:03.951+0000] {processor.py:840} INFO - DAG(s) 'example_xcom_args_with_operators', 'example_xcom_args' retrieved from /home/airflow/.local/lib/python3.12/site-packages/airflow/example_dags/example_xcomargs.py
[2024-06-30T04:19:04.180+0000] {logging_mixin.py:188} INFO - [2024-06-30T04:19:04.179+0000] {dag.py:3096} INFO - Sync 2 DAGs
[2024-06-30T04:19:04.258+0000] {logging_mixin.py:188} INFO - [2024-06-30T04:19:04.258+0000] {dag.py:3954} INFO - Setting next_dagrun for example_xcom_args to None, run_after=None
[2024-06-30T04:19:04.278+0000] {logging_mixin.py:188} INFO - [2024-06-30T04:19:04.278+0000] {dag.py:3954} INFO - Setting next_dagrun for example_xcom_args_with_operators to None, run_after=None
[2024-06-30T04:19:04.385+0000] {processor.py:183} INFO - Processing /home/airflow/.local/lib/python3.12/site-packages/airflow/example_dags/example_xcomargs.py took 0.560 seconds
[2024-06-30T04:19:34.890+0000] {processor.py:161} INFO - Started process (PID=3368) to work on /home/airflow/.local/lib/python3.12/site-packages/airflow/example_dags/example_xcomargs.py
[2024-06-30T04:19:34.892+0000] {processor.py:830} INFO - Processing file /home/airflow/.local/lib/python3.12/site-packages/airflow/example_dags/example_xcomargs.py for tasks to queue
[2024-06-30T04:19:34.895+0000] {logging_mixin.py:188} INFO - [2024-06-30T04:19:34.894+0000] {dagbag.py:545} INFO - Filling up the DagBag from /home/airflow/.local/lib/python3.12/site-packages/airflow/example_dags/example_xcomargs.py
[2024-06-30T04:19:34.910+0000] {processor.py:840} INFO - DAG(s) 'example_xcom_args', 'example_xcom_args_with_operators' retrieved from /home/airflow/.local/lib/python3.12/site-packages/airflow/example_dags/example_xcomargs.py
[2024-06-30T04:19:34.966+0000] {logging_mixin.py:188} INFO - [2024-06-30T04:19:34.966+0000] {dag.py:3096} INFO - Sync 2 DAGs
[2024-06-30T04:19:34.997+0000] {logging_mixin.py:188} INFO - [2024-06-30T04:19:34.997+0000] {dag.py:3954} INFO - Setting next_dagrun for example_xcom_args to None, run_after=None
[2024-06-30T04:19:35.008+0000] {logging_mixin.py:188} INFO - [2024-06-30T04:19:35.008+0000] {dag.py:3954} INFO - Setting next_dagrun for example_xcom_args_with_operators to None, run_after=None
[2024-06-30T04:19:35.045+0000] {processor.py:183} INFO - Processing /home/airflow/.local/lib/python3.12/site-packages/airflow/example_dags/example_xcomargs.py took 0.168 seconds
