[2024-06-30T03:49:34.969+0000] {processor.py:161} INFO - Started process (PID=51) to work on /home/airflow/.local/lib/python3.12/site-packages/airflow/example_dags/example_external_task_marker_dag.py
[2024-06-30T03:49:34.972+0000] {processor.py:830} INFO - Processing file /home/airflow/.local/lib/python3.12/site-packages/airflow/example_dags/example_external_task_marker_dag.py for tasks to queue
[2024-06-30T03:49:34.984+0000] {logging_mixin.py:188} INFO - [2024-06-30T03:49:34.983+0000] {dagbag.py:545} INFO - Filling up the DagBag from /home/airflow/.local/lib/python3.12/site-packages/airflow/example_dags/example_external_task_marker_dag.py
[2024-06-30T03:49:35.023+0000] {processor.py:840} INFO - DAG(s) 'example_external_task_marker_parent', 'example_external_task_marker_child' retrieved from /home/airflow/.local/lib/python3.12/site-packages/airflow/example_dags/example_external_task_marker_dag.py
[2024-06-30T03:49:35.736+0000] {logging_mixin.py:188} INFO - [2024-06-30T03:49:35.735+0000] {dag.py:3096} INFO - Sync 2 DAGs
[2024-06-30T03:49:35.787+0000] {logging_mixin.py:188} INFO - [2024-06-30T03:49:35.787+0000] {dag.py:3954} INFO - Setting next_dagrun for example_external_task_marker_child to None, run_after=None
[2024-06-30T03:49:35.836+0000] {logging_mixin.py:188} INFO - [2024-06-30T03:49:35.835+0000] {dag.py:3954} INFO - Setting next_dagrun for example_external_task_marker_parent to None, run_after=None
[2024-06-30T03:49:36.052+0000] {processor.py:183} INFO - Processing /home/airflow/.local/lib/python3.12/site-packages/airflow/example_dags/example_external_task_marker_dag.py took 1.101 seconds
[2024-06-30T03:50:16.583+0000] {processor.py:161} INFO - Started process (PID=109) to work on /home/airflow/.local/lib/python3.12/site-packages/airflow/example_dags/example_external_task_marker_dag.py
[2024-06-30T03:50:16.584+0000] {processor.py:830} INFO - Processing file /home/airflow/.local/lib/python3.12/site-packages/airflow/example_dags/example_external_task_marker_dag.py for tasks to queue
[2024-06-30T03:50:16.590+0000] {logging_mixin.py:188} INFO - [2024-06-30T03:50:16.588+0000] {dagbag.py:545} INFO - Filling up the DagBag from /home/airflow/.local/lib/python3.12/site-packages/airflow/example_dags/example_external_task_marker_dag.py
[2024-06-30T03:50:16.605+0000] {processor.py:840} INFO - DAG(s) 'example_external_task_marker_child', 'example_external_task_marker_parent' retrieved from /home/airflow/.local/lib/python3.12/site-packages/airflow/example_dags/example_external_task_marker_dag.py
[2024-06-30T03:50:16.660+0000] {logging_mixin.py:188} INFO - [2024-06-30T03:50:16.659+0000] {dag.py:3096} INFO - Sync 2 DAGs
[2024-06-30T03:50:16.694+0000] {logging_mixin.py:188} INFO - [2024-06-30T03:50:16.694+0000] {dag.py:3954} INFO - Setting next_dagrun for example_external_task_marker_child to None, run_after=None
[2024-06-30T03:50:16.706+0000] {logging_mixin.py:188} INFO - [2024-06-30T03:50:16.705+0000] {dag.py:3954} INFO - Setting next_dagrun for example_external_task_marker_parent to None, run_after=None
[2024-06-30T03:50:16.751+0000] {processor.py:183} INFO - Processing /home/airflow/.local/lib/python3.12/site-packages/airflow/example_dags/example_external_task_marker_dag.py took 0.179 seconds
[2024-06-30T03:50:47.243+0000] {processor.py:161} INFO - Started process (PID=165) to work on /home/airflow/.local/lib/python3.12/site-packages/airflow/example_dags/example_external_task_marker_dag.py
[2024-06-30T03:50:47.247+0000] {processor.py:830} INFO - Processing file /home/airflow/.local/lib/python3.12/site-packages/airflow/example_dags/example_external_task_marker_dag.py for tasks to queue
[2024-06-30T03:50:47.253+0000] {logging_mixin.py:188} INFO - [2024-06-30T03:50:47.251+0000] {dagbag.py:545} INFO - Filling up the DagBag from /home/airflow/.local/lib/python3.12/site-packages/airflow/example_dags/example_external_task_marker_dag.py
[2024-06-30T03:50:47.274+0000] {processor.py:840} INFO - DAG(s) 'example_external_task_marker_parent', 'example_external_task_marker_child' retrieved from /home/airflow/.local/lib/python3.12/site-packages/airflow/example_dags/example_external_task_marker_dag.py
[2024-06-30T03:50:47.355+0000] {logging_mixin.py:188} INFO - [2024-06-30T03:50:47.354+0000] {dag.py:3096} INFO - Sync 2 DAGs
[2024-06-30T03:50:47.412+0000] {logging_mixin.py:188} INFO - [2024-06-30T03:50:47.411+0000] {dag.py:3954} INFO - Setting next_dagrun for example_external_task_marker_child to None, run_after=None
[2024-06-30T03:50:47.429+0000] {logging_mixin.py:188} INFO - [2024-06-30T03:50:47.428+0000] {dag.py:3954} INFO - Setting next_dagrun for example_external_task_marker_parent to None, run_after=None
[2024-06-30T03:50:47.504+0000] {processor.py:183} INFO - Processing /home/airflow/.local/lib/python3.12/site-packages/airflow/example_dags/example_external_task_marker_dag.py took 0.276 seconds
[2024-06-30T03:51:18.326+0000] {processor.py:161} INFO - Started process (PID=222) to work on /home/airflow/.local/lib/python3.12/site-packages/airflow/example_dags/example_external_task_marker_dag.py
[2024-06-30T03:51:18.330+0000] {processor.py:830} INFO - Processing file /home/airflow/.local/lib/python3.12/site-packages/airflow/example_dags/example_external_task_marker_dag.py for tasks to queue
[2024-06-30T03:51:18.335+0000] {logging_mixin.py:188} INFO - [2024-06-30T03:51:18.334+0000] {dagbag.py:545} INFO - Filling up the DagBag from /home/airflow/.local/lib/python3.12/site-packages/airflow/example_dags/example_external_task_marker_dag.py
[2024-06-30T03:51:18.353+0000] {processor.py:840} INFO - DAG(s) 'example_external_task_marker_child', 'example_external_task_marker_parent' retrieved from /home/airflow/.local/lib/python3.12/site-packages/airflow/example_dags/example_external_task_marker_dag.py
[2024-06-30T03:51:18.430+0000] {logging_mixin.py:188} INFO - [2024-06-30T03:51:18.429+0000] {dag.py:3096} INFO - Sync 2 DAGs
[2024-06-30T03:51:18.462+0000] {logging_mixin.py:188} INFO - [2024-06-30T03:51:18.462+0000] {dag.py:3954} INFO - Setting next_dagrun for example_external_task_marker_child to None, run_after=None
[2024-06-30T03:51:18.473+0000] {logging_mixin.py:188} INFO - [2024-06-30T03:51:18.472+0000] {dag.py:3954} INFO - Setting next_dagrun for example_external_task_marker_parent to None, run_after=None
[2024-06-30T03:51:18.530+0000] {processor.py:183} INFO - Processing /home/airflow/.local/lib/python3.12/site-packages/airflow/example_dags/example_external_task_marker_dag.py took 0.223 seconds
[2024-06-30T03:51:49.135+0000] {processor.py:161} INFO - Started process (PID=281) to work on /home/airflow/.local/lib/python3.12/site-packages/airflow/example_dags/example_external_task_marker_dag.py
[2024-06-30T03:51:49.138+0000] {processor.py:830} INFO - Processing file /home/airflow/.local/lib/python3.12/site-packages/airflow/example_dags/example_external_task_marker_dag.py for tasks to queue
[2024-06-30T03:51:49.144+0000] {logging_mixin.py:188} INFO - [2024-06-30T03:51:49.143+0000] {dagbag.py:545} INFO - Filling up the DagBag from /home/airflow/.local/lib/python3.12/site-packages/airflow/example_dags/example_external_task_marker_dag.py
[2024-06-30T03:51:49.167+0000] {processor.py:840} INFO - DAG(s) 'example_external_task_marker_parent', 'example_external_task_marker_child' retrieved from /home/airflow/.local/lib/python3.12/site-packages/airflow/example_dags/example_external_task_marker_dag.py
[2024-06-30T03:51:49.273+0000] {logging_mixin.py:188} INFO - [2024-06-30T03:51:49.272+0000] {dag.py:3096} INFO - Sync 2 DAGs
[2024-06-30T03:51:49.342+0000] {logging_mixin.py:188} INFO - [2024-06-30T03:51:49.341+0000] {dag.py:3954} INFO - Setting next_dagrun for example_external_task_marker_child to None, run_after=None
[2024-06-30T03:51:49.391+0000] {logging_mixin.py:188} INFO - [2024-06-30T03:51:49.390+0000] {dag.py:3954} INFO - Setting next_dagrun for example_external_task_marker_parent to None, run_after=None
[2024-06-30T03:51:49.569+0000] {processor.py:183} INFO - Processing /home/airflow/.local/lib/python3.12/site-packages/airflow/example_dags/example_external_task_marker_dag.py took 0.457 seconds
[2024-06-30T03:52:19.803+0000] {processor.py:161} INFO - Started process (PID=340) to work on /home/airflow/.local/lib/python3.12/site-packages/airflow/example_dags/example_external_task_marker_dag.py
[2024-06-30T03:52:19.806+0000] {processor.py:830} INFO - Processing file /home/airflow/.local/lib/python3.12/site-packages/airflow/example_dags/example_external_task_marker_dag.py for tasks to queue
[2024-06-30T03:52:19.811+0000] {logging_mixin.py:188} INFO - [2024-06-30T03:52:19.809+0000] {dagbag.py:545} INFO - Filling up the DagBag from /home/airflow/.local/lib/python3.12/site-packages/airflow/example_dags/example_external_task_marker_dag.py
[2024-06-30T03:52:19.824+0000] {processor.py:840} INFO - DAG(s) 'example_external_task_marker_parent', 'example_external_task_marker_child' retrieved from /home/airflow/.local/lib/python3.12/site-packages/airflow/example_dags/example_external_task_marker_dag.py
[2024-06-30T03:52:19.892+0000] {logging_mixin.py:188} INFO - [2024-06-30T03:52:19.891+0000] {dag.py:3096} INFO - Sync 2 DAGs
[2024-06-30T03:52:19.933+0000] {logging_mixin.py:188} INFO - [2024-06-30T03:52:19.932+0000] {dag.py:3954} INFO - Setting next_dagrun for example_external_task_marker_child to None, run_after=None
[2024-06-30T03:52:19.949+0000] {logging_mixin.py:188} INFO - [2024-06-30T03:52:19.948+0000] {dag.py:3954} INFO - Setting next_dagrun for example_external_task_marker_parent to None, run_after=None
[2024-06-30T03:52:20.006+0000] {processor.py:183} INFO - Processing /home/airflow/.local/lib/python3.12/site-packages/airflow/example_dags/example_external_task_marker_dag.py took 0.215 seconds
[2024-06-30T03:52:50.624+0000] {processor.py:161} INFO - Started process (PID=398) to work on /home/airflow/.local/lib/python3.12/site-packages/airflow/example_dags/example_external_task_marker_dag.py
[2024-06-30T03:52:50.627+0000] {processor.py:830} INFO - Processing file /home/airflow/.local/lib/python3.12/site-packages/airflow/example_dags/example_external_task_marker_dag.py for tasks to queue
[2024-06-30T03:52:50.632+0000] {logging_mixin.py:188} INFO - [2024-06-30T03:52:50.631+0000] {dagbag.py:545} INFO - Filling up the DagBag from /home/airflow/.local/lib/python3.12/site-packages/airflow/example_dags/example_external_task_marker_dag.py
[2024-06-30T03:52:50.647+0000] {processor.py:840} INFO - DAG(s) 'example_external_task_marker_parent', 'example_external_task_marker_child' retrieved from /home/airflow/.local/lib/python3.12/site-packages/airflow/example_dags/example_external_task_marker_dag.py
[2024-06-30T03:52:50.716+0000] {logging_mixin.py:188} INFO - [2024-06-30T03:52:50.715+0000] {dag.py:3096} INFO - Sync 2 DAGs
[2024-06-30T03:52:50.755+0000] {logging_mixin.py:188} INFO - [2024-06-30T03:52:50.754+0000] {dag.py:3954} INFO - Setting next_dagrun for example_external_task_marker_child to None, run_after=None
[2024-06-30T03:52:50.771+0000] {logging_mixin.py:188} INFO - [2024-06-30T03:52:50.770+0000] {dag.py:3954} INFO - Setting next_dagrun for example_external_task_marker_parent to None, run_after=None
[2024-06-30T03:52:50.828+0000] {processor.py:183} INFO - Processing /home/airflow/.local/lib/python3.12/site-packages/airflow/example_dags/example_external_task_marker_dag.py took 0.218 seconds
[2024-06-30T03:53:21.672+0000] {processor.py:161} INFO - Started process (PID=456) to work on /home/airflow/.local/lib/python3.12/site-packages/airflow/example_dags/example_external_task_marker_dag.py
[2024-06-30T03:53:21.676+0000] {processor.py:830} INFO - Processing file /home/airflow/.local/lib/python3.12/site-packages/airflow/example_dags/example_external_task_marker_dag.py for tasks to queue
[2024-06-30T03:53:21.682+0000] {logging_mixin.py:188} INFO - [2024-06-30T03:53:21.681+0000] {dagbag.py:545} INFO - Filling up the DagBag from /home/airflow/.local/lib/python3.12/site-packages/airflow/example_dags/example_external_task_marker_dag.py
[2024-06-30T03:53:21.702+0000] {processor.py:840} INFO - DAG(s) 'example_external_task_marker_parent', 'example_external_task_marker_child' retrieved from /home/airflow/.local/lib/python3.12/site-packages/airflow/example_dags/example_external_task_marker_dag.py
[2024-06-30T03:53:21.771+0000] {logging_mixin.py:188} INFO - [2024-06-30T03:53:21.770+0000] {dag.py:3096} INFO - Sync 2 DAGs
[2024-06-30T03:53:21.831+0000] {logging_mixin.py:188} INFO - [2024-06-30T03:53:21.830+0000] {dag.py:3954} INFO - Setting next_dagrun for example_external_task_marker_child to None, run_after=None
[2024-06-30T03:53:21.850+0000] {logging_mixin.py:188} INFO - [2024-06-30T03:53:21.849+0000] {dag.py:3954} INFO - Setting next_dagrun for example_external_task_marker_parent to None, run_after=None
[2024-06-30T03:53:21.907+0000] {processor.py:183} INFO - Processing /home/airflow/.local/lib/python3.12/site-packages/airflow/example_dags/example_external_task_marker_dag.py took 0.252 seconds
[2024-06-30T03:53:56.819+0000] {processor.py:161} INFO - Started process (PID=520) to work on /home/airflow/.local/lib/python3.12/site-packages/airflow/example_dags/example_external_task_marker_dag.py
[2024-06-30T03:53:56.837+0000] {processor.py:830} INFO - Processing file /home/airflow/.local/lib/python3.12/site-packages/airflow/example_dags/example_external_task_marker_dag.py for tasks to queue
[2024-06-30T03:53:56.866+0000] {logging_mixin.py:188} INFO - [2024-06-30T03:53:56.856+0000] {dagbag.py:545} INFO - Filling up the DagBag from /home/airflow/.local/lib/python3.12/site-packages/airflow/example_dags/example_external_task_marker_dag.py
[2024-06-30T03:53:56.965+0000] {processor.py:840} INFO - DAG(s) 'example_external_task_marker_child', 'example_external_task_marker_parent' retrieved from /home/airflow/.local/lib/python3.12/site-packages/airflow/example_dags/example_external_task_marker_dag.py
[2024-06-30T03:53:57.202+0000] {logging_mixin.py:188} INFO - [2024-06-30T03:53:57.201+0000] {dag.py:3096} INFO - Sync 2 DAGs
[2024-06-30T03:53:57.378+0000] {logging_mixin.py:188} INFO - [2024-06-30T03:53:57.378+0000] {dag.py:3954} INFO - Setting next_dagrun for example_external_task_marker_child to None, run_after=None
[2024-06-30T03:53:57.449+0000] {logging_mixin.py:188} INFO - [2024-06-30T03:53:57.449+0000] {dag.py:3954} INFO - Setting next_dagrun for example_external_task_marker_parent to None, run_after=None
[2024-06-30T03:53:57.707+0000] {processor.py:183} INFO - Processing /home/airflow/.local/lib/python3.12/site-packages/airflow/example_dags/example_external_task_marker_dag.py took 0.958 seconds
[2024-06-30T03:54:28.222+0000] {processor.py:161} INFO - Started process (PID=578) to work on /home/airflow/.local/lib/python3.12/site-packages/airflow/example_dags/example_external_task_marker_dag.py
[2024-06-30T03:54:28.225+0000] {processor.py:830} INFO - Processing file /home/airflow/.local/lib/python3.12/site-packages/airflow/example_dags/example_external_task_marker_dag.py for tasks to queue
[2024-06-30T03:54:28.231+0000] {logging_mixin.py:188} INFO - [2024-06-30T03:54:28.230+0000] {dagbag.py:545} INFO - Filling up the DagBag from /home/airflow/.local/lib/python3.12/site-packages/airflow/example_dags/example_external_task_marker_dag.py
[2024-06-30T03:54:28.249+0000] {processor.py:840} INFO - DAG(s) 'example_external_task_marker_parent', 'example_external_task_marker_child' retrieved from /home/airflow/.local/lib/python3.12/site-packages/airflow/example_dags/example_external_task_marker_dag.py
[2024-06-30T03:54:28.363+0000] {logging_mixin.py:188} INFO - [2024-06-30T03:54:28.362+0000] {dag.py:3096} INFO - Sync 2 DAGs
[2024-06-30T03:54:28.419+0000] {logging_mixin.py:188} INFO - [2024-06-30T03:54:28.417+0000] {dag.py:3954} INFO - Setting next_dagrun for example_external_task_marker_child to None, run_after=None
[2024-06-30T03:54:28.446+0000] {logging_mixin.py:188} INFO - [2024-06-30T03:54:28.445+0000] {dag.py:3954} INFO - Setting next_dagrun for example_external_task_marker_parent to None, run_after=None
[2024-06-30T03:54:28.517+0000] {processor.py:183} INFO - Processing /home/airflow/.local/lib/python3.12/site-packages/airflow/example_dags/example_external_task_marker_dag.py took 0.319 seconds
[2024-06-30T03:54:58.672+0000] {processor.py:161} INFO - Started process (PID=636) to work on /home/airflow/.local/lib/python3.12/site-packages/airflow/example_dags/example_external_task_marker_dag.py
[2024-06-30T03:54:58.685+0000] {processor.py:830} INFO - Processing file /home/airflow/.local/lib/python3.12/site-packages/airflow/example_dags/example_external_task_marker_dag.py for tasks to queue
[2024-06-30T03:54:58.691+0000] {logging_mixin.py:188} INFO - [2024-06-30T03:54:58.690+0000] {dagbag.py:545} INFO - Filling up the DagBag from /home/airflow/.local/lib/python3.12/site-packages/airflow/example_dags/example_external_task_marker_dag.py
[2024-06-30T03:54:58.722+0000] {processor.py:840} INFO - DAG(s) 'example_external_task_marker_parent', 'example_external_task_marker_child' retrieved from /home/airflow/.local/lib/python3.12/site-packages/airflow/example_dags/example_external_task_marker_dag.py
[2024-06-30T03:54:58.850+0000] {logging_mixin.py:188} INFO - [2024-06-30T03:54:58.849+0000] {dag.py:3096} INFO - Sync 2 DAGs
[2024-06-30T03:54:58.926+0000] {logging_mixin.py:188} INFO - [2024-06-30T03:54:58.925+0000] {dag.py:3954} INFO - Setting next_dagrun for example_external_task_marker_child to None, run_after=None
[2024-06-30T03:54:58.946+0000] {logging_mixin.py:188} INFO - [2024-06-30T03:54:58.946+0000] {dag.py:3954} INFO - Setting next_dagrun for example_external_task_marker_parent to None, run_after=None
[2024-06-30T03:54:59.046+0000] {processor.py:183} INFO - Processing /home/airflow/.local/lib/python3.12/site-packages/airflow/example_dags/example_external_task_marker_dag.py took 0.407 seconds
[2024-06-30T03:55:31.699+0000] {processor.py:161} INFO - Started process (PID=695) to work on /home/airflow/.local/lib/python3.12/site-packages/airflow/example_dags/example_external_task_marker_dag.py
[2024-06-30T03:55:31.701+0000] {processor.py:830} INFO - Processing file /home/airflow/.local/lib/python3.12/site-packages/airflow/example_dags/example_external_task_marker_dag.py for tasks to queue
[2024-06-30T03:55:31.704+0000] {logging_mixin.py:188} INFO - [2024-06-30T03:55:31.704+0000] {dagbag.py:545} INFO - Filling up the DagBag from /home/airflow/.local/lib/python3.12/site-packages/airflow/example_dags/example_external_task_marker_dag.py
[2024-06-30T03:55:31.715+0000] {processor.py:840} INFO - DAG(s) 'example_external_task_marker_child', 'example_external_task_marker_parent' retrieved from /home/airflow/.local/lib/python3.12/site-packages/airflow/example_dags/example_external_task_marker_dag.py
[2024-06-30T03:55:31.774+0000] {logging_mixin.py:188} INFO - [2024-06-30T03:55:31.773+0000] {dag.py:3096} INFO - Sync 2 DAGs
[2024-06-30T03:55:31.864+0000] {logging_mixin.py:188} INFO - [2024-06-30T03:55:31.855+0000] {dag.py:3954} INFO - Setting next_dagrun for example_external_task_marker_child to None, run_after=None
[2024-06-30T03:55:31.877+0000] {logging_mixin.py:188} INFO - [2024-06-30T03:55:31.877+0000] {dag.py:3954} INFO - Setting next_dagrun for example_external_task_marker_parent to None, run_after=None
[2024-06-30T03:55:31.935+0000] {processor.py:183} INFO - Processing /home/airflow/.local/lib/python3.12/site-packages/airflow/example_dags/example_external_task_marker_dag.py took 0.246 seconds
[2024-06-30T03:56:07.570+0000] {processor.py:161} INFO - Started process (PID=741) to work on /home/airflow/.local/lib/python3.12/site-packages/airflow/example_dags/example_external_task_marker_dag.py
[2024-06-30T03:56:07.581+0000] {processor.py:830} INFO - Processing file /home/airflow/.local/lib/python3.12/site-packages/airflow/example_dags/example_external_task_marker_dag.py for tasks to queue
[2024-06-30T03:56:07.590+0000] {logging_mixin.py:188} INFO - [2024-06-30T03:56:07.590+0000] {dagbag.py:545} INFO - Filling up the DagBag from /home/airflow/.local/lib/python3.12/site-packages/airflow/example_dags/example_external_task_marker_dag.py
[2024-06-30T03:56:07.615+0000] {processor.py:840} INFO - DAG(s) 'example_external_task_marker_child', 'example_external_task_marker_parent' retrieved from /home/airflow/.local/lib/python3.12/site-packages/airflow/example_dags/example_external_task_marker_dag.py
[2024-06-30T03:56:07.726+0000] {logging_mixin.py:188} INFO - [2024-06-30T03:56:07.724+0000] {dag.py:3096} INFO - Sync 2 DAGs
[2024-06-30T03:56:07.776+0000] {logging_mixin.py:188} INFO - [2024-06-30T03:56:07.776+0000] {dag.py:3954} INFO - Setting next_dagrun for example_external_task_marker_child to None, run_after=None
[2024-06-30T03:56:07.797+0000] {logging_mixin.py:188} INFO - [2024-06-30T03:56:07.796+0000] {dag.py:3954} INFO - Setting next_dagrun for example_external_task_marker_parent to None, run_after=None
[2024-06-30T03:56:07.921+0000] {processor.py:183} INFO - Processing /home/airflow/.local/lib/python3.12/site-packages/airflow/example_dags/example_external_task_marker_dag.py took 0.375 seconds
[2024-06-30T03:56:38.382+0000] {processor.py:161} INFO - Started process (PID=799) to work on /home/airflow/.local/lib/python3.12/site-packages/airflow/example_dags/example_external_task_marker_dag.py
[2024-06-30T03:56:38.387+0000] {processor.py:830} INFO - Processing file /home/airflow/.local/lib/python3.12/site-packages/airflow/example_dags/example_external_task_marker_dag.py for tasks to queue
[2024-06-30T03:56:38.391+0000] {logging_mixin.py:188} INFO - [2024-06-30T03:56:38.390+0000] {dagbag.py:545} INFO - Filling up the DagBag from /home/airflow/.local/lib/python3.12/site-packages/airflow/example_dags/example_external_task_marker_dag.py
[2024-06-30T03:56:38.410+0000] {processor.py:840} INFO - DAG(s) 'example_external_task_marker_parent', 'example_external_task_marker_child' retrieved from /home/airflow/.local/lib/python3.12/site-packages/airflow/example_dags/example_external_task_marker_dag.py
[2024-06-30T03:56:38.506+0000] {logging_mixin.py:188} INFO - [2024-06-30T03:56:38.505+0000] {dag.py:3096} INFO - Sync 2 DAGs
[2024-06-30T03:56:38.553+0000] {logging_mixin.py:188} INFO - [2024-06-30T03:56:38.552+0000] {dag.py:3954} INFO - Setting next_dagrun for example_external_task_marker_child to None, run_after=None
[2024-06-30T03:56:38.565+0000] {logging_mixin.py:188} INFO - [2024-06-30T03:56:38.564+0000] {dag.py:3954} INFO - Setting next_dagrun for example_external_task_marker_parent to None, run_after=None
[2024-06-30T03:56:38.621+0000] {processor.py:183} INFO - Processing /home/airflow/.local/lib/python3.12/site-packages/airflow/example_dags/example_external_task_marker_dag.py took 0.259 seconds
[2024-06-30T03:57:12.028+0000] {processor.py:161} INFO - Started process (PID=857) to work on /home/airflow/.local/lib/python3.12/site-packages/airflow/example_dags/example_external_task_marker_dag.py
[2024-06-30T03:57:12.034+0000] {processor.py:830} INFO - Processing file /home/airflow/.local/lib/python3.12/site-packages/airflow/example_dags/example_external_task_marker_dag.py for tasks to queue
[2024-06-30T03:57:12.042+0000] {logging_mixin.py:188} INFO - [2024-06-30T03:57:12.039+0000] {dagbag.py:545} INFO - Filling up the DagBag from /home/airflow/.local/lib/python3.12/site-packages/airflow/example_dags/example_external_task_marker_dag.py
[2024-06-30T03:57:12.073+0000] {processor.py:840} INFO - DAG(s) 'example_external_task_marker_parent', 'example_external_task_marker_child' retrieved from /home/airflow/.local/lib/python3.12/site-packages/airflow/example_dags/example_external_task_marker_dag.py
[2024-06-30T03:57:12.223+0000] {logging_mixin.py:188} INFO - [2024-06-30T03:57:12.223+0000] {dag.py:3096} INFO - Sync 2 DAGs
[2024-06-30T03:57:12.322+0000] {logging_mixin.py:188} INFO - [2024-06-30T03:57:12.322+0000] {dag.py:3954} INFO - Setting next_dagrun for example_external_task_marker_child to None, run_after=None
[2024-06-30T03:57:12.376+0000] {logging_mixin.py:188} INFO - [2024-06-30T03:57:12.375+0000] {dag.py:3954} INFO - Setting next_dagrun for example_external_task_marker_parent to None, run_after=None
[2024-06-30T03:57:12.443+0000] {processor.py:183} INFO - Processing /home/airflow/.local/lib/python3.12/site-packages/airflow/example_dags/example_external_task_marker_dag.py took 0.436 seconds
[2024-06-30T03:57:42.715+0000] {processor.py:161} INFO - Started process (PID=913) to work on /home/airflow/.local/lib/python3.12/site-packages/airflow/example_dags/example_external_task_marker_dag.py
[2024-06-30T03:57:42.724+0000] {processor.py:830} INFO - Processing file /home/airflow/.local/lib/python3.12/site-packages/airflow/example_dags/example_external_task_marker_dag.py for tasks to queue
[2024-06-30T03:57:42.745+0000] {logging_mixin.py:188} INFO - [2024-06-30T03:57:42.744+0000] {dagbag.py:545} INFO - Filling up the DagBag from /home/airflow/.local/lib/python3.12/site-packages/airflow/example_dags/example_external_task_marker_dag.py
[2024-06-30T03:57:42.818+0000] {processor.py:840} INFO - DAG(s) 'example_external_task_marker_parent', 'example_external_task_marker_child' retrieved from /home/airflow/.local/lib/python3.12/site-packages/airflow/example_dags/example_external_task_marker_dag.py
[2024-06-30T03:57:43.048+0000] {logging_mixin.py:188} INFO - [2024-06-30T03:57:43.044+0000] {dag.py:3096} INFO - Sync 2 DAGs
[2024-06-30T03:57:43.151+0000] {logging_mixin.py:188} INFO - [2024-06-30T03:57:43.139+0000] {dag.py:3954} INFO - Setting next_dagrun for example_external_task_marker_child to None, run_after=None
[2024-06-30T03:57:43.183+0000] {logging_mixin.py:188} INFO - [2024-06-30T03:57:43.182+0000] {dag.py:3954} INFO - Setting next_dagrun for example_external_task_marker_parent to None, run_after=None
[2024-06-30T03:57:43.349+0000] {processor.py:183} INFO - Processing /home/airflow/.local/lib/python3.12/site-packages/airflow/example_dags/example_external_task_marker_dag.py took 0.670 seconds
[2024-06-30T03:58:14.270+0000] {processor.py:161} INFO - Started process (PID=971) to work on /home/airflow/.local/lib/python3.12/site-packages/airflow/example_dags/example_external_task_marker_dag.py
[2024-06-30T03:58:14.273+0000] {processor.py:830} INFO - Processing file /home/airflow/.local/lib/python3.12/site-packages/airflow/example_dags/example_external_task_marker_dag.py for tasks to queue
[2024-06-30T03:58:14.279+0000] {logging_mixin.py:188} INFO - [2024-06-30T03:58:14.278+0000] {dagbag.py:545} INFO - Filling up the DagBag from /home/airflow/.local/lib/python3.12/site-packages/airflow/example_dags/example_external_task_marker_dag.py
[2024-06-30T03:58:14.297+0000] {processor.py:840} INFO - DAG(s) 'example_external_task_marker_child', 'example_external_task_marker_parent' retrieved from /home/airflow/.local/lib/python3.12/site-packages/airflow/example_dags/example_external_task_marker_dag.py
[2024-06-30T03:58:14.363+0000] {logging_mixin.py:188} INFO - [2024-06-30T03:58:14.362+0000] {dag.py:3096} INFO - Sync 2 DAGs
[2024-06-30T03:58:14.397+0000] {logging_mixin.py:188} INFO - [2024-06-30T03:58:14.396+0000] {dag.py:3954} INFO - Setting next_dagrun for example_external_task_marker_child to None, run_after=None
[2024-06-30T03:58:14.406+0000] {logging_mixin.py:188} INFO - [2024-06-30T03:58:14.405+0000] {dag.py:3954} INFO - Setting next_dagrun for example_external_task_marker_parent to None, run_after=None
[2024-06-30T03:58:14.507+0000] {processor.py:183} INFO - Processing /home/airflow/.local/lib/python3.12/site-packages/airflow/example_dags/example_external_task_marker_dag.py took 0.254 seconds
[2024-06-30T03:58:45.470+0000] {processor.py:161} INFO - Started process (PID=1029) to work on /home/airflow/.local/lib/python3.12/site-packages/airflow/example_dags/example_external_task_marker_dag.py
[2024-06-30T03:58:45.473+0000] {processor.py:830} INFO - Processing file /home/airflow/.local/lib/python3.12/site-packages/airflow/example_dags/example_external_task_marker_dag.py for tasks to queue
[2024-06-30T03:58:45.478+0000] {logging_mixin.py:188} INFO - [2024-06-30T03:58:45.477+0000] {dagbag.py:545} INFO - Filling up the DagBag from /home/airflow/.local/lib/python3.12/site-packages/airflow/example_dags/example_external_task_marker_dag.py
[2024-06-30T03:58:45.493+0000] {processor.py:840} INFO - DAG(s) 'example_external_task_marker_parent', 'example_external_task_marker_child' retrieved from /home/airflow/.local/lib/python3.12/site-packages/airflow/example_dags/example_external_task_marker_dag.py
[2024-06-30T03:58:45.550+0000] {logging_mixin.py:188} INFO - [2024-06-30T03:58:45.550+0000] {dag.py:3096} INFO - Sync 2 DAGs
[2024-06-30T03:58:45.586+0000] {logging_mixin.py:188} INFO - [2024-06-30T03:58:45.585+0000] {dag.py:3954} INFO - Setting next_dagrun for example_external_task_marker_child to None, run_after=None
[2024-06-30T03:58:45.595+0000] {logging_mixin.py:188} INFO - [2024-06-30T03:58:45.595+0000] {dag.py:3954} INFO - Setting next_dagrun for example_external_task_marker_parent to None, run_after=None
[2024-06-30T03:58:45.697+0000] {processor.py:183} INFO - Processing /home/airflow/.local/lib/python3.12/site-packages/airflow/example_dags/example_external_task_marker_dag.py took 0.242 seconds
[2024-06-30T03:59:16.164+0000] {processor.py:161} INFO - Started process (PID=1087) to work on /home/airflow/.local/lib/python3.12/site-packages/airflow/example_dags/example_external_task_marker_dag.py
[2024-06-30T03:59:16.167+0000] {processor.py:830} INFO - Processing file /home/airflow/.local/lib/python3.12/site-packages/airflow/example_dags/example_external_task_marker_dag.py for tasks to queue
[2024-06-30T03:59:16.179+0000] {logging_mixin.py:188} INFO - [2024-06-30T03:59:16.177+0000] {dagbag.py:545} INFO - Filling up the DagBag from /home/airflow/.local/lib/python3.12/site-packages/airflow/example_dags/example_external_task_marker_dag.py
[2024-06-30T03:59:16.193+0000] {processor.py:840} INFO - DAG(s) 'example_external_task_marker_child', 'example_external_task_marker_parent' retrieved from /home/airflow/.local/lib/python3.12/site-packages/airflow/example_dags/example_external_task_marker_dag.py
[2024-06-30T03:59:16.325+0000] {logging_mixin.py:188} INFO - [2024-06-30T03:59:16.324+0000] {dag.py:3096} INFO - Sync 2 DAGs
[2024-06-30T03:59:16.385+0000] {logging_mixin.py:188} INFO - [2024-06-30T03:59:16.384+0000] {dag.py:3954} INFO - Setting next_dagrun for example_external_task_marker_child to None, run_after=None
[2024-06-30T03:59:16.402+0000] {logging_mixin.py:188} INFO - [2024-06-30T03:59:16.402+0000] {dag.py:3954} INFO - Setting next_dagrun for example_external_task_marker_parent to None, run_after=None
[2024-06-30T03:59:16.510+0000] {processor.py:183} INFO - Processing /home/airflow/.local/lib/python3.12/site-packages/airflow/example_dags/example_external_task_marker_dag.py took 0.385 seconds
[2024-06-30T03:59:48.666+0000] {processor.py:161} INFO - Started process (PID=1146) to work on /home/airflow/.local/lib/python3.12/site-packages/airflow/example_dags/example_external_task_marker_dag.py
[2024-06-30T03:59:48.711+0000] {processor.py:830} INFO - Processing file /home/airflow/.local/lib/python3.12/site-packages/airflow/example_dags/example_external_task_marker_dag.py for tasks to queue
[2024-06-30T03:59:48.728+0000] {logging_mixin.py:188} INFO - [2024-06-30T03:59:48.727+0000] {dagbag.py:545} INFO - Filling up the DagBag from /home/airflow/.local/lib/python3.12/site-packages/airflow/example_dags/example_external_task_marker_dag.py
[2024-06-30T03:59:48.867+0000] {processor.py:840} INFO - DAG(s) 'example_external_task_marker_parent', 'example_external_task_marker_child' retrieved from /home/airflow/.local/lib/python3.12/site-packages/airflow/example_dags/example_external_task_marker_dag.py
[2024-06-30T03:59:49.187+0000] {logging_mixin.py:188} INFO - [2024-06-30T03:59:49.186+0000] {dag.py:3096} INFO - Sync 2 DAGs
[2024-06-30T03:59:49.307+0000] {logging_mixin.py:188} INFO - [2024-06-30T03:59:49.307+0000] {dag.py:3954} INFO - Setting next_dagrun for example_external_task_marker_child to None, run_after=None
[2024-06-30T03:59:49.354+0000] {logging_mixin.py:188} INFO - [2024-06-30T03:59:49.353+0000] {dag.py:3954} INFO - Setting next_dagrun for example_external_task_marker_parent to None, run_after=None
[2024-06-30T03:59:49.550+0000] {processor.py:183} INFO - Processing /home/airflow/.local/lib/python3.12/site-packages/airflow/example_dags/example_external_task_marker_dag.py took 1.017 seconds
[2024-06-30T04:00:19.906+0000] {processor.py:161} INFO - Started process (PID=1204) to work on /home/airflow/.local/lib/python3.12/site-packages/airflow/example_dags/example_external_task_marker_dag.py
[2024-06-30T04:00:19.909+0000] {processor.py:830} INFO - Processing file /home/airflow/.local/lib/python3.12/site-packages/airflow/example_dags/example_external_task_marker_dag.py for tasks to queue
[2024-06-30T04:00:19.914+0000] {logging_mixin.py:188} INFO - [2024-06-30T04:00:19.913+0000] {dagbag.py:545} INFO - Filling up the DagBag from /home/airflow/.local/lib/python3.12/site-packages/airflow/example_dags/example_external_task_marker_dag.py
[2024-06-30T04:00:19.924+0000] {processor.py:840} INFO - DAG(s) 'example_external_task_marker_child', 'example_external_task_marker_parent' retrieved from /home/airflow/.local/lib/python3.12/site-packages/airflow/example_dags/example_external_task_marker_dag.py
[2024-06-30T04:00:19.975+0000] {logging_mixin.py:188} INFO - [2024-06-30T04:00:19.974+0000] {dag.py:3096} INFO - Sync 2 DAGs
[2024-06-30T04:00:20.007+0000] {logging_mixin.py:188} INFO - [2024-06-30T04:00:20.007+0000] {dag.py:3954} INFO - Setting next_dagrun for example_external_task_marker_child to None, run_after=None
[2024-06-30T04:00:20.016+0000] {logging_mixin.py:188} INFO - [2024-06-30T04:00:20.016+0000] {dag.py:3954} INFO - Setting next_dagrun for example_external_task_marker_parent to None, run_after=None
[2024-06-30T04:00:20.074+0000] {processor.py:183} INFO - Processing /home/airflow/.local/lib/python3.12/site-packages/airflow/example_dags/example_external_task_marker_dag.py took 0.184 seconds
[2024-06-30T04:00:50.417+0000] {processor.py:161} INFO - Started process (PID=1263) to work on /home/airflow/.local/lib/python3.12/site-packages/airflow/example_dags/example_external_task_marker_dag.py
[2024-06-30T04:00:50.418+0000] {processor.py:830} INFO - Processing file /home/airflow/.local/lib/python3.12/site-packages/airflow/example_dags/example_external_task_marker_dag.py for tasks to queue
[2024-06-30T04:00:50.420+0000] {logging_mixin.py:188} INFO - [2024-06-30T04:00:50.420+0000] {dagbag.py:545} INFO - Filling up the DagBag from /home/airflow/.local/lib/python3.12/site-packages/airflow/example_dags/example_external_task_marker_dag.py
[2024-06-30T04:00:50.431+0000] {processor.py:840} INFO - DAG(s) 'example_external_task_marker_child', 'example_external_task_marker_parent' retrieved from /home/airflow/.local/lib/python3.12/site-packages/airflow/example_dags/example_external_task_marker_dag.py
[2024-06-30T04:00:50.483+0000] {logging_mixin.py:188} INFO - [2024-06-30T04:00:50.482+0000] {dag.py:3096} INFO - Sync 2 DAGs
[2024-06-30T04:00:50.518+0000] {logging_mixin.py:188} INFO - [2024-06-30T04:00:50.517+0000] {dag.py:3954} INFO - Setting next_dagrun for example_external_task_marker_child to None, run_after=None
[2024-06-30T04:00:50.531+0000] {logging_mixin.py:188} INFO - [2024-06-30T04:00:50.530+0000] {dag.py:3954} INFO - Setting next_dagrun for example_external_task_marker_parent to None, run_after=None
[2024-06-30T04:00:50.613+0000] {processor.py:183} INFO - Processing /home/airflow/.local/lib/python3.12/site-packages/airflow/example_dags/example_external_task_marker_dag.py took 0.208 seconds
[2024-06-30T04:01:21.050+0000] {processor.py:161} INFO - Started process (PID=1321) to work on /home/airflow/.local/lib/python3.12/site-packages/airflow/example_dags/example_external_task_marker_dag.py
[2024-06-30T04:01:21.053+0000] {processor.py:830} INFO - Processing file /home/airflow/.local/lib/python3.12/site-packages/airflow/example_dags/example_external_task_marker_dag.py for tasks to queue
[2024-06-30T04:01:21.058+0000] {logging_mixin.py:188} INFO - [2024-06-30T04:01:21.058+0000] {dagbag.py:545} INFO - Filling up the DagBag from /home/airflow/.local/lib/python3.12/site-packages/airflow/example_dags/example_external_task_marker_dag.py
[2024-06-30T04:01:21.072+0000] {processor.py:840} INFO - DAG(s) 'example_external_task_marker_child', 'example_external_task_marker_parent' retrieved from /home/airflow/.local/lib/python3.12/site-packages/airflow/example_dags/example_external_task_marker_dag.py
[2024-06-30T04:01:21.131+0000] {logging_mixin.py:188} INFO - [2024-06-30T04:01:21.130+0000] {dag.py:3096} INFO - Sync 2 DAGs
[2024-06-30T04:01:21.172+0000] {logging_mixin.py:188} INFO - [2024-06-30T04:01:21.172+0000] {dag.py:3954} INFO - Setting next_dagrun for example_external_task_marker_child to None, run_after=None
[2024-06-30T04:01:21.186+0000] {logging_mixin.py:188} INFO - [2024-06-30T04:01:21.186+0000] {dag.py:3954} INFO - Setting next_dagrun for example_external_task_marker_parent to None, run_after=None
[2024-06-30T04:01:21.289+0000] {processor.py:183} INFO - Processing /home/airflow/.local/lib/python3.12/site-packages/airflow/example_dags/example_external_task_marker_dag.py took 0.253 seconds
[2024-06-30T04:01:51.994+0000] {processor.py:161} INFO - Started process (PID=1379) to work on /home/airflow/.local/lib/python3.12/site-packages/airflow/example_dags/example_external_task_marker_dag.py
[2024-06-30T04:01:51.997+0000] {processor.py:830} INFO - Processing file /home/airflow/.local/lib/python3.12/site-packages/airflow/example_dags/example_external_task_marker_dag.py for tasks to queue
[2024-06-30T04:01:52.011+0000] {logging_mixin.py:188} INFO - [2024-06-30T04:01:52.009+0000] {dagbag.py:545} INFO - Filling up the DagBag from /home/airflow/.local/lib/python3.12/site-packages/airflow/example_dags/example_external_task_marker_dag.py
[2024-06-30T04:01:52.038+0000] {processor.py:840} INFO - DAG(s) 'example_external_task_marker_parent', 'example_external_task_marker_child' retrieved from /home/airflow/.local/lib/python3.12/site-packages/airflow/example_dags/example_external_task_marker_dag.py
[2024-06-30T04:01:52.178+0000] {logging_mixin.py:188} INFO - [2024-06-30T04:01:52.177+0000] {dag.py:3096} INFO - Sync 2 DAGs
[2024-06-30T04:01:52.263+0000] {logging_mixin.py:188} INFO - [2024-06-30T04:01:52.263+0000] {dag.py:3954} INFO - Setting next_dagrun for example_external_task_marker_child to None, run_after=None
[2024-06-30T04:01:52.279+0000] {logging_mixin.py:188} INFO - [2024-06-30T04:01:52.279+0000] {dag.py:3954} INFO - Setting next_dagrun for example_external_task_marker_parent to None, run_after=None
[2024-06-30T04:01:52.378+0000] {processor.py:183} INFO - Processing /home/airflow/.local/lib/python3.12/site-packages/airflow/example_dags/example_external_task_marker_dag.py took 0.406 seconds
[2024-06-30T04:02:22.781+0000] {processor.py:161} INFO - Started process (PID=1437) to work on /home/airflow/.local/lib/python3.12/site-packages/airflow/example_dags/example_external_task_marker_dag.py
[2024-06-30T04:02:22.790+0000] {processor.py:830} INFO - Processing file /home/airflow/.local/lib/python3.12/site-packages/airflow/example_dags/example_external_task_marker_dag.py for tasks to queue
[2024-06-30T04:02:22.793+0000] {logging_mixin.py:188} INFO - [2024-06-30T04:02:22.793+0000] {dagbag.py:545} INFO - Filling up the DagBag from /home/airflow/.local/lib/python3.12/site-packages/airflow/example_dags/example_external_task_marker_dag.py
[2024-06-30T04:02:22.810+0000] {processor.py:840} INFO - DAG(s) 'example_external_task_marker_parent', 'example_external_task_marker_child' retrieved from /home/airflow/.local/lib/python3.12/site-packages/airflow/example_dags/example_external_task_marker_dag.py
[2024-06-30T04:02:22.880+0000] {logging_mixin.py:188} INFO - [2024-06-30T04:02:22.879+0000] {dag.py:3096} INFO - Sync 2 DAGs
[2024-06-30T04:02:22.909+0000] {logging_mixin.py:188} INFO - [2024-06-30T04:02:22.909+0000] {dag.py:3954} INFO - Setting next_dagrun for example_external_task_marker_child to None, run_after=None
[2024-06-30T04:02:22.923+0000] {logging_mixin.py:188} INFO - [2024-06-30T04:02:22.922+0000] {dag.py:3954} INFO - Setting next_dagrun for example_external_task_marker_parent to None, run_after=None
[2024-06-30T04:02:22.989+0000] {processor.py:183} INFO - Processing /home/airflow/.local/lib/python3.12/site-packages/airflow/example_dags/example_external_task_marker_dag.py took 0.218 seconds
[2024-06-30T04:02:53.194+0000] {processor.py:161} INFO - Started process (PID=1495) to work on /home/airflow/.local/lib/python3.12/site-packages/airflow/example_dags/example_external_task_marker_dag.py
[2024-06-30T04:02:53.195+0000] {processor.py:830} INFO - Processing file /home/airflow/.local/lib/python3.12/site-packages/airflow/example_dags/example_external_task_marker_dag.py for tasks to queue
[2024-06-30T04:02:53.200+0000] {logging_mixin.py:188} INFO - [2024-06-30T04:02:53.199+0000] {dagbag.py:545} INFO - Filling up the DagBag from /home/airflow/.local/lib/python3.12/site-packages/airflow/example_dags/example_external_task_marker_dag.py
[2024-06-30T04:02:53.233+0000] {processor.py:840} INFO - DAG(s) 'example_external_task_marker_parent', 'example_external_task_marker_child' retrieved from /home/airflow/.local/lib/python3.12/site-packages/airflow/example_dags/example_external_task_marker_dag.py
[2024-06-30T04:02:53.330+0000] {logging_mixin.py:188} INFO - [2024-06-30T04:02:53.329+0000] {dag.py:3096} INFO - Sync 2 DAGs
[2024-06-30T04:02:53.380+0000] {logging_mixin.py:188} INFO - [2024-06-30T04:02:53.380+0000] {dag.py:3954} INFO - Setting next_dagrun for example_external_task_marker_child to None, run_after=None
[2024-06-30T04:02:53.395+0000] {logging_mixin.py:188} INFO - [2024-06-30T04:02:53.394+0000] {dag.py:3954} INFO - Setting next_dagrun for example_external_task_marker_parent to None, run_after=None
[2024-06-30T04:02:53.450+0000] {processor.py:183} INFO - Processing /home/airflow/.local/lib/python3.12/site-packages/airflow/example_dags/example_external_task_marker_dag.py took 0.271 seconds
[2024-06-30T04:03:24.965+0000] {processor.py:161} INFO - Started process (PID=1553) to work on /home/airflow/.local/lib/python3.12/site-packages/airflow/example_dags/example_external_task_marker_dag.py
[2024-06-30T04:03:24.967+0000] {processor.py:830} INFO - Processing file /home/airflow/.local/lib/python3.12/site-packages/airflow/example_dags/example_external_task_marker_dag.py for tasks to queue
[2024-06-30T04:03:24.982+0000] {logging_mixin.py:188} INFO - [2024-06-30T04:03:24.981+0000] {dagbag.py:545} INFO - Filling up the DagBag from /home/airflow/.local/lib/python3.12/site-packages/airflow/example_dags/example_external_task_marker_dag.py
[2024-06-30T04:03:25.003+0000] {processor.py:840} INFO - DAG(s) 'example_external_task_marker_child', 'example_external_task_marker_parent' retrieved from /home/airflow/.local/lib/python3.12/site-packages/airflow/example_dags/example_external_task_marker_dag.py
[2024-06-30T04:03:25.083+0000] {logging_mixin.py:188} INFO - [2024-06-30T04:03:25.082+0000] {dag.py:3096} INFO - Sync 2 DAGs
[2024-06-30T04:03:25.121+0000] {logging_mixin.py:188} INFO - [2024-06-30T04:03:25.120+0000] {dag.py:3954} INFO - Setting next_dagrun for example_external_task_marker_child to None, run_after=None
[2024-06-30T04:03:25.134+0000] {logging_mixin.py:188} INFO - [2024-06-30T04:03:25.134+0000] {dag.py:3954} INFO - Setting next_dagrun for example_external_task_marker_parent to None, run_after=None
[2024-06-30T04:03:25.186+0000] {processor.py:183} INFO - Processing /home/airflow/.local/lib/python3.12/site-packages/airflow/example_dags/example_external_task_marker_dag.py took 0.254 seconds
[2024-06-30T04:03:56.852+0000] {processor.py:161} INFO - Started process (PID=1611) to work on /home/airflow/.local/lib/python3.12/site-packages/airflow/example_dags/example_external_task_marker_dag.py
[2024-06-30T04:03:56.860+0000] {processor.py:830} INFO - Processing file /home/airflow/.local/lib/python3.12/site-packages/airflow/example_dags/example_external_task_marker_dag.py for tasks to queue
[2024-06-30T04:03:56.864+0000] {logging_mixin.py:188} INFO - [2024-06-30T04:03:56.864+0000] {dagbag.py:545} INFO - Filling up the DagBag from /home/airflow/.local/lib/python3.12/site-packages/airflow/example_dags/example_external_task_marker_dag.py
[2024-06-30T04:03:56.885+0000] {processor.py:840} INFO - DAG(s) 'example_external_task_marker_parent', 'example_external_task_marker_child' retrieved from /home/airflow/.local/lib/python3.12/site-packages/airflow/example_dags/example_external_task_marker_dag.py
[2024-06-30T04:03:56.974+0000] {logging_mixin.py:188} INFO - [2024-06-30T04:03:56.973+0000] {dag.py:3096} INFO - Sync 2 DAGs
[2024-06-30T04:03:57.054+0000] {logging_mixin.py:188} INFO - [2024-06-30T04:03:57.053+0000] {dag.py:3954} INFO - Setting next_dagrun for example_external_task_marker_child to None, run_after=None
[2024-06-30T04:03:57.083+0000] {logging_mixin.py:188} INFO - [2024-06-30T04:03:57.075+0000] {dag.py:3954} INFO - Setting next_dagrun for example_external_task_marker_parent to None, run_after=None
[2024-06-30T04:03:57.265+0000] {processor.py:183} INFO - Processing /home/airflow/.local/lib/python3.12/site-packages/airflow/example_dags/example_external_task_marker_dag.py took 0.444 seconds
[2024-06-30T04:04:30.450+0000] {processor.py:161} INFO - Started process (PID=1668) to work on /home/airflow/.local/lib/python3.12/site-packages/airflow/example_dags/example_external_task_marker_dag.py
[2024-06-30T04:04:30.454+0000] {processor.py:830} INFO - Processing file /home/airflow/.local/lib/python3.12/site-packages/airflow/example_dags/example_external_task_marker_dag.py for tasks to queue
[2024-06-30T04:04:30.463+0000] {logging_mixin.py:188} INFO - [2024-06-30T04:04:30.461+0000] {dagbag.py:545} INFO - Filling up the DagBag from /home/airflow/.local/lib/python3.12/site-packages/airflow/example_dags/example_external_task_marker_dag.py
[2024-06-30T04:04:30.489+0000] {processor.py:840} INFO - DAG(s) 'example_external_task_marker_parent', 'example_external_task_marker_child' retrieved from /home/airflow/.local/lib/python3.12/site-packages/airflow/example_dags/example_external_task_marker_dag.py
[2024-06-30T04:04:30.613+0000] {logging_mixin.py:188} INFO - [2024-06-30T04:04:30.612+0000] {dag.py:3096} INFO - Sync 2 DAGs
[2024-06-30T04:04:30.678+0000] {logging_mixin.py:188} INFO - [2024-06-30T04:04:30.677+0000] {dag.py:3954} INFO - Setting next_dagrun for example_external_task_marker_child to None, run_after=None
[2024-06-30T04:04:30.730+0000] {logging_mixin.py:188} INFO - [2024-06-30T04:04:30.717+0000] {dag.py:3954} INFO - Setting next_dagrun for example_external_task_marker_parent to None, run_after=None
[2024-06-30T04:04:30.931+0000] {processor.py:183} INFO - Processing /home/airflow/.local/lib/python3.12/site-packages/airflow/example_dags/example_external_task_marker_dag.py took 0.511 seconds
[2024-06-30T04:05:04.192+0000] {processor.py:161} INFO - Started process (PID=1730) to work on /home/airflow/.local/lib/python3.12/site-packages/airflow/example_dags/example_external_task_marker_dag.py
[2024-06-30T04:05:04.194+0000] {processor.py:830} INFO - Processing file /home/airflow/.local/lib/python3.12/site-packages/airflow/example_dags/example_external_task_marker_dag.py for tasks to queue
[2024-06-30T04:05:04.200+0000] {logging_mixin.py:188} INFO - [2024-06-30T04:05:04.199+0000] {dagbag.py:545} INFO - Filling up the DagBag from /home/airflow/.local/lib/python3.12/site-packages/airflow/example_dags/example_external_task_marker_dag.py
[2024-06-30T04:05:04.224+0000] {processor.py:840} INFO - DAG(s) 'example_external_task_marker_parent', 'example_external_task_marker_child' retrieved from /home/airflow/.local/lib/python3.12/site-packages/airflow/example_dags/example_external_task_marker_dag.py
[2024-06-30T04:05:04.310+0000] {logging_mixin.py:188} INFO - [2024-06-30T04:05:04.309+0000] {dag.py:3096} INFO - Sync 2 DAGs
[2024-06-30T04:05:04.364+0000] {logging_mixin.py:188} INFO - [2024-06-30T04:05:04.363+0000] {dag.py:3954} INFO - Setting next_dagrun for example_external_task_marker_child to None, run_after=None
[2024-06-30T04:05:04.396+0000] {logging_mixin.py:188} INFO - [2024-06-30T04:05:04.387+0000] {dag.py:3954} INFO - Setting next_dagrun for example_external_task_marker_parent to None, run_after=None
[2024-06-30T04:05:04.638+0000] {processor.py:183} INFO - Processing /home/airflow/.local/lib/python3.12/site-packages/airflow/example_dags/example_external_task_marker_dag.py took 0.459 seconds
[2024-06-30T04:05:36.894+0000] {processor.py:161} INFO - Started process (PID=1793) to work on /home/airflow/.local/lib/python3.12/site-packages/airflow/example_dags/example_external_task_marker_dag.py
[2024-06-30T04:05:36.896+0000] {processor.py:830} INFO - Processing file /home/airflow/.local/lib/python3.12/site-packages/airflow/example_dags/example_external_task_marker_dag.py for tasks to queue
[2024-06-30T04:05:36.903+0000] {logging_mixin.py:188} INFO - [2024-06-30T04:05:36.902+0000] {dagbag.py:545} INFO - Filling up the DagBag from /home/airflow/.local/lib/python3.12/site-packages/airflow/example_dags/example_external_task_marker_dag.py
[2024-06-30T04:05:36.915+0000] {processor.py:840} INFO - DAG(s) 'example_external_task_marker_child', 'example_external_task_marker_parent' retrieved from /home/airflow/.local/lib/python3.12/site-packages/airflow/example_dags/example_external_task_marker_dag.py
[2024-06-30T04:05:37.002+0000] {logging_mixin.py:188} INFO - [2024-06-30T04:05:37.002+0000] {dag.py:3096} INFO - Sync 2 DAGs
[2024-06-30T04:05:37.624+0000] {logging_mixin.py:188} INFO - [2024-06-30T04:05:37.624+0000] {dag.py:3954} INFO - Setting next_dagrun for example_external_task_marker_child to None, run_after=None
[2024-06-30T04:05:37.637+0000] {logging_mixin.py:188} INFO - [2024-06-30T04:05:37.636+0000] {dag.py:3954} INFO - Setting next_dagrun for example_external_task_marker_parent to None, run_after=None
[2024-06-30T04:05:37.695+0000] {processor.py:183} INFO - Processing /home/airflow/.local/lib/python3.12/site-packages/airflow/example_dags/example_external_task_marker_dag.py took 0.818 seconds
[2024-06-30T04:06:08.183+0000] {processor.py:161} INFO - Started process (PID=1851) to work on /home/airflow/.local/lib/python3.12/site-packages/airflow/example_dags/example_external_task_marker_dag.py
[2024-06-30T04:06:08.194+0000] {processor.py:830} INFO - Processing file /home/airflow/.local/lib/python3.12/site-packages/airflow/example_dags/example_external_task_marker_dag.py for tasks to queue
[2024-06-30T04:06:08.199+0000] {logging_mixin.py:188} INFO - [2024-06-30T04:06:08.198+0000] {dagbag.py:545} INFO - Filling up the DagBag from /home/airflow/.local/lib/python3.12/site-packages/airflow/example_dags/example_external_task_marker_dag.py
[2024-06-30T04:06:08.214+0000] {processor.py:840} INFO - DAG(s) 'example_external_task_marker_parent', 'example_external_task_marker_child' retrieved from /home/airflow/.local/lib/python3.12/site-packages/airflow/example_dags/example_external_task_marker_dag.py
[2024-06-30T04:06:08.297+0000] {logging_mixin.py:188} INFO - [2024-06-30T04:06:08.297+0000] {dag.py:3096} INFO - Sync 2 DAGs
[2024-06-30T04:06:08.337+0000] {logging_mixin.py:188} INFO - [2024-06-30T04:06:08.337+0000] {dag.py:3954} INFO - Setting next_dagrun for example_external_task_marker_child to None, run_after=None
[2024-06-30T04:06:08.351+0000] {logging_mixin.py:188} INFO - [2024-06-30T04:06:08.351+0000] {dag.py:3954} INFO - Setting next_dagrun for example_external_task_marker_parent to None, run_after=None
[2024-06-30T04:06:08.473+0000] {processor.py:183} INFO - Processing /home/airflow/.local/lib/python3.12/site-packages/airflow/example_dags/example_external_task_marker_dag.py took 0.305 seconds
[2024-06-30T04:06:39.255+0000] {processor.py:161} INFO - Started process (PID=1910) to work on /home/airflow/.local/lib/python3.12/site-packages/airflow/example_dags/example_external_task_marker_dag.py
[2024-06-30T04:06:39.264+0000] {processor.py:830} INFO - Processing file /home/airflow/.local/lib/python3.12/site-packages/airflow/example_dags/example_external_task_marker_dag.py for tasks to queue
[2024-06-30T04:06:39.268+0000] {logging_mixin.py:188} INFO - [2024-06-30T04:06:39.268+0000] {dagbag.py:545} INFO - Filling up the DagBag from /home/airflow/.local/lib/python3.12/site-packages/airflow/example_dags/example_external_task_marker_dag.py
[2024-06-30T04:06:39.283+0000] {processor.py:840} INFO - DAG(s) 'example_external_task_marker_child', 'example_external_task_marker_parent' retrieved from /home/airflow/.local/lib/python3.12/site-packages/airflow/example_dags/example_external_task_marker_dag.py
[2024-06-30T04:06:39.381+0000] {logging_mixin.py:188} INFO - [2024-06-30T04:06:39.380+0000] {dag.py:3096} INFO - Sync 2 DAGs
[2024-06-30T04:06:39.427+0000] {logging_mixin.py:188} INFO - [2024-06-30T04:06:39.427+0000] {dag.py:3954} INFO - Setting next_dagrun for example_external_task_marker_child to None, run_after=None
[2024-06-30T04:06:39.436+0000] {logging_mixin.py:188} INFO - [2024-06-30T04:06:39.436+0000] {dag.py:3954} INFO - Setting next_dagrun for example_external_task_marker_parent to None, run_after=None
[2024-06-30T04:06:39.553+0000] {processor.py:183} INFO - Processing /home/airflow/.local/lib/python3.12/site-packages/airflow/example_dags/example_external_task_marker_dag.py took 0.318 seconds
[2024-06-30T04:07:10.333+0000] {processor.py:161} INFO - Started process (PID=1968) to work on /home/airflow/.local/lib/python3.12/site-packages/airflow/example_dags/example_external_task_marker_dag.py
[2024-06-30T04:07:10.337+0000] {processor.py:830} INFO - Processing file /home/airflow/.local/lib/python3.12/site-packages/airflow/example_dags/example_external_task_marker_dag.py for tasks to queue
[2024-06-30T04:07:10.341+0000] {logging_mixin.py:188} INFO - [2024-06-30T04:07:10.340+0000] {dagbag.py:545} INFO - Filling up the DagBag from /home/airflow/.local/lib/python3.12/site-packages/airflow/example_dags/example_external_task_marker_dag.py
[2024-06-30T04:07:10.369+0000] {processor.py:840} INFO - DAG(s) 'example_external_task_marker_child', 'example_external_task_marker_parent' retrieved from /home/airflow/.local/lib/python3.12/site-packages/airflow/example_dags/example_external_task_marker_dag.py
[2024-06-30T04:07:10.474+0000] {logging_mixin.py:188} INFO - [2024-06-30T04:07:10.474+0000] {dag.py:3096} INFO - Sync 2 DAGs
[2024-06-30T04:07:10.543+0000] {logging_mixin.py:188} INFO - [2024-06-30T04:07:10.543+0000] {dag.py:3954} INFO - Setting next_dagrun for example_external_task_marker_child to None, run_after=None
[2024-06-30T04:07:10.584+0000] {logging_mixin.py:188} INFO - [2024-06-30T04:07:10.583+0000] {dag.py:3954} INFO - Setting next_dagrun for example_external_task_marker_parent to None, run_after=None
[2024-06-30T04:07:10.664+0000] {processor.py:183} INFO - Processing /home/airflow/.local/lib/python3.12/site-packages/airflow/example_dags/example_external_task_marker_dag.py took 0.351 seconds
[2024-06-30T04:07:41.413+0000] {processor.py:161} INFO - Started process (PID=2026) to work on /home/airflow/.local/lib/python3.12/site-packages/airflow/example_dags/example_external_task_marker_dag.py
[2024-06-30T04:07:41.422+0000] {processor.py:830} INFO - Processing file /home/airflow/.local/lib/python3.12/site-packages/airflow/example_dags/example_external_task_marker_dag.py for tasks to queue
[2024-06-30T04:07:41.425+0000] {logging_mixin.py:188} INFO - [2024-06-30T04:07:41.424+0000] {dagbag.py:545} INFO - Filling up the DagBag from /home/airflow/.local/lib/python3.12/site-packages/airflow/example_dags/example_external_task_marker_dag.py
[2024-06-30T04:07:41.440+0000] {processor.py:840} INFO - DAG(s) 'example_external_task_marker_child', 'example_external_task_marker_parent' retrieved from /home/airflow/.local/lib/python3.12/site-packages/airflow/example_dags/example_external_task_marker_dag.py
[2024-06-30T04:07:41.508+0000] {logging_mixin.py:188} INFO - [2024-06-30T04:07:41.507+0000] {dag.py:3096} INFO - Sync 2 DAGs
[2024-06-30T04:07:41.565+0000] {logging_mixin.py:188} INFO - [2024-06-30T04:07:41.564+0000] {dag.py:3954} INFO - Setting next_dagrun for example_external_task_marker_child to None, run_after=None
[2024-06-30T04:07:41.602+0000] {logging_mixin.py:188} INFO - [2024-06-30T04:07:41.602+0000] {dag.py:3954} INFO - Setting next_dagrun for example_external_task_marker_parent to None, run_after=None
[2024-06-30T04:07:41.673+0000] {processor.py:183} INFO - Processing /home/airflow/.local/lib/python3.12/site-packages/airflow/example_dags/example_external_task_marker_dag.py took 0.280 seconds
[2024-06-30T04:08:11.761+0000] {processor.py:161} INFO - Started process (PID=2083) to work on /home/airflow/.local/lib/python3.12/site-packages/airflow/example_dags/example_external_task_marker_dag.py
[2024-06-30T04:08:11.762+0000] {processor.py:830} INFO - Processing file /home/airflow/.local/lib/python3.12/site-packages/airflow/example_dags/example_external_task_marker_dag.py for tasks to queue
[2024-06-30T04:08:11.766+0000] {logging_mixin.py:188} INFO - [2024-06-30T04:08:11.765+0000] {dagbag.py:545} INFO - Filling up the DagBag from /home/airflow/.local/lib/python3.12/site-packages/airflow/example_dags/example_external_task_marker_dag.py
[2024-06-30T04:08:11.777+0000] {processor.py:840} INFO - DAG(s) 'example_external_task_marker_parent', 'example_external_task_marker_child' retrieved from /home/airflow/.local/lib/python3.12/site-packages/airflow/example_dags/example_external_task_marker_dag.py
[2024-06-30T04:08:11.832+0000] {logging_mixin.py:188} INFO - [2024-06-30T04:08:11.831+0000] {dag.py:3096} INFO - Sync 2 DAGs
[2024-06-30T04:08:11.856+0000] {logging_mixin.py:188} INFO - [2024-06-30T04:08:11.856+0000] {dag.py:3954} INFO - Setting next_dagrun for example_external_task_marker_child to None, run_after=None
[2024-06-30T04:08:11.865+0000] {logging_mixin.py:188} INFO - [2024-06-30T04:08:11.865+0000] {dag.py:3954} INFO - Setting next_dagrun for example_external_task_marker_parent to None, run_after=None
[2024-06-30T04:08:11.935+0000] {processor.py:183} INFO - Processing /home/airflow/.local/lib/python3.12/site-packages/airflow/example_dags/example_external_task_marker_dag.py took 0.186 seconds
[2024-06-30T04:08:47.172+0000] {processor.py:161} INFO - Started process (PID=2142) to work on /home/airflow/.local/lib/python3.12/site-packages/airflow/example_dags/example_external_task_marker_dag.py
[2024-06-30T04:08:47.184+0000] {processor.py:830} INFO - Processing file /home/airflow/.local/lib/python3.12/site-packages/airflow/example_dags/example_external_task_marker_dag.py for tasks to queue
[2024-06-30T04:08:47.191+0000] {logging_mixin.py:188} INFO - [2024-06-30T04:08:47.190+0000] {dagbag.py:545} INFO - Filling up the DagBag from /home/airflow/.local/lib/python3.12/site-packages/airflow/example_dags/example_external_task_marker_dag.py
[2024-06-30T04:08:47.234+0000] {processor.py:840} INFO - DAG(s) 'example_external_task_marker_parent', 'example_external_task_marker_child' retrieved from /home/airflow/.local/lib/python3.12/site-packages/airflow/example_dags/example_external_task_marker_dag.py
[2024-06-30T04:08:47.428+0000] {logging_mixin.py:188} INFO - [2024-06-30T04:08:47.427+0000] {dag.py:3096} INFO - Sync 2 DAGs
[2024-06-30T04:08:47.551+0000] {logging_mixin.py:188} INFO - [2024-06-30T04:08:47.550+0000] {dag.py:3954} INFO - Setting next_dagrun for example_external_task_marker_child to None, run_after=None
[2024-06-30T04:08:47.611+0000] {logging_mixin.py:188} INFO - [2024-06-30T04:08:47.610+0000] {dag.py:3954} INFO - Setting next_dagrun for example_external_task_marker_parent to None, run_after=None
[2024-06-30T04:08:47.839+0000] {processor.py:183} INFO - Processing /home/airflow/.local/lib/python3.12/site-packages/airflow/example_dags/example_external_task_marker_dag.py took 0.691 seconds
[2024-06-30T04:09:18.643+0000] {processor.py:161} INFO - Started process (PID=2200) to work on /home/airflow/.local/lib/python3.12/site-packages/airflow/example_dags/example_external_task_marker_dag.py
[2024-06-30T04:09:18.647+0000] {processor.py:830} INFO - Processing file /home/airflow/.local/lib/python3.12/site-packages/airflow/example_dags/example_external_task_marker_dag.py for tasks to queue
[2024-06-30T04:09:18.665+0000] {logging_mixin.py:188} INFO - [2024-06-30T04:09:18.664+0000] {dagbag.py:545} INFO - Filling up the DagBag from /home/airflow/.local/lib/python3.12/site-packages/airflow/example_dags/example_external_task_marker_dag.py
[2024-06-30T04:09:18.707+0000] {processor.py:840} INFO - DAG(s) 'example_external_task_marker_parent', 'example_external_task_marker_child' retrieved from /home/airflow/.local/lib/python3.12/site-packages/airflow/example_dags/example_external_task_marker_dag.py
[2024-06-30T04:09:18.857+0000] {logging_mixin.py:188} INFO - [2024-06-30T04:09:18.856+0000] {dag.py:3096} INFO - Sync 2 DAGs
[2024-06-30T04:09:18.940+0000] {logging_mixin.py:188} INFO - [2024-06-30T04:09:18.939+0000] {dag.py:3954} INFO - Setting next_dagrun for example_external_task_marker_child to None, run_after=None
[2024-06-30T04:09:18.970+0000] {logging_mixin.py:188} INFO - [2024-06-30T04:09:18.970+0000] {dag.py:3954} INFO - Setting next_dagrun for example_external_task_marker_parent to None, run_after=None
[2024-06-30T04:09:19.101+0000] {processor.py:183} INFO - Processing /home/airflow/.local/lib/python3.12/site-packages/airflow/example_dags/example_external_task_marker_dag.py took 0.482 seconds
[2024-06-30T04:09:49.264+0000] {processor.py:161} INFO - Started process (PID=2259) to work on /home/airflow/.local/lib/python3.12/site-packages/airflow/example_dags/example_external_task_marker_dag.py
[2024-06-30T04:09:49.266+0000] {processor.py:830} INFO - Processing file /home/airflow/.local/lib/python3.12/site-packages/airflow/example_dags/example_external_task_marker_dag.py for tasks to queue
[2024-06-30T04:09:49.270+0000] {logging_mixin.py:188} INFO - [2024-06-30T04:09:49.269+0000] {dagbag.py:545} INFO - Filling up the DagBag from /home/airflow/.local/lib/python3.12/site-packages/airflow/example_dags/example_external_task_marker_dag.py
[2024-06-30T04:09:49.283+0000] {processor.py:840} INFO - DAG(s) 'example_external_task_marker_parent', 'example_external_task_marker_child' retrieved from /home/airflow/.local/lib/python3.12/site-packages/airflow/example_dags/example_external_task_marker_dag.py
[2024-06-30T04:09:49.349+0000] {logging_mixin.py:188} INFO - [2024-06-30T04:09:49.348+0000] {dag.py:3096} INFO - Sync 2 DAGs
[2024-06-30T04:09:49.387+0000] {logging_mixin.py:188} INFO - [2024-06-30T04:09:49.387+0000] {dag.py:3954} INFO - Setting next_dagrun for example_external_task_marker_child to None, run_after=None
[2024-06-30T04:09:49.406+0000] {logging_mixin.py:188} INFO - [2024-06-30T04:09:49.406+0000] {dag.py:3954} INFO - Setting next_dagrun for example_external_task_marker_parent to None, run_after=None
[2024-06-30T04:09:49.461+0000] {processor.py:183} INFO - Processing /home/airflow/.local/lib/python3.12/site-packages/airflow/example_dags/example_external_task_marker_dag.py took 0.213 seconds
[2024-06-30T04:10:19.900+0000] {processor.py:161} INFO - Started process (PID=2317) to work on /home/airflow/.local/lib/python3.12/site-packages/airflow/example_dags/example_external_task_marker_dag.py
[2024-06-30T04:10:19.902+0000] {processor.py:830} INFO - Processing file /home/airflow/.local/lib/python3.12/site-packages/airflow/example_dags/example_external_task_marker_dag.py for tasks to queue
[2024-06-30T04:10:19.905+0000] {logging_mixin.py:188} INFO - [2024-06-30T04:10:19.904+0000] {dagbag.py:545} INFO - Filling up the DagBag from /home/airflow/.local/lib/python3.12/site-packages/airflow/example_dags/example_external_task_marker_dag.py
[2024-06-30T04:10:19.915+0000] {processor.py:840} INFO - DAG(s) 'example_external_task_marker_child', 'example_external_task_marker_parent' retrieved from /home/airflow/.local/lib/python3.12/site-packages/airflow/example_dags/example_external_task_marker_dag.py
[2024-06-30T04:10:19.966+0000] {logging_mixin.py:188} INFO - [2024-06-30T04:10:19.965+0000] {dag.py:3096} INFO - Sync 2 DAGs
[2024-06-30T04:10:19.993+0000] {logging_mixin.py:188} INFO - [2024-06-30T04:10:19.992+0000] {dag.py:3954} INFO - Setting next_dagrun for example_external_task_marker_child to None, run_after=None
[2024-06-30T04:10:19.999+0000] {logging_mixin.py:188} INFO - [2024-06-30T04:10:19.998+0000] {dag.py:3954} INFO - Setting next_dagrun for example_external_task_marker_parent to None, run_after=None
[2024-06-30T04:10:20.035+0000] {processor.py:183} INFO - Processing /home/airflow/.local/lib/python3.12/site-packages/airflow/example_dags/example_external_task_marker_dag.py took 0.145 seconds
[2024-06-30T04:10:50.411+0000] {processor.py:161} INFO - Started process (PID=2375) to work on /home/airflow/.local/lib/python3.12/site-packages/airflow/example_dags/example_external_task_marker_dag.py
[2024-06-30T04:10:50.412+0000] {processor.py:830} INFO - Processing file /home/airflow/.local/lib/python3.12/site-packages/airflow/example_dags/example_external_task_marker_dag.py for tasks to queue
[2024-06-30T04:10:50.416+0000] {logging_mixin.py:188} INFO - [2024-06-30T04:10:50.414+0000] {dagbag.py:545} INFO - Filling up the DagBag from /home/airflow/.local/lib/python3.12/site-packages/airflow/example_dags/example_external_task_marker_dag.py
[2024-06-30T04:10:50.424+0000] {processor.py:840} INFO - DAG(s) 'example_external_task_marker_child', 'example_external_task_marker_parent' retrieved from /home/airflow/.local/lib/python3.12/site-packages/airflow/example_dags/example_external_task_marker_dag.py
[2024-06-30T04:10:50.457+0000] {logging_mixin.py:188} INFO - [2024-06-30T04:10:50.457+0000] {dag.py:3096} INFO - Sync 2 DAGs
[2024-06-30T04:10:50.475+0000] {logging_mixin.py:188} INFO - [2024-06-30T04:10:50.475+0000] {dag.py:3954} INFO - Setting next_dagrun for example_external_task_marker_child to None, run_after=None
[2024-06-30T04:10:50.481+0000] {logging_mixin.py:188} INFO - [2024-06-30T04:10:50.481+0000] {dag.py:3954} INFO - Setting next_dagrun for example_external_task_marker_parent to None, run_after=None
[2024-06-30T04:10:50.514+0000] {processor.py:183} INFO - Processing /home/airflow/.local/lib/python3.12/site-packages/airflow/example_dags/example_external_task_marker_dag.py took 0.112 seconds
[2024-06-30T04:11:20.780+0000] {processor.py:161} INFO - Started process (PID=2432) to work on /home/airflow/.local/lib/python3.12/site-packages/airflow/example_dags/example_external_task_marker_dag.py
[2024-06-30T04:11:20.781+0000] {processor.py:830} INFO - Processing file /home/airflow/.local/lib/python3.12/site-packages/airflow/example_dags/example_external_task_marker_dag.py for tasks to queue
[2024-06-30T04:11:20.785+0000] {logging_mixin.py:188} INFO - [2024-06-30T04:11:20.784+0000] {dagbag.py:545} INFO - Filling up the DagBag from /home/airflow/.local/lib/python3.12/site-packages/airflow/example_dags/example_external_task_marker_dag.py
[2024-06-30T04:11:20.795+0000] {processor.py:840} INFO - DAG(s) 'example_external_task_marker_parent', 'example_external_task_marker_child' retrieved from /home/airflow/.local/lib/python3.12/site-packages/airflow/example_dags/example_external_task_marker_dag.py
[2024-06-30T04:11:20.841+0000] {logging_mixin.py:188} INFO - [2024-06-30T04:11:20.840+0000] {dag.py:3096} INFO - Sync 2 DAGs
[2024-06-30T04:11:20.867+0000] {logging_mixin.py:188} INFO - [2024-06-30T04:11:20.866+0000] {dag.py:3954} INFO - Setting next_dagrun for example_external_task_marker_child to None, run_after=None
[2024-06-30T04:11:20.875+0000] {logging_mixin.py:188} INFO - [2024-06-30T04:11:20.875+0000] {dag.py:3954} INFO - Setting next_dagrun for example_external_task_marker_parent to None, run_after=None
[2024-06-30T04:11:20.914+0000] {processor.py:183} INFO - Processing /home/airflow/.local/lib/python3.12/site-packages/airflow/example_dags/example_external_task_marker_dag.py took 0.144 seconds
[2024-06-30T04:11:51.076+0000] {processor.py:161} INFO - Started process (PID=2487) to work on /home/airflow/.local/lib/python3.12/site-packages/airflow/example_dags/example_external_task_marker_dag.py
[2024-06-30T04:11:51.077+0000] {processor.py:830} INFO - Processing file /home/airflow/.local/lib/python3.12/site-packages/airflow/example_dags/example_external_task_marker_dag.py for tasks to queue
[2024-06-30T04:11:51.079+0000] {logging_mixin.py:188} INFO - [2024-06-30T04:11:51.079+0000] {dagbag.py:545} INFO - Filling up the DagBag from /home/airflow/.local/lib/python3.12/site-packages/airflow/example_dags/example_external_task_marker_dag.py
[2024-06-30T04:11:51.088+0000] {processor.py:840} INFO - DAG(s) 'example_external_task_marker_parent', 'example_external_task_marker_child' retrieved from /home/airflow/.local/lib/python3.12/site-packages/airflow/example_dags/example_external_task_marker_dag.py
[2024-06-30T04:11:51.145+0000] {logging_mixin.py:188} INFO - [2024-06-30T04:11:51.144+0000] {dag.py:3096} INFO - Sync 2 DAGs
[2024-06-30T04:11:51.180+0000] {logging_mixin.py:188} INFO - [2024-06-30T04:11:51.180+0000] {dag.py:3954} INFO - Setting next_dagrun for example_external_task_marker_child to None, run_after=None
[2024-06-30T04:11:51.194+0000] {logging_mixin.py:188} INFO - [2024-06-30T04:11:51.193+0000] {dag.py:3954} INFO - Setting next_dagrun for example_external_task_marker_parent to None, run_after=None
[2024-06-30T04:11:51.248+0000] {processor.py:183} INFO - Processing /home/airflow/.local/lib/python3.12/site-packages/airflow/example_dags/example_external_task_marker_dag.py took 0.180 seconds
[2024-06-30T04:12:21.447+0000] {processor.py:161} INFO - Started process (PID=2545) to work on /home/airflow/.local/lib/python3.12/site-packages/airflow/example_dags/example_external_task_marker_dag.py
[2024-06-30T04:12:21.451+0000] {processor.py:830} INFO - Processing file /home/airflow/.local/lib/python3.12/site-packages/airflow/example_dags/example_external_task_marker_dag.py for tasks to queue
[2024-06-30T04:12:21.454+0000] {logging_mixin.py:188} INFO - [2024-06-30T04:12:21.454+0000] {dagbag.py:545} INFO - Filling up the DagBag from /home/airflow/.local/lib/python3.12/site-packages/airflow/example_dags/example_external_task_marker_dag.py
[2024-06-30T04:12:21.465+0000] {processor.py:840} INFO - DAG(s) 'example_external_task_marker_parent', 'example_external_task_marker_child' retrieved from /home/airflow/.local/lib/python3.12/site-packages/airflow/example_dags/example_external_task_marker_dag.py
[2024-06-30T04:12:21.504+0000] {logging_mixin.py:188} INFO - [2024-06-30T04:12:21.503+0000] {dag.py:3096} INFO - Sync 2 DAGs
[2024-06-30T04:12:21.523+0000] {logging_mixin.py:188} INFO - [2024-06-30T04:12:21.523+0000] {dag.py:3954} INFO - Setting next_dagrun for example_external_task_marker_child to None, run_after=None
[2024-06-30T04:12:21.530+0000] {logging_mixin.py:188} INFO - [2024-06-30T04:12:21.530+0000] {dag.py:3954} INFO - Setting next_dagrun for example_external_task_marker_parent to None, run_after=None
[2024-06-30T04:12:21.559+0000] {processor.py:183} INFO - Processing /home/airflow/.local/lib/python3.12/site-packages/airflow/example_dags/example_external_task_marker_dag.py took 0.131 seconds
[2024-06-30T04:12:51.654+0000] {processor.py:161} INFO - Started process (PID=2603) to work on /home/airflow/.local/lib/python3.12/site-packages/airflow/example_dags/example_external_task_marker_dag.py
[2024-06-30T04:12:51.656+0000] {processor.py:830} INFO - Processing file /home/airflow/.local/lib/python3.12/site-packages/airflow/example_dags/example_external_task_marker_dag.py for tasks to queue
[2024-06-30T04:12:51.658+0000] {logging_mixin.py:188} INFO - [2024-06-30T04:12:51.658+0000] {dagbag.py:545} INFO - Filling up the DagBag from /home/airflow/.local/lib/python3.12/site-packages/airflow/example_dags/example_external_task_marker_dag.py
[2024-06-30T04:12:51.669+0000] {processor.py:840} INFO - DAG(s) 'example_external_task_marker_child', 'example_external_task_marker_parent' retrieved from /home/airflow/.local/lib/python3.12/site-packages/airflow/example_dags/example_external_task_marker_dag.py
[2024-06-30T04:12:51.718+0000] {logging_mixin.py:188} INFO - [2024-06-30T04:12:51.717+0000] {dag.py:3096} INFO - Sync 2 DAGs
[2024-06-30T04:12:51.747+0000] {logging_mixin.py:188} INFO - [2024-06-30T04:12:51.747+0000] {dag.py:3954} INFO - Setting next_dagrun for example_external_task_marker_child to None, run_after=None
[2024-06-30T04:12:51.755+0000] {logging_mixin.py:188} INFO - [2024-06-30T04:12:51.755+0000] {dag.py:3954} INFO - Setting next_dagrun for example_external_task_marker_parent to None, run_after=None
[2024-06-30T04:12:51.791+0000] {processor.py:183} INFO - Processing /home/airflow/.local/lib/python3.12/site-packages/airflow/example_dags/example_external_task_marker_dag.py took 0.146 seconds
[2024-06-30T04:13:21.944+0000] {processor.py:161} INFO - Started process (PID=2661) to work on /home/airflow/.local/lib/python3.12/site-packages/airflow/example_dags/example_external_task_marker_dag.py
[2024-06-30T04:13:21.947+0000] {processor.py:830} INFO - Processing file /home/airflow/.local/lib/python3.12/site-packages/airflow/example_dags/example_external_task_marker_dag.py for tasks to queue
[2024-06-30T04:13:21.954+0000] {logging_mixin.py:188} INFO - [2024-06-30T04:13:21.953+0000] {dagbag.py:545} INFO - Filling up the DagBag from /home/airflow/.local/lib/python3.12/site-packages/airflow/example_dags/example_external_task_marker_dag.py
[2024-06-30T04:13:21.973+0000] {processor.py:840} INFO - DAG(s) 'example_external_task_marker_parent', 'example_external_task_marker_child' retrieved from /home/airflow/.local/lib/python3.12/site-packages/airflow/example_dags/example_external_task_marker_dag.py
[2024-06-30T04:13:22.025+0000] {logging_mixin.py:188} INFO - [2024-06-30T04:13:22.024+0000] {dag.py:3096} INFO - Sync 2 DAGs
[2024-06-30T04:13:22.067+0000] {logging_mixin.py:188} INFO - [2024-06-30T04:13:22.066+0000] {dag.py:3954} INFO - Setting next_dagrun for example_external_task_marker_child to None, run_after=None
[2024-06-30T04:13:22.079+0000] {logging_mixin.py:188} INFO - [2024-06-30T04:13:22.079+0000] {dag.py:3954} INFO - Setting next_dagrun for example_external_task_marker_parent to None, run_after=None
[2024-06-30T04:13:22.120+0000] {processor.py:183} INFO - Processing /home/airflow/.local/lib/python3.12/site-packages/airflow/example_dags/example_external_task_marker_dag.py took 0.192 seconds
[2024-06-30T04:13:52.626+0000] {processor.py:161} INFO - Started process (PID=2721) to work on /home/airflow/.local/lib/python3.12/site-packages/airflow/example_dags/example_external_task_marker_dag.py
[2024-06-30T04:13:52.628+0000] {processor.py:830} INFO - Processing file /home/airflow/.local/lib/python3.12/site-packages/airflow/example_dags/example_external_task_marker_dag.py for tasks to queue
[2024-06-30T04:13:52.631+0000] {logging_mixin.py:188} INFO - [2024-06-30T04:13:52.631+0000] {dagbag.py:545} INFO - Filling up the DagBag from /home/airflow/.local/lib/python3.12/site-packages/airflow/example_dags/example_external_task_marker_dag.py
[2024-06-30T04:13:52.644+0000] {processor.py:840} INFO - DAG(s) 'example_external_task_marker_parent', 'example_external_task_marker_child' retrieved from /home/airflow/.local/lib/python3.12/site-packages/airflow/example_dags/example_external_task_marker_dag.py
[2024-06-30T04:13:52.684+0000] {logging_mixin.py:188} INFO - [2024-06-30T04:13:52.684+0000] {dag.py:3096} INFO - Sync 2 DAGs
[2024-06-30T04:13:52.706+0000] {logging_mixin.py:188} INFO - [2024-06-30T04:13:52.706+0000] {dag.py:3954} INFO - Setting next_dagrun for example_external_task_marker_child to None, run_after=None
[2024-06-30T04:13:52.715+0000] {logging_mixin.py:188} INFO - [2024-06-30T04:13:52.715+0000] {dag.py:3954} INFO - Setting next_dagrun for example_external_task_marker_parent to None, run_after=None
[2024-06-30T04:13:52.746+0000] {processor.py:183} INFO - Processing /home/airflow/.local/lib/python3.12/site-packages/airflow/example_dags/example_external_task_marker_dag.py took 0.129 seconds
[2024-06-30T04:14:22.800+0000] {processor.py:161} INFO - Started process (PID=2778) to work on /home/airflow/.local/lib/python3.12/site-packages/airflow/example_dags/example_external_task_marker_dag.py
[2024-06-30T04:14:22.801+0000] {processor.py:830} INFO - Processing file /home/airflow/.local/lib/python3.12/site-packages/airflow/example_dags/example_external_task_marker_dag.py for tasks to queue
[2024-06-30T04:14:22.804+0000] {logging_mixin.py:188} INFO - [2024-06-30T04:14:22.803+0000] {dagbag.py:545} INFO - Filling up the DagBag from /home/airflow/.local/lib/python3.12/site-packages/airflow/example_dags/example_external_task_marker_dag.py
[2024-06-30T04:14:22.811+0000] {processor.py:840} INFO - DAG(s) 'example_external_task_marker_child', 'example_external_task_marker_parent' retrieved from /home/airflow/.local/lib/python3.12/site-packages/airflow/example_dags/example_external_task_marker_dag.py
[2024-06-30T04:14:22.843+0000] {logging_mixin.py:188} INFO - [2024-06-30T04:14:22.843+0000] {dag.py:3096} INFO - Sync 2 DAGs
[2024-06-30T04:14:22.860+0000] {logging_mixin.py:188} INFO - [2024-06-30T04:14:22.860+0000] {dag.py:3954} INFO - Setting next_dagrun for example_external_task_marker_child to None, run_after=None
[2024-06-30T04:14:22.866+0000] {logging_mixin.py:188} INFO - [2024-06-30T04:14:22.865+0000] {dag.py:3954} INFO - Setting next_dagrun for example_external_task_marker_parent to None, run_after=None
[2024-06-30T04:14:22.891+0000] {processor.py:183} INFO - Processing /home/airflow/.local/lib/python3.12/site-packages/airflow/example_dags/example_external_task_marker_dag.py took 0.098 seconds
[2024-06-30T04:14:53.433+0000] {processor.py:161} INFO - Started process (PID=2837) to work on /home/airflow/.local/lib/python3.12/site-packages/airflow/example_dags/example_external_task_marker_dag.py
[2024-06-30T04:14:53.434+0000] {processor.py:830} INFO - Processing file /home/airflow/.local/lib/python3.12/site-packages/airflow/example_dags/example_external_task_marker_dag.py for tasks to queue
[2024-06-30T04:14:53.437+0000] {logging_mixin.py:188} INFO - [2024-06-30T04:14:53.437+0000] {dagbag.py:545} INFO - Filling up the DagBag from /home/airflow/.local/lib/python3.12/site-packages/airflow/example_dags/example_external_task_marker_dag.py
[2024-06-30T04:14:53.447+0000] {processor.py:840} INFO - DAG(s) 'example_external_task_marker_child', 'example_external_task_marker_parent' retrieved from /home/airflow/.local/lib/python3.12/site-packages/airflow/example_dags/example_external_task_marker_dag.py
[2024-06-30T04:14:53.496+0000] {logging_mixin.py:188} INFO - [2024-06-30T04:14:53.496+0000] {dag.py:3096} INFO - Sync 2 DAGs
[2024-06-30T04:14:53.521+0000] {logging_mixin.py:188} INFO - [2024-06-30T04:14:53.520+0000] {dag.py:3954} INFO - Setting next_dagrun for example_external_task_marker_child to None, run_after=None
[2024-06-30T04:14:53.528+0000] {logging_mixin.py:188} INFO - [2024-06-30T04:14:53.527+0000] {dag.py:3954} INFO - Setting next_dagrun for example_external_task_marker_parent to None, run_after=None
[2024-06-30T04:14:53.556+0000] {processor.py:183} INFO - Processing /home/airflow/.local/lib/python3.12/site-packages/airflow/example_dags/example_external_task_marker_dag.py took 0.145 seconds
[2024-06-30T04:15:23.819+0000] {processor.py:161} INFO - Started process (PID=2895) to work on /home/airflow/.local/lib/python3.12/site-packages/airflow/example_dags/example_external_task_marker_dag.py
[2024-06-30T04:15:23.821+0000] {processor.py:830} INFO - Processing file /home/airflow/.local/lib/python3.12/site-packages/airflow/example_dags/example_external_task_marker_dag.py for tasks to queue
[2024-06-30T04:15:23.823+0000] {logging_mixin.py:188} INFO - [2024-06-30T04:15:23.823+0000] {dagbag.py:545} INFO - Filling up the DagBag from /home/airflow/.local/lib/python3.12/site-packages/airflow/example_dags/example_external_task_marker_dag.py
[2024-06-30T04:15:23.836+0000] {processor.py:840} INFO - DAG(s) 'example_external_task_marker_child', 'example_external_task_marker_parent' retrieved from /home/airflow/.local/lib/python3.12/site-packages/airflow/example_dags/example_external_task_marker_dag.py
[2024-06-30T04:15:23.878+0000] {logging_mixin.py:188} INFO - [2024-06-30T04:15:23.877+0000] {dag.py:3096} INFO - Sync 2 DAGs
[2024-06-30T04:15:23.901+0000] {logging_mixin.py:188} INFO - [2024-06-30T04:15:23.900+0000] {dag.py:3954} INFO - Setting next_dagrun for example_external_task_marker_child to None, run_after=None
[2024-06-30T04:15:23.909+0000] {logging_mixin.py:188} INFO - [2024-06-30T04:15:23.908+0000] {dag.py:3954} INFO - Setting next_dagrun for example_external_task_marker_parent to None, run_after=None
[2024-06-30T04:15:23.946+0000] {processor.py:183} INFO - Processing /home/airflow/.local/lib/python3.12/site-packages/airflow/example_dags/example_external_task_marker_dag.py took 0.132 seconds
[2024-06-30T04:15:54.916+0000] {processor.py:161} INFO - Started process (PID=2953) to work on /home/airflow/.local/lib/python3.12/site-packages/airflow/example_dags/example_external_task_marker_dag.py
[2024-06-30T04:15:54.917+0000] {processor.py:830} INFO - Processing file /home/airflow/.local/lib/python3.12/site-packages/airflow/example_dags/example_external_task_marker_dag.py for tasks to queue
[2024-06-30T04:15:54.921+0000] {logging_mixin.py:188} INFO - [2024-06-30T04:15:54.920+0000] {dagbag.py:545} INFO - Filling up the DagBag from /home/airflow/.local/lib/python3.12/site-packages/airflow/example_dags/example_external_task_marker_dag.py
[2024-06-30T04:15:54.939+0000] {processor.py:840} INFO - DAG(s) 'example_external_task_marker_parent', 'example_external_task_marker_child' retrieved from /home/airflow/.local/lib/python3.12/site-packages/airflow/example_dags/example_external_task_marker_dag.py
[2024-06-30T04:15:55.016+0000] {logging_mixin.py:188} INFO - [2024-06-30T04:15:55.016+0000] {dag.py:3096} INFO - Sync 2 DAGs
[2024-06-30T04:15:55.051+0000] {logging_mixin.py:188} INFO - [2024-06-30T04:15:55.051+0000] {dag.py:3954} INFO - Setting next_dagrun for example_external_task_marker_child to None, run_after=None
[2024-06-30T04:15:55.063+0000] {logging_mixin.py:188} INFO - [2024-06-30T04:15:55.063+0000] {dag.py:3954} INFO - Setting next_dagrun for example_external_task_marker_parent to None, run_after=None
[2024-06-30T04:15:55.108+0000] {processor.py:183} INFO - Processing /home/airflow/.local/lib/python3.12/site-packages/airflow/example_dags/example_external_task_marker_dag.py took 0.204 seconds
[2024-06-30T04:16:25.264+0000] {processor.py:161} INFO - Started process (PID=3011) to work on /home/airflow/.local/lib/python3.12/site-packages/airflow/example_dags/example_external_task_marker_dag.py
[2024-06-30T04:16:25.266+0000] {processor.py:830} INFO - Processing file /home/airflow/.local/lib/python3.12/site-packages/airflow/example_dags/example_external_task_marker_dag.py for tasks to queue
[2024-06-30T04:16:25.270+0000] {logging_mixin.py:188} INFO - [2024-06-30T04:16:25.269+0000] {dagbag.py:545} INFO - Filling up the DagBag from /home/airflow/.local/lib/python3.12/site-packages/airflow/example_dags/example_external_task_marker_dag.py
[2024-06-30T04:16:25.281+0000] {processor.py:840} INFO - DAG(s) 'example_external_task_marker_parent', 'example_external_task_marker_child' retrieved from /home/airflow/.local/lib/python3.12/site-packages/airflow/example_dags/example_external_task_marker_dag.py
[2024-06-30T04:16:25.327+0000] {logging_mixin.py:188} INFO - [2024-06-30T04:16:25.326+0000] {dag.py:3096} INFO - Sync 2 DAGs
[2024-06-30T04:16:25.353+0000] {logging_mixin.py:188} INFO - [2024-06-30T04:16:25.353+0000] {dag.py:3954} INFO - Setting next_dagrun for example_external_task_marker_child to None, run_after=None
[2024-06-30T04:16:25.362+0000] {logging_mixin.py:188} INFO - [2024-06-30T04:16:25.361+0000] {dag.py:3954} INFO - Setting next_dagrun for example_external_task_marker_parent to None, run_after=None
[2024-06-30T04:16:25.399+0000] {processor.py:183} INFO - Processing /home/airflow/.local/lib/python3.12/site-packages/airflow/example_dags/example_external_task_marker_dag.py took 0.145 seconds
[2024-06-30T04:16:55.725+0000] {processor.py:161} INFO - Started process (PID=3069) to work on /home/airflow/.local/lib/python3.12/site-packages/airflow/example_dags/example_external_task_marker_dag.py
[2024-06-30T04:16:55.728+0000] {processor.py:830} INFO - Processing file /home/airflow/.local/lib/python3.12/site-packages/airflow/example_dags/example_external_task_marker_dag.py for tasks to queue
[2024-06-30T04:16:55.732+0000] {logging_mixin.py:188} INFO - [2024-06-30T04:16:55.731+0000] {dagbag.py:545} INFO - Filling up the DagBag from /home/airflow/.local/lib/python3.12/site-packages/airflow/example_dags/example_external_task_marker_dag.py
[2024-06-30T04:16:55.743+0000] {processor.py:840} INFO - DAG(s) 'example_external_task_marker_child', 'example_external_task_marker_parent' retrieved from /home/airflow/.local/lib/python3.12/site-packages/airflow/example_dags/example_external_task_marker_dag.py
[2024-06-30T04:16:55.802+0000] {logging_mixin.py:188} INFO - [2024-06-30T04:16:55.802+0000] {dag.py:3096} INFO - Sync 2 DAGs
[2024-06-30T04:16:55.834+0000] {logging_mixin.py:188} INFO - [2024-06-30T04:16:55.833+0000] {dag.py:3954} INFO - Setting next_dagrun for example_external_task_marker_child to None, run_after=None
[2024-06-30T04:16:55.852+0000] {logging_mixin.py:188} INFO - [2024-06-30T04:16:55.852+0000] {dag.py:3954} INFO - Setting next_dagrun for example_external_task_marker_parent to None, run_after=None
[2024-06-30T04:16:55.916+0000] {processor.py:183} INFO - Processing /home/airflow/.local/lib/python3.12/site-packages/airflow/example_dags/example_external_task_marker_dag.py took 0.200 seconds
[2024-06-30T04:17:26.159+0000] {processor.py:161} INFO - Started process (PID=3126) to work on /home/airflow/.local/lib/python3.12/site-packages/airflow/example_dags/example_external_task_marker_dag.py
[2024-06-30T04:17:26.160+0000] {processor.py:830} INFO - Processing file /home/airflow/.local/lib/python3.12/site-packages/airflow/example_dags/example_external_task_marker_dag.py for tasks to queue
[2024-06-30T04:17:26.163+0000] {logging_mixin.py:188} INFO - [2024-06-30T04:17:26.163+0000] {dagbag.py:545} INFO - Filling up the DagBag from /home/airflow/.local/lib/python3.12/site-packages/airflow/example_dags/example_external_task_marker_dag.py
[2024-06-30T04:17:26.172+0000] {processor.py:840} INFO - DAG(s) 'example_external_task_marker_child', 'example_external_task_marker_parent' retrieved from /home/airflow/.local/lib/python3.12/site-packages/airflow/example_dags/example_external_task_marker_dag.py
[2024-06-30T04:17:26.229+0000] {logging_mixin.py:188} INFO - [2024-06-30T04:17:26.229+0000] {dag.py:3096} INFO - Sync 2 DAGs
[2024-06-30T04:17:26.270+0000] {logging_mixin.py:188} INFO - [2024-06-30T04:17:26.269+0000] {dag.py:3954} INFO - Setting next_dagrun for example_external_task_marker_child to None, run_after=None
[2024-06-30T04:17:26.290+0000] {logging_mixin.py:188} INFO - [2024-06-30T04:17:26.290+0000] {dag.py:3954} INFO - Setting next_dagrun for example_external_task_marker_parent to None, run_after=None
[2024-06-30T04:17:26.355+0000] {processor.py:183} INFO - Processing /home/airflow/.local/lib/python3.12/site-packages/airflow/example_dags/example_external_task_marker_dag.py took 0.205 seconds
[2024-06-30T04:17:56.791+0000] {processor.py:161} INFO - Started process (PID=3184) to work on /home/airflow/.local/lib/python3.12/site-packages/airflow/example_dags/example_external_task_marker_dag.py
[2024-06-30T04:17:56.792+0000] {processor.py:830} INFO - Processing file /home/airflow/.local/lib/python3.12/site-packages/airflow/example_dags/example_external_task_marker_dag.py for tasks to queue
[2024-06-30T04:17:56.796+0000] {logging_mixin.py:188} INFO - [2024-06-30T04:17:56.795+0000] {dagbag.py:545} INFO - Filling up the DagBag from /home/airflow/.local/lib/python3.12/site-packages/airflow/example_dags/example_external_task_marker_dag.py
[2024-06-30T04:17:56.805+0000] {processor.py:840} INFO - DAG(s) 'example_external_task_marker_parent', 'example_external_task_marker_child' retrieved from /home/airflow/.local/lib/python3.12/site-packages/airflow/example_dags/example_external_task_marker_dag.py
[2024-06-30T04:17:56.844+0000] {logging_mixin.py:188} INFO - [2024-06-30T04:17:56.844+0000] {dag.py:3096} INFO - Sync 2 DAGs
[2024-06-30T04:17:56.867+0000] {logging_mixin.py:188} INFO - [2024-06-30T04:17:56.866+0000] {dag.py:3954} INFO - Setting next_dagrun for example_external_task_marker_child to None, run_after=None
[2024-06-30T04:17:56.873+0000] {logging_mixin.py:188} INFO - [2024-06-30T04:17:56.873+0000] {dag.py:3954} INFO - Setting next_dagrun for example_external_task_marker_parent to None, run_after=None
[2024-06-30T04:17:56.900+0000] {processor.py:183} INFO - Processing /home/airflow/.local/lib/python3.12/site-packages/airflow/example_dags/example_external_task_marker_dag.py took 0.117 seconds
[2024-06-30T04:18:27.776+0000] {processor.py:161} INFO - Started process (PID=3241) to work on /home/airflow/.local/lib/python3.12/site-packages/airflow/example_dags/example_external_task_marker_dag.py
[2024-06-30T04:18:27.778+0000] {processor.py:830} INFO - Processing file /home/airflow/.local/lib/python3.12/site-packages/airflow/example_dags/example_external_task_marker_dag.py for tasks to queue
[2024-06-30T04:18:27.782+0000] {logging_mixin.py:188} INFO - [2024-06-30T04:18:27.781+0000] {dagbag.py:545} INFO - Filling up the DagBag from /home/airflow/.local/lib/python3.12/site-packages/airflow/example_dags/example_external_task_marker_dag.py
[2024-06-30T04:18:27.801+0000] {processor.py:840} INFO - DAG(s) 'example_external_task_marker_child', 'example_external_task_marker_parent' retrieved from /home/airflow/.local/lib/python3.12/site-packages/airflow/example_dags/example_external_task_marker_dag.py
[2024-06-30T04:18:27.862+0000] {logging_mixin.py:188} INFO - [2024-06-30T04:18:27.861+0000] {dag.py:3096} INFO - Sync 2 DAGs
[2024-06-30T04:18:27.911+0000] {logging_mixin.py:188} INFO - [2024-06-30T04:18:27.910+0000] {dag.py:3954} INFO - Setting next_dagrun for example_external_task_marker_child to None, run_after=None
[2024-06-30T04:18:27.919+0000] {logging_mixin.py:188} INFO - [2024-06-30T04:18:27.919+0000] {dag.py:3954} INFO - Setting next_dagrun for example_external_task_marker_parent to None, run_after=None
[2024-06-30T04:18:27.987+0000] {processor.py:183} INFO - Processing /home/airflow/.local/lib/python3.12/site-packages/airflow/example_dags/example_external_task_marker_dag.py took 0.232 seconds
[2024-06-30T04:18:58.363+0000] {processor.py:161} INFO - Started process (PID=3299) to work on /home/airflow/.local/lib/python3.12/site-packages/airflow/example_dags/example_external_task_marker_dag.py
[2024-06-30T04:18:58.371+0000] {processor.py:830} INFO - Processing file /home/airflow/.local/lib/python3.12/site-packages/airflow/example_dags/example_external_task_marker_dag.py for tasks to queue
[2024-06-30T04:18:58.379+0000] {logging_mixin.py:188} INFO - [2024-06-30T04:18:58.379+0000] {dagbag.py:545} INFO - Filling up the DagBag from /home/airflow/.local/lib/python3.12/site-packages/airflow/example_dags/example_external_task_marker_dag.py
[2024-06-30T04:18:58.410+0000] {processor.py:840} INFO - DAG(s) 'example_external_task_marker_parent', 'example_external_task_marker_child' retrieved from /home/airflow/.local/lib/python3.12/site-packages/airflow/example_dags/example_external_task_marker_dag.py
[2024-06-30T04:18:58.483+0000] {logging_mixin.py:188} INFO - [2024-06-30T04:18:58.482+0000] {dag.py:3096} INFO - Sync 2 DAGs
[2024-06-30T04:18:58.547+0000] {logging_mixin.py:188} INFO - [2024-06-30T04:18:58.546+0000] {dag.py:3954} INFO - Setting next_dagrun for example_external_task_marker_child to None, run_after=None
[2024-06-30T04:18:58.560+0000] {logging_mixin.py:188} INFO - [2024-06-30T04:18:58.559+0000] {dag.py:3954} INFO - Setting next_dagrun for example_external_task_marker_parent to None, run_after=None
[2024-06-30T04:18:58.619+0000] {processor.py:183} INFO - Processing /home/airflow/.local/lib/python3.12/site-packages/airflow/example_dags/example_external_task_marker_dag.py took 0.269 seconds
[2024-06-30T04:19:29.289+0000] {processor.py:161} INFO - Started process (PID=3357) to work on /home/airflow/.local/lib/python3.12/site-packages/airflow/example_dags/example_external_task_marker_dag.py
[2024-06-30T04:19:29.291+0000] {processor.py:830} INFO - Processing file /home/airflow/.local/lib/python3.12/site-packages/airflow/example_dags/example_external_task_marker_dag.py for tasks to queue
[2024-06-30T04:19:29.295+0000] {logging_mixin.py:188} INFO - [2024-06-30T04:19:29.295+0000] {dagbag.py:545} INFO - Filling up the DagBag from /home/airflow/.local/lib/python3.12/site-packages/airflow/example_dags/example_external_task_marker_dag.py
[2024-06-30T04:19:29.317+0000] {processor.py:840} INFO - DAG(s) 'example_external_task_marker_parent', 'example_external_task_marker_child' retrieved from /home/airflow/.local/lib/python3.12/site-packages/airflow/example_dags/example_external_task_marker_dag.py
[2024-06-30T04:19:29.419+0000] {logging_mixin.py:188} INFO - [2024-06-30T04:19:29.418+0000] {dag.py:3096} INFO - Sync 2 DAGs
[2024-06-30T04:19:29.490+0000] {logging_mixin.py:188} INFO - [2024-06-30T04:19:29.489+0000] {dag.py:3954} INFO - Setting next_dagrun for example_external_task_marker_child to None, run_after=None
[2024-06-30T04:19:29.684+0000] {logging_mixin.py:188} INFO - [2024-06-30T04:19:29.684+0000] {dag.py:3954} INFO - Setting next_dagrun for example_external_task_marker_parent to None, run_after=None
[2024-06-30T04:19:29.791+0000] {processor.py:183} INFO - Processing /home/airflow/.local/lib/python3.12/site-packages/airflow/example_dags/example_external_task_marker_dag.py took 0.512 seconds
