[2024-06-30T03:49:26.999+0000] {processor.py:161} INFO - Started process (PID=43) to work on /home/airflow/.local/lib/python3.12/site-packages/airflow/example_dags/example_params_trigger_ui.py
[2024-06-30T03:49:27.014+0000] {processor.py:830} INFO - Processing file /home/airflow/.local/lib/python3.12/site-packages/airflow/example_dags/example_params_trigger_ui.py for tasks to queue
[2024-06-30T03:49:27.030+0000] {logging_mixin.py:188} INFO - [2024-06-30T03:49:27.029+0000] {dagbag.py:545} INFO - Filling up the DagBag from /home/airflow/.local/lib/python3.12/site-packages/airflow/example_dags/example_params_trigger_ui.py
[2024-06-30T03:49:27.444+0000] {processor.py:840} INFO - DAG(s) 'example_params_trigger_ui' retrieved from /home/airflow/.local/lib/python3.12/site-packages/airflow/example_dags/example_params_trigger_ui.py
[2024-06-30T03:49:29.265+0000] {logging_mixin.py:188} INFO - [2024-06-30T03:49:29.264+0000] {dag.py:3096} INFO - Sync 1 DAGs
[2024-06-30T03:49:29.306+0000] {logging_mixin.py:188} INFO - [2024-06-30T03:49:29.306+0000] {dag.py:3954} INFO - Setting next_dagrun for example_params_trigger_ui to None, run_after=None
[2024-06-30T03:49:29.400+0000] {processor.py:183} INFO - Processing /home/airflow/.local/lib/python3.12/site-packages/airflow/example_dags/example_params_trigger_ui.py took 2.495 seconds
[2024-06-30T03:50:13.411+0000] {processor.py:161} INFO - Started process (PID=101) to work on /home/airflow/.local/lib/python3.12/site-packages/airflow/example_dags/example_params_trigger_ui.py
[2024-06-30T03:50:13.413+0000] {processor.py:830} INFO - Processing file /home/airflow/.local/lib/python3.12/site-packages/airflow/example_dags/example_params_trigger_ui.py for tasks to queue
[2024-06-30T03:50:13.417+0000] {logging_mixin.py:188} INFO - [2024-06-30T03:50:13.416+0000] {dagbag.py:545} INFO - Filling up the DagBag from /home/airflow/.local/lib/python3.12/site-packages/airflow/example_dags/example_params_trigger_ui.py
[2024-06-30T03:50:13.443+0000] {processor.py:840} INFO - DAG(s) 'example_params_trigger_ui' retrieved from /home/airflow/.local/lib/python3.12/site-packages/airflow/example_dags/example_params_trigger_ui.py
[2024-06-30T03:50:13.541+0000] {logging_mixin.py:188} INFO - [2024-06-30T03:50:13.541+0000] {dag.py:3096} INFO - Sync 1 DAGs
[2024-06-30T03:50:13.578+0000] {logging_mixin.py:188} INFO - [2024-06-30T03:50:13.578+0000] {dag.py:3954} INFO - Setting next_dagrun for example_params_trigger_ui to None, run_after=None
[2024-06-30T03:50:13.651+0000] {processor.py:183} INFO - Processing /home/airflow/.local/lib/python3.12/site-packages/airflow/example_dags/example_params_trigger_ui.py took 0.255 seconds
[2024-06-30T03:50:44.305+0000] {processor.py:161} INFO - Started process (PID=156) to work on /home/airflow/.local/lib/python3.12/site-packages/airflow/example_dags/example_params_trigger_ui.py
[2024-06-30T03:50:44.308+0000] {processor.py:830} INFO - Processing file /home/airflow/.local/lib/python3.12/site-packages/airflow/example_dags/example_params_trigger_ui.py for tasks to queue
[2024-06-30T03:50:44.314+0000] {logging_mixin.py:188} INFO - [2024-06-30T03:50:44.313+0000] {dagbag.py:545} INFO - Filling up the DagBag from /home/airflow/.local/lib/python3.12/site-packages/airflow/example_dags/example_params_trigger_ui.py
[2024-06-30T03:50:44.503+0000] {processor.py:840} INFO - DAG(s) 'example_params_trigger_ui' retrieved from /home/airflow/.local/lib/python3.12/site-packages/airflow/example_dags/example_params_trigger_ui.py
[2024-06-30T03:50:44.693+0000] {logging_mixin.py:188} INFO - [2024-06-30T03:50:44.692+0000] {dag.py:3096} INFO - Sync 1 DAGs
[2024-06-30T03:50:44.743+0000] {logging_mixin.py:188} INFO - [2024-06-30T03:50:44.742+0000] {dag.py:3954} INFO - Setting next_dagrun for example_params_trigger_ui to None, run_after=None
[2024-06-30T03:50:44.869+0000] {processor.py:183} INFO - Processing /home/airflow/.local/lib/python3.12/site-packages/airflow/example_dags/example_params_trigger_ui.py took 0.584 seconds
[2024-06-30T03:51:15.209+0000] {processor.py:161} INFO - Started process (PID=213) to work on /home/airflow/.local/lib/python3.12/site-packages/airflow/example_dags/example_params_trigger_ui.py
[2024-06-30T03:51:15.220+0000] {processor.py:830} INFO - Processing file /home/airflow/.local/lib/python3.12/site-packages/airflow/example_dags/example_params_trigger_ui.py for tasks to queue
[2024-06-30T03:51:15.231+0000] {logging_mixin.py:188} INFO - [2024-06-30T03:51:15.230+0000] {dagbag.py:545} INFO - Filling up the DagBag from /home/airflow/.local/lib/python3.12/site-packages/airflow/example_dags/example_params_trigger_ui.py
[2024-06-30T03:51:15.287+0000] {processor.py:840} INFO - DAG(s) 'example_params_trigger_ui' retrieved from /home/airflow/.local/lib/python3.12/site-packages/airflow/example_dags/example_params_trigger_ui.py
[2024-06-30T03:51:15.457+0000] {logging_mixin.py:188} INFO - [2024-06-30T03:51:15.456+0000] {dag.py:3096} INFO - Sync 1 DAGs
[2024-06-30T03:51:15.504+0000] {logging_mixin.py:188} INFO - [2024-06-30T03:51:15.503+0000] {dag.py:3954} INFO - Setting next_dagrun for example_params_trigger_ui to None, run_after=None
[2024-06-30T03:51:15.728+0000] {processor.py:183} INFO - Processing /home/airflow/.local/lib/python3.12/site-packages/airflow/example_dags/example_params_trigger_ui.py took 0.552 seconds
[2024-06-30T03:51:46.451+0000] {processor.py:161} INFO - Started process (PID=272) to work on /home/airflow/.local/lib/python3.12/site-packages/airflow/example_dags/example_params_trigger_ui.py
[2024-06-30T03:51:46.455+0000] {processor.py:830} INFO - Processing file /home/airflow/.local/lib/python3.12/site-packages/airflow/example_dags/example_params_trigger_ui.py for tasks to queue
[2024-06-30T03:51:46.460+0000] {logging_mixin.py:188} INFO - [2024-06-30T03:51:46.459+0000] {dagbag.py:545} INFO - Filling up the DagBag from /home/airflow/.local/lib/python3.12/site-packages/airflow/example_dags/example_params_trigger_ui.py
[2024-06-30T03:51:46.513+0000] {processor.py:840} INFO - DAG(s) 'example_params_trigger_ui' retrieved from /home/airflow/.local/lib/python3.12/site-packages/airflow/example_dags/example_params_trigger_ui.py
[2024-06-30T03:51:46.746+0000] {logging_mixin.py:188} INFO - [2024-06-30T03:51:46.746+0000] {dag.py:3096} INFO - Sync 1 DAGs
[2024-06-30T03:51:46.788+0000] {logging_mixin.py:188} INFO - [2024-06-30T03:51:46.787+0000] {dag.py:3954} INFO - Setting next_dagrun for example_params_trigger_ui to None, run_after=None
[2024-06-30T03:51:46.915+0000] {processor.py:183} INFO - Processing /home/airflow/.local/lib/python3.12/site-packages/airflow/example_dags/example_params_trigger_ui.py took 0.480 seconds
[2024-06-30T03:52:17.021+0000] {processor.py:161} INFO - Started process (PID=331) to work on /home/airflow/.local/lib/python3.12/site-packages/airflow/example_dags/example_params_trigger_ui.py
[2024-06-30T03:52:17.023+0000] {processor.py:830} INFO - Processing file /home/airflow/.local/lib/python3.12/site-packages/airflow/example_dags/example_params_trigger_ui.py for tasks to queue
[2024-06-30T03:52:17.026+0000] {logging_mixin.py:188} INFO - [2024-06-30T03:52:17.026+0000] {dagbag.py:545} INFO - Filling up the DagBag from /home/airflow/.local/lib/python3.12/site-packages/airflow/example_dags/example_params_trigger_ui.py
[2024-06-30T03:52:17.050+0000] {processor.py:840} INFO - DAG(s) 'example_params_trigger_ui' retrieved from /home/airflow/.local/lib/python3.12/site-packages/airflow/example_dags/example_params_trigger_ui.py
[2024-06-30T03:52:17.183+0000] {logging_mixin.py:188} INFO - [2024-06-30T03:52:17.182+0000] {dag.py:3096} INFO - Sync 1 DAGs
[2024-06-30T03:52:17.217+0000] {logging_mixin.py:188} INFO - [2024-06-30T03:52:17.216+0000] {dag.py:3954} INFO - Setting next_dagrun for example_params_trigger_ui to None, run_after=None
[2024-06-30T03:52:17.323+0000] {processor.py:183} INFO - Processing /home/airflow/.local/lib/python3.12/site-packages/airflow/example_dags/example_params_trigger_ui.py took 0.313 seconds
[2024-06-30T03:52:47.685+0000] {processor.py:161} INFO - Started process (PID=386) to work on /home/airflow/.local/lib/python3.12/site-packages/airflow/example_dags/example_params_trigger_ui.py
[2024-06-30T03:52:47.687+0000] {processor.py:830} INFO - Processing file /home/airflow/.local/lib/python3.12/site-packages/airflow/example_dags/example_params_trigger_ui.py for tasks to queue
[2024-06-30T03:52:47.692+0000] {logging_mixin.py:188} INFO - [2024-06-30T03:52:47.691+0000] {dagbag.py:545} INFO - Filling up the DagBag from /home/airflow/.local/lib/python3.12/site-packages/airflow/example_dags/example_params_trigger_ui.py
[2024-06-30T03:52:47.735+0000] {processor.py:840} INFO - DAG(s) 'example_params_trigger_ui' retrieved from /home/airflow/.local/lib/python3.12/site-packages/airflow/example_dags/example_params_trigger_ui.py
[2024-06-30T03:52:47.907+0000] {logging_mixin.py:188} INFO - [2024-06-30T03:52:47.906+0000] {dag.py:3096} INFO - Sync 1 DAGs
[2024-06-30T03:52:47.949+0000] {logging_mixin.py:188} INFO - [2024-06-30T03:52:47.949+0000] {dag.py:3954} INFO - Setting next_dagrun for example_params_trigger_ui to None, run_after=None
[2024-06-30T03:52:48.018+0000] {processor.py:183} INFO - Processing /home/airflow/.local/lib/python3.12/site-packages/airflow/example_dags/example_params_trigger_ui.py took 0.352 seconds
[2024-06-30T03:53:18.652+0000] {processor.py:161} INFO - Started process (PID=444) to work on /home/airflow/.local/lib/python3.12/site-packages/airflow/example_dags/example_params_trigger_ui.py
[2024-06-30T03:53:18.655+0000] {processor.py:830} INFO - Processing file /home/airflow/.local/lib/python3.12/site-packages/airflow/example_dags/example_params_trigger_ui.py for tasks to queue
[2024-06-30T03:53:18.660+0000] {logging_mixin.py:188} INFO - [2024-06-30T03:53:18.659+0000] {dagbag.py:545} INFO - Filling up the DagBag from /home/airflow/.local/lib/python3.12/site-packages/airflow/example_dags/example_params_trigger_ui.py
[2024-06-30T03:53:18.696+0000] {processor.py:840} INFO - DAG(s) 'example_params_trigger_ui' retrieved from /home/airflow/.local/lib/python3.12/site-packages/airflow/example_dags/example_params_trigger_ui.py
[2024-06-30T03:53:18.846+0000] {logging_mixin.py:188} INFO - [2024-06-30T03:53:18.846+0000] {dag.py:3096} INFO - Sync 1 DAGs
[2024-06-30T03:53:18.885+0000] {logging_mixin.py:188} INFO - [2024-06-30T03:53:18.884+0000] {dag.py:3954} INFO - Setting next_dagrun for example_params_trigger_ui to None, run_after=None
[2024-06-30T03:53:18.937+0000] {processor.py:183} INFO - Processing /home/airflow/.local/lib/python3.12/site-packages/airflow/example_dags/example_params_trigger_ui.py took 0.300 seconds
[2024-06-30T03:53:49.473+0000] {processor.py:161} INFO - Started process (PID=501) to work on /home/airflow/.local/lib/python3.12/site-packages/airflow/example_dags/example_params_trigger_ui.py
[2024-06-30T03:53:49.478+0000] {processor.py:830} INFO - Processing file /home/airflow/.local/lib/python3.12/site-packages/airflow/example_dags/example_params_trigger_ui.py for tasks to queue
[2024-06-30T03:53:49.497+0000] {logging_mixin.py:188} INFO - [2024-06-30T03:53:49.496+0000] {dagbag.py:545} INFO - Filling up the DagBag from /home/airflow/.local/lib/python3.12/site-packages/airflow/example_dags/example_params_trigger_ui.py
[2024-06-30T03:53:49.583+0000] {processor.py:840} INFO - DAG(s) 'example_params_trigger_ui' retrieved from /home/airflow/.local/lib/python3.12/site-packages/airflow/example_dags/example_params_trigger_ui.py
[2024-06-30T03:53:49.983+0000] {logging_mixin.py:188} INFO - [2024-06-30T03:53:49.971+0000] {dag.py:3096} INFO - Sync 1 DAGs
[2024-06-30T03:53:50.056+0000] {logging_mixin.py:188} INFO - [2024-06-30T03:53:50.056+0000] {dag.py:3954} INFO - Setting next_dagrun for example_params_trigger_ui to None, run_after=None
[2024-06-30T03:53:50.220+0000] {processor.py:183} INFO - Processing /home/airflow/.local/lib/python3.12/site-packages/airflow/example_dags/example_params_trigger_ui.py took 0.802 seconds
[2024-06-30T03:54:20.882+0000] {processor.py:161} INFO - Started process (PID=559) to work on /home/airflow/.local/lib/python3.12/site-packages/airflow/example_dags/example_params_trigger_ui.py
[2024-06-30T03:54:20.886+0000] {processor.py:830} INFO - Processing file /home/airflow/.local/lib/python3.12/site-packages/airflow/example_dags/example_params_trigger_ui.py for tasks to queue
[2024-06-30T03:54:20.891+0000] {logging_mixin.py:188} INFO - [2024-06-30T03:54:20.890+0000] {dagbag.py:545} INFO - Filling up the DagBag from /home/airflow/.local/lib/python3.12/site-packages/airflow/example_dags/example_params_trigger_ui.py
[2024-06-30T03:54:20.929+0000] {processor.py:840} INFO - DAG(s) 'example_params_trigger_ui' retrieved from /home/airflow/.local/lib/python3.12/site-packages/airflow/example_dags/example_params_trigger_ui.py
[2024-06-30T03:54:21.059+0000] {logging_mixin.py:188} INFO - [2024-06-30T03:54:21.058+0000] {dag.py:3096} INFO - Sync 1 DAGs
[2024-06-30T03:54:21.096+0000] {logging_mixin.py:188} INFO - [2024-06-30T03:54:21.095+0000] {dag.py:3954} INFO - Setting next_dagrun for example_params_trigger_ui to None, run_after=None
[2024-06-30T03:54:21.156+0000] {processor.py:183} INFO - Processing /home/airflow/.local/lib/python3.12/site-packages/airflow/example_dags/example_params_trigger_ui.py took 0.289 seconds
[2024-06-30T03:54:51.286+0000] {processor.py:161} INFO - Started process (PID=618) to work on /home/airflow/.local/lib/python3.12/site-packages/airflow/example_dags/example_params_trigger_ui.py
[2024-06-30T03:54:51.290+0000] {processor.py:830} INFO - Processing file /home/airflow/.local/lib/python3.12/site-packages/airflow/example_dags/example_params_trigger_ui.py for tasks to queue
[2024-06-30T03:54:51.296+0000] {logging_mixin.py:188} INFO - [2024-06-30T03:54:51.295+0000] {dagbag.py:545} INFO - Filling up the DagBag from /home/airflow/.local/lib/python3.12/site-packages/airflow/example_dags/example_params_trigger_ui.py
[2024-06-30T03:54:51.332+0000] {processor.py:840} INFO - DAG(s) 'example_params_trigger_ui' retrieved from /home/airflow/.local/lib/python3.12/site-packages/airflow/example_dags/example_params_trigger_ui.py
[2024-06-30T03:54:51.496+0000] {logging_mixin.py:188} INFO - [2024-06-30T03:54:51.495+0000] {dag.py:3096} INFO - Sync 1 DAGs
[2024-06-30T03:54:51.543+0000] {logging_mixin.py:188} INFO - [2024-06-30T03:54:51.543+0000] {dag.py:3954} INFO - Setting next_dagrun for example_params_trigger_ui to None, run_after=None
[2024-06-30T03:54:51.643+0000] {processor.py:183} INFO - Processing /home/airflow/.local/lib/python3.12/site-packages/airflow/example_dags/example_params_trigger_ui.py took 0.369 seconds
[2024-06-30T03:55:22.393+0000] {processor.py:161} INFO - Started process (PID=675) to work on /home/airflow/.local/lib/python3.12/site-packages/airflow/example_dags/example_params_trigger_ui.py
[2024-06-30T03:55:22.423+0000] {processor.py:830} INFO - Processing file /home/airflow/.local/lib/python3.12/site-packages/airflow/example_dags/example_params_trigger_ui.py for tasks to queue
[2024-06-30T03:55:22.490+0000] {logging_mixin.py:188} INFO - [2024-06-30T03:55:22.489+0000] {dagbag.py:545} INFO - Filling up the DagBag from /home/airflow/.local/lib/python3.12/site-packages/airflow/example_dags/example_params_trigger_ui.py
[2024-06-30T03:55:22.677+0000] {processor.py:840} INFO - DAG(s) 'example_params_trigger_ui' retrieved from /home/airflow/.local/lib/python3.12/site-packages/airflow/example_dags/example_params_trigger_ui.py
[2024-06-30T03:55:23.148+0000] {logging_mixin.py:188} INFO - [2024-06-30T03:55:23.147+0000] {dag.py:3096} INFO - Sync 1 DAGs
[2024-06-30T03:55:23.356+0000] {logging_mixin.py:188} INFO - [2024-06-30T03:55:23.355+0000] {dag.py:3954} INFO - Setting next_dagrun for example_params_trigger_ui to None, run_after=None
[2024-06-30T03:55:23.650+0000] {processor.py:183} INFO - Processing /home/airflow/.local/lib/python3.12/site-packages/airflow/example_dags/example_params_trigger_ui.py took 1.282 seconds
[2024-06-30T03:56:02.809+0000] {processor.py:161} INFO - Started process (PID=733) to work on /home/airflow/.local/lib/python3.12/site-packages/airflow/example_dags/example_params_trigger_ui.py
[2024-06-30T03:56:02.812+0000] {processor.py:830} INFO - Processing file /home/airflow/.local/lib/python3.12/site-packages/airflow/example_dags/example_params_trigger_ui.py for tasks to queue
[2024-06-30T03:56:02.821+0000] {logging_mixin.py:188} INFO - [2024-06-30T03:56:02.820+0000] {dagbag.py:545} INFO - Filling up the DagBag from /home/airflow/.local/lib/python3.12/site-packages/airflow/example_dags/example_params_trigger_ui.py
[2024-06-30T03:56:02.890+0000] {processor.py:840} INFO - DAG(s) 'example_params_trigger_ui' retrieved from /home/airflow/.local/lib/python3.12/site-packages/airflow/example_dags/example_params_trigger_ui.py
[2024-06-30T03:56:03.116+0000] {logging_mixin.py:188} INFO - [2024-06-30T03:56:03.116+0000] {dag.py:3096} INFO - Sync 1 DAGs
[2024-06-30T03:56:03.182+0000] {logging_mixin.py:188} INFO - [2024-06-30T03:56:03.181+0000] {dag.py:3954} INFO - Setting next_dagrun for example_params_trigger_ui to None, run_after=None
[2024-06-30T03:56:03.317+0000] {processor.py:183} INFO - Processing /home/airflow/.local/lib/python3.12/site-packages/airflow/example_dags/example_params_trigger_ui.py took 0.526 seconds
[2024-06-30T03:56:33.965+0000] {processor.py:161} INFO - Started process (PID=789) to work on /home/airflow/.local/lib/python3.12/site-packages/airflow/example_dags/example_params_trigger_ui.py
[2024-06-30T03:56:34.005+0000] {processor.py:830} INFO - Processing file /home/airflow/.local/lib/python3.12/site-packages/airflow/example_dags/example_params_trigger_ui.py for tasks to queue
[2024-06-30T03:56:34.015+0000] {logging_mixin.py:188} INFO - [2024-06-30T03:56:34.013+0000] {dagbag.py:545} INFO - Filling up the DagBag from /home/airflow/.local/lib/python3.12/site-packages/airflow/example_dags/example_params_trigger_ui.py
[2024-06-30T03:56:34.101+0000] {processor.py:840} INFO - DAG(s) 'example_params_trigger_ui' retrieved from /home/airflow/.local/lib/python3.12/site-packages/airflow/example_dags/example_params_trigger_ui.py
[2024-06-30T03:56:34.411+0000] {logging_mixin.py:188} INFO - [2024-06-30T03:56:34.410+0000] {dag.py:3096} INFO - Sync 1 DAGs
[2024-06-30T03:56:34.501+0000] {logging_mixin.py:188} INFO - [2024-06-30T03:56:34.500+0000] {dag.py:3954} INFO - Setting next_dagrun for example_params_trigger_ui to None, run_after=None
[2024-06-30T03:56:34.682+0000] {processor.py:183} INFO - Processing /home/airflow/.local/lib/python3.12/site-packages/airflow/example_dags/example_params_trigger_ui.py took 0.788 seconds
[2024-06-30T03:57:05.429+0000] {processor.py:161} INFO - Started process (PID=847) to work on /home/airflow/.local/lib/python3.12/site-packages/airflow/example_dags/example_params_trigger_ui.py
[2024-06-30T03:57:05.445+0000] {processor.py:830} INFO - Processing file /home/airflow/.local/lib/python3.12/site-packages/airflow/example_dags/example_params_trigger_ui.py for tasks to queue
[2024-06-30T03:57:05.451+0000] {logging_mixin.py:188} INFO - [2024-06-30T03:57:05.450+0000] {dagbag.py:545} INFO - Filling up the DagBag from /home/airflow/.local/lib/python3.12/site-packages/airflow/example_dags/example_params_trigger_ui.py
[2024-06-30T03:57:05.551+0000] {processor.py:840} INFO - DAG(s) 'example_params_trigger_ui' retrieved from /home/airflow/.local/lib/python3.12/site-packages/airflow/example_dags/example_params_trigger_ui.py
[2024-06-30T03:57:05.917+0000] {logging_mixin.py:188} INFO - [2024-06-30T03:57:05.902+0000] {dag.py:3096} INFO - Sync 1 DAGs
[2024-06-30T03:57:06.002+0000] {logging_mixin.py:188} INFO - [2024-06-30T03:57:06.002+0000] {dag.py:3954} INFO - Setting next_dagrun for example_params_trigger_ui to None, run_after=None
[2024-06-30T03:57:06.195+0000] {processor.py:183} INFO - Processing /home/airflow/.local/lib/python3.12/site-packages/airflow/example_dags/example_params_trigger_ui.py took 0.802 seconds
[2024-06-30T03:57:36.765+0000] {processor.py:161} INFO - Started process (PID=905) to work on /home/airflow/.local/lib/python3.12/site-packages/airflow/example_dags/example_params_trigger_ui.py
[2024-06-30T03:57:36.768+0000] {processor.py:830} INFO - Processing file /home/airflow/.local/lib/python3.12/site-packages/airflow/example_dags/example_params_trigger_ui.py for tasks to queue
[2024-06-30T03:57:36.780+0000] {logging_mixin.py:188} INFO - [2024-06-30T03:57:36.775+0000] {dagbag.py:545} INFO - Filling up the DagBag from /home/airflow/.local/lib/python3.12/site-packages/airflow/example_dags/example_params_trigger_ui.py
[2024-06-30T03:57:36.852+0000] {processor.py:840} INFO - DAG(s) 'example_params_trigger_ui' retrieved from /home/airflow/.local/lib/python3.12/site-packages/airflow/example_dags/example_params_trigger_ui.py
[2024-06-30T03:57:37.130+0000] {logging_mixin.py:188} INFO - [2024-06-30T03:57:37.129+0000] {dag.py:3096} INFO - Sync 1 DAGs
[2024-06-30T03:57:37.176+0000] {logging_mixin.py:188} INFO - [2024-06-30T03:57:37.173+0000] {dag.py:3954} INFO - Setting next_dagrun for example_params_trigger_ui to None, run_after=None
[2024-06-30T03:57:37.260+0000] {processor.py:183} INFO - Processing /home/airflow/.local/lib/python3.12/site-packages/airflow/example_dags/example_params_trigger_ui.py took 0.514 seconds
[2024-06-30T03:58:07.471+0000] {processor.py:161} INFO - Started process (PID=963) to work on /home/airflow/.local/lib/python3.12/site-packages/airflow/example_dags/example_params_trigger_ui.py
[2024-06-30T03:58:07.474+0000] {processor.py:830} INFO - Processing file /home/airflow/.local/lib/python3.12/site-packages/airflow/example_dags/example_params_trigger_ui.py for tasks to queue
[2024-06-30T03:58:07.484+0000] {logging_mixin.py:188} INFO - [2024-06-30T03:58:07.482+0000] {dagbag.py:545} INFO - Filling up the DagBag from /home/airflow/.local/lib/python3.12/site-packages/airflow/example_dags/example_params_trigger_ui.py
[2024-06-30T03:58:07.535+0000] {processor.py:840} INFO - DAG(s) 'example_params_trigger_ui' retrieved from /home/airflow/.local/lib/python3.12/site-packages/airflow/example_dags/example_params_trigger_ui.py
[2024-06-30T03:58:07.719+0000] {logging_mixin.py:188} INFO - [2024-06-30T03:58:07.718+0000] {dag.py:3096} INFO - Sync 1 DAGs
[2024-06-30T03:58:07.761+0000] {logging_mixin.py:188} INFO - [2024-06-30T03:58:07.760+0000] {dag.py:3954} INFO - Setting next_dagrun for example_params_trigger_ui to None, run_after=None
[2024-06-30T03:58:07.829+0000] {processor.py:183} INFO - Processing /home/airflow/.local/lib/python3.12/site-packages/airflow/example_dags/example_params_trigger_ui.py took 0.382 seconds
[2024-06-30T03:58:38.067+0000] {processor.py:161} INFO - Started process (PID=1021) to work on /home/airflow/.local/lib/python3.12/site-packages/airflow/example_dags/example_params_trigger_ui.py
[2024-06-30T03:58:38.091+0000] {processor.py:830} INFO - Processing file /home/airflow/.local/lib/python3.12/site-packages/airflow/example_dags/example_params_trigger_ui.py for tasks to queue
[2024-06-30T03:58:38.096+0000] {logging_mixin.py:188} INFO - [2024-06-30T03:58:38.095+0000] {dagbag.py:545} INFO - Filling up the DagBag from /home/airflow/.local/lib/python3.12/site-packages/airflow/example_dags/example_params_trigger_ui.py
[2024-06-30T03:58:38.144+0000] {processor.py:840} INFO - DAG(s) 'example_params_trigger_ui' retrieved from /home/airflow/.local/lib/python3.12/site-packages/airflow/example_dags/example_params_trigger_ui.py
[2024-06-30T03:58:38.285+0000] {logging_mixin.py:188} INFO - [2024-06-30T03:58:38.284+0000] {dag.py:3096} INFO - Sync 1 DAGs
[2024-06-30T03:58:38.325+0000] {logging_mixin.py:188} INFO - [2024-06-30T03:58:38.323+0000] {dag.py:3954} INFO - Setting next_dagrun for example_params_trigger_ui to None, run_after=None
[2024-06-30T03:58:38.381+0000] {processor.py:183} INFO - Processing /home/airflow/.local/lib/python3.12/site-packages/airflow/example_dags/example_params_trigger_ui.py took 0.344 seconds
[2024-06-30T03:59:09.640+0000] {processor.py:161} INFO - Started process (PID=1080) to work on /home/airflow/.local/lib/python3.12/site-packages/airflow/example_dags/example_params_trigger_ui.py
[2024-06-30T03:59:09.659+0000] {processor.py:830} INFO - Processing file /home/airflow/.local/lib/python3.12/site-packages/airflow/example_dags/example_params_trigger_ui.py for tasks to queue
[2024-06-30T03:59:09.675+0000] {logging_mixin.py:188} INFO - [2024-06-30T03:59:09.674+0000] {dagbag.py:545} INFO - Filling up the DagBag from /home/airflow/.local/lib/python3.12/site-packages/airflow/example_dags/example_params_trigger_ui.py
[2024-06-30T03:59:09.774+0000] {processor.py:840} INFO - DAG(s) 'example_params_trigger_ui' retrieved from /home/airflow/.local/lib/python3.12/site-packages/airflow/example_dags/example_params_trigger_ui.py
[2024-06-30T03:59:10.229+0000] {logging_mixin.py:188} INFO - [2024-06-30T03:59:10.228+0000] {dag.py:3096} INFO - Sync 1 DAGs
[2024-06-30T03:59:10.355+0000] {logging_mixin.py:188} INFO - [2024-06-30T03:59:10.353+0000] {dag.py:3954} INFO - Setting next_dagrun for example_params_trigger_ui to None, run_after=None
[2024-06-30T03:59:10.629+0000] {processor.py:183} INFO - Processing /home/airflow/.local/lib/python3.12/site-packages/airflow/example_dags/example_params_trigger_ui.py took 1.033 seconds
[2024-06-30T03:59:43.111+0000] {processor.py:161} INFO - Started process (PID=1139) to work on /home/airflow/.local/lib/python3.12/site-packages/airflow/example_dags/example_params_trigger_ui.py
[2024-06-30T03:59:43.117+0000] {processor.py:830} INFO - Processing file /home/airflow/.local/lib/python3.12/site-packages/airflow/example_dags/example_params_trigger_ui.py for tasks to queue
[2024-06-30T03:59:43.134+0000] {logging_mixin.py:188} INFO - [2024-06-30T03:59:43.133+0000] {dagbag.py:545} INFO - Filling up the DagBag from /home/airflow/.local/lib/python3.12/site-packages/airflow/example_dags/example_params_trigger_ui.py
[2024-06-30T03:59:43.255+0000] {processor.py:840} INFO - DAG(s) 'example_params_trigger_ui' retrieved from /home/airflow/.local/lib/python3.12/site-packages/airflow/example_dags/example_params_trigger_ui.py
[2024-06-30T03:59:43.731+0000] {logging_mixin.py:188} INFO - [2024-06-30T03:59:43.730+0000] {dag.py:3096} INFO - Sync 1 DAGs
[2024-06-30T03:59:43.826+0000] {logging_mixin.py:188} INFO - [2024-06-30T03:59:43.826+0000] {dag.py:3954} INFO - Setting next_dagrun for example_params_trigger_ui to None, run_after=None
[2024-06-30T03:59:43.963+0000] {processor.py:183} INFO - Processing /home/airflow/.local/lib/python3.12/site-packages/airflow/example_dags/example_params_trigger_ui.py took 0.897 seconds
[2024-06-30T04:00:14.160+0000] {processor.py:161} INFO - Started process (PID=1197) to work on /home/airflow/.local/lib/python3.12/site-packages/airflow/example_dags/example_params_trigger_ui.py
[2024-06-30T04:00:14.181+0000] {processor.py:830} INFO - Processing file /home/airflow/.local/lib/python3.12/site-packages/airflow/example_dags/example_params_trigger_ui.py for tasks to queue
[2024-06-30T04:00:14.184+0000] {logging_mixin.py:188} INFO - [2024-06-30T04:00:14.184+0000] {dagbag.py:545} INFO - Filling up the DagBag from /home/airflow/.local/lib/python3.12/site-packages/airflow/example_dags/example_params_trigger_ui.py
[2024-06-30T04:00:14.246+0000] {processor.py:840} INFO - DAG(s) 'example_params_trigger_ui' retrieved from /home/airflow/.local/lib/python3.12/site-packages/airflow/example_dags/example_params_trigger_ui.py
[2024-06-30T04:00:14.437+0000] {logging_mixin.py:188} INFO - [2024-06-30T04:00:14.436+0000] {dag.py:3096} INFO - Sync 1 DAGs
[2024-06-30T04:00:14.474+0000] {logging_mixin.py:188} INFO - [2024-06-30T04:00:14.473+0000] {dag.py:3954} INFO - Setting next_dagrun for example_params_trigger_ui to None, run_after=None
[2024-06-30T04:00:14.582+0000] {processor.py:183} INFO - Processing /home/airflow/.local/lib/python3.12/site-packages/airflow/example_dags/example_params_trigger_ui.py took 0.444 seconds
[2024-06-30T04:00:44.903+0000] {processor.py:161} INFO - Started process (PID=1255) to work on /home/airflow/.local/lib/python3.12/site-packages/airflow/example_dags/example_params_trigger_ui.py
[2024-06-30T04:00:44.910+0000] {processor.py:830} INFO - Processing file /home/airflow/.local/lib/python3.12/site-packages/airflow/example_dags/example_params_trigger_ui.py for tasks to queue
[2024-06-30T04:00:44.914+0000] {logging_mixin.py:188} INFO - [2024-06-30T04:00:44.913+0000] {dagbag.py:545} INFO - Filling up the DagBag from /home/airflow/.local/lib/python3.12/site-packages/airflow/example_dags/example_params_trigger_ui.py
[2024-06-30T04:00:44.956+0000] {processor.py:840} INFO - DAG(s) 'example_params_trigger_ui' retrieved from /home/airflow/.local/lib/python3.12/site-packages/airflow/example_dags/example_params_trigger_ui.py
[2024-06-30T04:00:45.095+0000] {logging_mixin.py:188} INFO - [2024-06-30T04:00:45.094+0000] {dag.py:3096} INFO - Sync 1 DAGs
[2024-06-30T04:00:45.132+0000] {logging_mixin.py:188} INFO - [2024-06-30T04:00:45.131+0000] {dag.py:3954} INFO - Setting next_dagrun for example_params_trigger_ui to None, run_after=None
[2024-06-30T04:00:45.189+0000] {processor.py:183} INFO - Processing /home/airflow/.local/lib/python3.12/site-packages/airflow/example_dags/example_params_trigger_ui.py took 0.302 seconds
[2024-06-30T04:01:15.621+0000] {processor.py:161} INFO - Started process (PID=1313) to work on /home/airflow/.local/lib/python3.12/site-packages/airflow/example_dags/example_params_trigger_ui.py
[2024-06-30T04:01:15.638+0000] {processor.py:830} INFO - Processing file /home/airflow/.local/lib/python3.12/site-packages/airflow/example_dags/example_params_trigger_ui.py for tasks to queue
[2024-06-30T04:01:15.652+0000] {logging_mixin.py:188} INFO - [2024-06-30T04:01:15.651+0000] {dagbag.py:545} INFO - Filling up the DagBag from /home/airflow/.local/lib/python3.12/site-packages/airflow/example_dags/example_params_trigger_ui.py
[2024-06-30T04:01:15.754+0000] {processor.py:840} INFO - DAG(s) 'example_params_trigger_ui' retrieved from /home/airflow/.local/lib/python3.12/site-packages/airflow/example_dags/example_params_trigger_ui.py
[2024-06-30T04:01:16.191+0000] {logging_mixin.py:188} INFO - [2024-06-30T04:01:16.190+0000] {dag.py:3096} INFO - Sync 1 DAGs
[2024-06-30T04:01:16.260+0000] {logging_mixin.py:188} INFO - [2024-06-30T04:01:16.259+0000] {dag.py:3954} INFO - Setting next_dagrun for example_params_trigger_ui to None, run_after=None
[2024-06-30T04:01:16.373+0000] {processor.py:183} INFO - Processing /home/airflow/.local/lib/python3.12/site-packages/airflow/example_dags/example_params_trigger_ui.py took 0.795 seconds
[2024-06-30T04:01:46.726+0000] {processor.py:161} INFO - Started process (PID=1371) to work on /home/airflow/.local/lib/python3.12/site-packages/airflow/example_dags/example_params_trigger_ui.py
[2024-06-30T04:01:46.729+0000] {processor.py:830} INFO - Processing file /home/airflow/.local/lib/python3.12/site-packages/airflow/example_dags/example_params_trigger_ui.py for tasks to queue
[2024-06-30T04:01:46.737+0000] {logging_mixin.py:188} INFO - [2024-06-30T04:01:46.736+0000] {dagbag.py:545} INFO - Filling up the DagBag from /home/airflow/.local/lib/python3.12/site-packages/airflow/example_dags/example_params_trigger_ui.py
[2024-06-30T04:01:46.958+0000] {processor.py:840} INFO - DAG(s) 'example_params_trigger_ui' retrieved from /home/airflow/.local/lib/python3.12/site-packages/airflow/example_dags/example_params_trigger_ui.py
[2024-06-30T04:01:47.247+0000] {logging_mixin.py:188} INFO - [2024-06-30T04:01:47.246+0000] {dag.py:3096} INFO - Sync 1 DAGs
[2024-06-30T04:01:47.318+0000] {logging_mixin.py:188} INFO - [2024-06-30T04:01:47.317+0000] {dag.py:3954} INFO - Setting next_dagrun for example_params_trigger_ui to None, run_after=None
[2024-06-30T04:01:47.388+0000] {processor.py:183} INFO - Processing /home/airflow/.local/lib/python3.12/site-packages/airflow/example_dags/example_params_trigger_ui.py took 0.680 seconds
[2024-06-30T04:02:18.248+0000] {processor.py:161} INFO - Started process (PID=1428) to work on /home/airflow/.local/lib/python3.12/site-packages/airflow/example_dags/example_params_trigger_ui.py
[2024-06-30T04:02:18.250+0000] {processor.py:830} INFO - Processing file /home/airflow/.local/lib/python3.12/site-packages/airflow/example_dags/example_params_trigger_ui.py for tasks to queue
[2024-06-30T04:02:18.260+0000] {logging_mixin.py:188} INFO - [2024-06-30T04:02:18.259+0000] {dagbag.py:545} INFO - Filling up the DagBag from /home/airflow/.local/lib/python3.12/site-packages/airflow/example_dags/example_params_trigger_ui.py
[2024-06-30T04:02:18.306+0000] {processor.py:840} INFO - DAG(s) 'example_params_trigger_ui' retrieved from /home/airflow/.local/lib/python3.12/site-packages/airflow/example_dags/example_params_trigger_ui.py
[2024-06-30T04:02:18.442+0000] {logging_mixin.py:188} INFO - [2024-06-30T04:02:18.441+0000] {dag.py:3096} INFO - Sync 1 DAGs
[2024-06-30T04:02:18.467+0000] {logging_mixin.py:188} INFO - [2024-06-30T04:02:18.466+0000] {dag.py:3954} INFO - Setting next_dagrun for example_params_trigger_ui to None, run_after=None
[2024-06-30T04:02:18.525+0000] {processor.py:183} INFO - Processing /home/airflow/.local/lib/python3.12/site-packages/airflow/example_dags/example_params_trigger_ui.py took 0.298 seconds
[2024-06-30T04:02:48.894+0000] {processor.py:161} INFO - Started process (PID=1486) to work on /home/airflow/.local/lib/python3.12/site-packages/airflow/example_dags/example_params_trigger_ui.py
[2024-06-30T04:02:48.899+0000] {processor.py:830} INFO - Processing file /home/airflow/.local/lib/python3.12/site-packages/airflow/example_dags/example_params_trigger_ui.py for tasks to queue
[2024-06-30T04:02:48.903+0000] {logging_mixin.py:188} INFO - [2024-06-30T04:02:48.903+0000] {dagbag.py:545} INFO - Filling up the DagBag from /home/airflow/.local/lib/python3.12/site-packages/airflow/example_dags/example_params_trigger_ui.py
[2024-06-30T04:02:48.939+0000] {processor.py:840} INFO - DAG(s) 'example_params_trigger_ui' retrieved from /home/airflow/.local/lib/python3.12/site-packages/airflow/example_dags/example_params_trigger_ui.py
[2024-06-30T04:02:49.077+0000] {logging_mixin.py:188} INFO - [2024-06-30T04:02:49.076+0000] {dag.py:3096} INFO - Sync 1 DAGs
[2024-06-30T04:02:49.116+0000] {logging_mixin.py:188} INFO - [2024-06-30T04:02:49.115+0000] {dag.py:3954} INFO - Setting next_dagrun for example_params_trigger_ui to None, run_after=None
[2024-06-30T04:02:49.172+0000] {processor.py:183} INFO - Processing /home/airflow/.local/lib/python3.12/site-packages/airflow/example_dags/example_params_trigger_ui.py took 0.305 seconds
[2024-06-30T04:03:19.962+0000] {processor.py:161} INFO - Started process (PID=1543) to work on /home/airflow/.local/lib/python3.12/site-packages/airflow/example_dags/example_params_trigger_ui.py
[2024-06-30T04:03:19.973+0000] {processor.py:830} INFO - Processing file /home/airflow/.local/lib/python3.12/site-packages/airflow/example_dags/example_params_trigger_ui.py for tasks to queue
[2024-06-30T04:03:19.977+0000] {logging_mixin.py:188} INFO - [2024-06-30T04:03:19.976+0000] {dagbag.py:545} INFO - Filling up the DagBag from /home/airflow/.local/lib/python3.12/site-packages/airflow/example_dags/example_params_trigger_ui.py
[2024-06-30T04:03:20.062+0000] {processor.py:840} INFO - DAG(s) 'example_params_trigger_ui' retrieved from /home/airflow/.local/lib/python3.12/site-packages/airflow/example_dags/example_params_trigger_ui.py
[2024-06-30T04:03:20.314+0000] {logging_mixin.py:188} INFO - [2024-06-30T04:03:20.313+0000] {dag.py:3096} INFO - Sync 1 DAGs
[2024-06-30T04:03:20.374+0000] {logging_mixin.py:188} INFO - [2024-06-30T04:03:20.374+0000] {dag.py:3954} INFO - Setting next_dagrun for example_params_trigger_ui to None, run_after=None
[2024-06-30T04:03:20.458+0000] {processor.py:183} INFO - Processing /home/airflow/.local/lib/python3.12/site-packages/airflow/example_dags/example_params_trigger_ui.py took 0.519 seconds
[2024-06-30T04:03:50.902+0000] {processor.py:161} INFO - Started process (PID=1598) to work on /home/airflow/.local/lib/python3.12/site-packages/airflow/example_dags/example_params_trigger_ui.py
[2024-06-30T04:03:50.910+0000] {processor.py:830} INFO - Processing file /home/airflow/.local/lib/python3.12/site-packages/airflow/example_dags/example_params_trigger_ui.py for tasks to queue
[2024-06-30T04:03:50.925+0000] {logging_mixin.py:188} INFO - [2024-06-30T04:03:50.922+0000] {dagbag.py:545} INFO - Filling up the DagBag from /home/airflow/.local/lib/python3.12/site-packages/airflow/example_dags/example_params_trigger_ui.py
[2024-06-30T04:03:51.056+0000] {processor.py:840} INFO - DAG(s) 'example_params_trigger_ui' retrieved from /home/airflow/.local/lib/python3.12/site-packages/airflow/example_dags/example_params_trigger_ui.py
[2024-06-30T04:03:51.435+0000] {logging_mixin.py:188} INFO - [2024-06-30T04:03:51.434+0000] {dag.py:3096} INFO - Sync 1 DAGs
[2024-06-30T04:03:51.507+0000] {logging_mixin.py:188} INFO - [2024-06-30T04:03:51.506+0000] {dag.py:3954} INFO - Setting next_dagrun for example_params_trigger_ui to None, run_after=None
[2024-06-30T04:03:51.587+0000] {processor.py:183} INFO - Processing /home/airflow/.local/lib/python3.12/site-packages/airflow/example_dags/example_params_trigger_ui.py took 0.705 seconds
[2024-06-30T04:04:23.320+0000] {processor.py:161} INFO - Started process (PID=1655) to work on /home/airflow/.local/lib/python3.12/site-packages/airflow/example_dags/example_params_trigger_ui.py
[2024-06-30T04:04:23.332+0000] {processor.py:830} INFO - Processing file /home/airflow/.local/lib/python3.12/site-packages/airflow/example_dags/example_params_trigger_ui.py for tasks to queue
[2024-06-30T04:04:23.341+0000] {logging_mixin.py:188} INFO - [2024-06-30T04:04:23.340+0000] {dagbag.py:545} INFO - Filling up the DagBag from /home/airflow/.local/lib/python3.12/site-packages/airflow/example_dags/example_params_trigger_ui.py
[2024-06-30T04:04:23.400+0000] {processor.py:840} INFO - DAG(s) 'example_params_trigger_ui' retrieved from /home/airflow/.local/lib/python3.12/site-packages/airflow/example_dags/example_params_trigger_ui.py
[2024-06-30T04:04:23.581+0000] {logging_mixin.py:188} INFO - [2024-06-30T04:04:23.581+0000] {dag.py:3096} INFO - Sync 1 DAGs
[2024-06-30T04:04:24.579+0000] {logging_mixin.py:188} INFO - [2024-06-30T04:04:24.577+0000] {dag.py:3954} INFO - Setting next_dagrun for example_params_trigger_ui to None, run_after=None
[2024-06-30T04:04:24.726+0000] {processor.py:183} INFO - Processing /home/airflow/.local/lib/python3.12/site-packages/airflow/example_dags/example_params_trigger_ui.py took 1.442 seconds
[2024-06-30T04:04:57.693+0000] {processor.py:161} INFO - Started process (PID=1719) to work on /home/airflow/.local/lib/python3.12/site-packages/airflow/example_dags/example_params_trigger_ui.py
[2024-06-30T04:04:57.695+0000] {processor.py:830} INFO - Processing file /home/airflow/.local/lib/python3.12/site-packages/airflow/example_dags/example_params_trigger_ui.py for tasks to queue
[2024-06-30T04:04:57.701+0000] {logging_mixin.py:188} INFO - [2024-06-30T04:04:57.700+0000] {dagbag.py:545} INFO - Filling up the DagBag from /home/airflow/.local/lib/python3.12/site-packages/airflow/example_dags/example_params_trigger_ui.py
[2024-06-30T04:04:57.759+0000] {processor.py:840} INFO - DAG(s) 'example_params_trigger_ui' retrieved from /home/airflow/.local/lib/python3.12/site-packages/airflow/example_dags/example_params_trigger_ui.py
[2024-06-30T04:04:58.145+0000] {logging_mixin.py:188} INFO - [2024-06-30T04:04:58.144+0000] {dag.py:3096} INFO - Sync 1 DAGs
[2024-06-30T04:04:58.981+0000] {logging_mixin.py:188} INFO - [2024-06-30T04:04:58.980+0000] {dag.py:3954} INFO - Setting next_dagrun for example_params_trigger_ui to None, run_after=None
[2024-06-30T04:04:59.188+0000] {processor.py:183} INFO - Processing /home/airflow/.local/lib/python3.12/site-packages/airflow/example_dags/example_params_trigger_ui.py took 1.510 seconds
[2024-06-30T04:05:29.946+0000] {processor.py:161} INFO - Started process (PID=1776) to work on /home/airflow/.local/lib/python3.12/site-packages/airflow/example_dags/example_params_trigger_ui.py
[2024-06-30T04:05:29.948+0000] {processor.py:830} INFO - Processing file /home/airflow/.local/lib/python3.12/site-packages/airflow/example_dags/example_params_trigger_ui.py for tasks to queue
[2024-06-30T04:05:29.953+0000] {logging_mixin.py:188} INFO - [2024-06-30T04:05:29.952+0000] {dagbag.py:545} INFO - Filling up the DagBag from /home/airflow/.local/lib/python3.12/site-packages/airflow/example_dags/example_params_trigger_ui.py
[2024-06-30T04:05:30.003+0000] {processor.py:840} INFO - DAG(s) 'example_params_trigger_ui' retrieved from /home/airflow/.local/lib/python3.12/site-packages/airflow/example_dags/example_params_trigger_ui.py
[2024-06-30T04:05:30.225+0000] {logging_mixin.py:188} INFO - [2024-06-30T04:05:30.224+0000] {dag.py:3096} INFO - Sync 1 DAGs
[2024-06-30T04:05:30.264+0000] {logging_mixin.py:188} INFO - [2024-06-30T04:05:30.264+0000] {dag.py:3954} INFO - Setting next_dagrun for example_params_trigger_ui to None, run_after=None
[2024-06-30T04:05:30.367+0000] {processor.py:183} INFO - Processing /home/airflow/.local/lib/python3.12/site-packages/airflow/example_dags/example_params_trigger_ui.py took 0.439 seconds
[2024-06-30T04:06:00.679+0000] {processor.py:161} INFO - Started process (PID=1834) to work on /home/airflow/.local/lib/python3.12/site-packages/airflow/example_dags/example_params_trigger_ui.py
[2024-06-30T04:06:00.685+0000] {processor.py:830} INFO - Processing file /home/airflow/.local/lib/python3.12/site-packages/airflow/example_dags/example_params_trigger_ui.py for tasks to queue
[2024-06-30T04:06:00.689+0000] {logging_mixin.py:188} INFO - [2024-06-30T04:06:00.688+0000] {dagbag.py:545} INFO - Filling up the DagBag from /home/airflow/.local/lib/python3.12/site-packages/airflow/example_dags/example_params_trigger_ui.py
[2024-06-30T04:06:00.721+0000] {processor.py:840} INFO - DAG(s) 'example_params_trigger_ui' retrieved from /home/airflow/.local/lib/python3.12/site-packages/airflow/example_dags/example_params_trigger_ui.py
[2024-06-30T04:06:00.907+0000] {logging_mixin.py:188} INFO - [2024-06-30T04:06:00.906+0000] {dag.py:3096} INFO - Sync 1 DAGs
[2024-06-30T04:06:00.946+0000] {logging_mixin.py:188} INFO - [2024-06-30T04:06:00.945+0000] {dag.py:3954} INFO - Setting next_dagrun for example_params_trigger_ui to None, run_after=None
[2024-06-30T04:06:01.022+0000] {processor.py:183} INFO - Processing /home/airflow/.local/lib/python3.12/site-packages/airflow/example_dags/example_params_trigger_ui.py took 0.355 seconds
[2024-06-30T04:06:31.965+0000] {processor.py:161} INFO - Started process (PID=1892) to work on /home/airflow/.local/lib/python3.12/site-packages/airflow/example_dags/example_params_trigger_ui.py
[2024-06-30T04:06:31.969+0000] {processor.py:830} INFO - Processing file /home/airflow/.local/lib/python3.12/site-packages/airflow/example_dags/example_params_trigger_ui.py for tasks to queue
[2024-06-30T04:06:31.972+0000] {logging_mixin.py:188} INFO - [2024-06-30T04:06:31.971+0000] {dagbag.py:545} INFO - Filling up the DagBag from /home/airflow/.local/lib/python3.12/site-packages/airflow/example_dags/example_params_trigger_ui.py
[2024-06-30T04:06:32.054+0000] {processor.py:840} INFO - DAG(s) 'example_params_trigger_ui' retrieved from /home/airflow/.local/lib/python3.12/site-packages/airflow/example_dags/example_params_trigger_ui.py
[2024-06-30T04:06:32.281+0000] {logging_mixin.py:188} INFO - [2024-06-30T04:06:32.277+0000] {dag.py:3096} INFO - Sync 1 DAGs
[2024-06-30T04:06:32.407+0000] {logging_mixin.py:188} INFO - [2024-06-30T04:06:32.407+0000] {dag.py:3954} INFO - Setting next_dagrun for example_params_trigger_ui to None, run_after=None
[2024-06-30T04:06:32.508+0000] {processor.py:183} INFO - Processing /home/airflow/.local/lib/python3.12/site-packages/airflow/example_dags/example_params_trigger_ui.py took 0.564 seconds
[2024-06-30T04:07:02.778+0000] {processor.py:161} INFO - Started process (PID=1949) to work on /home/airflow/.local/lib/python3.12/site-packages/airflow/example_dags/example_params_trigger_ui.py
[2024-06-30T04:07:02.781+0000] {processor.py:830} INFO - Processing file /home/airflow/.local/lib/python3.12/site-packages/airflow/example_dags/example_params_trigger_ui.py for tasks to queue
[2024-06-30T04:07:02.790+0000] {logging_mixin.py:188} INFO - [2024-06-30T04:07:02.789+0000] {dagbag.py:545} INFO - Filling up the DagBag from /home/airflow/.local/lib/python3.12/site-packages/airflow/example_dags/example_params_trigger_ui.py
[2024-06-30T04:07:02.838+0000] {processor.py:840} INFO - DAG(s) 'example_params_trigger_ui' retrieved from /home/airflow/.local/lib/python3.12/site-packages/airflow/example_dags/example_params_trigger_ui.py
[2024-06-30T04:07:02.963+0000] {logging_mixin.py:188} INFO - [2024-06-30T04:07:02.963+0000] {dag.py:3096} INFO - Sync 1 DAGs
[2024-06-30T04:07:02.996+0000] {logging_mixin.py:188} INFO - [2024-06-30T04:07:02.995+0000] {dag.py:3954} INFO - Setting next_dagrun for example_params_trigger_ui to None, run_after=None
[2024-06-30T04:07:03.104+0000] {processor.py:183} INFO - Processing /home/airflow/.local/lib/python3.12/site-packages/airflow/example_dags/example_params_trigger_ui.py took 0.344 seconds
[2024-06-30T04:07:34.220+0000] {processor.py:161} INFO - Started process (PID=2007) to work on /home/airflow/.local/lib/python3.12/site-packages/airflow/example_dags/example_params_trigger_ui.py
[2024-06-30T04:07:34.224+0000] {processor.py:830} INFO - Processing file /home/airflow/.local/lib/python3.12/site-packages/airflow/example_dags/example_params_trigger_ui.py for tasks to queue
[2024-06-30T04:07:34.235+0000] {logging_mixin.py:188} INFO - [2024-06-30T04:07:34.234+0000] {dagbag.py:545} INFO - Filling up the DagBag from /home/airflow/.local/lib/python3.12/site-packages/airflow/example_dags/example_params_trigger_ui.py
[2024-06-30T04:07:34.299+0000] {processor.py:840} INFO - DAG(s) 'example_params_trigger_ui' retrieved from /home/airflow/.local/lib/python3.12/site-packages/airflow/example_dags/example_params_trigger_ui.py
[2024-06-30T04:07:34.581+0000] {logging_mixin.py:188} INFO - [2024-06-30T04:07:34.580+0000] {dag.py:3096} INFO - Sync 1 DAGs
[2024-06-30T04:07:34.656+0000] {logging_mixin.py:188} INFO - [2024-06-30T04:07:34.655+0000] {dag.py:3954} INFO - Setting next_dagrun for example_params_trigger_ui to None, run_after=None
[2024-06-30T04:07:34.750+0000] {processor.py:183} INFO - Processing /home/airflow/.local/lib/python3.12/site-packages/airflow/example_dags/example_params_trigger_ui.py took 0.553 seconds
[2024-06-30T04:08:04.915+0000] {processor.py:161} INFO - Started process (PID=2066) to work on /home/airflow/.local/lib/python3.12/site-packages/airflow/example_dags/example_params_trigger_ui.py
[2024-06-30T04:08:04.917+0000] {processor.py:830} INFO - Processing file /home/airflow/.local/lib/python3.12/site-packages/airflow/example_dags/example_params_trigger_ui.py for tasks to queue
[2024-06-30T04:08:04.928+0000] {logging_mixin.py:188} INFO - [2024-06-30T04:08:04.927+0000] {dagbag.py:545} INFO - Filling up the DagBag from /home/airflow/.local/lib/python3.12/site-packages/airflow/example_dags/example_params_trigger_ui.py
[2024-06-30T04:08:04.967+0000] {processor.py:840} INFO - DAG(s) 'example_params_trigger_ui' retrieved from /home/airflow/.local/lib/python3.12/site-packages/airflow/example_dags/example_params_trigger_ui.py
[2024-06-30T04:08:05.116+0000] {logging_mixin.py:188} INFO - [2024-06-30T04:08:05.116+0000] {dag.py:3096} INFO - Sync 1 DAGs
[2024-06-30T04:08:05.154+0000] {logging_mixin.py:188} INFO - [2024-06-30T04:08:05.153+0000] {dag.py:3954} INFO - Setting next_dagrun for example_params_trigger_ui to None, run_after=None
[2024-06-30T04:08:05.209+0000] {processor.py:183} INFO - Processing /home/airflow/.local/lib/python3.12/site-packages/airflow/example_dags/example_params_trigger_ui.py took 0.308 seconds
[2024-06-30T04:08:35.569+0000] {processor.py:161} INFO - Started process (PID=2123) to work on /home/airflow/.local/lib/python3.12/site-packages/airflow/example_dags/example_params_trigger_ui.py
[2024-06-30T04:08:35.587+0000] {processor.py:830} INFO - Processing file /home/airflow/.local/lib/python3.12/site-packages/airflow/example_dags/example_params_trigger_ui.py for tasks to queue
[2024-06-30T04:08:35.600+0000] {logging_mixin.py:188} INFO - [2024-06-30T04:08:35.599+0000] {dagbag.py:545} INFO - Filling up the DagBag from /home/airflow/.local/lib/python3.12/site-packages/airflow/example_dags/example_params_trigger_ui.py
[2024-06-30T04:08:35.654+0000] {processor.py:840} INFO - DAG(s) 'example_params_trigger_ui' retrieved from /home/airflow/.local/lib/python3.12/site-packages/airflow/example_dags/example_params_trigger_ui.py
[2024-06-30T04:08:35.992+0000] {logging_mixin.py:188} INFO - [2024-06-30T04:08:35.991+0000] {dag.py:3096} INFO - Sync 1 DAGs
[2024-06-30T04:08:36.065+0000] {logging_mixin.py:188} INFO - [2024-06-30T04:08:36.065+0000] {dag.py:3954} INFO - Setting next_dagrun for example_params_trigger_ui to None, run_after=None
[2024-06-30T04:08:36.237+0000] {processor.py:183} INFO - Processing /home/airflow/.local/lib/python3.12/site-packages/airflow/example_dags/example_params_trigger_ui.py took 0.687 seconds
[2024-06-30T04:09:06.747+0000] {processor.py:161} INFO - Started process (PID=2188) to work on /home/airflow/.local/lib/python3.12/site-packages/airflow/example_dags/example_params_trigger_ui.py
[2024-06-30T04:09:06.750+0000] {processor.py:830} INFO - Processing file /home/airflow/.local/lib/python3.12/site-packages/airflow/example_dags/example_params_trigger_ui.py for tasks to queue
[2024-06-30T04:09:06.755+0000] {logging_mixin.py:188} INFO - [2024-06-30T04:09:06.754+0000] {dagbag.py:545} INFO - Filling up the DagBag from /home/airflow/.local/lib/python3.12/site-packages/airflow/example_dags/example_params_trigger_ui.py
[2024-06-30T04:09:06.809+0000] {processor.py:840} INFO - DAG(s) 'example_params_trigger_ui' retrieved from /home/airflow/.local/lib/python3.12/site-packages/airflow/example_dags/example_params_trigger_ui.py
[2024-06-30T04:09:06.949+0000] {logging_mixin.py:188} INFO - [2024-06-30T04:09:06.948+0000] {dag.py:3096} INFO - Sync 1 DAGs
[2024-06-30T04:09:06.992+0000] {logging_mixin.py:188} INFO - [2024-06-30T04:09:06.992+0000] {dag.py:3954} INFO - Setting next_dagrun for example_params_trigger_ui to None, run_after=None
[2024-06-30T04:09:07.127+0000] {processor.py:183} INFO - Processing /home/airflow/.local/lib/python3.12/site-packages/airflow/example_dags/example_params_trigger_ui.py took 0.393 seconds
[2024-06-30T04:09:37.445+0000] {processor.py:161} INFO - Started process (PID=2246) to work on /home/airflow/.local/lib/python3.12/site-packages/airflow/example_dags/example_params_trigger_ui.py
[2024-06-30T04:09:37.446+0000] {processor.py:830} INFO - Processing file /home/airflow/.local/lib/python3.12/site-packages/airflow/example_dags/example_params_trigger_ui.py for tasks to queue
[2024-06-30T04:09:37.449+0000] {logging_mixin.py:188} INFO - [2024-06-30T04:09:37.449+0000] {dagbag.py:545} INFO - Filling up the DagBag from /home/airflow/.local/lib/python3.12/site-packages/airflow/example_dags/example_params_trigger_ui.py
[2024-06-30T04:09:37.472+0000] {processor.py:840} INFO - DAG(s) 'example_params_trigger_ui' retrieved from /home/airflow/.local/lib/python3.12/site-packages/airflow/example_dags/example_params_trigger_ui.py
[2024-06-30T04:09:37.664+0000] {logging_mixin.py:188} INFO - [2024-06-30T04:09:37.663+0000] {dag.py:3096} INFO - Sync 1 DAGs
[2024-06-30T04:09:37.766+0000] {logging_mixin.py:188} INFO - [2024-06-30T04:09:37.766+0000] {dag.py:3954} INFO - Setting next_dagrun for example_params_trigger_ui to None, run_after=None
[2024-06-30T04:09:37.898+0000] {processor.py:183} INFO - Processing /home/airflow/.local/lib/python3.12/site-packages/airflow/example_dags/example_params_trigger_ui.py took 0.462 seconds
[2024-06-30T04:10:08.388+0000] {processor.py:161} INFO - Started process (PID=2304) to work on /home/airflow/.local/lib/python3.12/site-packages/airflow/example_dags/example_params_trigger_ui.py
[2024-06-30T04:10:08.401+0000] {processor.py:830} INFO - Processing file /home/airflow/.local/lib/python3.12/site-packages/airflow/example_dags/example_params_trigger_ui.py for tasks to queue
[2024-06-30T04:10:08.404+0000] {logging_mixin.py:188} INFO - [2024-06-30T04:10:08.403+0000] {dagbag.py:545} INFO - Filling up the DagBag from /home/airflow/.local/lib/python3.12/site-packages/airflow/example_dags/example_params_trigger_ui.py
[2024-06-30T04:10:08.450+0000] {processor.py:840} INFO - DAG(s) 'example_params_trigger_ui' retrieved from /home/airflow/.local/lib/python3.12/site-packages/airflow/example_dags/example_params_trigger_ui.py
[2024-06-30T04:10:08.549+0000] {logging_mixin.py:188} INFO - [2024-06-30T04:10:08.549+0000] {dag.py:3096} INFO - Sync 1 DAGs
[2024-06-30T04:10:08.579+0000] {logging_mixin.py:188} INFO - [2024-06-30T04:10:08.578+0000] {dag.py:3954} INFO - Setting next_dagrun for example_params_trigger_ui to None, run_after=None
[2024-06-30T04:10:08.607+0000] {processor.py:183} INFO - Processing /home/airflow/.local/lib/python3.12/site-packages/airflow/example_dags/example_params_trigger_ui.py took 0.227 seconds
[2024-06-30T04:10:38.774+0000] {processor.py:161} INFO - Started process (PID=2362) to work on /home/airflow/.local/lib/python3.12/site-packages/airflow/example_dags/example_params_trigger_ui.py
[2024-06-30T04:10:38.776+0000] {processor.py:830} INFO - Processing file /home/airflow/.local/lib/python3.12/site-packages/airflow/example_dags/example_params_trigger_ui.py for tasks to queue
[2024-06-30T04:10:38.779+0000] {logging_mixin.py:188} INFO - [2024-06-30T04:10:38.778+0000] {dagbag.py:545} INFO - Filling up the DagBag from /home/airflow/.local/lib/python3.12/site-packages/airflow/example_dags/example_params_trigger_ui.py
[2024-06-30T04:10:38.800+0000] {processor.py:840} INFO - DAG(s) 'example_params_trigger_ui' retrieved from /home/airflow/.local/lib/python3.12/site-packages/airflow/example_dags/example_params_trigger_ui.py
[2024-06-30T04:10:38.892+0000] {logging_mixin.py:188} INFO - [2024-06-30T04:10:38.892+0000] {dag.py:3096} INFO - Sync 1 DAGs
[2024-06-30T04:10:38.914+0000] {logging_mixin.py:188} INFO - [2024-06-30T04:10:38.914+0000] {dag.py:3954} INFO - Setting next_dagrun for example_params_trigger_ui to None, run_after=None
[2024-06-30T04:10:38.944+0000] {processor.py:183} INFO - Processing /home/airflow/.local/lib/python3.12/site-packages/airflow/example_dags/example_params_trigger_ui.py took 0.178 seconds
[2024-06-30T04:11:09.268+0000] {processor.py:161} INFO - Started process (PID=2420) to work on /home/airflow/.local/lib/python3.12/site-packages/airflow/example_dags/example_params_trigger_ui.py
[2024-06-30T04:11:09.271+0000] {processor.py:830} INFO - Processing file /home/airflow/.local/lib/python3.12/site-packages/airflow/example_dags/example_params_trigger_ui.py for tasks to queue
[2024-06-30T04:11:09.281+0000] {logging_mixin.py:188} INFO - [2024-06-30T04:11:09.278+0000] {dagbag.py:545} INFO - Filling up the DagBag from /home/airflow/.local/lib/python3.12/site-packages/airflow/example_dags/example_params_trigger_ui.py
[2024-06-30T04:11:09.321+0000] {processor.py:840} INFO - DAG(s) 'example_params_trigger_ui' retrieved from /home/airflow/.local/lib/python3.12/site-packages/airflow/example_dags/example_params_trigger_ui.py
[2024-06-30T04:11:09.540+0000] {logging_mixin.py:188} INFO - [2024-06-30T04:11:09.540+0000] {dag.py:3096} INFO - Sync 1 DAGs
[2024-06-30T04:11:09.589+0000] {logging_mixin.py:188} INFO - [2024-06-30T04:11:09.588+0000] {dag.py:3954} INFO - Setting next_dagrun for example_params_trigger_ui to None, run_after=None
[2024-06-30T04:11:09.673+0000] {processor.py:183} INFO - Processing /home/airflow/.local/lib/python3.12/site-packages/airflow/example_dags/example_params_trigger_ui.py took 0.420 seconds
[2024-06-30T04:11:39.877+0000] {processor.py:161} INFO - Started process (PID=2477) to work on /home/airflow/.local/lib/python3.12/site-packages/airflow/example_dags/example_params_trigger_ui.py
[2024-06-30T04:11:39.878+0000] {processor.py:830} INFO - Processing file /home/airflow/.local/lib/python3.12/site-packages/airflow/example_dags/example_params_trigger_ui.py for tasks to queue
[2024-06-30T04:11:39.882+0000] {logging_mixin.py:188} INFO - [2024-06-30T04:11:39.881+0000] {dagbag.py:545} INFO - Filling up the DagBag from /home/airflow/.local/lib/python3.12/site-packages/airflow/example_dags/example_params_trigger_ui.py
[2024-06-30T04:11:39.911+0000] {processor.py:840} INFO - DAG(s) 'example_params_trigger_ui' retrieved from /home/airflow/.local/lib/python3.12/site-packages/airflow/example_dags/example_params_trigger_ui.py
[2024-06-30T04:11:40.054+0000] {logging_mixin.py:188} INFO - [2024-06-30T04:11:40.054+0000] {dag.py:3096} INFO - Sync 1 DAGs
[2024-06-30T04:11:40.089+0000] {logging_mixin.py:188} INFO - [2024-06-30T04:11:40.088+0000] {dag.py:3954} INFO - Setting next_dagrun for example_params_trigger_ui to None, run_after=None
[2024-06-30T04:11:40.134+0000] {processor.py:183} INFO - Processing /home/airflow/.local/lib/python3.12/site-packages/airflow/example_dags/example_params_trigger_ui.py took 0.267 seconds
[2024-06-30T04:12:10.495+0000] {processor.py:161} INFO - Started process (PID=2535) to work on /home/airflow/.local/lib/python3.12/site-packages/airflow/example_dags/example_params_trigger_ui.py
[2024-06-30T04:12:10.496+0000] {processor.py:830} INFO - Processing file /home/airflow/.local/lib/python3.12/site-packages/airflow/example_dags/example_params_trigger_ui.py for tasks to queue
[2024-06-30T04:12:10.499+0000] {logging_mixin.py:188} INFO - [2024-06-30T04:12:10.498+0000] {dagbag.py:545} INFO - Filling up the DagBag from /home/airflow/.local/lib/python3.12/site-packages/airflow/example_dags/example_params_trigger_ui.py
[2024-06-30T04:12:10.523+0000] {processor.py:840} INFO - DAG(s) 'example_params_trigger_ui' retrieved from /home/airflow/.local/lib/python3.12/site-packages/airflow/example_dags/example_params_trigger_ui.py
[2024-06-30T04:12:10.629+0000] {logging_mixin.py:188} INFO - [2024-06-30T04:12:10.628+0000] {dag.py:3096} INFO - Sync 1 DAGs
[2024-06-30T04:12:10.658+0000] {logging_mixin.py:188} INFO - [2024-06-30T04:12:10.658+0000] {dag.py:3954} INFO - Setting next_dagrun for example_params_trigger_ui to None, run_after=None
[2024-06-30T04:12:10.697+0000] {processor.py:183} INFO - Processing /home/airflow/.local/lib/python3.12/site-packages/airflow/example_dags/example_params_trigger_ui.py took 0.212 seconds
[2024-06-30T04:12:40.831+0000] {processor.py:161} INFO - Started process (PID=2593) to work on /home/airflow/.local/lib/python3.12/site-packages/airflow/example_dags/example_params_trigger_ui.py
[2024-06-30T04:12:40.833+0000] {processor.py:830} INFO - Processing file /home/airflow/.local/lib/python3.12/site-packages/airflow/example_dags/example_params_trigger_ui.py for tasks to queue
[2024-06-30T04:12:40.837+0000] {logging_mixin.py:188} INFO - [2024-06-30T04:12:40.836+0000] {dagbag.py:545} INFO - Filling up the DagBag from /home/airflow/.local/lib/python3.12/site-packages/airflow/example_dags/example_params_trigger_ui.py
[2024-06-30T04:12:40.859+0000] {processor.py:840} INFO - DAG(s) 'example_params_trigger_ui' retrieved from /home/airflow/.local/lib/python3.12/site-packages/airflow/example_dags/example_params_trigger_ui.py
[2024-06-30T04:12:40.951+0000] {logging_mixin.py:188} INFO - [2024-06-30T04:12:40.951+0000] {dag.py:3096} INFO - Sync 1 DAGs
[2024-06-30T04:12:40.980+0000] {logging_mixin.py:188} INFO - [2024-06-30T04:12:40.979+0000] {dag.py:3954} INFO - Setting next_dagrun for example_params_trigger_ui to None, run_after=None
[2024-06-30T04:12:41.015+0000] {processor.py:183} INFO - Processing /home/airflow/.local/lib/python3.12/site-packages/airflow/example_dags/example_params_trigger_ui.py took 0.193 seconds
[2024-06-30T04:13:11.120+0000] {processor.py:161} INFO - Started process (PID=2651) to work on /home/airflow/.local/lib/python3.12/site-packages/airflow/example_dags/example_params_trigger_ui.py
[2024-06-30T04:13:11.122+0000] {processor.py:830} INFO - Processing file /home/airflow/.local/lib/python3.12/site-packages/airflow/example_dags/example_params_trigger_ui.py for tasks to queue
[2024-06-30T04:13:11.125+0000] {logging_mixin.py:188} INFO - [2024-06-30T04:13:11.124+0000] {dagbag.py:545} INFO - Filling up the DagBag from /home/airflow/.local/lib/python3.12/site-packages/airflow/example_dags/example_params_trigger_ui.py
[2024-06-30T04:13:11.151+0000] {processor.py:840} INFO - DAG(s) 'example_params_trigger_ui' retrieved from /home/airflow/.local/lib/python3.12/site-packages/airflow/example_dags/example_params_trigger_ui.py
[2024-06-30T04:13:11.309+0000] {logging_mixin.py:188} INFO - [2024-06-30T04:13:11.309+0000] {dag.py:3096} INFO - Sync 1 DAGs
[2024-06-30T04:13:11.360+0000] {logging_mixin.py:188} INFO - [2024-06-30T04:13:11.359+0000] {dag.py:3954} INFO - Setting next_dagrun for example_params_trigger_ui to None, run_after=None
[2024-06-30T04:13:11.465+0000] {processor.py:183} INFO - Processing /home/airflow/.local/lib/python3.12/site-packages/airflow/example_dags/example_params_trigger_ui.py took 0.354 seconds
[2024-06-30T04:13:41.587+0000] {processor.py:161} INFO - Started process (PID=2711) to work on /home/airflow/.local/lib/python3.12/site-packages/airflow/example_dags/example_params_trigger_ui.py
[2024-06-30T04:13:41.589+0000] {processor.py:830} INFO - Processing file /home/airflow/.local/lib/python3.12/site-packages/airflow/example_dags/example_params_trigger_ui.py for tasks to queue
[2024-06-30T04:13:41.592+0000] {logging_mixin.py:188} INFO - [2024-06-30T04:13:41.591+0000] {dagbag.py:545} INFO - Filling up the DagBag from /home/airflow/.local/lib/python3.12/site-packages/airflow/example_dags/example_params_trigger_ui.py
[2024-06-30T04:13:41.618+0000] {processor.py:840} INFO - DAG(s) 'example_params_trigger_ui' retrieved from /home/airflow/.local/lib/python3.12/site-packages/airflow/example_dags/example_params_trigger_ui.py
[2024-06-30T04:13:41.710+0000] {logging_mixin.py:188} INFO - [2024-06-30T04:13:41.709+0000] {dag.py:3096} INFO - Sync 1 DAGs
[2024-06-30T04:13:41.753+0000] {logging_mixin.py:188} INFO - [2024-06-30T04:13:41.752+0000] {dag.py:3954} INFO - Setting next_dagrun for example_params_trigger_ui to None, run_after=None
[2024-06-30T04:13:41.793+0000] {processor.py:183} INFO - Processing /home/airflow/.local/lib/python3.12/site-packages/airflow/example_dags/example_params_trigger_ui.py took 0.213 seconds
[2024-06-30T04:14:11.870+0000] {processor.py:161} INFO - Started process (PID=2769) to work on /home/airflow/.local/lib/python3.12/site-packages/airflow/example_dags/example_params_trigger_ui.py
[2024-06-30T04:14:11.872+0000] {processor.py:830} INFO - Processing file /home/airflow/.local/lib/python3.12/site-packages/airflow/example_dags/example_params_trigger_ui.py for tasks to queue
[2024-06-30T04:14:11.874+0000] {logging_mixin.py:188} INFO - [2024-06-30T04:14:11.874+0000] {dagbag.py:545} INFO - Filling up the DagBag from /home/airflow/.local/lib/python3.12/site-packages/airflow/example_dags/example_params_trigger_ui.py
[2024-06-30T04:14:11.896+0000] {processor.py:840} INFO - DAG(s) 'example_params_trigger_ui' retrieved from /home/airflow/.local/lib/python3.12/site-packages/airflow/example_dags/example_params_trigger_ui.py
[2024-06-30T04:14:11.975+0000] {logging_mixin.py:188} INFO - [2024-06-30T04:14:11.974+0000] {dag.py:3096} INFO - Sync 1 DAGs
[2024-06-30T04:14:11.997+0000] {logging_mixin.py:188} INFO - [2024-06-30T04:14:11.996+0000] {dag.py:3954} INFO - Setting next_dagrun for example_params_trigger_ui to None, run_after=None
[2024-06-30T04:14:12.028+0000] {processor.py:183} INFO - Processing /home/airflow/.local/lib/python3.12/site-packages/airflow/example_dags/example_params_trigger_ui.py took 0.165 seconds
[2024-06-30T04:14:42.221+0000] {processor.py:161} INFO - Started process (PID=2827) to work on /home/airflow/.local/lib/python3.12/site-packages/airflow/example_dags/example_params_trigger_ui.py
[2024-06-30T04:14:42.224+0000] {processor.py:830} INFO - Processing file /home/airflow/.local/lib/python3.12/site-packages/airflow/example_dags/example_params_trigger_ui.py for tasks to queue
[2024-06-30T04:14:42.228+0000] {logging_mixin.py:188} INFO - [2024-06-30T04:14:42.227+0000] {dagbag.py:545} INFO - Filling up the DagBag from /home/airflow/.local/lib/python3.12/site-packages/airflow/example_dags/example_params_trigger_ui.py
[2024-06-30T04:14:42.262+0000] {processor.py:840} INFO - DAG(s) 'example_params_trigger_ui' retrieved from /home/airflow/.local/lib/python3.12/site-packages/airflow/example_dags/example_params_trigger_ui.py
[2024-06-30T04:14:42.424+0000] {logging_mixin.py:188} INFO - [2024-06-30T04:14:42.423+0000] {dag.py:3096} INFO - Sync 1 DAGs
[2024-06-30T04:14:42.459+0000] {logging_mixin.py:188} INFO - [2024-06-30T04:14:42.458+0000] {dag.py:3954} INFO - Setting next_dagrun for example_params_trigger_ui to None, run_after=None
[2024-06-30T04:14:42.528+0000] {processor.py:183} INFO - Processing /home/airflow/.local/lib/python3.12/site-packages/airflow/example_dags/example_params_trigger_ui.py took 0.318 seconds
[2024-06-30T04:15:12.786+0000] {processor.py:161} INFO - Started process (PID=2885) to work on /home/airflow/.local/lib/python3.12/site-packages/airflow/example_dags/example_params_trigger_ui.py
[2024-06-30T04:15:12.788+0000] {processor.py:830} INFO - Processing file /home/airflow/.local/lib/python3.12/site-packages/airflow/example_dags/example_params_trigger_ui.py for tasks to queue
[2024-06-30T04:15:12.790+0000] {logging_mixin.py:188} INFO - [2024-06-30T04:15:12.790+0000] {dagbag.py:545} INFO - Filling up the DagBag from /home/airflow/.local/lib/python3.12/site-packages/airflow/example_dags/example_params_trigger_ui.py
[2024-06-30T04:15:12.814+0000] {processor.py:840} INFO - DAG(s) 'example_params_trigger_ui' retrieved from /home/airflow/.local/lib/python3.12/site-packages/airflow/example_dags/example_params_trigger_ui.py
[2024-06-30T04:15:12.907+0000] {logging_mixin.py:188} INFO - [2024-06-30T04:15:12.907+0000] {dag.py:3096} INFO - Sync 1 DAGs
[2024-06-30T04:15:12.932+0000] {logging_mixin.py:188} INFO - [2024-06-30T04:15:12.931+0000] {dag.py:3954} INFO - Setting next_dagrun for example_params_trigger_ui to None, run_after=None
[2024-06-30T04:15:12.971+0000] {processor.py:183} INFO - Processing /home/airflow/.local/lib/python3.12/site-packages/airflow/example_dags/example_params_trigger_ui.py took 0.193 seconds
[2024-06-30T04:15:43.515+0000] {processor.py:161} INFO - Started process (PID=2943) to work on /home/airflow/.local/lib/python3.12/site-packages/airflow/example_dags/example_params_trigger_ui.py
[2024-06-30T04:15:43.520+0000] {processor.py:830} INFO - Processing file /home/airflow/.local/lib/python3.12/site-packages/airflow/example_dags/example_params_trigger_ui.py for tasks to queue
[2024-06-30T04:15:43.523+0000] {logging_mixin.py:188} INFO - [2024-06-30T04:15:43.523+0000] {dagbag.py:545} INFO - Filling up the DagBag from /home/airflow/.local/lib/python3.12/site-packages/airflow/example_dags/example_params_trigger_ui.py
[2024-06-30T04:15:43.559+0000] {processor.py:840} INFO - DAG(s) 'example_params_trigger_ui' retrieved from /home/airflow/.local/lib/python3.12/site-packages/airflow/example_dags/example_params_trigger_ui.py
[2024-06-30T04:15:43.707+0000] {logging_mixin.py:188} INFO - [2024-06-30T04:15:43.706+0000] {dag.py:3096} INFO - Sync 1 DAGs
[2024-06-30T04:15:43.779+0000] {logging_mixin.py:188} INFO - [2024-06-30T04:15:43.772+0000] {dag.py:3954} INFO - Setting next_dagrun for example_params_trigger_ui to None, run_after=None
[2024-06-30T04:15:43.837+0000] {processor.py:183} INFO - Processing /home/airflow/.local/lib/python3.12/site-packages/airflow/example_dags/example_params_trigger_ui.py took 0.350 seconds
[2024-06-30T04:16:14.119+0000] {processor.py:161} INFO - Started process (PID=3002) to work on /home/airflow/.local/lib/python3.12/site-packages/airflow/example_dags/example_params_trigger_ui.py
[2024-06-30T04:16:14.121+0000] {processor.py:830} INFO - Processing file /home/airflow/.local/lib/python3.12/site-packages/airflow/example_dags/example_params_trigger_ui.py for tasks to queue
[2024-06-30T04:16:14.125+0000] {logging_mixin.py:188} INFO - [2024-06-30T04:16:14.125+0000] {dagbag.py:545} INFO - Filling up the DagBag from /home/airflow/.local/lib/python3.12/site-packages/airflow/example_dags/example_params_trigger_ui.py
[2024-06-30T04:16:14.161+0000] {processor.py:840} INFO - DAG(s) 'example_params_trigger_ui' retrieved from /home/airflow/.local/lib/python3.12/site-packages/airflow/example_dags/example_params_trigger_ui.py
[2024-06-30T04:16:14.371+0000] {logging_mixin.py:188} INFO - [2024-06-30T04:16:14.371+0000] {dag.py:3096} INFO - Sync 1 DAGs
[2024-06-30T04:16:14.430+0000] {logging_mixin.py:188} INFO - [2024-06-30T04:16:14.430+0000] {dag.py:3954} INFO - Setting next_dagrun for example_params_trigger_ui to None, run_after=None
[2024-06-30T04:16:14.494+0000] {processor.py:183} INFO - Processing /home/airflow/.local/lib/python3.12/site-packages/airflow/example_dags/example_params_trigger_ui.py took 0.390 seconds
[2024-06-30T04:16:44.596+0000] {processor.py:161} INFO - Started process (PID=3059) to work on /home/airflow/.local/lib/python3.12/site-packages/airflow/example_dags/example_params_trigger_ui.py
[2024-06-30T04:16:44.598+0000] {processor.py:830} INFO - Processing file /home/airflow/.local/lib/python3.12/site-packages/airflow/example_dags/example_params_trigger_ui.py for tasks to queue
[2024-06-30T04:16:44.602+0000] {logging_mixin.py:188} INFO - [2024-06-30T04:16:44.602+0000] {dagbag.py:545} INFO - Filling up the DagBag from /home/airflow/.local/lib/python3.12/site-packages/airflow/example_dags/example_params_trigger_ui.py
[2024-06-30T04:16:44.626+0000] {processor.py:840} INFO - DAG(s) 'example_params_trigger_ui' retrieved from /home/airflow/.local/lib/python3.12/site-packages/airflow/example_dags/example_params_trigger_ui.py
[2024-06-30T04:16:44.728+0000] {logging_mixin.py:188} INFO - [2024-06-30T04:16:44.728+0000] {dag.py:3096} INFO - Sync 1 DAGs
[2024-06-30T04:16:44.768+0000] {logging_mixin.py:188} INFO - [2024-06-30T04:16:44.767+0000] {dag.py:3954} INFO - Setting next_dagrun for example_params_trigger_ui to None, run_after=None
[2024-06-30T04:16:44.811+0000] {processor.py:183} INFO - Processing /home/airflow/.local/lib/python3.12/site-packages/airflow/example_dags/example_params_trigger_ui.py took 0.226 seconds
[2024-06-30T04:17:14.913+0000] {processor.py:161} INFO - Started process (PID=3116) to work on /home/airflow/.local/lib/python3.12/site-packages/airflow/example_dags/example_params_trigger_ui.py
[2024-06-30T04:17:14.914+0000] {processor.py:830} INFO - Processing file /home/airflow/.local/lib/python3.12/site-packages/airflow/example_dags/example_params_trigger_ui.py for tasks to queue
[2024-06-30T04:17:14.916+0000] {logging_mixin.py:188} INFO - [2024-06-30T04:17:14.916+0000] {dagbag.py:545} INFO - Filling up the DagBag from /home/airflow/.local/lib/python3.12/site-packages/airflow/example_dags/example_params_trigger_ui.py
[2024-06-30T04:17:14.934+0000] {processor.py:840} INFO - DAG(s) 'example_params_trigger_ui' retrieved from /home/airflow/.local/lib/python3.12/site-packages/airflow/example_dags/example_params_trigger_ui.py
[2024-06-30T04:17:14.998+0000] {logging_mixin.py:188} INFO - [2024-06-30T04:17:14.998+0000] {dag.py:3096} INFO - Sync 1 DAGs
[2024-06-30T04:17:15.014+0000] {logging_mixin.py:188} INFO - [2024-06-30T04:17:15.013+0000] {dag.py:3954} INFO - Setting next_dagrun for example_params_trigger_ui to None, run_after=None
[2024-06-30T04:17:15.040+0000] {processor.py:183} INFO - Processing /home/airflow/.local/lib/python3.12/site-packages/airflow/example_dags/example_params_trigger_ui.py took 0.133 seconds
[2024-06-30T04:17:45.677+0000] {processor.py:161} INFO - Started process (PID=3173) to work on /home/airflow/.local/lib/python3.12/site-packages/airflow/example_dags/example_params_trigger_ui.py
[2024-06-30T04:17:45.684+0000] {processor.py:830} INFO - Processing file /home/airflow/.local/lib/python3.12/site-packages/airflow/example_dags/example_params_trigger_ui.py for tasks to queue
[2024-06-30T04:17:45.692+0000] {logging_mixin.py:188} INFO - [2024-06-30T04:17:45.691+0000] {dagbag.py:545} INFO - Filling up the DagBag from /home/airflow/.local/lib/python3.12/site-packages/airflow/example_dags/example_params_trigger_ui.py
[2024-06-30T04:17:45.790+0000] {processor.py:840} INFO - DAG(s) 'example_params_trigger_ui' retrieved from /home/airflow/.local/lib/python3.12/site-packages/airflow/example_dags/example_params_trigger_ui.py
[2024-06-30T04:17:46.098+0000] {logging_mixin.py:188} INFO - [2024-06-30T04:17:46.097+0000] {dag.py:3096} INFO - Sync 1 DAGs
[2024-06-30T04:17:46.162+0000] {logging_mixin.py:188} INFO - [2024-06-30T04:17:46.161+0000] {dag.py:3954} INFO - Setting next_dagrun for example_params_trigger_ui to None, run_after=None
[2024-06-30T04:17:46.264+0000] {processor.py:183} INFO - Processing /home/airflow/.local/lib/python3.12/site-packages/airflow/example_dags/example_params_trigger_ui.py took 0.608 seconds
[2024-06-30T04:18:16.562+0000] {processor.py:161} INFO - Started process (PID=3230) to work on /home/airflow/.local/lib/python3.12/site-packages/airflow/example_dags/example_params_trigger_ui.py
[2024-06-30T04:18:16.571+0000] {processor.py:830} INFO - Processing file /home/airflow/.local/lib/python3.12/site-packages/airflow/example_dags/example_params_trigger_ui.py for tasks to queue
[2024-06-30T04:18:16.575+0000] {logging_mixin.py:188} INFO - [2024-06-30T04:18:16.574+0000] {dagbag.py:545} INFO - Filling up the DagBag from /home/airflow/.local/lib/python3.12/site-packages/airflow/example_dags/example_params_trigger_ui.py
[2024-06-30T04:18:16.604+0000] {processor.py:840} INFO - DAG(s) 'example_params_trigger_ui' retrieved from /home/airflow/.local/lib/python3.12/site-packages/airflow/example_dags/example_params_trigger_ui.py
[2024-06-30T04:18:16.734+0000] {logging_mixin.py:188} INFO - [2024-06-30T04:18:16.733+0000] {dag.py:3096} INFO - Sync 1 DAGs
[2024-06-30T04:18:16.766+0000] {logging_mixin.py:188} INFO - [2024-06-30T04:18:16.765+0000] {dag.py:3954} INFO - Setting next_dagrun for example_params_trigger_ui to None, run_after=None
[2024-06-30T04:18:16.816+0000] {processor.py:183} INFO - Processing /home/airflow/.local/lib/python3.12/site-packages/airflow/example_dags/example_params_trigger_ui.py took 0.264 seconds
[2024-06-30T04:18:47.187+0000] {processor.py:161} INFO - Started process (PID=3288) to work on /home/airflow/.local/lib/python3.12/site-packages/airflow/example_dags/example_params_trigger_ui.py
[2024-06-30T04:18:47.189+0000] {processor.py:830} INFO - Processing file /home/airflow/.local/lib/python3.12/site-packages/airflow/example_dags/example_params_trigger_ui.py for tasks to queue
[2024-06-30T04:18:47.195+0000] {logging_mixin.py:188} INFO - [2024-06-30T04:18:47.193+0000] {dagbag.py:545} INFO - Filling up the DagBag from /home/airflow/.local/lib/python3.12/site-packages/airflow/example_dags/example_params_trigger_ui.py
[2024-06-30T04:18:47.230+0000] {processor.py:840} INFO - DAG(s) 'example_params_trigger_ui' retrieved from /home/airflow/.local/lib/python3.12/site-packages/airflow/example_dags/example_params_trigger_ui.py
[2024-06-30T04:18:47.433+0000] {logging_mixin.py:188} INFO - [2024-06-30T04:18:47.431+0000] {dag.py:3096} INFO - Sync 1 DAGs
[2024-06-30T04:18:47.490+0000] {logging_mixin.py:188} INFO - [2024-06-30T04:18:47.489+0000] {dag.py:3954} INFO - Setting next_dagrun for example_params_trigger_ui to None, run_after=None
[2024-06-30T04:18:47.601+0000] {processor.py:183} INFO - Processing /home/airflow/.local/lib/python3.12/site-packages/airflow/example_dags/example_params_trigger_ui.py took 0.431 seconds
[2024-06-30T04:19:17.852+0000] {processor.py:161} INFO - Started process (PID=3347) to work on /home/airflow/.local/lib/python3.12/site-packages/airflow/example_dags/example_params_trigger_ui.py
[2024-06-30T04:19:17.854+0000] {processor.py:830} INFO - Processing file /home/airflow/.local/lib/python3.12/site-packages/airflow/example_dags/example_params_trigger_ui.py for tasks to queue
[2024-06-30T04:19:17.858+0000] {logging_mixin.py:188} INFO - [2024-06-30T04:19:17.857+0000] {dagbag.py:545} INFO - Filling up the DagBag from /home/airflow/.local/lib/python3.12/site-packages/airflow/example_dags/example_params_trigger_ui.py
[2024-06-30T04:19:17.888+0000] {processor.py:840} INFO - DAG(s) 'example_params_trigger_ui' retrieved from /home/airflow/.local/lib/python3.12/site-packages/airflow/example_dags/example_params_trigger_ui.py
[2024-06-30T04:19:17.975+0000] {logging_mixin.py:188} INFO - [2024-06-30T04:19:17.974+0000] {dag.py:3096} INFO - Sync 1 DAGs
[2024-06-30T04:19:18.004+0000] {logging_mixin.py:188} INFO - [2024-06-30T04:19:18.004+0000] {dag.py:3954} INFO - Setting next_dagrun for example_params_trigger_ui to None, run_after=None
[2024-06-30T04:19:18.035+0000] {processor.py:183} INFO - Processing /home/airflow/.local/lib/python3.12/site-packages/airflow/example_dags/example_params_trigger_ui.py took 0.196 seconds
[2024-06-30T04:19:48.313+0000] {processor.py:161} INFO - Started process (PID=3404) to work on /home/airflow/.local/lib/python3.12/site-packages/airflow/example_dags/example_params_trigger_ui.py
[2024-06-30T04:19:48.315+0000] {processor.py:830} INFO - Processing file /home/airflow/.local/lib/python3.12/site-packages/airflow/example_dags/example_params_trigger_ui.py for tasks to queue
[2024-06-30T04:19:48.317+0000] {logging_mixin.py:188} INFO - [2024-06-30T04:19:48.317+0000] {dagbag.py:545} INFO - Filling up the DagBag from /home/airflow/.local/lib/python3.12/site-packages/airflow/example_dags/example_params_trigger_ui.py
[2024-06-30T04:19:48.350+0000] {processor.py:840} INFO - DAG(s) 'example_params_trigger_ui' retrieved from /home/airflow/.local/lib/python3.12/site-packages/airflow/example_dags/example_params_trigger_ui.py
[2024-06-30T04:19:48.467+0000] {logging_mixin.py:188} INFO - [2024-06-30T04:19:48.462+0000] {dag.py:3096} INFO - Sync 1 DAGs
[2024-06-30T04:19:48.505+0000] {logging_mixin.py:188} INFO - [2024-06-30T04:19:48.505+0000] {dag.py:3954} INFO - Setting next_dagrun for example_params_trigger_ui to None, run_after=None
[2024-06-30T04:19:48.541+0000] {processor.py:183} INFO - Processing /home/airflow/.local/lib/python3.12/site-packages/airflow/example_dags/example_params_trigger_ui.py took 0.239 seconds
