[2024-06-30T03:50:08.827+0000] {processor.py:161} INFO - Started process (PID=89) to work on /home/airflow/.local/lib/python3.12/site-packages/airflow/example_dags/example_branch_labels.py
[2024-06-30T03:50:08.831+0000] {processor.py:830} INFO - Processing file /home/airflow/.local/lib/python3.12/site-packages/airflow/example_dags/example_branch_labels.py for tasks to queue
[2024-06-30T03:50:08.840+0000] {logging_mixin.py:188} INFO - [2024-06-30T03:50:08.839+0000] {dagbag.py:545} INFO - Filling up the DagBag from /home/airflow/.local/lib/python3.12/site-packages/airflow/example_dags/example_branch_labels.py
[2024-06-30T03:50:08.875+0000] {processor.py:840} INFO - DAG(s) 'example_branch_labels' retrieved from /home/airflow/.local/lib/python3.12/site-packages/airflow/example_dags/example_branch_labels.py
[2024-06-30T03:50:09.428+0000] {logging_mixin.py:188} INFO - [2024-06-30T03:50:09.426+0000] {dag.py:3096} INFO - Sync 1 DAGs
[2024-06-30T03:50:09.545+0000] {logging_mixin.py:188} INFO - [2024-06-30T03:50:09.545+0000] {dag.py:3954} INFO - Setting next_dagrun for example_branch_labels to 2024-06-29 00:00:00+00:00, run_after=2024-06-30 00:00:00+00:00
[2024-06-30T03:50:09.630+0000] {processor.py:183} INFO - Processing /home/airflow/.local/lib/python3.12/site-packages/airflow/example_dags/example_branch_labels.py took 0.819 seconds
[2024-06-30T03:50:40.157+0000] {processor.py:161} INFO - Started process (PID=147) to work on /home/airflow/.local/lib/python3.12/site-packages/airflow/example_dags/example_branch_labels.py
[2024-06-30T03:50:40.160+0000] {processor.py:830} INFO - Processing file /home/airflow/.local/lib/python3.12/site-packages/airflow/example_dags/example_branch_labels.py for tasks to queue
[2024-06-30T03:50:40.164+0000] {logging_mixin.py:188} INFO - [2024-06-30T03:50:40.163+0000] {dagbag.py:545} INFO - Filling up the DagBag from /home/airflow/.local/lib/python3.12/site-packages/airflow/example_dags/example_branch_labels.py
[2024-06-30T03:50:40.180+0000] {processor.py:840} INFO - DAG(s) 'example_branch_labels' retrieved from /home/airflow/.local/lib/python3.12/site-packages/airflow/example_dags/example_branch_labels.py
[2024-06-30T03:50:40.231+0000] {logging_mixin.py:188} INFO - [2024-06-30T03:50:40.230+0000] {dag.py:3096} INFO - Sync 1 DAGs
[2024-06-30T03:50:40.288+0000] {logging_mixin.py:188} INFO - [2024-06-30T03:50:40.287+0000] {dag.py:3954} INFO - Setting next_dagrun for example_branch_labels to 2024-06-29 00:00:00+00:00, run_after=2024-06-30 00:00:00+00:00
[2024-06-30T03:50:40.398+0000] {processor.py:183} INFO - Processing /home/airflow/.local/lib/python3.12/site-packages/airflow/example_dags/example_branch_labels.py took 0.252 seconds
[2024-06-30T03:51:11.305+0000] {processor.py:161} INFO - Started process (PID=204) to work on /home/airflow/.local/lib/python3.12/site-packages/airflow/example_dags/example_branch_labels.py
[2024-06-30T03:51:11.316+0000] {processor.py:830} INFO - Processing file /home/airflow/.local/lib/python3.12/site-packages/airflow/example_dags/example_branch_labels.py for tasks to queue
[2024-06-30T03:51:11.341+0000] {logging_mixin.py:188} INFO - [2024-06-30T03:51:11.340+0000] {dagbag.py:545} INFO - Filling up the DagBag from /home/airflow/.local/lib/python3.12/site-packages/airflow/example_dags/example_branch_labels.py
[2024-06-30T03:51:11.374+0000] {processor.py:840} INFO - DAG(s) 'example_branch_labels' retrieved from /home/airflow/.local/lib/python3.12/site-packages/airflow/example_dags/example_branch_labels.py
[2024-06-30T03:51:11.572+0000] {logging_mixin.py:188} INFO - [2024-06-30T03:51:11.571+0000] {dag.py:3096} INFO - Sync 1 DAGs
[2024-06-30T03:51:11.886+0000] {logging_mixin.py:188} INFO - [2024-06-30T03:51:11.885+0000] {dag.py:3954} INFO - Setting next_dagrun for example_branch_labels to 2024-06-29 00:00:00+00:00, run_after=2024-06-30 00:00:00+00:00
[2024-06-30T03:51:12.057+0000] {processor.py:183} INFO - Processing /home/airflow/.local/lib/python3.12/site-packages/airflow/example_dags/example_branch_labels.py took 0.791 seconds
[2024-06-30T03:51:42.911+0000] {processor.py:161} INFO - Started process (PID=262) to work on /home/airflow/.local/lib/python3.12/site-packages/airflow/example_dags/example_branch_labels.py
[2024-06-30T03:51:42.915+0000] {processor.py:830} INFO - Processing file /home/airflow/.local/lib/python3.12/site-packages/airflow/example_dags/example_branch_labels.py for tasks to queue
[2024-06-30T03:51:42.932+0000] {logging_mixin.py:188} INFO - [2024-06-30T03:51:42.929+0000] {dagbag.py:545} INFO - Filling up the DagBag from /home/airflow/.local/lib/python3.12/site-packages/airflow/example_dags/example_branch_labels.py
[2024-06-30T03:51:43.004+0000] {processor.py:840} INFO - DAG(s) 'example_branch_labels' retrieved from /home/airflow/.local/lib/python3.12/site-packages/airflow/example_dags/example_branch_labels.py
[2024-06-30T03:51:43.170+0000] {logging_mixin.py:188} INFO - [2024-06-30T03:51:43.169+0000] {dag.py:3096} INFO - Sync 1 DAGs
[2024-06-30T03:51:43.301+0000] {logging_mixin.py:188} INFO - [2024-06-30T03:51:43.299+0000] {dag.py:3954} INFO - Setting next_dagrun for example_branch_labels to 2024-06-29 00:00:00+00:00, run_after=2024-06-30 00:00:00+00:00
[2024-06-30T03:51:43.420+0000] {processor.py:183} INFO - Processing /home/airflow/.local/lib/python3.12/site-packages/airflow/example_dags/example_branch_labels.py took 0.528 seconds
[2024-06-30T03:52:14.084+0000] {processor.py:161} INFO - Started process (PID=321) to work on /home/airflow/.local/lib/python3.12/site-packages/airflow/example_dags/example_branch_labels.py
[2024-06-30T03:52:14.086+0000] {processor.py:830} INFO - Processing file /home/airflow/.local/lib/python3.12/site-packages/airflow/example_dags/example_branch_labels.py for tasks to queue
[2024-06-30T03:52:14.090+0000] {logging_mixin.py:188} INFO - [2024-06-30T03:52:14.089+0000] {dagbag.py:545} INFO - Filling up the DagBag from /home/airflow/.local/lib/python3.12/site-packages/airflow/example_dags/example_branch_labels.py
[2024-06-30T03:52:14.105+0000] {processor.py:840} INFO - DAG(s) 'example_branch_labels' retrieved from /home/airflow/.local/lib/python3.12/site-packages/airflow/example_dags/example_branch_labels.py
[2024-06-30T03:52:14.149+0000] {logging_mixin.py:188} INFO - [2024-06-30T03:52:14.148+0000] {dag.py:3096} INFO - Sync 1 DAGs
[2024-06-30T03:52:14.198+0000] {logging_mixin.py:188} INFO - [2024-06-30T03:52:14.198+0000] {dag.py:3954} INFO - Setting next_dagrun for example_branch_labels to 2024-06-29 00:00:00+00:00, run_after=2024-06-30 00:00:00+00:00
[2024-06-30T03:52:14.242+0000] {processor.py:183} INFO - Processing /home/airflow/.local/lib/python3.12/site-packages/airflow/example_dags/example_branch_labels.py took 0.168 seconds
[2024-06-30T03:52:45.094+0000] {processor.py:161} INFO - Started process (PID=379) to work on /home/airflow/.local/lib/python3.12/site-packages/airflow/example_dags/example_branch_labels.py
[2024-06-30T03:52:45.097+0000] {processor.py:830} INFO - Processing file /home/airflow/.local/lib/python3.12/site-packages/airflow/example_dags/example_branch_labels.py for tasks to queue
[2024-06-30T03:52:45.103+0000] {logging_mixin.py:188} INFO - [2024-06-30T03:52:45.101+0000] {dagbag.py:545} INFO - Filling up the DagBag from /home/airflow/.local/lib/python3.12/site-packages/airflow/example_dags/example_branch_labels.py
[2024-06-30T03:52:45.124+0000] {processor.py:840} INFO - DAG(s) 'example_branch_labels' retrieved from /home/airflow/.local/lib/python3.12/site-packages/airflow/example_dags/example_branch_labels.py
[2024-06-30T03:52:45.183+0000] {logging_mixin.py:188} INFO - [2024-06-30T03:52:45.182+0000] {dag.py:3096} INFO - Sync 1 DAGs
[2024-06-30T03:52:45.245+0000] {logging_mixin.py:188} INFO - [2024-06-30T03:52:45.245+0000] {dag.py:3954} INFO - Setting next_dagrun for example_branch_labels to 2024-06-29 00:00:00+00:00, run_after=2024-06-30 00:00:00+00:00
[2024-06-30T03:52:45.348+0000] {processor.py:183} INFO - Processing /home/airflow/.local/lib/python3.12/site-packages/airflow/example_dags/example_branch_labels.py took 0.270 seconds
[2024-06-30T03:53:15.528+0000] {processor.py:161} INFO - Started process (PID=437) to work on /home/airflow/.local/lib/python3.12/site-packages/airflow/example_dags/example_branch_labels.py
[2024-06-30T03:53:15.532+0000] {processor.py:830} INFO - Processing file /home/airflow/.local/lib/python3.12/site-packages/airflow/example_dags/example_branch_labels.py for tasks to queue
[2024-06-30T03:53:15.556+0000] {logging_mixin.py:188} INFO - [2024-06-30T03:53:15.555+0000] {dagbag.py:545} INFO - Filling up the DagBag from /home/airflow/.local/lib/python3.12/site-packages/airflow/example_dags/example_branch_labels.py
[2024-06-30T03:53:15.598+0000] {processor.py:840} INFO - DAG(s) 'example_branch_labels' retrieved from /home/airflow/.local/lib/python3.12/site-packages/airflow/example_dags/example_branch_labels.py
[2024-06-30T03:53:15.667+0000] {logging_mixin.py:188} INFO - [2024-06-30T03:53:15.666+0000] {dag.py:3096} INFO - Sync 1 DAGs
[2024-06-30T03:53:15.756+0000] {logging_mixin.py:188} INFO - [2024-06-30T03:53:15.755+0000] {dag.py:3954} INFO - Setting next_dagrun for example_branch_labels to 2024-06-29 00:00:00+00:00, run_after=2024-06-30 00:00:00+00:00
[2024-06-30T03:53:15.878+0000] {processor.py:183} INFO - Processing /home/airflow/.local/lib/python3.12/site-packages/airflow/example_dags/example_branch_labels.py took 0.374 seconds
[2024-06-30T03:53:46.654+0000] {processor.py:161} INFO - Started process (PID=495) to work on /home/airflow/.local/lib/python3.12/site-packages/airflow/example_dags/example_branch_labels.py
[2024-06-30T03:53:46.657+0000] {processor.py:830} INFO - Processing file /home/airflow/.local/lib/python3.12/site-packages/airflow/example_dags/example_branch_labels.py for tasks to queue
[2024-06-30T03:53:46.675+0000] {logging_mixin.py:188} INFO - [2024-06-30T03:53:46.674+0000] {dagbag.py:545} INFO - Filling up the DagBag from /home/airflow/.local/lib/python3.12/site-packages/airflow/example_dags/example_branch_labels.py
[2024-06-30T03:53:46.766+0000] {processor.py:840} INFO - DAG(s) 'example_branch_labels' retrieved from /home/airflow/.local/lib/python3.12/site-packages/airflow/example_dags/example_branch_labels.py
[2024-06-30T03:53:46.981+0000] {logging_mixin.py:188} INFO - [2024-06-30T03:53:46.980+0000] {dag.py:3096} INFO - Sync 1 DAGs
[2024-06-30T03:53:47.257+0000] {logging_mixin.py:188} INFO - [2024-06-30T03:53:47.256+0000] {dag.py:3954} INFO - Setting next_dagrun for example_branch_labels to 2024-06-29 00:00:00+00:00, run_after=2024-06-30 00:00:00+00:00
[2024-06-30T03:53:47.446+0000] {processor.py:183} INFO - Processing /home/airflow/.local/lib/python3.12/site-packages/airflow/example_dags/example_branch_labels.py took 0.870 seconds
[2024-06-30T03:54:17.797+0000] {processor.py:161} INFO - Started process (PID=553) to work on /home/airflow/.local/lib/python3.12/site-packages/airflow/example_dags/example_branch_labels.py
[2024-06-30T03:54:17.800+0000] {processor.py:830} INFO - Processing file /home/airflow/.local/lib/python3.12/site-packages/airflow/example_dags/example_branch_labels.py for tasks to queue
[2024-06-30T03:54:17.810+0000] {logging_mixin.py:188} INFO - [2024-06-30T03:54:17.808+0000] {dagbag.py:545} INFO - Filling up the DagBag from /home/airflow/.local/lib/python3.12/site-packages/airflow/example_dags/example_branch_labels.py
[2024-06-30T03:54:17.831+0000] {processor.py:840} INFO - DAG(s) 'example_branch_labels' retrieved from /home/airflow/.local/lib/python3.12/site-packages/airflow/example_dags/example_branch_labels.py
[2024-06-30T03:54:17.895+0000] {logging_mixin.py:188} INFO - [2024-06-30T03:54:17.894+0000] {dag.py:3096} INFO - Sync 1 DAGs
[2024-06-30T03:54:17.954+0000] {logging_mixin.py:188} INFO - [2024-06-30T03:54:17.954+0000] {dag.py:3954} INFO - Setting next_dagrun for example_branch_labels to 2024-06-29 00:00:00+00:00, run_after=2024-06-30 00:00:00+00:00
[2024-06-30T03:54:18.075+0000] {processor.py:183} INFO - Processing /home/airflow/.local/lib/python3.12/site-packages/airflow/example_dags/example_branch_labels.py took 0.292 seconds
[2024-06-30T03:54:48.267+0000] {processor.py:161} INFO - Started process (PID=611) to work on /home/airflow/.local/lib/python3.12/site-packages/airflow/example_dags/example_branch_labels.py
[2024-06-30T03:54:48.269+0000] {processor.py:830} INFO - Processing file /home/airflow/.local/lib/python3.12/site-packages/airflow/example_dags/example_branch_labels.py for tasks to queue
[2024-06-30T03:54:48.275+0000] {logging_mixin.py:188} INFO - [2024-06-30T03:54:48.274+0000] {dagbag.py:545} INFO - Filling up the DagBag from /home/airflow/.local/lib/python3.12/site-packages/airflow/example_dags/example_branch_labels.py
[2024-06-30T03:54:48.292+0000] {processor.py:840} INFO - DAG(s) 'example_branch_labels' retrieved from /home/airflow/.local/lib/python3.12/site-packages/airflow/example_dags/example_branch_labels.py
[2024-06-30T03:54:48.346+0000] {logging_mixin.py:188} INFO - [2024-06-30T03:54:48.346+0000] {dag.py:3096} INFO - Sync 1 DAGs
[2024-06-30T03:54:48.403+0000] {logging_mixin.py:188} INFO - [2024-06-30T03:54:48.402+0000] {dag.py:3954} INFO - Setting next_dagrun for example_branch_labels to 2024-06-29 00:00:00+00:00, run_after=2024-06-30 00:00:00+00:00
[2024-06-30T03:54:48.502+0000] {processor.py:183} INFO - Processing /home/airflow/.local/lib/python3.12/site-packages/airflow/example_dags/example_branch_labels.py took 0.247 seconds
[2024-06-30T03:55:18.969+0000] {processor.py:161} INFO - Started process (PID=669) to work on /home/airflow/.local/lib/python3.12/site-packages/airflow/example_dags/example_branch_labels.py
[2024-06-30T03:55:18.984+0000] {processor.py:830} INFO - Processing file /home/airflow/.local/lib/python3.12/site-packages/airflow/example_dags/example_branch_labels.py for tasks to queue
[2024-06-30T03:55:18.994+0000] {logging_mixin.py:188} INFO - [2024-06-30T03:55:18.993+0000] {dagbag.py:545} INFO - Filling up the DagBag from /home/airflow/.local/lib/python3.12/site-packages/airflow/example_dags/example_branch_labels.py
[2024-06-30T03:55:19.052+0000] {processor.py:840} INFO - DAG(s) 'example_branch_labels' retrieved from /home/airflow/.local/lib/python3.12/site-packages/airflow/example_dags/example_branch_labels.py
[2024-06-30T03:55:19.149+0000] {logging_mixin.py:188} INFO - [2024-06-30T03:55:19.148+0000] {dag.py:3096} INFO - Sync 1 DAGs
[2024-06-30T03:55:19.241+0000] {logging_mixin.py:188} INFO - [2024-06-30T03:55:19.240+0000] {dag.py:3954} INFO - Setting next_dagrun for example_branch_labels to 2024-06-29 00:00:00+00:00, run_after=2024-06-30 00:00:00+00:00
[2024-06-30T03:55:19.359+0000] {processor.py:183} INFO - Processing /home/airflow/.local/lib/python3.12/site-packages/airflow/example_dags/example_branch_labels.py took 0.425 seconds
[2024-06-30T03:56:09.476+0000] {processor.py:161} INFO - Started process (PID=747) to work on /home/airflow/.local/lib/python3.12/site-packages/airflow/example_dags/example_branch_labels.py
[2024-06-30T03:56:09.479+0000] {processor.py:830} INFO - Processing file /home/airflow/.local/lib/python3.12/site-packages/airflow/example_dags/example_branch_labels.py for tasks to queue
[2024-06-30T03:56:09.487+0000] {logging_mixin.py:188} INFO - [2024-06-30T03:56:09.485+0000] {dagbag.py:545} INFO - Filling up the DagBag from /home/airflow/.local/lib/python3.12/site-packages/airflow/example_dags/example_branch_labels.py
[2024-06-30T03:56:09.510+0000] {processor.py:840} INFO - DAG(s) 'example_branch_labels' retrieved from /home/airflow/.local/lib/python3.12/site-packages/airflow/example_dags/example_branch_labels.py
[2024-06-30T03:56:09.573+0000] {logging_mixin.py:188} INFO - [2024-06-30T03:56:09.572+0000] {dag.py:3096} INFO - Sync 1 DAGs
[2024-06-30T03:56:09.659+0000] {logging_mixin.py:188} INFO - [2024-06-30T03:56:09.659+0000] {dag.py:3954} INFO - Setting next_dagrun for example_branch_labels to 2024-06-29 00:00:00+00:00, run_after=2024-06-30 00:00:00+00:00
[2024-06-30T03:56:09.713+0000] {processor.py:183} INFO - Processing /home/airflow/.local/lib/python3.12/site-packages/airflow/example_dags/example_branch_labels.py took 0.248 seconds
[2024-06-30T03:56:40.143+0000] {processor.py:161} INFO - Started process (PID=804) to work on /home/airflow/.local/lib/python3.12/site-packages/airflow/example_dags/example_branch_labels.py
[2024-06-30T03:56:40.170+0000] {processor.py:830} INFO - Processing file /home/airflow/.local/lib/python3.12/site-packages/airflow/example_dags/example_branch_labels.py for tasks to queue
[2024-06-30T03:56:40.177+0000] {logging_mixin.py:188} INFO - [2024-06-30T03:56:40.176+0000] {dagbag.py:545} INFO - Filling up the DagBag from /home/airflow/.local/lib/python3.12/site-packages/airflow/example_dags/example_branch_labels.py
[2024-06-30T03:56:40.212+0000] {processor.py:840} INFO - DAG(s) 'example_branch_labels' retrieved from /home/airflow/.local/lib/python3.12/site-packages/airflow/example_dags/example_branch_labels.py
[2024-06-30T03:56:40.304+0000] {logging_mixin.py:188} INFO - [2024-06-30T03:56:40.303+0000] {dag.py:3096} INFO - Sync 1 DAGs
[2024-06-30T03:56:40.431+0000] {logging_mixin.py:188} INFO - [2024-06-30T03:56:40.427+0000] {dag.py:3954} INFO - Setting next_dagrun for example_branch_labels to 2024-06-29 00:00:00+00:00, run_after=2024-06-30 00:00:00+00:00
[2024-06-30T03:56:40.567+0000] {processor.py:183} INFO - Processing /home/airflow/.local/lib/python3.12/site-packages/airflow/example_dags/example_branch_labels.py took 0.447 seconds
[2024-06-30T03:57:15.654+0000] {processor.py:161} INFO - Started process (PID=862) to work on /home/airflow/.local/lib/python3.12/site-packages/airflow/example_dags/example_branch_labels.py
[2024-06-30T03:57:15.655+0000] {processor.py:830} INFO - Processing file /home/airflow/.local/lib/python3.12/site-packages/airflow/example_dags/example_branch_labels.py for tasks to queue
[2024-06-30T03:57:15.659+0000] {logging_mixin.py:188} INFO - [2024-06-30T03:57:15.658+0000] {dagbag.py:545} INFO - Filling up the DagBag from /home/airflow/.local/lib/python3.12/site-packages/airflow/example_dags/example_branch_labels.py
[2024-06-30T03:57:15.691+0000] {processor.py:840} INFO - DAG(s) 'example_branch_labels' retrieved from /home/airflow/.local/lib/python3.12/site-packages/airflow/example_dags/example_branch_labels.py
[2024-06-30T03:57:15.771+0000] {logging_mixin.py:188} INFO - [2024-06-30T03:57:15.770+0000] {dag.py:3096} INFO - Sync 1 DAGs
[2024-06-30T03:57:15.876+0000] {logging_mixin.py:188} INFO - [2024-06-30T03:57:15.875+0000] {dag.py:3954} INFO - Setting next_dagrun for example_branch_labels to 2024-06-29 00:00:00+00:00, run_after=2024-06-30 00:00:00+00:00
[2024-06-30T03:57:16.013+0000] {processor.py:183} INFO - Processing /home/airflow/.local/lib/python3.12/site-packages/airflow/example_dags/example_branch_labels.py took 0.376 seconds
[2024-06-30T03:57:46.728+0000] {processor.py:161} INFO - Started process (PID=920) to work on /home/airflow/.local/lib/python3.12/site-packages/airflow/example_dags/example_branch_labels.py
[2024-06-30T03:57:46.732+0000] {processor.py:830} INFO - Processing file /home/airflow/.local/lib/python3.12/site-packages/airflow/example_dags/example_branch_labels.py for tasks to queue
[2024-06-30T03:57:46.737+0000] {logging_mixin.py:188} INFO - [2024-06-30T03:57:46.736+0000] {dagbag.py:545} INFO - Filling up the DagBag from /home/airflow/.local/lib/python3.12/site-packages/airflow/example_dags/example_branch_labels.py
[2024-06-30T03:57:46.763+0000] {processor.py:840} INFO - DAG(s) 'example_branch_labels' retrieved from /home/airflow/.local/lib/python3.12/site-packages/airflow/example_dags/example_branch_labels.py
[2024-06-30T03:57:46.840+0000] {logging_mixin.py:188} INFO - [2024-06-30T03:57:46.840+0000] {dag.py:3096} INFO - Sync 1 DAGs
[2024-06-30T03:57:46.923+0000] {logging_mixin.py:188} INFO - [2024-06-30T03:57:46.922+0000] {dag.py:3954} INFO - Setting next_dagrun for example_branch_labels to 2024-06-29 00:00:00+00:00, run_after=2024-06-30 00:00:00+00:00
[2024-06-30T03:57:47.094+0000] {processor.py:183} INFO - Processing /home/airflow/.local/lib/python3.12/site-packages/airflow/example_dags/example_branch_labels.py took 0.379 seconds
[2024-06-30T03:58:17.475+0000] {processor.py:161} INFO - Started process (PID=978) to work on /home/airflow/.local/lib/python3.12/site-packages/airflow/example_dags/example_branch_labels.py
[2024-06-30T03:58:17.478+0000] {processor.py:830} INFO - Processing file /home/airflow/.local/lib/python3.12/site-packages/airflow/example_dags/example_branch_labels.py for tasks to queue
[2024-06-30T03:58:17.482+0000] {logging_mixin.py:188} INFO - [2024-06-30T03:58:17.481+0000] {dagbag.py:545} INFO - Filling up the DagBag from /home/airflow/.local/lib/python3.12/site-packages/airflow/example_dags/example_branch_labels.py
[2024-06-30T03:58:17.503+0000] {processor.py:840} INFO - DAG(s) 'example_branch_labels' retrieved from /home/airflow/.local/lib/python3.12/site-packages/airflow/example_dags/example_branch_labels.py
[2024-06-30T03:58:17.554+0000] {logging_mixin.py:188} INFO - [2024-06-30T03:58:17.553+0000] {dag.py:3096} INFO - Sync 1 DAGs
[2024-06-30T03:58:17.615+0000] {logging_mixin.py:188} INFO - [2024-06-30T03:58:17.614+0000] {dag.py:3954} INFO - Setting next_dagrun for example_branch_labels to 2024-06-29 00:00:00+00:00, run_after=2024-06-30 00:00:00+00:00
[2024-06-30T03:58:17.737+0000] {processor.py:183} INFO - Processing /home/airflow/.local/lib/python3.12/site-packages/airflow/example_dags/example_branch_labels.py took 0.274 seconds
[2024-06-30T03:58:48.119+0000] {processor.py:161} INFO - Started process (PID=1034) to work on /home/airflow/.local/lib/python3.12/site-packages/airflow/example_dags/example_branch_labels.py
[2024-06-30T03:58:48.121+0000] {processor.py:830} INFO - Processing file /home/airflow/.local/lib/python3.12/site-packages/airflow/example_dags/example_branch_labels.py for tasks to queue
[2024-06-30T03:58:48.125+0000] {logging_mixin.py:188} INFO - [2024-06-30T03:58:48.124+0000] {dagbag.py:545} INFO - Filling up the DagBag from /home/airflow/.local/lib/python3.12/site-packages/airflow/example_dags/example_branch_labels.py
[2024-06-30T03:58:48.139+0000] {processor.py:840} INFO - DAG(s) 'example_branch_labels' retrieved from /home/airflow/.local/lib/python3.12/site-packages/airflow/example_dags/example_branch_labels.py
[2024-06-30T03:58:48.185+0000] {logging_mixin.py:188} INFO - [2024-06-30T03:58:48.184+0000] {dag.py:3096} INFO - Sync 1 DAGs
[2024-06-30T03:58:48.230+0000] {logging_mixin.py:188} INFO - [2024-06-30T03:58:48.230+0000] {dag.py:3954} INFO - Setting next_dagrun for example_branch_labels to 2024-06-29 00:00:00+00:00, run_after=2024-06-30 00:00:00+00:00
[2024-06-30T03:58:48.272+0000] {processor.py:183} INFO - Processing /home/airflow/.local/lib/python3.12/site-packages/airflow/example_dags/example_branch_labels.py took 0.164 seconds
[2024-06-30T03:59:18.522+0000] {processor.py:161} INFO - Started process (PID=1092) to work on /home/airflow/.local/lib/python3.12/site-packages/airflow/example_dags/example_branch_labels.py
[2024-06-30T03:59:18.524+0000] {processor.py:830} INFO - Processing file /home/airflow/.local/lib/python3.12/site-packages/airflow/example_dags/example_branch_labels.py for tasks to queue
[2024-06-30T03:59:18.527+0000] {logging_mixin.py:188} INFO - [2024-06-30T03:59:18.527+0000] {dagbag.py:545} INFO - Filling up the DagBag from /home/airflow/.local/lib/python3.12/site-packages/airflow/example_dags/example_branch_labels.py
[2024-06-30T03:59:18.541+0000] {processor.py:840} INFO - DAG(s) 'example_branch_labels' retrieved from /home/airflow/.local/lib/python3.12/site-packages/airflow/example_dags/example_branch_labels.py
[2024-06-30T03:59:18.586+0000] {logging_mixin.py:188} INFO - [2024-06-30T03:59:18.586+0000] {dag.py:3096} INFO - Sync 1 DAGs
[2024-06-30T03:59:18.657+0000] {logging_mixin.py:188} INFO - [2024-06-30T03:59:18.656+0000] {dag.py:3954} INFO - Setting next_dagrun for example_branch_labels to 2024-06-29 00:00:00+00:00, run_after=2024-06-30 00:00:00+00:00
[2024-06-30T03:59:18.716+0000] {processor.py:183} INFO - Processing /home/airflow/.local/lib/python3.12/site-packages/airflow/example_dags/example_branch_labels.py took 0.204 seconds
[2024-06-30T03:59:51.830+0000] {processor.py:161} INFO - Started process (PID=1152) to work on /home/airflow/.local/lib/python3.12/site-packages/airflow/example_dags/example_branch_labels.py
[2024-06-30T03:59:51.838+0000] {processor.py:830} INFO - Processing file /home/airflow/.local/lib/python3.12/site-packages/airflow/example_dags/example_branch_labels.py for tasks to queue
[2024-06-30T03:59:51.845+0000] {logging_mixin.py:188} INFO - [2024-06-30T03:59:51.844+0000] {dagbag.py:545} INFO - Filling up the DagBag from /home/airflow/.local/lib/python3.12/site-packages/airflow/example_dags/example_branch_labels.py
[2024-06-30T03:59:51.885+0000] {processor.py:840} INFO - DAG(s) 'example_branch_labels' retrieved from /home/airflow/.local/lib/python3.12/site-packages/airflow/example_dags/example_branch_labels.py
[2024-06-30T03:59:52.044+0000] {logging_mixin.py:188} INFO - [2024-06-30T03:59:52.044+0000] {dag.py:3096} INFO - Sync 1 DAGs
[2024-06-30T03:59:52.255+0000] {logging_mixin.py:188} INFO - [2024-06-30T03:59:52.254+0000] {dag.py:3954} INFO - Setting next_dagrun for example_branch_labels to 2024-06-29 00:00:00+00:00, run_after=2024-06-30 00:00:00+00:00
[2024-06-30T03:59:52.569+0000] {processor.py:183} INFO - Processing /home/airflow/.local/lib/python3.12/site-packages/airflow/example_dags/example_branch_labels.py took 0.760 seconds
[2024-06-30T04:00:23.065+0000] {processor.py:161} INFO - Started process (PID=1210) to work on /home/airflow/.local/lib/python3.12/site-packages/airflow/example_dags/example_branch_labels.py
[2024-06-30T04:00:23.067+0000] {processor.py:830} INFO - Processing file /home/airflow/.local/lib/python3.12/site-packages/airflow/example_dags/example_branch_labels.py for tasks to queue
[2024-06-30T04:00:23.070+0000] {logging_mixin.py:188} INFO - [2024-06-30T04:00:23.069+0000] {dagbag.py:545} INFO - Filling up the DagBag from /home/airflow/.local/lib/python3.12/site-packages/airflow/example_dags/example_branch_labels.py
[2024-06-30T04:00:23.085+0000] {processor.py:840} INFO - DAG(s) 'example_branch_labels' retrieved from /home/airflow/.local/lib/python3.12/site-packages/airflow/example_dags/example_branch_labels.py
[2024-06-30T04:00:23.135+0000] {logging_mixin.py:188} INFO - [2024-06-30T04:00:23.135+0000] {dag.py:3096} INFO - Sync 1 DAGs
[2024-06-30T04:00:23.182+0000] {logging_mixin.py:188} INFO - [2024-06-30T04:00:23.181+0000] {dag.py:3954} INFO - Setting next_dagrun for example_branch_labels to 2024-06-29 00:00:00+00:00, run_after=2024-06-30 00:00:00+00:00
[2024-06-30T04:00:23.230+0000] {processor.py:183} INFO - Processing /home/airflow/.local/lib/python3.12/site-packages/airflow/example_dags/example_branch_labels.py took 0.181 seconds
[2024-06-30T04:00:53.508+0000] {processor.py:161} INFO - Started process (PID=1269) to work on /home/airflow/.local/lib/python3.12/site-packages/airflow/example_dags/example_branch_labels.py
[2024-06-30T04:00:53.512+0000] {processor.py:830} INFO - Processing file /home/airflow/.local/lib/python3.12/site-packages/airflow/example_dags/example_branch_labels.py for tasks to queue
[2024-06-30T04:00:53.523+0000] {logging_mixin.py:188} INFO - [2024-06-30T04:00:53.518+0000] {dagbag.py:545} INFO - Filling up the DagBag from /home/airflow/.local/lib/python3.12/site-packages/airflow/example_dags/example_branch_labels.py
[2024-06-30T04:00:53.552+0000] {processor.py:840} INFO - DAG(s) 'example_branch_labels' retrieved from /home/airflow/.local/lib/python3.12/site-packages/airflow/example_dags/example_branch_labels.py
[2024-06-30T04:00:53.622+0000] {logging_mixin.py:188} INFO - [2024-06-30T04:00:53.620+0000] {dag.py:3096} INFO - Sync 1 DAGs
[2024-06-30T04:00:53.699+0000] {logging_mixin.py:188} INFO - [2024-06-30T04:00:53.698+0000] {dag.py:3954} INFO - Setting next_dagrun for example_branch_labels to 2024-06-29 00:00:00+00:00, run_after=2024-06-30 00:00:00+00:00
[2024-06-30T04:00:53.801+0000] {processor.py:183} INFO - Processing /home/airflow/.local/lib/python3.12/site-packages/airflow/example_dags/example_branch_labels.py took 0.304 seconds
[2024-06-30T04:01:24.302+0000] {processor.py:161} INFO - Started process (PID=1327) to work on /home/airflow/.local/lib/python3.12/site-packages/airflow/example_dags/example_branch_labels.py
[2024-06-30T04:01:24.314+0000] {processor.py:830} INFO - Processing file /home/airflow/.local/lib/python3.12/site-packages/airflow/example_dags/example_branch_labels.py for tasks to queue
[2024-06-30T04:01:24.318+0000] {logging_mixin.py:188} INFO - [2024-06-30T04:01:24.317+0000] {dagbag.py:545} INFO - Filling up the DagBag from /home/airflow/.local/lib/python3.12/site-packages/airflow/example_dags/example_branch_labels.py
[2024-06-30T04:01:24.351+0000] {processor.py:840} INFO - DAG(s) 'example_branch_labels' retrieved from /home/airflow/.local/lib/python3.12/site-packages/airflow/example_dags/example_branch_labels.py
[2024-06-30T04:01:24.398+0000] {logging_mixin.py:188} INFO - [2024-06-30T04:01:24.397+0000] {dag.py:3096} INFO - Sync 1 DAGs
[2024-06-30T04:01:24.456+0000] {logging_mixin.py:188} INFO - [2024-06-30T04:01:24.456+0000] {dag.py:3954} INFO - Setting next_dagrun for example_branch_labels to 2024-06-29 00:00:00+00:00, run_after=2024-06-30 00:00:00+00:00
[2024-06-30T04:01:24.569+0000] {processor.py:183} INFO - Processing /home/airflow/.local/lib/python3.12/site-packages/airflow/example_dags/example_branch_labels.py took 0.294 seconds
[2024-06-30T04:01:55.838+0000] {processor.py:161} INFO - Started process (PID=1386) to work on /home/airflow/.local/lib/python3.12/site-packages/airflow/example_dags/example_branch_labels.py
[2024-06-30T04:01:55.841+0000] {processor.py:830} INFO - Processing file /home/airflow/.local/lib/python3.12/site-packages/airflow/example_dags/example_branch_labels.py for tasks to queue
[2024-06-30T04:01:55.855+0000] {logging_mixin.py:188} INFO - [2024-06-30T04:01:55.855+0000] {dagbag.py:545} INFO - Filling up the DagBag from /home/airflow/.local/lib/python3.12/site-packages/airflow/example_dags/example_branch_labels.py
[2024-06-30T04:01:55.969+0000] {processor.py:840} INFO - DAG(s) 'example_branch_labels' retrieved from /home/airflow/.local/lib/python3.12/site-packages/airflow/example_dags/example_branch_labels.py
[2024-06-30T04:01:56.078+0000] {logging_mixin.py:188} INFO - [2024-06-30T04:01:56.076+0000] {dag.py:3096} INFO - Sync 1 DAGs
[2024-06-30T04:01:56.273+0000] {logging_mixin.py:188} INFO - [2024-06-30T04:01:56.272+0000] {dag.py:3954} INFO - Setting next_dagrun for example_branch_labels to 2024-06-29 00:00:00+00:00, run_after=2024-06-30 00:00:00+00:00
[2024-06-30T04:01:56.378+0000] {processor.py:183} INFO - Processing /home/airflow/.local/lib/python3.12/site-packages/airflow/example_dags/example_branch_labels.py took 0.590 seconds
[2024-06-30T04:02:26.789+0000] {processor.py:161} INFO - Started process (PID=1444) to work on /home/airflow/.local/lib/python3.12/site-packages/airflow/example_dags/example_branch_labels.py
[2024-06-30T04:02:26.791+0000] {processor.py:830} INFO - Processing file /home/airflow/.local/lib/python3.12/site-packages/airflow/example_dags/example_branch_labels.py for tasks to queue
[2024-06-30T04:02:26.795+0000] {logging_mixin.py:188} INFO - [2024-06-30T04:02:26.794+0000] {dagbag.py:545} INFO - Filling up the DagBag from /home/airflow/.local/lib/python3.12/site-packages/airflow/example_dags/example_branch_labels.py
[2024-06-30T04:02:26.821+0000] {processor.py:840} INFO - DAG(s) 'example_branch_labels' retrieved from /home/airflow/.local/lib/python3.12/site-packages/airflow/example_dags/example_branch_labels.py
[2024-06-30T04:02:26.919+0000] {logging_mixin.py:188} INFO - [2024-06-30T04:02:26.919+0000] {dag.py:3096} INFO - Sync 1 DAGs
[2024-06-30T04:02:27.120+0000] {logging_mixin.py:188} INFO - [2024-06-30T04:02:27.119+0000] {dag.py:3954} INFO - Setting next_dagrun for example_branch_labels to 2024-06-29 00:00:00+00:00, run_after=2024-06-30 00:00:00+00:00
[2024-06-30T04:02:27.242+0000] {processor.py:183} INFO - Processing /home/airflow/.local/lib/python3.12/site-packages/airflow/example_dags/example_branch_labels.py took 0.469 seconds
[2024-06-30T04:02:59.757+0000] {processor.py:161} INFO - Started process (PID=1502) to work on /home/airflow/.local/lib/python3.12/site-packages/airflow/example_dags/example_branch_labels.py
[2024-06-30T04:02:59.844+0000] {processor.py:830} INFO - Processing file /home/airflow/.local/lib/python3.12/site-packages/airflow/example_dags/example_branch_labels.py for tasks to queue
[2024-06-30T04:02:59.856+0000] {logging_mixin.py:188} INFO - [2024-06-30T04:02:59.855+0000] {dagbag.py:545} INFO - Filling up the DagBag from /home/airflow/.local/lib/python3.12/site-packages/airflow/example_dags/example_branch_labels.py
[2024-06-30T04:02:59.905+0000] {processor.py:840} INFO - DAG(s) 'example_branch_labels' retrieved from /home/airflow/.local/lib/python3.12/site-packages/airflow/example_dags/example_branch_labels.py
[2024-06-30T04:03:00.085+0000] {logging_mixin.py:188} INFO - [2024-06-30T04:03:00.084+0000] {dag.py:3096} INFO - Sync 1 DAGs
[2024-06-30T04:03:00.311+0000] {logging_mixin.py:188} INFO - [2024-06-30T04:03:00.310+0000] {dag.py:3954} INFO - Setting next_dagrun for example_branch_labels to 2024-06-29 00:00:00+00:00, run_after=2024-06-30 00:00:00+00:00
[2024-06-30T04:03:00.549+0000] {processor.py:183} INFO - Processing /home/airflow/.local/lib/python3.12/site-packages/airflow/example_dags/example_branch_labels.py took 0.822 seconds
[2024-06-30T04:03:31.343+0000] {processor.py:161} INFO - Started process (PID=1561) to work on /home/airflow/.local/lib/python3.12/site-packages/airflow/example_dags/example_branch_labels.py
[2024-06-30T04:03:31.347+0000] {processor.py:830} INFO - Processing file /home/airflow/.local/lib/python3.12/site-packages/airflow/example_dags/example_branch_labels.py for tasks to queue
[2024-06-30T04:03:31.352+0000] {logging_mixin.py:188} INFO - [2024-06-30T04:03:31.351+0000] {dagbag.py:545} INFO - Filling up the DagBag from /home/airflow/.local/lib/python3.12/site-packages/airflow/example_dags/example_branch_labels.py
[2024-06-30T04:03:31.372+0000] {processor.py:840} INFO - DAG(s) 'example_branch_labels' retrieved from /home/airflow/.local/lib/python3.12/site-packages/airflow/example_dags/example_branch_labels.py
[2024-06-30T04:03:31.427+0000] {logging_mixin.py:188} INFO - [2024-06-30T04:03:31.427+0000] {dag.py:3096} INFO - Sync 1 DAGs
[2024-06-30T04:03:31.481+0000] {logging_mixin.py:188} INFO - [2024-06-30T04:03:31.480+0000] {dag.py:3954} INFO - Setting next_dagrun for example_branch_labels to 2024-06-29 00:00:00+00:00, run_after=2024-06-30 00:00:00+00:00
[2024-06-30T04:03:31.593+0000] {processor.py:183} INFO - Processing /home/airflow/.local/lib/python3.12/site-packages/airflow/example_dags/example_branch_labels.py took 0.269 seconds
[2024-06-30T04:04:02.227+0000] {processor.py:161} INFO - Started process (PID=1619) to work on /home/airflow/.local/lib/python3.12/site-packages/airflow/example_dags/example_branch_labels.py
[2024-06-30T04:04:02.232+0000] {processor.py:830} INFO - Processing file /home/airflow/.local/lib/python3.12/site-packages/airflow/example_dags/example_branch_labels.py for tasks to queue
[2024-06-30T04:04:02.240+0000] {logging_mixin.py:188} INFO - [2024-06-30T04:04:02.239+0000] {dagbag.py:545} INFO - Filling up the DagBag from /home/airflow/.local/lib/python3.12/site-packages/airflow/example_dags/example_branch_labels.py
[2024-06-30T04:04:02.275+0000] {processor.py:840} INFO - DAG(s) 'example_branch_labels' retrieved from /home/airflow/.local/lib/python3.12/site-packages/airflow/example_dags/example_branch_labels.py
[2024-06-30T04:04:02.317+0000] {logging_mixin.py:188} INFO - [2024-06-30T04:04:02.316+0000] {dag.py:3096} INFO - Sync 1 DAGs
[2024-06-30T04:04:02.380+0000] {logging_mixin.py:188} INFO - [2024-06-30T04:04:02.379+0000] {dag.py:3954} INFO - Setting next_dagrun for example_branch_labels to 2024-06-29 00:00:00+00:00, run_after=2024-06-30 00:00:00+00:00
[2024-06-30T04:04:02.431+0000] {processor.py:183} INFO - Processing /home/airflow/.local/lib/python3.12/site-packages/airflow/example_dags/example_branch_labels.py took 0.228 seconds
[2024-06-30T04:04:34.873+0000] {processor.py:161} INFO - Started process (PID=1685) to work on /home/airflow/.local/lib/python3.12/site-packages/airflow/example_dags/example_branch_labels.py
[2024-06-30T04:04:34.876+0000] {processor.py:830} INFO - Processing file /home/airflow/.local/lib/python3.12/site-packages/airflow/example_dags/example_branch_labels.py for tasks to queue
[2024-06-30T04:04:34.880+0000] {logging_mixin.py:188} INFO - [2024-06-30T04:04:34.880+0000] {dagbag.py:545} INFO - Filling up the DagBag from /home/airflow/.local/lib/python3.12/site-packages/airflow/example_dags/example_branch_labels.py
[2024-06-30T04:04:34.917+0000] {processor.py:840} INFO - DAG(s) 'example_branch_labels' retrieved from /home/airflow/.local/lib/python3.12/site-packages/airflow/example_dags/example_branch_labels.py
[2024-06-30T04:04:35.004+0000] {logging_mixin.py:188} INFO - [2024-06-30T04:04:35.003+0000] {dag.py:3096} INFO - Sync 1 DAGs
[2024-06-30T04:04:35.249+0000] {logging_mixin.py:188} INFO - [2024-06-30T04:04:35.248+0000] {dag.py:3954} INFO - Setting next_dagrun for example_branch_labels to 2024-06-29 00:00:00+00:00, run_after=2024-06-30 00:00:00+00:00
[2024-06-30T04:04:35.360+0000] {processor.py:183} INFO - Processing /home/airflow/.local/lib/python3.12/site-packages/airflow/example_dags/example_branch_labels.py took 0.523 seconds
[2024-06-30T04:05:09.276+0000] {processor.py:161} INFO - Started process (PID=1747) to work on /home/airflow/.local/lib/python3.12/site-packages/airflow/example_dags/example_branch_labels.py
[2024-06-30T04:05:09.288+0000] {processor.py:830} INFO - Processing file /home/airflow/.local/lib/python3.12/site-packages/airflow/example_dags/example_branch_labels.py for tasks to queue
[2024-06-30T04:05:09.304+0000] {logging_mixin.py:188} INFO - [2024-06-30T04:05:09.303+0000] {dagbag.py:545} INFO - Filling up the DagBag from /home/airflow/.local/lib/python3.12/site-packages/airflow/example_dags/example_branch_labels.py
[2024-06-30T04:05:09.335+0000] {processor.py:840} INFO - DAG(s) 'example_branch_labels' retrieved from /home/airflow/.local/lib/python3.12/site-packages/airflow/example_dags/example_branch_labels.py
[2024-06-30T04:05:09.436+0000] {logging_mixin.py:188} INFO - [2024-06-30T04:05:09.425+0000] {dag.py:3096} INFO - Sync 1 DAGs
[2024-06-30T04:05:09.568+0000] {logging_mixin.py:188} INFO - [2024-06-30T04:05:09.552+0000] {dag.py:3954} INFO - Setting next_dagrun for example_branch_labels to 2024-06-29 00:00:00+00:00, run_after=2024-06-30 00:00:00+00:00
[2024-06-30T04:05:09.646+0000] {processor.py:183} INFO - Processing /home/airflow/.local/lib/python3.12/site-packages/airflow/example_dags/example_branch_labels.py took 0.389 seconds
[2024-06-30T04:05:42.570+0000] {processor.py:161} INFO - Started process (PID=1806) to work on /home/airflow/.local/lib/python3.12/site-packages/airflow/example_dags/example_branch_labels.py
[2024-06-30T04:05:42.573+0000] {processor.py:830} INFO - Processing file /home/airflow/.local/lib/python3.12/site-packages/airflow/example_dags/example_branch_labels.py for tasks to queue
[2024-06-30T04:05:42.584+0000] {logging_mixin.py:188} INFO - [2024-06-30T04:05:42.582+0000] {dagbag.py:545} INFO - Filling up the DagBag from /home/airflow/.local/lib/python3.12/site-packages/airflow/example_dags/example_branch_labels.py
[2024-06-30T04:05:42.605+0000] {processor.py:840} INFO - DAG(s) 'example_branch_labels' retrieved from /home/airflow/.local/lib/python3.12/site-packages/airflow/example_dags/example_branch_labels.py
[2024-06-30T04:05:42.670+0000] {logging_mixin.py:188} INFO - [2024-06-30T04:05:42.669+0000] {dag.py:3096} INFO - Sync 1 DAGs
[2024-06-30T04:05:43.078+0000] {logging_mixin.py:188} INFO - [2024-06-30T04:05:43.077+0000] {dag.py:3954} INFO - Setting next_dagrun for example_branch_labels to 2024-06-29 00:00:00+00:00, run_after=2024-06-30 00:00:00+00:00
[2024-06-30T04:05:43.190+0000] {processor.py:183} INFO - Processing /home/airflow/.local/lib/python3.12/site-packages/airflow/example_dags/example_branch_labels.py took 0.638 seconds
[2024-06-30T04:06:13.478+0000] {processor.py:161} INFO - Started process (PID=1864) to work on /home/airflow/.local/lib/python3.12/site-packages/airflow/example_dags/example_branch_labels.py
[2024-06-30T04:06:13.483+0000] {processor.py:830} INFO - Processing file /home/airflow/.local/lib/python3.12/site-packages/airflow/example_dags/example_branch_labels.py for tasks to queue
[2024-06-30T04:06:13.487+0000] {logging_mixin.py:188} INFO - [2024-06-30T04:06:13.487+0000] {dagbag.py:545} INFO - Filling up the DagBag from /home/airflow/.local/lib/python3.12/site-packages/airflow/example_dags/example_branch_labels.py
[2024-06-30T04:06:13.509+0000] {processor.py:840} INFO - DAG(s) 'example_branch_labels' retrieved from /home/airflow/.local/lib/python3.12/site-packages/airflow/example_dags/example_branch_labels.py
[2024-06-30T04:06:13.589+0000] {logging_mixin.py:188} INFO - [2024-06-30T04:06:13.589+0000] {dag.py:3096} INFO - Sync 1 DAGs
[2024-06-30T04:06:13.657+0000] {logging_mixin.py:188} INFO - [2024-06-30T04:06:13.657+0000] {dag.py:3954} INFO - Setting next_dagrun for example_branch_labels to 2024-06-29 00:00:00+00:00, run_after=2024-06-30 00:00:00+00:00
[2024-06-30T04:06:14.172+0000] {processor.py:183} INFO - Processing /home/airflow/.local/lib/python3.12/site-packages/airflow/example_dags/example_branch_labels.py took 0.708 seconds
[2024-06-30T04:06:44.577+0000] {processor.py:161} INFO - Started process (PID=1922) to work on /home/airflow/.local/lib/python3.12/site-packages/airflow/example_dags/example_branch_labels.py
[2024-06-30T04:06:44.579+0000] {processor.py:830} INFO - Processing file /home/airflow/.local/lib/python3.12/site-packages/airflow/example_dags/example_branch_labels.py for tasks to queue
[2024-06-30T04:06:44.585+0000] {logging_mixin.py:188} INFO - [2024-06-30T04:06:44.583+0000] {dagbag.py:545} INFO - Filling up the DagBag from /home/airflow/.local/lib/python3.12/site-packages/airflow/example_dags/example_branch_labels.py
[2024-06-30T04:06:44.600+0000] {processor.py:840} INFO - DAG(s) 'example_branch_labels' retrieved from /home/airflow/.local/lib/python3.12/site-packages/airflow/example_dags/example_branch_labels.py
[2024-06-30T04:06:44.656+0000] {logging_mixin.py:188} INFO - [2024-06-30T04:06:44.655+0000] {dag.py:3096} INFO - Sync 1 DAGs
[2024-06-30T04:06:44.715+0000] {logging_mixin.py:188} INFO - [2024-06-30T04:06:44.714+0000] {dag.py:3954} INFO - Setting next_dagrun for example_branch_labels to 2024-06-29 00:00:00+00:00, run_after=2024-06-30 00:00:00+00:00
[2024-06-30T04:06:44.808+0000] {processor.py:183} INFO - Processing /home/airflow/.local/lib/python3.12/site-packages/airflow/example_dags/example_branch_labels.py took 0.245 seconds
[2024-06-30T04:07:15.403+0000] {processor.py:161} INFO - Started process (PID=1980) to work on /home/airflow/.local/lib/python3.12/site-packages/airflow/example_dags/example_branch_labels.py
[2024-06-30T04:07:15.412+0000] {processor.py:830} INFO - Processing file /home/airflow/.local/lib/python3.12/site-packages/airflow/example_dags/example_branch_labels.py for tasks to queue
[2024-06-30T04:07:15.416+0000] {logging_mixin.py:188} INFO - [2024-06-30T04:07:15.416+0000] {dagbag.py:545} INFO - Filling up the DagBag from /home/airflow/.local/lib/python3.12/site-packages/airflow/example_dags/example_branch_labels.py
[2024-06-30T04:07:15.443+0000] {processor.py:840} INFO - DAG(s) 'example_branch_labels' retrieved from /home/airflow/.local/lib/python3.12/site-packages/airflow/example_dags/example_branch_labels.py
[2024-06-30T04:07:15.549+0000] {logging_mixin.py:188} INFO - [2024-06-30T04:07:15.548+0000] {dag.py:3096} INFO - Sync 1 DAGs
[2024-06-30T04:07:15.717+0000] {logging_mixin.py:188} INFO - [2024-06-30T04:07:15.716+0000] {dag.py:3954} INFO - Setting next_dagrun for example_branch_labels to 2024-06-29 00:00:00+00:00, run_after=2024-06-30 00:00:00+00:00
[2024-06-30T04:07:15.866+0000] {processor.py:183} INFO - Processing /home/airflow/.local/lib/python3.12/site-packages/airflow/example_dags/example_branch_labels.py took 0.485 seconds
[2024-06-30T04:07:46.277+0000] {processor.py:161} INFO - Started process (PID=2038) to work on /home/airflow/.local/lib/python3.12/site-packages/airflow/example_dags/example_branch_labels.py
[2024-06-30T04:07:46.283+0000] {processor.py:830} INFO - Processing file /home/airflow/.local/lib/python3.12/site-packages/airflow/example_dags/example_branch_labels.py for tasks to queue
[2024-06-30T04:07:46.287+0000] {logging_mixin.py:188} INFO - [2024-06-30T04:07:46.287+0000] {dagbag.py:545} INFO - Filling up the DagBag from /home/airflow/.local/lib/python3.12/site-packages/airflow/example_dags/example_branch_labels.py
[2024-06-30T04:07:46.306+0000] {processor.py:840} INFO - DAG(s) 'example_branch_labels' retrieved from /home/airflow/.local/lib/python3.12/site-packages/airflow/example_dags/example_branch_labels.py
[2024-06-30T04:07:46.374+0000] {logging_mixin.py:188} INFO - [2024-06-30T04:07:46.373+0000] {dag.py:3096} INFO - Sync 1 DAGs
[2024-06-30T04:07:46.454+0000] {logging_mixin.py:188} INFO - [2024-06-30T04:07:46.453+0000] {dag.py:3954} INFO - Setting next_dagrun for example_branch_labels to 2024-06-29 00:00:00+00:00, run_after=2024-06-30 00:00:00+00:00
[2024-06-30T04:07:46.571+0000] {processor.py:183} INFO - Processing /home/airflow/.local/lib/python3.12/site-packages/airflow/example_dags/example_branch_labels.py took 0.309 seconds
[2024-06-30T04:08:16.672+0000] {processor.py:161} INFO - Started process (PID=2096) to work on /home/airflow/.local/lib/python3.12/site-packages/airflow/example_dags/example_branch_labels.py
[2024-06-30T04:08:16.674+0000] {processor.py:830} INFO - Processing file /home/airflow/.local/lib/python3.12/site-packages/airflow/example_dags/example_branch_labels.py for tasks to queue
[2024-06-30T04:08:16.676+0000] {logging_mixin.py:188} INFO - [2024-06-30T04:08:16.676+0000] {dagbag.py:545} INFO - Filling up the DagBag from /home/airflow/.local/lib/python3.12/site-packages/airflow/example_dags/example_branch_labels.py
[2024-06-30T04:08:16.693+0000] {processor.py:840} INFO - DAG(s) 'example_branch_labels' retrieved from /home/airflow/.local/lib/python3.12/site-packages/airflow/example_dags/example_branch_labels.py
[2024-06-30T04:08:16.738+0000] {logging_mixin.py:188} INFO - [2024-06-30T04:08:16.738+0000] {dag.py:3096} INFO - Sync 1 DAGs
[2024-06-30T04:08:16.827+0000] {logging_mixin.py:188} INFO - [2024-06-30T04:08:16.827+0000] {dag.py:3954} INFO - Setting next_dagrun for example_branch_labels to 2024-06-29 00:00:00+00:00, run_after=2024-06-30 00:00:00+00:00
[2024-06-30T04:08:16.940+0000] {processor.py:183} INFO - Processing /home/airflow/.local/lib/python3.12/site-packages/airflow/example_dags/example_branch_labels.py took 0.275 seconds
[2024-06-30T04:08:50.575+0000] {processor.py:161} INFO - Started process (PID=2154) to work on /home/airflow/.local/lib/python3.12/site-packages/airflow/example_dags/example_branch_labels.py
[2024-06-30T04:08:50.578+0000] {processor.py:830} INFO - Processing file /home/airflow/.local/lib/python3.12/site-packages/airflow/example_dags/example_branch_labels.py for tasks to queue
[2024-06-30T04:08:50.582+0000] {logging_mixin.py:188} INFO - [2024-06-30T04:08:50.581+0000] {dagbag.py:545} INFO - Filling up the DagBag from /home/airflow/.local/lib/python3.12/site-packages/airflow/example_dags/example_branch_labels.py
[2024-06-30T04:08:50.601+0000] {processor.py:840} INFO - DAG(s) 'example_branch_labels' retrieved from /home/airflow/.local/lib/python3.12/site-packages/airflow/example_dags/example_branch_labels.py
[2024-06-30T04:08:50.661+0000] {logging_mixin.py:188} INFO - [2024-06-30T04:08:50.660+0000] {dag.py:3096} INFO - Sync 1 DAGs
[2024-06-30T04:08:50.714+0000] {logging_mixin.py:188} INFO - [2024-06-30T04:08:50.713+0000] {dag.py:3954} INFO - Setting next_dagrun for example_branch_labels to 2024-06-29 00:00:00+00:00, run_after=2024-06-30 00:00:00+00:00
[2024-06-30T04:08:50.825+0000] {processor.py:183} INFO - Processing /home/airflow/.local/lib/python3.12/site-packages/airflow/example_dags/example_branch_labels.py took 0.267 seconds
[2024-06-30T04:09:24.166+0000] {processor.py:161} INFO - Started process (PID=2215) to work on /home/airflow/.local/lib/python3.12/site-packages/airflow/example_dags/example_branch_labels.py
[2024-06-30T04:09:24.171+0000] {processor.py:830} INFO - Processing file /home/airflow/.local/lib/python3.12/site-packages/airflow/example_dags/example_branch_labels.py for tasks to queue
[2024-06-30T04:09:24.181+0000] {logging_mixin.py:188} INFO - [2024-06-30T04:09:24.176+0000] {dagbag.py:545} INFO - Filling up the DagBag from /home/airflow/.local/lib/python3.12/site-packages/airflow/example_dags/example_branch_labels.py
[2024-06-30T04:09:24.217+0000] {processor.py:840} INFO - DAG(s) 'example_branch_labels' retrieved from /home/airflow/.local/lib/python3.12/site-packages/airflow/example_dags/example_branch_labels.py
[2024-06-30T04:09:24.345+0000] {logging_mixin.py:188} INFO - [2024-06-30T04:09:24.344+0000] {dag.py:3096} INFO - Sync 1 DAGs
[2024-06-30T04:09:24.541+0000] {logging_mixin.py:188} INFO - [2024-06-30T04:09:24.541+0000] {dag.py:3954} INFO - Setting next_dagrun for example_branch_labels to 2024-06-29 00:00:00+00:00, run_after=2024-06-30 00:00:00+00:00
[2024-06-30T04:09:24.686+0000] {processor.py:183} INFO - Processing /home/airflow/.local/lib/python3.12/site-packages/airflow/example_dags/example_branch_labels.py took 0.559 seconds
[2024-06-30T04:09:55.173+0000] {processor.py:161} INFO - Started process (PID=2274) to work on /home/airflow/.local/lib/python3.12/site-packages/airflow/example_dags/example_branch_labels.py
[2024-06-30T04:09:55.175+0000] {processor.py:830} INFO - Processing file /home/airflow/.local/lib/python3.12/site-packages/airflow/example_dags/example_branch_labels.py for tasks to queue
[2024-06-30T04:09:55.179+0000] {logging_mixin.py:188} INFO - [2024-06-30T04:09:55.178+0000] {dagbag.py:545} INFO - Filling up the DagBag from /home/airflow/.local/lib/python3.12/site-packages/airflow/example_dags/example_branch_labels.py
[2024-06-30T04:09:55.194+0000] {processor.py:840} INFO - DAG(s) 'example_branch_labels' retrieved from /home/airflow/.local/lib/python3.12/site-packages/airflow/example_dags/example_branch_labels.py
[2024-06-30T04:09:55.243+0000] {logging_mixin.py:188} INFO - [2024-06-30T04:09:55.242+0000] {dag.py:3096} INFO - Sync 1 DAGs
[2024-06-30T04:09:55.300+0000] {logging_mixin.py:188} INFO - [2024-06-30T04:09:55.299+0000] {dag.py:3954} INFO - Setting next_dagrun for example_branch_labels to 2024-06-29 00:00:00+00:00, run_after=2024-06-30 00:00:00+00:00
[2024-06-30T04:09:55.344+0000] {processor.py:183} INFO - Processing /home/airflow/.local/lib/python3.12/site-packages/airflow/example_dags/example_branch_labels.py took 0.182 seconds
[2024-06-30T04:10:26.236+0000] {processor.py:161} INFO - Started process (PID=2333) to work on /home/airflow/.local/lib/python3.12/site-packages/airflow/example_dags/example_branch_labels.py
[2024-06-30T04:10:26.238+0000] {processor.py:830} INFO - Processing file /home/airflow/.local/lib/python3.12/site-packages/airflow/example_dags/example_branch_labels.py for tasks to queue
[2024-06-30T04:10:26.244+0000] {logging_mixin.py:188} INFO - [2024-06-30T04:10:26.243+0000] {dagbag.py:545} INFO - Filling up the DagBag from /home/airflow/.local/lib/python3.12/site-packages/airflow/example_dags/example_branch_labels.py
[2024-06-30T04:10:26.260+0000] {processor.py:840} INFO - DAG(s) 'example_branch_labels' retrieved from /home/airflow/.local/lib/python3.12/site-packages/airflow/example_dags/example_branch_labels.py
[2024-06-30T04:10:26.343+0000] {logging_mixin.py:188} INFO - [2024-06-30T04:10:26.342+0000] {dag.py:3096} INFO - Sync 1 DAGs
[2024-06-30T04:10:26.407+0000] {logging_mixin.py:188} INFO - [2024-06-30T04:10:26.407+0000] {dag.py:3954} INFO - Setting next_dagrun for example_branch_labels to 2024-06-29 00:00:00+00:00, run_after=2024-06-30 00:00:00+00:00
[2024-06-30T04:10:26.463+0000] {processor.py:183} INFO - Processing /home/airflow/.local/lib/python3.12/site-packages/airflow/example_dags/example_branch_labels.py took 0.238 seconds
[2024-06-30T04:10:57.741+0000] {processor.py:161} INFO - Started process (PID=2392) to work on /home/airflow/.local/lib/python3.12/site-packages/airflow/example_dags/example_branch_labels.py
[2024-06-30T04:10:57.744+0000] {processor.py:830} INFO - Processing file /home/airflow/.local/lib/python3.12/site-packages/airflow/example_dags/example_branch_labels.py for tasks to queue
[2024-06-30T04:10:57.750+0000] {logging_mixin.py:188} INFO - [2024-06-30T04:10:57.749+0000] {dagbag.py:545} INFO - Filling up the DagBag from /home/airflow/.local/lib/python3.12/site-packages/airflow/example_dags/example_branch_labels.py
[2024-06-30T04:10:57.766+0000] {processor.py:840} INFO - DAG(s) 'example_branch_labels' retrieved from /home/airflow/.local/lib/python3.12/site-packages/airflow/example_dags/example_branch_labels.py
[2024-06-30T04:10:57.808+0000] {logging_mixin.py:188} INFO - [2024-06-30T04:10:57.807+0000] {dag.py:3096} INFO - Sync 1 DAGs
[2024-06-30T04:10:57.864+0000] {logging_mixin.py:188} INFO - [2024-06-30T04:10:57.864+0000] {dag.py:3954} INFO - Setting next_dagrun for example_branch_labels to 2024-06-29 00:00:00+00:00, run_after=2024-06-30 00:00:00+00:00
[2024-06-30T04:10:57.914+0000] {processor.py:183} INFO - Processing /home/airflow/.local/lib/python3.12/site-packages/airflow/example_dags/example_branch_labels.py took 0.182 seconds
[2024-06-30T04:11:28.311+0000] {processor.py:161} INFO - Started process (PID=2450) to work on /home/airflow/.local/lib/python3.12/site-packages/airflow/example_dags/example_branch_labels.py
[2024-06-30T04:11:28.320+0000] {processor.py:830} INFO - Processing file /home/airflow/.local/lib/python3.12/site-packages/airflow/example_dags/example_branch_labels.py for tasks to queue
[2024-06-30T04:11:28.325+0000] {logging_mixin.py:188} INFO - [2024-06-30T04:11:28.324+0000] {dagbag.py:545} INFO - Filling up the DagBag from /home/airflow/.local/lib/python3.12/site-packages/airflow/example_dags/example_branch_labels.py
[2024-06-30T04:11:28.345+0000] {processor.py:840} INFO - DAG(s) 'example_branch_labels' retrieved from /home/airflow/.local/lib/python3.12/site-packages/airflow/example_dags/example_branch_labels.py
[2024-06-30T04:11:28.419+0000] {logging_mixin.py:188} INFO - [2024-06-30T04:11:28.418+0000] {dag.py:3096} INFO - Sync 1 DAGs
[2024-06-30T04:11:28.484+0000] {logging_mixin.py:188} INFO - [2024-06-30T04:11:28.484+0000] {dag.py:3954} INFO - Setting next_dagrun for example_branch_labels to 2024-06-29 00:00:00+00:00, run_after=2024-06-30 00:00:00+00:00
[2024-06-30T04:11:28.535+0000] {processor.py:183} INFO - Processing /home/airflow/.local/lib/python3.12/site-packages/airflow/example_dags/example_branch_labels.py took 0.245 seconds
[2024-06-30T04:11:58.737+0000] {processor.py:161} INFO - Started process (PID=2507) to work on /home/airflow/.local/lib/python3.12/site-packages/airflow/example_dags/example_branch_labels.py
[2024-06-30T04:11:58.739+0000] {processor.py:830} INFO - Processing file /home/airflow/.local/lib/python3.12/site-packages/airflow/example_dags/example_branch_labels.py for tasks to queue
[2024-06-30T04:11:58.751+0000] {logging_mixin.py:188} INFO - [2024-06-30T04:11:58.744+0000] {dagbag.py:545} INFO - Filling up the DagBag from /home/airflow/.local/lib/python3.12/site-packages/airflow/example_dags/example_branch_labels.py
[2024-06-30T04:11:58.767+0000] {processor.py:840} INFO - DAG(s) 'example_branch_labels' retrieved from /home/airflow/.local/lib/python3.12/site-packages/airflow/example_dags/example_branch_labels.py
[2024-06-30T04:11:58.813+0000] {logging_mixin.py:188} INFO - [2024-06-30T04:11:58.812+0000] {dag.py:3096} INFO - Sync 1 DAGs
[2024-06-30T04:11:58.860+0000] {logging_mixin.py:188} INFO - [2024-06-30T04:11:58.860+0000] {dag.py:3954} INFO - Setting next_dagrun for example_branch_labels to 2024-06-29 00:00:00+00:00, run_after=2024-06-30 00:00:00+00:00
[2024-06-30T04:11:58.894+0000] {processor.py:183} INFO - Processing /home/airflow/.local/lib/python3.12/site-packages/airflow/example_dags/example_branch_labels.py took 0.172 seconds
[2024-06-30T04:12:29.187+0000] {processor.py:161} INFO - Started process (PID=2565) to work on /home/airflow/.local/lib/python3.12/site-packages/airflow/example_dags/example_branch_labels.py
[2024-06-30T04:12:29.188+0000] {processor.py:830} INFO - Processing file /home/airflow/.local/lib/python3.12/site-packages/airflow/example_dags/example_branch_labels.py for tasks to queue
[2024-06-30T04:12:29.191+0000] {logging_mixin.py:188} INFO - [2024-06-30T04:12:29.191+0000] {dagbag.py:545} INFO - Filling up the DagBag from /home/airflow/.local/lib/python3.12/site-packages/airflow/example_dags/example_branch_labels.py
[2024-06-30T04:12:29.200+0000] {processor.py:840} INFO - DAG(s) 'example_branch_labels' retrieved from /home/airflow/.local/lib/python3.12/site-packages/airflow/example_dags/example_branch_labels.py
[2024-06-30T04:12:29.229+0000] {logging_mixin.py:188} INFO - [2024-06-30T04:12:29.229+0000] {dag.py:3096} INFO - Sync 1 DAGs
[2024-06-30T04:12:29.263+0000] {logging_mixin.py:188} INFO - [2024-06-30T04:12:29.263+0000] {dag.py:3954} INFO - Setting next_dagrun for example_branch_labels to 2024-06-29 00:00:00+00:00, run_after=2024-06-30 00:00:00+00:00
[2024-06-30T04:12:29.290+0000] {processor.py:183} INFO - Processing /home/airflow/.local/lib/python3.12/site-packages/airflow/example_dags/example_branch_labels.py took 0.110 seconds
[2024-06-30T04:12:59.990+0000] {processor.py:161} INFO - Started process (PID=2623) to work on /home/airflow/.local/lib/python3.12/site-packages/airflow/example_dags/example_branch_labels.py
[2024-06-30T04:12:59.992+0000] {processor.py:830} INFO - Processing file /home/airflow/.local/lib/python3.12/site-packages/airflow/example_dags/example_branch_labels.py for tasks to queue
[2024-06-30T04:12:59.997+0000] {logging_mixin.py:188} INFO - [2024-06-30T04:12:59.996+0000] {dagbag.py:545} INFO - Filling up the DagBag from /home/airflow/.local/lib/python3.12/site-packages/airflow/example_dags/example_branch_labels.py
[2024-06-30T04:13:00.022+0000] {processor.py:840} INFO - DAG(s) 'example_branch_labels' retrieved from /home/airflow/.local/lib/python3.12/site-packages/airflow/example_dags/example_branch_labels.py
[2024-06-30T04:13:00.058+0000] {logging_mixin.py:188} INFO - [2024-06-30T04:13:00.058+0000] {dag.py:3096} INFO - Sync 1 DAGs
[2024-06-30T04:13:00.105+0000] {logging_mixin.py:188} INFO - [2024-06-30T04:13:00.104+0000] {dag.py:3954} INFO - Setting next_dagrun for example_branch_labels to 2024-06-29 00:00:00+00:00, run_after=2024-06-30 00:00:00+00:00
[2024-06-30T04:13:00.154+0000] {processor.py:183} INFO - Processing /home/airflow/.local/lib/python3.12/site-packages/airflow/example_dags/example_branch_labels.py took 0.172 seconds
[2024-06-30T04:13:30.327+0000] {processor.py:161} INFO - Started process (PID=2681) to work on /home/airflow/.local/lib/python3.12/site-packages/airflow/example_dags/example_branch_labels.py
[2024-06-30T04:13:30.329+0000] {processor.py:830} INFO - Processing file /home/airflow/.local/lib/python3.12/site-packages/airflow/example_dags/example_branch_labels.py for tasks to queue
[2024-06-30T04:13:30.333+0000] {logging_mixin.py:188} INFO - [2024-06-30T04:13:30.332+0000] {dagbag.py:545} INFO - Filling up the DagBag from /home/airflow/.local/lib/python3.12/site-packages/airflow/example_dags/example_branch_labels.py
[2024-06-30T04:13:30.349+0000] {processor.py:840} INFO - DAG(s) 'example_branch_labels' retrieved from /home/airflow/.local/lib/python3.12/site-packages/airflow/example_dags/example_branch_labels.py
[2024-06-30T04:13:30.391+0000] {logging_mixin.py:188} INFO - [2024-06-30T04:13:30.391+0000] {dag.py:3096} INFO - Sync 1 DAGs
[2024-06-30T04:13:30.444+0000] {logging_mixin.py:188} INFO - [2024-06-30T04:13:30.443+0000] {dag.py:3954} INFO - Setting next_dagrun for example_branch_labels to 2024-06-29 00:00:00+00:00, run_after=2024-06-30 00:00:00+00:00
[2024-06-30T04:13:30.491+0000] {processor.py:183} INFO - Processing /home/airflow/.local/lib/python3.12/site-packages/airflow/example_dags/example_branch_labels.py took 0.174 seconds
[2024-06-30T04:14:00.892+0000] {processor.py:161} INFO - Started process (PID=2741) to work on /home/airflow/.local/lib/python3.12/site-packages/airflow/example_dags/example_branch_labels.py
[2024-06-30T04:14:00.894+0000] {processor.py:830} INFO - Processing file /home/airflow/.local/lib/python3.12/site-packages/airflow/example_dags/example_branch_labels.py for tasks to queue
[2024-06-30T04:14:00.899+0000] {logging_mixin.py:188} INFO - [2024-06-30T04:14:00.898+0000] {dagbag.py:545} INFO - Filling up the DagBag from /home/airflow/.local/lib/python3.12/site-packages/airflow/example_dags/example_branch_labels.py
[2024-06-30T04:14:00.915+0000] {processor.py:840} INFO - DAG(s) 'example_branch_labels' retrieved from /home/airflow/.local/lib/python3.12/site-packages/airflow/example_dags/example_branch_labels.py
[2024-06-30T04:14:00.952+0000] {logging_mixin.py:188} INFO - [2024-06-30T04:14:00.952+0000] {dag.py:3096} INFO - Sync 1 DAGs
[2024-06-30T04:14:00.995+0000] {logging_mixin.py:188} INFO - [2024-06-30T04:14:00.994+0000] {dag.py:3954} INFO - Setting next_dagrun for example_branch_labels to 2024-06-29 00:00:00+00:00, run_after=2024-06-30 00:00:00+00:00
[2024-06-30T04:14:01.030+0000] {processor.py:183} INFO - Processing /home/airflow/.local/lib/python3.12/site-packages/airflow/example_dags/example_branch_labels.py took 0.147 seconds
[2024-06-30T04:14:31.716+0000] {processor.py:161} INFO - Started process (PID=2799) to work on /home/airflow/.local/lib/python3.12/site-packages/airflow/example_dags/example_branch_labels.py
[2024-06-30T04:14:31.718+0000] {processor.py:830} INFO - Processing file /home/airflow/.local/lib/python3.12/site-packages/airflow/example_dags/example_branch_labels.py for tasks to queue
[2024-06-30T04:14:31.721+0000] {logging_mixin.py:188} INFO - [2024-06-30T04:14:31.721+0000] {dagbag.py:545} INFO - Filling up the DagBag from /home/airflow/.local/lib/python3.12/site-packages/airflow/example_dags/example_branch_labels.py
[2024-06-30T04:14:31.740+0000] {processor.py:840} INFO - DAG(s) 'example_branch_labels' retrieved from /home/airflow/.local/lib/python3.12/site-packages/airflow/example_dags/example_branch_labels.py
[2024-06-30T04:14:31.787+0000] {logging_mixin.py:188} INFO - [2024-06-30T04:14:31.786+0000] {dag.py:3096} INFO - Sync 1 DAGs
[2024-06-30T04:14:31.872+0000] {logging_mixin.py:188} INFO - [2024-06-30T04:14:31.871+0000] {dag.py:3954} INFO - Setting next_dagrun for example_branch_labels to 2024-06-29 00:00:00+00:00, run_after=2024-06-30 00:00:00+00:00
[2024-06-30T04:14:31.928+0000] {processor.py:183} INFO - Processing /home/airflow/.local/lib/python3.12/site-packages/airflow/example_dags/example_branch_labels.py took 0.227 seconds
[2024-06-30T04:15:02.790+0000] {processor.py:161} INFO - Started process (PID=2857) to work on /home/airflow/.local/lib/python3.12/site-packages/airflow/example_dags/example_branch_labels.py
[2024-06-30T04:15:02.792+0000] {processor.py:830} INFO - Processing file /home/airflow/.local/lib/python3.12/site-packages/airflow/example_dags/example_branch_labels.py for tasks to queue
[2024-06-30T04:15:02.795+0000] {logging_mixin.py:188} INFO - [2024-06-30T04:15:02.794+0000] {dagbag.py:545} INFO - Filling up the DagBag from /home/airflow/.local/lib/python3.12/site-packages/airflow/example_dags/example_branch_labels.py
[2024-06-30T04:15:02.808+0000] {processor.py:840} INFO - DAG(s) 'example_branch_labels' retrieved from /home/airflow/.local/lib/python3.12/site-packages/airflow/example_dags/example_branch_labels.py
[2024-06-30T04:15:02.852+0000] {logging_mixin.py:188} INFO - [2024-06-30T04:15:02.852+0000] {dag.py:3096} INFO - Sync 1 DAGs
[2024-06-30T04:15:02.898+0000] {logging_mixin.py:188} INFO - [2024-06-30T04:15:02.898+0000] {dag.py:3954} INFO - Setting next_dagrun for example_branch_labels to 2024-06-29 00:00:00+00:00, run_after=2024-06-30 00:00:00+00:00
[2024-06-30T04:15:02.931+0000] {processor.py:183} INFO - Processing /home/airflow/.local/lib/python3.12/site-packages/airflow/example_dags/example_branch_labels.py took 0.149 seconds
[2024-06-30T04:15:33.039+0000] {processor.py:161} INFO - Started process (PID=2915) to work on /home/airflow/.local/lib/python3.12/site-packages/airflow/example_dags/example_branch_labels.py
[2024-06-30T04:15:33.040+0000] {processor.py:830} INFO - Processing file /home/airflow/.local/lib/python3.12/site-packages/airflow/example_dags/example_branch_labels.py for tasks to queue
[2024-06-30T04:15:33.043+0000] {logging_mixin.py:188} INFO - [2024-06-30T04:15:33.042+0000] {dagbag.py:545} INFO - Filling up the DagBag from /home/airflow/.local/lib/python3.12/site-packages/airflow/example_dags/example_branch_labels.py
[2024-06-30T04:15:33.054+0000] {processor.py:840} INFO - DAG(s) 'example_branch_labels' retrieved from /home/airflow/.local/lib/python3.12/site-packages/airflow/example_dags/example_branch_labels.py
[2024-06-30T04:15:33.084+0000] {logging_mixin.py:188} INFO - [2024-06-30T04:15:33.084+0000] {dag.py:3096} INFO - Sync 1 DAGs
[2024-06-30T04:15:33.120+0000] {logging_mixin.py:188} INFO - [2024-06-30T04:15:33.120+0000] {dag.py:3954} INFO - Setting next_dagrun for example_branch_labels to 2024-06-29 00:00:00+00:00, run_after=2024-06-30 00:00:00+00:00
[2024-06-30T04:15:33.150+0000] {processor.py:183} INFO - Processing /home/airflow/.local/lib/python3.12/site-packages/airflow/example_dags/example_branch_labels.py took 0.118 seconds
[2024-06-30T04:16:03.503+0000] {processor.py:161} INFO - Started process (PID=2973) to work on /home/airflow/.local/lib/python3.12/site-packages/airflow/example_dags/example_branch_labels.py
[2024-06-30T04:16:03.505+0000] {processor.py:830} INFO - Processing file /home/airflow/.local/lib/python3.12/site-packages/airflow/example_dags/example_branch_labels.py for tasks to queue
[2024-06-30T04:16:03.510+0000] {logging_mixin.py:188} INFO - [2024-06-30T04:16:03.509+0000] {dagbag.py:545} INFO - Filling up the DagBag from /home/airflow/.local/lib/python3.12/site-packages/airflow/example_dags/example_branch_labels.py
[2024-06-30T04:16:03.528+0000] {processor.py:840} INFO - DAG(s) 'example_branch_labels' retrieved from /home/airflow/.local/lib/python3.12/site-packages/airflow/example_dags/example_branch_labels.py
[2024-06-30T04:16:03.595+0000] {logging_mixin.py:188} INFO - [2024-06-30T04:16:03.594+0000] {dag.py:3096} INFO - Sync 1 DAGs
[2024-06-30T04:16:03.647+0000] {logging_mixin.py:188} INFO - [2024-06-30T04:16:03.647+0000] {dag.py:3954} INFO - Setting next_dagrun for example_branch_labels to 2024-06-29 00:00:00+00:00, run_after=2024-06-30 00:00:00+00:00
[2024-06-30T04:16:03.688+0000] {processor.py:183} INFO - Processing /home/airflow/.local/lib/python3.12/site-packages/airflow/example_dags/example_branch_labels.py took 0.201 seconds
[2024-06-30T04:16:34.518+0000] {processor.py:161} INFO - Started process (PID=3031) to work on /home/airflow/.local/lib/python3.12/site-packages/airflow/example_dags/example_branch_labels.py
[2024-06-30T04:16:34.520+0000] {processor.py:830} INFO - Processing file /home/airflow/.local/lib/python3.12/site-packages/airflow/example_dags/example_branch_labels.py for tasks to queue
[2024-06-30T04:16:34.524+0000] {logging_mixin.py:188} INFO - [2024-06-30T04:16:34.523+0000] {dagbag.py:545} INFO - Filling up the DagBag from /home/airflow/.local/lib/python3.12/site-packages/airflow/example_dags/example_branch_labels.py
[2024-06-30T04:16:34.539+0000] {processor.py:840} INFO - DAG(s) 'example_branch_labels' retrieved from /home/airflow/.local/lib/python3.12/site-packages/airflow/example_dags/example_branch_labels.py
[2024-06-30T04:16:34.582+0000] {logging_mixin.py:188} INFO - [2024-06-30T04:16:34.581+0000] {dag.py:3096} INFO - Sync 1 DAGs
[2024-06-30T04:16:34.623+0000] {logging_mixin.py:188} INFO - [2024-06-30T04:16:34.622+0000] {dag.py:3954} INFO - Setting next_dagrun for example_branch_labels to 2024-06-29 00:00:00+00:00, run_after=2024-06-30 00:00:00+00:00
[2024-06-30T04:16:34.667+0000] {processor.py:183} INFO - Processing /home/airflow/.local/lib/python3.12/site-packages/airflow/example_dags/example_branch_labels.py took 0.161 seconds
[2024-06-30T04:17:04.893+0000] {processor.py:161} INFO - Started process (PID=3089) to work on /home/airflow/.local/lib/python3.12/site-packages/airflow/example_dags/example_branch_labels.py
[2024-06-30T04:17:04.895+0000] {processor.py:830} INFO - Processing file /home/airflow/.local/lib/python3.12/site-packages/airflow/example_dags/example_branch_labels.py for tasks to queue
[2024-06-30T04:17:04.899+0000] {logging_mixin.py:188} INFO - [2024-06-30T04:17:04.898+0000] {dagbag.py:545} INFO - Filling up the DagBag from /home/airflow/.local/lib/python3.12/site-packages/airflow/example_dags/example_branch_labels.py
[2024-06-30T04:17:04.918+0000] {processor.py:840} INFO - DAG(s) 'example_branch_labels' retrieved from /home/airflow/.local/lib/python3.12/site-packages/airflow/example_dags/example_branch_labels.py
[2024-06-30T04:17:04.975+0000] {logging_mixin.py:188} INFO - [2024-06-30T04:17:04.975+0000] {dag.py:3096} INFO - Sync 1 DAGs
[2024-06-30T04:17:05.035+0000] {logging_mixin.py:188} INFO - [2024-06-30T04:17:05.035+0000] {dag.py:3954} INFO - Setting next_dagrun for example_branch_labels to 2024-06-29 00:00:00+00:00, run_after=2024-06-30 00:00:00+00:00
[2024-06-30T04:17:05.084+0000] {processor.py:183} INFO - Processing /home/airflow/.local/lib/python3.12/site-packages/airflow/example_dags/example_branch_labels.py took 0.202 seconds
[2024-06-30T04:17:36.507+0000] {processor.py:161} INFO - Started process (PID=3146) to work on /home/airflow/.local/lib/python3.12/site-packages/airflow/example_dags/example_branch_labels.py
[2024-06-30T04:17:36.556+0000] {processor.py:830} INFO - Processing file /home/airflow/.local/lib/python3.12/site-packages/airflow/example_dags/example_branch_labels.py for tasks to queue
[2024-06-30T04:17:36.562+0000] {logging_mixin.py:188} INFO - [2024-06-30T04:17:36.561+0000] {dagbag.py:545} INFO - Filling up the DagBag from /home/airflow/.local/lib/python3.12/site-packages/airflow/example_dags/example_branch_labels.py
[2024-06-30T04:17:36.619+0000] {processor.py:840} INFO - DAG(s) 'example_branch_labels' retrieved from /home/airflow/.local/lib/python3.12/site-packages/airflow/example_dags/example_branch_labels.py
[2024-06-30T04:17:36.740+0000] {logging_mixin.py:188} INFO - [2024-06-30T04:17:36.739+0000] {dag.py:3096} INFO - Sync 1 DAGs
[2024-06-30T04:17:36.873+0000] {logging_mixin.py:188} INFO - [2024-06-30T04:17:36.872+0000] {dag.py:3954} INFO - Setting next_dagrun for example_branch_labels to 2024-06-29 00:00:00+00:00, run_after=2024-06-30 00:00:00+00:00
[2024-06-30T04:17:37.061+0000] {processor.py:183} INFO - Processing /home/airflow/.local/lib/python3.12/site-packages/airflow/example_dags/example_branch_labels.py took 0.576 seconds
[2024-06-30T04:18:07.825+0000] {processor.py:161} INFO - Started process (PID=3204) to work on /home/airflow/.local/lib/python3.12/site-packages/airflow/example_dags/example_branch_labels.py
[2024-06-30T04:18:07.829+0000] {processor.py:830} INFO - Processing file /home/airflow/.local/lib/python3.12/site-packages/airflow/example_dags/example_branch_labels.py for tasks to queue
[2024-06-30T04:18:07.845+0000] {logging_mixin.py:188} INFO - [2024-06-30T04:18:07.844+0000] {dagbag.py:545} INFO - Filling up the DagBag from /home/airflow/.local/lib/python3.12/site-packages/airflow/example_dags/example_branch_labels.py
[2024-06-30T04:18:07.892+0000] {processor.py:840} INFO - DAG(s) 'example_branch_labels' retrieved from /home/airflow/.local/lib/python3.12/site-packages/airflow/example_dags/example_branch_labels.py
[2024-06-30T04:18:08.199+0000] {logging_mixin.py:188} INFO - [2024-06-30T04:18:08.188+0000] {dag.py:3096} INFO - Sync 1 DAGs
[2024-06-30T04:18:08.449+0000] {logging_mixin.py:188} INFO - [2024-06-30T04:18:08.448+0000] {dag.py:3954} INFO - Setting next_dagrun for example_branch_labels to 2024-06-29 00:00:00+00:00, run_after=2024-06-30 00:00:00+00:00
[2024-06-30T04:18:08.643+0000] {processor.py:183} INFO - Processing /home/airflow/.local/lib/python3.12/site-packages/airflow/example_dags/example_branch_labels.py took 0.864 seconds
[2024-06-30T04:18:38.931+0000] {processor.py:161} INFO - Started process (PID=3265) to work on /home/airflow/.local/lib/python3.12/site-packages/airflow/example_dags/example_branch_labels.py
[2024-06-30T04:18:38.933+0000] {processor.py:830} INFO - Processing file /home/airflow/.local/lib/python3.12/site-packages/airflow/example_dags/example_branch_labels.py for tasks to queue
[2024-06-30T04:18:38.940+0000] {logging_mixin.py:188} INFO - [2024-06-30T04:18:38.939+0000] {dagbag.py:545} INFO - Filling up the DagBag from /home/airflow/.local/lib/python3.12/site-packages/airflow/example_dags/example_branch_labels.py
[2024-06-30T04:18:38.953+0000] {processor.py:840} INFO - DAG(s) 'example_branch_labels' retrieved from /home/airflow/.local/lib/python3.12/site-packages/airflow/example_dags/example_branch_labels.py
[2024-06-30T04:18:39.010+0000] {logging_mixin.py:188} INFO - [2024-06-30T04:18:39.010+0000] {dag.py:3096} INFO - Sync 1 DAGs
[2024-06-30T04:18:39.065+0000] {logging_mixin.py:188} INFO - [2024-06-30T04:18:39.065+0000] {dag.py:3954} INFO - Setting next_dagrun for example_branch_labels to 2024-06-29 00:00:00+00:00, run_after=2024-06-30 00:00:00+00:00
[2024-06-30T04:18:39.128+0000] {processor.py:183} INFO - Processing /home/airflow/.local/lib/python3.12/site-packages/airflow/example_dags/example_branch_labels.py took 0.206 seconds
[2024-06-30T04:19:09.795+0000] {processor.py:161} INFO - Started process (PID=3323) to work on /home/airflow/.local/lib/python3.12/site-packages/airflow/example_dags/example_branch_labels.py
[2024-06-30T04:19:09.797+0000] {processor.py:830} INFO - Processing file /home/airflow/.local/lib/python3.12/site-packages/airflow/example_dags/example_branch_labels.py for tasks to queue
[2024-06-30T04:19:09.801+0000] {logging_mixin.py:188} INFO - [2024-06-30T04:19:09.801+0000] {dagbag.py:545} INFO - Filling up the DagBag from /home/airflow/.local/lib/python3.12/site-packages/airflow/example_dags/example_branch_labels.py
[2024-06-30T04:19:09.818+0000] {processor.py:840} INFO - DAG(s) 'example_branch_labels' retrieved from /home/airflow/.local/lib/python3.12/site-packages/airflow/example_dags/example_branch_labels.py
[2024-06-30T04:19:09.856+0000] {logging_mixin.py:188} INFO - [2024-06-30T04:19:09.856+0000] {dag.py:3096} INFO - Sync 1 DAGs
[2024-06-30T04:19:09.908+0000] {logging_mixin.py:188} INFO - [2024-06-30T04:19:09.907+0000] {dag.py:3954} INFO - Setting next_dagrun for example_branch_labels to 2024-06-29 00:00:00+00:00, run_after=2024-06-30 00:00:00+00:00
[2024-06-30T04:19:09.946+0000] {processor.py:183} INFO - Processing /home/airflow/.local/lib/python3.12/site-packages/airflow/example_dags/example_branch_labels.py took 0.168 seconds
[2024-06-30T04:19:40.540+0000] {processor.py:161} INFO - Started process (PID=3381) to work on /home/airflow/.local/lib/python3.12/site-packages/airflow/example_dags/example_branch_labels.py
[2024-06-30T04:19:40.542+0000] {processor.py:830} INFO - Processing file /home/airflow/.local/lib/python3.12/site-packages/airflow/example_dags/example_branch_labels.py for tasks to queue
[2024-06-30T04:19:40.545+0000] {logging_mixin.py:188} INFO - [2024-06-30T04:19:40.544+0000] {dagbag.py:545} INFO - Filling up the DagBag from /home/airflow/.local/lib/python3.12/site-packages/airflow/example_dags/example_branch_labels.py
[2024-06-30T04:19:40.555+0000] {processor.py:840} INFO - DAG(s) 'example_branch_labels' retrieved from /home/airflow/.local/lib/python3.12/site-packages/airflow/example_dags/example_branch_labels.py
[2024-06-30T04:19:40.589+0000] {logging_mixin.py:188} INFO - [2024-06-30T04:19:40.588+0000] {dag.py:3096} INFO - Sync 1 DAGs
[2024-06-30T04:19:40.633+0000] {logging_mixin.py:188} INFO - [2024-06-30T04:19:40.633+0000] {dag.py:3954} INFO - Setting next_dagrun for example_branch_labels to 2024-06-29 00:00:00+00:00, run_after=2024-06-30 00:00:00+00:00
[2024-06-30T04:19:40.676+0000] {processor.py:183} INFO - Processing /home/airflow/.local/lib/python3.12/site-packages/airflow/example_dags/example_branch_labels.py took 0.147 seconds
