[2024-06-30T03:50:07.371+0000] {processor.py:161} INFO - Started process (PID=87) to work on /home/airflow/.local/lib/python3.12/site-packages/airflow/example_dags/example_dag_decorator.py
[2024-06-30T03:50:07.387+0000] {processor.py:830} INFO - Processing file /home/airflow/.local/lib/python3.12/site-packages/airflow/example_dags/example_dag_decorator.py for tasks to queue
[2024-06-30T03:50:07.393+0000] {logging_mixin.py:188} INFO - [2024-06-30T03:50:07.391+0000] {dagbag.py:545} INFO - Filling up the DagBag from /home/airflow/.local/lib/python3.12/site-packages/airflow/example_dags/example_dag_decorator.py
[2024-06-30T03:50:08.856+0000] {processor.py:840} INFO - DAG(s) 'example_dag_decorator' retrieved from /home/airflow/.local/lib/python3.12/site-packages/airflow/example_dags/example_dag_decorator.py
[2024-06-30T03:50:09.351+0000] {logging_mixin.py:188} INFO - [2024-06-30T03:50:09.347+0000] {dag.py:3096} INFO - Sync 1 DAGs
[2024-06-30T03:50:09.390+0000] {logging_mixin.py:188} INFO - [2024-06-30T03:50:09.390+0000] {dag.py:3954} INFO - Setting next_dagrun for example_dag_decorator to None, run_after=None
[2024-06-30T03:50:09.463+0000] {processor.py:183} INFO - Processing /home/airflow/.local/lib/python3.12/site-packages/airflow/example_dags/example_dag_decorator.py took 2.141 seconds
[2024-06-30T03:50:40.154+0000] {processor.py:161} INFO - Started process (PID=146) to work on /home/airflow/.local/lib/python3.12/site-packages/airflow/example_dags/example_dag_decorator.py
[2024-06-30T03:50:40.157+0000] {processor.py:830} INFO - Processing file /home/airflow/.local/lib/python3.12/site-packages/airflow/example_dags/example_dag_decorator.py for tasks to queue
[2024-06-30T03:50:40.163+0000] {logging_mixin.py:188} INFO - [2024-06-30T03:50:40.162+0000] {dagbag.py:545} INFO - Filling up the DagBag from /home/airflow/.local/lib/python3.12/site-packages/airflow/example_dags/example_dag_decorator.py
[2024-06-30T03:50:40.420+0000] {processor.py:840} INFO - DAG(s) 'example_dag_decorator' retrieved from /home/airflow/.local/lib/python3.12/site-packages/airflow/example_dags/example_dag_decorator.py
[2024-06-30T03:50:40.645+0000] {logging_mixin.py:188} INFO - [2024-06-30T03:50:40.645+0000] {dag.py:3096} INFO - Sync 1 DAGs
[2024-06-30T03:50:40.675+0000] {logging_mixin.py:188} INFO - [2024-06-30T03:50:40.674+0000] {dag.py:3954} INFO - Setting next_dagrun for example_dag_decorator to None, run_after=None
[2024-06-30T03:50:40.722+0000] {processor.py:183} INFO - Processing /home/airflow/.local/lib/python3.12/site-packages/airflow/example_dags/example_dag_decorator.py took 0.579 seconds
[2024-06-30T03:51:11.288+0000] {processor.py:161} INFO - Started process (PID=203) to work on /home/airflow/.local/lib/python3.12/site-packages/airflow/example_dags/example_dag_decorator.py
[2024-06-30T03:51:11.291+0000] {processor.py:830} INFO - Processing file /home/airflow/.local/lib/python3.12/site-packages/airflow/example_dags/example_dag_decorator.py for tasks to queue
[2024-06-30T03:51:11.308+0000] {logging_mixin.py:188} INFO - [2024-06-30T03:51:11.306+0000] {dagbag.py:545} INFO - Filling up the DagBag from /home/airflow/.local/lib/python3.12/site-packages/airflow/example_dags/example_dag_decorator.py
[2024-06-30T03:51:12.114+0000] {processor.py:840} INFO - DAG(s) 'example_dag_decorator' retrieved from /home/airflow/.local/lib/python3.12/site-packages/airflow/example_dags/example_dag_decorator.py
[2024-06-30T03:51:13.313+0000] {logging_mixin.py:188} INFO - [2024-06-30T03:51:13.312+0000] {dag.py:3096} INFO - Sync 1 DAGs
[2024-06-30T03:51:13.381+0000] {logging_mixin.py:188} INFO - [2024-06-30T03:51:13.379+0000] {dag.py:3954} INFO - Setting next_dagrun for example_dag_decorator to None, run_after=None
[2024-06-30T03:51:13.589+0000] {processor.py:183} INFO - Processing /home/airflow/.local/lib/python3.12/site-packages/airflow/example_dags/example_dag_decorator.py took 2.324 seconds
[2024-06-30T03:51:43.900+0000] {processor.py:161} INFO - Started process (PID=263) to work on /home/airflow/.local/lib/python3.12/site-packages/airflow/example_dags/example_dag_decorator.py
[2024-06-30T03:51:43.902+0000] {processor.py:830} INFO - Processing file /home/airflow/.local/lib/python3.12/site-packages/airflow/example_dags/example_dag_decorator.py for tasks to queue
[2024-06-30T03:51:43.914+0000] {logging_mixin.py:188} INFO - [2024-06-30T03:51:43.913+0000] {dagbag.py:545} INFO - Filling up the DagBag from /home/airflow/.local/lib/python3.12/site-packages/airflow/example_dags/example_dag_decorator.py
[2024-06-30T03:51:44.386+0000] {processor.py:840} INFO - DAG(s) 'example_dag_decorator' retrieved from /home/airflow/.local/lib/python3.12/site-packages/airflow/example_dags/example_dag_decorator.py
[2024-06-30T03:51:44.926+0000] {logging_mixin.py:188} INFO - [2024-06-30T03:51:44.925+0000] {dag.py:3096} INFO - Sync 1 DAGs
[2024-06-30T03:51:44.963+0000] {logging_mixin.py:188} INFO - [2024-06-30T03:51:44.962+0000] {dag.py:3954} INFO - Setting next_dagrun for example_dag_decorator to None, run_after=None
[2024-06-30T03:51:45.077+0000] {processor.py:183} INFO - Processing /home/airflow/.local/lib/python3.12/site-packages/airflow/example_dags/example_dag_decorator.py took 1.193 seconds
[2024-06-30T03:52:15.493+0000] {processor.py:161} INFO - Started process (PID=324) to work on /home/airflow/.local/lib/python3.12/site-packages/airflow/example_dags/example_dag_decorator.py
[2024-06-30T03:52:15.495+0000] {processor.py:830} INFO - Processing file /home/airflow/.local/lib/python3.12/site-packages/airflow/example_dags/example_dag_decorator.py for tasks to queue
[2024-06-30T03:52:15.500+0000] {logging_mixin.py:188} INFO - [2024-06-30T03:52:15.499+0000] {dagbag.py:545} INFO - Filling up the DagBag from /home/airflow/.local/lib/python3.12/site-packages/airflow/example_dags/example_dag_decorator.py
[2024-06-30T03:52:15.850+0000] {processor.py:840} INFO - DAG(s) 'example_dag_decorator' retrieved from /home/airflow/.local/lib/python3.12/site-packages/airflow/example_dags/example_dag_decorator.py
[2024-06-30T03:52:16.166+0000] {logging_mixin.py:188} INFO - [2024-06-30T03:52:16.165+0000] {dag.py:3096} INFO - Sync 1 DAGs
[2024-06-30T03:52:16.189+0000] {logging_mixin.py:188} INFO - [2024-06-30T03:52:16.188+0000] {dag.py:3954} INFO - Setting next_dagrun for example_dag_decorator to None, run_after=None
[2024-06-30T03:52:16.288+0000] {processor.py:183} INFO - Processing /home/airflow/.local/lib/python3.12/site-packages/airflow/example_dags/example_dag_decorator.py took 0.815 seconds
[2024-06-30T03:52:46.911+0000] {processor.py:161} INFO - Started process (PID=382) to work on /home/airflow/.local/lib/python3.12/site-packages/airflow/example_dags/example_dag_decorator.py
[2024-06-30T03:52:46.914+0000] {processor.py:830} INFO - Processing file /home/airflow/.local/lib/python3.12/site-packages/airflow/example_dags/example_dag_decorator.py for tasks to queue
[2024-06-30T03:52:46.919+0000] {logging_mixin.py:188} INFO - [2024-06-30T03:52:46.918+0000] {dagbag.py:545} INFO - Filling up the DagBag from /home/airflow/.local/lib/python3.12/site-packages/airflow/example_dags/example_dag_decorator.py
[2024-06-30T03:52:47.220+0000] {processor.py:840} INFO - DAG(s) 'example_dag_decorator' retrieved from /home/airflow/.local/lib/python3.12/site-packages/airflow/example_dags/example_dag_decorator.py
[2024-06-30T03:52:47.582+0000] {logging_mixin.py:188} INFO - [2024-06-30T03:52:47.581+0000] {dag.py:3096} INFO - Sync 1 DAGs
[2024-06-30T03:52:47.636+0000] {logging_mixin.py:188} INFO - [2024-06-30T03:52:47.629+0000] {dag.py:3954} INFO - Setting next_dagrun for example_dag_decorator to None, run_after=None
[2024-06-30T03:52:47.742+0000] {processor.py:183} INFO - Processing /home/airflow/.local/lib/python3.12/site-packages/airflow/example_dags/example_dag_decorator.py took 0.852 seconds
[2024-06-30T03:53:17.953+0000] {processor.py:161} INFO - Started process (PID=443) to work on /home/airflow/.local/lib/python3.12/site-packages/airflow/example_dags/example_dag_decorator.py
[2024-06-30T03:53:17.956+0000] {processor.py:830} INFO - Processing file /home/airflow/.local/lib/python3.12/site-packages/airflow/example_dags/example_dag_decorator.py for tasks to queue
[2024-06-30T03:53:17.962+0000] {logging_mixin.py:188} INFO - [2024-06-30T03:53:17.961+0000] {dagbag.py:545} INFO - Filling up the DagBag from /home/airflow/.local/lib/python3.12/site-packages/airflow/example_dags/example_dag_decorator.py
[2024-06-30T03:53:18.197+0000] {processor.py:840} INFO - DAG(s) 'example_dag_decorator' retrieved from /home/airflow/.local/lib/python3.12/site-packages/airflow/example_dags/example_dag_decorator.py
[2024-06-30T03:53:18.422+0000] {logging_mixin.py:188} INFO - [2024-06-30T03:53:18.421+0000] {dag.py:3096} INFO - Sync 1 DAGs
[2024-06-30T03:53:18.447+0000] {logging_mixin.py:188} INFO - [2024-06-30T03:53:18.446+0000] {dag.py:3954} INFO - Setting next_dagrun for example_dag_decorator to None, run_after=None
[2024-06-30T03:53:18.553+0000] {processor.py:183} INFO - Processing /home/airflow/.local/lib/python3.12/site-packages/airflow/example_dags/example_dag_decorator.py took 0.612 seconds
[2024-06-30T03:53:50.430+0000] {processor.py:161} INFO - Started process (PID=503) to work on /home/airflow/.local/lib/python3.12/site-packages/airflow/example_dags/example_dag_decorator.py
[2024-06-30T03:53:50.433+0000] {processor.py:830} INFO - Processing file /home/airflow/.local/lib/python3.12/site-packages/airflow/example_dags/example_dag_decorator.py for tasks to queue
[2024-06-30T03:53:50.441+0000] {logging_mixin.py:188} INFO - [2024-06-30T03:53:50.437+0000] {dagbag.py:545} INFO - Filling up the DagBag from /home/airflow/.local/lib/python3.12/site-packages/airflow/example_dags/example_dag_decorator.py
[2024-06-30T03:53:51.233+0000] {processor.py:840} INFO - DAG(s) 'example_dag_decorator' retrieved from /home/airflow/.local/lib/python3.12/site-packages/airflow/example_dags/example_dag_decorator.py
[2024-06-30T03:53:51.876+0000] {logging_mixin.py:188} INFO - [2024-06-30T03:53:51.875+0000] {dag.py:3096} INFO - Sync 1 DAGs
[2024-06-30T03:53:51.958+0000] {logging_mixin.py:188} INFO - [2024-06-30T03:53:51.957+0000] {dag.py:3954} INFO - Setting next_dagrun for example_dag_decorator to None, run_after=None
[2024-06-30T03:53:52.062+0000] {processor.py:183} INFO - Processing /home/airflow/.local/lib/python3.12/site-packages/airflow/example_dags/example_dag_decorator.py took 1.657 seconds
[2024-06-30T03:54:22.280+0000] {processor.py:161} INFO - Started process (PID=562) to work on /home/airflow/.local/lib/python3.12/site-packages/airflow/example_dags/example_dag_decorator.py
[2024-06-30T03:54:22.283+0000] {processor.py:830} INFO - Processing file /home/airflow/.local/lib/python3.12/site-packages/airflow/example_dags/example_dag_decorator.py for tasks to queue
[2024-06-30T03:54:22.288+0000] {logging_mixin.py:188} INFO - [2024-06-30T03:54:22.287+0000] {dagbag.py:545} INFO - Filling up the DagBag from /home/airflow/.local/lib/python3.12/site-packages/airflow/example_dags/example_dag_decorator.py
[2024-06-30T03:54:22.801+0000] {processor.py:840} INFO - DAG(s) 'example_dag_decorator' retrieved from /home/airflow/.local/lib/python3.12/site-packages/airflow/example_dags/example_dag_decorator.py
[2024-06-30T03:54:23.408+0000] {logging_mixin.py:188} INFO - [2024-06-30T03:54:23.408+0000] {dag.py:3096} INFO - Sync 1 DAGs
[2024-06-30T03:54:23.440+0000] {logging_mixin.py:188} INFO - [2024-06-30T03:54:23.440+0000] {dag.py:3954} INFO - Setting next_dagrun for example_dag_decorator to None, run_after=None
[2024-06-30T03:54:23.697+0000] {processor.py:183} INFO - Processing /home/airflow/.local/lib/python3.12/site-packages/airflow/example_dags/example_dag_decorator.py took 1.432 seconds
[2024-06-30T03:54:54.324+0000] {processor.py:161} INFO - Started process (PID=624) to work on /home/airflow/.local/lib/python3.12/site-packages/airflow/example_dags/example_dag_decorator.py
[2024-06-30T03:54:54.326+0000] {processor.py:830} INFO - Processing file /home/airflow/.local/lib/python3.12/site-packages/airflow/example_dags/example_dag_decorator.py for tasks to queue
[2024-06-30T03:54:54.331+0000] {logging_mixin.py:188} INFO - [2024-06-30T03:54:54.330+0000] {dagbag.py:545} INFO - Filling up the DagBag from /home/airflow/.local/lib/python3.12/site-packages/airflow/example_dags/example_dag_decorator.py
[2024-06-30T03:54:54.636+0000] {processor.py:840} INFO - DAG(s) 'example_dag_decorator' retrieved from /home/airflow/.local/lib/python3.12/site-packages/airflow/example_dags/example_dag_decorator.py
[2024-06-30T03:54:54.923+0000] {logging_mixin.py:188} INFO - [2024-06-30T03:54:54.922+0000] {dag.py:3096} INFO - Sync 1 DAGs
[2024-06-30T03:54:54.950+0000] {logging_mixin.py:188} INFO - [2024-06-30T03:54:54.949+0000] {dag.py:3954} INFO - Setting next_dagrun for example_dag_decorator to None, run_after=None
[2024-06-30T03:54:54.993+0000] {processor.py:183} INFO - Processing /home/airflow/.local/lib/python3.12/site-packages/airflow/example_dags/example_dag_decorator.py took 0.682 seconds
[2024-06-30T03:55:28.051+0000] {processor.py:161} INFO - Started process (PID=690) to work on /home/airflow/.local/lib/python3.12/site-packages/airflow/example_dags/example_dag_decorator.py
[2024-06-30T03:55:28.055+0000] {processor.py:830} INFO - Processing file /home/airflow/.local/lib/python3.12/site-packages/airflow/example_dags/example_dag_decorator.py for tasks to queue
[2024-06-30T03:55:28.070+0000] {logging_mixin.py:188} INFO - [2024-06-30T03:55:28.069+0000] {dagbag.py:545} INFO - Filling up the DagBag from /home/airflow/.local/lib/python3.12/site-packages/airflow/example_dags/example_dag_decorator.py
[2024-06-30T03:55:28.986+0000] {processor.py:840} INFO - DAG(s) 'example_dag_decorator' retrieved from /home/airflow/.local/lib/python3.12/site-packages/airflow/example_dags/example_dag_decorator.py
[2024-06-30T03:55:30.039+0000] {logging_mixin.py:188} INFO - [2024-06-30T03:55:30.027+0000] {dag.py:3096} INFO - Sync 1 DAGs
[2024-06-30T03:55:31.077+0000] {logging_mixin.py:188} INFO - [2024-06-30T03:55:31.076+0000] {dag.py:3954} INFO - Setting next_dagrun for example_dag_decorator to None, run_after=None
[2024-06-30T03:55:31.167+0000] {processor.py:183} INFO - Processing /home/airflow/.local/lib/python3.12/site-packages/airflow/example_dags/example_dag_decorator.py took 3.149 seconds
[2024-06-30T03:56:08.787+0000] {processor.py:161} INFO - Started process (PID=745) to work on /home/airflow/.local/lib/python3.12/site-packages/airflow/example_dags/example_dag_decorator.py
[2024-06-30T03:56:08.789+0000] {processor.py:830} INFO - Processing file /home/airflow/.local/lib/python3.12/site-packages/airflow/example_dags/example_dag_decorator.py for tasks to queue
[2024-06-30T03:56:08.793+0000] {logging_mixin.py:188} INFO - [2024-06-30T03:56:08.792+0000] {dagbag.py:545} INFO - Filling up the DagBag from /home/airflow/.local/lib/python3.12/site-packages/airflow/example_dags/example_dag_decorator.py
[2024-06-30T03:56:09.228+0000] {processor.py:840} INFO - DAG(s) 'example_dag_decorator' retrieved from /home/airflow/.local/lib/python3.12/site-packages/airflow/example_dags/example_dag_decorator.py
[2024-06-30T03:56:09.569+0000] {logging_mixin.py:188} INFO - [2024-06-30T03:56:09.567+0000] {dag.py:3096} INFO - Sync 1 DAGs
[2024-06-30T03:56:09.603+0000] {logging_mixin.py:188} INFO - [2024-06-30T03:56:09.602+0000] {dag.py:3954} INFO - Setting next_dagrun for example_dag_decorator to None, run_after=None
[2024-06-30T03:56:10.159+0000] {processor.py:183} INFO - Processing /home/airflow/.local/lib/python3.12/site-packages/airflow/example_dags/example_dag_decorator.py took 1.399 seconds
[2024-06-30T03:56:40.676+0000] {processor.py:161} INFO - Started process (PID=805) to work on /home/airflow/.local/lib/python3.12/site-packages/airflow/example_dags/example_dag_decorator.py
[2024-06-30T03:56:40.682+0000] {processor.py:830} INFO - Processing file /home/airflow/.local/lib/python3.12/site-packages/airflow/example_dags/example_dag_decorator.py for tasks to queue
[2024-06-30T03:56:40.688+0000] {logging_mixin.py:188} INFO - [2024-06-30T03:56:40.686+0000] {dagbag.py:545} INFO - Filling up the DagBag from /home/airflow/.local/lib/python3.12/site-packages/airflow/example_dags/example_dag_decorator.py
[2024-06-30T03:56:41.121+0000] {processor.py:840} INFO - DAG(s) 'example_dag_decorator' retrieved from /home/airflow/.local/lib/python3.12/site-packages/airflow/example_dags/example_dag_decorator.py
[2024-06-30T03:56:41.730+0000] {logging_mixin.py:188} INFO - [2024-06-30T03:56:41.729+0000] {dag.py:3096} INFO - Sync 1 DAGs
[2024-06-30T03:56:41.757+0000] {logging_mixin.py:188} INFO - [2024-06-30T03:56:41.757+0000] {dag.py:3954} INFO - Setting next_dagrun for example_dag_decorator to None, run_after=None
[2024-06-30T03:56:41.858+0000] {processor.py:183} INFO - Processing /home/airflow/.local/lib/python3.12/site-packages/airflow/example_dags/example_dag_decorator.py took 1.204 seconds
[2024-06-30T03:57:18.286+0000] {processor.py:161} INFO - Started process (PID=870) to work on /home/airflow/.local/lib/python3.12/site-packages/airflow/example_dags/example_dag_decorator.py
[2024-06-30T03:57:18.293+0000] {processor.py:830} INFO - Processing file /home/airflow/.local/lib/python3.12/site-packages/airflow/example_dags/example_dag_decorator.py for tasks to queue
[2024-06-30T03:57:18.298+0000] {logging_mixin.py:188} INFO - [2024-06-30T03:57:18.297+0000] {dagbag.py:545} INFO - Filling up the DagBag from /home/airflow/.local/lib/python3.12/site-packages/airflow/example_dags/example_dag_decorator.py
[2024-06-30T03:57:18.797+0000] {processor.py:840} INFO - DAG(s) 'example_dag_decorator' retrieved from /home/airflow/.local/lib/python3.12/site-packages/airflow/example_dags/example_dag_decorator.py
[2024-06-30T03:57:20.121+0000] {logging_mixin.py:188} INFO - [2024-06-30T03:57:20.110+0000] {dag.py:3096} INFO - Sync 1 DAGs
[2024-06-30T03:57:20.210+0000] {logging_mixin.py:188} INFO - [2024-06-30T03:57:20.209+0000] {dag.py:3954} INFO - Setting next_dagrun for example_dag_decorator to None, run_after=None
[2024-06-30T03:57:20.490+0000] {processor.py:183} INFO - Processing /home/airflow/.local/lib/python3.12/site-packages/airflow/example_dags/example_dag_decorator.py took 2.223 seconds
[2024-06-30T03:57:51.180+0000] {processor.py:161} INFO - Started process (PID=930) to work on /home/airflow/.local/lib/python3.12/site-packages/airflow/example_dags/example_dag_decorator.py
[2024-06-30T03:57:51.184+0000] {processor.py:830} INFO - Processing file /home/airflow/.local/lib/python3.12/site-packages/airflow/example_dags/example_dag_decorator.py for tasks to queue
[2024-06-30T03:57:51.197+0000] {logging_mixin.py:188} INFO - [2024-06-30T03:57:51.196+0000] {dagbag.py:545} INFO - Filling up the DagBag from /home/airflow/.local/lib/python3.12/site-packages/airflow/example_dags/example_dag_decorator.py
[2024-06-30T03:57:51.995+0000] {processor.py:840} INFO - DAG(s) 'example_dag_decorator' retrieved from /home/airflow/.local/lib/python3.12/site-packages/airflow/example_dags/example_dag_decorator.py
[2024-06-30T03:57:53.619+0000] {logging_mixin.py:188} INFO - [2024-06-30T03:57:53.618+0000] {dag.py:3096} INFO - Sync 1 DAGs
[2024-06-30T03:57:53.727+0000] {logging_mixin.py:188} INFO - [2024-06-30T03:57:53.715+0000] {dag.py:3954} INFO - Setting next_dagrun for example_dag_decorator to None, run_after=None
[2024-06-30T03:57:53.976+0000] {processor.py:183} INFO - Processing /home/airflow/.local/lib/python3.12/site-packages/airflow/example_dags/example_dag_decorator.py took 2.821 seconds
[2024-06-30T03:58:24.297+0000] {processor.py:161} INFO - Started process (PID=989) to work on /home/airflow/.local/lib/python3.12/site-packages/airflow/example_dags/example_dag_decorator.py
[2024-06-30T03:58:24.300+0000] {processor.py:830} INFO - Processing file /home/airflow/.local/lib/python3.12/site-packages/airflow/example_dags/example_dag_decorator.py for tasks to queue
[2024-06-30T03:58:24.306+0000] {logging_mixin.py:188} INFO - [2024-06-30T03:58:24.305+0000] {dagbag.py:545} INFO - Filling up the DagBag from /home/airflow/.local/lib/python3.12/site-packages/airflow/example_dags/example_dag_decorator.py
[2024-06-30T03:58:24.929+0000] {processor.py:840} INFO - DAG(s) 'example_dag_decorator' retrieved from /home/airflow/.local/lib/python3.12/site-packages/airflow/example_dags/example_dag_decorator.py
[2024-06-30T03:58:26.039+0000] {logging_mixin.py:188} INFO - [2024-06-30T03:58:26.039+0000] {dag.py:3096} INFO - Sync 1 DAGs
[2024-06-30T03:58:26.072+0000] {logging_mixin.py:188} INFO - [2024-06-30T03:58:26.071+0000] {dag.py:3954} INFO - Setting next_dagrun for example_dag_decorator to None, run_after=None
[2024-06-30T03:58:26.209+0000] {processor.py:183} INFO - Processing /home/airflow/.local/lib/python3.12/site-packages/airflow/example_dags/example_dag_decorator.py took 1.957 seconds
[2024-06-30T03:58:56.451+0000] {processor.py:161} INFO - Started process (PID=1051) to work on /home/airflow/.local/lib/python3.12/site-packages/airflow/example_dags/example_dag_decorator.py
[2024-06-30T03:58:56.454+0000] {processor.py:830} INFO - Processing file /home/airflow/.local/lib/python3.12/site-packages/airflow/example_dags/example_dag_decorator.py for tasks to queue
[2024-06-30T03:58:56.459+0000] {logging_mixin.py:188} INFO - [2024-06-30T03:58:56.458+0000] {dagbag.py:545} INFO - Filling up the DagBag from /home/airflow/.local/lib/python3.12/site-packages/airflow/example_dags/example_dag_decorator.py
[2024-06-30T03:58:56.718+0000] {processor.py:840} INFO - DAG(s) 'example_dag_decorator' retrieved from /home/airflow/.local/lib/python3.12/site-packages/airflow/example_dags/example_dag_decorator.py
[2024-06-30T03:58:57.490+0000] {logging_mixin.py:188} INFO - [2024-06-30T03:58:57.489+0000] {dag.py:3096} INFO - Sync 1 DAGs
[2024-06-30T03:58:57.576+0000] {logging_mixin.py:188} INFO - [2024-06-30T03:58:57.575+0000] {dag.py:3954} INFO - Setting next_dagrun for example_dag_decorator to None, run_after=None
[2024-06-30T03:58:57.664+0000] {processor.py:183} INFO - Processing /home/airflow/.local/lib/python3.12/site-packages/airflow/example_dags/example_dag_decorator.py took 1.225 seconds
[2024-06-30T03:59:28.176+0000] {processor.py:161} INFO - Started process (PID=1113) to work on /home/airflow/.local/lib/python3.12/site-packages/airflow/example_dags/example_dag_decorator.py
[2024-06-30T03:59:28.179+0000] {processor.py:830} INFO - Processing file /home/airflow/.local/lib/python3.12/site-packages/airflow/example_dags/example_dag_decorator.py for tasks to queue
[2024-06-30T03:59:28.184+0000] {logging_mixin.py:188} INFO - [2024-06-30T03:59:28.183+0000] {dagbag.py:545} INFO - Filling up the DagBag from /home/airflow/.local/lib/python3.12/site-packages/airflow/example_dags/example_dag_decorator.py
[2024-06-30T03:59:28.562+0000] {processor.py:840} INFO - DAG(s) 'example_dag_decorator' retrieved from /home/airflow/.local/lib/python3.12/site-packages/airflow/example_dags/example_dag_decorator.py
[2024-06-30T03:59:29.128+0000] {logging_mixin.py:188} INFO - [2024-06-30T03:59:29.127+0000] {dag.py:3096} INFO - Sync 1 DAGs
[2024-06-30T03:59:29.152+0000] {logging_mixin.py:188} INFO - [2024-06-30T03:59:29.151+0000] {dag.py:3954} INFO - Setting next_dagrun for example_dag_decorator to None, run_after=None
[2024-06-30T03:59:29.251+0000] {processor.py:183} INFO - Processing /home/airflow/.local/lib/python3.12/site-packages/airflow/example_dags/example_dag_decorator.py took 1.090 seconds
[2024-06-30T04:00:09.027+0000] {processor.py:161} INFO - Started process (PID=1189) to work on /home/airflow/.local/lib/python3.12/site-packages/airflow/example_dags/example_dag_decorator.py
[2024-06-30T04:00:09.029+0000] {processor.py:830} INFO - Processing file /home/airflow/.local/lib/python3.12/site-packages/airflow/example_dags/example_dag_decorator.py for tasks to queue
[2024-06-30T04:00:09.034+0000] {logging_mixin.py:188} INFO - [2024-06-30T04:00:09.033+0000] {dagbag.py:545} INFO - Filling up the DagBag from /home/airflow/.local/lib/python3.12/site-packages/airflow/example_dags/example_dag_decorator.py
[2024-06-30T04:00:09.377+0000] {processor.py:840} INFO - DAG(s) 'example_dag_decorator' retrieved from /home/airflow/.local/lib/python3.12/site-packages/airflow/example_dags/example_dag_decorator.py
[2024-06-30T04:00:10.129+0000] {logging_mixin.py:188} INFO - [2024-06-30T04:00:10.128+0000] {dag.py:3096} INFO - Sync 1 DAGs
[2024-06-30T04:00:10.162+0000] {logging_mixin.py:188} INFO - [2024-06-30T04:00:10.162+0000] {dag.py:3954} INFO - Setting next_dagrun for example_dag_decorator to None, run_after=None
[2024-06-30T04:00:10.228+0000] {processor.py:183} INFO - Processing /home/airflow/.local/lib/python3.12/site-packages/airflow/example_dags/example_dag_decorator.py took 1.217 seconds
[2024-06-30T04:00:41.660+0000] {processor.py:161} INFO - Started process (PID=1252) to work on /home/airflow/.local/lib/python3.12/site-packages/airflow/example_dags/example_dag_decorator.py
[2024-06-30T04:00:41.661+0000] {processor.py:830} INFO - Processing file /home/airflow/.local/lib/python3.12/site-packages/airflow/example_dags/example_dag_decorator.py for tasks to queue
[2024-06-30T04:00:41.665+0000] {logging_mixin.py:188} INFO - [2024-06-30T04:00:41.664+0000] {dagbag.py:545} INFO - Filling up the DagBag from /home/airflow/.local/lib/python3.12/site-packages/airflow/example_dags/example_dag_decorator.py
[2024-06-30T04:00:41.973+0000] {processor.py:840} INFO - DAG(s) 'example_dag_decorator' retrieved from /home/airflow/.local/lib/python3.12/site-packages/airflow/example_dags/example_dag_decorator.py
[2024-06-30T04:00:42.632+0000] {logging_mixin.py:188} INFO - [2024-06-30T04:00:42.631+0000] {dag.py:3096} INFO - Sync 1 DAGs
[2024-06-30T04:00:42.660+0000] {logging_mixin.py:188} INFO - [2024-06-30T04:00:42.660+0000] {dag.py:3954} INFO - Setting next_dagrun for example_dag_decorator to None, run_after=None
[2024-06-30T04:00:42.718+0000] {processor.py:183} INFO - Processing /home/airflow/.local/lib/python3.12/site-packages/airflow/example_dags/example_dag_decorator.py took 1.072 seconds
[2024-06-30T04:01:13.063+0000] {processor.py:161} INFO - Started process (PID=1311) to work on /home/airflow/.local/lib/python3.12/site-packages/airflow/example_dags/example_dag_decorator.py
[2024-06-30T04:01:13.072+0000] {processor.py:830} INFO - Processing file /home/airflow/.local/lib/python3.12/site-packages/airflow/example_dags/example_dag_decorator.py for tasks to queue
[2024-06-30T04:01:13.081+0000] {logging_mixin.py:188} INFO - [2024-06-30T04:01:13.080+0000] {dagbag.py:545} INFO - Filling up the DagBag from /home/airflow/.local/lib/python3.12/site-packages/airflow/example_dags/example_dag_decorator.py
[2024-06-30T04:01:13.808+0000] {processor.py:840} INFO - DAG(s) 'example_dag_decorator' retrieved from /home/airflow/.local/lib/python3.12/site-packages/airflow/example_dags/example_dag_decorator.py
[2024-06-30T04:01:14.960+0000] {logging_mixin.py:188} INFO - [2024-06-30T04:01:14.959+0000] {dag.py:3096} INFO - Sync 1 DAGs
[2024-06-30T04:01:15.001+0000] {logging_mixin.py:188} INFO - [2024-06-30T04:01:15.000+0000] {dag.py:3954} INFO - Setting next_dagrun for example_dag_decorator to None, run_after=None
[2024-06-30T04:01:15.123+0000] {processor.py:183} INFO - Processing /home/airflow/.local/lib/python3.12/site-packages/airflow/example_dags/example_dag_decorator.py took 2.080 seconds
[2024-06-30T04:01:45.585+0000] {processor.py:161} INFO - Started process (PID=1370) to work on /home/airflow/.local/lib/python3.12/site-packages/airflow/example_dags/example_dag_decorator.py
[2024-06-30T04:01:45.598+0000] {processor.py:830} INFO - Processing file /home/airflow/.local/lib/python3.12/site-packages/airflow/example_dags/example_dag_decorator.py for tasks to queue
[2024-06-30T04:01:45.610+0000] {logging_mixin.py:188} INFO - [2024-06-30T04:01:45.609+0000] {dagbag.py:545} INFO - Filling up the DagBag from /home/airflow/.local/lib/python3.12/site-packages/airflow/example_dags/example_dag_decorator.py
[2024-06-30T04:01:46.210+0000] {processor.py:840} INFO - DAG(s) 'example_dag_decorator' retrieved from /home/airflow/.local/lib/python3.12/site-packages/airflow/example_dags/example_dag_decorator.py
[2024-06-30T04:01:47.360+0000] {logging_mixin.py:188} INFO - [2024-06-30T04:01:47.359+0000] {dag.py:3096} INFO - Sync 1 DAGs
[2024-06-30T04:01:47.406+0000] {logging_mixin.py:188} INFO - [2024-06-30T04:01:47.406+0000] {dag.py:3954} INFO - Setting next_dagrun for example_dag_decorator to None, run_after=None
[2024-06-30T04:01:47.505+0000] {processor.py:183} INFO - Processing /home/airflow/.local/lib/python3.12/site-packages/airflow/example_dags/example_dag_decorator.py took 1.957 seconds
[2024-06-30T04:02:18.634+0000] {processor.py:161} INFO - Started process (PID=1430) to work on /home/airflow/.local/lib/python3.12/site-packages/airflow/example_dags/example_dag_decorator.py
[2024-06-30T04:02:18.635+0000] {processor.py:830} INFO - Processing file /home/airflow/.local/lib/python3.12/site-packages/airflow/example_dags/example_dag_decorator.py for tasks to queue
[2024-06-30T04:02:18.639+0000] {logging_mixin.py:188} INFO - [2024-06-30T04:02:18.639+0000] {dagbag.py:545} INFO - Filling up the DagBag from /home/airflow/.local/lib/python3.12/site-packages/airflow/example_dags/example_dag_decorator.py
[2024-06-30T04:02:19.181+0000] {processor.py:840} INFO - DAG(s) 'example_dag_decorator' retrieved from /home/airflow/.local/lib/python3.12/site-packages/airflow/example_dags/example_dag_decorator.py
[2024-06-30T04:02:19.434+0000] {logging_mixin.py:188} INFO - [2024-06-30T04:02:19.433+0000] {dag.py:3096} INFO - Sync 1 DAGs
[2024-06-30T04:02:19.461+0000] {logging_mixin.py:188} INFO - [2024-06-30T04:02:19.461+0000] {dag.py:3954} INFO - Setting next_dagrun for example_dag_decorator to None, run_after=None
[2024-06-30T04:02:19.517+0000] {processor.py:183} INFO - Processing /home/airflow/.local/lib/python3.12/site-packages/airflow/example_dags/example_dag_decorator.py took 0.901 seconds
[2024-06-30T04:02:51.449+0000] {processor.py:161} INFO - Started process (PID=1491) to work on /home/airflow/.local/lib/python3.12/site-packages/airflow/example_dags/example_dag_decorator.py
[2024-06-30T04:02:51.451+0000] {processor.py:830} INFO - Processing file /home/airflow/.local/lib/python3.12/site-packages/airflow/example_dags/example_dag_decorator.py for tasks to queue
[2024-06-30T04:02:51.462+0000] {logging_mixin.py:188} INFO - [2024-06-30T04:02:51.461+0000] {dagbag.py:545} INFO - Filling up the DagBag from /home/airflow/.local/lib/python3.12/site-packages/airflow/example_dags/example_dag_decorator.py
[2024-06-30T04:02:52.064+0000] {processor.py:840} INFO - DAG(s) 'example_dag_decorator' retrieved from /home/airflow/.local/lib/python3.12/site-packages/airflow/example_dags/example_dag_decorator.py
[2024-06-30T04:02:52.331+0000] {logging_mixin.py:188} INFO - [2024-06-30T04:02:52.330+0000] {dag.py:3096} INFO - Sync 1 DAGs
[2024-06-30T04:02:52.364+0000] {logging_mixin.py:188} INFO - [2024-06-30T04:02:52.363+0000] {dag.py:3954} INFO - Setting next_dagrun for example_dag_decorator to None, run_after=None
[2024-06-30T04:02:52.469+0000] {processor.py:183} INFO - Processing /home/airflow/.local/lib/python3.12/site-packages/airflow/example_dags/example_dag_decorator.py took 1.055 seconds
[2024-06-30T04:03:23.170+0000] {processor.py:161} INFO - Started process (PID=1550) to work on /home/airflow/.local/lib/python3.12/site-packages/airflow/example_dags/example_dag_decorator.py
[2024-06-30T04:03:23.172+0000] {processor.py:830} INFO - Processing file /home/airflow/.local/lib/python3.12/site-packages/airflow/example_dags/example_dag_decorator.py for tasks to queue
[2024-06-30T04:03:23.181+0000] {logging_mixin.py:188} INFO - [2024-06-30T04:03:23.180+0000] {dagbag.py:545} INFO - Filling up the DagBag from /home/airflow/.local/lib/python3.12/site-packages/airflow/example_dags/example_dag_decorator.py
[2024-06-30T04:03:24.125+0000] {processor.py:840} INFO - DAG(s) 'example_dag_decorator' retrieved from /home/airflow/.local/lib/python3.12/site-packages/airflow/example_dags/example_dag_decorator.py
[2024-06-30T04:03:24.542+0000] {logging_mixin.py:188} INFO - [2024-06-30T04:03:24.541+0000] {dag.py:3096} INFO - Sync 1 DAGs
[2024-06-30T04:03:24.602+0000] {logging_mixin.py:188} INFO - [2024-06-30T04:03:24.602+0000] {dag.py:3954} INFO - Setting next_dagrun for example_dag_decorator to None, run_after=None
[2024-06-30T04:03:24.758+0000] {processor.py:183} INFO - Processing /home/airflow/.local/lib/python3.12/site-packages/airflow/example_dags/example_dag_decorator.py took 1.606 seconds
[2024-06-30T04:03:56.154+0000] {processor.py:161} INFO - Started process (PID=1610) to work on /home/airflow/.local/lib/python3.12/site-packages/airflow/example_dags/example_dag_decorator.py
[2024-06-30T04:03:56.175+0000] {processor.py:830} INFO - Processing file /home/airflow/.local/lib/python3.12/site-packages/airflow/example_dags/example_dag_decorator.py for tasks to queue
[2024-06-30T04:03:56.194+0000] {logging_mixin.py:188} INFO - [2024-06-30T04:03:56.187+0000] {dagbag.py:545} INFO - Filling up the DagBag from /home/airflow/.local/lib/python3.12/site-packages/airflow/example_dags/example_dag_decorator.py
[2024-06-30T04:03:57.388+0000] {processor.py:840} INFO - DAG(s) 'example_dag_decorator' retrieved from /home/airflow/.local/lib/python3.12/site-packages/airflow/example_dags/example_dag_decorator.py
[2024-06-30T04:03:57.839+0000] {logging_mixin.py:188} INFO - [2024-06-30T04:03:57.838+0000] {dag.py:3096} INFO - Sync 1 DAGs
[2024-06-30T04:03:57.898+0000] {logging_mixin.py:188} INFO - [2024-06-30T04:03:57.897+0000] {dag.py:3954} INFO - Setting next_dagrun for example_dag_decorator to None, run_after=None
[2024-06-30T04:03:57.984+0000] {processor.py:183} INFO - Processing /home/airflow/.local/lib/python3.12/site-packages/airflow/example_dags/example_dag_decorator.py took 1.887 seconds
[2024-06-30T04:04:32.532+0000] {processor.py:161} INFO - Started process (PID=1674) to work on /home/airflow/.local/lib/python3.12/site-packages/airflow/example_dags/example_dag_decorator.py
[2024-06-30T04:04:32.537+0000] {processor.py:830} INFO - Processing file /home/airflow/.local/lib/python3.12/site-packages/airflow/example_dags/example_dag_decorator.py for tasks to queue
[2024-06-30T04:04:32.547+0000] {logging_mixin.py:188} INFO - [2024-06-30T04:04:32.545+0000] {dagbag.py:545} INFO - Filling up the DagBag from /home/airflow/.local/lib/python3.12/site-packages/airflow/example_dags/example_dag_decorator.py
[2024-06-30T04:04:33.819+0000] {processor.py:840} INFO - DAG(s) 'example_dag_decorator' retrieved from /home/airflow/.local/lib/python3.12/site-packages/airflow/example_dags/example_dag_decorator.py
[2024-06-30T04:04:34.755+0000] {logging_mixin.py:188} INFO - [2024-06-30T04:04:34.754+0000] {dag.py:3096} INFO - Sync 1 DAGs
[2024-06-30T04:04:34.861+0000] {logging_mixin.py:188} INFO - [2024-06-30T04:04:34.861+0000] {dag.py:3954} INFO - Setting next_dagrun for example_dag_decorator to None, run_after=None
[2024-06-30T04:04:34.938+0000] {processor.py:183} INFO - Processing /home/airflow/.local/lib/python3.12/site-packages/airflow/example_dags/example_dag_decorator.py took 2.421 seconds
[2024-06-30T04:05:08.306+0000] {processor.py:161} INFO - Started process (PID=1745) to work on /home/airflow/.local/lib/python3.12/site-packages/airflow/example_dags/example_dag_decorator.py
[2024-06-30T04:05:08.308+0000] {processor.py:830} INFO - Processing file /home/airflow/.local/lib/python3.12/site-packages/airflow/example_dags/example_dag_decorator.py for tasks to queue
[2024-06-30T04:05:08.320+0000] {logging_mixin.py:188} INFO - [2024-06-30T04:05:08.319+0000] {dagbag.py:545} INFO - Filling up the DagBag from /home/airflow/.local/lib/python3.12/site-packages/airflow/example_dags/example_dag_decorator.py
[2024-06-30T04:05:09.355+0000] {processor.py:840} INFO - DAG(s) 'example_dag_decorator' retrieved from /home/airflow/.local/lib/python3.12/site-packages/airflow/example_dags/example_dag_decorator.py
[2024-06-30T04:05:09.966+0000] {logging_mixin.py:188} INFO - [2024-06-30T04:05:09.965+0000] {dag.py:3096} INFO - Sync 1 DAGs
[2024-06-30T04:05:10.017+0000] {logging_mixin.py:188} INFO - [2024-06-30T04:05:10.016+0000] {dag.py:3954} INFO - Setting next_dagrun for example_dag_decorator to None, run_after=None
[2024-06-30T04:05:10.172+0000] {processor.py:183} INFO - Processing /home/airflow/.local/lib/python3.12/site-packages/airflow/example_dags/example_dag_decorator.py took 1.892 seconds
[2024-06-30T04:05:41.484+0000] {processor.py:161} INFO - Started process (PID=1804) to work on /home/airflow/.local/lib/python3.12/site-packages/airflow/example_dags/example_dag_decorator.py
[2024-06-30T04:05:41.487+0000] {processor.py:830} INFO - Processing file /home/airflow/.local/lib/python3.12/site-packages/airflow/example_dags/example_dag_decorator.py for tasks to queue
[2024-06-30T04:05:41.492+0000] {logging_mixin.py:188} INFO - [2024-06-30T04:05:41.491+0000] {dagbag.py:545} INFO - Filling up the DagBag from /home/airflow/.local/lib/python3.12/site-packages/airflow/example_dags/example_dag_decorator.py
[2024-06-30T04:05:42.252+0000] {processor.py:840} INFO - DAG(s) 'example_dag_decorator' retrieved from /home/airflow/.local/lib/python3.12/site-packages/airflow/example_dags/example_dag_decorator.py
[2024-06-30T04:05:42.602+0000] {logging_mixin.py:188} INFO - [2024-06-30T04:05:42.601+0000] {dag.py:3096} INFO - Sync 1 DAGs
[2024-06-30T04:05:42.640+0000] {logging_mixin.py:188} INFO - [2024-06-30T04:05:42.639+0000] {dag.py:3954} INFO - Setting next_dagrun for example_dag_decorator to None, run_after=None
[2024-06-30T04:05:42.746+0000] {processor.py:183} INFO - Processing /home/airflow/.local/lib/python3.12/site-packages/airflow/example_dags/example_dag_decorator.py took 1.277 seconds
[2024-06-30T04:06:13.111+0000] {processor.py:161} INFO - Started process (PID=1863) to work on /home/airflow/.local/lib/python3.12/site-packages/airflow/example_dags/example_dag_decorator.py
[2024-06-30T04:06:13.113+0000] {processor.py:830} INFO - Processing file /home/airflow/.local/lib/python3.12/site-packages/airflow/example_dags/example_dag_decorator.py for tasks to queue
[2024-06-30T04:06:13.126+0000] {logging_mixin.py:188} INFO - [2024-06-30T04:06:13.125+0000] {dagbag.py:545} INFO - Filling up the DagBag from /home/airflow/.local/lib/python3.12/site-packages/airflow/example_dags/example_dag_decorator.py
[2024-06-30T04:06:13.942+0000] {processor.py:840} INFO - DAG(s) 'example_dag_decorator' retrieved from /home/airflow/.local/lib/python3.12/site-packages/airflow/example_dags/example_dag_decorator.py
[2024-06-30T04:06:14.397+0000] {logging_mixin.py:188} INFO - [2024-06-30T04:06:14.397+0000] {dag.py:3096} INFO - Sync 1 DAGs
[2024-06-30T04:06:14.432+0000] {logging_mixin.py:188} INFO - [2024-06-30T04:06:14.431+0000] {dag.py:3954} INFO - Setting next_dagrun for example_dag_decorator to None, run_after=None
[2024-06-30T04:06:14.537+0000] {processor.py:183} INFO - Processing /home/airflow/.local/lib/python3.12/site-packages/airflow/example_dags/example_dag_decorator.py took 1.446 seconds
[2024-06-30T04:06:44.895+0000] {processor.py:161} INFO - Started process (PID=1923) to work on /home/airflow/.local/lib/python3.12/site-packages/airflow/example_dags/example_dag_decorator.py
[2024-06-30T04:06:44.896+0000] {processor.py:830} INFO - Processing file /home/airflow/.local/lib/python3.12/site-packages/airflow/example_dags/example_dag_decorator.py for tasks to queue
[2024-06-30T04:06:44.902+0000] {logging_mixin.py:188} INFO - [2024-06-30T04:06:44.898+0000] {dagbag.py:545} INFO - Filling up the DagBag from /home/airflow/.local/lib/python3.12/site-packages/airflow/example_dags/example_dag_decorator.py
[2024-06-30T04:06:45.185+0000] {processor.py:840} INFO - DAG(s) 'example_dag_decorator' retrieved from /home/airflow/.local/lib/python3.12/site-packages/airflow/example_dags/example_dag_decorator.py
[2024-06-30T04:06:45.459+0000] {logging_mixin.py:188} INFO - [2024-06-30T04:06:45.459+0000] {dag.py:3096} INFO - Sync 1 DAGs
[2024-06-30T04:06:45.490+0000] {logging_mixin.py:188} INFO - [2024-06-30T04:06:45.489+0000] {dag.py:3954} INFO - Setting next_dagrun for example_dag_decorator to None, run_after=None
[2024-06-30T04:06:45.594+0000] {processor.py:183} INFO - Processing /home/airflow/.local/lib/python3.12/site-packages/airflow/example_dags/example_dag_decorator.py took 0.713 seconds
[2024-06-30T04:07:16.260+0000] {processor.py:161} INFO - Started process (PID=1981) to work on /home/airflow/.local/lib/python3.12/site-packages/airflow/example_dags/example_dag_decorator.py
[2024-06-30T04:07:16.264+0000] {processor.py:830} INFO - Processing file /home/airflow/.local/lib/python3.12/site-packages/airflow/example_dags/example_dag_decorator.py for tasks to queue
[2024-06-30T04:07:16.269+0000] {logging_mixin.py:188} INFO - [2024-06-30T04:07:16.268+0000] {dagbag.py:545} INFO - Filling up the DagBag from /home/airflow/.local/lib/python3.12/site-packages/airflow/example_dags/example_dag_decorator.py
[2024-06-30T04:07:16.914+0000] {processor.py:840} INFO - DAG(s) 'example_dag_decorator' retrieved from /home/airflow/.local/lib/python3.12/site-packages/airflow/example_dags/example_dag_decorator.py
[2024-06-30T04:07:17.533+0000] {logging_mixin.py:188} INFO - [2024-06-30T04:07:17.533+0000] {dag.py:3096} INFO - Sync 1 DAGs
[2024-06-30T04:07:17.601+0000] {logging_mixin.py:188} INFO - [2024-06-30T04:07:17.601+0000] {dag.py:3954} INFO - Setting next_dagrun for example_dag_decorator to None, run_after=None
[2024-06-30T04:07:17.693+0000] {processor.py:183} INFO - Processing /home/airflow/.local/lib/python3.12/site-packages/airflow/example_dags/example_dag_decorator.py took 1.466 seconds
[2024-06-30T04:07:48.267+0000] {processor.py:161} INFO - Started process (PID=2041) to work on /home/airflow/.local/lib/python3.12/site-packages/airflow/example_dags/example_dag_decorator.py
[2024-06-30T04:07:48.279+0000] {processor.py:830} INFO - Processing file /home/airflow/.local/lib/python3.12/site-packages/airflow/example_dags/example_dag_decorator.py for tasks to queue
[2024-06-30T04:07:48.283+0000] {logging_mixin.py:188} INFO - [2024-06-30T04:07:48.282+0000] {dagbag.py:545} INFO - Filling up the DagBag from /home/airflow/.local/lib/python3.12/site-packages/airflow/example_dags/example_dag_decorator.py
[2024-06-30T04:07:48.742+0000] {processor.py:840} INFO - DAG(s) 'example_dag_decorator' retrieved from /home/airflow/.local/lib/python3.12/site-packages/airflow/example_dags/example_dag_decorator.py
[2024-06-30T04:07:49.215+0000] {logging_mixin.py:188} INFO - [2024-06-30T04:07:49.215+0000] {dag.py:3096} INFO - Sync 1 DAGs
[2024-06-30T04:07:49.279+0000] {logging_mixin.py:188} INFO - [2024-06-30T04:07:49.278+0000] {dag.py:3954} INFO - Setting next_dagrun for example_dag_decorator to None, run_after=None
[2024-06-30T04:07:49.367+0000] {processor.py:183} INFO - Processing /home/airflow/.local/lib/python3.12/site-packages/airflow/example_dags/example_dag_decorator.py took 1.116 seconds
[2024-06-30T04:08:19.546+0000] {processor.py:161} INFO - Started process (PID=2100) to work on /home/airflow/.local/lib/python3.12/site-packages/airflow/example_dags/example_dag_decorator.py
[2024-06-30T04:08:19.547+0000] {processor.py:830} INFO - Processing file /home/airflow/.local/lib/python3.12/site-packages/airflow/example_dags/example_dag_decorator.py for tasks to queue
[2024-06-30T04:08:19.549+0000] {logging_mixin.py:188} INFO - [2024-06-30T04:08:19.548+0000] {dagbag.py:545} INFO - Filling up the DagBag from /home/airflow/.local/lib/python3.12/site-packages/airflow/example_dags/example_dag_decorator.py
[2024-06-30T04:08:19.721+0000] {processor.py:840} INFO - DAG(s) 'example_dag_decorator' retrieved from /home/airflow/.local/lib/python3.12/site-packages/airflow/example_dags/example_dag_decorator.py
[2024-06-30T04:08:19.957+0000] {logging_mixin.py:188} INFO - [2024-06-30T04:08:19.956+0000] {dag.py:3096} INFO - Sync 1 DAGs
[2024-06-30T04:08:19.989+0000] {logging_mixin.py:188} INFO - [2024-06-30T04:08:19.988+0000] {dag.py:3954} INFO - Setting next_dagrun for example_dag_decorator to None, run_after=None
[2024-06-30T04:08:20.082+0000] {processor.py:183} INFO - Processing /home/airflow/.local/lib/python3.12/site-packages/airflow/example_dags/example_dag_decorator.py took 0.543 seconds
[2024-06-30T04:08:52.296+0000] {processor.py:161} INFO - Started process (PID=2160) to work on /home/airflow/.local/lib/python3.12/site-packages/airflow/example_dags/example_dag_decorator.py
[2024-06-30T04:08:52.298+0000] {processor.py:830} INFO - Processing file /home/airflow/.local/lib/python3.12/site-packages/airflow/example_dags/example_dag_decorator.py for tasks to queue
[2024-06-30T04:08:52.303+0000] {logging_mixin.py:188} INFO - [2024-06-30T04:08:52.302+0000] {dagbag.py:545} INFO - Filling up the DagBag from /home/airflow/.local/lib/python3.12/site-packages/airflow/example_dags/example_dag_decorator.py
[2024-06-30T04:08:52.584+0000] {processor.py:840} INFO - DAG(s) 'example_dag_decorator' retrieved from /home/airflow/.local/lib/python3.12/site-packages/airflow/example_dags/example_dag_decorator.py
[2024-06-30T04:08:52.859+0000] {logging_mixin.py:188} INFO - [2024-06-30T04:08:52.859+0000] {dag.py:3096} INFO - Sync 1 DAGs
[2024-06-30T04:08:52.887+0000] {logging_mixin.py:188} INFO - [2024-06-30T04:08:52.886+0000] {dag.py:3954} INFO - Setting next_dagrun for example_dag_decorator to None, run_after=None
[2024-06-30T04:08:53.043+0000] {processor.py:183} INFO - Processing /home/airflow/.local/lib/python3.12/site-packages/airflow/example_dags/example_dag_decorator.py took 0.756 seconds
[2024-06-30T04:09:25.124+0000] {processor.py:161} INFO - Started process (PID=2218) to work on /home/airflow/.local/lib/python3.12/site-packages/airflow/example_dags/example_dag_decorator.py
[2024-06-30T04:09:25.127+0000] {processor.py:830} INFO - Processing file /home/airflow/.local/lib/python3.12/site-packages/airflow/example_dags/example_dag_decorator.py for tasks to queue
[2024-06-30T04:09:25.154+0000] {logging_mixin.py:188} INFO - [2024-06-30T04:09:25.154+0000] {dagbag.py:545} INFO - Filling up the DagBag from /home/airflow/.local/lib/python3.12/site-packages/airflow/example_dags/example_dag_decorator.py
[2024-06-30T04:09:25.833+0000] {processor.py:840} INFO - DAG(s) 'example_dag_decorator' retrieved from /home/airflow/.local/lib/python3.12/site-packages/airflow/example_dags/example_dag_decorator.py
[2024-06-30T04:09:26.707+0000] {logging_mixin.py:188} INFO - [2024-06-30T04:09:26.706+0000] {dag.py:3096} INFO - Sync 1 DAGs
[2024-06-30T04:09:26.802+0000] {logging_mixin.py:188} INFO - [2024-06-30T04:09:26.801+0000] {dag.py:3954} INFO - Setting next_dagrun for example_dag_decorator to None, run_after=None
[2024-06-30T04:09:26.944+0000] {processor.py:183} INFO - Processing /home/airflow/.local/lib/python3.12/site-packages/airflow/example_dags/example_dag_decorator.py took 1.867 seconds
[2024-06-30T04:09:57.601+0000] {processor.py:161} INFO - Started process (PID=2278) to work on /home/airflow/.local/lib/python3.12/site-packages/airflow/example_dags/example_dag_decorator.py
[2024-06-30T04:09:57.605+0000] {processor.py:830} INFO - Processing file /home/airflow/.local/lib/python3.12/site-packages/airflow/example_dags/example_dag_decorator.py for tasks to queue
[2024-06-30T04:09:57.608+0000] {logging_mixin.py:188} INFO - [2024-06-30T04:09:57.608+0000] {dagbag.py:545} INFO - Filling up the DagBag from /home/airflow/.local/lib/python3.12/site-packages/airflow/example_dags/example_dag_decorator.py
[2024-06-30T04:09:57.898+0000] {processor.py:840} INFO - DAG(s) 'example_dag_decorator' retrieved from /home/airflow/.local/lib/python3.12/site-packages/airflow/example_dags/example_dag_decorator.py
[2024-06-30T04:09:58.117+0000] {logging_mixin.py:188} INFO - [2024-06-30T04:09:58.117+0000] {dag.py:3096} INFO - Sync 1 DAGs
[2024-06-30T04:09:58.139+0000] {logging_mixin.py:188} INFO - [2024-06-30T04:09:58.138+0000] {dag.py:3954} INFO - Setting next_dagrun for example_dag_decorator to None, run_after=None
[2024-06-30T04:09:58.182+0000] {processor.py:183} INFO - Processing /home/airflow/.local/lib/python3.12/site-packages/airflow/example_dags/example_dag_decorator.py took 0.589 seconds
[2024-06-30T04:10:28.267+0000] {processor.py:161} INFO - Started process (PID=2337) to work on /home/airflow/.local/lib/python3.12/site-packages/airflow/example_dags/example_dag_decorator.py
[2024-06-30T04:10:28.269+0000] {processor.py:830} INFO - Processing file /home/airflow/.local/lib/python3.12/site-packages/airflow/example_dags/example_dag_decorator.py for tasks to queue
[2024-06-30T04:10:28.272+0000] {logging_mixin.py:188} INFO - [2024-06-30T04:10:28.272+0000] {dagbag.py:545} INFO - Filling up the DagBag from /home/airflow/.local/lib/python3.12/site-packages/airflow/example_dags/example_dag_decorator.py
[2024-06-30T04:10:28.521+0000] {processor.py:840} INFO - DAG(s) 'example_dag_decorator' retrieved from /home/airflow/.local/lib/python3.12/site-packages/airflow/example_dags/example_dag_decorator.py
[2024-06-30T04:10:28.836+0000] {logging_mixin.py:188} INFO - [2024-06-30T04:10:28.836+0000] {dag.py:3096} INFO - Sync 1 DAGs
[2024-06-30T04:10:28.873+0000] {logging_mixin.py:188} INFO - [2024-06-30T04:10:28.872+0000] {dag.py:3954} INFO - Setting next_dagrun for example_dag_decorator to None, run_after=None
[2024-06-30T04:10:28.952+0000] {processor.py:183} INFO - Processing /home/airflow/.local/lib/python3.12/site-packages/airflow/example_dags/example_dag_decorator.py took 0.699 seconds
[2024-06-30T04:10:59.333+0000] {processor.py:161} INFO - Started process (PID=2397) to work on /home/airflow/.local/lib/python3.12/site-packages/airflow/example_dags/example_dag_decorator.py
[2024-06-30T04:10:59.335+0000] {processor.py:830} INFO - Processing file /home/airflow/.local/lib/python3.12/site-packages/airflow/example_dags/example_dag_decorator.py for tasks to queue
[2024-06-30T04:10:59.338+0000] {logging_mixin.py:188} INFO - [2024-06-30T04:10:59.338+0000] {dagbag.py:545} INFO - Filling up the DagBag from /home/airflow/.local/lib/python3.12/site-packages/airflow/example_dags/example_dag_decorator.py
[2024-06-30T04:10:59.741+0000] {processor.py:840} INFO - DAG(s) 'example_dag_decorator' retrieved from /home/airflow/.local/lib/python3.12/site-packages/airflow/example_dags/example_dag_decorator.py
[2024-06-30T04:11:00.030+0000] {logging_mixin.py:188} INFO - [2024-06-30T04:11:00.029+0000] {dag.py:3096} INFO - Sync 1 DAGs
[2024-06-30T04:11:00.063+0000] {logging_mixin.py:188} INFO - [2024-06-30T04:11:00.063+0000] {dag.py:3954} INFO - Setting next_dagrun for example_dag_decorator to None, run_after=None
[2024-06-30T04:11:00.111+0000] {processor.py:183} INFO - Processing /home/airflow/.local/lib/python3.12/site-packages/airflow/example_dags/example_dag_decorator.py took 0.789 seconds
[2024-06-30T04:11:31.020+0000] {processor.py:161} INFO - Started process (PID=2457) to work on /home/airflow/.local/lib/python3.12/site-packages/airflow/example_dags/example_dag_decorator.py
[2024-06-30T04:11:31.022+0000] {processor.py:830} INFO - Processing file /home/airflow/.local/lib/python3.12/site-packages/airflow/example_dags/example_dag_decorator.py for tasks to queue
[2024-06-30T04:11:31.024+0000] {logging_mixin.py:188} INFO - [2024-06-30T04:11:31.024+0000] {dagbag.py:545} INFO - Filling up the DagBag from /home/airflow/.local/lib/python3.12/site-packages/airflow/example_dags/example_dag_decorator.py
[2024-06-30T04:11:31.209+0000] {processor.py:840} INFO - DAG(s) 'example_dag_decorator' retrieved from /home/airflow/.local/lib/python3.12/site-packages/airflow/example_dags/example_dag_decorator.py
[2024-06-30T04:11:31.444+0000] {logging_mixin.py:188} INFO - [2024-06-30T04:11:31.443+0000] {dag.py:3096} INFO - Sync 1 DAGs
[2024-06-30T04:11:31.463+0000] {logging_mixin.py:188} INFO - [2024-06-30T04:11:31.462+0000] {dag.py:3954} INFO - Setting next_dagrun for example_dag_decorator to None, run_after=None
[2024-06-30T04:11:31.495+0000] {processor.py:183} INFO - Processing /home/airflow/.local/lib/python3.12/site-packages/airflow/example_dags/example_dag_decorator.py took 0.481 seconds
[2024-06-30T04:12:02.614+0000] {processor.py:161} INFO - Started process (PID=2516) to work on /home/airflow/.local/lib/python3.12/site-packages/airflow/example_dags/example_dag_decorator.py
[2024-06-30T04:12:02.618+0000] {processor.py:830} INFO - Processing file /home/airflow/.local/lib/python3.12/site-packages/airflow/example_dags/example_dag_decorator.py for tasks to queue
[2024-06-30T04:12:02.621+0000] {logging_mixin.py:188} INFO - [2024-06-30T04:12:02.620+0000] {dagbag.py:545} INFO - Filling up the DagBag from /home/airflow/.local/lib/python3.12/site-packages/airflow/example_dags/example_dag_decorator.py
[2024-06-30T04:12:02.912+0000] {processor.py:840} INFO - DAG(s) 'example_dag_decorator' retrieved from /home/airflow/.local/lib/python3.12/site-packages/airflow/example_dags/example_dag_decorator.py
[2024-06-30T04:12:03.095+0000] {logging_mixin.py:188} INFO - [2024-06-30T04:12:03.094+0000] {dag.py:3096} INFO - Sync 1 DAGs
[2024-06-30T04:12:03.113+0000] {logging_mixin.py:188} INFO - [2024-06-30T04:12:03.113+0000] {dag.py:3954} INFO - Setting next_dagrun for example_dag_decorator to None, run_after=None
[2024-06-30T04:12:03.148+0000] {processor.py:183} INFO - Processing /home/airflow/.local/lib/python3.12/site-packages/airflow/example_dags/example_dag_decorator.py took 0.544 seconds
[2024-06-30T04:12:34.639+0000] {processor.py:161} INFO - Started process (PID=2581) to work on /home/airflow/.local/lib/python3.12/site-packages/airflow/example_dags/example_dag_decorator.py
[2024-06-30T04:12:34.641+0000] {processor.py:830} INFO - Processing file /home/airflow/.local/lib/python3.12/site-packages/airflow/example_dags/example_dag_decorator.py for tasks to queue
[2024-06-30T04:12:34.643+0000] {logging_mixin.py:188} INFO - [2024-06-30T04:12:34.643+0000] {dagbag.py:545} INFO - Filling up the DagBag from /home/airflow/.local/lib/python3.12/site-packages/airflow/example_dags/example_dag_decorator.py
[2024-06-30T04:12:34.888+0000] {processor.py:840} INFO - DAG(s) 'example_dag_decorator' retrieved from /home/airflow/.local/lib/python3.12/site-packages/airflow/example_dags/example_dag_decorator.py
[2024-06-30T04:12:35.092+0000] {logging_mixin.py:188} INFO - [2024-06-30T04:12:35.092+0000] {dag.py:3096} INFO - Sync 1 DAGs
[2024-06-30T04:12:35.107+0000] {logging_mixin.py:188} INFO - [2024-06-30T04:12:35.107+0000] {dag.py:3954} INFO - Setting next_dagrun for example_dag_decorator to None, run_after=None
[2024-06-30T04:12:35.135+0000] {processor.py:183} INFO - Processing /home/airflow/.local/lib/python3.12/site-packages/airflow/example_dags/example_dag_decorator.py took 0.505 seconds
[2024-06-30T04:13:05.894+0000] {processor.py:161} INFO - Started process (PID=2640) to work on /home/airflow/.local/lib/python3.12/site-packages/airflow/example_dags/example_dag_decorator.py
[2024-06-30T04:13:05.895+0000] {processor.py:830} INFO - Processing file /home/airflow/.local/lib/python3.12/site-packages/airflow/example_dags/example_dag_decorator.py for tasks to queue
[2024-06-30T04:13:05.898+0000] {logging_mixin.py:188} INFO - [2024-06-30T04:13:05.898+0000] {dagbag.py:545} INFO - Filling up the DagBag from /home/airflow/.local/lib/python3.12/site-packages/airflow/example_dags/example_dag_decorator.py
[2024-06-30T04:13:06.348+0000] {processor.py:840} INFO - DAG(s) 'example_dag_decorator' retrieved from /home/airflow/.local/lib/python3.12/site-packages/airflow/example_dags/example_dag_decorator.py
[2024-06-30T04:13:06.538+0000] {logging_mixin.py:188} INFO - [2024-06-30T04:13:06.538+0000] {dag.py:3096} INFO - Sync 1 DAGs
[2024-06-30T04:13:06.554+0000] {logging_mixin.py:188} INFO - [2024-06-30T04:13:06.554+0000] {dag.py:3954} INFO - Setting next_dagrun for example_dag_decorator to None, run_after=None
[2024-06-30T04:13:06.584+0000] {processor.py:183} INFO - Processing /home/airflow/.local/lib/python3.12/site-packages/airflow/example_dags/example_dag_decorator.py took 0.700 seconds
[2024-06-30T04:13:37.528+0000] {processor.py:161} INFO - Started process (PID=2708) to work on /home/airflow/.local/lib/python3.12/site-packages/airflow/example_dags/example_dag_decorator.py
[2024-06-30T04:13:37.530+0000] {processor.py:830} INFO - Processing file /home/airflow/.local/lib/python3.12/site-packages/airflow/example_dags/example_dag_decorator.py for tasks to queue
[2024-06-30T04:13:37.533+0000] {logging_mixin.py:188} INFO - [2024-06-30T04:13:37.532+0000] {dagbag.py:545} INFO - Filling up the DagBag from /home/airflow/.local/lib/python3.12/site-packages/airflow/example_dags/example_dag_decorator.py
[2024-06-30T04:13:37.730+0000] {processor.py:840} INFO - DAG(s) 'example_dag_decorator' retrieved from /home/airflow/.local/lib/python3.12/site-packages/airflow/example_dags/example_dag_decorator.py
[2024-06-30T04:13:37.888+0000] {logging_mixin.py:188} INFO - [2024-06-30T04:13:37.887+0000] {dag.py:3096} INFO - Sync 1 DAGs
[2024-06-30T04:13:37.902+0000] {logging_mixin.py:188} INFO - [2024-06-30T04:13:37.902+0000] {dag.py:3954} INFO - Setting next_dagrun for example_dag_decorator to None, run_after=None
[2024-06-30T04:13:37.935+0000] {processor.py:183} INFO - Processing /home/airflow/.local/lib/python3.12/site-packages/airflow/example_dags/example_dag_decorator.py took 0.414 seconds
[2024-06-30T04:14:08.619+0000] {processor.py:161} INFO - Started process (PID=2766) to work on /home/airflow/.local/lib/python3.12/site-packages/airflow/example_dags/example_dag_decorator.py
[2024-06-30T04:14:08.622+0000] {processor.py:830} INFO - Processing file /home/airflow/.local/lib/python3.12/site-packages/airflow/example_dags/example_dag_decorator.py for tasks to queue
[2024-06-30T04:14:08.626+0000] {logging_mixin.py:188} INFO - [2024-06-30T04:14:08.626+0000] {dagbag.py:545} INFO - Filling up the DagBag from /home/airflow/.local/lib/python3.12/site-packages/airflow/example_dags/example_dag_decorator.py
[2024-06-30T04:14:08.965+0000] {processor.py:840} INFO - DAG(s) 'example_dag_decorator' retrieved from /home/airflow/.local/lib/python3.12/site-packages/airflow/example_dags/example_dag_decorator.py
[2024-06-30T04:14:09.437+0000] {logging_mixin.py:188} INFO - [2024-06-30T04:14:09.435+0000] {dag.py:3096} INFO - Sync 1 DAGs
[2024-06-30T04:14:09.473+0000] {logging_mixin.py:188} INFO - [2024-06-30T04:14:09.473+0000] {dag.py:3954} INFO - Setting next_dagrun for example_dag_decorator to None, run_after=None
[2024-06-30T04:14:09.517+0000] {processor.py:183} INFO - Processing /home/airflow/.local/lib/python3.12/site-packages/airflow/example_dags/example_dag_decorator.py took 0.913 seconds
[2024-06-30T04:14:39.685+0000] {processor.py:161} INFO - Started process (PID=2824) to work on /home/airflow/.local/lib/python3.12/site-packages/airflow/example_dags/example_dag_decorator.py
[2024-06-30T04:14:39.687+0000] {processor.py:830} INFO - Processing file /home/airflow/.local/lib/python3.12/site-packages/airflow/example_dags/example_dag_decorator.py for tasks to queue
[2024-06-30T04:14:39.690+0000] {logging_mixin.py:188} INFO - [2024-06-30T04:14:39.690+0000] {dagbag.py:545} INFO - Filling up the DagBag from /home/airflow/.local/lib/python3.12/site-packages/airflow/example_dags/example_dag_decorator.py
[2024-06-30T04:14:39.870+0000] {processor.py:840} INFO - DAG(s) 'example_dag_decorator' retrieved from /home/airflow/.local/lib/python3.12/site-packages/airflow/example_dags/example_dag_decorator.py
[2024-06-30T04:14:40.074+0000] {logging_mixin.py:188} INFO - [2024-06-30T04:14:40.074+0000] {dag.py:3096} INFO - Sync 1 DAGs
[2024-06-30T04:14:40.099+0000] {logging_mixin.py:188} INFO - [2024-06-30T04:14:40.098+0000] {dag.py:3954} INFO - Setting next_dagrun for example_dag_decorator to None, run_after=None
[2024-06-30T04:14:40.133+0000] {processor.py:183} INFO - Processing /home/airflow/.local/lib/python3.12/site-packages/airflow/example_dags/example_dag_decorator.py took 0.461 seconds
[2024-06-30T04:15:10.935+0000] {processor.py:161} INFO - Started process (PID=2884) to work on /home/airflow/.local/lib/python3.12/site-packages/airflow/example_dags/example_dag_decorator.py
[2024-06-30T04:15:10.937+0000] {processor.py:830} INFO - Processing file /home/airflow/.local/lib/python3.12/site-packages/airflow/example_dags/example_dag_decorator.py for tasks to queue
[2024-06-30T04:15:10.942+0000] {logging_mixin.py:188} INFO - [2024-06-30T04:15:10.941+0000] {dagbag.py:545} INFO - Filling up the DagBag from /home/airflow/.local/lib/python3.12/site-packages/airflow/example_dags/example_dag_decorator.py
[2024-06-30T04:15:11.187+0000] {processor.py:840} INFO - DAG(s) 'example_dag_decorator' retrieved from /home/airflow/.local/lib/python3.12/site-packages/airflow/example_dags/example_dag_decorator.py
[2024-06-30T04:15:11.628+0000] {logging_mixin.py:188} INFO - [2024-06-30T04:15:11.628+0000] {dag.py:3096} INFO - Sync 1 DAGs
[2024-06-30T04:15:11.669+0000] {logging_mixin.py:188} INFO - [2024-06-30T04:15:11.669+0000] {dag.py:3954} INFO - Setting next_dagrun for example_dag_decorator to None, run_after=None
[2024-06-30T04:15:11.714+0000] {processor.py:183} INFO - Processing /home/airflow/.local/lib/python3.12/site-packages/airflow/example_dags/example_dag_decorator.py took 0.792 seconds
[2024-06-30T04:15:42.288+0000] {processor.py:161} INFO - Started process (PID=2942) to work on /home/airflow/.local/lib/python3.12/site-packages/airflow/example_dags/example_dag_decorator.py
[2024-06-30T04:15:42.290+0000] {processor.py:830} INFO - Processing file /home/airflow/.local/lib/python3.12/site-packages/airflow/example_dags/example_dag_decorator.py for tasks to queue
[2024-06-30T04:15:42.294+0000] {logging_mixin.py:188} INFO - [2024-06-30T04:15:42.293+0000] {dagbag.py:545} INFO - Filling up the DagBag from /home/airflow/.local/lib/python3.12/site-packages/airflow/example_dags/example_dag_decorator.py
[2024-06-30T04:15:42.543+0000] {processor.py:840} INFO - DAG(s) 'example_dag_decorator' retrieved from /home/airflow/.local/lib/python3.12/site-packages/airflow/example_dags/example_dag_decorator.py
[2024-06-30T04:15:42.757+0000] {logging_mixin.py:188} INFO - [2024-06-30T04:15:42.756+0000] {dag.py:3096} INFO - Sync 1 DAGs
[2024-06-30T04:15:42.777+0000] {logging_mixin.py:188} INFO - [2024-06-30T04:15:42.776+0000] {dag.py:3954} INFO - Setting next_dagrun for example_dag_decorator to None, run_after=None
[2024-06-30T04:15:42.812+0000] {processor.py:183} INFO - Processing /home/airflow/.local/lib/python3.12/site-packages/airflow/example_dags/example_dag_decorator.py took 0.537 seconds
[2024-06-30T04:16:13.625+0000] {processor.py:161} INFO - Started process (PID=3000) to work on /home/airflow/.local/lib/python3.12/site-packages/airflow/example_dags/example_dag_decorator.py
[2024-06-30T04:16:13.627+0000] {processor.py:830} INFO - Processing file /home/airflow/.local/lib/python3.12/site-packages/airflow/example_dags/example_dag_decorator.py for tasks to queue
[2024-06-30T04:16:13.630+0000] {logging_mixin.py:188} INFO - [2024-06-30T04:16:13.629+0000] {dagbag.py:545} INFO - Filling up the DagBag from /home/airflow/.local/lib/python3.12/site-packages/airflow/example_dags/example_dag_decorator.py
[2024-06-30T04:16:13.857+0000] {processor.py:840} INFO - DAG(s) 'example_dag_decorator' retrieved from /home/airflow/.local/lib/python3.12/site-packages/airflow/example_dags/example_dag_decorator.py
[2024-06-30T04:16:14.177+0000] {logging_mixin.py:188} INFO - [2024-06-30T04:16:14.176+0000] {dag.py:3096} INFO - Sync 1 DAGs
[2024-06-30T04:16:14.209+0000] {logging_mixin.py:188} INFO - [2024-06-30T04:16:14.208+0000] {dag.py:3954} INFO - Setting next_dagrun for example_dag_decorator to None, run_after=None
[2024-06-30T04:16:14.296+0000] {processor.py:183} INFO - Processing /home/airflow/.local/lib/python3.12/site-packages/airflow/example_dags/example_dag_decorator.py took 0.679 seconds
[2024-06-30T04:16:44.606+0000] {processor.py:161} INFO - Started process (PID=3060) to work on /home/airflow/.local/lib/python3.12/site-packages/airflow/example_dags/example_dag_decorator.py
[2024-06-30T04:16:44.615+0000] {processor.py:830} INFO - Processing file /home/airflow/.local/lib/python3.12/site-packages/airflow/example_dags/example_dag_decorator.py for tasks to queue
[2024-06-30T04:16:44.618+0000] {logging_mixin.py:188} INFO - [2024-06-30T04:16:44.618+0000] {dagbag.py:545} INFO - Filling up the DagBag from /home/airflow/.local/lib/python3.12/site-packages/airflow/example_dags/example_dag_decorator.py
[2024-06-30T04:16:44.879+0000] {processor.py:840} INFO - DAG(s) 'example_dag_decorator' retrieved from /home/airflow/.local/lib/python3.12/site-packages/airflow/example_dags/example_dag_decorator.py
[2024-06-30T04:16:45.066+0000] {logging_mixin.py:188} INFO - [2024-06-30T04:16:45.065+0000] {dag.py:3096} INFO - Sync 1 DAGs
[2024-06-30T04:16:45.082+0000] {logging_mixin.py:188} INFO - [2024-06-30T04:16:45.081+0000] {dag.py:3954} INFO - Setting next_dagrun for example_dag_decorator to None, run_after=None
[2024-06-30T04:16:45.119+0000] {processor.py:183} INFO - Processing /home/airflow/.local/lib/python3.12/site-packages/airflow/example_dags/example_dag_decorator.py took 0.524 seconds
[2024-06-30T04:17:15.945+0000] {processor.py:161} INFO - Started process (PID=3117) to work on /home/airflow/.local/lib/python3.12/site-packages/airflow/example_dags/example_dag_decorator.py
[2024-06-30T04:17:15.947+0000] {processor.py:830} INFO - Processing file /home/airflow/.local/lib/python3.12/site-packages/airflow/example_dags/example_dag_decorator.py for tasks to queue
[2024-06-30T04:17:15.951+0000] {logging_mixin.py:188} INFO - [2024-06-30T04:17:15.950+0000] {dagbag.py:545} INFO - Filling up the DagBag from /home/airflow/.local/lib/python3.12/site-packages/airflow/example_dags/example_dag_decorator.py
[2024-06-30T04:17:16.175+0000] {processor.py:840} INFO - DAG(s) 'example_dag_decorator' retrieved from /home/airflow/.local/lib/python3.12/site-packages/airflow/example_dags/example_dag_decorator.py
[2024-06-30T04:17:16.470+0000] {logging_mixin.py:188} INFO - [2024-06-30T04:17:16.470+0000] {dag.py:3096} INFO - Sync 1 DAGs
[2024-06-30T04:17:16.490+0000] {logging_mixin.py:188} INFO - [2024-06-30T04:17:16.490+0000] {dag.py:3954} INFO - Setting next_dagrun for example_dag_decorator to None, run_after=None
[2024-06-30T04:17:16.527+0000] {processor.py:183} INFO - Processing /home/airflow/.local/lib/python3.12/site-packages/airflow/example_dags/example_dag_decorator.py took 0.593 seconds
[2024-06-30T04:17:47.333+0000] {processor.py:161} INFO - Started process (PID=3175) to work on /home/airflow/.local/lib/python3.12/site-packages/airflow/example_dags/example_dag_decorator.py
[2024-06-30T04:17:47.352+0000] {processor.py:830} INFO - Processing file /home/airflow/.local/lib/python3.12/site-packages/airflow/example_dags/example_dag_decorator.py for tasks to queue
[2024-06-30T04:17:47.360+0000] {logging_mixin.py:188} INFO - [2024-06-30T04:17:47.355+0000] {dagbag.py:545} INFO - Filling up the DagBag from /home/airflow/.local/lib/python3.12/site-packages/airflow/example_dags/example_dag_decorator.py
[2024-06-30T04:17:47.992+0000] {processor.py:840} INFO - DAG(s) 'example_dag_decorator' retrieved from /home/airflow/.local/lib/python3.12/site-packages/airflow/example_dags/example_dag_decorator.py
[2024-06-30T04:17:48.395+0000] {logging_mixin.py:188} INFO - [2024-06-30T04:17:48.395+0000] {dag.py:3096} INFO - Sync 1 DAGs
[2024-06-30T04:17:48.438+0000] {logging_mixin.py:188} INFO - [2024-06-30T04:17:48.438+0000] {dag.py:3954} INFO - Setting next_dagrun for example_dag_decorator to None, run_after=None
[2024-06-30T04:17:48.512+0000] {processor.py:183} INFO - Processing /home/airflow/.local/lib/python3.12/site-packages/airflow/example_dags/example_dag_decorator.py took 1.200 seconds
[2024-06-30T04:18:18.838+0000] {processor.py:161} INFO - Started process (PID=3232) to work on /home/airflow/.local/lib/python3.12/site-packages/airflow/example_dags/example_dag_decorator.py
[2024-06-30T04:18:18.840+0000] {processor.py:830} INFO - Processing file /home/airflow/.local/lib/python3.12/site-packages/airflow/example_dags/example_dag_decorator.py for tasks to queue
[2024-06-30T04:18:18.843+0000] {logging_mixin.py:188} INFO - [2024-06-30T04:18:18.842+0000] {dagbag.py:545} INFO - Filling up the DagBag from /home/airflow/.local/lib/python3.12/site-packages/airflow/example_dags/example_dag_decorator.py
[2024-06-30T04:18:19.049+0000] {processor.py:840} INFO - DAG(s) 'example_dag_decorator' retrieved from /home/airflow/.local/lib/python3.12/site-packages/airflow/example_dags/example_dag_decorator.py
[2024-06-30T04:18:19.319+0000] {logging_mixin.py:188} INFO - [2024-06-30T04:18:19.318+0000] {dag.py:3096} INFO - Sync 1 DAGs
[2024-06-30T04:18:19.347+0000] {logging_mixin.py:188} INFO - [2024-06-30T04:18:19.347+0000] {dag.py:3954} INFO - Setting next_dagrun for example_dag_decorator to None, run_after=None
[2024-06-30T04:18:19.394+0000] {processor.py:183} INFO - Processing /home/airflow/.local/lib/python3.12/site-packages/airflow/example_dags/example_dag_decorator.py took 0.567 seconds
[2024-06-30T04:18:49.664+0000] {processor.py:161} INFO - Started process (PID=3290) to work on /home/airflow/.local/lib/python3.12/site-packages/airflow/example_dags/example_dag_decorator.py
[2024-06-30T04:18:49.667+0000] {processor.py:830} INFO - Processing file /home/airflow/.local/lib/python3.12/site-packages/airflow/example_dags/example_dag_decorator.py for tasks to queue
[2024-06-30T04:18:49.671+0000] {logging_mixin.py:188} INFO - [2024-06-30T04:18:49.670+0000] {dagbag.py:545} INFO - Filling up the DagBag from /home/airflow/.local/lib/python3.12/site-packages/airflow/example_dags/example_dag_decorator.py
[2024-06-30T04:18:50.016+0000] {processor.py:840} INFO - DAG(s) 'example_dag_decorator' retrieved from /home/airflow/.local/lib/python3.12/site-packages/airflow/example_dags/example_dag_decorator.py
[2024-06-30T04:18:50.344+0000] {logging_mixin.py:188} INFO - [2024-06-30T04:18:50.343+0000] {dag.py:3096} INFO - Sync 1 DAGs
[2024-06-30T04:18:50.370+0000] {logging_mixin.py:188} INFO - [2024-06-30T04:18:50.369+0000] {dag.py:3954} INFO - Setting next_dagrun for example_dag_decorator to None, run_after=None
[2024-06-30T04:18:50.452+0000] {processor.py:183} INFO - Processing /home/airflow/.local/lib/python3.12/site-packages/airflow/example_dags/example_dag_decorator.py took 0.818 seconds
[2024-06-30T04:19:20.966+0000] {processor.py:161} INFO - Started process (PID=3348) to work on /home/airflow/.local/lib/python3.12/site-packages/airflow/example_dags/example_dag_decorator.py
[2024-06-30T04:19:20.968+0000] {processor.py:830} INFO - Processing file /home/airflow/.local/lib/python3.12/site-packages/airflow/example_dags/example_dag_decorator.py for tasks to queue
[2024-06-30T04:19:20.972+0000] {logging_mixin.py:188} INFO - [2024-06-30T04:19:20.971+0000] {dagbag.py:545} INFO - Filling up the DagBag from /home/airflow/.local/lib/python3.12/site-packages/airflow/example_dags/example_dag_decorator.py
[2024-06-30T04:19:21.240+0000] {processor.py:840} INFO - DAG(s) 'example_dag_decorator' retrieved from /home/airflow/.local/lib/python3.12/site-packages/airflow/example_dags/example_dag_decorator.py
[2024-06-30T04:19:21.465+0000] {logging_mixin.py:188} INFO - [2024-06-30T04:19:21.465+0000] {dag.py:3096} INFO - Sync 1 DAGs
[2024-06-30T04:19:21.515+0000] {logging_mixin.py:188} INFO - [2024-06-30T04:19:21.515+0000] {dag.py:3954} INFO - Setting next_dagrun for example_dag_decorator to None, run_after=None
[2024-06-30T04:19:21.587+0000] {processor.py:183} INFO - Processing /home/airflow/.local/lib/python3.12/site-packages/airflow/example_dags/example_dag_decorator.py took 0.634 seconds
[2024-06-30T04:19:52.818+0000] {processor.py:161} INFO - Started process (PID=3406) to work on /home/airflow/.local/lib/python3.12/site-packages/airflow/example_dags/example_dag_decorator.py
[2024-06-30T04:19:52.820+0000] {processor.py:830} INFO - Processing file /home/airflow/.local/lib/python3.12/site-packages/airflow/example_dags/example_dag_decorator.py for tasks to queue
[2024-06-30T04:19:52.826+0000] {logging_mixin.py:188} INFO - [2024-06-30T04:19:52.825+0000] {dagbag.py:545} INFO - Filling up the DagBag from /home/airflow/.local/lib/python3.12/site-packages/airflow/example_dags/example_dag_decorator.py
[2024-06-30T04:19:53.476+0000] {processor.py:840} INFO - DAG(s) 'example_dag_decorator' retrieved from /home/airflow/.local/lib/python3.12/site-packages/airflow/example_dags/example_dag_decorator.py
