[2024-06-30T03:49:46.447+0000] {processor.py:161} INFO - Started process (PID=65) to work on /home/airflow/.local/lib/python3.12/site-packages/airflow/example_dags/example_setup_teardown_taskflow.py
[2024-06-30T03:49:46.452+0000] {processor.py:830} INFO - Processing file /home/airflow/.local/lib/python3.12/site-packages/airflow/example_dags/example_setup_teardown_taskflow.py for tasks to queue
[2024-06-30T03:49:46.463+0000] {logging_mixin.py:188} INFO - [2024-06-30T03:49:46.462+0000] {dagbag.py:545} INFO - Filling up the DagBag from /home/airflow/.local/lib/python3.12/site-packages/airflow/example_dags/example_setup_teardown_taskflow.py
[2024-06-30T03:49:46.619+0000] {processor.py:840} INFO - DAG(s) 'example_setup_teardown_taskflow' retrieved from /home/airflow/.local/lib/python3.12/site-packages/airflow/example_dags/example_setup_teardown_taskflow.py
[2024-06-30T03:49:47.580+0000] {logging_mixin.py:188} INFO - [2024-06-30T03:49:47.579+0000] {dag.py:3096} INFO - Sync 1 DAGs
[2024-06-30T03:49:47.660+0000] {logging_mixin.py:188} INFO - [2024-06-30T03:49:47.660+0000] {dag.py:3954} INFO - Setting next_dagrun for example_setup_teardown_taskflow to 2024-06-29 00:00:00+00:00, run_after=2024-06-30 00:00:00+00:00
[2024-06-30T03:49:47.777+0000] {processor.py:183} INFO - Processing /home/airflow/.local/lib/python3.12/site-packages/airflow/example_dags/example_setup_teardown_taskflow.py took 1.403 seconds
[2024-06-30T03:50:19.015+0000] {processor.py:161} INFO - Started process (PID=123) to work on /home/airflow/.local/lib/python3.12/site-packages/airflow/example_dags/example_setup_teardown_taskflow.py
[2024-06-30T03:50:19.018+0000] {processor.py:830} INFO - Processing file /home/airflow/.local/lib/python3.12/site-packages/airflow/example_dags/example_setup_teardown_taskflow.py for tasks to queue
[2024-06-30T03:50:19.025+0000] {logging_mixin.py:188} INFO - [2024-06-30T03:50:19.024+0000] {dagbag.py:545} INFO - Filling up the DagBag from /home/airflow/.local/lib/python3.12/site-packages/airflow/example_dags/example_setup_teardown_taskflow.py
[2024-06-30T03:50:19.063+0000] {processor.py:840} INFO - DAG(s) 'example_setup_teardown_taskflow' retrieved from /home/airflow/.local/lib/python3.12/site-packages/airflow/example_dags/example_setup_teardown_taskflow.py
[2024-06-30T03:50:19.144+0000] {logging_mixin.py:188} INFO - [2024-06-30T03:50:19.142+0000] {dag.py:3096} INFO - Sync 1 DAGs
[2024-06-30T03:50:19.215+0000] {logging_mixin.py:188} INFO - [2024-06-30T03:50:19.214+0000] {dag.py:3954} INFO - Setting next_dagrun for example_setup_teardown_taskflow to 2024-06-29 00:00:00+00:00, run_after=2024-06-30 00:00:00+00:00
[2024-06-30T03:50:19.287+0000] {processor.py:183} INFO - Processing /home/airflow/.local/lib/python3.12/site-packages/airflow/example_dags/example_setup_teardown_taskflow.py took 0.303 seconds
[2024-06-30T03:50:50.166+0000] {processor.py:161} INFO - Started process (PID=181) to work on /home/airflow/.local/lib/python3.12/site-packages/airflow/example_dags/example_setup_teardown_taskflow.py
[2024-06-30T03:50:50.170+0000] {processor.py:830} INFO - Processing file /home/airflow/.local/lib/python3.12/site-packages/airflow/example_dags/example_setup_teardown_taskflow.py for tasks to queue
[2024-06-30T03:50:50.175+0000] {logging_mixin.py:188} INFO - [2024-06-30T03:50:50.174+0000] {dagbag.py:545} INFO - Filling up the DagBag from /home/airflow/.local/lib/python3.12/site-packages/airflow/example_dags/example_setup_teardown_taskflow.py
[2024-06-30T03:50:50.204+0000] {processor.py:840} INFO - DAG(s) 'example_setup_teardown_taskflow' retrieved from /home/airflow/.local/lib/python3.12/site-packages/airflow/example_dags/example_setup_teardown_taskflow.py
[2024-06-30T03:50:50.259+0000] {logging_mixin.py:188} INFO - [2024-06-30T03:50:50.258+0000] {dag.py:3096} INFO - Sync 1 DAGs
[2024-06-30T03:50:50.325+0000] {logging_mixin.py:188} INFO - [2024-06-30T03:50:50.324+0000] {dag.py:3954} INFO - Setting next_dagrun for example_setup_teardown_taskflow to 2024-06-29 00:00:00+00:00, run_after=2024-06-30 00:00:00+00:00
[2024-06-30T03:50:50.404+0000] {processor.py:183} INFO - Processing /home/airflow/.local/lib/python3.12/site-packages/airflow/example_dags/example_setup_teardown_taskflow.py took 0.252 seconds
[2024-06-30T03:51:21.730+0000] {processor.py:161} INFO - Started process (PID=238) to work on /home/airflow/.local/lib/python3.12/site-packages/airflow/example_dags/example_setup_teardown_taskflow.py
[2024-06-30T03:51:21.732+0000] {processor.py:830} INFO - Processing file /home/airflow/.local/lib/python3.12/site-packages/airflow/example_dags/example_setup_teardown_taskflow.py for tasks to queue
[2024-06-30T03:51:21.737+0000] {logging_mixin.py:188} INFO - [2024-06-30T03:51:21.736+0000] {dagbag.py:545} INFO - Filling up the DagBag from /home/airflow/.local/lib/python3.12/site-packages/airflow/example_dags/example_setup_teardown_taskflow.py
[2024-06-30T03:51:21.756+0000] {processor.py:840} INFO - DAG(s) 'example_setup_teardown_taskflow' retrieved from /home/airflow/.local/lib/python3.12/site-packages/airflow/example_dags/example_setup_teardown_taskflow.py
[2024-06-30T03:51:21.810+0000] {logging_mixin.py:188} INFO - [2024-06-30T03:51:21.810+0000] {dag.py:3096} INFO - Sync 1 DAGs
[2024-06-30T03:51:21.889+0000] {logging_mixin.py:188} INFO - [2024-06-30T03:51:21.888+0000] {dag.py:3954} INFO - Setting next_dagrun for example_setup_teardown_taskflow to 2024-06-29 00:00:00+00:00, run_after=2024-06-30 00:00:00+00:00
[2024-06-30T03:51:21.941+0000] {processor.py:183} INFO - Processing /home/airflow/.local/lib/python3.12/site-packages/airflow/example_dags/example_setup_teardown_taskflow.py took 0.222 seconds
[2024-06-30T03:51:53.659+0000] {processor.py:161} INFO - Started process (PID=295) to work on /home/airflow/.local/lib/python3.12/site-packages/airflow/example_dags/example_setup_teardown_taskflow.py
[2024-06-30T03:51:53.681+0000] {processor.py:830} INFO - Processing file /home/airflow/.local/lib/python3.12/site-packages/airflow/example_dags/example_setup_teardown_taskflow.py for tasks to queue
[2024-06-30T03:51:53.700+0000] {logging_mixin.py:188} INFO - [2024-06-30T03:51:53.698+0000] {dagbag.py:545} INFO - Filling up the DagBag from /home/airflow/.local/lib/python3.12/site-packages/airflow/example_dags/example_setup_teardown_taskflow.py
[2024-06-30T03:51:53.821+0000] {processor.py:840} INFO - DAG(s) 'example_setup_teardown_taskflow' retrieved from /home/airflow/.local/lib/python3.12/site-packages/airflow/example_dags/example_setup_teardown_taskflow.py
[2024-06-30T03:51:53.908+0000] {logging_mixin.py:188} INFO - [2024-06-30T03:51:53.907+0000] {dag.py:3096} INFO - Sync 1 DAGs
[2024-06-30T03:51:54.032+0000] {logging_mixin.py:188} INFO - [2024-06-30T03:51:54.029+0000] {dag.py:3954} INFO - Setting next_dagrun for example_setup_teardown_taskflow to 2024-06-29 00:00:00+00:00, run_after=2024-06-30 00:00:00+00:00
[2024-06-30T03:51:54.251+0000] {processor.py:183} INFO - Processing /home/airflow/.local/lib/python3.12/site-packages/airflow/example_dags/example_setup_teardown_taskflow.py took 0.611 seconds
[2024-06-30T03:52:25.122+0000] {processor.py:161} INFO - Started process (PID=360) to work on /home/airflow/.local/lib/python3.12/site-packages/airflow/example_dags/example_setup_teardown_taskflow.py
[2024-06-30T03:52:25.125+0000] {processor.py:830} INFO - Processing file /home/airflow/.local/lib/python3.12/site-packages/airflow/example_dags/example_setup_teardown_taskflow.py for tasks to queue
[2024-06-30T03:52:25.131+0000] {logging_mixin.py:188} INFO - [2024-06-30T03:52:25.130+0000] {dagbag.py:545} INFO - Filling up the DagBag from /home/airflow/.local/lib/python3.12/site-packages/airflow/example_dags/example_setup_teardown_taskflow.py
[2024-06-30T03:52:25.204+0000] {processor.py:840} INFO - DAG(s) 'example_setup_teardown_taskflow' retrieved from /home/airflow/.local/lib/python3.12/site-packages/airflow/example_dags/example_setup_teardown_taskflow.py
[2024-06-30T03:52:25.273+0000] {logging_mixin.py:188} INFO - [2024-06-30T03:52:25.272+0000] {dag.py:3096} INFO - Sync 1 DAGs
[2024-06-30T03:52:25.400+0000] {logging_mixin.py:188} INFO - [2024-06-30T03:52:25.400+0000] {dag.py:3954} INFO - Setting next_dagrun for example_setup_teardown_taskflow to 2024-06-29 00:00:00+00:00, run_after=2024-06-30 00:00:00+00:00
[2024-06-30T03:52:25.597+0000] {processor.py:183} INFO - Processing /home/airflow/.local/lib/python3.12/site-packages/airflow/example_dags/example_setup_teardown_taskflow.py took 0.500 seconds
[2024-06-30T03:52:56.732+0000] {processor.py:161} INFO - Started process (PID=418) to work on /home/airflow/.local/lib/python3.12/site-packages/airflow/example_dags/example_setup_teardown_taskflow.py
[2024-06-30T03:52:56.735+0000] {processor.py:830} INFO - Processing file /home/airflow/.local/lib/python3.12/site-packages/airflow/example_dags/example_setup_teardown_taskflow.py for tasks to queue
[2024-06-30T03:52:56.741+0000] {logging_mixin.py:188} INFO - [2024-06-30T03:52:56.740+0000] {dagbag.py:545} INFO - Filling up the DagBag from /home/airflow/.local/lib/python3.12/site-packages/airflow/example_dags/example_setup_teardown_taskflow.py
[2024-06-30T03:52:56.773+0000] {processor.py:840} INFO - DAG(s) 'example_setup_teardown_taskflow' retrieved from /home/airflow/.local/lib/python3.12/site-packages/airflow/example_dags/example_setup_teardown_taskflow.py
[2024-06-30T03:52:56.839+0000] {logging_mixin.py:188} INFO - [2024-06-30T03:52:56.839+0000] {dag.py:3096} INFO - Sync 1 DAGs
[2024-06-30T03:52:56.902+0000] {logging_mixin.py:188} INFO - [2024-06-30T03:52:56.901+0000] {dag.py:3954} INFO - Setting next_dagrun for example_setup_teardown_taskflow to 2024-06-29 00:00:00+00:00, run_after=2024-06-30 00:00:00+00:00
[2024-06-30T03:52:56.969+0000] {processor.py:183} INFO - Processing /home/airflow/.local/lib/python3.12/site-packages/airflow/example_dags/example_setup_teardown_taskflow.py took 0.254 seconds
[2024-06-30T03:53:27.415+0000] {processor.py:161} INFO - Started process (PID=476) to work on /home/airflow/.local/lib/python3.12/site-packages/airflow/example_dags/example_setup_teardown_taskflow.py
[2024-06-30T03:53:27.418+0000] {processor.py:830} INFO - Processing file /home/airflow/.local/lib/python3.12/site-packages/airflow/example_dags/example_setup_teardown_taskflow.py for tasks to queue
[2024-06-30T03:53:27.422+0000] {logging_mixin.py:188} INFO - [2024-06-30T03:53:27.422+0000] {dagbag.py:545} INFO - Filling up the DagBag from /home/airflow/.local/lib/python3.12/site-packages/airflow/example_dags/example_setup_teardown_taskflow.py
[2024-06-30T03:53:27.447+0000] {processor.py:840} INFO - DAG(s) 'example_setup_teardown_taskflow' retrieved from /home/airflow/.local/lib/python3.12/site-packages/airflow/example_dags/example_setup_teardown_taskflow.py
[2024-06-30T03:53:27.503+0000] {logging_mixin.py:188} INFO - [2024-06-30T03:53:27.502+0000] {dag.py:3096} INFO - Sync 1 DAGs
[2024-06-30T03:53:27.556+0000] {logging_mixin.py:188} INFO - [2024-06-30T03:53:27.555+0000] {dag.py:3954} INFO - Setting next_dagrun for example_setup_teardown_taskflow to 2024-06-29 00:00:00+00:00, run_after=2024-06-30 00:00:00+00:00
[2024-06-30T03:53:27.637+0000] {processor.py:183} INFO - Processing /home/airflow/.local/lib/python3.12/site-packages/airflow/example_dags/example_setup_teardown_taskflow.py took 0.232 seconds
[2024-06-30T03:54:04.317+0000] {processor.py:161} INFO - Started process (PID=534) to work on /home/airflow/.local/lib/python3.12/site-packages/airflow/example_dags/example_setup_teardown_taskflow.py
[2024-06-30T03:54:04.319+0000] {processor.py:830} INFO - Processing file /home/airflow/.local/lib/python3.12/site-packages/airflow/example_dags/example_setup_teardown_taskflow.py for tasks to queue
[2024-06-30T03:54:04.323+0000] {logging_mixin.py:188} INFO - [2024-06-30T03:54:04.322+0000] {dagbag.py:545} INFO - Filling up the DagBag from /home/airflow/.local/lib/python3.12/site-packages/airflow/example_dags/example_setup_teardown_taskflow.py
[2024-06-30T03:54:04.385+0000] {processor.py:840} INFO - DAG(s) 'example_setup_teardown_taskflow' retrieved from /home/airflow/.local/lib/python3.12/site-packages/airflow/example_dags/example_setup_teardown_taskflow.py
[2024-06-30T03:54:04.525+0000] {logging_mixin.py:188} INFO - [2024-06-30T03:54:04.524+0000] {dag.py:3096} INFO - Sync 1 DAGs
[2024-06-30T03:54:04.696+0000] {logging_mixin.py:188} INFO - [2024-06-30T03:54:04.696+0000] {dag.py:3954} INFO - Setting next_dagrun for example_setup_teardown_taskflow to 2024-06-29 00:00:00+00:00, run_after=2024-06-30 00:00:00+00:00
[2024-06-30T03:54:04.825+0000] {processor.py:183} INFO - Processing /home/airflow/.local/lib/python3.12/site-packages/airflow/example_dags/example_setup_teardown_taskflow.py took 0.521 seconds
[2024-06-30T03:54:35.940+0000] {processor.py:161} INFO - Started process (PID=592) to work on /home/airflow/.local/lib/python3.12/site-packages/airflow/example_dags/example_setup_teardown_taskflow.py
[2024-06-30T03:54:35.946+0000] {processor.py:830} INFO - Processing file /home/airflow/.local/lib/python3.12/site-packages/airflow/example_dags/example_setup_teardown_taskflow.py for tasks to queue
[2024-06-30T03:54:35.953+0000] {logging_mixin.py:188} INFO - [2024-06-30T03:54:35.953+0000] {dagbag.py:545} INFO - Filling up the DagBag from /home/airflow/.local/lib/python3.12/site-packages/airflow/example_dags/example_setup_teardown_taskflow.py
[2024-06-30T03:54:36.083+0000] {processor.py:840} INFO - DAG(s) 'example_setup_teardown_taskflow' retrieved from /home/airflow/.local/lib/python3.12/site-packages/airflow/example_dags/example_setup_teardown_taskflow.py
[2024-06-30T03:54:36.157+0000] {logging_mixin.py:188} INFO - [2024-06-30T03:54:36.156+0000] {dag.py:3096} INFO - Sync 1 DAGs
[2024-06-30T03:54:36.239+0000] {logging_mixin.py:188} INFO - [2024-06-30T03:54:36.238+0000] {dag.py:3954} INFO - Setting next_dagrun for example_setup_teardown_taskflow to 2024-06-29 00:00:00+00:00, run_after=2024-06-30 00:00:00+00:00
[2024-06-30T03:54:36.312+0000] {processor.py:183} INFO - Processing /home/airflow/.local/lib/python3.12/site-packages/airflow/example_dags/example_setup_teardown_taskflow.py took 0.391 seconds
[2024-06-30T03:55:07.344+0000] {processor.py:161} INFO - Started process (PID=650) to work on /home/airflow/.local/lib/python3.12/site-packages/airflow/example_dags/example_setup_teardown_taskflow.py
[2024-06-30T03:55:07.352+0000] {processor.py:830} INFO - Processing file /home/airflow/.local/lib/python3.12/site-packages/airflow/example_dags/example_setup_teardown_taskflow.py for tasks to queue
[2024-06-30T03:55:07.360+0000] {logging_mixin.py:188} INFO - [2024-06-30T03:55:07.358+0000] {dagbag.py:545} INFO - Filling up the DagBag from /home/airflow/.local/lib/python3.12/site-packages/airflow/example_dags/example_setup_teardown_taskflow.py
[2024-06-30T03:55:07.411+0000] {processor.py:840} INFO - DAG(s) 'example_setup_teardown_taskflow' retrieved from /home/airflow/.local/lib/python3.12/site-packages/airflow/example_dags/example_setup_teardown_taskflow.py
[2024-06-30T03:55:07.526+0000] {logging_mixin.py:188} INFO - [2024-06-30T03:55:07.526+0000] {dag.py:3096} INFO - Sync 1 DAGs
[2024-06-30T03:55:07.662+0000] {logging_mixin.py:188} INFO - [2024-06-30T03:55:07.659+0000] {dag.py:3954} INFO - Setting next_dagrun for example_setup_teardown_taskflow to 2024-06-29 00:00:00+00:00, run_after=2024-06-30 00:00:00+00:00
[2024-06-30T03:55:07.738+0000] {processor.py:183} INFO - Processing /home/airflow/.local/lib/python3.12/site-packages/airflow/example_dags/example_setup_teardown_taskflow.py took 0.437 seconds
[2024-06-30T03:55:39.131+0000] {processor.py:161} INFO - Started process (PID=709) to work on /home/airflow/.local/lib/python3.12/site-packages/airflow/example_dags/example_setup_teardown_taskflow.py
[2024-06-30T03:55:39.135+0000] {processor.py:830} INFO - Processing file /home/airflow/.local/lib/python3.12/site-packages/airflow/example_dags/example_setup_teardown_taskflow.py for tasks to queue
[2024-06-30T03:55:39.143+0000] {logging_mixin.py:188} INFO - [2024-06-30T03:55:39.142+0000] {dagbag.py:545} INFO - Filling up the DagBag from /home/airflow/.local/lib/python3.12/site-packages/airflow/example_dags/example_setup_teardown_taskflow.py
[2024-06-30T03:55:39.172+0000] {processor.py:840} INFO - DAG(s) 'example_setup_teardown_taskflow' retrieved from /home/airflow/.local/lib/python3.12/site-packages/airflow/example_dags/example_setup_teardown_taskflow.py
[2024-06-30T03:55:39.237+0000] {logging_mixin.py:188} INFO - [2024-06-30T03:55:39.236+0000] {dag.py:3096} INFO - Sync 1 DAGs
[2024-06-30T03:55:39.322+0000] {logging_mixin.py:188} INFO - [2024-06-30T03:55:39.321+0000] {dag.py:3954} INFO - Setting next_dagrun for example_setup_teardown_taskflow to 2024-06-29 00:00:00+00:00, run_after=2024-06-30 00:00:00+00:00
[2024-06-30T03:55:39.392+0000] {processor.py:183} INFO - Processing /home/airflow/.local/lib/python3.12/site-packages/airflow/example_dags/example_setup_teardown_taskflow.py took 0.277 seconds
[2024-06-30T03:56:14.803+0000] {processor.py:161} INFO - Started process (PID=767) to work on /home/airflow/.local/lib/python3.12/site-packages/airflow/example_dags/example_setup_teardown_taskflow.py
[2024-06-30T03:56:14.813+0000] {processor.py:830} INFO - Processing file /home/airflow/.local/lib/python3.12/site-packages/airflow/example_dags/example_setup_teardown_taskflow.py for tasks to queue
[2024-06-30T03:56:14.818+0000] {logging_mixin.py:188} INFO - [2024-06-30T03:56:14.817+0000] {dagbag.py:545} INFO - Filling up the DagBag from /home/airflow/.local/lib/python3.12/site-packages/airflow/example_dags/example_setup_teardown_taskflow.py
[2024-06-30T03:56:14.887+0000] {processor.py:840} INFO - DAG(s) 'example_setup_teardown_taskflow' retrieved from /home/airflow/.local/lib/python3.12/site-packages/airflow/example_dags/example_setup_teardown_taskflow.py
[2024-06-30T03:56:14.974+0000] {logging_mixin.py:188} INFO - [2024-06-30T03:56:14.973+0000] {dag.py:3096} INFO - Sync 1 DAGs
[2024-06-30T03:56:15.111+0000] {logging_mixin.py:188} INFO - [2024-06-30T03:56:15.111+0000] {dag.py:3954} INFO - Setting next_dagrun for example_setup_teardown_taskflow to 2024-06-29 00:00:00+00:00, run_after=2024-06-30 00:00:00+00:00
[2024-06-30T03:56:15.242+0000] {processor.py:183} INFO - Processing /home/airflow/.local/lib/python3.12/site-packages/airflow/example_dags/example_setup_teardown_taskflow.py took 0.463 seconds
[2024-06-30T03:56:46.131+0000] {processor.py:161} INFO - Started process (PID=825) to work on /home/airflow/.local/lib/python3.12/site-packages/airflow/example_dags/example_setup_teardown_taskflow.py
[2024-06-30T03:56:46.140+0000] {processor.py:830} INFO - Processing file /home/airflow/.local/lib/python3.12/site-packages/airflow/example_dags/example_setup_teardown_taskflow.py for tasks to queue
[2024-06-30T03:56:46.151+0000] {logging_mixin.py:188} INFO - [2024-06-30T03:56:46.150+0000] {dagbag.py:545} INFO - Filling up the DagBag from /home/airflow/.local/lib/python3.12/site-packages/airflow/example_dags/example_setup_teardown_taskflow.py
[2024-06-30T03:56:46.219+0000] {processor.py:840} INFO - DAG(s) 'example_setup_teardown_taskflow' retrieved from /home/airflow/.local/lib/python3.12/site-packages/airflow/example_dags/example_setup_teardown_taskflow.py
[2024-06-30T03:56:46.295+0000] {logging_mixin.py:188} INFO - [2024-06-30T03:56:46.294+0000] {dag.py:3096} INFO - Sync 1 DAGs
[2024-06-30T03:56:46.366+0000] {logging_mixin.py:188} INFO - [2024-06-30T03:56:46.366+0000] {dag.py:3954} INFO - Setting next_dagrun for example_setup_teardown_taskflow to 2024-06-29 00:00:00+00:00, run_after=2024-06-30 00:00:00+00:00
[2024-06-30T03:56:46.473+0000] {processor.py:183} INFO - Processing /home/airflow/.local/lib/python3.12/site-packages/airflow/example_dags/example_setup_teardown_taskflow.py took 0.361 seconds
[2024-06-30T03:57:24.367+0000] {processor.py:161} INFO - Started process (PID=883) to work on /home/airflow/.local/lib/python3.12/site-packages/airflow/example_dags/example_setup_teardown_taskflow.py
[2024-06-30T03:57:24.380+0000] {processor.py:830} INFO - Processing file /home/airflow/.local/lib/python3.12/site-packages/airflow/example_dags/example_setup_teardown_taskflow.py for tasks to queue
[2024-06-30T03:57:24.394+0000] {logging_mixin.py:188} INFO - [2024-06-30T03:57:24.389+0000] {dagbag.py:545} INFO - Filling up the DagBag from /home/airflow/.local/lib/python3.12/site-packages/airflow/example_dags/example_setup_teardown_taskflow.py
[2024-06-30T03:57:24.477+0000] {processor.py:840} INFO - DAG(s) 'example_setup_teardown_taskflow' retrieved from /home/airflow/.local/lib/python3.12/site-packages/airflow/example_dags/example_setup_teardown_taskflow.py
[2024-06-30T03:57:24.630+0000] {logging_mixin.py:188} INFO - [2024-06-30T03:57:24.629+0000] {dag.py:3096} INFO - Sync 1 DAGs
[2024-06-30T03:57:24.754+0000] {logging_mixin.py:188} INFO - [2024-06-30T03:57:24.754+0000] {dag.py:3954} INFO - Setting next_dagrun for example_setup_teardown_taskflow to 2024-06-29 00:00:00+00:00, run_after=2024-06-30 00:00:00+00:00
[2024-06-30T03:57:24.826+0000] {processor.py:183} INFO - Processing /home/airflow/.local/lib/python3.12/site-packages/airflow/example_dags/example_setup_teardown_taskflow.py took 0.483 seconds
[2024-06-30T03:57:56.466+0000] {processor.py:161} INFO - Started process (PID=941) to work on /home/airflow/.local/lib/python3.12/site-packages/airflow/example_dags/example_setup_teardown_taskflow.py
[2024-06-30T03:57:56.479+0000] {processor.py:830} INFO - Processing file /home/airflow/.local/lib/python3.12/site-packages/airflow/example_dags/example_setup_teardown_taskflow.py for tasks to queue
[2024-06-30T03:57:56.496+0000] {logging_mixin.py:188} INFO - [2024-06-30T03:57:56.490+0000] {dagbag.py:545} INFO - Filling up the DagBag from /home/airflow/.local/lib/python3.12/site-packages/airflow/example_dags/example_setup_teardown_taskflow.py
[2024-06-30T03:57:56.568+0000] {processor.py:840} INFO - DAG(s) 'example_setup_teardown_taskflow' retrieved from /home/airflow/.local/lib/python3.12/site-packages/airflow/example_dags/example_setup_teardown_taskflow.py
[2024-06-30T03:57:56.804+0000] {logging_mixin.py:188} INFO - [2024-06-30T03:57:56.804+0000] {dag.py:3096} INFO - Sync 1 DAGs
[2024-06-30T03:57:56.964+0000] {logging_mixin.py:188} INFO - [2024-06-30T03:57:56.963+0000] {dag.py:3954} INFO - Setting next_dagrun for example_setup_teardown_taskflow to 2024-06-29 00:00:00+00:00, run_after=2024-06-30 00:00:00+00:00
[2024-06-30T03:57:57.059+0000] {processor.py:183} INFO - Processing /home/airflow/.local/lib/python3.12/site-packages/airflow/example_dags/example_setup_teardown_taskflow.py took 0.628 seconds
[2024-06-30T03:58:28.024+0000] {processor.py:161} INFO - Started process (PID=999) to work on /home/airflow/.local/lib/python3.12/site-packages/airflow/example_dags/example_setup_teardown_taskflow.py
[2024-06-30T03:58:28.027+0000] {processor.py:830} INFO - Processing file /home/airflow/.local/lib/python3.12/site-packages/airflow/example_dags/example_setup_teardown_taskflow.py for tasks to queue
[2024-06-30T03:58:28.032+0000] {logging_mixin.py:188} INFO - [2024-06-30T03:58:28.031+0000] {dagbag.py:545} INFO - Filling up the DagBag from /home/airflow/.local/lib/python3.12/site-packages/airflow/example_dags/example_setup_teardown_taskflow.py
[2024-06-30T03:58:28.067+0000] {processor.py:840} INFO - DAG(s) 'example_setup_teardown_taskflow' retrieved from /home/airflow/.local/lib/python3.12/site-packages/airflow/example_dags/example_setup_teardown_taskflow.py
[2024-06-30T03:58:28.149+0000] {logging_mixin.py:188} INFO - [2024-06-30T03:58:28.147+0000] {dag.py:3096} INFO - Sync 1 DAGs
[2024-06-30T03:58:28.222+0000] {logging_mixin.py:188} INFO - [2024-06-30T03:58:28.221+0000] {dag.py:3954} INFO - Setting next_dagrun for example_setup_teardown_taskflow to 2024-06-29 00:00:00+00:00, run_after=2024-06-30 00:00:00+00:00
[2024-06-30T03:58:28.344+0000] {processor.py:183} INFO - Processing /home/airflow/.local/lib/python3.12/site-packages/airflow/example_dags/example_setup_teardown_taskflow.py took 0.340 seconds
[2024-06-30T03:58:58.849+0000] {processor.py:161} INFO - Started process (PID=1057) to work on /home/airflow/.local/lib/python3.12/site-packages/airflow/example_dags/example_setup_teardown_taskflow.py
[2024-06-30T03:58:58.852+0000] {processor.py:830} INFO - Processing file /home/airflow/.local/lib/python3.12/site-packages/airflow/example_dags/example_setup_teardown_taskflow.py for tasks to queue
[2024-06-30T03:58:58.857+0000] {logging_mixin.py:188} INFO - [2024-06-30T03:58:58.856+0000] {dagbag.py:545} INFO - Filling up the DagBag from /home/airflow/.local/lib/python3.12/site-packages/airflow/example_dags/example_setup_teardown_taskflow.py
[2024-06-30T03:58:58.891+0000] {processor.py:840} INFO - DAG(s) 'example_setup_teardown_taskflow' retrieved from /home/airflow/.local/lib/python3.12/site-packages/airflow/example_dags/example_setup_teardown_taskflow.py
[2024-06-30T03:58:58.960+0000] {logging_mixin.py:188} INFO - [2024-06-30T03:58:58.960+0000] {dag.py:3096} INFO - Sync 1 DAGs
[2024-06-30T03:58:59.020+0000] {logging_mixin.py:188} INFO - [2024-06-30T03:58:59.019+0000] {dag.py:3954} INFO - Setting next_dagrun for example_setup_teardown_taskflow to 2024-06-29 00:00:00+00:00, run_after=2024-06-30 00:00:00+00:00
[2024-06-30T03:58:59.088+0000] {processor.py:183} INFO - Processing /home/airflow/.local/lib/python3.12/site-packages/airflow/example_dags/example_setup_teardown_taskflow.py took 0.253 seconds
[2024-06-30T03:59:29.368+0000] {processor.py:161} INFO - Started process (PID=1115) to work on /home/airflow/.local/lib/python3.12/site-packages/airflow/example_dags/example_setup_teardown_taskflow.py
[2024-06-30T03:59:29.371+0000] {processor.py:830} INFO - Processing file /home/airflow/.local/lib/python3.12/site-packages/airflow/example_dags/example_setup_teardown_taskflow.py for tasks to queue
[2024-06-30T03:59:29.375+0000] {logging_mixin.py:188} INFO - [2024-06-30T03:59:29.374+0000] {dagbag.py:545} INFO - Filling up the DagBag from /home/airflow/.local/lib/python3.12/site-packages/airflow/example_dags/example_setup_teardown_taskflow.py
[2024-06-30T03:59:29.395+0000] {processor.py:840} INFO - DAG(s) 'example_setup_teardown_taskflow' retrieved from /home/airflow/.local/lib/python3.12/site-packages/airflow/example_dags/example_setup_teardown_taskflow.py
[2024-06-30T03:59:29.447+0000] {logging_mixin.py:188} INFO - [2024-06-30T03:59:29.446+0000] {dag.py:3096} INFO - Sync 1 DAGs
[2024-06-30T03:59:29.500+0000] {logging_mixin.py:188} INFO - [2024-06-30T03:59:29.499+0000] {dag.py:3954} INFO - Setting next_dagrun for example_setup_teardown_taskflow to 2024-06-29 00:00:00+00:00, run_after=2024-06-30 00:00:00+00:00
[2024-06-30T03:59:29.553+0000] {processor.py:183} INFO - Processing /home/airflow/.local/lib/python3.12/site-packages/airflow/example_dags/example_setup_teardown_taskflow.py took 0.199 seconds
[2024-06-30T04:00:05.102+0000] {processor.py:161} INFO - Started process (PID=1179) to work on /home/airflow/.local/lib/python3.12/site-packages/airflow/example_dags/example_setup_teardown_taskflow.py
[2024-06-30T04:00:05.116+0000] {processor.py:830} INFO - Processing file /home/airflow/.local/lib/python3.12/site-packages/airflow/example_dags/example_setup_teardown_taskflow.py for tasks to queue
[2024-06-30T04:00:05.134+0000] {logging_mixin.py:188} INFO - [2024-06-30T04:00:05.133+0000] {dagbag.py:545} INFO - Filling up the DagBag from /home/airflow/.local/lib/python3.12/site-packages/airflow/example_dags/example_setup_teardown_taskflow.py
[2024-06-30T04:00:05.215+0000] {processor.py:840} INFO - DAG(s) 'example_setup_teardown_taskflow' retrieved from /home/airflow/.local/lib/python3.12/site-packages/airflow/example_dags/example_setup_teardown_taskflow.py
[2024-06-30T04:00:05.389+0000] {logging_mixin.py:188} INFO - [2024-06-30T04:00:05.388+0000] {dag.py:3096} INFO - Sync 1 DAGs
[2024-06-30T04:00:05.558+0000] {logging_mixin.py:188} INFO - [2024-06-30T04:00:05.557+0000] {dag.py:3954} INFO - Setting next_dagrun for example_setup_teardown_taskflow to 2024-06-29 00:00:00+00:00, run_after=2024-06-30 00:00:00+00:00
[2024-06-30T04:00:05.806+0000] {processor.py:183} INFO - Processing /home/airflow/.local/lib/python3.12/site-packages/airflow/example_dags/example_setup_teardown_taskflow.py took 0.759 seconds
[2024-06-30T04:00:36.600+0000] {processor.py:161} INFO - Started process (PID=1238) to work on /home/airflow/.local/lib/python3.12/site-packages/airflow/example_dags/example_setup_teardown_taskflow.py
[2024-06-30T04:00:36.611+0000] {processor.py:830} INFO - Processing file /home/airflow/.local/lib/python3.12/site-packages/airflow/example_dags/example_setup_teardown_taskflow.py for tasks to queue
[2024-06-30T04:00:36.615+0000] {logging_mixin.py:188} INFO - [2024-06-30T04:00:36.614+0000] {dagbag.py:545} INFO - Filling up the DagBag from /home/airflow/.local/lib/python3.12/site-packages/airflow/example_dags/example_setup_teardown_taskflow.py
[2024-06-30T04:00:36.647+0000] {processor.py:840} INFO - DAG(s) 'example_setup_teardown_taskflow' retrieved from /home/airflow/.local/lib/python3.12/site-packages/airflow/example_dags/example_setup_teardown_taskflow.py
[2024-06-30T04:00:36.725+0000] {logging_mixin.py:188} INFO - [2024-06-30T04:00:36.724+0000] {dag.py:3096} INFO - Sync 1 DAGs
[2024-06-30T04:00:36.807+0000] {logging_mixin.py:188} INFO - [2024-06-30T04:00:36.806+0000] {dag.py:3954} INFO - Setting next_dagrun for example_setup_teardown_taskflow to 2024-06-29 00:00:00+00:00, run_after=2024-06-30 00:00:00+00:00
[2024-06-30T04:00:37.001+0000] {processor.py:183} INFO - Processing /home/airflow/.local/lib/python3.12/site-packages/airflow/example_dags/example_setup_teardown_taskflow.py took 0.420 seconds
[2024-06-30T04:01:07.408+0000] {processor.py:161} INFO - Started process (PID=1296) to work on /home/airflow/.local/lib/python3.12/site-packages/airflow/example_dags/example_setup_teardown_taskflow.py
[2024-06-30T04:01:07.413+0000] {processor.py:830} INFO - Processing file /home/airflow/.local/lib/python3.12/site-packages/airflow/example_dags/example_setup_teardown_taskflow.py for tasks to queue
[2024-06-30T04:01:07.421+0000] {logging_mixin.py:188} INFO - [2024-06-30T04:01:07.420+0000] {dagbag.py:545} INFO - Filling up the DagBag from /home/airflow/.local/lib/python3.12/site-packages/airflow/example_dags/example_setup_teardown_taskflow.py
[2024-06-30T04:01:07.473+0000] {processor.py:840} INFO - DAG(s) 'example_setup_teardown_taskflow' retrieved from /home/airflow/.local/lib/python3.12/site-packages/airflow/example_dags/example_setup_teardown_taskflow.py
[2024-06-30T04:01:07.579+0000] {logging_mixin.py:188} INFO - [2024-06-30T04:01:07.578+0000] {dag.py:3096} INFO - Sync 1 DAGs
[2024-06-30T04:01:07.715+0000] {logging_mixin.py:188} INFO - [2024-06-30T04:01:07.715+0000] {dag.py:3954} INFO - Setting next_dagrun for example_setup_teardown_taskflow to 2024-06-29 00:00:00+00:00, run_after=2024-06-30 00:00:00+00:00
[2024-06-30T04:01:07.899+0000] {processor.py:183} INFO - Processing /home/airflow/.local/lib/python3.12/site-packages/airflow/example_dags/example_setup_teardown_taskflow.py took 0.514 seconds
[2024-06-30T04:01:38.092+0000] {processor.py:161} INFO - Started process (PID=1354) to work on /home/airflow/.local/lib/python3.12/site-packages/airflow/example_dags/example_setup_teardown_taskflow.py
[2024-06-30T04:01:38.093+0000] {processor.py:830} INFO - Processing file /home/airflow/.local/lib/python3.12/site-packages/airflow/example_dags/example_setup_teardown_taskflow.py for tasks to queue
[2024-06-30T04:01:38.096+0000] {logging_mixin.py:188} INFO - [2024-06-30T04:01:38.096+0000] {dagbag.py:545} INFO - Filling up the DagBag from /home/airflow/.local/lib/python3.12/site-packages/airflow/example_dags/example_setup_teardown_taskflow.py
[2024-06-30T04:01:38.121+0000] {processor.py:840} INFO - DAG(s) 'example_setup_teardown_taskflow' retrieved from /home/airflow/.local/lib/python3.12/site-packages/airflow/example_dags/example_setup_teardown_taskflow.py
[2024-06-30T04:01:38.174+0000] {logging_mixin.py:188} INFO - [2024-06-30T04:01:38.173+0000] {dag.py:3096} INFO - Sync 1 DAGs
[2024-06-30T04:01:38.226+0000] {logging_mixin.py:188} INFO - [2024-06-30T04:01:38.225+0000] {dag.py:3954} INFO - Setting next_dagrun for example_setup_teardown_taskflow to 2024-06-29 00:00:00+00:00, run_after=2024-06-30 00:00:00+00:00
[2024-06-30T04:01:38.282+0000] {processor.py:183} INFO - Processing /home/airflow/.local/lib/python3.12/site-packages/airflow/example_dags/example_setup_teardown_taskflow.py took 0.207 seconds
[2024-06-30T04:02:08.545+0000] {processor.py:161} INFO - Started process (PID=1412) to work on /home/airflow/.local/lib/python3.12/site-packages/airflow/example_dags/example_setup_teardown_taskflow.py
[2024-06-30T04:02:08.547+0000] {processor.py:830} INFO - Processing file /home/airflow/.local/lib/python3.12/site-packages/airflow/example_dags/example_setup_teardown_taskflow.py for tasks to queue
[2024-06-30T04:02:08.553+0000] {logging_mixin.py:188} INFO - [2024-06-30T04:02:08.552+0000] {dagbag.py:545} INFO - Filling up the DagBag from /home/airflow/.local/lib/python3.12/site-packages/airflow/example_dags/example_setup_teardown_taskflow.py
[2024-06-30T04:02:08.577+0000] {processor.py:840} INFO - DAG(s) 'example_setup_teardown_taskflow' retrieved from /home/airflow/.local/lib/python3.12/site-packages/airflow/example_dags/example_setup_teardown_taskflow.py
[2024-06-30T04:02:08.641+0000] {logging_mixin.py:188} INFO - [2024-06-30T04:02:08.640+0000] {dag.py:3096} INFO - Sync 1 DAGs
[2024-06-30T04:02:08.710+0000] {logging_mixin.py:188} INFO - [2024-06-30T04:02:08.709+0000] {dag.py:3954} INFO - Setting next_dagrun for example_setup_teardown_taskflow to 2024-06-29 00:00:00+00:00, run_after=2024-06-30 00:00:00+00:00
[2024-06-30T04:02:08.761+0000] {processor.py:183} INFO - Processing /home/airflow/.local/lib/python3.12/site-packages/airflow/example_dags/example_setup_teardown_taskflow.py took 0.231 seconds
[2024-06-30T04:02:39.180+0000] {processor.py:161} INFO - Started process (PID=1469) to work on /home/airflow/.local/lib/python3.12/site-packages/airflow/example_dags/example_setup_teardown_taskflow.py
[2024-06-30T04:02:39.182+0000] {processor.py:830} INFO - Processing file /home/airflow/.local/lib/python3.12/site-packages/airflow/example_dags/example_setup_teardown_taskflow.py for tasks to queue
[2024-06-30T04:02:39.196+0000] {logging_mixin.py:188} INFO - [2024-06-30T04:02:39.195+0000] {dagbag.py:545} INFO - Filling up the DagBag from /home/airflow/.local/lib/python3.12/site-packages/airflow/example_dags/example_setup_teardown_taskflow.py
[2024-06-30T04:02:39.234+0000] {processor.py:840} INFO - DAG(s) 'example_setup_teardown_taskflow' retrieved from /home/airflow/.local/lib/python3.12/site-packages/airflow/example_dags/example_setup_teardown_taskflow.py
[2024-06-30T04:02:39.386+0000] {logging_mixin.py:188} INFO - [2024-06-30T04:02:39.385+0000] {dag.py:3096} INFO - Sync 1 DAGs
[2024-06-30T04:02:39.475+0000] {logging_mixin.py:188} INFO - [2024-06-30T04:02:39.475+0000] {dag.py:3954} INFO - Setting next_dagrun for example_setup_teardown_taskflow to 2024-06-29 00:00:00+00:00, run_after=2024-06-30 00:00:00+00:00
[2024-06-30T04:02:39.546+0000] {processor.py:183} INFO - Processing /home/airflow/.local/lib/python3.12/site-packages/airflow/example_dags/example_setup_teardown_taskflow.py took 0.400 seconds
[2024-06-30T04:03:10.299+0000] {processor.py:161} INFO - Started process (PID=1523) to work on /home/airflow/.local/lib/python3.12/site-packages/airflow/example_dags/example_setup_teardown_taskflow.py
[2024-06-30T04:03:10.302+0000] {processor.py:830} INFO - Processing file /home/airflow/.local/lib/python3.12/site-packages/airflow/example_dags/example_setup_teardown_taskflow.py for tasks to queue
[2024-06-30T04:03:10.323+0000] {logging_mixin.py:188} INFO - [2024-06-30T04:03:10.322+0000] {dagbag.py:545} INFO - Filling up the DagBag from /home/airflow/.local/lib/python3.12/site-packages/airflow/example_dags/example_setup_teardown_taskflow.py
[2024-06-30T04:03:10.411+0000] {processor.py:840} INFO - DAG(s) 'example_setup_teardown_taskflow' retrieved from /home/airflow/.local/lib/python3.12/site-packages/airflow/example_dags/example_setup_teardown_taskflow.py
[2024-06-30T04:03:10.662+0000] {logging_mixin.py:188} INFO - [2024-06-30T04:03:10.661+0000] {dag.py:3096} INFO - Sync 1 DAGs
[2024-06-30T04:03:10.882+0000] {logging_mixin.py:188} INFO - [2024-06-30T04:03:10.869+0000] {dag.py:3954} INFO - Setting next_dagrun for example_setup_teardown_taskflow to 2024-06-29 00:00:00+00:00, run_after=2024-06-30 00:00:00+00:00
[2024-06-30T04:03:11.996+0000] {processor.py:183} INFO - Processing /home/airflow/.local/lib/python3.12/site-packages/airflow/example_dags/example_setup_teardown_taskflow.py took 1.731 seconds
[2024-06-30T04:03:42.619+0000] {processor.py:161} INFO - Started process (PID=1581) to work on /home/airflow/.local/lib/python3.12/site-packages/airflow/example_dags/example_setup_teardown_taskflow.py
[2024-06-30T04:03:42.698+0000] {processor.py:830} INFO - Processing file /home/airflow/.local/lib/python3.12/site-packages/airflow/example_dags/example_setup_teardown_taskflow.py for tasks to queue
[2024-06-30T04:03:42.705+0000] {logging_mixin.py:188} INFO - [2024-06-30T04:03:42.704+0000] {dagbag.py:545} INFO - Filling up the DagBag from /home/airflow/.local/lib/python3.12/site-packages/airflow/example_dags/example_setup_teardown_taskflow.py
[2024-06-30T04:03:42.760+0000] {processor.py:840} INFO - DAG(s) 'example_setup_teardown_taskflow' retrieved from /home/airflow/.local/lib/python3.12/site-packages/airflow/example_dags/example_setup_teardown_taskflow.py
[2024-06-30T04:03:42.890+0000] {logging_mixin.py:188} INFO - [2024-06-30T04:03:42.889+0000] {dag.py:3096} INFO - Sync 1 DAGs
[2024-06-30T04:03:43.115+0000] {logging_mixin.py:188} INFO - [2024-06-30T04:03:43.115+0000] {dag.py:3954} INFO - Setting next_dagrun for example_setup_teardown_taskflow to 2024-06-29 00:00:00+00:00, run_after=2024-06-30 00:00:00+00:00
[2024-06-30T04:03:43.298+0000] {processor.py:183} INFO - Processing /home/airflow/.local/lib/python3.12/site-packages/airflow/example_dags/example_setup_teardown_taskflow.py took 0.710 seconds
[2024-06-30T04:04:14.303+0000] {processor.py:161} INFO - Started process (PID=1639) to work on /home/airflow/.local/lib/python3.12/site-packages/airflow/example_dags/example_setup_teardown_taskflow.py
[2024-06-30T04:04:14.306+0000] {processor.py:830} INFO - Processing file /home/airflow/.local/lib/python3.12/site-packages/airflow/example_dags/example_setup_teardown_taskflow.py for tasks to queue
[2024-06-30T04:04:14.309+0000] {logging_mixin.py:188} INFO - [2024-06-30T04:04:14.309+0000] {dagbag.py:545} INFO - Filling up the DagBag from /home/airflow/.local/lib/python3.12/site-packages/airflow/example_dags/example_setup_teardown_taskflow.py
[2024-06-30T04:04:14.336+0000] {processor.py:840} INFO - DAG(s) 'example_setup_teardown_taskflow' retrieved from /home/airflow/.local/lib/python3.12/site-packages/airflow/example_dags/example_setup_teardown_taskflow.py
[2024-06-30T04:04:14.405+0000] {logging_mixin.py:188} INFO - [2024-06-30T04:04:14.405+0000] {dag.py:3096} INFO - Sync 1 DAGs
[2024-06-30T04:04:14.465+0000] {logging_mixin.py:188} INFO - [2024-06-30T04:04:14.465+0000] {dag.py:3954} INFO - Setting next_dagrun for example_setup_teardown_taskflow to 2024-06-29 00:00:00+00:00, run_after=2024-06-30 00:00:00+00:00
[2024-06-30T04:04:14.520+0000] {processor.py:183} INFO - Processing /home/airflow/.local/lib/python3.12/site-packages/airflow/example_dags/example_setup_teardown_taskflow.py took 0.241 seconds
[2024-06-30T04:04:44.987+0000] {processor.py:161} INFO - Started process (PID=1703) to work on /home/airflow/.local/lib/python3.12/site-packages/airflow/example_dags/example_setup_teardown_taskflow.py
[2024-06-30T04:04:45.003+0000] {processor.py:830} INFO - Processing file /home/airflow/.local/lib/python3.12/site-packages/airflow/example_dags/example_setup_teardown_taskflow.py for tasks to queue
[2024-06-30T04:04:45.028+0000] {logging_mixin.py:188} INFO - [2024-06-30T04:04:45.027+0000] {dagbag.py:545} INFO - Filling up the DagBag from /home/airflow/.local/lib/python3.12/site-packages/airflow/example_dags/example_setup_teardown_taskflow.py
[2024-06-30T04:04:45.134+0000] {processor.py:840} INFO - DAG(s) 'example_setup_teardown_taskflow' retrieved from /home/airflow/.local/lib/python3.12/site-packages/airflow/example_dags/example_setup_teardown_taskflow.py
[2024-06-30T04:04:45.395+0000] {logging_mixin.py:188} INFO - [2024-06-30T04:04:45.395+0000] {dag.py:3096} INFO - Sync 1 DAGs
[2024-06-30T04:04:45.516+0000] {logging_mixin.py:188} INFO - [2024-06-30T04:04:45.512+0000] {dag.py:3954} INFO - Setting next_dagrun for example_setup_teardown_taskflow to 2024-06-29 00:00:00+00:00, run_after=2024-06-30 00:00:00+00:00
[2024-06-30T04:04:45.739+0000] {processor.py:183} INFO - Processing /home/airflow/.local/lib/python3.12/site-packages/airflow/example_dags/example_setup_teardown_taskflow.py took 0.815 seconds
[2024-06-30T04:05:16.114+0000] {processor.py:161} INFO - Started process (PID=1760) to work on /home/airflow/.local/lib/python3.12/site-packages/airflow/example_dags/example_setup_teardown_taskflow.py
[2024-06-30T04:05:16.116+0000] {processor.py:830} INFO - Processing file /home/airflow/.local/lib/python3.12/site-packages/airflow/example_dags/example_setup_teardown_taskflow.py for tasks to queue
[2024-06-30T04:05:16.126+0000] {logging_mixin.py:188} INFO - [2024-06-30T04:05:16.125+0000] {dagbag.py:545} INFO - Filling up the DagBag from /home/airflow/.local/lib/python3.12/site-packages/airflow/example_dags/example_setup_teardown_taskflow.py
[2024-06-30T04:05:16.155+0000] {processor.py:840} INFO - DAG(s) 'example_setup_teardown_taskflow' retrieved from /home/airflow/.local/lib/python3.12/site-packages/airflow/example_dags/example_setup_teardown_taskflow.py
[2024-06-30T04:05:16.238+0000] {logging_mixin.py:188} INFO - [2024-06-30T04:05:16.236+0000] {dag.py:3096} INFO - Sync 1 DAGs
[2024-06-30T04:05:16.333+0000] {logging_mixin.py:188} INFO - [2024-06-30T04:05:16.333+0000] {dag.py:3954} INFO - Setting next_dagrun for example_setup_teardown_taskflow to 2024-06-29 00:00:00+00:00, run_after=2024-06-30 00:00:00+00:00
[2024-06-30T04:05:16.425+0000] {processor.py:183} INFO - Processing /home/airflow/.local/lib/python3.12/site-packages/airflow/example_dags/example_setup_teardown_taskflow.py took 0.330 seconds
[2024-06-30T04:05:47.843+0000] {processor.py:161} INFO - Started process (PID=1818) to work on /home/airflow/.local/lib/python3.12/site-packages/airflow/example_dags/example_setup_teardown_taskflow.py
[2024-06-30T04:05:47.845+0000] {processor.py:830} INFO - Processing file /home/airflow/.local/lib/python3.12/site-packages/airflow/example_dags/example_setup_teardown_taskflow.py for tasks to queue
[2024-06-30T04:05:47.849+0000] {logging_mixin.py:188} INFO - [2024-06-30T04:05:47.849+0000] {dagbag.py:545} INFO - Filling up the DagBag from /home/airflow/.local/lib/python3.12/site-packages/airflow/example_dags/example_setup_teardown_taskflow.py
[2024-06-30T04:05:47.884+0000] {processor.py:840} INFO - DAG(s) 'example_setup_teardown_taskflow' retrieved from /home/airflow/.local/lib/python3.12/site-packages/airflow/example_dags/example_setup_teardown_taskflow.py
[2024-06-30T04:05:47.975+0000] {logging_mixin.py:188} INFO - [2024-06-30T04:05:47.969+0000] {dag.py:3096} INFO - Sync 1 DAGs
[2024-06-30T04:05:48.097+0000] {logging_mixin.py:188} INFO - [2024-06-30T04:05:48.097+0000] {dag.py:3954} INFO - Setting next_dagrun for example_setup_teardown_taskflow to 2024-06-29 00:00:00+00:00, run_after=2024-06-30 00:00:00+00:00
[2024-06-30T04:05:48.442+0000] {processor.py:183} INFO - Processing /home/airflow/.local/lib/python3.12/site-packages/airflow/example_dags/example_setup_teardown_taskflow.py took 0.614 seconds
[2024-06-30T04:06:19.408+0000] {processor.py:161} INFO - Started process (PID=1876) to work on /home/airflow/.local/lib/python3.12/site-packages/airflow/example_dags/example_setup_teardown_taskflow.py
[2024-06-30T04:06:19.415+0000] {processor.py:830} INFO - Processing file /home/airflow/.local/lib/python3.12/site-packages/airflow/example_dags/example_setup_teardown_taskflow.py for tasks to queue
[2024-06-30T04:06:19.431+0000] {logging_mixin.py:188} INFO - [2024-06-30T04:06:19.423+0000] {dagbag.py:545} INFO - Filling up the DagBag from /home/airflow/.local/lib/python3.12/site-packages/airflow/example_dags/example_setup_teardown_taskflow.py
[2024-06-30T04:06:19.478+0000] {processor.py:840} INFO - DAG(s) 'example_setup_teardown_taskflow' retrieved from /home/airflow/.local/lib/python3.12/site-packages/airflow/example_dags/example_setup_teardown_taskflow.py
[2024-06-30T04:06:19.555+0000] {logging_mixin.py:188} INFO - [2024-06-30T04:06:19.555+0000] {dag.py:3096} INFO - Sync 1 DAGs
[2024-06-30T04:06:19.903+0000] {logging_mixin.py:188} INFO - [2024-06-30T04:06:19.902+0000] {dag.py:3954} INFO - Setting next_dagrun for example_setup_teardown_taskflow to 2024-06-29 00:00:00+00:00, run_after=2024-06-30 00:00:00+00:00
[2024-06-30T04:06:20.013+0000] {processor.py:183} INFO - Processing /home/airflow/.local/lib/python3.12/site-packages/airflow/example_dags/example_setup_teardown_taskflow.py took 0.624 seconds
[2024-06-30T04:06:50.959+0000] {processor.py:161} INFO - Started process (PID=1937) to work on /home/airflow/.local/lib/python3.12/site-packages/airflow/example_dags/example_setup_teardown_taskflow.py
[2024-06-30T04:06:50.962+0000] {processor.py:830} INFO - Processing file /home/airflow/.local/lib/python3.12/site-packages/airflow/example_dags/example_setup_teardown_taskflow.py for tasks to queue
[2024-06-30T04:06:50.966+0000] {logging_mixin.py:188} INFO - [2024-06-30T04:06:50.966+0000] {dagbag.py:545} INFO - Filling up the DagBag from /home/airflow/.local/lib/python3.12/site-packages/airflow/example_dags/example_setup_teardown_taskflow.py
[2024-06-30T04:06:51.003+0000] {processor.py:840} INFO - DAG(s) 'example_setup_teardown_taskflow' retrieved from /home/airflow/.local/lib/python3.12/site-packages/airflow/example_dags/example_setup_teardown_taskflow.py
[2024-06-30T04:06:51.067+0000] {logging_mixin.py:188} INFO - [2024-06-30T04:06:51.066+0000] {dag.py:3096} INFO - Sync 1 DAGs
[2024-06-30T04:06:51.141+0000] {logging_mixin.py:188} INFO - [2024-06-30T04:06:51.140+0000] {dag.py:3954} INFO - Setting next_dagrun for example_setup_teardown_taskflow to 2024-06-29 00:00:00+00:00, run_after=2024-06-30 00:00:00+00:00
[2024-06-30T04:06:51.236+0000] {processor.py:183} INFO - Processing /home/airflow/.local/lib/python3.12/site-packages/airflow/example_dags/example_setup_teardown_taskflow.py took 0.287 seconds
[2024-06-30T04:07:22.098+0000] {processor.py:161} INFO - Started process (PID=1995) to work on /home/airflow/.local/lib/python3.12/site-packages/airflow/example_dags/example_setup_teardown_taskflow.py
[2024-06-30T04:07:22.101+0000] {processor.py:830} INFO - Processing file /home/airflow/.local/lib/python3.12/site-packages/airflow/example_dags/example_setup_teardown_taskflow.py for tasks to queue
[2024-06-30T04:07:22.105+0000] {logging_mixin.py:188} INFO - [2024-06-30T04:07:22.105+0000] {dagbag.py:545} INFO - Filling up the DagBag from /home/airflow/.local/lib/python3.12/site-packages/airflow/example_dags/example_setup_teardown_taskflow.py
[2024-06-30T04:07:22.133+0000] {processor.py:840} INFO - DAG(s) 'example_setup_teardown_taskflow' retrieved from /home/airflow/.local/lib/python3.12/site-packages/airflow/example_dags/example_setup_teardown_taskflow.py
[2024-06-30T04:07:22.262+0000] {logging_mixin.py:188} INFO - [2024-06-30T04:07:22.262+0000] {dag.py:3096} INFO - Sync 1 DAGs
[2024-06-30T04:07:22.355+0000] {logging_mixin.py:188} INFO - [2024-06-30T04:07:22.354+0000] {dag.py:3954} INFO - Setting next_dagrun for example_setup_teardown_taskflow to 2024-06-29 00:00:00+00:00, run_after=2024-06-30 00:00:00+00:00
[2024-06-30T04:07:22.456+0000] {processor.py:183} INFO - Processing /home/airflow/.local/lib/python3.12/site-packages/airflow/example_dags/example_setup_teardown_taskflow.py took 0.374 seconds
[2024-06-30T04:07:52.880+0000] {processor.py:161} INFO - Started process (PID=2053) to work on /home/airflow/.local/lib/python3.12/site-packages/airflow/example_dags/example_setup_teardown_taskflow.py
[2024-06-30T04:07:52.886+0000] {processor.py:830} INFO - Processing file /home/airflow/.local/lib/python3.12/site-packages/airflow/example_dags/example_setup_teardown_taskflow.py for tasks to queue
[2024-06-30T04:07:52.893+0000] {logging_mixin.py:188} INFO - [2024-06-30T04:07:52.892+0000] {dagbag.py:545} INFO - Filling up the DagBag from /home/airflow/.local/lib/python3.12/site-packages/airflow/example_dags/example_setup_teardown_taskflow.py
[2024-06-30T04:07:52.944+0000] {processor.py:840} INFO - DAG(s) 'example_setup_teardown_taskflow' retrieved from /home/airflow/.local/lib/python3.12/site-packages/airflow/example_dags/example_setup_teardown_taskflow.py
[2024-06-30T04:07:53.055+0000] {logging_mixin.py:188} INFO - [2024-06-30T04:07:53.053+0000] {dag.py:3096} INFO - Sync 1 DAGs
[2024-06-30T04:07:53.147+0000] {logging_mixin.py:188} INFO - [2024-06-30T04:07:53.146+0000] {dag.py:3954} INFO - Setting next_dagrun for example_setup_teardown_taskflow to 2024-06-29 00:00:00+00:00, run_after=2024-06-30 00:00:00+00:00
[2024-06-30T04:07:53.229+0000] {processor.py:183} INFO - Processing /home/airflow/.local/lib/python3.12/site-packages/airflow/example_dags/example_setup_teardown_taskflow.py took 0.366 seconds
[2024-06-30T04:08:23.604+0000] {processor.py:161} INFO - Started process (PID=2111) to work on /home/airflow/.local/lib/python3.12/site-packages/airflow/example_dags/example_setup_teardown_taskflow.py
[2024-06-30T04:08:23.621+0000] {processor.py:830} INFO - Processing file /home/airflow/.local/lib/python3.12/site-packages/airflow/example_dags/example_setup_teardown_taskflow.py for tasks to queue
[2024-06-30T04:08:23.629+0000] {logging_mixin.py:188} INFO - [2024-06-30T04:08:23.628+0000] {dagbag.py:545} INFO - Filling up the DagBag from /home/airflow/.local/lib/python3.12/site-packages/airflow/example_dags/example_setup_teardown_taskflow.py
[2024-06-30T04:08:23.661+0000] {processor.py:840} INFO - DAG(s) 'example_setup_teardown_taskflow' retrieved from /home/airflow/.local/lib/python3.12/site-packages/airflow/example_dags/example_setup_teardown_taskflow.py
[2024-06-30T04:08:23.715+0000] {logging_mixin.py:188} INFO - [2024-06-30T04:08:23.715+0000] {dag.py:3096} INFO - Sync 1 DAGs
[2024-06-30T04:08:23.769+0000] {logging_mixin.py:188} INFO - [2024-06-30T04:08:23.768+0000] {dag.py:3954} INFO - Setting next_dagrun for example_setup_teardown_taskflow to 2024-06-29 00:00:00+00:00, run_after=2024-06-30 00:00:00+00:00
[2024-06-30T04:08:23.802+0000] {processor.py:183} INFO - Processing /home/airflow/.local/lib/python3.12/site-packages/airflow/example_dags/example_setup_teardown_taskflow.py took 0.220 seconds
[2024-06-30T04:08:54.173+0000] {processor.py:161} INFO - Started process (PID=2169) to work on /home/airflow/.local/lib/python3.12/site-packages/airflow/example_dags/example_setup_teardown_taskflow.py
[2024-06-30T04:08:54.175+0000] {processor.py:830} INFO - Processing file /home/airflow/.local/lib/python3.12/site-packages/airflow/example_dags/example_setup_teardown_taskflow.py for tasks to queue
[2024-06-30T04:08:54.179+0000] {logging_mixin.py:188} INFO - [2024-06-30T04:08:54.178+0000] {dagbag.py:545} INFO - Filling up the DagBag from /home/airflow/.local/lib/python3.12/site-packages/airflow/example_dags/example_setup_teardown_taskflow.py
[2024-06-30T04:08:54.212+0000] {processor.py:840} INFO - DAG(s) 'example_setup_teardown_taskflow' retrieved from /home/airflow/.local/lib/python3.12/site-packages/airflow/example_dags/example_setup_teardown_taskflow.py
[2024-06-30T04:08:54.400+0000] {logging_mixin.py:188} INFO - [2024-06-30T04:08:54.399+0000] {dag.py:3096} INFO - Sync 1 DAGs
[2024-06-30T04:08:54.533+0000] {logging_mixin.py:188} INFO - [2024-06-30T04:08:54.533+0000] {dag.py:3954} INFO - Setting next_dagrun for example_setup_teardown_taskflow to 2024-06-29 00:00:00+00:00, run_after=2024-06-30 00:00:00+00:00
[2024-06-30T04:08:54.678+0000] {processor.py:183} INFO - Processing /home/airflow/.local/lib/python3.12/site-packages/airflow/example_dags/example_setup_teardown_taskflow.py took 0.524 seconds
[2024-06-30T04:09:28.580+0000] {processor.py:161} INFO - Started process (PID=2227) to work on /home/airflow/.local/lib/python3.12/site-packages/airflow/example_dags/example_setup_teardown_taskflow.py
[2024-06-30T04:09:28.596+0000] {processor.py:830} INFO - Processing file /home/airflow/.local/lib/python3.12/site-packages/airflow/example_dags/example_setup_teardown_taskflow.py for tasks to queue
[2024-06-30T04:09:28.618+0000] {logging_mixin.py:188} INFO - [2024-06-30T04:09:28.617+0000] {dagbag.py:545} INFO - Filling up the DagBag from /home/airflow/.local/lib/python3.12/site-packages/airflow/example_dags/example_setup_teardown_taskflow.py
[2024-06-30T04:09:28.682+0000] {processor.py:840} INFO - DAG(s) 'example_setup_teardown_taskflow' retrieved from /home/airflow/.local/lib/python3.12/site-packages/airflow/example_dags/example_setup_teardown_taskflow.py
[2024-06-30T04:09:28.831+0000] {logging_mixin.py:188} INFO - [2024-06-30T04:09:28.831+0000] {dag.py:3096} INFO - Sync 1 DAGs
[2024-06-30T04:09:29.006+0000] {logging_mixin.py:188} INFO - [2024-06-30T04:09:29.006+0000] {dag.py:3954} INFO - Setting next_dagrun for example_setup_teardown_taskflow to 2024-06-29 00:00:00+00:00, run_after=2024-06-30 00:00:00+00:00
[2024-06-30T04:09:29.153+0000] {processor.py:183} INFO - Processing /home/airflow/.local/lib/python3.12/site-packages/airflow/example_dags/example_setup_teardown_taskflow.py took 0.600 seconds
[2024-06-30T04:09:59.273+0000] {processor.py:161} INFO - Started process (PID=2284) to work on /home/airflow/.local/lib/python3.12/site-packages/airflow/example_dags/example_setup_teardown_taskflow.py
[2024-06-30T04:09:59.275+0000] {processor.py:830} INFO - Processing file /home/airflow/.local/lib/python3.12/site-packages/airflow/example_dags/example_setup_teardown_taskflow.py for tasks to queue
[2024-06-30T04:09:59.277+0000] {logging_mixin.py:188} INFO - [2024-06-30T04:09:59.277+0000] {dagbag.py:545} INFO - Filling up the DagBag from /home/airflow/.local/lib/python3.12/site-packages/airflow/example_dags/example_setup_teardown_taskflow.py
[2024-06-30T04:09:59.293+0000] {processor.py:840} INFO - DAG(s) 'example_setup_teardown_taskflow' retrieved from /home/airflow/.local/lib/python3.12/site-packages/airflow/example_dags/example_setup_teardown_taskflow.py
[2024-06-30T04:09:59.332+0000] {logging_mixin.py:188} INFO - [2024-06-30T04:09:59.332+0000] {dag.py:3096} INFO - Sync 1 DAGs
[2024-06-30T04:09:59.370+0000] {logging_mixin.py:188} INFO - [2024-06-30T04:09:59.370+0000] {dag.py:3954} INFO - Setting next_dagrun for example_setup_teardown_taskflow to 2024-06-29 00:00:00+00:00, run_after=2024-06-30 00:00:00+00:00
[2024-06-30T04:09:59.403+0000] {processor.py:183} INFO - Processing /home/airflow/.local/lib/python3.12/site-packages/airflow/example_dags/example_setup_teardown_taskflow.py took 0.138 seconds
[2024-06-30T04:10:30.068+0000] {processor.py:161} INFO - Started process (PID=2342) to work on /home/airflow/.local/lib/python3.12/site-packages/airflow/example_dags/example_setup_teardown_taskflow.py
[2024-06-30T04:10:30.074+0000] {processor.py:830} INFO - Processing file /home/airflow/.local/lib/python3.12/site-packages/airflow/example_dags/example_setup_teardown_taskflow.py for tasks to queue
[2024-06-30T04:10:30.079+0000] {logging_mixin.py:188} INFO - [2024-06-30T04:10:30.079+0000] {dagbag.py:545} INFO - Filling up the DagBag from /home/airflow/.local/lib/python3.12/site-packages/airflow/example_dags/example_setup_teardown_taskflow.py
[2024-06-30T04:10:30.107+0000] {processor.py:840} INFO - DAG(s) 'example_setup_teardown_taskflow' retrieved from /home/airflow/.local/lib/python3.12/site-packages/airflow/example_dags/example_setup_teardown_taskflow.py
[2024-06-30T04:10:30.155+0000] {logging_mixin.py:188} INFO - [2024-06-30T04:10:30.154+0000] {dag.py:3096} INFO - Sync 1 DAGs
[2024-06-30T04:10:30.203+0000] {logging_mixin.py:188} INFO - [2024-06-30T04:10:30.202+0000] {dag.py:3954} INFO - Setting next_dagrun for example_setup_teardown_taskflow to 2024-06-29 00:00:00+00:00, run_after=2024-06-30 00:00:00+00:00
[2024-06-30T04:10:30.264+0000] {processor.py:183} INFO - Processing /home/airflow/.local/lib/python3.12/site-packages/airflow/example_dags/example_setup_teardown_taskflow.py took 0.211 seconds
[2024-06-30T04:11:00.924+0000] {processor.py:161} INFO - Started process (PID=2400) to work on /home/airflow/.local/lib/python3.12/site-packages/airflow/example_dags/example_setup_teardown_taskflow.py
[2024-06-30T04:11:00.927+0000] {processor.py:830} INFO - Processing file /home/airflow/.local/lib/python3.12/site-packages/airflow/example_dags/example_setup_teardown_taskflow.py for tasks to queue
[2024-06-30T04:11:00.936+0000] {logging_mixin.py:188} INFO - [2024-06-30T04:11:00.936+0000] {dagbag.py:545} INFO - Filling up the DagBag from /home/airflow/.local/lib/python3.12/site-packages/airflow/example_dags/example_setup_teardown_taskflow.py
[2024-06-30T04:11:00.968+0000] {processor.py:840} INFO - DAG(s) 'example_setup_teardown_taskflow' retrieved from /home/airflow/.local/lib/python3.12/site-packages/airflow/example_dags/example_setup_teardown_taskflow.py
[2024-06-30T04:11:01.060+0000] {logging_mixin.py:188} INFO - [2024-06-30T04:11:01.059+0000] {dag.py:3096} INFO - Sync 1 DAGs
[2024-06-30T04:11:01.219+0000] {logging_mixin.py:188} INFO - [2024-06-30T04:11:01.219+0000] {dag.py:3954} INFO - Setting next_dagrun for example_setup_teardown_taskflow to 2024-06-29 00:00:00+00:00, run_after=2024-06-30 00:00:00+00:00
[2024-06-30T04:11:01.307+0000] {processor.py:183} INFO - Processing /home/airflow/.local/lib/python3.12/site-packages/airflow/example_dags/example_setup_teardown_taskflow.py took 0.405 seconds
[2024-06-30T04:11:31.568+0000] {processor.py:161} INFO - Started process (PID=2458) to work on /home/airflow/.local/lib/python3.12/site-packages/airflow/example_dags/example_setup_teardown_taskflow.py
[2024-06-30T04:11:31.570+0000] {processor.py:830} INFO - Processing file /home/airflow/.local/lib/python3.12/site-packages/airflow/example_dags/example_setup_teardown_taskflow.py for tasks to queue
[2024-06-30T04:11:31.574+0000] {logging_mixin.py:188} INFO - [2024-06-30T04:11:31.574+0000] {dagbag.py:545} INFO - Filling up the DagBag from /home/airflow/.local/lib/python3.12/site-packages/airflow/example_dags/example_setup_teardown_taskflow.py
[2024-06-30T04:11:31.593+0000] {processor.py:840} INFO - DAG(s) 'example_setup_teardown_taskflow' retrieved from /home/airflow/.local/lib/python3.12/site-packages/airflow/example_dags/example_setup_teardown_taskflow.py
[2024-06-30T04:11:31.640+0000] {logging_mixin.py:188} INFO - [2024-06-30T04:11:31.640+0000] {dag.py:3096} INFO - Sync 1 DAGs
[2024-06-30T04:11:31.688+0000] {logging_mixin.py:188} INFO - [2024-06-30T04:11:31.688+0000] {dag.py:3954} INFO - Setting next_dagrun for example_setup_teardown_taskflow to 2024-06-29 00:00:00+00:00, run_after=2024-06-30 00:00:00+00:00
[2024-06-30T04:11:31.732+0000] {processor.py:183} INFO - Processing /home/airflow/.local/lib/python3.12/site-packages/airflow/example_dags/example_setup_teardown_taskflow.py took 0.175 seconds
[2024-06-30T04:12:02.435+0000] {processor.py:161} INFO - Started process (PID=2514) to work on /home/airflow/.local/lib/python3.12/site-packages/airflow/example_dags/example_setup_teardown_taskflow.py
[2024-06-30T04:12:02.438+0000] {processor.py:830} INFO - Processing file /home/airflow/.local/lib/python3.12/site-packages/airflow/example_dags/example_setup_teardown_taskflow.py for tasks to queue
[2024-06-30T04:12:02.441+0000] {logging_mixin.py:188} INFO - [2024-06-30T04:12:02.440+0000] {dagbag.py:545} INFO - Filling up the DagBag from /home/airflow/.local/lib/python3.12/site-packages/airflow/example_dags/example_setup_teardown_taskflow.py
[2024-06-30T04:12:02.465+0000] {processor.py:840} INFO - DAG(s) 'example_setup_teardown_taskflow' retrieved from /home/airflow/.local/lib/python3.12/site-packages/airflow/example_dags/example_setup_teardown_taskflow.py
[2024-06-30T04:12:02.507+0000] {logging_mixin.py:188} INFO - [2024-06-30T04:12:02.507+0000] {dag.py:3096} INFO - Sync 1 DAGs
[2024-06-30T04:12:02.549+0000] {logging_mixin.py:188} INFO - [2024-06-30T04:12:02.549+0000] {dag.py:3954} INFO - Setting next_dagrun for example_setup_teardown_taskflow to 2024-06-29 00:00:00+00:00, run_after=2024-06-30 00:00:00+00:00
[2024-06-30T04:12:02.586+0000] {processor.py:183} INFO - Processing /home/airflow/.local/lib/python3.12/site-packages/airflow/example_dags/example_setup_teardown_taskflow.py took 0.164 seconds
[2024-06-30T04:12:32.812+0000] {processor.py:161} INFO - Started process (PID=2572) to work on /home/airflow/.local/lib/python3.12/site-packages/airflow/example_dags/example_setup_teardown_taskflow.py
[2024-06-30T04:12:32.814+0000] {processor.py:830} INFO - Processing file /home/airflow/.local/lib/python3.12/site-packages/airflow/example_dags/example_setup_teardown_taskflow.py for tasks to queue
[2024-06-30T04:12:32.818+0000] {logging_mixin.py:188} INFO - [2024-06-30T04:12:32.817+0000] {dagbag.py:545} INFO - Filling up the DagBag from /home/airflow/.local/lib/python3.12/site-packages/airflow/example_dags/example_setup_teardown_taskflow.py
[2024-06-30T04:12:32.836+0000] {processor.py:840} INFO - DAG(s) 'example_setup_teardown_taskflow' retrieved from /home/airflow/.local/lib/python3.12/site-packages/airflow/example_dags/example_setup_teardown_taskflow.py
[2024-06-30T04:12:32.876+0000] {logging_mixin.py:188} INFO - [2024-06-30T04:12:32.876+0000] {dag.py:3096} INFO - Sync 1 DAGs
[2024-06-30T04:12:32.920+0000] {logging_mixin.py:188} INFO - [2024-06-30T04:12:32.919+0000] {dag.py:3954} INFO - Setting next_dagrun for example_setup_teardown_taskflow to 2024-06-29 00:00:00+00:00, run_after=2024-06-30 00:00:00+00:00
[2024-06-30T04:12:32.963+0000] {processor.py:183} INFO - Processing /home/airflow/.local/lib/python3.12/site-packages/airflow/example_dags/example_setup_teardown_taskflow.py took 0.160 seconds
[2024-06-30T04:13:03.762+0000] {processor.py:161} INFO - Started process (PID=2630) to work on /home/airflow/.local/lib/python3.12/site-packages/airflow/example_dags/example_setup_teardown_taskflow.py
[2024-06-30T04:13:03.763+0000] {processor.py:830} INFO - Processing file /home/airflow/.local/lib/python3.12/site-packages/airflow/example_dags/example_setup_teardown_taskflow.py for tasks to queue
[2024-06-30T04:13:03.766+0000] {logging_mixin.py:188} INFO - [2024-06-30T04:13:03.765+0000] {dagbag.py:545} INFO - Filling up the DagBag from /home/airflow/.local/lib/python3.12/site-packages/airflow/example_dags/example_setup_teardown_taskflow.py
[2024-06-30T04:13:03.783+0000] {processor.py:840} INFO - DAG(s) 'example_setup_teardown_taskflow' retrieved from /home/airflow/.local/lib/python3.12/site-packages/airflow/example_dags/example_setup_teardown_taskflow.py
[2024-06-30T04:13:03.826+0000] {logging_mixin.py:188} INFO - [2024-06-30T04:13:03.826+0000] {dag.py:3096} INFO - Sync 1 DAGs
[2024-06-30T04:13:03.866+0000] {logging_mixin.py:188} INFO - [2024-06-30T04:13:03.865+0000] {dag.py:3954} INFO - Setting next_dagrun for example_setup_teardown_taskflow to 2024-06-29 00:00:00+00:00, run_after=2024-06-30 00:00:00+00:00
[2024-06-30T04:13:03.904+0000] {processor.py:183} INFO - Processing /home/airflow/.local/lib/python3.12/site-packages/airflow/example_dags/example_setup_teardown_taskflow.py took 0.151 seconds
[2024-06-30T04:13:34.222+0000] {processor.py:161} INFO - Started process (PID=2688) to work on /home/airflow/.local/lib/python3.12/site-packages/airflow/example_dags/example_setup_teardown_taskflow.py
[2024-06-30T04:13:34.224+0000] {processor.py:830} INFO - Processing file /home/airflow/.local/lib/python3.12/site-packages/airflow/example_dags/example_setup_teardown_taskflow.py for tasks to queue
[2024-06-30T04:13:34.227+0000] {logging_mixin.py:188} INFO - [2024-06-30T04:13:34.227+0000] {dagbag.py:545} INFO - Filling up the DagBag from /home/airflow/.local/lib/python3.12/site-packages/airflow/example_dags/example_setup_teardown_taskflow.py
[2024-06-30T04:13:34.247+0000] {processor.py:840} INFO - DAG(s) 'example_setup_teardown_taskflow' retrieved from /home/airflow/.local/lib/python3.12/site-packages/airflow/example_dags/example_setup_teardown_taskflow.py
[2024-06-30T04:13:34.301+0000] {logging_mixin.py:188} INFO - [2024-06-30T04:13:34.301+0000] {dag.py:3096} INFO - Sync 1 DAGs
[2024-06-30T04:13:34.345+0000] {logging_mixin.py:188} INFO - [2024-06-30T04:13:34.345+0000] {dag.py:3954} INFO - Setting next_dagrun for example_setup_teardown_taskflow to 2024-06-29 00:00:00+00:00, run_after=2024-06-30 00:00:00+00:00
[2024-06-30T04:13:34.383+0000] {processor.py:183} INFO - Processing /home/airflow/.local/lib/python3.12/site-packages/airflow/example_dags/example_setup_teardown_taskflow.py took 0.175 seconds
[2024-06-30T04:14:04.548+0000] {processor.py:161} INFO - Started process (PID=2748) to work on /home/airflow/.local/lib/python3.12/site-packages/airflow/example_dags/example_setup_teardown_taskflow.py
[2024-06-30T04:14:04.549+0000] {processor.py:830} INFO - Processing file /home/airflow/.local/lib/python3.12/site-packages/airflow/example_dags/example_setup_teardown_taskflow.py for tasks to queue
[2024-06-30T04:14:04.553+0000] {logging_mixin.py:188} INFO - [2024-06-30T04:14:04.552+0000] {dagbag.py:545} INFO - Filling up the DagBag from /home/airflow/.local/lib/python3.12/site-packages/airflow/example_dags/example_setup_teardown_taskflow.py
[2024-06-30T04:14:04.577+0000] {processor.py:840} INFO - DAG(s) 'example_setup_teardown_taskflow' retrieved from /home/airflow/.local/lib/python3.12/site-packages/airflow/example_dags/example_setup_teardown_taskflow.py
[2024-06-30T04:14:04.628+0000] {logging_mixin.py:188} INFO - [2024-06-30T04:14:04.627+0000] {dag.py:3096} INFO - Sync 1 DAGs
[2024-06-30T04:14:04.715+0000] {logging_mixin.py:188} INFO - [2024-06-30T04:14:04.714+0000] {dag.py:3954} INFO - Setting next_dagrun for example_setup_teardown_taskflow to 2024-06-29 00:00:00+00:00, run_after=2024-06-30 00:00:00+00:00
[2024-06-30T04:14:04.790+0000] {processor.py:183} INFO - Processing /home/airflow/.local/lib/python3.12/site-packages/airflow/example_dags/example_setup_teardown_taskflow.py took 0.251 seconds
[2024-06-30T04:14:35.426+0000] {processor.py:161} INFO - Started process (PID=2806) to work on /home/airflow/.local/lib/python3.12/site-packages/airflow/example_dags/example_setup_teardown_taskflow.py
[2024-06-30T04:14:35.429+0000] {processor.py:830} INFO - Processing file /home/airflow/.local/lib/python3.12/site-packages/airflow/example_dags/example_setup_teardown_taskflow.py for tasks to queue
[2024-06-30T04:14:35.433+0000] {logging_mixin.py:188} INFO - [2024-06-30T04:14:35.433+0000] {dagbag.py:545} INFO - Filling up the DagBag from /home/airflow/.local/lib/python3.12/site-packages/airflow/example_dags/example_setup_teardown_taskflow.py
[2024-06-30T04:14:35.454+0000] {processor.py:840} INFO - DAG(s) 'example_setup_teardown_taskflow' retrieved from /home/airflow/.local/lib/python3.12/site-packages/airflow/example_dags/example_setup_teardown_taskflow.py
[2024-06-30T04:14:35.514+0000] {logging_mixin.py:188} INFO - [2024-06-30T04:14:35.514+0000] {dag.py:3096} INFO - Sync 1 DAGs
[2024-06-30T04:14:35.562+0000] {logging_mixin.py:188} INFO - [2024-06-30T04:14:35.562+0000] {dag.py:3954} INFO - Setting next_dagrun for example_setup_teardown_taskflow to 2024-06-29 00:00:00+00:00, run_after=2024-06-30 00:00:00+00:00
[2024-06-30T04:14:35.640+0000] {processor.py:183} INFO - Processing /home/airflow/.local/lib/python3.12/site-packages/airflow/example_dags/example_setup_teardown_taskflow.py took 0.223 seconds
[2024-06-30T04:15:06.397+0000] {processor.py:161} INFO - Started process (PID=2864) to work on /home/airflow/.local/lib/python3.12/site-packages/airflow/example_dags/example_setup_teardown_taskflow.py
[2024-06-30T04:15:06.399+0000] {processor.py:830} INFO - Processing file /home/airflow/.local/lib/python3.12/site-packages/airflow/example_dags/example_setup_teardown_taskflow.py for tasks to queue
[2024-06-30T04:15:06.401+0000] {logging_mixin.py:188} INFO - [2024-06-30T04:15:06.401+0000] {dagbag.py:545} INFO - Filling up the DagBag from /home/airflow/.local/lib/python3.12/site-packages/airflow/example_dags/example_setup_teardown_taskflow.py
[2024-06-30T04:15:06.419+0000] {processor.py:840} INFO - DAG(s) 'example_setup_teardown_taskflow' retrieved from /home/airflow/.local/lib/python3.12/site-packages/airflow/example_dags/example_setup_teardown_taskflow.py
[2024-06-30T04:15:06.466+0000] {logging_mixin.py:188} INFO - [2024-06-30T04:15:06.465+0000] {dag.py:3096} INFO - Sync 1 DAGs
[2024-06-30T04:15:06.564+0000] {logging_mixin.py:188} INFO - [2024-06-30T04:15:06.564+0000] {dag.py:3954} INFO - Setting next_dagrun for example_setup_teardown_taskflow to 2024-06-29 00:00:00+00:00, run_after=2024-06-30 00:00:00+00:00
[2024-06-30T04:15:06.637+0000] {processor.py:183} INFO - Processing /home/airflow/.local/lib/python3.12/site-packages/airflow/example_dags/example_setup_teardown_taskflow.py took 0.253 seconds
[2024-06-30T04:15:36.814+0000] {processor.py:161} INFO - Started process (PID=2922) to work on /home/airflow/.local/lib/python3.12/site-packages/airflow/example_dags/example_setup_teardown_taskflow.py
[2024-06-30T04:15:36.816+0000] {processor.py:830} INFO - Processing file /home/airflow/.local/lib/python3.12/site-packages/airflow/example_dags/example_setup_teardown_taskflow.py for tasks to queue
[2024-06-30T04:15:36.819+0000] {logging_mixin.py:188} INFO - [2024-06-30T04:15:36.819+0000] {dagbag.py:545} INFO - Filling up the DagBag from /home/airflow/.local/lib/python3.12/site-packages/airflow/example_dags/example_setup_teardown_taskflow.py
[2024-06-30T04:15:36.839+0000] {processor.py:840} INFO - DAG(s) 'example_setup_teardown_taskflow' retrieved from /home/airflow/.local/lib/python3.12/site-packages/airflow/example_dags/example_setup_teardown_taskflow.py
[2024-06-30T04:15:36.885+0000] {logging_mixin.py:188} INFO - [2024-06-30T04:15:36.884+0000] {dag.py:3096} INFO - Sync 1 DAGs
[2024-06-30T04:15:36.925+0000] {logging_mixin.py:188} INFO - [2024-06-30T04:15:36.925+0000] {dag.py:3954} INFO - Setting next_dagrun for example_setup_teardown_taskflow to 2024-06-29 00:00:00+00:00, run_after=2024-06-30 00:00:00+00:00
[2024-06-30T04:15:36.961+0000] {processor.py:183} INFO - Processing /home/airflow/.local/lib/python3.12/site-packages/airflow/example_dags/example_setup_teardown_taskflow.py took 0.158 seconds
[2024-06-30T04:16:07.175+0000] {processor.py:161} INFO - Started process (PID=2980) to work on /home/airflow/.local/lib/python3.12/site-packages/airflow/example_dags/example_setup_teardown_taskflow.py
[2024-06-30T04:16:07.177+0000] {processor.py:830} INFO - Processing file /home/airflow/.local/lib/python3.12/site-packages/airflow/example_dags/example_setup_teardown_taskflow.py for tasks to queue
[2024-06-30T04:16:07.181+0000] {logging_mixin.py:188} INFO - [2024-06-30T04:16:07.181+0000] {dagbag.py:545} INFO - Filling up the DagBag from /home/airflow/.local/lib/python3.12/site-packages/airflow/example_dags/example_setup_teardown_taskflow.py
[2024-06-30T04:16:07.204+0000] {processor.py:840} INFO - DAG(s) 'example_setup_teardown_taskflow' retrieved from /home/airflow/.local/lib/python3.12/site-packages/airflow/example_dags/example_setup_teardown_taskflow.py
[2024-06-30T04:16:07.254+0000] {logging_mixin.py:188} INFO - [2024-06-30T04:16:07.253+0000] {dag.py:3096} INFO - Sync 1 DAGs
[2024-06-30T04:16:07.302+0000] {logging_mixin.py:188} INFO - [2024-06-30T04:16:07.302+0000] {dag.py:3954} INFO - Setting next_dagrun for example_setup_teardown_taskflow to 2024-06-29 00:00:00+00:00, run_after=2024-06-30 00:00:00+00:00
[2024-06-30T04:16:07.380+0000] {processor.py:183} INFO - Processing /home/airflow/.local/lib/python3.12/site-packages/airflow/example_dags/example_setup_teardown_taskflow.py took 0.219 seconds
[2024-06-30T04:16:37.621+0000] {processor.py:161} INFO - Started process (PID=3038) to work on /home/airflow/.local/lib/python3.12/site-packages/airflow/example_dags/example_setup_teardown_taskflow.py
[2024-06-30T04:16:37.623+0000] {processor.py:830} INFO - Processing file /home/airflow/.local/lib/python3.12/site-packages/airflow/example_dags/example_setup_teardown_taskflow.py for tasks to queue
[2024-06-30T04:16:37.626+0000] {logging_mixin.py:188} INFO - [2024-06-30T04:16:37.626+0000] {dagbag.py:545} INFO - Filling up the DagBag from /home/airflow/.local/lib/python3.12/site-packages/airflow/example_dags/example_setup_teardown_taskflow.py
[2024-06-30T04:16:37.647+0000] {processor.py:840} INFO - DAG(s) 'example_setup_teardown_taskflow' retrieved from /home/airflow/.local/lib/python3.12/site-packages/airflow/example_dags/example_setup_teardown_taskflow.py
[2024-06-30T04:16:37.687+0000] {logging_mixin.py:188} INFO - [2024-06-30T04:16:37.686+0000] {dag.py:3096} INFO - Sync 1 DAGs
[2024-06-30T04:16:37.747+0000] {logging_mixin.py:188} INFO - [2024-06-30T04:16:37.747+0000] {dag.py:3954} INFO - Setting next_dagrun for example_setup_teardown_taskflow to 2024-06-29 00:00:00+00:00, run_after=2024-06-30 00:00:00+00:00
[2024-06-30T04:16:37.840+0000] {processor.py:183} INFO - Processing /home/airflow/.local/lib/python3.12/site-packages/airflow/example_dags/example_setup_teardown_taskflow.py took 0.230 seconds
[2024-06-30T04:17:08.058+0000] {processor.py:161} INFO - Started process (PID=3096) to work on /home/airflow/.local/lib/python3.12/site-packages/airflow/example_dags/example_setup_teardown_taskflow.py
[2024-06-30T04:17:08.060+0000] {processor.py:830} INFO - Processing file /home/airflow/.local/lib/python3.12/site-packages/airflow/example_dags/example_setup_teardown_taskflow.py for tasks to queue
[2024-06-30T04:17:08.068+0000] {logging_mixin.py:188} INFO - [2024-06-30T04:17:08.066+0000] {dagbag.py:545} INFO - Filling up the DagBag from /home/airflow/.local/lib/python3.12/site-packages/airflow/example_dags/example_setup_teardown_taskflow.py
[2024-06-30T04:17:08.131+0000] {processor.py:840} INFO - DAG(s) 'example_setup_teardown_taskflow' retrieved from /home/airflow/.local/lib/python3.12/site-packages/airflow/example_dags/example_setup_teardown_taskflow.py
[2024-06-30T04:17:08.200+0000] {logging_mixin.py:188} INFO - [2024-06-30T04:17:08.199+0000] {dag.py:3096} INFO - Sync 1 DAGs
[2024-06-30T04:17:08.260+0000] {logging_mixin.py:188} INFO - [2024-06-30T04:17:08.259+0000] {dag.py:3954} INFO - Setting next_dagrun for example_setup_teardown_taskflow to 2024-06-29 00:00:00+00:00, run_after=2024-06-30 00:00:00+00:00
[2024-06-30T04:17:08.326+0000] {processor.py:183} INFO - Processing /home/airflow/.local/lib/python3.12/site-packages/airflow/example_dags/example_setup_teardown_taskflow.py took 0.288 seconds
[2024-06-30T04:17:38.476+0000] {processor.py:161} INFO - Started process (PID=3160) to work on /home/airflow/.local/lib/python3.12/site-packages/airflow/example_dags/example_setup_teardown_taskflow.py
[2024-06-30T04:17:38.482+0000] {processor.py:830} INFO - Processing file /home/airflow/.local/lib/python3.12/site-packages/airflow/example_dags/example_setup_teardown_taskflow.py for tasks to queue
[2024-06-30T04:17:38.485+0000] {logging_mixin.py:188} INFO - [2024-06-30T04:17:38.484+0000] {dagbag.py:545} INFO - Filling up the DagBag from /home/airflow/.local/lib/python3.12/site-packages/airflow/example_dags/example_setup_teardown_taskflow.py
[2024-06-30T04:17:38.515+0000] {processor.py:840} INFO - DAG(s) 'example_setup_teardown_taskflow' retrieved from /home/airflow/.local/lib/python3.12/site-packages/airflow/example_dags/example_setup_teardown_taskflow.py
[2024-06-30T04:17:38.614+0000] {logging_mixin.py:188} INFO - [2024-06-30T04:17:38.612+0000] {dag.py:3096} INFO - Sync 1 DAGs
[2024-06-30T04:17:38.718+0000] {logging_mixin.py:188} INFO - [2024-06-30T04:17:38.717+0000] {dag.py:3954} INFO - Setting next_dagrun for example_setup_teardown_taskflow to 2024-06-29 00:00:00+00:00, run_after=2024-06-30 00:00:00+00:00
[2024-06-30T04:17:38.810+0000] {processor.py:183} INFO - Processing /home/airflow/.local/lib/python3.12/site-packages/airflow/example_dags/example_setup_teardown_taskflow.py took 0.355 seconds
[2024-06-30T04:18:09.509+0000] {processor.py:161} INFO - Started process (PID=3211) to work on /home/airflow/.local/lib/python3.12/site-packages/airflow/example_dags/example_setup_teardown_taskflow.py
[2024-06-30T04:18:09.511+0000] {processor.py:830} INFO - Processing file /home/airflow/.local/lib/python3.12/site-packages/airflow/example_dags/example_setup_teardown_taskflow.py for tasks to queue
[2024-06-30T04:18:09.525+0000] {logging_mixin.py:188} INFO - [2024-06-30T04:18:09.514+0000] {dagbag.py:545} INFO - Filling up the DagBag from /home/airflow/.local/lib/python3.12/site-packages/airflow/example_dags/example_setup_teardown_taskflow.py
[2024-06-30T04:18:09.578+0000] {processor.py:840} INFO - DAG(s) 'example_setup_teardown_taskflow' retrieved from /home/airflow/.local/lib/python3.12/site-packages/airflow/example_dags/example_setup_teardown_taskflow.py
[2024-06-30T04:18:09.716+0000] {logging_mixin.py:188} INFO - [2024-06-30T04:18:09.715+0000] {dag.py:3096} INFO - Sync 1 DAGs
[2024-06-30T04:18:09.882+0000] {logging_mixin.py:188} INFO - [2024-06-30T04:18:09.881+0000] {dag.py:3954} INFO - Setting next_dagrun for example_setup_teardown_taskflow to 2024-06-29 00:00:00+00:00, run_after=2024-06-30 00:00:00+00:00
[2024-06-30T04:18:09.995+0000] {processor.py:183} INFO - Processing /home/airflow/.local/lib/python3.12/site-packages/airflow/example_dags/example_setup_teardown_taskflow.py took 0.525 seconds
[2024-06-30T04:18:40.228+0000] {processor.py:161} INFO - Started process (PID=3266) to work on /home/airflow/.local/lib/python3.12/site-packages/airflow/example_dags/example_setup_teardown_taskflow.py
[2024-06-30T04:18:40.231+0000] {processor.py:830} INFO - Processing file /home/airflow/.local/lib/python3.12/site-packages/airflow/example_dags/example_setup_teardown_taskflow.py for tasks to queue
[2024-06-30T04:18:40.242+0000] {logging_mixin.py:188} INFO - [2024-06-30T04:18:40.241+0000] {dagbag.py:545} INFO - Filling up the DagBag from /home/airflow/.local/lib/python3.12/site-packages/airflow/example_dags/example_setup_teardown_taskflow.py
[2024-06-30T04:18:40.267+0000] {processor.py:840} INFO - DAG(s) 'example_setup_teardown_taskflow' retrieved from /home/airflow/.local/lib/python3.12/site-packages/airflow/example_dags/example_setup_teardown_taskflow.py
[2024-06-30T04:18:40.340+0000] {logging_mixin.py:188} INFO - [2024-06-30T04:18:40.339+0000] {dag.py:3096} INFO - Sync 1 DAGs
[2024-06-30T04:18:40.433+0000] {logging_mixin.py:188} INFO - [2024-06-30T04:18:40.432+0000] {dag.py:3954} INFO - Setting next_dagrun for example_setup_teardown_taskflow to 2024-06-29 00:00:00+00:00, run_after=2024-06-30 00:00:00+00:00
[2024-06-30T04:18:40.514+0000] {processor.py:183} INFO - Processing /home/airflow/.local/lib/python3.12/site-packages/airflow/example_dags/example_setup_teardown_taskflow.py took 0.319 seconds
[2024-06-30T04:19:10.803+0000] {processor.py:161} INFO - Started process (PID=3324) to work on /home/airflow/.local/lib/python3.12/site-packages/airflow/example_dags/example_setup_teardown_taskflow.py
[2024-06-30T04:19:10.809+0000] {processor.py:830} INFO - Processing file /home/airflow/.local/lib/python3.12/site-packages/airflow/example_dags/example_setup_teardown_taskflow.py for tasks to queue
[2024-06-30T04:19:10.812+0000] {logging_mixin.py:188} INFO - [2024-06-30T04:19:10.812+0000] {dagbag.py:545} INFO - Filling up the DagBag from /home/airflow/.local/lib/python3.12/site-packages/airflow/example_dags/example_setup_teardown_taskflow.py
[2024-06-30T04:19:10.830+0000] {processor.py:840} INFO - DAG(s) 'example_setup_teardown_taskflow' retrieved from /home/airflow/.local/lib/python3.12/site-packages/airflow/example_dags/example_setup_teardown_taskflow.py
[2024-06-30T04:19:10.880+0000] {logging_mixin.py:188} INFO - [2024-06-30T04:19:10.880+0000] {dag.py:3096} INFO - Sync 1 DAGs
[2024-06-30T04:19:10.933+0000] {logging_mixin.py:188} INFO - [2024-06-30T04:19:10.933+0000] {dag.py:3954} INFO - Setting next_dagrun for example_setup_teardown_taskflow to 2024-06-29 00:00:00+00:00, run_after=2024-06-30 00:00:00+00:00
[2024-06-30T04:19:10.980+0000] {processor.py:183} INFO - Processing /home/airflow/.local/lib/python3.12/site-packages/airflow/example_dags/example_setup_teardown_taskflow.py took 0.186 seconds
[2024-06-30T04:19:41.841+0000] {processor.py:161} INFO - Started process (PID=3382) to work on /home/airflow/.local/lib/python3.12/site-packages/airflow/example_dags/example_setup_teardown_taskflow.py
[2024-06-30T04:19:41.843+0000] {processor.py:830} INFO - Processing file /home/airflow/.local/lib/python3.12/site-packages/airflow/example_dags/example_setup_teardown_taskflow.py for tasks to queue
[2024-06-30T04:19:41.847+0000] {logging_mixin.py:188} INFO - [2024-06-30T04:19:41.846+0000] {dagbag.py:545} INFO - Filling up the DagBag from /home/airflow/.local/lib/python3.12/site-packages/airflow/example_dags/example_setup_teardown_taskflow.py
[2024-06-30T04:19:41.868+0000] {processor.py:840} INFO - DAG(s) 'example_setup_teardown_taskflow' retrieved from /home/airflow/.local/lib/python3.12/site-packages/airflow/example_dags/example_setup_teardown_taskflow.py
[2024-06-30T04:19:41.908+0000] {logging_mixin.py:188} INFO - [2024-06-30T04:19:41.908+0000] {dag.py:3096} INFO - Sync 1 DAGs
[2024-06-30T04:19:41.952+0000] {logging_mixin.py:188} INFO - [2024-06-30T04:19:41.951+0000] {dag.py:3954} INFO - Setting next_dagrun for example_setup_teardown_taskflow to 2024-06-29 00:00:00+00:00, run_after=2024-06-30 00:00:00+00:00
[2024-06-30T04:19:41.995+0000] {processor.py:183} INFO - Processing /home/airflow/.local/lib/python3.12/site-packages/airflow/example_dags/example_setup_teardown_taskflow.py took 0.165 seconds
