[2024-06-30T03:49:58.428+0000] {processor.py:161} INFO - Started process (PID=81) to work on /home/airflow/.local/lib/python3.12/site-packages/airflow/example_dags/example_setup_teardown.py
[2024-06-30T03:49:58.444+0000] {processor.py:830} INFO - Processing file /home/airflow/.local/lib/python3.12/site-packages/airflow/example_dags/example_setup_teardown.py for tasks to queue
[2024-06-30T03:49:58.495+0000] {logging_mixin.py:188} INFO - [2024-06-30T03:49:58.463+0000] {dagbag.py:545} INFO - Filling up the DagBag from /home/airflow/.local/lib/python3.12/site-packages/airflow/example_dags/example_setup_teardown.py
[2024-06-30T03:49:58.635+0000] {processor.py:840} INFO - DAG(s) 'example_setup_teardown' retrieved from /home/airflow/.local/lib/python3.12/site-packages/airflow/example_dags/example_setup_teardown.py
[2024-06-30T03:49:59.678+0000] {logging_mixin.py:188} INFO - [2024-06-30T03:49:59.678+0000] {dag.py:3096} INFO - Sync 1 DAGs
[2024-06-30T03:49:59.914+0000] {logging_mixin.py:188} INFO - [2024-06-30T03:49:59.914+0000] {dag.py:3954} INFO - Setting next_dagrun for example_setup_teardown to 2024-06-29 00:00:00+00:00, run_after=2024-06-30 00:00:00+00:00
[2024-06-30T03:50:00.183+0000] {processor.py:183} INFO - Processing /home/airflow/.local/lib/python3.12/site-packages/airflow/example_dags/example_setup_teardown.py took 1.809 seconds
[2024-06-30T03:50:30.803+0000] {processor.py:161} INFO - Started process (PID=139) to work on /home/airflow/.local/lib/python3.12/site-packages/airflow/example_dags/example_setup_teardown.py
[2024-06-30T03:50:30.815+0000] {processor.py:830} INFO - Processing file /home/airflow/.local/lib/python3.12/site-packages/airflow/example_dags/example_setup_teardown.py for tasks to queue
[2024-06-30T03:50:30.833+0000] {logging_mixin.py:188} INFO - [2024-06-30T03:50:30.831+0000] {dagbag.py:545} INFO - Filling up the DagBag from /home/airflow/.local/lib/python3.12/site-packages/airflow/example_dags/example_setup_teardown.py
[2024-06-30T03:50:30.963+0000] {processor.py:840} INFO - DAG(s) 'example_setup_teardown' retrieved from /home/airflow/.local/lib/python3.12/site-packages/airflow/example_dags/example_setup_teardown.py
[2024-06-30T03:50:31.493+0000] {logging_mixin.py:188} INFO - [2024-06-30T03:50:31.490+0000] {dag.py:3096} INFO - Sync 1 DAGs
[2024-06-30T03:50:32.066+0000] {logging_mixin.py:188} INFO - [2024-06-30T03:50:32.066+0000] {dag.py:3954} INFO - Setting next_dagrun for example_setup_teardown to 2024-06-29 00:00:00+00:00, run_after=2024-06-30 00:00:00+00:00
[2024-06-30T03:50:32.136+0000] {processor.py:183} INFO - Processing /home/airflow/.local/lib/python3.12/site-packages/airflow/example_dags/example_setup_teardown.py took 1.422 seconds
[2024-06-30T03:51:03.049+0000] {processor.py:161} INFO - Started process (PID=196) to work on /home/airflow/.local/lib/python3.12/site-packages/airflow/example_dags/example_setup_teardown.py
[2024-06-30T03:51:03.053+0000] {processor.py:830} INFO - Processing file /home/airflow/.local/lib/python3.12/site-packages/airflow/example_dags/example_setup_teardown.py for tasks to queue
[2024-06-30T03:51:03.059+0000] {logging_mixin.py:188} INFO - [2024-06-30T03:51:03.058+0000] {dagbag.py:545} INFO - Filling up the DagBag from /home/airflow/.local/lib/python3.12/site-packages/airflow/example_dags/example_setup_teardown.py
[2024-06-30T03:51:03.077+0000] {processor.py:840} INFO - DAG(s) 'example_setup_teardown' retrieved from /home/airflow/.local/lib/python3.12/site-packages/airflow/example_dags/example_setup_teardown.py
[2024-06-30T03:51:03.186+0000] {logging_mixin.py:188} INFO - [2024-06-30T03:51:03.185+0000] {dag.py:3096} INFO - Sync 1 DAGs
[2024-06-30T03:51:03.278+0000] {logging_mixin.py:188} INFO - [2024-06-30T03:51:03.277+0000] {dag.py:3954} INFO - Setting next_dagrun for example_setup_teardown to 2024-06-29 00:00:00+00:00, run_after=2024-06-30 00:00:00+00:00
[2024-06-30T03:51:03.349+0000] {processor.py:183} INFO - Processing /home/airflow/.local/lib/python3.12/site-packages/airflow/example_dags/example_setup_teardown.py took 0.335 seconds
[2024-06-30T03:51:34.130+0000] {processor.py:161} INFO - Started process (PID=255) to work on /home/airflow/.local/lib/python3.12/site-packages/airflow/example_dags/example_setup_teardown.py
[2024-06-30T03:51:34.134+0000] {processor.py:830} INFO - Processing file /home/airflow/.local/lib/python3.12/site-packages/airflow/example_dags/example_setup_teardown.py for tasks to queue
[2024-06-30T03:51:34.139+0000] {logging_mixin.py:188} INFO - [2024-06-30T03:51:34.138+0000] {dagbag.py:545} INFO - Filling up the DagBag from /home/airflow/.local/lib/python3.12/site-packages/airflow/example_dags/example_setup_teardown.py
[2024-06-30T03:51:34.161+0000] {processor.py:840} INFO - DAG(s) 'example_setup_teardown' retrieved from /home/airflow/.local/lib/python3.12/site-packages/airflow/example_dags/example_setup_teardown.py
[2024-06-30T03:51:34.225+0000] {logging_mixin.py:188} INFO - [2024-06-30T03:51:34.225+0000] {dag.py:3096} INFO - Sync 1 DAGs
[2024-06-30T03:51:34.289+0000] {logging_mixin.py:188} INFO - [2024-06-30T03:51:34.288+0000] {dag.py:3954} INFO - Setting next_dagrun for example_setup_teardown to 2024-06-29 00:00:00+00:00, run_after=2024-06-30 00:00:00+00:00
[2024-06-30T03:51:34.410+0000] {processor.py:183} INFO - Processing /home/airflow/.local/lib/python3.12/site-packages/airflow/example_dags/example_setup_teardown.py took 0.294 seconds
[2024-06-30T03:52:05.420+0000] {processor.py:161} INFO - Started process (PID=314) to work on /home/airflow/.local/lib/python3.12/site-packages/airflow/example_dags/example_setup_teardown.py
[2024-06-30T03:52:05.423+0000] {processor.py:830} INFO - Processing file /home/airflow/.local/lib/python3.12/site-packages/airflow/example_dags/example_setup_teardown.py for tasks to queue
[2024-06-30T03:52:05.431+0000] {logging_mixin.py:188} INFO - [2024-06-30T03:52:05.429+0000] {dagbag.py:545} INFO - Filling up the DagBag from /home/airflow/.local/lib/python3.12/site-packages/airflow/example_dags/example_setup_teardown.py
[2024-06-30T03:52:05.450+0000] {processor.py:840} INFO - DAG(s) 'example_setup_teardown' retrieved from /home/airflow/.local/lib/python3.12/site-packages/airflow/example_dags/example_setup_teardown.py
[2024-06-30T03:52:05.555+0000] {logging_mixin.py:188} INFO - [2024-06-30T03:52:05.554+0000] {dag.py:3096} INFO - Sync 1 DAGs
[2024-06-30T03:52:05.677+0000] {logging_mixin.py:188} INFO - [2024-06-30T03:52:05.677+0000] {dag.py:3954} INFO - Setting next_dagrun for example_setup_teardown to 2024-06-29 00:00:00+00:00, run_after=2024-06-30 00:00:00+00:00
[2024-06-30T03:52:05.823+0000] {processor.py:183} INFO - Processing /home/airflow/.local/lib/python3.12/site-packages/airflow/example_dags/example_setup_teardown.py took 0.445 seconds
[2024-06-30T03:52:36.207+0000] {processor.py:161} INFO - Started process (PID=372) to work on /home/airflow/.local/lib/python3.12/site-packages/airflow/example_dags/example_setup_teardown.py
[2024-06-30T03:52:36.210+0000] {processor.py:830} INFO - Processing file /home/airflow/.local/lib/python3.12/site-packages/airflow/example_dags/example_setup_teardown.py for tasks to queue
[2024-06-30T03:52:36.215+0000] {logging_mixin.py:188} INFO - [2024-06-30T03:52:36.214+0000] {dagbag.py:545} INFO - Filling up the DagBag from /home/airflow/.local/lib/python3.12/site-packages/airflow/example_dags/example_setup_teardown.py
[2024-06-30T03:52:36.237+0000] {processor.py:840} INFO - DAG(s) 'example_setup_teardown' retrieved from /home/airflow/.local/lib/python3.12/site-packages/airflow/example_dags/example_setup_teardown.py
[2024-06-30T03:52:36.300+0000] {logging_mixin.py:188} INFO - [2024-06-30T03:52:36.299+0000] {dag.py:3096} INFO - Sync 1 DAGs
[2024-06-30T03:52:36.367+0000] {logging_mixin.py:188} INFO - [2024-06-30T03:52:36.366+0000] {dag.py:3954} INFO - Setting next_dagrun for example_setup_teardown to 2024-06-29 00:00:00+00:00, run_after=2024-06-30 00:00:00+00:00
[2024-06-30T03:52:36.435+0000] {processor.py:183} INFO - Processing /home/airflow/.local/lib/python3.12/site-packages/airflow/example_dags/example_setup_teardown.py took 0.244 seconds
[2024-06-30T03:53:06.614+0000] {processor.py:161} INFO - Started process (PID=430) to work on /home/airflow/.local/lib/python3.12/site-packages/airflow/example_dags/example_setup_teardown.py
[2024-06-30T03:53:06.617+0000] {processor.py:830} INFO - Processing file /home/airflow/.local/lib/python3.12/site-packages/airflow/example_dags/example_setup_teardown.py for tasks to queue
[2024-06-30T03:53:06.623+0000] {logging_mixin.py:188} INFO - [2024-06-30T03:53:06.622+0000] {dagbag.py:545} INFO - Filling up the DagBag from /home/airflow/.local/lib/python3.12/site-packages/airflow/example_dags/example_setup_teardown.py
[2024-06-30T03:53:06.642+0000] {processor.py:840} INFO - DAG(s) 'example_setup_teardown' retrieved from /home/airflow/.local/lib/python3.12/site-packages/airflow/example_dags/example_setup_teardown.py
[2024-06-30T03:53:06.708+0000] {logging_mixin.py:188} INFO - [2024-06-30T03:53:06.708+0000] {dag.py:3096} INFO - Sync 1 DAGs
[2024-06-30T03:53:06.793+0000] {logging_mixin.py:188} INFO - [2024-06-30T03:53:06.792+0000] {dag.py:3954} INFO - Setting next_dagrun for example_setup_teardown to 2024-06-29 00:00:00+00:00, run_after=2024-06-30 00:00:00+00:00
[2024-06-30T03:53:06.860+0000] {processor.py:183} INFO - Processing /home/airflow/.local/lib/python3.12/site-packages/airflow/example_dags/example_setup_teardown.py took 0.260 seconds
[2024-06-30T03:53:37.215+0000] {processor.py:161} INFO - Started process (PID=488) to work on /home/airflow/.local/lib/python3.12/site-packages/airflow/example_dags/example_setup_teardown.py
[2024-06-30T03:53:37.227+0000] {processor.py:830} INFO - Processing file /home/airflow/.local/lib/python3.12/site-packages/airflow/example_dags/example_setup_teardown.py for tasks to queue
[2024-06-30T03:53:37.232+0000] {logging_mixin.py:188} INFO - [2024-06-30T03:53:37.231+0000] {dagbag.py:545} INFO - Filling up the DagBag from /home/airflow/.local/lib/python3.12/site-packages/airflow/example_dags/example_setup_teardown.py
[2024-06-30T03:53:37.259+0000] {processor.py:840} INFO - DAG(s) 'example_setup_teardown' retrieved from /home/airflow/.local/lib/python3.12/site-packages/airflow/example_dags/example_setup_teardown.py
[2024-06-30T03:53:37.323+0000] {logging_mixin.py:188} INFO - [2024-06-30T03:53:37.322+0000] {dag.py:3096} INFO - Sync 1 DAGs
[2024-06-30T03:53:37.381+0000] {logging_mixin.py:188} INFO - [2024-06-30T03:53:37.380+0000] {dag.py:3954} INFO - Setting next_dagrun for example_setup_teardown to 2024-06-29 00:00:00+00:00, run_after=2024-06-30 00:00:00+00:00
[2024-06-30T03:53:37.489+0000] {processor.py:183} INFO - Processing /home/airflow/.local/lib/python3.12/site-packages/airflow/example_dags/example_setup_teardown.py took 0.295 seconds
[2024-06-30T03:54:08.509+0000] {processor.py:161} INFO - Started process (PID=546) to work on /home/airflow/.local/lib/python3.12/site-packages/airflow/example_dags/example_setup_teardown.py
[2024-06-30T03:54:08.513+0000] {processor.py:830} INFO - Processing file /home/airflow/.local/lib/python3.12/site-packages/airflow/example_dags/example_setup_teardown.py for tasks to queue
[2024-06-30T03:54:08.522+0000] {logging_mixin.py:188} INFO - [2024-06-30T03:54:08.521+0000] {dagbag.py:545} INFO - Filling up the DagBag from /home/airflow/.local/lib/python3.12/site-packages/airflow/example_dags/example_setup_teardown.py
[2024-06-30T03:54:08.562+0000] {processor.py:840} INFO - DAG(s) 'example_setup_teardown' retrieved from /home/airflow/.local/lib/python3.12/site-packages/airflow/example_dags/example_setup_teardown.py
[2024-06-30T03:54:08.627+0000] {logging_mixin.py:188} INFO - [2024-06-30T03:54:08.627+0000] {dag.py:3096} INFO - Sync 1 DAGs
[2024-06-30T03:54:08.692+0000] {logging_mixin.py:188} INFO - [2024-06-30T03:54:08.691+0000] {dag.py:3954} INFO - Setting next_dagrun for example_setup_teardown to 2024-06-29 00:00:00+00:00, run_after=2024-06-30 00:00:00+00:00
[2024-06-30T03:54:08.753+0000] {processor.py:183} INFO - Processing /home/airflow/.local/lib/python3.12/site-packages/airflow/example_dags/example_setup_teardown.py took 0.262 seconds
[2024-06-30T03:54:39.126+0000] {processor.py:161} INFO - Started process (PID=602) to work on /home/airflow/.local/lib/python3.12/site-packages/airflow/example_dags/example_setup_teardown.py
[2024-06-30T03:54:39.129+0000] {processor.py:830} INFO - Processing file /home/airflow/.local/lib/python3.12/site-packages/airflow/example_dags/example_setup_teardown.py for tasks to queue
[2024-06-30T03:54:39.134+0000] {logging_mixin.py:188} INFO - [2024-06-30T03:54:39.133+0000] {dagbag.py:545} INFO - Filling up the DagBag from /home/airflow/.local/lib/python3.12/site-packages/airflow/example_dags/example_setup_teardown.py
[2024-06-30T03:54:39.152+0000] {processor.py:840} INFO - DAG(s) 'example_setup_teardown' retrieved from /home/airflow/.local/lib/python3.12/site-packages/airflow/example_dags/example_setup_teardown.py
[2024-06-30T03:54:39.226+0000] {logging_mixin.py:188} INFO - [2024-06-30T03:54:39.226+0000] {dag.py:3096} INFO - Sync 1 DAGs
[2024-06-30T03:54:39.310+0000] {logging_mixin.py:188} INFO - [2024-06-30T03:54:39.310+0000] {dag.py:3954} INFO - Setting next_dagrun for example_setup_teardown to 2024-06-29 00:00:00+00:00, run_after=2024-06-30 00:00:00+00:00
[2024-06-30T03:54:39.396+0000] {processor.py:183} INFO - Processing /home/airflow/.local/lib/python3.12/site-packages/airflow/example_dags/example_setup_teardown.py took 0.283 seconds
[2024-06-30T03:55:10.611+0000] {processor.py:161} INFO - Started process (PID=660) to work on /home/airflow/.local/lib/python3.12/site-packages/airflow/example_dags/example_setup_teardown.py
[2024-06-30T03:55:10.616+0000] {processor.py:830} INFO - Processing file /home/airflow/.local/lib/python3.12/site-packages/airflow/example_dags/example_setup_teardown.py for tasks to queue
[2024-06-30T03:55:10.626+0000] {logging_mixin.py:188} INFO - [2024-06-30T03:55:10.621+0000] {dagbag.py:545} INFO - Filling up the DagBag from /home/airflow/.local/lib/python3.12/site-packages/airflow/example_dags/example_setup_teardown.py
[2024-06-30T03:55:10.649+0000] {processor.py:840} INFO - DAG(s) 'example_setup_teardown' retrieved from /home/airflow/.local/lib/python3.12/site-packages/airflow/example_dags/example_setup_teardown.py
[2024-06-30T03:55:10.721+0000] {logging_mixin.py:188} INFO - [2024-06-30T03:55:10.719+0000] {dag.py:3096} INFO - Sync 1 DAGs
[2024-06-30T03:55:10.799+0000] {logging_mixin.py:188} INFO - [2024-06-30T03:55:10.798+0000] {dag.py:3954} INFO - Setting next_dagrun for example_setup_teardown to 2024-06-29 00:00:00+00:00, run_after=2024-06-30 00:00:00+00:00
[2024-06-30T03:55:10.906+0000] {processor.py:183} INFO - Processing /home/airflow/.local/lib/python3.12/site-packages/airflow/example_dags/example_setup_teardown.py took 0.311 seconds
[2024-06-30T03:55:43.931+0000] {processor.py:161} INFO - Started process (PID=719) to work on /home/airflow/.local/lib/python3.12/site-packages/airflow/example_dags/example_setup_teardown.py
[2024-06-30T03:55:43.990+0000] {processor.py:830} INFO - Processing file /home/airflow/.local/lib/python3.12/site-packages/airflow/example_dags/example_setup_teardown.py for tasks to queue
[2024-06-30T03:55:44.022+0000] {logging_mixin.py:188} INFO - [2024-06-30T03:55:44.020+0000] {dagbag.py:545} INFO - Filling up the DagBag from /home/airflow/.local/lib/python3.12/site-packages/airflow/example_dags/example_setup_teardown.py
[2024-06-30T03:55:44.180+0000] {processor.py:840} INFO - DAG(s) 'example_setup_teardown' retrieved from /home/airflow/.local/lib/python3.12/site-packages/airflow/example_dags/example_setup_teardown.py
[2024-06-30T03:55:44.543+0000] {logging_mixin.py:188} INFO - [2024-06-30T03:55:44.542+0000] {dag.py:3096} INFO - Sync 1 DAGs
[2024-06-30T03:55:44.830+0000] {logging_mixin.py:188} INFO - [2024-06-30T03:55:44.830+0000] {dag.py:3954} INFO - Setting next_dagrun for example_setup_teardown to 2024-06-29 00:00:00+00:00, run_after=2024-06-30 00:00:00+00:00
[2024-06-30T03:55:45.455+0000] {processor.py:183} INFO - Processing /home/airflow/.local/lib/python3.12/site-packages/airflow/example_dags/example_setup_teardown.py took 1.562 seconds
[2024-06-30T03:56:18.037+0000] {processor.py:161} INFO - Started process (PID=777) to work on /home/airflow/.local/lib/python3.12/site-packages/airflow/example_dags/example_setup_teardown.py
[2024-06-30T03:56:18.039+0000] {processor.py:830} INFO - Processing file /home/airflow/.local/lib/python3.12/site-packages/airflow/example_dags/example_setup_teardown.py for tasks to queue
[2024-06-30T03:56:18.042+0000] {logging_mixin.py:188} INFO - [2024-06-30T03:56:18.041+0000] {dagbag.py:545} INFO - Filling up the DagBag from /home/airflow/.local/lib/python3.12/site-packages/airflow/example_dags/example_setup_teardown.py
[2024-06-30T03:56:18.059+0000] {processor.py:840} INFO - DAG(s) 'example_setup_teardown' retrieved from /home/airflow/.local/lib/python3.12/site-packages/airflow/example_dags/example_setup_teardown.py
[2024-06-30T03:56:18.123+0000] {logging_mixin.py:188} INFO - [2024-06-30T03:56:18.122+0000] {dag.py:3096} INFO - Sync 1 DAGs
[2024-06-30T03:56:18.192+0000] {logging_mixin.py:188} INFO - [2024-06-30T03:56:18.191+0000] {dag.py:3954} INFO - Setting next_dagrun for example_setup_teardown to 2024-06-29 00:00:00+00:00, run_after=2024-06-30 00:00:00+00:00
[2024-06-30T03:56:18.251+0000] {processor.py:183} INFO - Processing /home/airflow/.local/lib/python3.12/site-packages/airflow/example_dags/example_setup_teardown.py took 0.231 seconds
[2024-06-30T03:56:48.811+0000] {processor.py:161} INFO - Started process (PID=835) to work on /home/airflow/.local/lib/python3.12/site-packages/airflow/example_dags/example_setup_teardown.py
[2024-06-30T03:56:48.813+0000] {processor.py:830} INFO - Processing file /home/airflow/.local/lib/python3.12/site-packages/airflow/example_dags/example_setup_teardown.py for tasks to queue
[2024-06-30T03:56:48.818+0000] {logging_mixin.py:188} INFO - [2024-06-30T03:56:48.817+0000] {dagbag.py:545} INFO - Filling up the DagBag from /home/airflow/.local/lib/python3.12/site-packages/airflow/example_dags/example_setup_teardown.py
[2024-06-30T03:56:48.836+0000] {processor.py:840} INFO - DAG(s) 'example_setup_teardown' retrieved from /home/airflow/.local/lib/python3.12/site-packages/airflow/example_dags/example_setup_teardown.py
[2024-06-30T03:56:48.896+0000] {logging_mixin.py:188} INFO - [2024-06-30T03:56:48.895+0000] {dag.py:3096} INFO - Sync 1 DAGs
[2024-06-30T03:56:48.975+0000] {logging_mixin.py:188} INFO - [2024-06-30T03:56:48.974+0000] {dag.py:3954} INFO - Setting next_dagrun for example_setup_teardown to 2024-06-29 00:00:00+00:00, run_after=2024-06-30 00:00:00+00:00
[2024-06-30T03:56:49.042+0000] {processor.py:183} INFO - Processing /home/airflow/.local/lib/python3.12/site-packages/airflow/example_dags/example_setup_teardown.py took 0.244 seconds
[2024-06-30T03:57:28.085+0000] {processor.py:161} INFO - Started process (PID=893) to work on /home/airflow/.local/lib/python3.12/site-packages/airflow/example_dags/example_setup_teardown.py
[2024-06-30T03:57:28.090+0000] {processor.py:830} INFO - Processing file /home/airflow/.local/lib/python3.12/site-packages/airflow/example_dags/example_setup_teardown.py for tasks to queue
[2024-06-30T03:57:28.103+0000] {logging_mixin.py:188} INFO - [2024-06-30T03:57:28.102+0000] {dagbag.py:545} INFO - Filling up the DagBag from /home/airflow/.local/lib/python3.12/site-packages/airflow/example_dags/example_setup_teardown.py
[2024-06-30T03:57:28.147+0000] {processor.py:840} INFO - DAG(s) 'example_setup_teardown' retrieved from /home/airflow/.local/lib/python3.12/site-packages/airflow/example_dags/example_setup_teardown.py
[2024-06-30T03:57:28.240+0000] {logging_mixin.py:188} INFO - [2024-06-30T03:57:28.239+0000] {dag.py:3096} INFO - Sync 1 DAGs
[2024-06-30T03:57:28.325+0000] {logging_mixin.py:188} INFO - [2024-06-30T03:57:28.324+0000] {dag.py:3954} INFO - Setting next_dagrun for example_setup_teardown to 2024-06-29 00:00:00+00:00, run_after=2024-06-30 00:00:00+00:00
[2024-06-30T03:57:28.458+0000] {processor.py:183} INFO - Processing /home/airflow/.local/lib/python3.12/site-packages/airflow/example_dags/example_setup_teardown.py took 0.396 seconds
[2024-06-30T03:58:00.849+0000] {processor.py:161} INFO - Started process (PID=951) to work on /home/airflow/.local/lib/python3.12/site-packages/airflow/example_dags/example_setup_teardown.py
[2024-06-30T03:58:00.853+0000] {processor.py:830} INFO - Processing file /home/airflow/.local/lib/python3.12/site-packages/airflow/example_dags/example_setup_teardown.py for tasks to queue
[2024-06-30T03:58:00.869+0000] {logging_mixin.py:188} INFO - [2024-06-30T03:58:00.868+0000] {dagbag.py:545} INFO - Filling up the DagBag from /home/airflow/.local/lib/python3.12/site-packages/airflow/example_dags/example_setup_teardown.py
[2024-06-30T03:58:00.895+0000] {processor.py:840} INFO - DAG(s) 'example_setup_teardown' retrieved from /home/airflow/.local/lib/python3.12/site-packages/airflow/example_dags/example_setup_teardown.py
[2024-06-30T03:58:00.992+0000] {logging_mixin.py:188} INFO - [2024-06-30T03:58:00.991+0000] {dag.py:3096} INFO - Sync 1 DAGs
[2024-06-30T03:58:01.099+0000] {logging_mixin.py:188} INFO - [2024-06-30T03:58:01.098+0000] {dag.py:3954} INFO - Setting next_dagrun for example_setup_teardown to 2024-06-29 00:00:00+00:00, run_after=2024-06-30 00:00:00+00:00
[2024-06-30T03:58:01.213+0000] {processor.py:183} INFO - Processing /home/airflow/.local/lib/python3.12/site-packages/airflow/example_dags/example_setup_teardown.py took 0.384 seconds
[2024-06-30T03:58:31.643+0000] {processor.py:161} INFO - Started process (PID=1009) to work on /home/airflow/.local/lib/python3.12/site-packages/airflow/example_dags/example_setup_teardown.py
[2024-06-30T03:58:31.646+0000] {processor.py:830} INFO - Processing file /home/airflow/.local/lib/python3.12/site-packages/airflow/example_dags/example_setup_teardown.py for tasks to queue
[2024-06-30T03:58:31.652+0000] {logging_mixin.py:188} INFO - [2024-06-30T03:58:31.651+0000] {dagbag.py:545} INFO - Filling up the DagBag from /home/airflow/.local/lib/python3.12/site-packages/airflow/example_dags/example_setup_teardown.py
[2024-06-30T03:58:31.681+0000] {processor.py:840} INFO - DAG(s) 'example_setup_teardown' retrieved from /home/airflow/.local/lib/python3.12/site-packages/airflow/example_dags/example_setup_teardown.py
[2024-06-30T03:58:31.750+0000] {logging_mixin.py:188} INFO - [2024-06-30T03:58:31.749+0000] {dag.py:3096} INFO - Sync 1 DAGs
[2024-06-30T03:58:31.829+0000] {logging_mixin.py:188} INFO - [2024-06-30T03:58:31.828+0000] {dag.py:3954} INFO - Setting next_dagrun for example_setup_teardown to 2024-06-29 00:00:00+00:00, run_after=2024-06-30 00:00:00+00:00
[2024-06-30T03:58:31.933+0000] {processor.py:183} INFO - Processing /home/airflow/.local/lib/python3.12/site-packages/airflow/example_dags/example_setup_teardown.py took 0.303 seconds
[2024-06-30T03:59:02.124+0000] {processor.py:161} INFO - Started process (PID=1067) to work on /home/airflow/.local/lib/python3.12/site-packages/airflow/example_dags/example_setup_teardown.py
[2024-06-30T03:59:02.127+0000] {processor.py:830} INFO - Processing file /home/airflow/.local/lib/python3.12/site-packages/airflow/example_dags/example_setup_teardown.py for tasks to queue
[2024-06-30T03:59:02.132+0000] {logging_mixin.py:188} INFO - [2024-06-30T03:59:02.131+0000] {dagbag.py:545} INFO - Filling up the DagBag from /home/airflow/.local/lib/python3.12/site-packages/airflow/example_dags/example_setup_teardown.py
[2024-06-30T03:59:02.156+0000] {processor.py:840} INFO - DAG(s) 'example_setup_teardown' retrieved from /home/airflow/.local/lib/python3.12/site-packages/airflow/example_dags/example_setup_teardown.py
[2024-06-30T03:59:02.320+0000] {logging_mixin.py:188} INFO - [2024-06-30T03:59:02.317+0000] {dag.py:3096} INFO - Sync 1 DAGs
[2024-06-30T03:59:02.529+0000] {logging_mixin.py:188} INFO - [2024-06-30T03:59:02.519+0000] {dag.py:3954} INFO - Setting next_dagrun for example_setup_teardown to 2024-06-29 00:00:00+00:00, run_after=2024-06-30 00:00:00+00:00
[2024-06-30T03:59:02.781+0000] {processor.py:183} INFO - Processing /home/airflow/.local/lib/python3.12/site-packages/airflow/example_dags/example_setup_teardown.py took 0.668 seconds
[2024-06-30T03:59:33.898+0000] {processor.py:161} INFO - Started process (PID=1132) to work on /home/airflow/.local/lib/python3.12/site-packages/airflow/example_dags/example_setup_teardown.py
[2024-06-30T03:59:33.910+0000] {processor.py:830} INFO - Processing file /home/airflow/.local/lib/python3.12/site-packages/airflow/example_dags/example_setup_teardown.py for tasks to queue
[2024-06-30T03:59:33.939+0000] {logging_mixin.py:188} INFO - [2024-06-30T03:59:33.938+0000] {dagbag.py:545} INFO - Filling up the DagBag from /home/airflow/.local/lib/python3.12/site-packages/airflow/example_dags/example_setup_teardown.py
[2024-06-30T03:59:34.032+0000] {processor.py:840} INFO - DAG(s) 'example_setup_teardown' retrieved from /home/airflow/.local/lib/python3.12/site-packages/airflow/example_dags/example_setup_teardown.py
[2024-06-30T03:59:34.269+0000] {logging_mixin.py:188} INFO - [2024-06-30T03:59:34.269+0000] {dag.py:3096} INFO - Sync 1 DAGs
[2024-06-30T03:59:34.549+0000] {logging_mixin.py:188} INFO - [2024-06-30T03:59:34.548+0000] {dag.py:3954} INFO - Setting next_dagrun for example_setup_teardown to 2024-06-29 00:00:00+00:00, run_after=2024-06-30 00:00:00+00:00
[2024-06-30T03:59:34.771+0000] {processor.py:183} INFO - Processing /home/airflow/.local/lib/python3.12/site-packages/airflow/example_dags/example_setup_teardown.py took 0.921 seconds
[2024-06-30T04:00:09.424+0000] {processor.py:161} INFO - Started process (PID=1190) to work on /home/airflow/.local/lib/python3.12/site-packages/airflow/example_dags/example_setup_teardown.py
[2024-06-30T04:00:09.426+0000] {processor.py:830} INFO - Processing file /home/airflow/.local/lib/python3.12/site-packages/airflow/example_dags/example_setup_teardown.py for tasks to queue
[2024-06-30T04:00:09.428+0000] {logging_mixin.py:188} INFO - [2024-06-30T04:00:09.428+0000] {dagbag.py:545} INFO - Filling up the DagBag from /home/airflow/.local/lib/python3.12/site-packages/airflow/example_dags/example_setup_teardown.py
[2024-06-30T04:00:09.445+0000] {processor.py:840} INFO - DAG(s) 'example_setup_teardown' retrieved from /home/airflow/.local/lib/python3.12/site-packages/airflow/example_dags/example_setup_teardown.py
[2024-06-30T04:00:09.521+0000] {logging_mixin.py:188} INFO - [2024-06-30T04:00:09.521+0000] {dag.py:3096} INFO - Sync 1 DAGs
[2024-06-30T04:00:09.617+0000] {logging_mixin.py:188} INFO - [2024-06-30T04:00:09.616+0000] {dag.py:3954} INFO - Setting next_dagrun for example_setup_teardown to 2024-06-29 00:00:00+00:00, run_after=2024-06-30 00:00:00+00:00
[2024-06-30T04:00:09.700+0000] {processor.py:183} INFO - Processing /home/airflow/.local/lib/python3.12/site-packages/airflow/example_dags/example_setup_teardown.py took 0.290 seconds
[2024-06-30T04:00:39.889+0000] {processor.py:161} INFO - Started process (PID=1248) to work on /home/airflow/.local/lib/python3.12/site-packages/airflow/example_dags/example_setup_teardown.py
[2024-06-30T04:00:39.893+0000] {processor.py:830} INFO - Processing file /home/airflow/.local/lib/python3.12/site-packages/airflow/example_dags/example_setup_teardown.py for tasks to queue
[2024-06-30T04:00:39.896+0000] {logging_mixin.py:188} INFO - [2024-06-30T04:00:39.896+0000] {dagbag.py:545} INFO - Filling up the DagBag from /home/airflow/.local/lib/python3.12/site-packages/airflow/example_dags/example_setup_teardown.py
[2024-06-30T04:00:39.908+0000] {processor.py:840} INFO - DAG(s) 'example_setup_teardown' retrieved from /home/airflow/.local/lib/python3.12/site-packages/airflow/example_dags/example_setup_teardown.py
[2024-06-30T04:00:39.964+0000] {logging_mixin.py:188} INFO - [2024-06-30T04:00:39.963+0000] {dag.py:3096} INFO - Sync 1 DAGs
[2024-06-30T04:00:40.020+0000] {logging_mixin.py:188} INFO - [2024-06-30T04:00:40.018+0000] {dag.py:3954} INFO - Setting next_dagrun for example_setup_teardown to 2024-06-29 00:00:00+00:00, run_after=2024-06-30 00:00:00+00:00
[2024-06-30T04:00:40.068+0000] {processor.py:183} INFO - Processing /home/airflow/.local/lib/python3.12/site-packages/airflow/example_dags/example_setup_teardown.py took 0.191 seconds
[2024-06-30T04:01:11.508+0000] {processor.py:161} INFO - Started process (PID=1306) to work on /home/airflow/.local/lib/python3.12/site-packages/airflow/example_dags/example_setup_teardown.py
[2024-06-30T04:01:11.510+0000] {processor.py:830} INFO - Processing file /home/airflow/.local/lib/python3.12/site-packages/airflow/example_dags/example_setup_teardown.py for tasks to queue
[2024-06-30T04:01:11.525+0000] {logging_mixin.py:188} INFO - [2024-06-30T04:01:11.524+0000] {dagbag.py:545} INFO - Filling up the DagBag from /home/airflow/.local/lib/python3.12/site-packages/airflow/example_dags/example_setup_teardown.py
[2024-06-30T04:01:11.557+0000] {processor.py:840} INFO - DAG(s) 'example_setup_teardown' retrieved from /home/airflow/.local/lib/python3.12/site-packages/airflow/example_dags/example_setup_teardown.py
[2024-06-30T04:01:11.639+0000] {logging_mixin.py:188} INFO - [2024-06-30T04:01:11.639+0000] {dag.py:3096} INFO - Sync 1 DAGs
[2024-06-30T04:01:11.756+0000] {logging_mixin.py:188} INFO - [2024-06-30T04:01:11.755+0000] {dag.py:3954} INFO - Setting next_dagrun for example_setup_teardown to 2024-06-29 00:00:00+00:00, run_after=2024-06-30 00:00:00+00:00
[2024-06-30T04:01:11.843+0000] {processor.py:183} INFO - Processing /home/airflow/.local/lib/python3.12/site-packages/airflow/example_dags/example_setup_teardown.py took 0.349 seconds
[2024-06-30T04:01:42.014+0000] {processor.py:161} INFO - Started process (PID=1364) to work on /home/airflow/.local/lib/python3.12/site-packages/airflow/example_dags/example_setup_teardown.py
[2024-06-30T04:01:42.016+0000] {processor.py:830} INFO - Processing file /home/airflow/.local/lib/python3.12/site-packages/airflow/example_dags/example_setup_teardown.py for tasks to queue
[2024-06-30T04:01:42.025+0000] {logging_mixin.py:188} INFO - [2024-06-30T04:01:42.023+0000] {dagbag.py:545} INFO - Filling up the DagBag from /home/airflow/.local/lib/python3.12/site-packages/airflow/example_dags/example_setup_teardown.py
[2024-06-30T04:01:42.039+0000] {processor.py:840} INFO - DAG(s) 'example_setup_teardown' retrieved from /home/airflow/.local/lib/python3.12/site-packages/airflow/example_dags/example_setup_teardown.py
[2024-06-30T04:01:42.082+0000] {logging_mixin.py:188} INFO - [2024-06-30T04:01:42.081+0000] {dag.py:3096} INFO - Sync 1 DAGs
[2024-06-30T04:01:42.137+0000] {logging_mixin.py:188} INFO - [2024-06-30T04:01:42.136+0000] {dag.py:3954} INFO - Setting next_dagrun for example_setup_teardown to 2024-06-29 00:00:00+00:00, run_after=2024-06-30 00:00:00+00:00
[2024-06-30T04:01:42.212+0000] {processor.py:183} INFO - Processing /home/airflow/.local/lib/python3.12/site-packages/airflow/example_dags/example_setup_teardown.py took 0.213 seconds
[2024-06-30T04:02:13.005+0000] {processor.py:161} INFO - Started process (PID=1422) to work on /home/airflow/.local/lib/python3.12/site-packages/airflow/example_dags/example_setup_teardown.py
[2024-06-30T04:02:13.007+0000] {processor.py:830} INFO - Processing file /home/airflow/.local/lib/python3.12/site-packages/airflow/example_dags/example_setup_teardown.py for tasks to queue
[2024-06-30T04:02:13.019+0000] {logging_mixin.py:188} INFO - [2024-06-30T04:02:13.017+0000] {dagbag.py:545} INFO - Filling up the DagBag from /home/airflow/.local/lib/python3.12/site-packages/airflow/example_dags/example_setup_teardown.py
[2024-06-30T04:02:13.037+0000] {processor.py:840} INFO - DAG(s) 'example_setup_teardown' retrieved from /home/airflow/.local/lib/python3.12/site-packages/airflow/example_dags/example_setup_teardown.py
[2024-06-30T04:02:13.087+0000] {logging_mixin.py:188} INFO - [2024-06-30T04:02:13.086+0000] {dag.py:3096} INFO - Sync 1 DAGs
[2024-06-30T04:02:13.162+0000] {logging_mixin.py:188} INFO - [2024-06-30T04:02:13.161+0000] {dag.py:3954} INFO - Setting next_dagrun for example_setup_teardown to 2024-06-29 00:00:00+00:00, run_after=2024-06-30 00:00:00+00:00
[2024-06-30T04:02:13.275+0000] {processor.py:183} INFO - Processing /home/airflow/.local/lib/python3.12/site-packages/airflow/example_dags/example_setup_teardown.py took 0.287 seconds
[2024-06-30T04:02:44.442+0000] {processor.py:161} INFO - Started process (PID=1480) to work on /home/airflow/.local/lib/python3.12/site-packages/airflow/example_dags/example_setup_teardown.py
[2024-06-30T04:02:44.443+0000] {processor.py:830} INFO - Processing file /home/airflow/.local/lib/python3.12/site-packages/airflow/example_dags/example_setup_teardown.py for tasks to queue
[2024-06-30T04:02:44.451+0000] {logging_mixin.py:188} INFO - [2024-06-30T04:02:44.450+0000] {dagbag.py:545} INFO - Filling up the DagBag from /home/airflow/.local/lib/python3.12/site-packages/airflow/example_dags/example_setup_teardown.py
[2024-06-30T04:02:44.468+0000] {processor.py:840} INFO - DAG(s) 'example_setup_teardown' retrieved from /home/airflow/.local/lib/python3.12/site-packages/airflow/example_dags/example_setup_teardown.py
[2024-06-30T04:02:44.534+0000] {logging_mixin.py:188} INFO - [2024-06-30T04:02:44.533+0000] {dag.py:3096} INFO - Sync 1 DAGs
[2024-06-30T04:02:44.601+0000] {logging_mixin.py:188} INFO - [2024-06-30T04:02:44.600+0000] {dag.py:3954} INFO - Setting next_dagrun for example_setup_teardown to 2024-06-29 00:00:00+00:00, run_after=2024-06-30 00:00:00+00:00
[2024-06-30T04:02:44.653+0000] {processor.py:183} INFO - Processing /home/airflow/.local/lib/python3.12/site-packages/airflow/example_dags/example_setup_teardown.py took 0.224 seconds
[2024-06-30T04:03:17.843+0000] {processor.py:161} INFO - Started process (PID=1538) to work on /home/airflow/.local/lib/python3.12/site-packages/airflow/example_dags/example_setup_teardown.py
[2024-06-30T04:03:17.845+0000] {processor.py:830} INFO - Processing file /home/airflow/.local/lib/python3.12/site-packages/airflow/example_dags/example_setup_teardown.py for tasks to queue
[2024-06-30T04:03:17.851+0000] {logging_mixin.py:188} INFO - [2024-06-30T04:03:17.850+0000] {dagbag.py:545} INFO - Filling up the DagBag from /home/airflow/.local/lib/python3.12/site-packages/airflow/example_dags/example_setup_teardown.py
[2024-06-30T04:03:17.886+0000] {processor.py:840} INFO - DAG(s) 'example_setup_teardown' retrieved from /home/airflow/.local/lib/python3.12/site-packages/airflow/example_dags/example_setup_teardown.py
[2024-06-30T04:03:18.121+0000] {logging_mixin.py:188} INFO - [2024-06-30T04:03:18.107+0000] {dag.py:3096} INFO - Sync 1 DAGs
[2024-06-30T04:03:18.291+0000] {logging_mixin.py:188} INFO - [2024-06-30T04:03:18.291+0000] {dag.py:3954} INFO - Setting next_dagrun for example_setup_teardown to 2024-06-29 00:00:00+00:00, run_after=2024-06-30 00:00:00+00:00
[2024-06-30T04:03:18.466+0000] {processor.py:183} INFO - Processing /home/airflow/.local/lib/python3.12/site-packages/airflow/example_dags/example_setup_teardown.py took 0.640 seconds
[2024-06-30T04:03:50.119+0000] {processor.py:161} INFO - Started process (PID=1596) to work on /home/airflow/.local/lib/python3.12/site-packages/airflow/example_dags/example_setup_teardown.py
[2024-06-30T04:03:50.139+0000] {processor.py:830} INFO - Processing file /home/airflow/.local/lib/python3.12/site-packages/airflow/example_dags/example_setup_teardown.py for tasks to queue
[2024-06-30T04:03:50.153+0000] {logging_mixin.py:188} INFO - [2024-06-30T04:03:50.152+0000] {dagbag.py:545} INFO - Filling up the DagBag from /home/airflow/.local/lib/python3.12/site-packages/airflow/example_dags/example_setup_teardown.py
[2024-06-30T04:03:50.215+0000] {processor.py:840} INFO - DAG(s) 'example_setup_teardown' retrieved from /home/airflow/.local/lib/python3.12/site-packages/airflow/example_dags/example_setup_teardown.py
[2024-06-30T04:03:50.384+0000] {logging_mixin.py:188} INFO - [2024-06-30T04:03:50.383+0000] {dag.py:3096} INFO - Sync 1 DAGs
[2024-06-30T04:03:50.494+0000] {logging_mixin.py:188} INFO - [2024-06-30T04:03:50.493+0000] {dag.py:3954} INFO - Setting next_dagrun for example_setup_teardown to 2024-06-29 00:00:00+00:00, run_after=2024-06-30 00:00:00+00:00
[2024-06-30T04:03:50.603+0000] {processor.py:183} INFO - Processing /home/airflow/.local/lib/python3.12/site-packages/airflow/example_dags/example_setup_teardown.py took 0.531 seconds
[2024-06-30T04:04:22.242+0000] {processor.py:161} INFO - Started process (PID=1654) to work on /home/airflow/.local/lib/python3.12/site-packages/airflow/example_dags/example_setup_teardown.py
[2024-06-30T04:04:22.245+0000] {processor.py:830} INFO - Processing file /home/airflow/.local/lib/python3.12/site-packages/airflow/example_dags/example_setup_teardown.py for tasks to queue
[2024-06-30T04:04:22.249+0000] {logging_mixin.py:188} INFO - [2024-06-30T04:04:22.248+0000] {dagbag.py:545} INFO - Filling up the DagBag from /home/airflow/.local/lib/python3.12/site-packages/airflow/example_dags/example_setup_teardown.py
[2024-06-30T04:04:22.272+0000] {processor.py:840} INFO - DAG(s) 'example_setup_teardown' retrieved from /home/airflow/.local/lib/python3.12/site-packages/airflow/example_dags/example_setup_teardown.py
[2024-06-30T04:04:22.355+0000] {logging_mixin.py:188} INFO - [2024-06-30T04:04:22.354+0000] {dag.py:3096} INFO - Sync 1 DAGs
[2024-06-30T04:04:22.446+0000] {logging_mixin.py:188} INFO - [2024-06-30T04:04:22.445+0000] {dag.py:3954} INFO - Setting next_dagrun for example_setup_teardown to 2024-06-29 00:00:00+00:00, run_after=2024-06-30 00:00:00+00:00
[2024-06-30T04:04:23.217+0000] {processor.py:183} INFO - Processing /home/airflow/.local/lib/python3.12/site-packages/airflow/example_dags/example_setup_teardown.py took 0.987 seconds
[2024-06-30T04:04:56.388+0000] {processor.py:161} INFO - Started process (PID=1718) to work on /home/airflow/.local/lib/python3.12/site-packages/airflow/example_dags/example_setup_teardown.py
[2024-06-30T04:04:56.391+0000] {processor.py:830} INFO - Processing file /home/airflow/.local/lib/python3.12/site-packages/airflow/example_dags/example_setup_teardown.py for tasks to queue
[2024-06-30T04:04:56.396+0000] {logging_mixin.py:188} INFO - [2024-06-30T04:04:56.395+0000] {dagbag.py:545} INFO - Filling up the DagBag from /home/airflow/.local/lib/python3.12/site-packages/airflow/example_dags/example_setup_teardown.py
[2024-06-30T04:04:56.416+0000] {processor.py:840} INFO - DAG(s) 'example_setup_teardown' retrieved from /home/airflow/.local/lib/python3.12/site-packages/airflow/example_dags/example_setup_teardown.py
[2024-06-30T04:04:56.480+0000] {logging_mixin.py:188} INFO - [2024-06-30T04:04:56.480+0000] {dag.py:3096} INFO - Sync 1 DAGs
[2024-06-30T04:04:56.714+0000] {logging_mixin.py:188} INFO - [2024-06-30T04:04:56.713+0000] {dag.py:3954} INFO - Setting next_dagrun for example_setup_teardown to 2024-06-29 00:00:00+00:00, run_after=2024-06-30 00:00:00+00:00
[2024-06-30T04:04:57.531+0000] {processor.py:183} INFO - Processing /home/airflow/.local/lib/python3.12/site-packages/airflow/example_dags/example_setup_teardown.py took 1.159 seconds
[2024-06-30T04:05:27.888+0000] {processor.py:161} INFO - Started process (PID=1775) to work on /home/airflow/.local/lib/python3.12/site-packages/airflow/example_dags/example_setup_teardown.py
[2024-06-30T04:05:27.897+0000] {processor.py:830} INFO - Processing file /home/airflow/.local/lib/python3.12/site-packages/airflow/example_dags/example_setup_teardown.py for tasks to queue
[2024-06-30T04:05:27.900+0000] {logging_mixin.py:188} INFO - [2024-06-30T04:05:27.900+0000] {dagbag.py:545} INFO - Filling up the DagBag from /home/airflow/.local/lib/python3.12/site-packages/airflow/example_dags/example_setup_teardown.py
[2024-06-30T04:05:27.923+0000] {processor.py:840} INFO - DAG(s) 'example_setup_teardown' retrieved from /home/airflow/.local/lib/python3.12/site-packages/airflow/example_dags/example_setup_teardown.py
[2024-06-30T04:05:27.999+0000] {logging_mixin.py:188} INFO - [2024-06-30T04:05:27.999+0000] {dag.py:3096} INFO - Sync 1 DAGs
[2024-06-30T04:05:28.062+0000] {logging_mixin.py:188} INFO - [2024-06-30T04:05:28.061+0000] {dag.py:3954} INFO - Setting next_dagrun for example_setup_teardown to 2024-06-29 00:00:00+00:00, run_after=2024-06-30 00:00:00+00:00
[2024-06-30T04:05:28.182+0000] {processor.py:183} INFO - Processing /home/airflow/.local/lib/python3.12/site-packages/airflow/example_dags/example_setup_teardown.py took 0.314 seconds
[2024-06-30T04:05:59.117+0000] {processor.py:161} INFO - Started process (PID=1833) to work on /home/airflow/.local/lib/python3.12/site-packages/airflow/example_dags/example_setup_teardown.py
[2024-06-30T04:05:59.120+0000] {processor.py:830} INFO - Processing file /home/airflow/.local/lib/python3.12/site-packages/airflow/example_dags/example_setup_teardown.py for tasks to queue
[2024-06-30T04:05:59.124+0000] {logging_mixin.py:188} INFO - [2024-06-30T04:05:59.123+0000] {dagbag.py:545} INFO - Filling up the DagBag from /home/airflow/.local/lib/python3.12/site-packages/airflow/example_dags/example_setup_teardown.py
[2024-06-30T04:05:59.141+0000] {processor.py:840} INFO - DAG(s) 'example_setup_teardown' retrieved from /home/airflow/.local/lib/python3.12/site-packages/airflow/example_dags/example_setup_teardown.py
[2024-06-30T04:05:59.203+0000] {logging_mixin.py:188} INFO - [2024-06-30T04:05:59.203+0000] {dag.py:3096} INFO - Sync 1 DAGs
[2024-06-30T04:05:59.338+0000] {logging_mixin.py:188} INFO - [2024-06-30T04:05:59.337+0000] {dag.py:3954} INFO - Setting next_dagrun for example_setup_teardown to 2024-06-29 00:00:00+00:00, run_after=2024-06-30 00:00:00+00:00
[2024-06-30T04:05:59.466+0000] {processor.py:183} INFO - Processing /home/airflow/.local/lib/python3.12/site-packages/airflow/example_dags/example_setup_teardown.py took 0.378 seconds
[2024-06-30T04:06:29.879+0000] {processor.py:161} INFO - Started process (PID=1889) to work on /home/airflow/.local/lib/python3.12/site-packages/airflow/example_dags/example_setup_teardown.py
[2024-06-30T04:06:29.891+0000] {processor.py:830} INFO - Processing file /home/airflow/.local/lib/python3.12/site-packages/airflow/example_dags/example_setup_teardown.py for tasks to queue
[2024-06-30T04:06:29.896+0000] {logging_mixin.py:188} INFO - [2024-06-30T04:06:29.895+0000] {dagbag.py:545} INFO - Filling up the DagBag from /home/airflow/.local/lib/python3.12/site-packages/airflow/example_dags/example_setup_teardown.py
[2024-06-30T04:06:30.450+0000] {processor.py:840} INFO - DAG(s) 'example_setup_teardown' retrieved from /home/airflow/.local/lib/python3.12/site-packages/airflow/example_dags/example_setup_teardown.py
[2024-06-30T04:06:30.535+0000] {logging_mixin.py:188} INFO - [2024-06-30T04:06:30.535+0000] {dag.py:3096} INFO - Sync 1 DAGs
[2024-06-30T04:06:30.640+0000] {logging_mixin.py:188} INFO - [2024-06-30T04:06:30.637+0000] {dag.py:3954} INFO - Setting next_dagrun for example_setup_teardown to 2024-06-29 00:00:00+00:00, run_after=2024-06-30 00:00:00+00:00
[2024-06-30T04:06:30.714+0000] {processor.py:183} INFO - Processing /home/airflow/.local/lib/python3.12/site-packages/airflow/example_dags/example_setup_teardown.py took 0.857 seconds
[2024-06-30T04:07:01.342+0000] {processor.py:161} INFO - Started process (PID=1948) to work on /home/airflow/.local/lib/python3.12/site-packages/airflow/example_dags/example_setup_teardown.py
[2024-06-30T04:07:01.345+0000] {processor.py:830} INFO - Processing file /home/airflow/.local/lib/python3.12/site-packages/airflow/example_dags/example_setup_teardown.py for tasks to queue
[2024-06-30T04:07:01.349+0000] {logging_mixin.py:188} INFO - [2024-06-30T04:07:01.348+0000] {dagbag.py:545} INFO - Filling up the DagBag from /home/airflow/.local/lib/python3.12/site-packages/airflow/example_dags/example_setup_teardown.py
[2024-06-30T04:07:01.365+0000] {processor.py:840} INFO - DAG(s) 'example_setup_teardown' retrieved from /home/airflow/.local/lib/python3.12/site-packages/airflow/example_dags/example_setup_teardown.py
[2024-06-30T04:07:01.413+0000] {logging_mixin.py:188} INFO - [2024-06-30T04:07:01.413+0000] {dag.py:3096} INFO - Sync 1 DAGs
[2024-06-30T04:07:01.486+0000] {logging_mixin.py:188} INFO - [2024-06-30T04:07:01.481+0000] {dag.py:3954} INFO - Setting next_dagrun for example_setup_teardown to 2024-06-29 00:00:00+00:00, run_after=2024-06-30 00:00:00+00:00
[2024-06-30T04:07:01.620+0000] {processor.py:183} INFO - Processing /home/airflow/.local/lib/python3.12/site-packages/airflow/example_dags/example_setup_teardown.py took 0.291 seconds
[2024-06-30T04:07:31.816+0000] {processor.py:161} INFO - Started process (PID=2006) to work on /home/airflow/.local/lib/python3.12/site-packages/airflow/example_dags/example_setup_teardown.py
[2024-06-30T04:07:31.818+0000] {processor.py:830} INFO - Processing file /home/airflow/.local/lib/python3.12/site-packages/airflow/example_dags/example_setup_teardown.py for tasks to queue
[2024-06-30T04:07:31.821+0000] {logging_mixin.py:188} INFO - [2024-06-30T04:07:31.820+0000] {dagbag.py:545} INFO - Filling up the DagBag from /home/airflow/.local/lib/python3.12/site-packages/airflow/example_dags/example_setup_teardown.py
[2024-06-30T04:07:31.839+0000] {processor.py:840} INFO - DAG(s) 'example_setup_teardown' retrieved from /home/airflow/.local/lib/python3.12/site-packages/airflow/example_dags/example_setup_teardown.py
[2024-06-30T04:07:31.901+0000] {logging_mixin.py:188} INFO - [2024-06-30T04:07:31.900+0000] {dag.py:3096} INFO - Sync 1 DAGs
[2024-06-30T04:07:31.965+0000] {logging_mixin.py:188} INFO - [2024-06-30T04:07:31.964+0000] {dag.py:3954} INFO - Setting next_dagrun for example_setup_teardown to 2024-06-29 00:00:00+00:00, run_after=2024-06-30 00:00:00+00:00
[2024-06-30T04:07:32.075+0000] {processor.py:183} INFO - Processing /home/airflow/.local/lib/python3.12/site-packages/airflow/example_dags/example_setup_teardown.py took 0.276 seconds
[2024-06-30T04:08:02.507+0000] {processor.py:161} INFO - Started process (PID=2064) to work on /home/airflow/.local/lib/python3.12/site-packages/airflow/example_dags/example_setup_teardown.py
[2024-06-30T04:08:02.513+0000] {processor.py:830} INFO - Processing file /home/airflow/.local/lib/python3.12/site-packages/airflow/example_dags/example_setup_teardown.py for tasks to queue
[2024-06-30T04:08:02.518+0000] {logging_mixin.py:188} INFO - [2024-06-30T04:08:02.518+0000] {dagbag.py:545} INFO - Filling up the DagBag from /home/airflow/.local/lib/python3.12/site-packages/airflow/example_dags/example_setup_teardown.py
[2024-06-30T04:08:02.535+0000] {processor.py:840} INFO - DAG(s) 'example_setup_teardown' retrieved from /home/airflow/.local/lib/python3.12/site-packages/airflow/example_dags/example_setup_teardown.py
[2024-06-30T04:08:02.586+0000] {logging_mixin.py:188} INFO - [2024-06-30T04:08:02.586+0000] {dag.py:3096} INFO - Sync 1 DAGs
[2024-06-30T04:08:02.645+0000] {logging_mixin.py:188} INFO - [2024-06-30T04:08:02.644+0000] {dag.py:3954} INFO - Setting next_dagrun for example_setup_teardown to 2024-06-29 00:00:00+00:00, run_after=2024-06-30 00:00:00+00:00
[2024-06-30T04:08:02.754+0000] {processor.py:183} INFO - Processing /home/airflow/.local/lib/python3.12/site-packages/airflow/example_dags/example_setup_teardown.py took 0.257 seconds
[2024-06-30T04:08:33.063+0000] {processor.py:161} INFO - Started process (PID=2122) to work on /home/airflow/.local/lib/python3.12/site-packages/airflow/example_dags/example_setup_teardown.py
[2024-06-30T04:08:33.064+0000] {processor.py:830} INFO - Processing file /home/airflow/.local/lib/python3.12/site-packages/airflow/example_dags/example_setup_teardown.py for tasks to queue
[2024-06-30T04:08:33.068+0000] {logging_mixin.py:188} INFO - [2024-06-30T04:08:33.067+0000] {dagbag.py:545} INFO - Filling up the DagBag from /home/airflow/.local/lib/python3.12/site-packages/airflow/example_dags/example_setup_teardown.py
[2024-06-30T04:08:33.083+0000] {processor.py:840} INFO - DAG(s) 'example_setup_teardown' retrieved from /home/airflow/.local/lib/python3.12/site-packages/airflow/example_dags/example_setup_teardown.py
[2024-06-30T04:08:33.130+0000] {logging_mixin.py:188} INFO - [2024-06-30T04:08:33.129+0000] {dag.py:3096} INFO - Sync 1 DAGs
[2024-06-30T04:08:33.186+0000] {logging_mixin.py:188} INFO - [2024-06-30T04:08:33.186+0000] {dag.py:3954} INFO - Setting next_dagrun for example_setup_teardown to 2024-06-29 00:00:00+00:00, run_after=2024-06-30 00:00:00+00:00
[2024-06-30T04:08:33.288+0000] {processor.py:183} INFO - Processing /home/airflow/.local/lib/python3.12/site-packages/airflow/example_dags/example_setup_teardown.py took 0.234 seconds
[2024-06-30T04:09:03.835+0000] {processor.py:161} INFO - Started process (PID=2180) to work on /home/airflow/.local/lib/python3.12/site-packages/airflow/example_dags/example_setup_teardown.py
[2024-06-30T04:09:03.842+0000] {processor.py:830} INFO - Processing file /home/airflow/.local/lib/python3.12/site-packages/airflow/example_dags/example_setup_teardown.py for tasks to queue
[2024-06-30T04:09:03.900+0000] {logging_mixin.py:188} INFO - [2024-06-30T04:09:03.899+0000] {dagbag.py:545} INFO - Filling up the DagBag from /home/airflow/.local/lib/python3.12/site-packages/airflow/example_dags/example_setup_teardown.py
[2024-06-30T04:09:03.927+0000] {processor.py:840} INFO - DAG(s) 'example_setup_teardown' retrieved from /home/airflow/.local/lib/python3.12/site-packages/airflow/example_dags/example_setup_teardown.py
[2024-06-30T04:09:04.020+0000] {logging_mixin.py:188} INFO - [2024-06-30T04:09:04.019+0000] {dag.py:3096} INFO - Sync 1 DAGs
[2024-06-30T04:09:04.111+0000] {logging_mixin.py:188} INFO - [2024-06-30T04:09:04.110+0000] {dag.py:3954} INFO - Setting next_dagrun for example_setup_teardown to 2024-06-29 00:00:00+00:00, run_after=2024-06-30 00:00:00+00:00
[2024-06-30T04:09:04.207+0000] {processor.py:183} INFO - Processing /home/airflow/.local/lib/python3.12/site-packages/airflow/example_dags/example_setup_teardown.py took 0.392 seconds
[2024-06-30T04:09:34.402+0000] {processor.py:161} INFO - Started process (PID=2238) to work on /home/airflow/.local/lib/python3.12/site-packages/airflow/example_dags/example_setup_teardown.py
[2024-06-30T04:09:34.404+0000] {processor.py:830} INFO - Processing file /home/airflow/.local/lib/python3.12/site-packages/airflow/example_dags/example_setup_teardown.py for tasks to queue
[2024-06-30T04:09:34.407+0000] {logging_mixin.py:188} INFO - [2024-06-30T04:09:34.406+0000] {dagbag.py:545} INFO - Filling up the DagBag from /home/airflow/.local/lib/python3.12/site-packages/airflow/example_dags/example_setup_teardown.py
[2024-06-30T04:09:34.417+0000] {processor.py:840} INFO - DAG(s) 'example_setup_teardown' retrieved from /home/airflow/.local/lib/python3.12/site-packages/airflow/example_dags/example_setup_teardown.py
[2024-06-30T04:09:34.451+0000] {logging_mixin.py:188} INFO - [2024-06-30T04:09:34.451+0000] {dag.py:3096} INFO - Sync 1 DAGs
[2024-06-30T04:09:34.498+0000] {logging_mixin.py:188} INFO - [2024-06-30T04:09:34.498+0000] {dag.py:3954} INFO - Setting next_dagrun for example_setup_teardown to 2024-06-29 00:00:00+00:00, run_after=2024-06-30 00:00:00+00:00
[2024-06-30T04:09:34.543+0000] {processor.py:183} INFO - Processing /home/airflow/.local/lib/python3.12/site-packages/airflow/example_dags/example_setup_teardown.py took 0.150 seconds
[2024-06-30T04:10:05.185+0000] {processor.py:161} INFO - Started process (PID=2297) to work on /home/airflow/.local/lib/python3.12/site-packages/airflow/example_dags/example_setup_teardown.py
[2024-06-30T04:10:05.187+0000] {processor.py:830} INFO - Processing file /home/airflow/.local/lib/python3.12/site-packages/airflow/example_dags/example_setup_teardown.py for tasks to queue
[2024-06-30T04:10:05.189+0000] {logging_mixin.py:188} INFO - [2024-06-30T04:10:05.189+0000] {dagbag.py:545} INFO - Filling up the DagBag from /home/airflow/.local/lib/python3.12/site-packages/airflow/example_dags/example_setup_teardown.py
[2024-06-30T04:10:05.197+0000] {processor.py:840} INFO - DAG(s) 'example_setup_teardown' retrieved from /home/airflow/.local/lib/python3.12/site-packages/airflow/example_dags/example_setup_teardown.py
[2024-06-30T04:10:05.228+0000] {logging_mixin.py:188} INFO - [2024-06-30T04:10:05.228+0000] {dag.py:3096} INFO - Sync 1 DAGs
[2024-06-30T04:10:05.257+0000] {logging_mixin.py:188} INFO - [2024-06-30T04:10:05.257+0000] {dag.py:3954} INFO - Setting next_dagrun for example_setup_teardown to 2024-06-29 00:00:00+00:00, run_after=2024-06-30 00:00:00+00:00
[2024-06-30T04:10:05.284+0000] {processor.py:183} INFO - Processing /home/airflow/.local/lib/python3.12/site-packages/airflow/example_dags/example_setup_teardown.py took 0.107 seconds
[2024-06-30T04:10:35.602+0000] {processor.py:161} INFO - Started process (PID=2355) to work on /home/airflow/.local/lib/python3.12/site-packages/airflow/example_dags/example_setup_teardown.py
[2024-06-30T04:10:35.605+0000] {processor.py:830} INFO - Processing file /home/airflow/.local/lib/python3.12/site-packages/airflow/example_dags/example_setup_teardown.py for tasks to queue
[2024-06-30T04:10:35.613+0000] {logging_mixin.py:188} INFO - [2024-06-30T04:10:35.612+0000] {dagbag.py:545} INFO - Filling up the DagBag from /home/airflow/.local/lib/python3.12/site-packages/airflow/example_dags/example_setup_teardown.py
[2024-06-30T04:10:35.625+0000] {processor.py:840} INFO - DAG(s) 'example_setup_teardown' retrieved from /home/airflow/.local/lib/python3.12/site-packages/airflow/example_dags/example_setup_teardown.py
[2024-06-30T04:10:35.657+0000] {logging_mixin.py:188} INFO - [2024-06-30T04:10:35.656+0000] {dag.py:3096} INFO - Sync 1 DAGs
[2024-06-30T04:10:35.745+0000] {logging_mixin.py:188} INFO - [2024-06-30T04:10:35.744+0000] {dag.py:3954} INFO - Setting next_dagrun for example_setup_teardown to 2024-06-29 00:00:00+00:00, run_after=2024-06-30 00:00:00+00:00
[2024-06-30T04:10:35.795+0000] {processor.py:183} INFO - Processing /home/airflow/.local/lib/python3.12/site-packages/airflow/example_dags/example_setup_teardown.py took 0.203 seconds
[2024-06-30T04:11:06.200+0000] {processor.py:161} INFO - Started process (PID=2413) to work on /home/airflow/.local/lib/python3.12/site-packages/airflow/example_dags/example_setup_teardown.py
[2024-06-30T04:11:06.201+0000] {processor.py:830} INFO - Processing file /home/airflow/.local/lib/python3.12/site-packages/airflow/example_dags/example_setup_teardown.py for tasks to queue
[2024-06-30T04:11:06.204+0000] {logging_mixin.py:188} INFO - [2024-06-30T04:11:06.203+0000] {dagbag.py:545} INFO - Filling up the DagBag from /home/airflow/.local/lib/python3.12/site-packages/airflow/example_dags/example_setup_teardown.py
[2024-06-30T04:11:06.214+0000] {processor.py:840} INFO - DAG(s) 'example_setup_teardown' retrieved from /home/airflow/.local/lib/python3.12/site-packages/airflow/example_dags/example_setup_teardown.py
[2024-06-30T04:11:06.270+0000] {logging_mixin.py:188} INFO - [2024-06-30T04:11:06.269+0000] {dag.py:3096} INFO - Sync 1 DAGs
[2024-06-30T04:11:06.336+0000] {logging_mixin.py:188} INFO - [2024-06-30T04:11:06.336+0000] {dag.py:3954} INFO - Setting next_dagrun for example_setup_teardown to 2024-06-29 00:00:00+00:00, run_after=2024-06-30 00:00:00+00:00
[2024-06-30T04:11:06.393+0000] {processor.py:183} INFO - Processing /home/airflow/.local/lib/python3.12/site-packages/airflow/example_dags/example_setup_teardown.py took 0.202 seconds
[2024-06-30T04:11:36.577+0000] {processor.py:161} INFO - Started process (PID=2471) to work on /home/airflow/.local/lib/python3.12/site-packages/airflow/example_dags/example_setup_teardown.py
[2024-06-30T04:11:36.579+0000] {processor.py:830} INFO - Processing file /home/airflow/.local/lib/python3.12/site-packages/airflow/example_dags/example_setup_teardown.py for tasks to queue
[2024-06-30T04:11:36.586+0000] {logging_mixin.py:188} INFO - [2024-06-30T04:11:36.586+0000] {dagbag.py:545} INFO - Filling up the DagBag from /home/airflow/.local/lib/python3.12/site-packages/airflow/example_dags/example_setup_teardown.py
[2024-06-30T04:11:36.602+0000] {processor.py:840} INFO - DAG(s) 'example_setup_teardown' retrieved from /home/airflow/.local/lib/python3.12/site-packages/airflow/example_dags/example_setup_teardown.py
[2024-06-30T04:11:36.645+0000] {logging_mixin.py:188} INFO - [2024-06-30T04:11:36.645+0000] {dag.py:3096} INFO - Sync 1 DAGs
[2024-06-30T04:11:36.703+0000] {logging_mixin.py:188} INFO - [2024-06-30T04:11:36.703+0000] {dag.py:3954} INFO - Setting next_dagrun for example_setup_teardown to 2024-06-29 00:00:00+00:00, run_after=2024-06-30 00:00:00+00:00
[2024-06-30T04:11:36.753+0000] {processor.py:183} INFO - Processing /home/airflow/.local/lib/python3.12/site-packages/airflow/example_dags/example_setup_teardown.py took 0.188 seconds
[2024-06-30T04:12:07.286+0000] {processor.py:161} INFO - Started process (PID=2534) to work on /home/airflow/.local/lib/python3.12/site-packages/airflow/example_dags/example_setup_teardown.py
[2024-06-30T04:12:07.287+0000] {processor.py:830} INFO - Processing file /home/airflow/.local/lib/python3.12/site-packages/airflow/example_dags/example_setup_teardown.py for tasks to queue
[2024-06-30T04:12:07.290+0000] {logging_mixin.py:188} INFO - [2024-06-30T04:12:07.290+0000] {dagbag.py:545} INFO - Filling up the DagBag from /home/airflow/.local/lib/python3.12/site-packages/airflow/example_dags/example_setup_teardown.py
[2024-06-30T04:12:07.300+0000] {processor.py:840} INFO - DAG(s) 'example_setup_teardown' retrieved from /home/airflow/.local/lib/python3.12/site-packages/airflow/example_dags/example_setup_teardown.py
[2024-06-30T04:12:07.338+0000] {logging_mixin.py:188} INFO - [2024-06-30T04:12:07.338+0000] {dag.py:3096} INFO - Sync 1 DAGs
[2024-06-30T04:12:07.373+0000] {logging_mixin.py:188} INFO - [2024-06-30T04:12:07.373+0000] {dag.py:3954} INFO - Setting next_dagrun for example_setup_teardown to 2024-06-29 00:00:00+00:00, run_after=2024-06-30 00:00:00+00:00
[2024-06-30T04:12:07.408+0000] {processor.py:183} INFO - Processing /home/airflow/.local/lib/python3.12/site-packages/airflow/example_dags/example_setup_teardown.py took 0.132 seconds
[2024-06-30T04:12:37.605+0000] {processor.py:161} INFO - Started process (PID=2592) to work on /home/airflow/.local/lib/python3.12/site-packages/airflow/example_dags/example_setup_teardown.py
[2024-06-30T04:12:37.606+0000] {processor.py:830} INFO - Processing file /home/airflow/.local/lib/python3.12/site-packages/airflow/example_dags/example_setup_teardown.py for tasks to queue
[2024-06-30T04:12:37.610+0000] {logging_mixin.py:188} INFO - [2024-06-30T04:12:37.609+0000] {dagbag.py:545} INFO - Filling up the DagBag from /home/airflow/.local/lib/python3.12/site-packages/airflow/example_dags/example_setup_teardown.py
[2024-06-30T04:12:37.621+0000] {processor.py:840} INFO - DAG(s) 'example_setup_teardown' retrieved from /home/airflow/.local/lib/python3.12/site-packages/airflow/example_dags/example_setup_teardown.py
[2024-06-30T04:12:37.657+0000] {logging_mixin.py:188} INFO - [2024-06-30T04:12:37.656+0000] {dag.py:3096} INFO - Sync 1 DAGs
[2024-06-30T04:12:37.699+0000] {logging_mixin.py:188} INFO - [2024-06-30T04:12:37.699+0000] {dag.py:3954} INFO - Setting next_dagrun for example_setup_teardown to 2024-06-29 00:00:00+00:00, run_after=2024-06-30 00:00:00+00:00
[2024-06-30T04:12:37.738+0000] {processor.py:183} INFO - Processing /home/airflow/.local/lib/python3.12/site-packages/airflow/example_dags/example_setup_teardown.py took 0.143 seconds
[2024-06-30T04:13:07.892+0000] {processor.py:161} INFO - Started process (PID=2650) to work on /home/airflow/.local/lib/python3.12/site-packages/airflow/example_dags/example_setup_teardown.py
[2024-06-30T04:13:07.893+0000] {processor.py:830} INFO - Processing file /home/airflow/.local/lib/python3.12/site-packages/airflow/example_dags/example_setup_teardown.py for tasks to queue
[2024-06-30T04:13:07.896+0000] {logging_mixin.py:188} INFO - [2024-06-30T04:13:07.896+0000] {dagbag.py:545} INFO - Filling up the DagBag from /home/airflow/.local/lib/python3.12/site-packages/airflow/example_dags/example_setup_teardown.py
[2024-06-30T04:13:07.908+0000] {processor.py:840} INFO - DAG(s) 'example_setup_teardown' retrieved from /home/airflow/.local/lib/python3.12/site-packages/airflow/example_dags/example_setup_teardown.py
[2024-06-30T04:13:07.948+0000] {logging_mixin.py:188} INFO - [2024-06-30T04:13:07.948+0000] {dag.py:3096} INFO - Sync 1 DAGs
[2024-06-30T04:13:07.991+0000] {logging_mixin.py:188} INFO - [2024-06-30T04:13:07.991+0000] {dag.py:3954} INFO - Setting next_dagrun for example_setup_teardown to 2024-06-29 00:00:00+00:00, run_after=2024-06-30 00:00:00+00:00
[2024-06-30T04:13:08.031+0000] {processor.py:183} INFO - Processing /home/airflow/.local/lib/python3.12/site-packages/airflow/example_dags/example_setup_teardown.py took 0.146 seconds
[2024-06-30T04:13:38.550+0000] {processor.py:161} INFO - Started process (PID=2710) to work on /home/airflow/.local/lib/python3.12/site-packages/airflow/example_dags/example_setup_teardown.py
[2024-06-30T04:13:38.552+0000] {processor.py:830} INFO - Processing file /home/airflow/.local/lib/python3.12/site-packages/airflow/example_dags/example_setup_teardown.py for tasks to queue
[2024-06-30T04:13:38.555+0000] {logging_mixin.py:188} INFO - [2024-06-30T04:13:38.554+0000] {dagbag.py:545} INFO - Filling up the DagBag from /home/airflow/.local/lib/python3.12/site-packages/airflow/example_dags/example_setup_teardown.py
[2024-06-30T04:13:38.568+0000] {processor.py:840} INFO - DAG(s) 'example_setup_teardown' retrieved from /home/airflow/.local/lib/python3.12/site-packages/airflow/example_dags/example_setup_teardown.py
[2024-06-30T04:13:38.606+0000] {logging_mixin.py:188} INFO - [2024-06-30T04:13:38.605+0000] {dag.py:3096} INFO - Sync 1 DAGs
[2024-06-30T04:13:38.647+0000] {logging_mixin.py:188} INFO - [2024-06-30T04:13:38.647+0000] {dag.py:3954} INFO - Setting next_dagrun for example_setup_teardown to 2024-06-29 00:00:00+00:00, run_after=2024-06-30 00:00:00+00:00
[2024-06-30T04:13:38.687+0000] {processor.py:183} INFO - Processing /home/airflow/.local/lib/python3.12/site-packages/airflow/example_dags/example_setup_teardown.py took 0.148 seconds
[2024-06-30T04:14:09.622+0000] {processor.py:161} INFO - Started process (PID=2768) to work on /home/airflow/.local/lib/python3.12/site-packages/airflow/example_dags/example_setup_teardown.py
[2024-06-30T04:14:09.623+0000] {processor.py:830} INFO - Processing file /home/airflow/.local/lib/python3.12/site-packages/airflow/example_dags/example_setup_teardown.py for tasks to queue
[2024-06-30T04:14:09.627+0000] {logging_mixin.py:188} INFO - [2024-06-30T04:14:09.626+0000] {dagbag.py:545} INFO - Filling up the DagBag from /home/airflow/.local/lib/python3.12/site-packages/airflow/example_dags/example_setup_teardown.py
[2024-06-30T04:14:09.639+0000] {processor.py:840} INFO - DAG(s) 'example_setup_teardown' retrieved from /home/airflow/.local/lib/python3.12/site-packages/airflow/example_dags/example_setup_teardown.py
[2024-06-30T04:14:09.680+0000] {logging_mixin.py:188} INFO - [2024-06-30T04:14:09.680+0000] {dag.py:3096} INFO - Sync 1 DAGs
[2024-06-30T04:14:09.737+0000] {logging_mixin.py:188} INFO - [2024-06-30T04:14:09.736+0000] {dag.py:3954} INFO - Setting next_dagrun for example_setup_teardown to 2024-06-29 00:00:00+00:00, run_after=2024-06-30 00:00:00+00:00
[2024-06-30T04:14:09.787+0000] {processor.py:183} INFO - Processing /home/airflow/.local/lib/python3.12/site-packages/airflow/example_dags/example_setup_teardown.py took 0.178 seconds
[2024-06-30T04:14:40.117+0000] {processor.py:161} INFO - Started process (PID=2826) to work on /home/airflow/.local/lib/python3.12/site-packages/airflow/example_dags/example_setup_teardown.py
[2024-06-30T04:14:40.118+0000] {processor.py:830} INFO - Processing file /home/airflow/.local/lib/python3.12/site-packages/airflow/example_dags/example_setup_teardown.py for tasks to queue
[2024-06-30T04:14:40.121+0000] {logging_mixin.py:188} INFO - [2024-06-30T04:14:40.121+0000] {dagbag.py:545} INFO - Filling up the DagBag from /home/airflow/.local/lib/python3.12/site-packages/airflow/example_dags/example_setup_teardown.py
[2024-06-30T04:14:40.132+0000] {processor.py:840} INFO - DAG(s) 'example_setup_teardown' retrieved from /home/airflow/.local/lib/python3.12/site-packages/airflow/example_dags/example_setup_teardown.py
[2024-06-30T04:14:40.170+0000] {logging_mixin.py:188} INFO - [2024-06-30T04:14:40.170+0000] {dag.py:3096} INFO - Sync 1 DAGs
[2024-06-30T04:14:40.206+0000] {logging_mixin.py:188} INFO - [2024-06-30T04:14:40.205+0000] {dag.py:3954} INFO - Setting next_dagrun for example_setup_teardown to 2024-06-29 00:00:00+00:00, run_after=2024-06-30 00:00:00+00:00
[2024-06-30T04:14:40.237+0000] {processor.py:183} INFO - Processing /home/airflow/.local/lib/python3.12/site-packages/airflow/example_dags/example_setup_teardown.py took 0.129 seconds
[2024-06-30T04:15:10.663+0000] {processor.py:161} INFO - Started process (PID=2883) to work on /home/airflow/.local/lib/python3.12/site-packages/airflow/example_dags/example_setup_teardown.py
[2024-06-30T04:15:10.665+0000] {processor.py:830} INFO - Processing file /home/airflow/.local/lib/python3.12/site-packages/airflow/example_dags/example_setup_teardown.py for tasks to queue
[2024-06-30T04:15:10.669+0000] {logging_mixin.py:188} INFO - [2024-06-30T04:15:10.668+0000] {dagbag.py:545} INFO - Filling up the DagBag from /home/airflow/.local/lib/python3.12/site-packages/airflow/example_dags/example_setup_teardown.py
[2024-06-30T04:15:10.684+0000] {processor.py:840} INFO - DAG(s) 'example_setup_teardown' retrieved from /home/airflow/.local/lib/python3.12/site-packages/airflow/example_dags/example_setup_teardown.py
[2024-06-30T04:15:10.736+0000] {logging_mixin.py:188} INFO - [2024-06-30T04:15:10.735+0000] {dag.py:3096} INFO - Sync 1 DAGs
[2024-06-30T04:15:10.793+0000] {logging_mixin.py:188} INFO - [2024-06-30T04:15:10.792+0000] {dag.py:3954} INFO - Setting next_dagrun for example_setup_teardown to 2024-06-29 00:00:00+00:00, run_after=2024-06-30 00:00:00+00:00
[2024-06-30T04:15:10.853+0000] {processor.py:183} INFO - Processing /home/airflow/.local/lib/python3.12/site-packages/airflow/example_dags/example_setup_teardown.py took 0.202 seconds
[2024-06-30T04:15:41.236+0000] {processor.py:161} INFO - Started process (PID=2941) to work on /home/airflow/.local/lib/python3.12/site-packages/airflow/example_dags/example_setup_teardown.py
[2024-06-30T04:15:41.237+0000] {processor.py:830} INFO - Processing file /home/airflow/.local/lib/python3.12/site-packages/airflow/example_dags/example_setup_teardown.py for tasks to queue
[2024-06-30T04:15:41.240+0000] {logging_mixin.py:188} INFO - [2024-06-30T04:15:41.239+0000] {dagbag.py:545} INFO - Filling up the DagBag from /home/airflow/.local/lib/python3.12/site-packages/airflow/example_dags/example_setup_teardown.py
[2024-06-30T04:15:41.247+0000] {processor.py:840} INFO - DAG(s) 'example_setup_teardown' retrieved from /home/airflow/.local/lib/python3.12/site-packages/airflow/example_dags/example_setup_teardown.py
[2024-06-30T04:15:41.294+0000] {logging_mixin.py:188} INFO - [2024-06-30T04:15:41.294+0000] {dag.py:3096} INFO - Sync 1 DAGs
[2024-06-30T04:15:41.350+0000] {logging_mixin.py:188} INFO - [2024-06-30T04:15:41.350+0000] {dag.py:3954} INFO - Setting next_dagrun for example_setup_teardown to 2024-06-29 00:00:00+00:00, run_after=2024-06-30 00:00:00+00:00
[2024-06-30T04:15:41.392+0000] {processor.py:183} INFO - Processing /home/airflow/.local/lib/python3.12/site-packages/airflow/example_dags/example_setup_teardown.py took 0.163 seconds
[2024-06-30T04:16:11.601+0000] {processor.py:161} INFO - Started process (PID=2999) to work on /home/airflow/.local/lib/python3.12/site-packages/airflow/example_dags/example_setup_teardown.py
[2024-06-30T04:16:11.603+0000] {processor.py:830} INFO - Processing file /home/airflow/.local/lib/python3.12/site-packages/airflow/example_dags/example_setup_teardown.py for tasks to queue
[2024-06-30T04:16:11.606+0000] {logging_mixin.py:188} INFO - [2024-06-30T04:16:11.605+0000] {dagbag.py:545} INFO - Filling up the DagBag from /home/airflow/.local/lib/python3.12/site-packages/airflow/example_dags/example_setup_teardown.py
[2024-06-30T04:16:11.619+0000] {processor.py:840} INFO - DAG(s) 'example_setup_teardown' retrieved from /home/airflow/.local/lib/python3.12/site-packages/airflow/example_dags/example_setup_teardown.py
[2024-06-30T04:16:11.665+0000] {logging_mixin.py:188} INFO - [2024-06-30T04:16:11.664+0000] {dag.py:3096} INFO - Sync 1 DAGs
[2024-06-30T04:16:11.720+0000] {logging_mixin.py:188} INFO - [2024-06-30T04:16:11.719+0000] {dag.py:3954} INFO - Setting next_dagrun for example_setup_teardown to 2024-06-29 00:00:00+00:00, run_after=2024-06-30 00:00:00+00:00
[2024-06-30T04:16:11.760+0000] {processor.py:183} INFO - Processing /home/airflow/.local/lib/python3.12/site-packages/airflow/example_dags/example_setup_teardown.py took 0.171 seconds
[2024-06-30T04:16:42.065+0000] {processor.py:161} INFO - Started process (PID=3057) to work on /home/airflow/.local/lib/python3.12/site-packages/airflow/example_dags/example_setup_teardown.py
[2024-06-30T04:16:42.067+0000] {processor.py:830} INFO - Processing file /home/airflow/.local/lib/python3.12/site-packages/airflow/example_dags/example_setup_teardown.py for tasks to queue
[2024-06-30T04:16:42.070+0000] {logging_mixin.py:188} INFO - [2024-06-30T04:16:42.070+0000] {dagbag.py:545} INFO - Filling up the DagBag from /home/airflow/.local/lib/python3.12/site-packages/airflow/example_dags/example_setup_teardown.py
[2024-06-30T04:16:42.081+0000] {processor.py:840} INFO - DAG(s) 'example_setup_teardown' retrieved from /home/airflow/.local/lib/python3.12/site-packages/airflow/example_dags/example_setup_teardown.py
[2024-06-30T04:16:42.120+0000] {logging_mixin.py:188} INFO - [2024-06-30T04:16:42.120+0000] {dag.py:3096} INFO - Sync 1 DAGs
[2024-06-30T04:16:42.164+0000] {logging_mixin.py:188} INFO - [2024-06-30T04:16:42.164+0000] {dag.py:3954} INFO - Setting next_dagrun for example_setup_teardown to 2024-06-29 00:00:00+00:00, run_after=2024-06-30 00:00:00+00:00
[2024-06-30T04:16:42.207+0000] {processor.py:183} INFO - Processing /home/airflow/.local/lib/python3.12/site-packages/airflow/example_dags/example_setup_teardown.py took 0.153 seconds
[2024-06-30T04:17:12.733+0000] {processor.py:161} INFO - Started process (PID=3114) to work on /home/airflow/.local/lib/python3.12/site-packages/airflow/example_dags/example_setup_teardown.py
[2024-06-30T04:17:12.735+0000] {processor.py:830} INFO - Processing file /home/airflow/.local/lib/python3.12/site-packages/airflow/example_dags/example_setup_teardown.py for tasks to queue
[2024-06-30T04:17:12.738+0000] {logging_mixin.py:188} INFO - [2024-06-30T04:17:12.738+0000] {dagbag.py:545} INFO - Filling up the DagBag from /home/airflow/.local/lib/python3.12/site-packages/airflow/example_dags/example_setup_teardown.py
[2024-06-30T04:17:12.754+0000] {processor.py:840} INFO - DAG(s) 'example_setup_teardown' retrieved from /home/airflow/.local/lib/python3.12/site-packages/airflow/example_dags/example_setup_teardown.py
[2024-06-30T04:17:12.811+0000] {logging_mixin.py:188} INFO - [2024-06-30T04:17:12.811+0000] {dag.py:3096} INFO - Sync 1 DAGs
[2024-06-30T04:17:12.873+0000] {logging_mixin.py:188} INFO - [2024-06-30T04:17:12.873+0000] {dag.py:3954} INFO - Setting next_dagrun for example_setup_teardown to 2024-06-29 00:00:00+00:00, run_after=2024-06-30 00:00:00+00:00
[2024-06-30T04:17:12.919+0000] {processor.py:183} INFO - Processing /home/airflow/.local/lib/python3.12/site-packages/airflow/example_dags/example_setup_teardown.py took 0.200 seconds
[2024-06-30T04:17:43.145+0000] {processor.py:161} INFO - Started process (PID=3172) to work on /home/airflow/.local/lib/python3.12/site-packages/airflow/example_dags/example_setup_teardown.py
[2024-06-30T04:17:43.160+0000] {processor.py:830} INFO - Processing file /home/airflow/.local/lib/python3.12/site-packages/airflow/example_dags/example_setup_teardown.py for tasks to queue
[2024-06-30T04:17:43.178+0000] {logging_mixin.py:188} INFO - [2024-06-30T04:17:43.177+0000] {dagbag.py:545} INFO - Filling up the DagBag from /home/airflow/.local/lib/python3.12/site-packages/airflow/example_dags/example_setup_teardown.py
[2024-06-30T04:17:43.195+0000] {processor.py:840} INFO - DAG(s) 'example_setup_teardown' retrieved from /home/airflow/.local/lib/python3.12/site-packages/airflow/example_dags/example_setup_teardown.py
[2024-06-30T04:17:43.286+0000] {logging_mixin.py:188} INFO - [2024-06-30T04:17:43.284+0000] {dag.py:3096} INFO - Sync 1 DAGs
[2024-06-30T04:17:43.382+0000] {logging_mixin.py:188} INFO - [2024-06-30T04:17:43.382+0000] {dag.py:3954} INFO - Setting next_dagrun for example_setup_teardown to 2024-06-29 00:00:00+00:00, run_after=2024-06-30 00:00:00+00:00
[2024-06-30T04:17:43.504+0000] {processor.py:183} INFO - Processing /home/airflow/.local/lib/python3.12/site-packages/airflow/example_dags/example_setup_teardown.py took 0.377 seconds
[2024-06-30T04:18:14.097+0000] {processor.py:161} INFO - Started process (PID=3229) to work on /home/airflow/.local/lib/python3.12/site-packages/airflow/example_dags/example_setup_teardown.py
[2024-06-30T04:18:14.106+0000] {processor.py:830} INFO - Processing file /home/airflow/.local/lib/python3.12/site-packages/airflow/example_dags/example_setup_teardown.py for tasks to queue
[2024-06-30T04:18:14.116+0000] {logging_mixin.py:188} INFO - [2024-06-30T04:18:14.116+0000] {dagbag.py:545} INFO - Filling up the DagBag from /home/airflow/.local/lib/python3.12/site-packages/airflow/example_dags/example_setup_teardown.py
[2024-06-30T04:18:14.146+0000] {processor.py:840} INFO - DAG(s) 'example_setup_teardown' retrieved from /home/airflow/.local/lib/python3.12/site-packages/airflow/example_dags/example_setup_teardown.py
[2024-06-30T04:18:14.214+0000] {logging_mixin.py:188} INFO - [2024-06-30T04:18:14.214+0000] {dag.py:3096} INFO - Sync 1 DAGs
[2024-06-30T04:18:14.295+0000] {logging_mixin.py:188} INFO - [2024-06-30T04:18:14.294+0000] {dag.py:3954} INFO - Setting next_dagrun for example_setup_teardown to 2024-06-29 00:00:00+00:00, run_after=2024-06-30 00:00:00+00:00
[2024-06-30T04:18:14.388+0000] {processor.py:183} INFO - Processing /home/airflow/.local/lib/python3.12/site-packages/airflow/example_dags/example_setup_teardown.py took 0.312 seconds
[2024-06-30T04:18:44.906+0000] {processor.py:161} INFO - Started process (PID=3287) to work on /home/airflow/.local/lib/python3.12/site-packages/airflow/example_dags/example_setup_teardown.py
[2024-06-30T04:18:44.909+0000] {processor.py:830} INFO - Processing file /home/airflow/.local/lib/python3.12/site-packages/airflow/example_dags/example_setup_teardown.py for tasks to queue
[2024-06-30T04:18:44.920+0000] {logging_mixin.py:188} INFO - [2024-06-30T04:18:44.919+0000] {dagbag.py:545} INFO - Filling up the DagBag from /home/airflow/.local/lib/python3.12/site-packages/airflow/example_dags/example_setup_teardown.py
[2024-06-30T04:18:44.955+0000] {processor.py:840} INFO - DAG(s) 'example_setup_teardown' retrieved from /home/airflow/.local/lib/python3.12/site-packages/airflow/example_dags/example_setup_teardown.py
[2024-06-30T04:18:45.052+0000] {logging_mixin.py:188} INFO - [2024-06-30T04:18:45.052+0000] {dag.py:3096} INFO - Sync 1 DAGs
[2024-06-30T04:18:45.142+0000] {logging_mixin.py:188} INFO - [2024-06-30T04:18:45.141+0000] {dag.py:3954} INFO - Setting next_dagrun for example_setup_teardown to 2024-06-29 00:00:00+00:00, run_after=2024-06-30 00:00:00+00:00
[2024-06-30T04:18:45.235+0000] {processor.py:183} INFO - Processing /home/airflow/.local/lib/python3.12/site-packages/airflow/example_dags/example_setup_teardown.py took 0.363 seconds
[2024-06-30T04:19:15.602+0000] {processor.py:161} INFO - Started process (PID=3345) to work on /home/airflow/.local/lib/python3.12/site-packages/airflow/example_dags/example_setup_teardown.py
[2024-06-30T04:19:15.604+0000] {processor.py:830} INFO - Processing file /home/airflow/.local/lib/python3.12/site-packages/airflow/example_dags/example_setup_teardown.py for tasks to queue
[2024-06-30T04:19:15.608+0000] {logging_mixin.py:188} INFO - [2024-06-30T04:19:15.607+0000] {dagbag.py:545} INFO - Filling up the DagBag from /home/airflow/.local/lib/python3.12/site-packages/airflow/example_dags/example_setup_teardown.py
[2024-06-30T04:19:15.620+0000] {processor.py:840} INFO - DAG(s) 'example_setup_teardown' retrieved from /home/airflow/.local/lib/python3.12/site-packages/airflow/example_dags/example_setup_teardown.py
[2024-06-30T04:19:15.667+0000] {logging_mixin.py:188} INFO - [2024-06-30T04:19:15.667+0000] {dag.py:3096} INFO - Sync 1 DAGs
[2024-06-30T04:19:15.721+0000] {logging_mixin.py:188} INFO - [2024-06-30T04:19:15.720+0000] {dag.py:3954} INFO - Setting next_dagrun for example_setup_teardown to 2024-06-29 00:00:00+00:00, run_after=2024-06-30 00:00:00+00:00
[2024-06-30T04:19:15.762+0000] {processor.py:183} INFO - Processing /home/airflow/.local/lib/python3.12/site-packages/airflow/example_dags/example_setup_teardown.py took 0.171 seconds
[2024-06-30T04:19:46.079+0000] {processor.py:161} INFO - Started process (PID=3402) to work on /home/airflow/.local/lib/python3.12/site-packages/airflow/example_dags/example_setup_teardown.py
[2024-06-30T04:19:46.080+0000] {processor.py:830} INFO - Processing file /home/airflow/.local/lib/python3.12/site-packages/airflow/example_dags/example_setup_teardown.py for tasks to queue
[2024-06-30T04:19:46.083+0000] {logging_mixin.py:188} INFO - [2024-06-30T04:19:46.083+0000] {dagbag.py:545} INFO - Filling up the DagBag from /home/airflow/.local/lib/python3.12/site-packages/airflow/example_dags/example_setup_teardown.py
[2024-06-30T04:19:46.094+0000] {processor.py:840} INFO - DAG(s) 'example_setup_teardown' retrieved from /home/airflow/.local/lib/python3.12/site-packages/airflow/example_dags/example_setup_teardown.py
[2024-06-30T04:19:46.142+0000] {logging_mixin.py:188} INFO - [2024-06-30T04:19:46.141+0000] {dag.py:3096} INFO - Sync 1 DAGs
[2024-06-30T04:19:46.188+0000] {logging_mixin.py:188} INFO - [2024-06-30T04:19:46.187+0000] {dag.py:3954} INFO - Setting next_dagrun for example_setup_teardown to 2024-06-29 00:00:00+00:00, run_after=2024-06-30 00:00:00+00:00
[2024-06-30T04:19:46.222+0000] {processor.py:183} INFO - Processing /home/airflow/.local/lib/python3.12/site-packages/airflow/example_dags/example_setup_teardown.py took 0.152 seconds
