[2024-06-30T03:49:44.256+0000] {processor.py:161} INFO - Started process (PID=64) to work on /home/airflow/.local/lib/python3.12/site-packages/airflow/example_dags/tutorial_dag.py
[2024-06-30T03:49:44.260+0000] {processor.py:830} INFO - Processing file /home/airflow/.local/lib/python3.12/site-packages/airflow/example_dags/tutorial_dag.py for tasks to queue
[2024-06-30T03:49:44.291+0000] {logging_mixin.py:188} INFO - [2024-06-30T03:49:44.282+0000] {dagbag.py:545} INFO - Filling up the DagBag from /home/airflow/.local/lib/python3.12/site-packages/airflow/example_dags/tutorial_dag.py
[2024-06-30T03:49:44.482+0000] {processor.py:840} INFO - DAG(s) 'tutorial_dag' retrieved from /home/airflow/.local/lib/python3.12/site-packages/airflow/example_dags/tutorial_dag.py
[2024-06-30T03:49:45.513+0000] {logging_mixin.py:188} INFO - [2024-06-30T03:49:45.512+0000] {dag.py:3096} INFO - Sync 1 DAGs
[2024-06-30T03:49:45.618+0000] {logging_mixin.py:188} INFO - [2024-06-30T03:49:45.617+0000] {dag.py:3954} INFO - Setting next_dagrun for tutorial_dag to None, run_after=None
[2024-06-30T03:49:46.001+0000] {processor.py:183} INFO - Processing /home/airflow/.local/lib/python3.12/site-packages/airflow/example_dags/tutorial_dag.py took 1.813 seconds
[2024-06-30T03:50:18.705+0000] {processor.py:161} INFO - Started process (PID=122) to work on /home/airflow/.local/lib/python3.12/site-packages/airflow/example_dags/tutorial_dag.py
[2024-06-30T03:50:18.708+0000] {processor.py:830} INFO - Processing file /home/airflow/.local/lib/python3.12/site-packages/airflow/example_dags/tutorial_dag.py for tasks to queue
[2024-06-30T03:50:18.712+0000] {logging_mixin.py:188} INFO - [2024-06-30T03:50:18.711+0000] {dagbag.py:545} INFO - Filling up the DagBag from /home/airflow/.local/lib/python3.12/site-packages/airflow/example_dags/tutorial_dag.py
[2024-06-30T03:50:18.726+0000] {processor.py:840} INFO - DAG(s) 'tutorial_dag' retrieved from /home/airflow/.local/lib/python3.12/site-packages/airflow/example_dags/tutorial_dag.py
[2024-06-30T03:50:18.780+0000] {logging_mixin.py:188} INFO - [2024-06-30T03:50:18.779+0000] {dag.py:3096} INFO - Sync 1 DAGs
[2024-06-30T03:50:18.805+0000] {logging_mixin.py:188} INFO - [2024-06-30T03:50:18.804+0000] {dag.py:3954} INFO - Setting next_dagrun for tutorial_dag to None, run_after=None
[2024-06-30T03:50:18.851+0000] {processor.py:183} INFO - Processing /home/airflow/.local/lib/python3.12/site-packages/airflow/example_dags/tutorial_dag.py took 0.159 seconds
[2024-06-30T03:50:50.103+0000] {processor.py:161} INFO - Started process (PID=180) to work on /home/airflow/.local/lib/python3.12/site-packages/airflow/example_dags/tutorial_dag.py
[2024-06-30T03:50:50.107+0000] {processor.py:830} INFO - Processing file /home/airflow/.local/lib/python3.12/site-packages/airflow/example_dags/tutorial_dag.py for tasks to queue
[2024-06-30T03:50:50.114+0000] {logging_mixin.py:188} INFO - [2024-06-30T03:50:50.113+0000] {dagbag.py:545} INFO - Filling up the DagBag from /home/airflow/.local/lib/python3.12/site-packages/airflow/example_dags/tutorial_dag.py
[2024-06-30T03:50:50.127+0000] {processor.py:840} INFO - DAG(s) 'tutorial_dag' retrieved from /home/airflow/.local/lib/python3.12/site-packages/airflow/example_dags/tutorial_dag.py
[2024-06-30T03:50:50.187+0000] {logging_mixin.py:188} INFO - [2024-06-30T03:50:50.186+0000] {dag.py:3096} INFO - Sync 1 DAGs
[2024-06-30T03:50:50.225+0000] {logging_mixin.py:188} INFO - [2024-06-30T03:50:50.224+0000] {dag.py:3954} INFO - Setting next_dagrun for tutorial_dag to None, run_after=None
[2024-06-30T03:50:50.288+0000] {processor.py:183} INFO - Processing /home/airflow/.local/lib/python3.12/site-packages/airflow/example_dags/tutorial_dag.py took 0.197 seconds
[2024-06-30T03:51:21.387+0000] {processor.py:161} INFO - Started process (PID=237) to work on /home/airflow/.local/lib/python3.12/site-packages/airflow/example_dags/tutorial_dag.py
[2024-06-30T03:51:21.390+0000] {processor.py:830} INFO - Processing file /home/airflow/.local/lib/python3.12/site-packages/airflow/example_dags/tutorial_dag.py for tasks to queue
[2024-06-30T03:51:21.396+0000] {logging_mixin.py:188} INFO - [2024-06-30T03:51:21.394+0000] {dagbag.py:545} INFO - Filling up the DagBag from /home/airflow/.local/lib/python3.12/site-packages/airflow/example_dags/tutorial_dag.py
[2024-06-30T03:51:21.411+0000] {processor.py:840} INFO - DAG(s) 'tutorial_dag' retrieved from /home/airflow/.local/lib/python3.12/site-packages/airflow/example_dags/tutorial_dag.py
[2024-06-30T03:51:21.465+0000] {logging_mixin.py:188} INFO - [2024-06-30T03:51:21.464+0000] {dag.py:3096} INFO - Sync 1 DAGs
[2024-06-30T03:51:21.498+0000] {logging_mixin.py:188} INFO - [2024-06-30T03:51:21.497+0000] {dag.py:3954} INFO - Setting next_dagrun for tutorial_dag to None, run_after=None
[2024-06-30T03:51:21.643+0000] {processor.py:183} INFO - Processing /home/airflow/.local/lib/python3.12/site-packages/airflow/example_dags/tutorial_dag.py took 0.270 seconds
[2024-06-30T03:51:53.377+0000] {processor.py:161} INFO - Started process (PID=294) to work on /home/airflow/.local/lib/python3.12/site-packages/airflow/example_dags/tutorial_dag.py
[2024-06-30T03:51:53.385+0000] {processor.py:830} INFO - Processing file /home/airflow/.local/lib/python3.12/site-packages/airflow/example_dags/tutorial_dag.py for tasks to queue
[2024-06-30T03:51:53.395+0000] {logging_mixin.py:188} INFO - [2024-06-30T03:51:53.394+0000] {dagbag.py:545} INFO - Filling up the DagBag from /home/airflow/.local/lib/python3.12/site-packages/airflow/example_dags/tutorial_dag.py
[2024-06-30T03:51:53.433+0000] {processor.py:840} INFO - DAG(s) 'tutorial_dag' retrieved from /home/airflow/.local/lib/python3.12/site-packages/airflow/example_dags/tutorial_dag.py
[2024-06-30T03:51:53.489+0000] {logging_mixin.py:188} INFO - [2024-06-30T03:51:53.488+0000] {dag.py:3096} INFO - Sync 1 DAGs
[2024-06-30T03:51:53.531+0000] {logging_mixin.py:188} INFO - [2024-06-30T03:51:53.530+0000] {dag.py:3954} INFO - Setting next_dagrun for tutorial_dag to None, run_after=None
[2024-06-30T03:51:53.634+0000] {processor.py:183} INFO - Processing /home/airflow/.local/lib/python3.12/site-packages/airflow/example_dags/tutorial_dag.py took 0.292 seconds
[2024-06-30T03:52:24.430+0000] {processor.py:161} INFO - Started process (PID=353) to work on /home/airflow/.local/lib/python3.12/site-packages/airflow/example_dags/tutorial_dag.py
[2024-06-30T03:52:24.433+0000] {processor.py:830} INFO - Processing file /home/airflow/.local/lib/python3.12/site-packages/airflow/example_dags/tutorial_dag.py for tasks to queue
[2024-06-30T03:52:24.439+0000] {logging_mixin.py:188} INFO - [2024-06-30T03:52:24.438+0000] {dagbag.py:545} INFO - Filling up the DagBag from /home/airflow/.local/lib/python3.12/site-packages/airflow/example_dags/tutorial_dag.py
[2024-06-30T03:52:24.455+0000] {processor.py:840} INFO - DAG(s) 'tutorial_dag' retrieved from /home/airflow/.local/lib/python3.12/site-packages/airflow/example_dags/tutorial_dag.py
[2024-06-30T03:52:24.546+0000] {logging_mixin.py:188} INFO - [2024-06-30T03:52:24.545+0000] {dag.py:3096} INFO - Sync 1 DAGs
[2024-06-30T03:52:24.582+0000] {logging_mixin.py:188} INFO - [2024-06-30T03:52:24.582+0000] {dag.py:3954} INFO - Setting next_dagrun for tutorial_dag to None, run_after=None
[2024-06-30T03:52:24.717+0000] {processor.py:183} INFO - Processing /home/airflow/.local/lib/python3.12/site-packages/airflow/example_dags/tutorial_dag.py took 0.302 seconds
[2024-06-30T03:52:55.235+0000] {processor.py:161} INFO - Started process (PID=417) to work on /home/airflow/.local/lib/python3.12/site-packages/airflow/example_dags/tutorial_dag.py
[2024-06-30T03:52:55.239+0000] {processor.py:830} INFO - Processing file /home/airflow/.local/lib/python3.12/site-packages/airflow/example_dags/tutorial_dag.py for tasks to queue
[2024-06-30T03:52:55.247+0000] {logging_mixin.py:188} INFO - [2024-06-30T03:52:55.246+0000] {dagbag.py:545} INFO - Filling up the DagBag from /home/airflow/.local/lib/python3.12/site-packages/airflow/example_dags/tutorial_dag.py
[2024-06-30T03:52:55.264+0000] {processor.py:840} INFO - DAG(s) 'tutorial_dag' retrieved from /home/airflow/.local/lib/python3.12/site-packages/airflow/example_dags/tutorial_dag.py
[2024-06-30T03:52:55.329+0000] {logging_mixin.py:188} INFO - [2024-06-30T03:52:55.328+0000] {dag.py:3096} INFO - Sync 1 DAGs
[2024-06-30T03:52:55.431+0000] {logging_mixin.py:188} INFO - [2024-06-30T03:52:55.418+0000] {dag.py:3954} INFO - Setting next_dagrun for tutorial_dag to None, run_after=None
[2024-06-30T03:52:55.618+0000] {processor.py:183} INFO - Processing /home/airflow/.local/lib/python3.12/site-packages/airflow/example_dags/tutorial_dag.py took 0.405 seconds
[2024-06-30T03:53:26.222+0000] {processor.py:161} INFO - Started process (PID=475) to work on /home/airflow/.local/lib/python3.12/site-packages/airflow/example_dags/tutorial_dag.py
[2024-06-30T03:53:26.225+0000] {processor.py:830} INFO - Processing file /home/airflow/.local/lib/python3.12/site-packages/airflow/example_dags/tutorial_dag.py for tasks to queue
[2024-06-30T03:53:26.229+0000] {logging_mixin.py:188} INFO - [2024-06-30T03:53:26.229+0000] {dagbag.py:545} INFO - Filling up the DagBag from /home/airflow/.local/lib/python3.12/site-packages/airflow/example_dags/tutorial_dag.py
[2024-06-30T03:53:26.248+0000] {processor.py:840} INFO - DAG(s) 'tutorial_dag' retrieved from /home/airflow/.local/lib/python3.12/site-packages/airflow/example_dags/tutorial_dag.py
[2024-06-30T03:53:26.310+0000] {logging_mixin.py:188} INFO - [2024-06-30T03:53:26.309+0000] {dag.py:3096} INFO - Sync 1 DAGs
[2024-06-30T03:53:26.355+0000] {logging_mixin.py:188} INFO - [2024-06-30T03:53:26.354+0000] {dag.py:3954} INFO - Setting next_dagrun for tutorial_dag to None, run_after=None
[2024-06-30T03:53:26.414+0000] {processor.py:183} INFO - Processing /home/airflow/.local/lib/python3.12/site-packages/airflow/example_dags/tutorial_dag.py took 0.207 seconds
[2024-06-30T03:54:04.208+0000] {processor.py:161} INFO - Started process (PID=533) to work on /home/airflow/.local/lib/python3.12/site-packages/airflow/example_dags/tutorial_dag.py
[2024-06-30T03:54:04.213+0000] {processor.py:830} INFO - Processing file /home/airflow/.local/lib/python3.12/site-packages/airflow/example_dags/tutorial_dag.py for tasks to queue
[2024-06-30T03:54:04.226+0000] {logging_mixin.py:188} INFO - [2024-06-30T03:54:04.224+0000] {dagbag.py:545} INFO - Filling up the DagBag from /home/airflow/.local/lib/python3.12/site-packages/airflow/example_dags/tutorial_dag.py
[2024-06-30T03:54:04.262+0000] {processor.py:840} INFO - DAG(s) 'tutorial_dag' retrieved from /home/airflow/.local/lib/python3.12/site-packages/airflow/example_dags/tutorial_dag.py
[2024-06-30T03:54:04.340+0000] {logging_mixin.py:188} INFO - [2024-06-30T03:54:04.340+0000] {dag.py:3096} INFO - Sync 1 DAGs
[2024-06-30T03:54:04.460+0000] {logging_mixin.py:188} INFO - [2024-06-30T03:54:04.459+0000] {dag.py:3954} INFO - Setting next_dagrun for tutorial_dag to None, run_after=None
[2024-06-30T03:54:04.604+0000] {processor.py:183} INFO - Processing /home/airflow/.local/lib/python3.12/site-packages/airflow/example_dags/tutorial_dag.py took 0.417 seconds
[2024-06-30T03:54:35.579+0000] {processor.py:161} INFO - Started process (PID=591) to work on /home/airflow/.local/lib/python3.12/site-packages/airflow/example_dags/tutorial_dag.py
[2024-06-30T03:54:35.582+0000] {processor.py:830} INFO - Processing file /home/airflow/.local/lib/python3.12/site-packages/airflow/example_dags/tutorial_dag.py for tasks to queue
[2024-06-30T03:54:35.593+0000] {logging_mixin.py:188} INFO - [2024-06-30T03:54:35.592+0000] {dagbag.py:545} INFO - Filling up the DagBag from /home/airflow/.local/lib/python3.12/site-packages/airflow/example_dags/tutorial_dag.py
[2024-06-30T03:54:35.606+0000] {processor.py:840} INFO - DAG(s) 'tutorial_dag' retrieved from /home/airflow/.local/lib/python3.12/site-packages/airflow/example_dags/tutorial_dag.py
[2024-06-30T03:54:35.670+0000] {logging_mixin.py:188} INFO - [2024-06-30T03:54:35.669+0000] {dag.py:3096} INFO - Sync 1 DAGs
[2024-06-30T03:54:35.711+0000] {logging_mixin.py:188} INFO - [2024-06-30T03:54:35.710+0000] {dag.py:3954} INFO - Setting next_dagrun for tutorial_dag to None, run_after=None
[2024-06-30T03:54:35.827+0000] {processor.py:183} INFO - Processing /home/airflow/.local/lib/python3.12/site-packages/airflow/example_dags/tutorial_dag.py took 0.259 seconds
[2024-06-30T03:55:07.357+0000] {processor.py:161} INFO - Started process (PID=649) to work on /home/airflow/.local/lib/python3.12/site-packages/airflow/example_dags/tutorial_dag.py
[2024-06-30T03:55:07.360+0000] {processor.py:830} INFO - Processing file /home/airflow/.local/lib/python3.12/site-packages/airflow/example_dags/tutorial_dag.py for tasks to queue
[2024-06-30T03:55:07.371+0000] {logging_mixin.py:188} INFO - [2024-06-30T03:55:07.370+0000] {dagbag.py:545} INFO - Filling up the DagBag from /home/airflow/.local/lib/python3.12/site-packages/airflow/example_dags/tutorial_dag.py
[2024-06-30T03:55:07.396+0000] {processor.py:840} INFO - DAG(s) 'tutorial_dag' retrieved from /home/airflow/.local/lib/python3.12/site-packages/airflow/example_dags/tutorial_dag.py
[2024-06-30T03:55:07.497+0000] {logging_mixin.py:188} INFO - [2024-06-30T03:55:07.496+0000] {dag.py:3096} INFO - Sync 1 DAGs
[2024-06-30T03:55:07.569+0000] {logging_mixin.py:188} INFO - [2024-06-30T03:55:07.568+0000] {dag.py:3954} INFO - Setting next_dagrun for tutorial_dag to None, run_after=None
[2024-06-30T03:55:07.722+0000] {processor.py:183} INFO - Processing /home/airflow/.local/lib/python3.12/site-packages/airflow/example_dags/tutorial_dag.py took 0.434 seconds
[2024-06-30T03:55:38.561+0000] {processor.py:161} INFO - Started process (PID=708) to work on /home/airflow/.local/lib/python3.12/site-packages/airflow/example_dags/tutorial_dag.py
[2024-06-30T03:55:38.566+0000] {processor.py:830} INFO - Processing file /home/airflow/.local/lib/python3.12/site-packages/airflow/example_dags/tutorial_dag.py for tasks to queue
[2024-06-30T03:55:38.576+0000] {logging_mixin.py:188} INFO - [2024-06-30T03:55:38.574+0000] {dagbag.py:545} INFO - Filling up the DagBag from /home/airflow/.local/lib/python3.12/site-packages/airflow/example_dags/tutorial_dag.py
[2024-06-30T03:55:38.621+0000] {processor.py:840} INFO - DAG(s) 'tutorial_dag' retrieved from /home/airflow/.local/lib/python3.12/site-packages/airflow/example_dags/tutorial_dag.py
[2024-06-30T03:55:38.753+0000] {logging_mixin.py:188} INFO - [2024-06-30T03:55:38.752+0000] {dag.py:3096} INFO - Sync 1 DAGs
[2024-06-30T03:55:38.793+0000] {logging_mixin.py:188} INFO - [2024-06-30T03:55:38.793+0000] {dag.py:3954} INFO - Setting next_dagrun for tutorial_dag to None, run_after=None
[2024-06-30T03:55:38.953+0000] {processor.py:183} INFO - Processing /home/airflow/.local/lib/python3.12/site-packages/airflow/example_dags/tutorial_dag.py took 0.503 seconds
[2024-06-30T03:56:14.167+0000] {processor.py:161} INFO - Started process (PID=766) to work on /home/airflow/.local/lib/python3.12/site-packages/airflow/example_dags/tutorial_dag.py
[2024-06-30T03:56:14.178+0000] {processor.py:830} INFO - Processing file /home/airflow/.local/lib/python3.12/site-packages/airflow/example_dags/tutorial_dag.py for tasks to queue
[2024-06-30T03:56:14.186+0000] {logging_mixin.py:188} INFO - [2024-06-30T03:56:14.185+0000] {dagbag.py:545} INFO - Filling up the DagBag from /home/airflow/.local/lib/python3.12/site-packages/airflow/example_dags/tutorial_dag.py
[2024-06-30T03:56:14.237+0000] {processor.py:840} INFO - DAG(s) 'tutorial_dag' retrieved from /home/airflow/.local/lib/python3.12/site-packages/airflow/example_dags/tutorial_dag.py
[2024-06-30T03:56:14.372+0000] {logging_mixin.py:188} INFO - [2024-06-30T03:56:14.371+0000] {dag.py:3096} INFO - Sync 1 DAGs
[2024-06-30T03:56:14.479+0000] {logging_mixin.py:188} INFO - [2024-06-30T03:56:14.479+0000] {dag.py:3954} INFO - Setting next_dagrun for tutorial_dag to None, run_after=None
[2024-06-30T03:56:14.627+0000] {processor.py:183} INFO - Processing /home/airflow/.local/lib/python3.12/site-packages/airflow/example_dags/tutorial_dag.py took 0.484 seconds
[2024-06-30T03:56:45.855+0000] {processor.py:161} INFO - Started process (PID=824) to work on /home/airflow/.local/lib/python3.12/site-packages/airflow/example_dags/tutorial_dag.py
[2024-06-30T03:56:45.864+0000] {processor.py:830} INFO - Processing file /home/airflow/.local/lib/python3.12/site-packages/airflow/example_dags/tutorial_dag.py for tasks to queue
[2024-06-30T03:56:45.869+0000] {logging_mixin.py:188} INFO - [2024-06-30T03:56:45.868+0000] {dagbag.py:545} INFO - Filling up the DagBag from /home/airflow/.local/lib/python3.12/site-packages/airflow/example_dags/tutorial_dag.py
[2024-06-30T03:56:45.886+0000] {processor.py:840} INFO - DAG(s) 'tutorial_dag' retrieved from /home/airflow/.local/lib/python3.12/site-packages/airflow/example_dags/tutorial_dag.py
[2024-06-30T03:56:45.950+0000] {logging_mixin.py:188} INFO - [2024-06-30T03:56:45.949+0000] {dag.py:3096} INFO - Sync 1 DAGs
[2024-06-30T03:56:46.002+0000] {logging_mixin.py:188} INFO - [2024-06-30T03:56:46.002+0000] {dag.py:3954} INFO - Setting next_dagrun for tutorial_dag to None, run_after=None
[2024-06-30T03:56:46.097+0000] {processor.py:183} INFO - Processing /home/airflow/.local/lib/python3.12/site-packages/airflow/example_dags/tutorial_dag.py took 0.250 seconds
[2024-06-30T03:57:23.277+0000] {processor.py:161} INFO - Started process (PID=882) to work on /home/airflow/.local/lib/python3.12/site-packages/airflow/example_dags/tutorial_dag.py
[2024-06-30T03:57:23.293+0000] {processor.py:830} INFO - Processing file /home/airflow/.local/lib/python3.12/site-packages/airflow/example_dags/tutorial_dag.py for tasks to queue
[2024-06-30T03:57:23.309+0000] {logging_mixin.py:188} INFO - [2024-06-30T03:57:23.308+0000] {dagbag.py:545} INFO - Filling up the DagBag from /home/airflow/.local/lib/python3.12/site-packages/airflow/example_dags/tutorial_dag.py
[2024-06-30T03:57:23.342+0000] {processor.py:840} INFO - DAG(s) 'tutorial_dag' retrieved from /home/airflow/.local/lib/python3.12/site-packages/airflow/example_dags/tutorial_dag.py
[2024-06-30T03:57:23.416+0000] {logging_mixin.py:188} INFO - [2024-06-30T03:57:23.416+0000] {dag.py:3096} INFO - Sync 1 DAGs
[2024-06-30T03:57:23.492+0000] {logging_mixin.py:188} INFO - [2024-06-30T03:57:23.491+0000] {dag.py:3954} INFO - Setting next_dagrun for tutorial_dag to None, run_after=None
[2024-06-30T03:57:23.717+0000] {processor.py:183} INFO - Processing /home/airflow/.local/lib/python3.12/site-packages/airflow/example_dags/tutorial_dag.py took 0.463 seconds
[2024-06-30T03:57:56.141+0000] {processor.py:161} INFO - Started process (PID=940) to work on /home/airflow/.local/lib/python3.12/site-packages/airflow/example_dags/tutorial_dag.py
[2024-06-30T03:57:56.144+0000] {processor.py:830} INFO - Processing file /home/airflow/.local/lib/python3.12/site-packages/airflow/example_dags/tutorial_dag.py for tasks to queue
[2024-06-30T03:57:56.149+0000] {logging_mixin.py:188} INFO - [2024-06-30T03:57:56.148+0000] {dagbag.py:545} INFO - Filling up the DagBag from /home/airflow/.local/lib/python3.12/site-packages/airflow/example_dags/tutorial_dag.py
[2024-06-30T03:57:56.165+0000] {processor.py:840} INFO - DAG(s) 'tutorial_dag' retrieved from /home/airflow/.local/lib/python3.12/site-packages/airflow/example_dags/tutorial_dag.py
[2024-06-30T03:57:56.227+0000] {logging_mixin.py:188} INFO - [2024-06-30T03:57:56.226+0000] {dag.py:3096} INFO - Sync 1 DAGs
[2024-06-30T03:57:56.297+0000] {logging_mixin.py:188} INFO - [2024-06-30T03:57:56.296+0000] {dag.py:3954} INFO - Setting next_dagrun for tutorial_dag to None, run_after=None
[2024-06-30T03:57:56.400+0000] {processor.py:183} INFO - Processing /home/airflow/.local/lib/python3.12/site-packages/airflow/example_dags/tutorial_dag.py took 0.275 seconds
[2024-06-30T03:58:26.683+0000] {processor.py:161} INFO - Started process (PID=998) to work on /home/airflow/.local/lib/python3.12/site-packages/airflow/example_dags/tutorial_dag.py
[2024-06-30T03:58:26.686+0000] {processor.py:830} INFO - Processing file /home/airflow/.local/lib/python3.12/site-packages/airflow/example_dags/tutorial_dag.py for tasks to queue
[2024-06-30T03:58:26.694+0000] {logging_mixin.py:188} INFO - [2024-06-30T03:58:26.691+0000] {dagbag.py:545} INFO - Filling up the DagBag from /home/airflow/.local/lib/python3.12/site-packages/airflow/example_dags/tutorial_dag.py
[2024-06-30T03:58:26.790+0000] {processor.py:840} INFO - DAG(s) 'tutorial_dag' retrieved from /home/airflow/.local/lib/python3.12/site-packages/airflow/example_dags/tutorial_dag.py
[2024-06-30T03:58:26.909+0000] {logging_mixin.py:188} INFO - [2024-06-30T03:58:26.908+0000] {dag.py:3096} INFO - Sync 1 DAGs
[2024-06-30T03:58:26.959+0000] {logging_mixin.py:188} INFO - [2024-06-30T03:58:26.958+0000] {dag.py:3954} INFO - Setting next_dagrun for tutorial_dag to None, run_after=None
[2024-06-30T03:58:27.036+0000] {processor.py:183} INFO - Processing /home/airflow/.local/lib/python3.12/site-packages/airflow/example_dags/tutorial_dag.py took 0.374 seconds
[2024-06-30T03:58:57.838+0000] {processor.py:161} INFO - Started process (PID=1056) to work on /home/airflow/.local/lib/python3.12/site-packages/airflow/example_dags/tutorial_dag.py
[2024-06-30T03:58:57.840+0000] {processor.py:830} INFO - Processing file /home/airflow/.local/lib/python3.12/site-packages/airflow/example_dags/tutorial_dag.py for tasks to queue
[2024-06-30T03:58:57.844+0000] {logging_mixin.py:188} INFO - [2024-06-30T03:58:57.844+0000] {dagbag.py:545} INFO - Filling up the DagBag from /home/airflow/.local/lib/python3.12/site-packages/airflow/example_dags/tutorial_dag.py
[2024-06-30T03:58:57.855+0000] {processor.py:840} INFO - DAG(s) 'tutorial_dag' retrieved from /home/airflow/.local/lib/python3.12/site-packages/airflow/example_dags/tutorial_dag.py
[2024-06-30T03:58:57.910+0000] {logging_mixin.py:188} INFO - [2024-06-30T03:58:57.909+0000] {dag.py:3096} INFO - Sync 1 DAGs
[2024-06-30T03:58:57.957+0000] {logging_mixin.py:188} INFO - [2024-06-30T03:58:57.956+0000] {dag.py:3954} INFO - Setting next_dagrun for tutorial_dag to None, run_after=None
[2024-06-30T03:58:58.008+0000] {processor.py:183} INFO - Processing /home/airflow/.local/lib/python3.12/site-packages/airflow/example_dags/tutorial_dag.py took 0.184 seconds
[2024-06-30T03:59:28.176+0000] {processor.py:161} INFO - Started process (PID=1112) to work on /home/airflow/.local/lib/python3.12/site-packages/airflow/example_dags/tutorial_dag.py
[2024-06-30T03:59:28.179+0000] {processor.py:830} INFO - Processing file /home/airflow/.local/lib/python3.12/site-packages/airflow/example_dags/tutorial_dag.py for tasks to queue
[2024-06-30T03:59:28.184+0000] {logging_mixin.py:188} INFO - [2024-06-30T03:59:28.183+0000] {dagbag.py:545} INFO - Filling up the DagBag from /home/airflow/.local/lib/python3.12/site-packages/airflow/example_dags/tutorial_dag.py
[2024-06-30T03:59:28.203+0000] {processor.py:840} INFO - DAG(s) 'tutorial_dag' retrieved from /home/airflow/.local/lib/python3.12/site-packages/airflow/example_dags/tutorial_dag.py
[2024-06-30T03:59:28.260+0000] {logging_mixin.py:188} INFO - [2024-06-30T03:59:28.260+0000] {dag.py:3096} INFO - Sync 1 DAGs
[2024-06-30T03:59:28.297+0000] {logging_mixin.py:188} INFO - [2024-06-30T03:59:28.297+0000] {dag.py:3954} INFO - Setting next_dagrun for tutorial_dag to None, run_after=None
[2024-06-30T03:59:28.426+0000] {processor.py:183} INFO - Processing /home/airflow/.local/lib/python3.12/site-packages/airflow/example_dags/tutorial_dag.py took 0.268 seconds
[2024-06-30T04:00:00.349+0000] {processor.py:161} INFO - Started process (PID=1164) to work on /home/airflow/.local/lib/python3.12/site-packages/airflow/example_dags/tutorial_dag.py
[2024-06-30T04:00:00.355+0000] {processor.py:830} INFO - Processing file /home/airflow/.local/lib/python3.12/site-packages/airflow/example_dags/tutorial_dag.py for tasks to queue
[2024-06-30T04:00:00.368+0000] {logging_mixin.py:188} INFO - [2024-06-30T04:00:00.365+0000] {dagbag.py:545} INFO - Filling up the DagBag from /home/airflow/.local/lib/python3.12/site-packages/airflow/example_dags/tutorial_dag.py
[2024-06-30T04:00:00.409+0000] {processor.py:840} INFO - DAG(s) 'tutorial_dag' retrieved from /home/airflow/.local/lib/python3.12/site-packages/airflow/example_dags/tutorial_dag.py
[2024-06-30T04:00:00.559+0000] {logging_mixin.py:188} INFO - [2024-06-30T04:00:00.558+0000] {dag.py:3096} INFO - Sync 1 DAGs
[2024-06-30T04:00:00.691+0000] {logging_mixin.py:188} INFO - [2024-06-30T04:00:00.679+0000] {dag.py:3954} INFO - Setting next_dagrun for tutorial_dag to None, run_after=None
[2024-06-30T04:00:00.848+0000] {processor.py:183} INFO - Processing /home/airflow/.local/lib/python3.12/site-packages/airflow/example_dags/tutorial_dag.py took 0.551 seconds
[2024-06-30T04:00:31.832+0000] {processor.py:161} INFO - Started process (PID=1222) to work on /home/airflow/.local/lib/python3.12/site-packages/airflow/example_dags/tutorial_dag.py
[2024-06-30T04:00:31.834+0000] {processor.py:830} INFO - Processing file /home/airflow/.local/lib/python3.12/site-packages/airflow/example_dags/tutorial_dag.py for tasks to queue
[2024-06-30T04:00:31.847+0000] {logging_mixin.py:188} INFO - [2024-06-30T04:00:31.846+0000] {dagbag.py:545} INFO - Filling up the DagBag from /home/airflow/.local/lib/python3.12/site-packages/airflow/example_dags/tutorial_dag.py
[2024-06-30T04:00:31.869+0000] {processor.py:840} INFO - DAG(s) 'tutorial_dag' retrieved from /home/airflow/.local/lib/python3.12/site-packages/airflow/example_dags/tutorial_dag.py
[2024-06-30T04:00:31.981+0000] {logging_mixin.py:188} INFO - [2024-06-30T04:00:31.981+0000] {dag.py:3096} INFO - Sync 1 DAGs
[2024-06-30T04:00:32.072+0000] {logging_mixin.py:188} INFO - [2024-06-30T04:00:32.064+0000] {dag.py:3954} INFO - Setting next_dagrun for tutorial_dag to None, run_after=None
[2024-06-30T04:00:32.175+0000] {processor.py:183} INFO - Processing /home/airflow/.local/lib/python3.12/site-packages/airflow/example_dags/tutorial_dag.py took 0.365 seconds
[2024-06-30T04:01:02.410+0000] {processor.py:161} INFO - Started process (PID=1279) to work on /home/airflow/.local/lib/python3.12/site-packages/airflow/example_dags/tutorial_dag.py
[2024-06-30T04:01:02.413+0000] {processor.py:830} INFO - Processing file /home/airflow/.local/lib/python3.12/site-packages/airflow/example_dags/tutorial_dag.py for tasks to queue
[2024-06-30T04:01:02.417+0000] {logging_mixin.py:188} INFO - [2024-06-30T04:01:02.416+0000] {dagbag.py:545} INFO - Filling up the DagBag from /home/airflow/.local/lib/python3.12/site-packages/airflow/example_dags/tutorial_dag.py
[2024-06-30T04:01:02.432+0000] {processor.py:840} INFO - DAG(s) 'tutorial_dag' retrieved from /home/airflow/.local/lib/python3.12/site-packages/airflow/example_dags/tutorial_dag.py
[2024-06-30T04:01:02.474+0000] {logging_mixin.py:188} INFO - [2024-06-30T04:01:02.474+0000] {dag.py:3096} INFO - Sync 1 DAGs
[2024-06-30T04:01:02.511+0000] {logging_mixin.py:188} INFO - [2024-06-30T04:01:02.510+0000] {dag.py:3954} INFO - Setting next_dagrun for tutorial_dag to None, run_after=None
[2024-06-30T04:01:02.559+0000] {processor.py:183} INFO - Processing /home/airflow/.local/lib/python3.12/site-packages/airflow/example_dags/tutorial_dag.py took 0.162 seconds
[2024-06-30T04:01:32.738+0000] {processor.py:161} INFO - Started process (PID=1337) to work on /home/airflow/.local/lib/python3.12/site-packages/airflow/example_dags/tutorial_dag.py
[2024-06-30T04:01:32.745+0000] {processor.py:830} INFO - Processing file /home/airflow/.local/lib/python3.12/site-packages/airflow/example_dags/tutorial_dag.py for tasks to queue
[2024-06-30T04:01:32.755+0000] {logging_mixin.py:188} INFO - [2024-06-30T04:01:32.754+0000] {dagbag.py:545} INFO - Filling up the DagBag from /home/airflow/.local/lib/python3.12/site-packages/airflow/example_dags/tutorial_dag.py
[2024-06-30T04:01:32.771+0000] {processor.py:840} INFO - DAG(s) 'tutorial_dag' retrieved from /home/airflow/.local/lib/python3.12/site-packages/airflow/example_dags/tutorial_dag.py
[2024-06-30T04:01:32.836+0000] {logging_mixin.py:188} INFO - [2024-06-30T04:01:32.834+0000] {dag.py:3096} INFO - Sync 1 DAGs
[2024-06-30T04:01:32.898+0000] {logging_mixin.py:188} INFO - [2024-06-30T04:01:32.898+0000] {dag.py:3954} INFO - Setting next_dagrun for tutorial_dag to None, run_after=None
[2024-06-30T04:01:33.015+0000] {processor.py:183} INFO - Processing /home/airflow/.local/lib/python3.12/site-packages/airflow/example_dags/tutorial_dag.py took 0.301 seconds
[2024-06-30T04:02:03.249+0000] {processor.py:161} INFO - Started process (PID=1395) to work on /home/airflow/.local/lib/python3.12/site-packages/airflow/example_dags/tutorial_dag.py
[2024-06-30T04:02:03.251+0000] {processor.py:830} INFO - Processing file /home/airflow/.local/lib/python3.12/site-packages/airflow/example_dags/tutorial_dag.py for tasks to queue
[2024-06-30T04:02:03.256+0000] {logging_mixin.py:188} INFO - [2024-06-30T04:02:03.256+0000] {dagbag.py:545} INFO - Filling up the DagBag from /home/airflow/.local/lib/python3.12/site-packages/airflow/example_dags/tutorial_dag.py
[2024-06-30T04:02:03.267+0000] {processor.py:840} INFO - DAG(s) 'tutorial_dag' retrieved from /home/airflow/.local/lib/python3.12/site-packages/airflow/example_dags/tutorial_dag.py
[2024-06-30T04:02:03.317+0000] {logging_mixin.py:188} INFO - [2024-06-30T04:02:03.317+0000] {dag.py:3096} INFO - Sync 1 DAGs
[2024-06-30T04:02:03.361+0000] {logging_mixin.py:188} INFO - [2024-06-30T04:02:03.360+0000] {dag.py:3954} INFO - Setting next_dagrun for tutorial_dag to None, run_after=None
[2024-06-30T04:02:03.463+0000] {processor.py:183} INFO - Processing /home/airflow/.local/lib/python3.12/site-packages/airflow/example_dags/tutorial_dag.py took 0.221 seconds
[2024-06-30T04:02:34.612+0000] {processor.py:161} INFO - Started process (PID=1459) to work on /home/airflow/.local/lib/python3.12/site-packages/airflow/example_dags/tutorial_dag.py
[2024-06-30T04:02:34.616+0000] {processor.py:830} INFO - Processing file /home/airflow/.local/lib/python3.12/site-packages/airflow/example_dags/tutorial_dag.py for tasks to queue
[2024-06-30T04:02:34.629+0000] {logging_mixin.py:188} INFO - [2024-06-30T04:02:34.628+0000] {dagbag.py:545} INFO - Filling up the DagBag from /home/airflow/.local/lib/python3.12/site-packages/airflow/example_dags/tutorial_dag.py
[2024-06-30T04:02:34.651+0000] {processor.py:840} INFO - DAG(s) 'tutorial_dag' retrieved from /home/airflow/.local/lib/python3.12/site-packages/airflow/example_dags/tutorial_dag.py
[2024-06-30T04:02:34.818+0000] {logging_mixin.py:188} INFO - [2024-06-30T04:02:34.799+0000] {dag.py:3096} INFO - Sync 1 DAGs
[2024-06-30T04:02:34.948+0000] {logging_mixin.py:188} INFO - [2024-06-30T04:02:34.936+0000] {dag.py:3954} INFO - Setting next_dagrun for tutorial_dag to None, run_after=None
[2024-06-30T04:02:35.147+0000] {processor.py:183} INFO - Processing /home/airflow/.local/lib/python3.12/site-packages/airflow/example_dags/tutorial_dag.py took 0.568 seconds
[2024-06-30T04:03:05.926+0000] {processor.py:161} INFO - Started process (PID=1517) to work on /home/airflow/.local/lib/python3.12/site-packages/airflow/example_dags/tutorial_dag.py
[2024-06-30T04:03:05.940+0000] {processor.py:830} INFO - Processing file /home/airflow/.local/lib/python3.12/site-packages/airflow/example_dags/tutorial_dag.py for tasks to queue
[2024-06-30T04:03:05.949+0000] {logging_mixin.py:188} INFO - [2024-06-30T04:03:05.948+0000] {dagbag.py:545} INFO - Filling up the DagBag from /home/airflow/.local/lib/python3.12/site-packages/airflow/example_dags/tutorial_dag.py
[2024-06-30T04:03:05.984+0000] {processor.py:840} INFO - DAG(s) 'tutorial_dag' retrieved from /home/airflow/.local/lib/python3.12/site-packages/airflow/example_dags/tutorial_dag.py
[2024-06-30T04:03:06.254+0000] {logging_mixin.py:188} INFO - [2024-06-30T04:03:06.254+0000] {dag.py:3096} INFO - Sync 1 DAGs
[2024-06-30T04:03:06.461+0000] {logging_mixin.py:188} INFO - [2024-06-30T04:03:06.460+0000] {dag.py:3954} INFO - Setting next_dagrun for tutorial_dag to None, run_after=None
[2024-06-30T04:03:06.770+0000] {processor.py:183} INFO - Processing /home/airflow/.local/lib/python3.12/site-packages/airflow/example_dags/tutorial_dag.py took 0.869 seconds
[2024-06-30T04:03:37.311+0000] {processor.py:161} INFO - Started process (PID=1575) to work on /home/airflow/.local/lib/python3.12/site-packages/airflow/example_dags/tutorial_dag.py
[2024-06-30T04:03:37.320+0000] {processor.py:830} INFO - Processing file /home/airflow/.local/lib/python3.12/site-packages/airflow/example_dags/tutorial_dag.py for tasks to queue
[2024-06-30T04:03:37.324+0000] {logging_mixin.py:188} INFO - [2024-06-30T04:03:37.323+0000] {dagbag.py:545} INFO - Filling up the DagBag from /home/airflow/.local/lib/python3.12/site-packages/airflow/example_dags/tutorial_dag.py
[2024-06-30T04:03:37.336+0000] {processor.py:840} INFO - DAG(s) 'tutorial_dag' retrieved from /home/airflow/.local/lib/python3.12/site-packages/airflow/example_dags/tutorial_dag.py
[2024-06-30T04:03:37.393+0000] {logging_mixin.py:188} INFO - [2024-06-30T04:03:37.393+0000] {dag.py:3096} INFO - Sync 1 DAGs
[2024-06-30T04:03:37.441+0000] {logging_mixin.py:188} INFO - [2024-06-30T04:03:37.440+0000] {dag.py:3954} INFO - Setting next_dagrun for tutorial_dag to None, run_after=None
[2024-06-30T04:03:37.548+0000] {processor.py:183} INFO - Processing /home/airflow/.local/lib/python3.12/site-packages/airflow/example_dags/tutorial_dag.py took 0.270 seconds
[2024-06-30T04:04:08.060+0000] {processor.py:161} INFO - Started process (PID=1633) to work on /home/airflow/.local/lib/python3.12/site-packages/airflow/example_dags/tutorial_dag.py
[2024-06-30T04:04:08.062+0000] {processor.py:830} INFO - Processing file /home/airflow/.local/lib/python3.12/site-packages/airflow/example_dags/tutorial_dag.py for tasks to queue
[2024-06-30T04:04:08.065+0000] {logging_mixin.py:188} INFO - [2024-06-30T04:04:08.065+0000] {dagbag.py:545} INFO - Filling up the DagBag from /home/airflow/.local/lib/python3.12/site-packages/airflow/example_dags/tutorial_dag.py
[2024-06-30T04:04:08.081+0000] {processor.py:840} INFO - DAG(s) 'tutorial_dag' retrieved from /home/airflow/.local/lib/python3.12/site-packages/airflow/example_dags/tutorial_dag.py
[2024-06-30T04:04:08.141+0000] {logging_mixin.py:188} INFO - [2024-06-30T04:04:08.139+0000] {dag.py:3096} INFO - Sync 1 DAGs
[2024-06-30T04:04:08.176+0000] {logging_mixin.py:188} INFO - [2024-06-30T04:04:08.176+0000] {dag.py:3954} INFO - Setting next_dagrun for tutorial_dag to None, run_after=None
[2024-06-30T04:04:08.295+0000] {processor.py:183} INFO - Processing /home/airflow/.local/lib/python3.12/site-packages/airflow/example_dags/tutorial_dag.py took 0.254 seconds
[2024-06-30T04:04:40.325+0000] {processor.py:161} INFO - Started process (PID=1697) to work on /home/airflow/.local/lib/python3.12/site-packages/airflow/example_dags/tutorial_dag.py
[2024-06-30T04:04:40.329+0000] {processor.py:830} INFO - Processing file /home/airflow/.local/lib/python3.12/site-packages/airflow/example_dags/tutorial_dag.py for tasks to queue
[2024-06-30T04:04:40.346+0000] {logging_mixin.py:188} INFO - [2024-06-30T04:04:40.345+0000] {dagbag.py:545} INFO - Filling up the DagBag from /home/airflow/.local/lib/python3.12/site-packages/airflow/example_dags/tutorial_dag.py
[2024-06-30T04:04:40.364+0000] {processor.py:840} INFO - DAG(s) 'tutorial_dag' retrieved from /home/airflow/.local/lib/python3.12/site-packages/airflow/example_dags/tutorial_dag.py
[2024-06-30T04:04:40.445+0000] {logging_mixin.py:188} INFO - [2024-06-30T04:04:40.445+0000] {dag.py:3096} INFO - Sync 1 DAGs
[2024-06-30T04:04:40.514+0000] {logging_mixin.py:188} INFO - [2024-06-30T04:04:40.513+0000] {dag.py:3954} INFO - Setting next_dagrun for tutorial_dag to None, run_after=None
[2024-06-30T04:04:40.679+0000] {processor.py:183} INFO - Processing /home/airflow/.local/lib/python3.12/site-packages/airflow/example_dags/tutorial_dag.py took 0.384 seconds
[2024-06-30T04:05:11.821+0000] {processor.py:161} INFO - Started process (PID=1753) to work on /home/airflow/.local/lib/python3.12/site-packages/airflow/example_dags/tutorial_dag.py
[2024-06-30T04:05:11.831+0000] {processor.py:830} INFO - Processing file /home/airflow/.local/lib/python3.12/site-packages/airflow/example_dags/tutorial_dag.py for tasks to queue
[2024-06-30T04:05:11.835+0000] {logging_mixin.py:188} INFO - [2024-06-30T04:05:11.834+0000] {dagbag.py:545} INFO - Filling up the DagBag from /home/airflow/.local/lib/python3.12/site-packages/airflow/example_dags/tutorial_dag.py
[2024-06-30T04:05:11.853+0000] {processor.py:840} INFO - DAG(s) 'tutorial_dag' retrieved from /home/airflow/.local/lib/python3.12/site-packages/airflow/example_dags/tutorial_dag.py
[2024-06-30T04:05:11.932+0000] {logging_mixin.py:188} INFO - [2024-06-30T04:05:11.932+0000] {dag.py:3096} INFO - Sync 1 DAGs
[2024-06-30T04:05:12.003+0000] {logging_mixin.py:188} INFO - [2024-06-30T04:05:12.002+0000] {dag.py:3954} INFO - Setting next_dagrun for tutorial_dag to None, run_after=None
[2024-06-30T04:05:12.141+0000] {processor.py:183} INFO - Processing /home/airflow/.local/lib/python3.12/site-packages/airflow/example_dags/tutorial_dag.py took 0.338 seconds
[2024-06-30T04:05:44.571+0000] {processor.py:161} INFO - Started process (PID=1811) to work on /home/airflow/.local/lib/python3.12/site-packages/airflow/example_dags/tutorial_dag.py
[2024-06-30T04:05:44.580+0000] {processor.py:830} INFO - Processing file /home/airflow/.local/lib/python3.12/site-packages/airflow/example_dags/tutorial_dag.py for tasks to queue
[2024-06-30T04:05:44.584+0000] {logging_mixin.py:188} INFO - [2024-06-30T04:05:44.584+0000] {dagbag.py:545} INFO - Filling up the DagBag from /home/airflow/.local/lib/python3.12/site-packages/airflow/example_dags/tutorial_dag.py
[2024-06-30T04:05:44.601+0000] {processor.py:840} INFO - DAG(s) 'tutorial_dag' retrieved from /home/airflow/.local/lib/python3.12/site-packages/airflow/example_dags/tutorial_dag.py
[2024-06-30T04:05:44.665+0000] {logging_mixin.py:188} INFO - [2024-06-30T04:05:44.665+0000] {dag.py:3096} INFO - Sync 1 DAGs
[2024-06-30T04:05:45.335+0000] {logging_mixin.py:188} INFO - [2024-06-30T04:05:45.334+0000] {dag.py:3954} INFO - Setting next_dagrun for tutorial_dag to None, run_after=None
[2024-06-30T04:05:45.483+0000] {processor.py:183} INFO - Processing /home/airflow/.local/lib/python3.12/site-packages/airflow/example_dags/tutorial_dag.py took 0.928 seconds
[2024-06-30T04:06:16.272+0000] {processor.py:161} INFO - Started process (PID=1869) to work on /home/airflow/.local/lib/python3.12/site-packages/airflow/example_dags/tutorial_dag.py
[2024-06-30T04:06:16.274+0000] {processor.py:830} INFO - Processing file /home/airflow/.local/lib/python3.12/site-packages/airflow/example_dags/tutorial_dag.py for tasks to queue
[2024-06-30T04:06:16.285+0000] {logging_mixin.py:188} INFO - [2024-06-30T04:06:16.284+0000] {dagbag.py:545} INFO - Filling up the DagBag from /home/airflow/.local/lib/python3.12/site-packages/airflow/example_dags/tutorial_dag.py
[2024-06-30T04:06:16.301+0000] {processor.py:840} INFO - DAG(s) 'tutorial_dag' retrieved from /home/airflow/.local/lib/python3.12/site-packages/airflow/example_dags/tutorial_dag.py
[2024-06-30T04:06:16.384+0000] {logging_mixin.py:188} INFO - [2024-06-30T04:06:16.384+0000] {dag.py:3096} INFO - Sync 1 DAGs
[2024-06-30T04:06:16.426+0000] {logging_mixin.py:188} INFO - [2024-06-30T04:06:16.425+0000] {dag.py:3954} INFO - Setting next_dagrun for tutorial_dag to None, run_after=None
[2024-06-30T04:06:16.855+0000] {processor.py:183} INFO - Processing /home/airflow/.local/lib/python3.12/site-packages/airflow/example_dags/tutorial_dag.py took 0.604 seconds
[2024-06-30T04:06:47.153+0000] {processor.py:161} INFO - Started process (PID=1928) to work on /home/airflow/.local/lib/python3.12/site-packages/airflow/example_dags/tutorial_dag.py
[2024-06-30T04:06:47.156+0000] {processor.py:830} INFO - Processing file /home/airflow/.local/lib/python3.12/site-packages/airflow/example_dags/tutorial_dag.py for tasks to queue
[2024-06-30T04:06:47.160+0000] {logging_mixin.py:188} INFO - [2024-06-30T04:06:47.159+0000] {dagbag.py:545} INFO - Filling up the DagBag from /home/airflow/.local/lib/python3.12/site-packages/airflow/example_dags/tutorial_dag.py
[2024-06-30T04:06:47.172+0000] {processor.py:840} INFO - DAG(s) 'tutorial_dag' retrieved from /home/airflow/.local/lib/python3.12/site-packages/airflow/example_dags/tutorial_dag.py
[2024-06-30T04:06:47.244+0000] {logging_mixin.py:188} INFO - [2024-06-30T04:06:47.243+0000] {dag.py:3096} INFO - Sync 1 DAGs
[2024-06-30T04:06:47.275+0000] {logging_mixin.py:188} INFO - [2024-06-30T04:06:47.274+0000] {dag.py:3954} INFO - Setting next_dagrun for tutorial_dag to None, run_after=None
[2024-06-30T04:06:47.322+0000] {processor.py:183} INFO - Processing /home/airflow/.local/lib/python3.12/site-packages/airflow/example_dags/tutorial_dag.py took 0.183 seconds
[2024-06-30T04:07:18.482+0000] {processor.py:161} INFO - Started process (PID=1986) to work on /home/airflow/.local/lib/python3.12/site-packages/airflow/example_dags/tutorial_dag.py
[2024-06-30T04:07:18.488+0000] {processor.py:830} INFO - Processing file /home/airflow/.local/lib/python3.12/site-packages/airflow/example_dags/tutorial_dag.py for tasks to queue
[2024-06-30T04:07:18.493+0000] {logging_mixin.py:188} INFO - [2024-06-30T04:07:18.491+0000] {dagbag.py:545} INFO - Filling up the DagBag from /home/airflow/.local/lib/python3.12/site-packages/airflow/example_dags/tutorial_dag.py
[2024-06-30T04:07:18.514+0000] {processor.py:840} INFO - DAG(s) 'tutorial_dag' retrieved from /home/airflow/.local/lib/python3.12/site-packages/airflow/example_dags/tutorial_dag.py
[2024-06-30T04:07:18.592+0000] {logging_mixin.py:188} INFO - [2024-06-30T04:07:18.591+0000] {dag.py:3096} INFO - Sync 1 DAGs
[2024-06-30T04:07:18.629+0000] {logging_mixin.py:188} INFO - [2024-06-30T04:07:18.629+0000] {dag.py:3954} INFO - Setting next_dagrun for tutorial_dag to None, run_after=None
[2024-06-30T04:07:18.750+0000] {processor.py:183} INFO - Processing /home/airflow/.local/lib/python3.12/site-packages/airflow/example_dags/tutorial_dag.py took 0.288 seconds
[2024-06-30T04:07:49.480+0000] {processor.py:161} INFO - Started process (PID=2044) to work on /home/airflow/.local/lib/python3.12/site-packages/airflow/example_dags/tutorial_dag.py
[2024-06-30T04:07:49.487+0000] {processor.py:830} INFO - Processing file /home/airflow/.local/lib/python3.12/site-packages/airflow/example_dags/tutorial_dag.py for tasks to queue
[2024-06-30T04:07:49.495+0000] {logging_mixin.py:188} INFO - [2024-06-30T04:07:49.494+0000] {dagbag.py:545} INFO - Filling up the DagBag from /home/airflow/.local/lib/python3.12/site-packages/airflow/example_dags/tutorial_dag.py
[2024-06-30T04:07:49.509+0000] {processor.py:840} INFO - DAG(s) 'tutorial_dag' retrieved from /home/airflow/.local/lib/python3.12/site-packages/airflow/example_dags/tutorial_dag.py
[2024-06-30T04:07:49.585+0000] {logging_mixin.py:188} INFO - [2024-06-30T04:07:49.585+0000] {dag.py:3096} INFO - Sync 1 DAGs
[2024-06-30T04:07:49.638+0000] {logging_mixin.py:188} INFO - [2024-06-30T04:07:49.637+0000] {dag.py:3954} INFO - Setting next_dagrun for tutorial_dag to None, run_after=None
[2024-06-30T04:07:49.865+0000] {processor.py:183} INFO - Processing /home/airflow/.local/lib/python3.12/site-packages/airflow/example_dags/tutorial_dag.py took 0.405 seconds
[2024-06-30T04:08:20.198+0000] {processor.py:161} INFO - Started process (PID=2102) to work on /home/airflow/.local/lib/python3.12/site-packages/airflow/example_dags/tutorial_dag.py
[2024-06-30T04:08:20.200+0000] {processor.py:830} INFO - Processing file /home/airflow/.local/lib/python3.12/site-packages/airflow/example_dags/tutorial_dag.py for tasks to queue
[2024-06-30T04:08:20.204+0000] {logging_mixin.py:188} INFO - [2024-06-30T04:08:20.203+0000] {dagbag.py:545} INFO - Filling up the DagBag from /home/airflow/.local/lib/python3.12/site-packages/airflow/example_dags/tutorial_dag.py
[2024-06-30T04:08:20.216+0000] {processor.py:840} INFO - DAG(s) 'tutorial_dag' retrieved from /home/airflow/.local/lib/python3.12/site-packages/airflow/example_dags/tutorial_dag.py
[2024-06-30T04:08:20.284+0000] {logging_mixin.py:188} INFO - [2024-06-30T04:08:20.282+0000] {dag.py:3096} INFO - Sync 1 DAGs
[2024-06-30T04:08:20.328+0000] {logging_mixin.py:188} INFO - [2024-06-30T04:08:20.327+0000] {dag.py:3954} INFO - Setting next_dagrun for tutorial_dag to None, run_after=None
[2024-06-30T04:08:20.389+0000] {processor.py:183} INFO - Processing /home/airflow/.local/lib/python3.12/site-packages/airflow/example_dags/tutorial_dag.py took 0.205 seconds
[2024-06-30T04:08:51.969+0000] {processor.py:161} INFO - Started process (PID=2159) to work on /home/airflow/.local/lib/python3.12/site-packages/airflow/example_dags/tutorial_dag.py
[2024-06-30T04:08:51.973+0000] {processor.py:830} INFO - Processing file /home/airflow/.local/lib/python3.12/site-packages/airflow/example_dags/tutorial_dag.py for tasks to queue
[2024-06-30T04:08:51.978+0000] {logging_mixin.py:188} INFO - [2024-06-30T04:08:51.977+0000] {dagbag.py:545} INFO - Filling up the DagBag from /home/airflow/.local/lib/python3.12/site-packages/airflow/example_dags/tutorial_dag.py
[2024-06-30T04:08:51.989+0000] {processor.py:840} INFO - DAG(s) 'tutorial_dag' retrieved from /home/airflow/.local/lib/python3.12/site-packages/airflow/example_dags/tutorial_dag.py
[2024-06-30T04:08:52.047+0000] {logging_mixin.py:188} INFO - [2024-06-30T04:08:52.046+0000] {dag.py:3096} INFO - Sync 1 DAGs
[2024-06-30T04:08:52.083+0000] {logging_mixin.py:188} INFO - [2024-06-30T04:08:52.082+0000] {dag.py:3954} INFO - Setting next_dagrun for tutorial_dag to None, run_after=None
[2024-06-30T04:08:52.169+0000] {processor.py:183} INFO - Processing /home/airflow/.local/lib/python3.12/site-packages/airflow/example_dags/tutorial_dag.py took 0.213 seconds
[2024-06-30T04:09:24.874+0000] {processor.py:161} INFO - Started process (PID=2217) to work on /home/airflow/.local/lib/python3.12/site-packages/airflow/example_dags/tutorial_dag.py
[2024-06-30T04:09:24.888+0000] {processor.py:830} INFO - Processing file /home/airflow/.local/lib/python3.12/site-packages/airflow/example_dags/tutorial_dag.py for tasks to queue
[2024-06-30T04:09:24.891+0000] {logging_mixin.py:188} INFO - [2024-06-30T04:09:24.891+0000] {dagbag.py:545} INFO - Filling up the DagBag from /home/airflow/.local/lib/python3.12/site-packages/airflow/example_dags/tutorial_dag.py
[2024-06-30T04:09:24.923+0000] {processor.py:840} INFO - DAG(s) 'tutorial_dag' retrieved from /home/airflow/.local/lib/python3.12/site-packages/airflow/example_dags/tutorial_dag.py
[2024-06-30T04:09:25.072+0000] {logging_mixin.py:188} INFO - [2024-06-30T04:09:25.071+0000] {dag.py:3096} INFO - Sync 1 DAGs
[2024-06-30T04:09:25.150+0000] {logging_mixin.py:188} INFO - [2024-06-30T04:09:25.150+0000] {dag.py:3954} INFO - Setting next_dagrun for tutorial_dag to None, run_after=None
[2024-06-30T04:09:25.283+0000] {processor.py:183} INFO - Processing /home/airflow/.local/lib/python3.12/site-packages/airflow/example_dags/tutorial_dag.py took 0.442 seconds
[2024-06-30T04:09:55.417+0000] {processor.py:161} INFO - Started process (PID=2276) to work on /home/airflow/.local/lib/python3.12/site-packages/airflow/example_dags/tutorial_dag.py
[2024-06-30T04:09:55.419+0000] {processor.py:830} INFO - Processing file /home/airflow/.local/lib/python3.12/site-packages/airflow/example_dags/tutorial_dag.py for tasks to queue
[2024-06-30T04:09:55.425+0000] {logging_mixin.py:188} INFO - [2024-06-30T04:09:55.423+0000] {dagbag.py:545} INFO - Filling up the DagBag from /home/airflow/.local/lib/python3.12/site-packages/airflow/example_dags/tutorial_dag.py
[2024-06-30T04:09:55.433+0000] {processor.py:840} INFO - DAG(s) 'tutorial_dag' retrieved from /home/airflow/.local/lib/python3.12/site-packages/airflow/example_dags/tutorial_dag.py
[2024-06-30T04:09:55.467+0000] {logging_mixin.py:188} INFO - [2024-06-30T04:09:55.467+0000] {dag.py:3096} INFO - Sync 1 DAGs
[2024-06-30T04:09:55.491+0000] {logging_mixin.py:188} INFO - [2024-06-30T04:09:55.491+0000] {dag.py:3954} INFO - Setting next_dagrun for tutorial_dag to None, run_after=None
[2024-06-30T04:09:55.523+0000] {processor.py:183} INFO - Processing /home/airflow/.local/lib/python3.12/site-packages/airflow/example_dags/tutorial_dag.py took 0.117 seconds
[2024-06-30T04:10:26.449+0000] {processor.py:161} INFO - Started process (PID=2334) to work on /home/airflow/.local/lib/python3.12/site-packages/airflow/example_dags/tutorial_dag.py
[2024-06-30T04:10:26.452+0000] {processor.py:830} INFO - Processing file /home/airflow/.local/lib/python3.12/site-packages/airflow/example_dags/tutorial_dag.py for tasks to queue
[2024-06-30T04:10:26.457+0000] {logging_mixin.py:188} INFO - [2024-06-30T04:10:26.456+0000] {dagbag.py:545} INFO - Filling up the DagBag from /home/airflow/.local/lib/python3.12/site-packages/airflow/example_dags/tutorial_dag.py
[2024-06-30T04:10:26.471+0000] {processor.py:840} INFO - DAG(s) 'tutorial_dag' retrieved from /home/airflow/.local/lib/python3.12/site-packages/airflow/example_dags/tutorial_dag.py
[2024-06-30T04:10:26.532+0000] {logging_mixin.py:188} INFO - [2024-06-30T04:10:26.531+0000] {dag.py:3096} INFO - Sync 1 DAGs
[2024-06-30T04:10:26.556+0000] {logging_mixin.py:188} INFO - [2024-06-30T04:10:26.555+0000] {dag.py:3954} INFO - Setting next_dagrun for tutorial_dag to None, run_after=None
[2024-06-30T04:10:26.617+0000] {processor.py:183} INFO - Processing /home/airflow/.local/lib/python3.12/site-packages/airflow/example_dags/tutorial_dag.py took 0.179 seconds
[2024-06-30T04:10:57.435+0000] {processor.py:161} INFO - Started process (PID=2390) to work on /home/airflow/.local/lib/python3.12/site-packages/airflow/example_dags/tutorial_dag.py
[2024-06-30T04:10:57.440+0000] {processor.py:830} INFO - Processing file /home/airflow/.local/lib/python3.12/site-packages/airflow/example_dags/tutorial_dag.py for tasks to queue
[2024-06-30T04:10:57.455+0000] {logging_mixin.py:188} INFO - [2024-06-30T04:10:57.455+0000] {dagbag.py:545} INFO - Filling up the DagBag from /home/airflow/.local/lib/python3.12/site-packages/airflow/example_dags/tutorial_dag.py
[2024-06-30T04:10:57.472+0000] {processor.py:840} INFO - DAG(s) 'tutorial_dag' retrieved from /home/airflow/.local/lib/python3.12/site-packages/airflow/example_dags/tutorial_dag.py
[2024-06-30T04:10:57.558+0000] {logging_mixin.py:188} INFO - [2024-06-30T04:10:57.557+0000] {dag.py:3096} INFO - Sync 1 DAGs
[2024-06-30T04:10:57.597+0000] {logging_mixin.py:188} INFO - [2024-06-30T04:10:57.596+0000] {dag.py:3954} INFO - Setting next_dagrun for tutorial_dag to None, run_after=None
[2024-06-30T04:10:57.667+0000] {processor.py:183} INFO - Processing /home/airflow/.local/lib/python3.12/site-packages/airflow/example_dags/tutorial_dag.py took 0.247 seconds
[2024-06-30T04:11:27.981+0000] {processor.py:161} INFO - Started process (PID=2448) to work on /home/airflow/.local/lib/python3.12/site-packages/airflow/example_dags/tutorial_dag.py
[2024-06-30T04:11:27.983+0000] {processor.py:830} INFO - Processing file /home/airflow/.local/lib/python3.12/site-packages/airflow/example_dags/tutorial_dag.py for tasks to queue
[2024-06-30T04:11:27.987+0000] {logging_mixin.py:188} INFO - [2024-06-30T04:11:27.987+0000] {dagbag.py:545} INFO - Filling up the DagBag from /home/airflow/.local/lib/python3.12/site-packages/airflow/example_dags/tutorial_dag.py
[2024-06-30T04:11:27.997+0000] {processor.py:840} INFO - DAG(s) 'tutorial_dag' retrieved from /home/airflow/.local/lib/python3.12/site-packages/airflow/example_dags/tutorial_dag.py
[2024-06-30T04:11:28.053+0000] {logging_mixin.py:188} INFO - [2024-06-30T04:11:28.052+0000] {dag.py:3096} INFO - Sync 1 DAGs
[2024-06-30T04:11:28.125+0000] {logging_mixin.py:188} INFO - [2024-06-30T04:11:28.124+0000] {dag.py:3954} INFO - Setting next_dagrun for tutorial_dag to None, run_after=None
[2024-06-30T04:11:28.181+0000] {processor.py:183} INFO - Processing /home/airflow/.local/lib/python3.12/site-packages/airflow/example_dags/tutorial_dag.py took 0.211 seconds
[2024-06-30T04:11:58.529+0000] {processor.py:161} INFO - Started process (PID=2505) to work on /home/airflow/.local/lib/python3.12/site-packages/airflow/example_dags/tutorial_dag.py
[2024-06-30T04:11:58.531+0000] {processor.py:830} INFO - Processing file /home/airflow/.local/lib/python3.12/site-packages/airflow/example_dags/tutorial_dag.py for tasks to queue
[2024-06-30T04:11:58.534+0000] {logging_mixin.py:188} INFO - [2024-06-30T04:11:58.533+0000] {dagbag.py:545} INFO - Filling up the DagBag from /home/airflow/.local/lib/python3.12/site-packages/airflow/example_dags/tutorial_dag.py
[2024-06-30T04:11:58.541+0000] {processor.py:840} INFO - DAG(s) 'tutorial_dag' retrieved from /home/airflow/.local/lib/python3.12/site-packages/airflow/example_dags/tutorial_dag.py
[2024-06-30T04:11:58.583+0000] {logging_mixin.py:188} INFO - [2024-06-30T04:11:58.583+0000] {dag.py:3096} INFO - Sync 1 DAGs
[2024-06-30T04:11:58.608+0000] {logging_mixin.py:188} INFO - [2024-06-30T04:11:58.608+0000] {dag.py:3954} INFO - Setting next_dagrun for tutorial_dag to None, run_after=None
[2024-06-30T04:11:58.661+0000] {processor.py:183} INFO - Processing /home/airflow/.local/lib/python3.12/site-packages/airflow/example_dags/tutorial_dag.py took 0.141 seconds
[2024-06-30T04:12:29.037+0000] {processor.py:161} INFO - Started process (PID=2563) to work on /home/airflow/.local/lib/python3.12/site-packages/airflow/example_dags/tutorial_dag.py
[2024-06-30T04:12:29.038+0000] {processor.py:830} INFO - Processing file /home/airflow/.local/lib/python3.12/site-packages/airflow/example_dags/tutorial_dag.py for tasks to queue
[2024-06-30T04:12:29.041+0000] {logging_mixin.py:188} INFO - [2024-06-30T04:12:29.041+0000] {dagbag.py:545} INFO - Filling up the DagBag from /home/airflow/.local/lib/python3.12/site-packages/airflow/example_dags/tutorial_dag.py
[2024-06-30T04:12:29.048+0000] {processor.py:840} INFO - DAG(s) 'tutorial_dag' retrieved from /home/airflow/.local/lib/python3.12/site-packages/airflow/example_dags/tutorial_dag.py
[2024-06-30T04:12:29.080+0000] {logging_mixin.py:188} INFO - [2024-06-30T04:12:29.080+0000] {dag.py:3096} INFO - Sync 1 DAGs
[2024-06-30T04:12:29.098+0000] {logging_mixin.py:188} INFO - [2024-06-30T04:12:29.098+0000] {dag.py:3954} INFO - Setting next_dagrun for tutorial_dag to None, run_after=None
[2024-06-30T04:12:29.128+0000] {processor.py:183} INFO - Processing /home/airflow/.local/lib/python3.12/site-packages/airflow/example_dags/tutorial_dag.py took 0.099 seconds
[2024-06-30T04:12:59.816+0000] {processor.py:161} INFO - Started process (PID=2621) to work on /home/airflow/.local/lib/python3.12/site-packages/airflow/example_dags/tutorial_dag.py
[2024-06-30T04:12:59.817+0000] {processor.py:830} INFO - Processing file /home/airflow/.local/lib/python3.12/site-packages/airflow/example_dags/tutorial_dag.py for tasks to queue
[2024-06-30T04:12:59.822+0000] {logging_mixin.py:188} INFO - [2024-06-30T04:12:59.821+0000] {dagbag.py:545} INFO - Filling up the DagBag from /home/airflow/.local/lib/python3.12/site-packages/airflow/example_dags/tutorial_dag.py
[2024-06-30T04:12:59.832+0000] {processor.py:840} INFO - DAG(s) 'tutorial_dag' retrieved from /home/airflow/.local/lib/python3.12/site-packages/airflow/example_dags/tutorial_dag.py
[2024-06-30T04:12:59.869+0000] {logging_mixin.py:188} INFO - [2024-06-30T04:12:59.869+0000] {dag.py:3096} INFO - Sync 1 DAGs
[2024-06-30T04:12:59.894+0000] {logging_mixin.py:188} INFO - [2024-06-30T04:12:59.894+0000] {dag.py:3954} INFO - Setting next_dagrun for tutorial_dag to None, run_after=None
[2024-06-30T04:12:59.930+0000] {processor.py:183} INFO - Processing /home/airflow/.local/lib/python3.12/site-packages/airflow/example_dags/tutorial_dag.py took 0.121 seconds
[2024-06-30T04:13:30.091+0000] {processor.py:161} INFO - Started process (PID=2679) to work on /home/airflow/.local/lib/python3.12/site-packages/airflow/example_dags/tutorial_dag.py
[2024-06-30T04:13:30.093+0000] {processor.py:830} INFO - Processing file /home/airflow/.local/lib/python3.12/site-packages/airflow/example_dags/tutorial_dag.py for tasks to queue
[2024-06-30T04:13:30.097+0000] {logging_mixin.py:188} INFO - [2024-06-30T04:13:30.096+0000] {dagbag.py:545} INFO - Filling up the DagBag from /home/airflow/.local/lib/python3.12/site-packages/airflow/example_dags/tutorial_dag.py
[2024-06-30T04:13:30.115+0000] {processor.py:840} INFO - DAG(s) 'tutorial_dag' retrieved from /home/airflow/.local/lib/python3.12/site-packages/airflow/example_dags/tutorial_dag.py
[2024-06-30T04:13:30.161+0000] {logging_mixin.py:188} INFO - [2024-06-30T04:13:30.160+0000] {dag.py:3096} INFO - Sync 1 DAGs
[2024-06-30T04:13:30.195+0000] {logging_mixin.py:188} INFO - [2024-06-30T04:13:30.195+0000] {dag.py:3954} INFO - Setting next_dagrun for tutorial_dag to None, run_after=None
[2024-06-30T04:13:30.243+0000] {processor.py:183} INFO - Processing /home/airflow/.local/lib/python3.12/site-packages/airflow/example_dags/tutorial_dag.py took 0.163 seconds
[2024-06-30T04:14:00.699+0000] {processor.py:161} INFO - Started process (PID=2739) to work on /home/airflow/.local/lib/python3.12/site-packages/airflow/example_dags/tutorial_dag.py
[2024-06-30T04:14:00.701+0000] {processor.py:830} INFO - Processing file /home/airflow/.local/lib/python3.12/site-packages/airflow/example_dags/tutorial_dag.py for tasks to queue
[2024-06-30T04:14:00.705+0000] {logging_mixin.py:188} INFO - [2024-06-30T04:14:00.705+0000] {dagbag.py:545} INFO - Filling up the DagBag from /home/airflow/.local/lib/python3.12/site-packages/airflow/example_dags/tutorial_dag.py
[2024-06-30T04:14:00.717+0000] {processor.py:840} INFO - DAG(s) 'tutorial_dag' retrieved from /home/airflow/.local/lib/python3.12/site-packages/airflow/example_dags/tutorial_dag.py
[2024-06-30T04:14:00.751+0000] {logging_mixin.py:188} INFO - [2024-06-30T04:14:00.750+0000] {dag.py:3096} INFO - Sync 1 DAGs
[2024-06-30T04:14:00.774+0000] {logging_mixin.py:188} INFO - [2024-06-30T04:14:00.774+0000] {dag.py:3954} INFO - Setting next_dagrun for tutorial_dag to None, run_after=None
[2024-06-30T04:14:00.818+0000] {processor.py:183} INFO - Processing /home/airflow/.local/lib/python3.12/site-packages/airflow/example_dags/tutorial_dag.py took 0.129 seconds
[2024-06-30T04:14:31.449+0000] {processor.py:161} INFO - Started process (PID=2797) to work on /home/airflow/.local/lib/python3.12/site-packages/airflow/example_dags/tutorial_dag.py
[2024-06-30T04:14:31.450+0000] {processor.py:830} INFO - Processing file /home/airflow/.local/lib/python3.12/site-packages/airflow/example_dags/tutorial_dag.py for tasks to queue
[2024-06-30T04:14:31.453+0000] {logging_mixin.py:188} INFO - [2024-06-30T04:14:31.452+0000] {dagbag.py:545} INFO - Filling up the DagBag from /home/airflow/.local/lib/python3.12/site-packages/airflow/example_dags/tutorial_dag.py
[2024-06-30T04:14:31.465+0000] {processor.py:840} INFO - DAG(s) 'tutorial_dag' retrieved from /home/airflow/.local/lib/python3.12/site-packages/airflow/example_dags/tutorial_dag.py
[2024-06-30T04:14:31.545+0000] {logging_mixin.py:188} INFO - [2024-06-30T04:14:31.545+0000] {dag.py:3096} INFO - Sync 1 DAGs
[2024-06-30T04:14:31.588+0000] {logging_mixin.py:188} INFO - [2024-06-30T04:14:31.588+0000] {dag.py:3954} INFO - Setting next_dagrun for tutorial_dag to None, run_after=None
[2024-06-30T04:14:31.625+0000] {processor.py:183} INFO - Processing /home/airflow/.local/lib/python3.12/site-packages/airflow/example_dags/tutorial_dag.py took 0.188 seconds
[2024-06-30T04:15:01.769+0000] {processor.py:161} INFO - Started process (PID=2855) to work on /home/airflow/.local/lib/python3.12/site-packages/airflow/example_dags/tutorial_dag.py
[2024-06-30T04:15:01.770+0000] {processor.py:830} INFO - Processing file /home/airflow/.local/lib/python3.12/site-packages/airflow/example_dags/tutorial_dag.py for tasks to queue
[2024-06-30T04:15:01.773+0000] {logging_mixin.py:188} INFO - [2024-06-30T04:15:01.772+0000] {dagbag.py:545} INFO - Filling up the DagBag from /home/airflow/.local/lib/python3.12/site-packages/airflow/example_dags/tutorial_dag.py
[2024-06-30T04:15:01.779+0000] {processor.py:840} INFO - DAG(s) 'tutorial_dag' retrieved from /home/airflow/.local/lib/python3.12/site-packages/airflow/example_dags/tutorial_dag.py
[2024-06-30T04:15:01.810+0000] {logging_mixin.py:188} INFO - [2024-06-30T04:15:01.810+0000] {dag.py:3096} INFO - Sync 1 DAGs
[2024-06-30T04:15:01.834+0000] {logging_mixin.py:188} INFO - [2024-06-30T04:15:01.834+0000] {dag.py:3954} INFO - Setting next_dagrun for tutorial_dag to None, run_after=None
[2024-06-30T04:15:01.865+0000] {processor.py:183} INFO - Processing /home/airflow/.local/lib/python3.12/site-packages/airflow/example_dags/tutorial_dag.py took 0.104 seconds
[2024-06-30T04:15:31.976+0000] {processor.py:161} INFO - Started process (PID=2913) to work on /home/airflow/.local/lib/python3.12/site-packages/airflow/example_dags/tutorial_dag.py
[2024-06-30T04:15:31.978+0000] {processor.py:830} INFO - Processing file /home/airflow/.local/lib/python3.12/site-packages/airflow/example_dags/tutorial_dag.py for tasks to queue
[2024-06-30T04:15:31.981+0000] {logging_mixin.py:188} INFO - [2024-06-30T04:15:31.980+0000] {dagbag.py:545} INFO - Filling up the DagBag from /home/airflow/.local/lib/python3.12/site-packages/airflow/example_dags/tutorial_dag.py
[2024-06-30T04:15:31.997+0000] {processor.py:840} INFO - DAG(s) 'tutorial_dag' retrieved from /home/airflow/.local/lib/python3.12/site-packages/airflow/example_dags/tutorial_dag.py
[2024-06-30T04:15:32.031+0000] {logging_mixin.py:188} INFO - [2024-06-30T04:15:32.031+0000] {dag.py:3096} INFO - Sync 1 DAGs
[2024-06-30T04:15:32.057+0000] {logging_mixin.py:188} INFO - [2024-06-30T04:15:32.056+0000] {dag.py:3954} INFO - Setting next_dagrun for tutorial_dag to None, run_after=None
[2024-06-30T04:15:32.097+0000] {processor.py:183} INFO - Processing /home/airflow/.local/lib/python3.12/site-packages/airflow/example_dags/tutorial_dag.py took 0.131 seconds
[2024-06-30T04:16:02.249+0000] {processor.py:161} INFO - Started process (PID=2970) to work on /home/airflow/.local/lib/python3.12/site-packages/airflow/example_dags/tutorial_dag.py
[2024-06-30T04:16:02.252+0000] {processor.py:830} INFO - Processing file /home/airflow/.local/lib/python3.12/site-packages/airflow/example_dags/tutorial_dag.py for tasks to queue
[2024-06-30T04:16:02.255+0000] {logging_mixin.py:188} INFO - [2024-06-30T04:16:02.254+0000] {dagbag.py:545} INFO - Filling up the DagBag from /home/airflow/.local/lib/python3.12/site-packages/airflow/example_dags/tutorial_dag.py
[2024-06-30T04:16:02.263+0000] {processor.py:840} INFO - DAG(s) 'tutorial_dag' retrieved from /home/airflow/.local/lib/python3.12/site-packages/airflow/example_dags/tutorial_dag.py
[2024-06-30T04:16:02.300+0000] {logging_mixin.py:188} INFO - [2024-06-30T04:16:02.299+0000] {dag.py:3096} INFO - Sync 1 DAGs
[2024-06-30T04:16:02.334+0000] {logging_mixin.py:188} INFO - [2024-06-30T04:16:02.334+0000] {dag.py:3954} INFO - Setting next_dagrun for tutorial_dag to None, run_after=None
[2024-06-30T04:16:02.380+0000] {processor.py:183} INFO - Processing /home/airflow/.local/lib/python3.12/site-packages/airflow/example_dags/tutorial_dag.py took 0.142 seconds
[2024-06-30T04:16:33.277+0000] {processor.py:161} INFO - Started process (PID=3028) to work on /home/airflow/.local/lib/python3.12/site-packages/airflow/example_dags/tutorial_dag.py
[2024-06-30T04:16:33.279+0000] {processor.py:830} INFO - Processing file /home/airflow/.local/lib/python3.12/site-packages/airflow/example_dags/tutorial_dag.py for tasks to queue
[2024-06-30T04:16:33.283+0000] {logging_mixin.py:188} INFO - [2024-06-30T04:16:33.282+0000] {dagbag.py:545} INFO - Filling up the DagBag from /home/airflow/.local/lib/python3.12/site-packages/airflow/example_dags/tutorial_dag.py
[2024-06-30T04:16:33.293+0000] {processor.py:840} INFO - DAG(s) 'tutorial_dag' retrieved from /home/airflow/.local/lib/python3.12/site-packages/airflow/example_dags/tutorial_dag.py
[2024-06-30T04:16:33.330+0000] {logging_mixin.py:188} INFO - [2024-06-30T04:16:33.330+0000] {dag.py:3096} INFO - Sync 1 DAGs
[2024-06-30T04:16:33.362+0000] {logging_mixin.py:188} INFO - [2024-06-30T04:16:33.362+0000] {dag.py:3954} INFO - Setting next_dagrun for tutorial_dag to None, run_after=None
[2024-06-30T04:16:33.408+0000] {processor.py:183} INFO - Processing /home/airflow/.local/lib/python3.12/site-packages/airflow/example_dags/tutorial_dag.py took 0.142 seconds
[2024-06-30T04:17:03.997+0000] {processor.py:161} INFO - Started process (PID=3086) to work on /home/airflow/.local/lib/python3.12/site-packages/airflow/example_dags/tutorial_dag.py
[2024-06-30T04:17:04.003+0000] {processor.py:830} INFO - Processing file /home/airflow/.local/lib/python3.12/site-packages/airflow/example_dags/tutorial_dag.py for tasks to queue
[2024-06-30T04:17:04.007+0000] {logging_mixin.py:188} INFO - [2024-06-30T04:17:04.006+0000] {dagbag.py:545} INFO - Filling up the DagBag from /home/airflow/.local/lib/python3.12/site-packages/airflow/example_dags/tutorial_dag.py
[2024-06-30T04:17:04.019+0000] {processor.py:840} INFO - DAG(s) 'tutorial_dag' retrieved from /home/airflow/.local/lib/python3.12/site-packages/airflow/example_dags/tutorial_dag.py
[2024-06-30T04:17:04.069+0000] {logging_mixin.py:188} INFO - [2024-06-30T04:17:04.068+0000] {dag.py:3096} INFO - Sync 1 DAGs
[2024-06-30T04:17:04.102+0000] {logging_mixin.py:188} INFO - [2024-06-30T04:17:04.101+0000] {dag.py:3954} INFO - Setting next_dagrun for tutorial_dag to None, run_after=None
[2024-06-30T04:17:04.174+0000] {processor.py:183} INFO - Processing /home/airflow/.local/lib/python3.12/site-packages/airflow/example_dags/tutorial_dag.py took 0.187 seconds
[2024-06-30T04:17:35.041+0000] {processor.py:161} INFO - Started process (PID=3141) to work on /home/airflow/.local/lib/python3.12/site-packages/airflow/example_dags/tutorial_dag.py
[2024-06-30T04:17:35.043+0000] {processor.py:830} INFO - Processing file /home/airflow/.local/lib/python3.12/site-packages/airflow/example_dags/tutorial_dag.py for tasks to queue
[2024-06-30T04:17:35.047+0000] {logging_mixin.py:188} INFO - [2024-06-30T04:17:35.046+0000] {dagbag.py:545} INFO - Filling up the DagBag from /home/airflow/.local/lib/python3.12/site-packages/airflow/example_dags/tutorial_dag.py
[2024-06-30T04:17:35.055+0000] {processor.py:840} INFO - DAG(s) 'tutorial_dag' retrieved from /home/airflow/.local/lib/python3.12/site-packages/airflow/example_dags/tutorial_dag.py
[2024-06-30T04:17:35.091+0000] {logging_mixin.py:188} INFO - [2024-06-30T04:17:35.090+0000] {dag.py:3096} INFO - Sync 1 DAGs
[2024-06-30T04:17:35.119+0000] {logging_mixin.py:188} INFO - [2024-06-30T04:17:35.118+0000] {dag.py:3954} INFO - Setting next_dagrun for tutorial_dag to None, run_after=None
[2024-06-30T04:17:35.156+0000] {processor.py:183} INFO - Processing /home/airflow/.local/lib/python3.12/site-packages/airflow/example_dags/tutorial_dag.py took 0.123 seconds
[2024-06-30T04:18:05.731+0000] {processor.py:161} INFO - Started process (PID=3199) to work on /home/airflow/.local/lib/python3.12/site-packages/airflow/example_dags/tutorial_dag.py
[2024-06-30T04:18:05.732+0000] {processor.py:830} INFO - Processing file /home/airflow/.local/lib/python3.12/site-packages/airflow/example_dags/tutorial_dag.py for tasks to queue
[2024-06-30T04:18:05.736+0000] {logging_mixin.py:188} INFO - [2024-06-30T04:18:05.735+0000] {dagbag.py:545} INFO - Filling up the DagBag from /home/airflow/.local/lib/python3.12/site-packages/airflow/example_dags/tutorial_dag.py
[2024-06-30T04:18:05.745+0000] {processor.py:840} INFO - DAG(s) 'tutorial_dag' retrieved from /home/airflow/.local/lib/python3.12/site-packages/airflow/example_dags/tutorial_dag.py
[2024-06-30T04:18:05.803+0000] {logging_mixin.py:188} INFO - [2024-06-30T04:18:05.802+0000] {dag.py:3096} INFO - Sync 1 DAGs
[2024-06-30T04:18:05.834+0000] {logging_mixin.py:188} INFO - [2024-06-30T04:18:05.834+0000] {dag.py:3954} INFO - Setting next_dagrun for tutorial_dag to None, run_after=None
[2024-06-30T04:18:05.910+0000] {processor.py:183} INFO - Processing /home/airflow/.local/lib/python3.12/site-packages/airflow/example_dags/tutorial_dag.py took 0.190 seconds
[2024-06-30T04:18:36.639+0000] {processor.py:161} INFO - Started process (PID=3256) to work on /home/airflow/.local/lib/python3.12/site-packages/airflow/example_dags/tutorial_dag.py
[2024-06-30T04:18:36.641+0000] {processor.py:830} INFO - Processing file /home/airflow/.local/lib/python3.12/site-packages/airflow/example_dags/tutorial_dag.py for tasks to queue
[2024-06-30T04:18:36.645+0000] {logging_mixin.py:188} INFO - [2024-06-30T04:18:36.644+0000] {dagbag.py:545} INFO - Filling up the DagBag from /home/airflow/.local/lib/python3.12/site-packages/airflow/example_dags/tutorial_dag.py
[2024-06-30T04:18:36.659+0000] {processor.py:840} INFO - DAG(s) 'tutorial_dag' retrieved from /home/airflow/.local/lib/python3.12/site-packages/airflow/example_dags/tutorial_dag.py
[2024-06-30T04:18:36.712+0000] {logging_mixin.py:188} INFO - [2024-06-30T04:18:36.711+0000] {dag.py:3096} INFO - Sync 1 DAGs
[2024-06-30T04:18:36.747+0000] {logging_mixin.py:188} INFO - [2024-06-30T04:18:36.747+0000] {dag.py:3954} INFO - Setting next_dagrun for tutorial_dag to None, run_after=None
[2024-06-30T04:18:36.791+0000] {processor.py:183} INFO - Processing /home/airflow/.local/lib/python3.12/site-packages/airflow/example_dags/tutorial_dag.py took 0.164 seconds
[2024-06-30T04:19:07.433+0000] {processor.py:161} INFO - Started process (PID=3314) to work on /home/airflow/.local/lib/python3.12/site-packages/airflow/example_dags/tutorial_dag.py
[2024-06-30T04:19:07.435+0000] {processor.py:830} INFO - Processing file /home/airflow/.local/lib/python3.12/site-packages/airflow/example_dags/tutorial_dag.py for tasks to queue
[2024-06-30T04:19:07.438+0000] {logging_mixin.py:188} INFO - [2024-06-30T04:19:07.437+0000] {dagbag.py:545} INFO - Filling up the DagBag from /home/airflow/.local/lib/python3.12/site-packages/airflow/example_dags/tutorial_dag.py
[2024-06-30T04:19:07.453+0000] {processor.py:840} INFO - DAG(s) 'tutorial_dag' retrieved from /home/airflow/.local/lib/python3.12/site-packages/airflow/example_dags/tutorial_dag.py
[2024-06-30T04:19:07.531+0000] {logging_mixin.py:188} INFO - [2024-06-30T04:19:07.530+0000] {dag.py:3096} INFO - Sync 1 DAGs
[2024-06-30T04:19:07.565+0000] {logging_mixin.py:188} INFO - [2024-06-30T04:19:07.564+0000] {dag.py:3954} INFO - Setting next_dagrun for tutorial_dag to None, run_after=None
[2024-06-30T04:19:07.635+0000] {processor.py:183} INFO - Processing /home/airflow/.local/lib/python3.12/site-packages/airflow/example_dags/tutorial_dag.py took 0.217 seconds
[2024-06-30T04:19:38.253+0000] {processor.py:161} INFO - Started process (PID=3372) to work on /home/airflow/.local/lib/python3.12/site-packages/airflow/example_dags/tutorial_dag.py
[2024-06-30T04:19:38.255+0000] {processor.py:830} INFO - Processing file /home/airflow/.local/lib/python3.12/site-packages/airflow/example_dags/tutorial_dag.py for tasks to queue
[2024-06-30T04:19:38.258+0000] {logging_mixin.py:188} INFO - [2024-06-30T04:19:38.258+0000] {dagbag.py:545} INFO - Filling up the DagBag from /home/airflow/.local/lib/python3.12/site-packages/airflow/example_dags/tutorial_dag.py
[2024-06-30T04:19:38.267+0000] {processor.py:840} INFO - DAG(s) 'tutorial_dag' retrieved from /home/airflow/.local/lib/python3.12/site-packages/airflow/example_dags/tutorial_dag.py
[2024-06-30T04:19:38.302+0000] {logging_mixin.py:188} INFO - [2024-06-30T04:19:38.302+0000] {dag.py:3096} INFO - Sync 1 DAGs
[2024-06-30T04:19:38.331+0000] {logging_mixin.py:188} INFO - [2024-06-30T04:19:38.331+0000] {dag.py:3954} INFO - Setting next_dagrun for tutorial_dag to None, run_after=None
[2024-06-30T04:19:38.398+0000] {processor.py:183} INFO - Processing /home/airflow/.local/lib/python3.12/site-packages/airflow/example_dags/tutorial_dag.py took 0.154 seconds
