[2024-07-07T15:31:50.276+0000] {local_task_job_runner.py:120} INFO - ::group::Pre task execution logs
[2024-07-07T15:31:50.677+0000] {taskinstance.py:2076} INFO - Dependencies all met for dep_context=non-requeueable deps ti=<TaskInstance: sample_etl.extract scheduled__2024-05-07T00:00:00+00:00 [queued]>
[2024-07-07T15:31:50.778+0000] {taskinstance.py:2076} INFO - Dependencies all met for dep_context=requeueable deps ti=<TaskInstance: sample_etl.extract scheduled__2024-05-07T00:00:00+00:00 [queued]>
[2024-07-07T15:31:50.790+0000] {taskinstance.py:2306} INFO - Starting attempt 1 of 2
[2024-07-07T15:31:51.088+0000] {taskinstance.py:2330} INFO - Executing <Task(BashOperator): extract> on 2024-05-07 00:00:00+00:00
[2024-07-07T15:31:51.359+0000] {logging_mixin.py:188} WARNING - /home/***/.local/lib/python3.12/site-packages/***/task/task_runner/standard_task_runner.py:61 DeprecationWarning: This process (pid=2019) is multi-threaded, use of fork() may lead to deadlocks in the child.
[2024-07-07T15:31:51.364+0000] {standard_task_runner.py:63} INFO - Started process 2029 to run task
[2024-07-07T15:31:51.345+0000] {standard_task_runner.py:90} INFO - Running: ['***', 'tasks', 'run', 'sample_etl', 'extract', 'scheduled__2024-05-07T00:00:00+00:00', '--job-id', '141', '--raw', '--subdir', 'DAGS_FOLDER/etl_sample.py', '--cfg-path', '/tmp/tmpx2re6dad']
[2024-07-07T15:31:51.399+0000] {standard_task_runner.py:91} INFO - Job 141: Subtask extract
[2024-07-07T15:31:52.479+0000] {task_command.py:426} INFO - Running <TaskInstance: sample_etl.extract scheduled__2024-05-07T00:00:00+00:00 [running]> on host a10fdcb539f4
[2024-07-07T15:31:53.948+0000] {taskinstance.py:2648} INFO - Exporting env vars: AIRFLOW_CTX_DAG_OWNER='baven' AIRFLOW_CTX_DAG_ID='sample_etl' AIRFLOW_CTX_TASK_ID='extract' AIRFLOW_CTX_EXECUTION_DATE='2024-05-07T00:00:00+00:00' AIRFLOW_CTX_TRY_NUMBER='1' AIRFLOW_CTX_DAG_RUN_ID='scheduled__2024-05-07T00:00:00+00:00'
[2024-07-07T15:31:53.955+0000] {taskinstance.py:430} INFO - ::endgroup::
[2024-07-07T15:31:54.266+0000] {subprocess.py:63} INFO - Tmp dir root location: /tmp
[2024-07-07T15:31:54.267+0000] {subprocess.py:75} INFO - Running command: ['/usr/bin/bash', '-c', 'echo "extract"']
[2024-07-07T15:31:54.451+0000] {subprocess.py:86} INFO - Output:
[2024-07-07T15:31:54.469+0000] {subprocess.py:93} INFO - extract
[2024-07-07T15:31:54.473+0000] {subprocess.py:97} INFO - Command exited with return code 0
[2024-07-07T15:31:54.480+0000] {taskinstance.py:441} INFO - ::group::Post task execution logs
[2024-07-07T15:31:54.769+0000] {taskinstance.py:1206} INFO - Marking task as SUCCESS. dag_id=sample_etl, task_id=extract, run_id=scheduled__2024-05-07T00:00:00+00:00, execution_date=20240507T000000, start_date=20240707T153150, end_date=20240707T153154
[2024-07-07T15:31:55.191+0000] {local_task_job_runner.py:240} INFO - Task exited with return code 0
[2024-07-07T15:31:55.815+0000] {taskinstance.py:3503} INFO - 1 downstream tasks scheduled from follow-on schedule check
[2024-07-07T15:31:55.844+0000] {local_task_job_runner.py:222} INFO - ::endgroup::
