[2024-07-07T15:31:56.288+0000] {local_task_job_runner.py:120} INFO - ::group::Pre task execution logs
[2024-07-07T15:31:57.159+0000] {taskinstance.py:2076} INFO - Dependencies all met for dep_context=non-requeueable deps ti=<TaskInstance: sample_etl.extract scheduled__2024-05-14T00:00:00+00:00 [queued]>
[2024-07-07T15:31:57.212+0000] {taskinstance.py:2076} INFO - Dependencies all met for dep_context=requeueable deps ti=<TaskInstance: sample_etl.extract scheduled__2024-05-14T00:00:00+00:00 [queued]>
[2024-07-07T15:31:57.216+0000] {taskinstance.py:2306} INFO - Starting attempt 1 of 2
[2024-07-07T15:31:58.272+0000] {taskinstance.py:2330} INFO - Executing <Task(BashOperator): extract> on 2024-05-14 00:00:00+00:00
[2024-07-07T15:31:58.641+0000] {logging_mixin.py:188} WARNING - /home/***/.local/lib/python3.12/site-packages/***/task/task_runner/standard_task_runner.py:61 DeprecationWarning: This process (pid=2033) is multi-threaded, use of fork() may lead to deadlocks in the child.
[2024-07-07T15:31:58.665+0000] {standard_task_runner.py:63} INFO - Started process 2045 to run task
[2024-07-07T15:31:58.500+0000] {standard_task_runner.py:90} INFO - Running: ['***', 'tasks', 'run', 'sample_etl', 'extract', 'scheduled__2024-05-14T00:00:00+00:00', '--job-id', '148', '--raw', '--subdir', 'DAGS_FOLDER/etl_sample.py', '--cfg-path', '/tmp/tmpuvm47ct8']
[2024-07-07T15:31:58.836+0000] {standard_task_runner.py:91} INFO - Job 148: Subtask extract
[2024-07-07T15:32:00.236+0000] {task_command.py:426} INFO - Running <TaskInstance: sample_etl.extract scheduled__2024-05-14T00:00:00+00:00 [running]> on host a10fdcb539f4
[2024-07-07T15:32:01.633+0000] {taskinstance.py:2648} INFO - Exporting env vars: AIRFLOW_CTX_DAG_OWNER='baven' AIRFLOW_CTX_DAG_ID='sample_etl' AIRFLOW_CTX_TASK_ID='extract' AIRFLOW_CTX_EXECUTION_DATE='2024-05-14T00:00:00+00:00' AIRFLOW_CTX_TRY_NUMBER='1' AIRFLOW_CTX_DAG_RUN_ID='scheduled__2024-05-14T00:00:00+00:00'
[2024-07-07T15:32:01.646+0000] {taskinstance.py:430} INFO - ::endgroup::
[2024-07-07T15:32:02.256+0000] {subprocess.py:63} INFO - Tmp dir root location: /tmp
[2024-07-07T15:32:02.291+0000] {subprocess.py:75} INFO - Running command: ['/usr/bin/bash', '-c', 'echo "extract"']
[2024-07-07T15:32:02.571+0000] {subprocess.py:86} INFO - Output:
[2024-07-07T15:32:02.609+0000] {subprocess.py:93} INFO - extract
[2024-07-07T15:32:02.631+0000] {subprocess.py:97} INFO - Command exited with return code 0
[2024-07-07T15:32:02.632+0000] {taskinstance.py:441} INFO - ::group::Post task execution logs
[2024-07-07T15:32:02.865+0000] {taskinstance.py:1206} INFO - Marking task as SUCCESS. dag_id=sample_etl, task_id=extract, run_id=scheduled__2024-05-14T00:00:00+00:00, execution_date=20240514T000000, start_date=20240707T153157, end_date=20240707T153202
[2024-07-07T15:32:04.091+0000] {local_task_job_runner.py:240} INFO - Task exited with return code 0
[2024-07-07T15:32:04.744+0000] {taskinstance.py:3503} INFO - 1 downstream tasks scheduled from follow-on schedule check
[2024-07-07T15:32:04.818+0000] {local_task_job_runner.py:222} INFO - ::endgroup::
