[2024-07-07T15:04:48.742+0000] {local_task_job_runner.py:120} INFO - ::group::Pre task execution logs
[2024-07-07T15:04:50.274+0000] {taskinstance.py:2076} INFO - Dependencies all met for dep_context=non-requeueable deps ti=<TaskInstance: DAG_catchup_backfill.task1 scheduled__2024-07-06T00:00:00+00:00 [queued]>
[2024-07-07T15:04:50.624+0000] {taskinstance.py:2076} INFO - Dependencies all met for dep_context=requeueable deps ti=<TaskInstance: DAG_catchup_backfill.task1 scheduled__2024-07-06T00:00:00+00:00 [queued]>
[2024-07-07T15:04:50.644+0000] {taskinstance.py:2306} INFO - Starting attempt 1 of 6
[2024-07-07T15:04:54.329+0000] {taskinstance.py:2330} INFO - Executing <Task(BashOperator): task1> on 2024-07-06 00:00:00+00:00
[2024-07-07T15:04:54.479+0000] {standard_task_runner.py:90} INFO - Running: ['***', 'tasks', 'run', 'DAG_catchup_backfill', 'task1', 'scheduled__2024-07-06T00:00:00+00:00', '--job-id', '103', '--raw', '--subdir', 'DAGS_FOLDER/dag_catchup_backfill.py', '--cfg-path', '/tmp/tmp9uhtubjx']
[2024-07-07T15:04:54.531+0000] {standard_task_runner.py:91} INFO - Job 103: Subtask task1
[2024-07-07T15:04:54.810+0000] {logging_mixin.py:188} WARNING - /home/***/.local/lib/python3.12/site-packages/***/task/task_runner/standard_task_runner.py:61 DeprecationWarning: This process (pid=224) is multi-threaded, use of fork() may lead to deadlocks in the child.
[2024-07-07T15:04:54.849+0000] {standard_task_runner.py:63} INFO - Started process 244 to run task
[2024-07-07T15:04:55.574+0000] {task_command.py:426} INFO - Running <TaskInstance: DAG_catchup_backfill.task1 scheduled__2024-07-06T00:00:00+00:00 [running]> on host a10fdcb539f4
[2024-07-07T15:04:57.307+0000] {taskinstance.py:2648} INFO - Exporting env vars: AIRFLOW_CTX_DAG_OWNER='Bavenraj' AIRFLOW_CTX_DAG_ID='DAG_catchup_backfill' AIRFLOW_CTX_TASK_ID='task1' AIRFLOW_CTX_EXECUTION_DATE='2024-07-06T00:00:00+00:00' AIRFLOW_CTX_TRY_NUMBER='1' AIRFLOW_CTX_DAG_RUN_ID='scheduled__2024-07-06T00:00:00+00:00'
[2024-07-07T15:04:57.311+0000] {taskinstance.py:430} INFO - ::endgroup::
[2024-07-07T15:04:57.551+0000] {subprocess.py:63} INFO - Tmp dir root location: /tmp
[2024-07-07T15:04:57.674+0000] {subprocess.py:75} INFO - Running command: ['/usr/bin/bash', '-c', 'echo this is the simple bash command']
[2024-07-07T15:04:58.176+0000] {subprocess.py:86} INFO - Output:
[2024-07-07T15:04:58.200+0000] {subprocess.py:93} INFO - this is the simple bash command
[2024-07-07T15:04:58.217+0000] {subprocess.py:97} INFO - Command exited with return code 0
[2024-07-07T15:04:58.234+0000] {taskinstance.py:441} INFO - ::group::Post task execution logs
[2024-07-07T15:04:59.132+0000] {taskinstance.py:1206} INFO - Marking task as SUCCESS. dag_id=DAG_catchup_backfill, task_id=task1, run_id=scheduled__2024-07-06T00:00:00+00:00, execution_date=20240706T000000, start_date=20240707T150450, end_date=20240707T150459
[2024-07-07T15:04:59.662+0000] {local_task_job_runner.py:240} INFO - Task exited with return code 0
[2024-07-07T15:04:59.951+0000] {taskinstance.py:3503} INFO - 0 downstream tasks scheduled from follow-on schedule check
[2024-07-07T15:04:59.976+0000] {local_task_job_runner.py:222} INFO - ::endgroup::
