[2024-07-07T15:04:49.683+0000] {local_task_job_runner.py:120} INFO - ::group::Pre task execution logs
[2024-07-07T15:04:50.646+0000] {taskinstance.py:2076} INFO - Dependencies all met for dep_context=non-requeueable deps ti=<TaskInstance: our_first_dag_V2.second_task scheduled__2024-07-03T00:00:00+00:00 [queued]>
[2024-07-07T15:04:50.792+0000] {taskinstance.py:2076} INFO - Dependencies all met for dep_context=requeueable deps ti=<TaskInstance: our_first_dag_V2.second_task scheduled__2024-07-03T00:00:00+00:00 [queued]>
[2024-07-07T15:04:50.801+0000] {taskinstance.py:2306} INFO - Starting attempt 1 of 6
[2024-07-07T15:04:54.124+0000] {taskinstance.py:2330} INFO - Executing <Task(BashOperator): second_task> on 2024-07-03 00:00:00+00:00
[2024-07-07T15:04:54.205+0000] {standard_task_runner.py:90} INFO - Running: ['***', 'tasks', 'run', 'our_first_dag_V2', 'second_task', 'scheduled__2024-07-03T00:00:00+00:00', '--job-id', '110', '--raw', '--subdir', 'DAGS_FOLDER/our_first_dag.py', '--cfg-path', '/tmp/tmpondybqeb']
[2024-07-07T15:04:54.304+0000] {standard_task_runner.py:91} INFO - Job 110: Subtask second_task
[2024-07-07T15:04:54.696+0000] {logging_mixin.py:188} WARNING - /home/***/.local/lib/python3.12/site-packages/***/task/task_runner/standard_task_runner.py:61 DeprecationWarning: This process (pid=221) is multi-threaded, use of fork() may lead to deadlocks in the child.
[2024-07-07T15:04:54.744+0000] {standard_task_runner.py:63} INFO - Started process 241 to run task
[2024-07-07T15:04:55.088+0000] {task_command.py:426} INFO - Running <TaskInstance: our_first_dag_V2.second_task scheduled__2024-07-03T00:00:00+00:00 [running]> on host a10fdcb539f4
[2024-07-07T15:04:57.726+0000] {taskinstance.py:2648} INFO - Exporting env vars: AIRFLOW_CTX_DAG_OWNER='bavenraj' AIRFLOW_CTX_DAG_ID='our_first_dag_V2' AIRFLOW_CTX_TASK_ID='second_task' AIRFLOW_CTX_EXECUTION_DATE='2024-07-03T00:00:00+00:00' AIRFLOW_CTX_TRY_NUMBER='1' AIRFLOW_CTX_DAG_RUN_ID='scheduled__2024-07-03T00:00:00+00:00'
[2024-07-07T15:04:57.728+0000] {taskinstance.py:430} INFO - ::endgroup::
[2024-07-07T15:04:57.986+0000] {subprocess.py:63} INFO - Tmp dir root location: /tmp
[2024-07-07T15:04:58.005+0000] {subprocess.py:75} INFO - Running command: ['/usr/bin/bash', '-c', 'echo hey, I am task 2 and will be running after task1 !']
[2024-07-07T15:04:58.238+0000] {subprocess.py:86} INFO - Output:
[2024-07-07T15:04:58.247+0000] {subprocess.py:93} INFO - hey, I am task 2 and will be running after task1 !
[2024-07-07T15:04:58.287+0000] {subprocess.py:97} INFO - Command exited with return code 0
[2024-07-07T15:04:58.302+0000] {taskinstance.py:441} INFO - ::group::Post task execution logs
[2024-07-07T15:04:59.033+0000] {taskinstance.py:1206} INFO - Marking task as SUCCESS. dag_id=our_first_dag_V2, task_id=second_task, run_id=scheduled__2024-07-03T00:00:00+00:00, execution_date=20240703T000000, start_date=20240707T150450, end_date=20240707T150459
[2024-07-07T15:04:59.809+0000] {local_task_job_runner.py:240} INFO - Task exited with return code 0
[2024-07-07T15:04:59.972+0000] {taskinstance.py:3503} INFO - 0 downstream tasks scheduled from follow-on schedule check
[2024-07-07T15:04:59.982+0000] {local_task_job_runner.py:222} INFO - ::endgroup::
