[2024-07-07T15:02:23.678+0000] {processor.py:161} INFO - Started process (PID=204) to work on /opt/airflow/dags/dag_taskflow_api.py
[2024-07-07T15:02:23.831+0000] {processor.py:830} INFO - Processing file /opt/airflow/dags/dag_taskflow_api.py for tasks to queue
[2024-07-07T15:02:23.929+0000] {logging_mixin.py:188} INFO - [2024-07-07T15:02:23.928+0000] {dagbag.py:545} INFO - Filling up the DagBag from /opt/airflow/dags/dag_taskflow_api.py
[2024-07-07T15:02:25.599+0000] {processor.py:840} INFO - DAG(s) 'dag_taskflow_api' retrieved from /opt/airflow/dags/dag_taskflow_api.py
[2024-07-07T15:02:36.836+0000] {logging_mixin.py:188} INFO - [2024-07-07T15:02:36.836+0000] {dag.py:3096} INFO - Sync 1 DAGs
[2024-07-07T15:02:39.631+0000] {logging_mixin.py:188} INFO - [2024-07-07T15:02:39.630+0000] {dag.py:3954} INFO - Setting next_dagrun for dag_taskflow_api to 2024-07-04 00:00:00+00:00, run_after=2024-07-05 00:00:00+00:00
[2024-07-07T15:02:40.972+0000] {processor.py:183} INFO - Processing /opt/airflow/dags/dag_taskflow_api.py took 18.695 seconds
[2024-07-07T15:04:34.372+0000] {processor.py:161} INFO - Started process (PID=176) to work on /opt/airflow/dags/dag_taskflow_api.py
[2024-07-07T15:04:34.374+0000] {processor.py:830} INFO - Processing file /opt/airflow/dags/dag_taskflow_api.py for tasks to queue
[2024-07-07T15:04:34.378+0000] {logging_mixin.py:188} INFO - [2024-07-07T15:04:34.377+0000] {dagbag.py:545} INFO - Filling up the DagBag from /opt/airflow/dags/dag_taskflow_api.py
[2024-07-07T15:04:34.419+0000] {processor.py:840} INFO - DAG(s) 'dag_taskflow_api' retrieved from /opt/airflow/dags/dag_taskflow_api.py
[2024-07-07T15:04:34.767+0000] {logging_mixin.py:188} INFO - [2024-07-07T15:04:34.766+0000] {dag.py:3096} INFO - Sync 1 DAGs
[2024-07-07T15:04:34.817+0000] {logging_mixin.py:188} INFO - [2024-07-07T15:04:34.816+0000] {dag.py:3954} INFO - Setting next_dagrun for dag_taskflow_api to 2024-07-05 00:00:00+00:00, run_after=2024-07-06 00:00:00+00:00
[2024-07-07T15:04:34.898+0000] {processor.py:183} INFO - Processing /opt/airflow/dags/dag_taskflow_api.py took 0.537 seconds
[2024-07-07T15:05:05.621+0000] {processor.py:161} INFO - Started process (PID=290) to work on /opt/airflow/dags/dag_taskflow_api.py
[2024-07-07T15:05:05.625+0000] {processor.py:830} INFO - Processing file /opt/airflow/dags/dag_taskflow_api.py for tasks to queue
[2024-07-07T15:05:05.644+0000] {logging_mixin.py:188} INFO - [2024-07-07T15:05:05.643+0000] {dagbag.py:545} INFO - Filling up the DagBag from /opt/airflow/dags/dag_taskflow_api.py
[2024-07-07T15:05:05.960+0000] {processor.py:840} INFO - DAG(s) 'dag_taskflow_api' retrieved from /opt/airflow/dags/dag_taskflow_api.py
[2024-07-07T15:05:06.252+0000] {logging_mixin.py:188} INFO - [2024-07-07T15:05:06.252+0000] {dag.py:3096} INFO - Sync 1 DAGs
[2024-07-07T15:05:06.643+0000] {logging_mixin.py:188} INFO - [2024-07-07T15:05:06.639+0000] {dag.py:3954} INFO - Setting next_dagrun for dag_taskflow_api to 2024-07-07 00:00:00+00:00, run_after=2024-07-08 00:00:00+00:00
[2024-07-07T15:05:06.929+0000] {processor.py:183} INFO - Processing /opt/airflow/dags/dag_taskflow_api.py took 1.338 seconds
[2024-07-07T15:05:37.059+0000] {processor.py:161} INFO - Started process (PID=339) to work on /opt/airflow/dags/dag_taskflow_api.py
[2024-07-07T15:05:37.061+0000] {processor.py:830} INFO - Processing file /opt/airflow/dags/dag_taskflow_api.py for tasks to queue
[2024-07-07T15:05:37.064+0000] {logging_mixin.py:188} INFO - [2024-07-07T15:05:37.064+0000] {dagbag.py:545} INFO - Filling up the DagBag from /opt/airflow/dags/dag_taskflow_api.py
[2024-07-07T15:05:37.101+0000] {processor.py:840} INFO - DAG(s) 'dag_taskflow_api' retrieved from /opt/airflow/dags/dag_taskflow_api.py
[2024-07-07T15:05:37.154+0000] {logging_mixin.py:188} INFO - [2024-07-07T15:05:37.154+0000] {dag.py:3096} INFO - Sync 1 DAGs
[2024-07-07T15:05:37.196+0000] {logging_mixin.py:188} INFO - [2024-07-07T15:05:37.195+0000] {dag.py:3954} INFO - Setting next_dagrun for dag_taskflow_api to 2024-07-07 00:00:00+00:00, run_after=2024-07-08 00:00:00+00:00
[2024-07-07T15:05:37.224+0000] {processor.py:183} INFO - Processing /opt/airflow/dags/dag_taskflow_api.py took 0.175 seconds
[2024-07-07T15:06:07.474+0000] {processor.py:161} INFO - Started process (PID=372) to work on /opt/airflow/dags/dag_taskflow_api.py
[2024-07-07T15:06:07.475+0000] {processor.py:830} INFO - Processing file /opt/airflow/dags/dag_taskflow_api.py for tasks to queue
[2024-07-07T15:06:07.479+0000] {logging_mixin.py:188} INFO - [2024-07-07T15:06:07.478+0000] {dagbag.py:545} INFO - Filling up the DagBag from /opt/airflow/dags/dag_taskflow_api.py
[2024-07-07T15:06:07.508+0000] {processor.py:840} INFO - DAG(s) 'dag_taskflow_api' retrieved from /opt/airflow/dags/dag_taskflow_api.py
[2024-07-07T15:06:07.546+0000] {logging_mixin.py:188} INFO - [2024-07-07T15:06:07.546+0000] {dag.py:3096} INFO - Sync 1 DAGs
[2024-07-07T15:06:07.578+0000] {logging_mixin.py:188} INFO - [2024-07-07T15:06:07.577+0000] {dag.py:3954} INFO - Setting next_dagrun for dag_taskflow_api to 2024-07-07 00:00:00+00:00, run_after=2024-07-08 00:00:00+00:00
[2024-07-07T15:06:07.605+0000] {processor.py:183} INFO - Processing /opt/airflow/dags/dag_taskflow_api.py took 0.139 seconds
[2024-07-07T15:06:38.311+0000] {processor.py:161} INFO - Started process (PID=401) to work on /opt/airflow/dags/dag_taskflow_api.py
[2024-07-07T15:06:38.312+0000] {processor.py:830} INFO - Processing file /opt/airflow/dags/dag_taskflow_api.py for tasks to queue
[2024-07-07T15:06:38.315+0000] {logging_mixin.py:188} INFO - [2024-07-07T15:06:38.315+0000] {dagbag.py:545} INFO - Filling up the DagBag from /opt/airflow/dags/dag_taskflow_api.py
[2024-07-07T15:06:38.344+0000] {processor.py:840} INFO - DAG(s) 'dag_taskflow_api' retrieved from /opt/airflow/dags/dag_taskflow_api.py
[2024-07-07T15:06:38.389+0000] {logging_mixin.py:188} INFO - [2024-07-07T15:06:38.389+0000] {dag.py:3096} INFO - Sync 1 DAGs
[2024-07-07T15:06:38.443+0000] {logging_mixin.py:188} INFO - [2024-07-07T15:06:38.442+0000] {dag.py:3954} INFO - Setting next_dagrun for dag_taskflow_api to 2024-07-07 00:00:00+00:00, run_after=2024-07-08 00:00:00+00:00
[2024-07-07T15:06:38.479+0000] {processor.py:183} INFO - Processing /opt/airflow/dags/dag_taskflow_api.py took 0.177 seconds
[2024-07-07T15:07:09.780+0000] {processor.py:161} INFO - Started process (PID=432) to work on /opt/airflow/dags/dag_taskflow_api.py
[2024-07-07T15:07:09.783+0000] {processor.py:830} INFO - Processing file /opt/airflow/dags/dag_taskflow_api.py for tasks to queue
[2024-07-07T15:07:09.814+0000] {logging_mixin.py:188} INFO - [2024-07-07T15:07:09.812+0000] {dagbag.py:545} INFO - Filling up the DagBag from /opt/airflow/dags/dag_taskflow_api.py
[2024-07-07T15:07:09.963+0000] {processor.py:840} INFO - DAG(s) 'dag_taskflow_api' retrieved from /opt/airflow/dags/dag_taskflow_api.py
[2024-07-07T15:07:10.075+0000] {logging_mixin.py:188} INFO - [2024-07-07T15:07:10.074+0000] {dag.py:3096} INFO - Sync 1 DAGs
[2024-07-07T15:07:10.196+0000] {logging_mixin.py:188} INFO - [2024-07-07T15:07:10.195+0000] {dag.py:3954} INFO - Setting next_dagrun for dag_taskflow_api to 2024-07-07 00:00:00+00:00, run_after=2024-07-08 00:00:00+00:00
[2024-07-07T15:07:10.267+0000] {processor.py:183} INFO - Processing /opt/airflow/dags/dag_taskflow_api.py took 0.509 seconds
[2024-07-07T15:07:40.498+0000] {processor.py:161} INFO - Started process (PID=468) to work on /opt/airflow/dags/dag_taskflow_api.py
[2024-07-07T15:07:40.500+0000] {processor.py:830} INFO - Processing file /opt/airflow/dags/dag_taskflow_api.py for tasks to queue
[2024-07-07T15:07:40.503+0000] {logging_mixin.py:188} INFO - [2024-07-07T15:07:40.502+0000] {dagbag.py:545} INFO - Filling up the DagBag from /opt/airflow/dags/dag_taskflow_api.py
[2024-07-07T15:07:40.561+0000] {processor.py:840} INFO - DAG(s) 'dag_taskflow_api' retrieved from /opt/airflow/dags/dag_taskflow_api.py
[2024-07-07T15:07:40.620+0000] {logging_mixin.py:188} INFO - [2024-07-07T15:07:40.620+0000] {dag.py:3096} INFO - Sync 1 DAGs
[2024-07-07T15:07:40.664+0000] {logging_mixin.py:188} INFO - [2024-07-07T15:07:40.664+0000] {dag.py:3954} INFO - Setting next_dagrun for dag_taskflow_api to 2024-07-07 00:00:00+00:00, run_after=2024-07-08 00:00:00+00:00
[2024-07-07T15:07:40.708+0000] {processor.py:183} INFO - Processing /opt/airflow/dags/dag_taskflow_api.py took 0.218 seconds
[2024-07-07T15:08:11.045+0000] {processor.py:161} INFO - Started process (PID=501) to work on /opt/airflow/dags/dag_taskflow_api.py
[2024-07-07T15:08:11.047+0000] {processor.py:830} INFO - Processing file /opt/airflow/dags/dag_taskflow_api.py for tasks to queue
[2024-07-07T15:08:11.053+0000] {logging_mixin.py:188} INFO - [2024-07-07T15:08:11.050+0000] {dagbag.py:545} INFO - Filling up the DagBag from /opt/airflow/dags/dag_taskflow_api.py
[2024-07-07T15:08:11.107+0000] {processor.py:840} INFO - DAG(s) 'dag_taskflow_api' retrieved from /opt/airflow/dags/dag_taskflow_api.py
[2024-07-07T15:08:11.155+0000] {logging_mixin.py:188} INFO - [2024-07-07T15:08:11.154+0000] {dag.py:3096} INFO - Sync 1 DAGs
[2024-07-07T15:08:11.198+0000] {logging_mixin.py:188} INFO - [2024-07-07T15:08:11.198+0000] {dag.py:3954} INFO - Setting next_dagrun for dag_taskflow_api to 2024-07-07 00:00:00+00:00, run_after=2024-07-08 00:00:00+00:00
[2024-07-07T15:08:11.235+0000] {processor.py:183} INFO - Processing /opt/airflow/dags/dag_taskflow_api.py took 0.201 seconds
[2024-07-07T15:08:41.500+0000] {processor.py:161} INFO - Started process (PID=535) to work on /opt/airflow/dags/dag_taskflow_api.py
[2024-07-07T15:08:41.502+0000] {processor.py:830} INFO - Processing file /opt/airflow/dags/dag_taskflow_api.py for tasks to queue
[2024-07-07T15:08:41.505+0000] {logging_mixin.py:188} INFO - [2024-07-07T15:08:41.504+0000] {dagbag.py:545} INFO - Filling up the DagBag from /opt/airflow/dags/dag_taskflow_api.py
[2024-07-07T15:08:41.555+0000] {processor.py:840} INFO - DAG(s) 'dag_taskflow_api' retrieved from /opt/airflow/dags/dag_taskflow_api.py
[2024-07-07T15:08:41.613+0000] {logging_mixin.py:188} INFO - [2024-07-07T15:08:41.612+0000] {dag.py:3096} INFO - Sync 1 DAGs
[2024-07-07T15:08:41.676+0000] {logging_mixin.py:188} INFO - [2024-07-07T15:08:41.676+0000] {dag.py:3954} INFO - Setting next_dagrun for dag_taskflow_api to 2024-07-07 00:00:00+00:00, run_after=2024-07-08 00:00:00+00:00
[2024-07-07T15:08:41.763+0000] {processor.py:183} INFO - Processing /opt/airflow/dags/dag_taskflow_api.py took 0.276 seconds
[2024-07-07T15:09:11.984+0000] {processor.py:161} INFO - Started process (PID=566) to work on /opt/airflow/dags/dag_taskflow_api.py
[2024-07-07T15:09:11.986+0000] {processor.py:830} INFO - Processing file /opt/airflow/dags/dag_taskflow_api.py for tasks to queue
[2024-07-07T15:09:11.990+0000] {logging_mixin.py:188} INFO - [2024-07-07T15:09:11.989+0000] {dagbag.py:545} INFO - Filling up the DagBag from /opt/airflow/dags/dag_taskflow_api.py
[2024-07-07T15:09:12.027+0000] {processor.py:840} INFO - DAG(s) 'dag_taskflow_api' retrieved from /opt/airflow/dags/dag_taskflow_api.py
[2024-07-07T15:09:12.082+0000] {logging_mixin.py:188} INFO - [2024-07-07T15:09:12.082+0000] {dag.py:3096} INFO - Sync 1 DAGs
[2024-07-07T15:09:12.151+0000] {logging_mixin.py:188} INFO - [2024-07-07T15:09:12.150+0000] {dag.py:3954} INFO - Setting next_dagrun for dag_taskflow_api to 2024-07-07 00:00:00+00:00, run_after=2024-07-08 00:00:00+00:00
[2024-07-07T15:09:12.210+0000] {processor.py:183} INFO - Processing /opt/airflow/dags/dag_taskflow_api.py took 0.245 seconds
[2024-07-07T15:09:43.207+0000] {processor.py:161} INFO - Started process (PID=597) to work on /opt/airflow/dags/dag_taskflow_api.py
[2024-07-07T15:09:43.209+0000] {processor.py:830} INFO - Processing file /opt/airflow/dags/dag_taskflow_api.py for tasks to queue
[2024-07-07T15:09:43.215+0000] {logging_mixin.py:188} INFO - [2024-07-07T15:09:43.213+0000] {dagbag.py:545} INFO - Filling up the DagBag from /opt/airflow/dags/dag_taskflow_api.py
[2024-07-07T15:09:43.313+0000] {processor.py:840} INFO - DAG(s) 'dag_taskflow_api' retrieved from /opt/airflow/dags/dag_taskflow_api.py
[2024-07-07T15:09:43.454+0000] {logging_mixin.py:188} INFO - [2024-07-07T15:09:43.453+0000] {dag.py:3096} INFO - Sync 1 DAGs
[2024-07-07T15:09:43.528+0000] {logging_mixin.py:188} INFO - [2024-07-07T15:09:43.528+0000] {dag.py:3954} INFO - Setting next_dagrun for dag_taskflow_api to 2024-07-07 00:00:00+00:00, run_after=2024-07-08 00:00:00+00:00
[2024-07-07T15:09:43.578+0000] {processor.py:183} INFO - Processing /opt/airflow/dags/dag_taskflow_api.py took 0.393 seconds
[2024-07-07T15:10:13.980+0000] {processor.py:161} INFO - Started process (PID=628) to work on /opt/airflow/dags/dag_taskflow_api.py
[2024-07-07T15:10:13.982+0000] {processor.py:830} INFO - Processing file /opt/airflow/dags/dag_taskflow_api.py for tasks to queue
[2024-07-07T15:10:13.986+0000] {logging_mixin.py:188} INFO - [2024-07-07T15:10:13.985+0000] {dagbag.py:545} INFO - Filling up the DagBag from /opt/airflow/dags/dag_taskflow_api.py
[2024-07-07T15:10:14.021+0000] {processor.py:840} INFO - DAG(s) 'dag_taskflow_api' retrieved from /opt/airflow/dags/dag_taskflow_api.py
[2024-07-07T15:10:14.075+0000] {logging_mixin.py:188} INFO - [2024-07-07T15:10:14.075+0000] {dag.py:3096} INFO - Sync 1 DAGs
[2024-07-07T15:10:14.180+0000] {logging_mixin.py:188} INFO - [2024-07-07T15:10:14.179+0000] {dag.py:3954} INFO - Setting next_dagrun for dag_taskflow_api to 2024-07-07 00:00:00+00:00, run_after=2024-07-08 00:00:00+00:00
[2024-07-07T15:10:14.237+0000] {processor.py:183} INFO - Processing /opt/airflow/dags/dag_taskflow_api.py took 0.271 seconds
[2024-07-07T15:10:44.443+0000] {processor.py:161} INFO - Started process (PID=659) to work on /opt/airflow/dags/dag_taskflow_api.py
[2024-07-07T15:10:44.445+0000] {processor.py:830} INFO - Processing file /opt/airflow/dags/dag_taskflow_api.py for tasks to queue
[2024-07-07T15:10:44.450+0000] {logging_mixin.py:188} INFO - [2024-07-07T15:10:44.449+0000] {dagbag.py:545} INFO - Filling up the DagBag from /opt/airflow/dags/dag_taskflow_api.py
[2024-07-07T15:10:44.498+0000] {processor.py:840} INFO - DAG(s) 'dag_taskflow_api' retrieved from /opt/airflow/dags/dag_taskflow_api.py
[2024-07-07T15:10:44.610+0000] {logging_mixin.py:188} INFO - [2024-07-07T15:10:44.610+0000] {dag.py:3096} INFO - Sync 1 DAGs
[2024-07-07T15:10:44.735+0000] {logging_mixin.py:188} INFO - [2024-07-07T15:10:44.723+0000] {dag.py:3954} INFO - Setting next_dagrun for dag_taskflow_api to 2024-07-07 00:00:00+00:00, run_after=2024-07-08 00:00:00+00:00
[2024-07-07T15:10:44.835+0000] {processor.py:183} INFO - Processing /opt/airflow/dags/dag_taskflow_api.py took 0.409 seconds
[2024-07-07T15:11:15.540+0000] {processor.py:161} INFO - Started process (PID=689) to work on /opt/airflow/dags/dag_taskflow_api.py
[2024-07-07T15:11:15.547+0000] {processor.py:830} INFO - Processing file /opt/airflow/dags/dag_taskflow_api.py for tasks to queue
[2024-07-07T15:11:15.555+0000] {logging_mixin.py:188} INFO - [2024-07-07T15:11:15.553+0000] {dagbag.py:545} INFO - Filling up the DagBag from /opt/airflow/dags/dag_taskflow_api.py
[2024-07-07T15:11:15.629+0000] {processor.py:840} INFO - DAG(s) 'dag_taskflow_api' retrieved from /opt/airflow/dags/dag_taskflow_api.py
[2024-07-07T15:11:15.774+0000] {logging_mixin.py:188} INFO - [2024-07-07T15:11:15.774+0000] {dag.py:3096} INFO - Sync 1 DAGs
[2024-07-07T15:11:15.974+0000] {logging_mixin.py:188} INFO - [2024-07-07T15:11:15.973+0000] {dag.py:3954} INFO - Setting next_dagrun for dag_taskflow_api to 2024-07-07 00:00:00+00:00, run_after=2024-07-08 00:00:00+00:00
[2024-07-07T15:11:16.120+0000] {processor.py:183} INFO - Processing /opt/airflow/dags/dag_taskflow_api.py took 0.599 seconds
[2024-07-07T15:11:46.688+0000] {processor.py:161} INFO - Started process (PID=720) to work on /opt/airflow/dags/dag_taskflow_api.py
[2024-07-07T15:11:46.690+0000] {processor.py:830} INFO - Processing file /opt/airflow/dags/dag_taskflow_api.py for tasks to queue
[2024-07-07T15:11:46.694+0000] {logging_mixin.py:188} INFO - [2024-07-07T15:11:46.693+0000] {dagbag.py:545} INFO - Filling up the DagBag from /opt/airflow/dags/dag_taskflow_api.py
[2024-07-07T15:11:46.751+0000] {processor.py:840} INFO - DAG(s) 'dag_taskflow_api' retrieved from /opt/airflow/dags/dag_taskflow_api.py
[2024-07-07T15:11:46.836+0000] {logging_mixin.py:188} INFO - [2024-07-07T15:11:46.836+0000] {dag.py:3096} INFO - Sync 1 DAGs
[2024-07-07T15:11:46.926+0000] {logging_mixin.py:188} INFO - [2024-07-07T15:11:46.925+0000] {dag.py:3954} INFO - Setting next_dagrun for dag_taskflow_api to 2024-07-07 00:00:00+00:00, run_after=2024-07-08 00:00:00+00:00
[2024-07-07T15:11:46.993+0000] {processor.py:183} INFO - Processing /opt/airflow/dags/dag_taskflow_api.py took 0.327 seconds
[2024-07-07T15:12:17.109+0000] {processor.py:161} INFO - Started process (PID=750) to work on /opt/airflow/dags/dag_taskflow_api.py
[2024-07-07T15:12:17.110+0000] {processor.py:830} INFO - Processing file /opt/airflow/dags/dag_taskflow_api.py for tasks to queue
[2024-07-07T15:12:17.113+0000] {logging_mixin.py:188} INFO - [2024-07-07T15:12:17.112+0000] {dagbag.py:545} INFO - Filling up the DagBag from /opt/airflow/dags/dag_taskflow_api.py
[2024-07-07T15:12:17.158+0000] {processor.py:840} INFO - DAG(s) 'dag_taskflow_api' retrieved from /opt/airflow/dags/dag_taskflow_api.py
[2024-07-07T15:12:17.212+0000] {logging_mixin.py:188} INFO - [2024-07-07T15:12:17.211+0000] {dag.py:3096} INFO - Sync 1 DAGs
[2024-07-07T15:12:17.260+0000] {logging_mixin.py:188} INFO - [2024-07-07T15:12:17.260+0000] {dag.py:3954} INFO - Setting next_dagrun for dag_taskflow_api to 2024-07-07 00:00:00+00:00, run_after=2024-07-08 00:00:00+00:00
[2024-07-07T15:12:17.325+0000] {processor.py:183} INFO - Processing /opt/airflow/dags/dag_taskflow_api.py took 0.227 seconds
