[2024-07-07T15:02:10.281+0000] {processor.py:161} INFO - Started process (PID=181) to work on /opt/airflow/dags/dag_catchup_backfill.py
[2024-07-07T15:02:11.077+0000] {processor.py:830} INFO - Processing file /opt/airflow/dags/dag_catchup_backfill.py for tasks to queue
[2024-07-07T15:02:11.312+0000] {logging_mixin.py:188} INFO - [2024-07-07T15:02:11.298+0000] {dagbag.py:545} INFO - Filling up the DagBag from /opt/airflow/dags/dag_catchup_backfill.py
[2024-07-07T15:02:15.429+0000] {processor.py:840} INFO - DAG(s) 'DAG_catchup_backfill' retrieved from /opt/airflow/dags/dag_catchup_backfill.py
[2024-07-07T15:02:30.957+0000] {logging_mixin.py:188} INFO - [2024-07-07T15:02:30.916+0000] {dag.py:3096} INFO - Sync 1 DAGs
[2024-07-07T15:02:33.000+0000] {logging_mixin.py:188} INFO - [2024-07-07T15:02:33.000+0000] {dag.py:3954} INFO - Setting next_dagrun for DAG_catchup_backfill to 2024-07-04 00:00:00+00:00, run_after=2024-07-05 00:00:00+00:00
[2024-07-07T15:02:34.027+0000] {processor.py:183} INFO - Processing /opt/airflow/dags/dag_catchup_backfill.py took 24.229 seconds
[2024-07-07T15:04:34.016+0000] {processor.py:161} INFO - Started process (PID=171) to work on /opt/airflow/dags/dag_catchup_backfill.py
[2024-07-07T15:04:34.018+0000] {processor.py:830} INFO - Processing file /opt/airflow/dags/dag_catchup_backfill.py for tasks to queue
[2024-07-07T15:04:34.022+0000] {logging_mixin.py:188} INFO - [2024-07-07T15:04:34.021+0000] {dagbag.py:545} INFO - Filling up the DagBag from /opt/airflow/dags/dag_catchup_backfill.py
[2024-07-07T15:04:34.110+0000] {processor.py:840} INFO - DAG(s) 'DAG_catchup_backfill' retrieved from /opt/airflow/dags/dag_catchup_backfill.py
[2024-07-07T15:04:34.767+0000] {logging_mixin.py:188} INFO - [2024-07-07T15:04:34.766+0000] {dag.py:3096} INFO - Sync 1 DAGs
[2024-07-07T15:04:34.816+0000] {logging_mixin.py:188} INFO - [2024-07-07T15:04:34.816+0000] {dag.py:3954} INFO - Setting next_dagrun for DAG_catchup_backfill to 2024-07-04 00:00:00+00:00, run_after=2024-07-05 00:00:00+00:00
[2024-07-07T15:04:34.866+0000] {processor.py:183} INFO - Processing /opt/airflow/dags/dag_catchup_backfill.py took 0.862 seconds
[2024-07-07T15:05:05.605+0000] {processor.py:161} INFO - Started process (PID=289) to work on /opt/airflow/dags/dag_catchup_backfill.py
[2024-07-07T15:05:05.608+0000] {processor.py:830} INFO - Processing file /opt/airflow/dags/dag_catchup_backfill.py for tasks to queue
[2024-07-07T15:05:05.624+0000] {logging_mixin.py:188} INFO - [2024-07-07T15:05:05.623+0000] {dagbag.py:545} INFO - Filling up the DagBag from /opt/airflow/dags/dag_catchup_backfill.py
[2024-07-07T15:05:05.792+0000] {processor.py:840} INFO - DAG(s) 'DAG_catchup_backfill' retrieved from /opt/airflow/dags/dag_catchup_backfill.py
[2024-07-07T15:05:06.055+0000] {logging_mixin.py:188} INFO - [2024-07-07T15:05:06.054+0000] {dag.py:3096} INFO - Sync 1 DAGs
[2024-07-07T15:05:06.247+0000] {logging_mixin.py:188} INFO - [2024-07-07T15:05:06.244+0000] {dag.py:3954} INFO - Setting next_dagrun for DAG_catchup_backfill to 2024-07-07 00:00:00+00:00, run_after=2024-07-08 00:00:00+00:00
[2024-07-07T15:05:06.440+0000] {processor.py:183} INFO - Processing /opt/airflow/dags/dag_catchup_backfill.py took 0.861 seconds
[2024-07-07T15:05:36.987+0000] {processor.py:161} INFO - Started process (PID=336) to work on /opt/airflow/dags/dag_catchup_backfill.py
[2024-07-07T15:05:36.989+0000] {processor.py:830} INFO - Processing file /opt/airflow/dags/dag_catchup_backfill.py for tasks to queue
[2024-07-07T15:05:36.992+0000] {logging_mixin.py:188} INFO - [2024-07-07T15:05:36.992+0000] {dagbag.py:545} INFO - Filling up the DagBag from /opt/airflow/dags/dag_catchup_backfill.py
[2024-07-07T15:05:37.022+0000] {processor.py:840} INFO - DAG(s) 'DAG_catchup_backfill' retrieved from /opt/airflow/dags/dag_catchup_backfill.py
[2024-07-07T15:05:37.072+0000] {logging_mixin.py:188} INFO - [2024-07-07T15:05:37.071+0000] {dag.py:3096} INFO - Sync 1 DAGs
[2024-07-07T15:05:37.121+0000] {logging_mixin.py:188} INFO - [2024-07-07T15:05:37.121+0000] {dag.py:3954} INFO - Setting next_dagrun for DAG_catchup_backfill to 2024-07-07 00:00:00+00:00, run_after=2024-07-08 00:00:00+00:00
[2024-07-07T15:05:37.156+0000] {processor.py:183} INFO - Processing /opt/airflow/dags/dag_catchup_backfill.py took 0.176 seconds
[2024-07-07T15:06:07.235+0000] {processor.py:161} INFO - Started process (PID=367) to work on /opt/airflow/dags/dag_catchup_backfill.py
[2024-07-07T15:06:07.236+0000] {processor.py:830} INFO - Processing file /opt/airflow/dags/dag_catchup_backfill.py for tasks to queue
[2024-07-07T15:06:07.239+0000] {logging_mixin.py:188} INFO - [2024-07-07T15:06:07.239+0000] {dagbag.py:545} INFO - Filling up the DagBag from /opt/airflow/dags/dag_catchup_backfill.py
[2024-07-07T15:06:07.279+0000] {processor.py:840} INFO - DAG(s) 'DAG_catchup_backfill' retrieved from /opt/airflow/dags/dag_catchup_backfill.py
[2024-07-07T15:06:07.322+0000] {logging_mixin.py:188} INFO - [2024-07-07T15:06:07.322+0000] {dag.py:3096} INFO - Sync 1 DAGs
[2024-07-07T15:06:07.381+0000] {logging_mixin.py:188} INFO - [2024-07-07T15:06:07.380+0000] {dag.py:3954} INFO - Setting next_dagrun for DAG_catchup_backfill to 2024-07-07 00:00:00+00:00, run_after=2024-07-08 00:00:00+00:00
[2024-07-07T15:06:07.411+0000] {processor.py:183} INFO - Processing /opt/airflow/dags/dag_catchup_backfill.py took 0.185 seconds
[2024-07-07T15:06:38.298+0000] {processor.py:161} INFO - Started process (PID=398) to work on /opt/airflow/dags/dag_catchup_backfill.py
[2024-07-07T15:06:38.300+0000] {processor.py:830} INFO - Processing file /opt/airflow/dags/dag_catchup_backfill.py for tasks to queue
[2024-07-07T15:06:38.303+0000] {logging_mixin.py:188} INFO - [2024-07-07T15:06:38.303+0000] {dagbag.py:545} INFO - Filling up the DagBag from /opt/airflow/dags/dag_catchup_backfill.py
[2024-07-07T15:06:38.340+0000] {processor.py:840} INFO - DAG(s) 'DAG_catchup_backfill' retrieved from /opt/airflow/dags/dag_catchup_backfill.py
[2024-07-07T15:06:38.389+0000] {logging_mixin.py:188} INFO - [2024-07-07T15:06:38.388+0000] {dag.py:3096} INFO - Sync 1 DAGs
[2024-07-07T15:06:38.437+0000] {logging_mixin.py:188} INFO - [2024-07-07T15:06:38.437+0000] {dag.py:3954} INFO - Setting next_dagrun for DAG_catchup_backfill to 2024-07-07 00:00:00+00:00, run_after=2024-07-08 00:00:00+00:00
[2024-07-07T15:06:38.473+0000] {processor.py:183} INFO - Processing /opt/airflow/dags/dag_catchup_backfill.py took 0.186 seconds
[2024-07-07T15:07:09.688+0000] {processor.py:161} INFO - Started process (PID=429) to work on /opt/airflow/dags/dag_catchup_backfill.py
[2024-07-07T15:07:09.712+0000] {processor.py:830} INFO - Processing file /opt/airflow/dags/dag_catchup_backfill.py for tasks to queue
[2024-07-07T15:07:09.729+0000] {logging_mixin.py:188} INFO - [2024-07-07T15:07:09.728+0000] {dagbag.py:545} INFO - Filling up the DagBag from /opt/airflow/dags/dag_catchup_backfill.py
[2024-07-07T15:07:09.862+0000] {processor.py:840} INFO - DAG(s) 'DAG_catchup_backfill' retrieved from /opt/airflow/dags/dag_catchup_backfill.py
[2024-07-07T15:07:09.984+0000] {logging_mixin.py:188} INFO - [2024-07-07T15:07:09.983+0000] {dag.py:3096} INFO - Sync 1 DAGs
[2024-07-07T15:07:10.105+0000] {logging_mixin.py:188} INFO - [2024-07-07T15:07:10.104+0000] {dag.py:3954} INFO - Setting next_dagrun for DAG_catchup_backfill to 2024-07-07 00:00:00+00:00, run_after=2024-07-08 00:00:00+00:00
[2024-07-07T15:07:10.173+0000] {processor.py:183} INFO - Processing /opt/airflow/dags/dag_catchup_backfill.py took 0.530 seconds
[2024-07-07T15:07:40.499+0000] {processor.py:161} INFO - Started process (PID=465) to work on /opt/airflow/dags/dag_catchup_backfill.py
[2024-07-07T15:07:40.500+0000] {processor.py:830} INFO - Processing file /opt/airflow/dags/dag_catchup_backfill.py for tasks to queue
[2024-07-07T15:07:40.503+0000] {logging_mixin.py:188} INFO - [2024-07-07T15:07:40.502+0000] {dagbag.py:545} INFO - Filling up the DagBag from /opt/airflow/dags/dag_catchup_backfill.py
[2024-07-07T15:07:40.542+0000] {processor.py:840} INFO - DAG(s) 'DAG_catchup_backfill' retrieved from /opt/airflow/dags/dag_catchup_backfill.py
[2024-07-07T15:07:40.596+0000] {logging_mixin.py:188} INFO - [2024-07-07T15:07:40.596+0000] {dag.py:3096} INFO - Sync 1 DAGs
[2024-07-07T15:07:40.639+0000] {logging_mixin.py:188} INFO - [2024-07-07T15:07:40.639+0000] {dag.py:3954} INFO - Setting next_dagrun for DAG_catchup_backfill to 2024-07-07 00:00:00+00:00, run_after=2024-07-08 00:00:00+00:00
[2024-07-07T15:07:40.689+0000] {processor.py:183} INFO - Processing /opt/airflow/dags/dag_catchup_backfill.py took 0.202 seconds
[2024-07-07T15:08:10.796+0000] {processor.py:161} INFO - Started process (PID=496) to work on /opt/airflow/dags/dag_catchup_backfill.py
[2024-07-07T15:08:10.799+0000] {processor.py:830} INFO - Processing file /opt/airflow/dags/dag_catchup_backfill.py for tasks to queue
[2024-07-07T15:08:10.803+0000] {logging_mixin.py:188} INFO - [2024-07-07T15:08:10.802+0000] {dagbag.py:545} INFO - Filling up the DagBag from /opt/airflow/dags/dag_catchup_backfill.py
[2024-07-07T15:08:10.840+0000] {processor.py:840} INFO - DAG(s) 'DAG_catchup_backfill' retrieved from /opt/airflow/dags/dag_catchup_backfill.py
[2024-07-07T15:08:10.886+0000] {logging_mixin.py:188} INFO - [2024-07-07T15:08:10.885+0000] {dag.py:3096} INFO - Sync 1 DAGs
[2024-07-07T15:08:10.928+0000] {logging_mixin.py:188} INFO - [2024-07-07T15:08:10.927+0000] {dag.py:3954} INFO - Setting next_dagrun for DAG_catchup_backfill to 2024-07-07 00:00:00+00:00, run_after=2024-07-08 00:00:00+00:00
[2024-07-07T15:08:10.967+0000] {processor.py:183} INFO - Processing /opt/airflow/dags/dag_catchup_backfill.py took 0.189 seconds
[2024-07-07T15:08:41.440+0000] {processor.py:161} INFO - Started process (PID=532) to work on /opt/airflow/dags/dag_catchup_backfill.py
[2024-07-07T15:08:41.455+0000] {processor.py:830} INFO - Processing file /opt/airflow/dags/dag_catchup_backfill.py for tasks to queue
[2024-07-07T15:08:41.460+0000] {logging_mixin.py:188} INFO - [2024-07-07T15:08:41.459+0000] {dagbag.py:545} INFO - Filling up the DagBag from /opt/airflow/dags/dag_catchup_backfill.py
[2024-07-07T15:08:41.541+0000] {processor.py:840} INFO - DAG(s) 'DAG_catchup_backfill' retrieved from /opt/airflow/dags/dag_catchup_backfill.py
[2024-07-07T15:08:41.592+0000] {logging_mixin.py:188} INFO - [2024-07-07T15:08:41.592+0000] {dag.py:3096} INFO - Sync 1 DAGs
[2024-07-07T15:08:41.643+0000] {logging_mixin.py:188} INFO - [2024-07-07T15:08:41.643+0000] {dag.py:3954} INFO - Setting next_dagrun for DAG_catchup_backfill to 2024-07-07 00:00:00+00:00, run_after=2024-07-08 00:00:00+00:00
[2024-07-07T15:08:41.726+0000] {processor.py:183} INFO - Processing /opt/airflow/dags/dag_catchup_backfill.py took 0.298 seconds
[2024-07-07T15:09:11.962+0000] {processor.py:161} INFO - Started process (PID=563) to work on /opt/airflow/dags/dag_catchup_backfill.py
[2024-07-07T15:09:11.964+0000] {processor.py:830} INFO - Processing file /opt/airflow/dags/dag_catchup_backfill.py for tasks to queue
[2024-07-07T15:09:11.970+0000] {logging_mixin.py:188} INFO - [2024-07-07T15:09:11.969+0000] {dagbag.py:545} INFO - Filling up the DagBag from /opt/airflow/dags/dag_catchup_backfill.py
[2024-07-07T15:09:12.015+0000] {processor.py:840} INFO - DAG(s) 'DAG_catchup_backfill' retrieved from /opt/airflow/dags/dag_catchup_backfill.py
[2024-07-07T15:09:12.070+0000] {logging_mixin.py:188} INFO - [2024-07-07T15:09:12.070+0000] {dag.py:3096} INFO - Sync 1 DAGs
[2024-07-07T15:09:12.129+0000] {logging_mixin.py:188} INFO - [2024-07-07T15:09:12.129+0000] {dag.py:3954} INFO - Setting next_dagrun for DAG_catchup_backfill to 2024-07-07 00:00:00+00:00, run_after=2024-07-08 00:00:00+00:00
[2024-07-07T15:09:12.182+0000] {processor.py:183} INFO - Processing /opt/airflow/dags/dag_catchup_backfill.py took 0.240 seconds
[2024-07-07T15:09:43.200+0000] {processor.py:161} INFO - Started process (PID=594) to work on /opt/airflow/dags/dag_catchup_backfill.py
[2024-07-07T15:09:43.202+0000] {processor.py:830} INFO - Processing file /opt/airflow/dags/dag_catchup_backfill.py for tasks to queue
[2024-07-07T15:09:43.208+0000] {logging_mixin.py:188} INFO - [2024-07-07T15:09:43.207+0000] {dagbag.py:545} INFO - Filling up the DagBag from /opt/airflow/dags/dag_catchup_backfill.py
[2024-07-07T15:09:43.279+0000] {processor.py:840} INFO - DAG(s) 'DAG_catchup_backfill' retrieved from /opt/airflow/dags/dag_catchup_backfill.py
[2024-07-07T15:09:43.398+0000] {logging_mixin.py:188} INFO - [2024-07-07T15:09:43.389+0000] {dag.py:3096} INFO - Sync 1 DAGs
[2024-07-07T15:09:43.522+0000] {logging_mixin.py:188} INFO - [2024-07-07T15:09:43.522+0000] {dag.py:3954} INFO - Setting next_dagrun for DAG_catchup_backfill to 2024-07-07 00:00:00+00:00, run_after=2024-07-08 00:00:00+00:00
[2024-07-07T15:09:43.577+0000] {processor.py:183} INFO - Processing /opt/airflow/dags/dag_catchup_backfill.py took 0.394 seconds
[2024-07-07T15:10:13.964+0000] {processor.py:161} INFO - Started process (PID=625) to work on /opt/airflow/dags/dag_catchup_backfill.py
[2024-07-07T15:10:13.967+0000] {processor.py:830} INFO - Processing file /opt/airflow/dags/dag_catchup_backfill.py for tasks to queue
[2024-07-07T15:10:13.970+0000] {logging_mixin.py:188} INFO - [2024-07-07T15:10:13.969+0000] {dagbag.py:545} INFO - Filling up the DagBag from /opt/airflow/dags/dag_catchup_backfill.py
[2024-07-07T15:10:14.000+0000] {processor.py:840} INFO - DAG(s) 'DAG_catchup_backfill' retrieved from /opt/airflow/dags/dag_catchup_backfill.py
[2024-07-07T15:10:14.052+0000] {logging_mixin.py:188} INFO - [2024-07-07T15:10:14.052+0000] {dag.py:3096} INFO - Sync 1 DAGs
[2024-07-07T15:10:14.132+0000] {logging_mixin.py:188} INFO - [2024-07-07T15:10:14.132+0000] {dag.py:3954} INFO - Setting next_dagrun for DAG_catchup_backfill to 2024-07-07 00:00:00+00:00, run_after=2024-07-08 00:00:00+00:00
[2024-07-07T15:10:14.195+0000] {processor.py:183} INFO - Processing /opt/airflow/dags/dag_catchup_backfill.py took 0.240 seconds
[2024-07-07T15:10:44.430+0000] {processor.py:161} INFO - Started process (PID=656) to work on /opt/airflow/dags/dag_catchup_backfill.py
[2024-07-07T15:10:44.434+0000] {processor.py:830} INFO - Processing file /opt/airflow/dags/dag_catchup_backfill.py for tasks to queue
[2024-07-07T15:10:44.439+0000] {logging_mixin.py:188} INFO - [2024-07-07T15:10:44.438+0000] {dagbag.py:545} INFO - Filling up the DagBag from /opt/airflow/dags/dag_catchup_backfill.py
[2024-07-07T15:10:44.488+0000] {processor.py:840} INFO - DAG(s) 'DAG_catchup_backfill' retrieved from /opt/airflow/dags/dag_catchup_backfill.py
[2024-07-07T15:10:44.592+0000] {logging_mixin.py:188} INFO - [2024-07-07T15:10:44.592+0000] {dag.py:3096} INFO - Sync 1 DAGs
[2024-07-07T15:10:44.714+0000] {logging_mixin.py:188} INFO - [2024-07-07T15:10:44.714+0000] {dag.py:3954} INFO - Setting next_dagrun for DAG_catchup_backfill to 2024-07-07 00:00:00+00:00, run_after=2024-07-08 00:00:00+00:00
[2024-07-07T15:10:44.845+0000] {processor.py:183} INFO - Processing /opt/airflow/dags/dag_catchup_backfill.py took 0.433 seconds
[2024-07-07T15:11:15.493+0000] {processor.py:161} INFO - Started process (PID=686) to work on /opt/airflow/dags/dag_catchup_backfill.py
[2024-07-07T15:11:15.505+0000] {processor.py:830} INFO - Processing file /opt/airflow/dags/dag_catchup_backfill.py for tasks to queue
[2024-07-07T15:11:15.515+0000] {logging_mixin.py:188} INFO - [2024-07-07T15:11:15.514+0000] {dagbag.py:545} INFO - Filling up the DagBag from /opt/airflow/dags/dag_catchup_backfill.py
[2024-07-07T15:11:15.588+0000] {processor.py:840} INFO - DAG(s) 'DAG_catchup_backfill' retrieved from /opt/airflow/dags/dag_catchup_backfill.py
[2024-07-07T15:11:15.822+0000] {logging_mixin.py:188} INFO - [2024-07-07T15:11:15.822+0000] {dag.py:3096} INFO - Sync 1 DAGs
[2024-07-07T15:11:16.041+0000] {logging_mixin.py:188} INFO - [2024-07-07T15:11:16.040+0000] {dag.py:3954} INFO - Setting next_dagrun for DAG_catchup_backfill to 2024-07-07 00:00:00+00:00, run_after=2024-07-08 00:00:00+00:00
[2024-07-07T15:11:16.156+0000] {processor.py:183} INFO - Processing /opt/airflow/dags/dag_catchup_backfill.py took 0.686 seconds
[2024-07-07T15:11:46.648+0000] {processor.py:161} INFO - Started process (PID=717) to work on /opt/airflow/dags/dag_catchup_backfill.py
[2024-07-07T15:11:46.655+0000] {processor.py:830} INFO - Processing file /opt/airflow/dags/dag_catchup_backfill.py for tasks to queue
[2024-07-07T15:11:46.664+0000] {logging_mixin.py:188} INFO - [2024-07-07T15:11:46.663+0000] {dagbag.py:545} INFO - Filling up the DagBag from /opt/airflow/dags/dag_catchup_backfill.py
[2024-07-07T15:11:46.720+0000] {processor.py:840} INFO - DAG(s) 'DAG_catchup_backfill' retrieved from /opt/airflow/dags/dag_catchup_backfill.py
[2024-07-07T15:11:46.803+0000] {logging_mixin.py:188} INFO - [2024-07-07T15:11:46.803+0000] {dag.py:3096} INFO - Sync 1 DAGs
[2024-07-07T15:11:46.875+0000] {logging_mixin.py:188} INFO - [2024-07-07T15:11:46.875+0000] {dag.py:3954} INFO - Setting next_dagrun for DAG_catchup_backfill to 2024-07-07 00:00:00+00:00, run_after=2024-07-08 00:00:00+00:00
[2024-07-07T15:11:46.936+0000] {processor.py:183} INFO - Processing /opt/airflow/dags/dag_catchup_backfill.py took 0.302 seconds
[2024-07-07T15:12:17.104+0000] {processor.py:161} INFO - Started process (PID=747) to work on /opt/airflow/dags/dag_catchup_backfill.py
[2024-07-07T15:12:17.107+0000] {processor.py:830} INFO - Processing file /opt/airflow/dags/dag_catchup_backfill.py for tasks to queue
[2024-07-07T15:12:17.110+0000] {logging_mixin.py:188} INFO - [2024-07-07T15:12:17.109+0000] {dagbag.py:545} INFO - Filling up the DagBag from /opt/airflow/dags/dag_catchup_backfill.py
[2024-07-07T15:12:17.149+0000] {processor.py:840} INFO - DAG(s) 'DAG_catchup_backfill' retrieved from /opt/airflow/dags/dag_catchup_backfill.py
[2024-07-07T15:12:17.212+0000] {logging_mixin.py:188} INFO - [2024-07-07T15:12:17.211+0000] {dag.py:3096} INFO - Sync 1 DAGs
[2024-07-07T15:12:17.269+0000] {logging_mixin.py:188} INFO - [2024-07-07T15:12:17.268+0000] {dag.py:3954} INFO - Setting next_dagrun for DAG_catchup_backfill to 2024-07-07 00:00:00+00:00, run_after=2024-07-08 00:00:00+00:00
[2024-07-07T15:12:17.332+0000] {processor.py:183} INFO - Processing /opt/airflow/dags/dag_catchup_backfill.py took 0.241 seconds
[2024-07-07T15:12:47.728+0000] {processor.py:161} INFO - Started process (PID=783) to work on /opt/airflow/dags/dag_catchup_backfill.py
[2024-07-07T15:12:47.730+0000] {processor.py:830} INFO - Processing file /opt/airflow/dags/dag_catchup_backfill.py for tasks to queue
[2024-07-07T15:12:47.733+0000] {logging_mixin.py:188} INFO - [2024-07-07T15:12:47.732+0000] {dagbag.py:545} INFO - Filling up the DagBag from /opt/airflow/dags/dag_catchup_backfill.py
[2024-07-07T15:12:47.770+0000] {processor.py:840} INFO - DAG(s) 'DAG_catchup_backfill' retrieved from /opt/airflow/dags/dag_catchup_backfill.py
[2024-07-07T15:12:47.815+0000] {logging_mixin.py:188} INFO - [2024-07-07T15:12:47.815+0000] {dag.py:3096} INFO - Sync 1 DAGs
[2024-07-07T15:12:47.855+0000] {logging_mixin.py:188} INFO - [2024-07-07T15:12:47.854+0000] {dag.py:3954} INFO - Setting next_dagrun for DAG_catchup_backfill to 2024-07-07 00:00:00+00:00, run_after=2024-07-08 00:00:00+00:00
[2024-07-07T15:12:47.906+0000] {processor.py:183} INFO - Processing /opt/airflow/dags/dag_catchup_backfill.py took 0.195 seconds
[2024-07-07T15:13:18.046+0000] {processor.py:161} INFO - Started process (PID=815) to work on /opt/airflow/dags/dag_catchup_backfill.py
[2024-07-07T15:13:18.047+0000] {processor.py:830} INFO - Processing file /opt/airflow/dags/dag_catchup_backfill.py for tasks to queue
[2024-07-07T15:13:18.050+0000] {logging_mixin.py:188} INFO - [2024-07-07T15:13:18.049+0000] {dagbag.py:545} INFO - Filling up the DagBag from /opt/airflow/dags/dag_catchup_backfill.py
[2024-07-07T15:13:18.078+0000] {processor.py:840} INFO - DAG(s) 'DAG_catchup_backfill' retrieved from /opt/airflow/dags/dag_catchup_backfill.py
[2024-07-07T15:13:18.114+0000] {logging_mixin.py:188} INFO - [2024-07-07T15:13:18.113+0000] {dag.py:3096} INFO - Sync 1 DAGs
[2024-07-07T15:13:18.148+0000] {logging_mixin.py:188} INFO - [2024-07-07T15:13:18.147+0000] {dag.py:3954} INFO - Setting next_dagrun for DAG_catchup_backfill to 2024-07-07 00:00:00+00:00, run_after=2024-07-08 00:00:00+00:00
[2024-07-07T15:13:18.177+0000] {processor.py:183} INFO - Processing /opt/airflow/dags/dag_catchup_backfill.py took 0.138 seconds
[2024-07-07T15:13:48.342+0000] {processor.py:161} INFO - Started process (PID=847) to work on /opt/airflow/dags/dag_catchup_backfill.py
[2024-07-07T15:13:48.344+0000] {processor.py:830} INFO - Processing file /opt/airflow/dags/dag_catchup_backfill.py for tasks to queue
[2024-07-07T15:13:48.347+0000] {logging_mixin.py:188} INFO - [2024-07-07T15:13:48.346+0000] {dagbag.py:545} INFO - Filling up the DagBag from /opt/airflow/dags/dag_catchup_backfill.py
[2024-07-07T15:13:48.372+0000] {processor.py:840} INFO - DAG(s) 'DAG_catchup_backfill' retrieved from /opt/airflow/dags/dag_catchup_backfill.py
[2024-07-07T15:13:48.412+0000] {logging_mixin.py:188} INFO - [2024-07-07T15:13:48.412+0000] {dag.py:3096} INFO - Sync 1 DAGs
[2024-07-07T15:13:48.449+0000] {logging_mixin.py:188} INFO - [2024-07-07T15:13:48.448+0000] {dag.py:3954} INFO - Setting next_dagrun for DAG_catchup_backfill to 2024-07-07 00:00:00+00:00, run_after=2024-07-08 00:00:00+00:00
[2024-07-07T15:13:48.477+0000] {processor.py:183} INFO - Processing /opt/airflow/dags/dag_catchup_backfill.py took 0.143 seconds
[2024-07-07T15:14:18.631+0000] {processor.py:161} INFO - Started process (PID=878) to work on /opt/airflow/dags/dag_catchup_backfill.py
[2024-07-07T15:14:18.632+0000] {processor.py:830} INFO - Processing file /opt/airflow/dags/dag_catchup_backfill.py for tasks to queue
[2024-07-07T15:14:18.634+0000] {logging_mixin.py:188} INFO - [2024-07-07T15:14:18.634+0000] {dagbag.py:545} INFO - Filling up the DagBag from /opt/airflow/dags/dag_catchup_backfill.py
[2024-07-07T15:14:18.665+0000] {processor.py:840} INFO - DAG(s) 'DAG_catchup_backfill' retrieved from /opt/airflow/dags/dag_catchup_backfill.py
[2024-07-07T15:14:18.705+0000] {logging_mixin.py:188} INFO - [2024-07-07T15:14:18.705+0000] {dag.py:3096} INFO - Sync 1 DAGs
[2024-07-07T15:14:18.743+0000] {logging_mixin.py:188} INFO - [2024-07-07T15:14:18.743+0000] {dag.py:3954} INFO - Setting next_dagrun for DAG_catchup_backfill to 2024-07-07 00:00:00+00:00, run_after=2024-07-08 00:00:00+00:00
[2024-07-07T15:14:18.779+0000] {processor.py:183} INFO - Processing /opt/airflow/dags/dag_catchup_backfill.py took 0.155 seconds
[2024-07-07T15:14:48.860+0000] {processor.py:161} INFO - Started process (PID=907) to work on /opt/airflow/dags/dag_catchup_backfill.py
[2024-07-07T15:14:48.862+0000] {processor.py:830} INFO - Processing file /opt/airflow/dags/dag_catchup_backfill.py for tasks to queue
[2024-07-07T15:14:48.868+0000] {logging_mixin.py:188} INFO - [2024-07-07T15:14:48.868+0000] {dagbag.py:545} INFO - Filling up the DagBag from /opt/airflow/dags/dag_catchup_backfill.py
[2024-07-07T15:14:48.923+0000] {processor.py:840} INFO - DAG(s) 'DAG_catchup_backfill' retrieved from /opt/airflow/dags/dag_catchup_backfill.py
[2024-07-07T15:14:49.009+0000] {logging_mixin.py:188} INFO - [2024-07-07T15:14:49.008+0000] {dag.py:3096} INFO - Sync 1 DAGs
[2024-07-07T15:14:49.051+0000] {logging_mixin.py:188} INFO - [2024-07-07T15:14:49.050+0000] {dag.py:3954} INFO - Setting next_dagrun for DAG_catchup_backfill to 2024-07-07 00:00:00+00:00, run_after=2024-07-08 00:00:00+00:00
[2024-07-07T15:14:49.093+0000] {processor.py:183} INFO - Processing /opt/airflow/dags/dag_catchup_backfill.py took 0.248 seconds
[2024-07-07T15:15:19.429+0000] {processor.py:161} INFO - Started process (PID=963) to work on /opt/airflow/dags/dag_catchup_backfill.py
[2024-07-07T15:15:19.431+0000] {processor.py:830} INFO - Processing file /opt/airflow/dags/dag_catchup_backfill.py for tasks to queue
[2024-07-07T15:15:19.467+0000] {logging_mixin.py:188} INFO - [2024-07-07T15:15:19.466+0000] {dagbag.py:545} INFO - Filling up the DagBag from /opt/airflow/dags/dag_catchup_backfill.py
[2024-07-07T15:15:19.592+0000] {processor.py:840} INFO - DAG(s) 'DAG_catchup_backfill' retrieved from /opt/airflow/dags/dag_catchup_backfill.py
[2024-07-07T15:15:20.084+0000] {logging_mixin.py:188} INFO - [2024-07-07T15:15:20.083+0000] {dag.py:3096} INFO - Sync 1 DAGs
[2024-07-07T15:15:20.613+0000] {logging_mixin.py:188} INFO - [2024-07-07T15:15:20.592+0000] {dag.py:3954} INFO - Setting next_dagrun for DAG_catchup_backfill to 2024-07-07 00:00:00+00:00, run_after=2024-07-08 00:00:00+00:00
[2024-07-07T15:15:21.008+0000] {processor.py:183} INFO - Processing /opt/airflow/dags/dag_catchup_backfill.py took 1.595 seconds
[2024-07-07T15:15:52.176+0000] {processor.py:161} INFO - Started process (PID=1002) to work on /opt/airflow/dags/dag_catchup_backfill.py
[2024-07-07T15:15:52.178+0000] {processor.py:830} INFO - Processing file /opt/airflow/dags/dag_catchup_backfill.py for tasks to queue
[2024-07-07T15:15:52.182+0000] {logging_mixin.py:188} INFO - [2024-07-07T15:15:52.182+0000] {dagbag.py:545} INFO - Filling up the DagBag from /opt/airflow/dags/dag_catchup_backfill.py
[2024-07-07T15:15:52.219+0000] {processor.py:840} INFO - DAG(s) 'DAG_catchup_backfill' retrieved from /opt/airflow/dags/dag_catchup_backfill.py
[2024-07-07T15:15:52.267+0000] {logging_mixin.py:188} INFO - [2024-07-07T15:15:52.267+0000] {dag.py:3096} INFO - Sync 1 DAGs
[2024-07-07T15:15:52.309+0000] {logging_mixin.py:188} INFO - [2024-07-07T15:15:52.308+0000] {dag.py:3954} INFO - Setting next_dagrun for DAG_catchup_backfill to 2024-07-07 00:00:00+00:00, run_after=2024-07-08 00:00:00+00:00
[2024-07-07T15:15:52.360+0000] {processor.py:183} INFO - Processing /opt/airflow/dags/dag_catchup_backfill.py took 0.196 seconds
[2024-07-07T15:16:23.027+0000] {processor.py:161} INFO - Started process (PID=1032) to work on /opt/airflow/dags/dag_catchup_backfill.py
[2024-07-07T15:16:23.031+0000] {processor.py:830} INFO - Processing file /opt/airflow/dags/dag_catchup_backfill.py for tasks to queue
[2024-07-07T15:16:23.042+0000] {logging_mixin.py:188} INFO - [2024-07-07T15:16:23.036+0000] {dagbag.py:545} INFO - Filling up the DagBag from /opt/airflow/dags/dag_catchup_backfill.py
[2024-07-07T15:16:23.316+0000] {processor.py:840} INFO - DAG(s) 'DAG_catchup_backfill' retrieved from /opt/airflow/dags/dag_catchup_backfill.py
[2024-07-07T15:16:23.472+0000] {logging_mixin.py:188} INFO - [2024-07-07T15:16:23.472+0000] {dag.py:3096} INFO - Sync 1 DAGs
[2024-07-07T15:16:23.617+0000] {logging_mixin.py:188} INFO - [2024-07-07T15:16:23.616+0000] {dag.py:3954} INFO - Setting next_dagrun for DAG_catchup_backfill to 2024-07-07 00:00:00+00:00, run_after=2024-07-08 00:00:00+00:00
[2024-07-07T15:16:23.706+0000] {processor.py:183} INFO - Processing /opt/airflow/dags/dag_catchup_backfill.py took 0.700 seconds
[2024-07-07T15:16:54.376+0000] {processor.py:161} INFO - Started process (PID=1063) to work on /opt/airflow/dags/dag_catchup_backfill.py
[2024-07-07T15:16:54.379+0000] {processor.py:830} INFO - Processing file /opt/airflow/dags/dag_catchup_backfill.py for tasks to queue
[2024-07-07T15:16:54.385+0000] {logging_mixin.py:188} INFO - [2024-07-07T15:16:54.384+0000] {dagbag.py:545} INFO - Filling up the DagBag from /opt/airflow/dags/dag_catchup_backfill.py
[2024-07-07T15:16:54.634+0000] {processor.py:840} INFO - DAG(s) 'DAG_catchup_backfill' retrieved from /opt/airflow/dags/dag_catchup_backfill.py
[2024-07-07T15:16:54.784+0000] {logging_mixin.py:188} INFO - [2024-07-07T15:16:54.783+0000] {dag.py:3096} INFO - Sync 1 DAGs
[2024-07-07T15:16:54.981+0000] {logging_mixin.py:188} INFO - [2024-07-07T15:16:54.980+0000] {dag.py:3954} INFO - Setting next_dagrun for DAG_catchup_backfill to 2024-07-07 00:00:00+00:00, run_after=2024-07-08 00:00:00+00:00
[2024-07-07T15:16:55.055+0000] {processor.py:183} INFO - Processing /opt/airflow/dags/dag_catchup_backfill.py took 0.700 seconds
[2024-07-07T15:17:25.614+0000] {processor.py:161} INFO - Started process (PID=1094) to work on /opt/airflow/dags/dag_catchup_backfill.py
[2024-07-07T15:17:25.615+0000] {processor.py:830} INFO - Processing file /opt/airflow/dags/dag_catchup_backfill.py for tasks to queue
[2024-07-07T15:17:25.620+0000] {logging_mixin.py:188} INFO - [2024-07-07T15:17:25.619+0000] {dagbag.py:545} INFO - Filling up the DagBag from /opt/airflow/dags/dag_catchup_backfill.py
[2024-07-07T15:17:25.650+0000] {processor.py:840} INFO - DAG(s) 'DAG_catchup_backfill' retrieved from /opt/airflow/dags/dag_catchup_backfill.py
[2024-07-07T15:17:25.688+0000] {logging_mixin.py:188} INFO - [2024-07-07T15:17:25.688+0000] {dag.py:3096} INFO - Sync 1 DAGs
[2024-07-07T15:17:25.728+0000] {logging_mixin.py:188} INFO - [2024-07-07T15:17:25.728+0000] {dag.py:3954} INFO - Setting next_dagrun for DAG_catchup_backfill to 2024-07-07 00:00:00+00:00, run_after=2024-07-08 00:00:00+00:00
[2024-07-07T15:17:25.771+0000] {processor.py:183} INFO - Processing /opt/airflow/dags/dag_catchup_backfill.py took 0.171 seconds
[2024-07-07T15:17:56.442+0000] {processor.py:161} INFO - Started process (PID=1126) to work on /opt/airflow/dags/dag_catchup_backfill.py
[2024-07-07T15:17:56.444+0000] {processor.py:830} INFO - Processing file /opt/airflow/dags/dag_catchup_backfill.py for tasks to queue
[2024-07-07T15:17:56.449+0000] {logging_mixin.py:188} INFO - [2024-07-07T15:17:56.448+0000] {dagbag.py:545} INFO - Filling up the DagBag from /opt/airflow/dags/dag_catchup_backfill.py
[2024-07-07T15:17:56.494+0000] {processor.py:840} INFO - DAG(s) 'DAG_catchup_backfill' retrieved from /opt/airflow/dags/dag_catchup_backfill.py
[2024-07-07T15:17:56.583+0000] {logging_mixin.py:188} INFO - [2024-07-07T15:17:56.582+0000] {dag.py:3096} INFO - Sync 1 DAGs
[2024-07-07T15:17:56.633+0000] {logging_mixin.py:188} INFO - [2024-07-07T15:17:56.633+0000] {dag.py:3954} INFO - Setting next_dagrun for DAG_catchup_backfill to 2024-07-07 00:00:00+00:00, run_after=2024-07-08 00:00:00+00:00
[2024-07-07T15:17:56.665+0000] {processor.py:183} INFO - Processing /opt/airflow/dags/dag_catchup_backfill.py took 0.232 seconds
[2024-07-07T15:18:27.583+0000] {processor.py:161} INFO - Started process (PID=1157) to work on /opt/airflow/dags/dag_catchup_backfill.py
[2024-07-07T15:18:27.584+0000] {processor.py:830} INFO - Processing file /opt/airflow/dags/dag_catchup_backfill.py for tasks to queue
[2024-07-07T15:18:27.587+0000] {logging_mixin.py:188} INFO - [2024-07-07T15:18:27.586+0000] {dagbag.py:545} INFO - Filling up the DagBag from /opt/airflow/dags/dag_catchup_backfill.py
[2024-07-07T15:18:27.627+0000] {processor.py:840} INFO - DAG(s) 'DAG_catchup_backfill' retrieved from /opt/airflow/dags/dag_catchup_backfill.py
[2024-07-07T15:18:27.679+0000] {logging_mixin.py:188} INFO - [2024-07-07T15:18:27.678+0000] {dag.py:3096} INFO - Sync 1 DAGs
[2024-07-07T15:18:27.721+0000] {logging_mixin.py:188} INFO - [2024-07-07T15:18:27.720+0000] {dag.py:3954} INFO - Setting next_dagrun for DAG_catchup_backfill to 2024-07-07 00:00:00+00:00, run_after=2024-07-08 00:00:00+00:00
[2024-07-07T15:18:27.754+0000] {processor.py:183} INFO - Processing /opt/airflow/dags/dag_catchup_backfill.py took 0.181 seconds
[2024-07-07T15:18:58.287+0000] {processor.py:161} INFO - Started process (PID=1188) to work on /opt/airflow/dags/dag_catchup_backfill.py
[2024-07-07T15:18:58.289+0000] {processor.py:830} INFO - Processing file /opt/airflow/dags/dag_catchup_backfill.py for tasks to queue
[2024-07-07T15:18:58.292+0000] {logging_mixin.py:188} INFO - [2024-07-07T15:18:58.292+0000] {dagbag.py:545} INFO - Filling up the DagBag from /opt/airflow/dags/dag_catchup_backfill.py
[2024-07-07T15:18:58.328+0000] {processor.py:840} INFO - DAG(s) 'DAG_catchup_backfill' retrieved from /opt/airflow/dags/dag_catchup_backfill.py
[2024-07-07T15:18:58.381+0000] {logging_mixin.py:188} INFO - [2024-07-07T15:18:58.381+0000] {dag.py:3096} INFO - Sync 1 DAGs
[2024-07-07T15:18:58.423+0000] {logging_mixin.py:188} INFO - [2024-07-07T15:18:58.423+0000] {dag.py:3954} INFO - Setting next_dagrun for DAG_catchup_backfill to 2024-07-07 00:00:00+00:00, run_after=2024-07-08 00:00:00+00:00
[2024-07-07T15:18:58.460+0000] {processor.py:183} INFO - Processing /opt/airflow/dags/dag_catchup_backfill.py took 0.184 seconds
[2024-07-07T15:19:28.774+0000] {processor.py:161} INFO - Started process (PID=1220) to work on /opt/airflow/dags/dag_catchup_backfill.py
[2024-07-07T15:19:28.777+0000] {processor.py:830} INFO - Processing file /opt/airflow/dags/dag_catchup_backfill.py for tasks to queue
[2024-07-07T15:19:28.782+0000] {logging_mixin.py:188} INFO - [2024-07-07T15:19:28.780+0000] {dagbag.py:545} INFO - Filling up the DagBag from /opt/airflow/dags/dag_catchup_backfill.py
[2024-07-07T15:19:28.824+0000] {processor.py:840} INFO - DAG(s) 'DAG_catchup_backfill' retrieved from /opt/airflow/dags/dag_catchup_backfill.py
[2024-07-07T15:19:28.875+0000] {logging_mixin.py:188} INFO - [2024-07-07T15:19:28.874+0000] {dag.py:3096} INFO - Sync 1 DAGs
[2024-07-07T15:19:28.928+0000] {logging_mixin.py:188} INFO - [2024-07-07T15:19:28.927+0000] {dag.py:3954} INFO - Setting next_dagrun for DAG_catchup_backfill to 2024-07-07 00:00:00+00:00, run_after=2024-07-08 00:00:00+00:00
[2024-07-07T15:19:28.985+0000] {processor.py:183} INFO - Processing /opt/airflow/dags/dag_catchup_backfill.py took 0.227 seconds
[2024-07-07T15:19:59.877+0000] {processor.py:161} INFO - Started process (PID=1252) to work on /opt/airflow/dags/dag_catchup_backfill.py
[2024-07-07T15:19:59.881+0000] {processor.py:830} INFO - Processing file /opt/airflow/dags/dag_catchup_backfill.py for tasks to queue
[2024-07-07T15:19:59.884+0000] {logging_mixin.py:188} INFO - [2024-07-07T15:19:59.883+0000] {dagbag.py:545} INFO - Filling up the DagBag from /opt/airflow/dags/dag_catchup_backfill.py
[2024-07-07T15:19:59.950+0000] {processor.py:840} INFO - DAG(s) 'DAG_catchup_backfill' retrieved from /opt/airflow/dags/dag_catchup_backfill.py
[2024-07-07T15:20:00.055+0000] {logging_mixin.py:188} INFO - [2024-07-07T15:20:00.054+0000] {dag.py:3096} INFO - Sync 1 DAGs
[2024-07-07T15:20:00.132+0000] {logging_mixin.py:188} INFO - [2024-07-07T15:20:00.132+0000] {dag.py:3954} INFO - Setting next_dagrun for DAG_catchup_backfill to 2024-07-07 00:00:00+00:00, run_after=2024-07-08 00:00:00+00:00
[2024-07-07T15:20:00.231+0000] {processor.py:183} INFO - Processing /opt/airflow/dags/dag_catchup_backfill.py took 0.372 seconds
[2024-07-07T15:20:30.529+0000] {processor.py:161} INFO - Started process (PID=1283) to work on /opt/airflow/dags/dag_catchup_backfill.py
[2024-07-07T15:20:30.531+0000] {processor.py:830} INFO - Processing file /opt/airflow/dags/dag_catchup_backfill.py for tasks to queue
[2024-07-07T15:20:30.536+0000] {logging_mixin.py:188} INFO - [2024-07-07T15:20:30.535+0000] {dagbag.py:545} INFO - Filling up the DagBag from /opt/airflow/dags/dag_catchup_backfill.py
[2024-07-07T15:20:30.573+0000] {processor.py:840} INFO - DAG(s) 'DAG_catchup_backfill' retrieved from /opt/airflow/dags/dag_catchup_backfill.py
[2024-07-07T15:20:30.691+0000] {logging_mixin.py:188} INFO - [2024-07-07T15:20:30.690+0000] {dag.py:3096} INFO - Sync 1 DAGs
[2024-07-07T15:20:30.890+0000] {logging_mixin.py:188} INFO - [2024-07-07T15:20:30.890+0000] {dag.py:3954} INFO - Setting next_dagrun for DAG_catchup_backfill to 2024-07-07 00:00:00+00:00, run_after=2024-07-08 00:00:00+00:00
[2024-07-07T15:20:30.928+0000] {processor.py:183} INFO - Processing /opt/airflow/dags/dag_catchup_backfill.py took 0.409 seconds
[2024-07-07T15:21:01.370+0000] {processor.py:161} INFO - Started process (PID=1314) to work on /opt/airflow/dags/dag_catchup_backfill.py
[2024-07-07T15:21:01.372+0000] {processor.py:830} INFO - Processing file /opt/airflow/dags/dag_catchup_backfill.py for tasks to queue
[2024-07-07T15:21:01.377+0000] {logging_mixin.py:188} INFO - [2024-07-07T15:21:01.377+0000] {dagbag.py:545} INFO - Filling up the DagBag from /opt/airflow/dags/dag_catchup_backfill.py
[2024-07-07T15:21:01.419+0000] {processor.py:840} INFO - DAG(s) 'DAG_catchup_backfill' retrieved from /opt/airflow/dags/dag_catchup_backfill.py
[2024-07-07T15:21:01.469+0000] {logging_mixin.py:188} INFO - [2024-07-07T15:21:01.469+0000] {dag.py:3096} INFO - Sync 1 DAGs
[2024-07-07T15:21:01.509+0000] {logging_mixin.py:188} INFO - [2024-07-07T15:21:01.508+0000] {dag.py:3954} INFO - Setting next_dagrun for DAG_catchup_backfill to 2024-07-07 00:00:00+00:00, run_after=2024-07-08 00:00:00+00:00
[2024-07-07T15:21:01.551+0000] {processor.py:183} INFO - Processing /opt/airflow/dags/dag_catchup_backfill.py took 0.190 seconds
[2024-07-07T15:21:32.386+0000] {processor.py:161} INFO - Started process (PID=1345) to work on /opt/airflow/dags/dag_catchup_backfill.py
[2024-07-07T15:21:32.389+0000] {processor.py:830} INFO - Processing file /opt/airflow/dags/dag_catchup_backfill.py for tasks to queue
[2024-07-07T15:21:32.392+0000] {logging_mixin.py:188} INFO - [2024-07-07T15:21:32.392+0000] {dagbag.py:545} INFO - Filling up the DagBag from /opt/airflow/dags/dag_catchup_backfill.py
[2024-07-07T15:21:32.424+0000] {processor.py:840} INFO - DAG(s) 'DAG_catchup_backfill' retrieved from /opt/airflow/dags/dag_catchup_backfill.py
[2024-07-07T15:21:32.474+0000] {logging_mixin.py:188} INFO - [2024-07-07T15:21:32.473+0000] {dag.py:3096} INFO - Sync 1 DAGs
[2024-07-07T15:21:32.509+0000] {logging_mixin.py:188} INFO - [2024-07-07T15:21:32.509+0000] {dag.py:3954} INFO - Setting next_dagrun for DAG_catchup_backfill to 2024-07-07 00:00:00+00:00, run_after=2024-07-08 00:00:00+00:00
[2024-07-07T15:21:32.541+0000] {processor.py:183} INFO - Processing /opt/airflow/dags/dag_catchup_backfill.py took 0.163 seconds
[2024-07-07T15:22:03.433+0000] {processor.py:161} INFO - Started process (PID=1376) to work on /opt/airflow/dags/dag_catchup_backfill.py
[2024-07-07T15:22:03.435+0000] {processor.py:830} INFO - Processing file /opt/airflow/dags/dag_catchup_backfill.py for tasks to queue
[2024-07-07T15:22:03.438+0000] {logging_mixin.py:188} INFO - [2024-07-07T15:22:03.438+0000] {dagbag.py:545} INFO - Filling up the DagBag from /opt/airflow/dags/dag_catchup_backfill.py
[2024-07-07T15:22:03.494+0000] {processor.py:840} INFO - DAG(s) 'DAG_catchup_backfill' retrieved from /opt/airflow/dags/dag_catchup_backfill.py
[2024-07-07T15:22:03.574+0000] {logging_mixin.py:188} INFO - [2024-07-07T15:22:03.573+0000] {dag.py:3096} INFO - Sync 1 DAGs
[2024-07-07T15:22:03.632+0000] {logging_mixin.py:188} INFO - [2024-07-07T15:22:03.631+0000] {dag.py:3954} INFO - Setting next_dagrun for DAG_catchup_backfill to 2024-07-07 00:00:00+00:00, run_after=2024-07-08 00:00:00+00:00
[2024-07-07T15:22:03.664+0000] {processor.py:183} INFO - Processing /opt/airflow/dags/dag_catchup_backfill.py took 0.244 seconds
[2024-07-07T15:22:33.789+0000] {processor.py:161} INFO - Started process (PID=1407) to work on /opt/airflow/dags/dag_catchup_backfill.py
[2024-07-07T15:22:33.790+0000] {processor.py:830} INFO - Processing file /opt/airflow/dags/dag_catchup_backfill.py for tasks to queue
[2024-07-07T15:22:33.793+0000] {logging_mixin.py:188} INFO - [2024-07-07T15:22:33.792+0000] {dagbag.py:545} INFO - Filling up the DagBag from /opt/airflow/dags/dag_catchup_backfill.py
[2024-07-07T15:22:33.821+0000] {processor.py:840} INFO - DAG(s) 'DAG_catchup_backfill' retrieved from /opt/airflow/dags/dag_catchup_backfill.py
[2024-07-07T15:22:33.902+0000] {logging_mixin.py:188} INFO - [2024-07-07T15:22:33.901+0000] {dag.py:3096} INFO - Sync 1 DAGs
[2024-07-07T15:22:33.953+0000] {logging_mixin.py:188} INFO - [2024-07-07T15:22:33.952+0000] {dag.py:3954} INFO - Setting next_dagrun for DAG_catchup_backfill to 2024-07-07 00:00:00+00:00, run_after=2024-07-08 00:00:00+00:00
[2024-07-07T15:22:33.997+0000] {processor.py:183} INFO - Processing /opt/airflow/dags/dag_catchup_backfill.py took 0.217 seconds
[2024-07-07T15:23:04.111+0000] {processor.py:161} INFO - Started process (PID=1445) to work on /opt/airflow/dags/dag_catchup_backfill.py
[2024-07-07T15:23:04.112+0000] {processor.py:830} INFO - Processing file /opt/airflow/dags/dag_catchup_backfill.py for tasks to queue
[2024-07-07T15:23:04.116+0000] {logging_mixin.py:188} INFO - [2024-07-07T15:23:04.115+0000] {dagbag.py:545} INFO - Filling up the DagBag from /opt/airflow/dags/dag_catchup_backfill.py
[2024-07-07T15:23:04.146+0000] {processor.py:840} INFO - DAG(s) 'DAG_catchup_backfill' retrieved from /opt/airflow/dags/dag_catchup_backfill.py
[2024-07-07T15:23:04.205+0000] {logging_mixin.py:188} INFO - [2024-07-07T15:23:04.205+0000] {dag.py:3096} INFO - Sync 1 DAGs
[2024-07-07T15:23:04.262+0000] {logging_mixin.py:188} INFO - [2024-07-07T15:23:04.261+0000] {dag.py:3954} INFO - Setting next_dagrun for DAG_catchup_backfill to 2024-07-07 00:00:00+00:00, run_after=2024-07-08 00:00:00+00:00
[2024-07-07T15:23:04.325+0000] {processor.py:183} INFO - Processing /opt/airflow/dags/dag_catchup_backfill.py took 0.224 seconds
[2024-07-07T15:23:34.552+0000] {processor.py:161} INFO - Started process (PID=1476) to work on /opt/airflow/dags/dag_catchup_backfill.py
[2024-07-07T15:23:34.554+0000] {processor.py:830} INFO - Processing file /opt/airflow/dags/dag_catchup_backfill.py for tasks to queue
[2024-07-07T15:23:34.557+0000] {logging_mixin.py:188} INFO - [2024-07-07T15:23:34.556+0000] {dagbag.py:545} INFO - Filling up the DagBag from /opt/airflow/dags/dag_catchup_backfill.py
[2024-07-07T15:23:34.585+0000] {processor.py:840} INFO - DAG(s) 'DAG_catchup_backfill' retrieved from /opt/airflow/dags/dag_catchup_backfill.py
[2024-07-07T15:23:34.623+0000] {logging_mixin.py:188} INFO - [2024-07-07T15:23:34.622+0000] {dag.py:3096} INFO - Sync 1 DAGs
[2024-07-07T15:23:34.661+0000] {logging_mixin.py:188} INFO - [2024-07-07T15:23:34.660+0000] {dag.py:3954} INFO - Setting next_dagrun for DAG_catchup_backfill to 2024-07-07 00:00:00+00:00, run_after=2024-07-08 00:00:00+00:00
[2024-07-07T15:23:34.700+0000] {processor.py:183} INFO - Processing /opt/airflow/dags/dag_catchup_backfill.py took 0.155 seconds
[2024-07-07T15:24:04.921+0000] {processor.py:161} INFO - Started process (PID=1507) to work on /opt/airflow/dags/dag_catchup_backfill.py
[2024-07-07T15:24:04.923+0000] {processor.py:830} INFO - Processing file /opt/airflow/dags/dag_catchup_backfill.py for tasks to queue
[2024-07-07T15:24:04.926+0000] {logging_mixin.py:188} INFO - [2024-07-07T15:24:04.925+0000] {dagbag.py:545} INFO - Filling up the DagBag from /opt/airflow/dags/dag_catchup_backfill.py
[2024-07-07T15:24:04.961+0000] {processor.py:840} INFO - DAG(s) 'DAG_catchup_backfill' retrieved from /opt/airflow/dags/dag_catchup_backfill.py
[2024-07-07T15:24:05.022+0000] {logging_mixin.py:188} INFO - [2024-07-07T15:24:05.022+0000] {dag.py:3096} INFO - Sync 1 DAGs
[2024-07-07T15:24:05.069+0000] {logging_mixin.py:188} INFO - [2024-07-07T15:24:05.068+0000] {dag.py:3954} INFO - Setting next_dagrun for DAG_catchup_backfill to 2024-07-07 00:00:00+00:00, run_after=2024-07-08 00:00:00+00:00
[2024-07-07T15:24:05.111+0000] {processor.py:183} INFO - Processing /opt/airflow/dags/dag_catchup_backfill.py took 0.197 seconds
[2024-07-07T15:24:35.206+0000] {processor.py:161} INFO - Started process (PID=1538) to work on /opt/airflow/dags/dag_catchup_backfill.py
[2024-07-07T15:24:35.207+0000] {processor.py:830} INFO - Processing file /opt/airflow/dags/dag_catchup_backfill.py for tasks to queue
[2024-07-07T15:24:35.210+0000] {logging_mixin.py:188} INFO - [2024-07-07T15:24:35.209+0000] {dagbag.py:545} INFO - Filling up the DagBag from /opt/airflow/dags/dag_catchup_backfill.py
[2024-07-07T15:24:35.237+0000] {processor.py:840} INFO - DAG(s) 'DAG_catchup_backfill' retrieved from /opt/airflow/dags/dag_catchup_backfill.py
[2024-07-07T15:24:35.280+0000] {logging_mixin.py:188} INFO - [2024-07-07T15:24:35.280+0000] {dag.py:3096} INFO - Sync 1 DAGs
[2024-07-07T15:24:35.314+0000] {logging_mixin.py:188} INFO - [2024-07-07T15:24:35.314+0000] {dag.py:3954} INFO - Setting next_dagrun for DAG_catchup_backfill to 2024-07-07 00:00:00+00:00, run_after=2024-07-08 00:00:00+00:00
[2024-07-07T15:24:35.344+0000] {processor.py:183} INFO - Processing /opt/airflow/dags/dag_catchup_backfill.py took 0.147 seconds
[2024-07-07T15:25:05.928+0000] {processor.py:161} INFO - Started process (PID=1570) to work on /opt/airflow/dags/dag_catchup_backfill.py
[2024-07-07T15:25:05.930+0000] {processor.py:830} INFO - Processing file /opt/airflow/dags/dag_catchup_backfill.py for tasks to queue
[2024-07-07T15:25:05.933+0000] {logging_mixin.py:188} INFO - [2024-07-07T15:25:05.933+0000] {dagbag.py:545} INFO - Filling up the DagBag from /opt/airflow/dags/dag_catchup_backfill.py
[2024-07-07T15:25:05.991+0000] {processor.py:840} INFO - DAG(s) 'DAG_catchup_backfill' retrieved from /opt/airflow/dags/dag_catchup_backfill.py
[2024-07-07T15:25:06.126+0000] {logging_mixin.py:188} INFO - [2024-07-07T15:25:06.126+0000] {dag.py:3096} INFO - Sync 1 DAGs
[2024-07-07T15:25:06.217+0000] {logging_mixin.py:188} INFO - [2024-07-07T15:25:06.217+0000] {dag.py:3954} INFO - Setting next_dagrun for DAG_catchup_backfill to 2024-07-07 00:00:00+00:00, run_after=2024-07-08 00:00:00+00:00
[2024-07-07T15:25:06.300+0000] {processor.py:183} INFO - Processing /opt/airflow/dags/dag_catchup_backfill.py took 0.382 seconds
[2024-07-07T15:25:36.764+0000] {processor.py:161} INFO - Started process (PID=1601) to work on /opt/airflow/dags/dag_catchup_backfill.py
[2024-07-07T15:25:36.774+0000] {processor.py:830} INFO - Processing file /opt/airflow/dags/dag_catchup_backfill.py for tasks to queue
[2024-07-07T15:25:36.778+0000] {logging_mixin.py:188} INFO - [2024-07-07T15:25:36.777+0000] {dagbag.py:545} INFO - Filling up the DagBag from /opt/airflow/dags/dag_catchup_backfill.py
[2024-07-07T15:25:36.834+0000] {processor.py:840} INFO - DAG(s) 'DAG_catchup_backfill' retrieved from /opt/airflow/dags/dag_catchup_backfill.py
[2024-07-07T15:25:36.900+0000] {logging_mixin.py:188} INFO - [2024-07-07T15:25:36.900+0000] {dag.py:3096} INFO - Sync 1 DAGs
[2024-07-07T15:25:36.964+0000] {logging_mixin.py:188} INFO - [2024-07-07T15:25:36.964+0000] {dag.py:3954} INFO - Setting next_dagrun for DAG_catchup_backfill to 2024-07-07 00:00:00+00:00, run_after=2024-07-08 00:00:00+00:00
[2024-07-07T15:25:37.031+0000] {processor.py:183} INFO - Processing /opt/airflow/dags/dag_catchup_backfill.py took 0.292 seconds
[2024-07-07T15:26:07.726+0000] {processor.py:161} INFO - Started process (PID=1632) to work on /opt/airflow/dags/dag_catchup_backfill.py
[2024-07-07T15:26:07.727+0000] {processor.py:830} INFO - Processing file /opt/airflow/dags/dag_catchup_backfill.py for tasks to queue
[2024-07-07T15:26:07.730+0000] {logging_mixin.py:188} INFO - [2024-07-07T15:26:07.730+0000] {dagbag.py:545} INFO - Filling up the DagBag from /opt/airflow/dags/dag_catchup_backfill.py
[2024-07-07T15:26:07.761+0000] {processor.py:840} INFO - DAG(s) 'DAG_catchup_backfill' retrieved from /opt/airflow/dags/dag_catchup_backfill.py
[2024-07-07T15:26:07.819+0000] {logging_mixin.py:188} INFO - [2024-07-07T15:26:07.818+0000] {dag.py:3096} INFO - Sync 1 DAGs
[2024-07-07T15:26:07.869+0000] {logging_mixin.py:188} INFO - [2024-07-07T15:26:07.869+0000] {dag.py:3954} INFO - Setting next_dagrun for DAG_catchup_backfill to 2024-07-07 00:00:00+00:00, run_after=2024-07-08 00:00:00+00:00
[2024-07-07T15:26:07.909+0000] {processor.py:183} INFO - Processing /opt/airflow/dags/dag_catchup_backfill.py took 0.191 seconds
[2024-07-07T15:26:38.866+0000] {processor.py:161} INFO - Started process (PID=1663) to work on /opt/airflow/dags/dag_catchup_backfill.py
[2024-07-07T15:26:38.868+0000] {processor.py:830} INFO - Processing file /opt/airflow/dags/dag_catchup_backfill.py for tasks to queue
[2024-07-07T15:26:38.871+0000] {logging_mixin.py:188} INFO - [2024-07-07T15:26:38.870+0000] {dagbag.py:545} INFO - Filling up the DagBag from /opt/airflow/dags/dag_catchup_backfill.py
[2024-07-07T15:26:38.902+0000] {processor.py:840} INFO - DAG(s) 'DAG_catchup_backfill' retrieved from /opt/airflow/dags/dag_catchup_backfill.py
[2024-07-07T15:26:38.946+0000] {logging_mixin.py:188} INFO - [2024-07-07T15:26:38.946+0000] {dag.py:3096} INFO - Sync 1 DAGs
[2024-07-07T15:26:39.006+0000] {logging_mixin.py:188} INFO - [2024-07-07T15:26:39.006+0000] {dag.py:3954} INFO - Setting next_dagrun for DAG_catchup_backfill to 2024-07-07 00:00:00+00:00, run_after=2024-07-08 00:00:00+00:00
[2024-07-07T15:26:39.054+0000] {processor.py:183} INFO - Processing /opt/airflow/dags/dag_catchup_backfill.py took 0.195 seconds
[2024-07-07T15:27:09.146+0000] {processor.py:161} INFO - Started process (PID=1694) to work on /opt/airflow/dags/dag_catchup_backfill.py
[2024-07-07T15:27:09.149+0000] {processor.py:830} INFO - Processing file /opt/airflow/dags/dag_catchup_backfill.py for tasks to queue
[2024-07-07T15:27:09.154+0000] {logging_mixin.py:188} INFO - [2024-07-07T15:27:09.153+0000] {dagbag.py:545} INFO - Filling up the DagBag from /opt/airflow/dags/dag_catchup_backfill.py
[2024-07-07T15:27:09.181+0000] {processor.py:840} INFO - DAG(s) 'DAG_catchup_backfill' retrieved from /opt/airflow/dags/dag_catchup_backfill.py
[2024-07-07T15:27:09.220+0000] {logging_mixin.py:188} INFO - [2024-07-07T15:27:09.219+0000] {dag.py:3096} INFO - Sync 1 DAGs
[2024-07-07T15:27:09.251+0000] {logging_mixin.py:188} INFO - [2024-07-07T15:27:09.250+0000] {dag.py:3954} INFO - Setting next_dagrun for DAG_catchup_backfill to 2024-07-07 00:00:00+00:00, run_after=2024-07-08 00:00:00+00:00
[2024-07-07T15:27:09.288+0000] {processor.py:183} INFO - Processing /opt/airflow/dags/dag_catchup_backfill.py took 0.149 seconds
[2024-07-07T15:27:39.566+0000] {processor.py:161} INFO - Started process (PID=1725) to work on /opt/airflow/dags/dag_catchup_backfill.py
[2024-07-07T15:27:39.568+0000] {processor.py:830} INFO - Processing file /opt/airflow/dags/dag_catchup_backfill.py for tasks to queue
[2024-07-07T15:27:39.572+0000] {logging_mixin.py:188} INFO - [2024-07-07T15:27:39.572+0000] {dagbag.py:545} INFO - Filling up the DagBag from /opt/airflow/dags/dag_catchup_backfill.py
[2024-07-07T15:27:39.609+0000] {processor.py:840} INFO - DAG(s) 'DAG_catchup_backfill' retrieved from /opt/airflow/dags/dag_catchup_backfill.py
[2024-07-07T15:27:39.663+0000] {logging_mixin.py:188} INFO - [2024-07-07T15:27:39.663+0000] {dag.py:3096} INFO - Sync 1 DAGs
[2024-07-07T15:27:39.702+0000] {logging_mixin.py:188} INFO - [2024-07-07T15:27:39.702+0000] {dag.py:3954} INFO - Setting next_dagrun for DAG_catchup_backfill to 2024-07-07 00:00:00+00:00, run_after=2024-07-08 00:00:00+00:00
[2024-07-07T15:27:39.734+0000] {processor.py:183} INFO - Processing /opt/airflow/dags/dag_catchup_backfill.py took 0.178 seconds
[2024-07-07T15:28:10.386+0000] {processor.py:161} INFO - Started process (PID=1756) to work on /opt/airflow/dags/dag_catchup_backfill.py
[2024-07-07T15:28:10.387+0000] {processor.py:830} INFO - Processing file /opt/airflow/dags/dag_catchup_backfill.py for tasks to queue
[2024-07-07T15:28:10.391+0000] {logging_mixin.py:188} INFO - [2024-07-07T15:28:10.389+0000] {dagbag.py:545} INFO - Filling up the DagBag from /opt/airflow/dags/dag_catchup_backfill.py
[2024-07-07T15:28:10.436+0000] {processor.py:840} INFO - DAG(s) 'DAG_catchup_backfill' retrieved from /opt/airflow/dags/dag_catchup_backfill.py
[2024-07-07T15:28:10.489+0000] {logging_mixin.py:188} INFO - [2024-07-07T15:28:10.489+0000] {dag.py:3096} INFO - Sync 1 DAGs
[2024-07-07T15:28:10.539+0000] {logging_mixin.py:188} INFO - [2024-07-07T15:28:10.539+0000] {dag.py:3954} INFO - Setting next_dagrun for DAG_catchup_backfill to 2024-07-07 00:00:00+00:00, run_after=2024-07-08 00:00:00+00:00
[2024-07-07T15:28:10.603+0000] {processor.py:183} INFO - Processing /opt/airflow/dags/dag_catchup_backfill.py took 0.227 seconds
[2024-07-07T15:28:40.863+0000] {processor.py:161} INFO - Started process (PID=1787) to work on /opt/airflow/dags/dag_catchup_backfill.py
[2024-07-07T15:28:40.864+0000] {processor.py:830} INFO - Processing file /opt/airflow/dags/dag_catchup_backfill.py for tasks to queue
[2024-07-07T15:28:40.866+0000] {logging_mixin.py:188} INFO - [2024-07-07T15:28:40.866+0000] {dagbag.py:545} INFO - Filling up the DagBag from /opt/airflow/dags/dag_catchup_backfill.py
[2024-07-07T15:28:40.891+0000] {processor.py:840} INFO - DAG(s) 'DAG_catchup_backfill' retrieved from /opt/airflow/dags/dag_catchup_backfill.py
[2024-07-07T15:28:40.928+0000] {logging_mixin.py:188} INFO - [2024-07-07T15:28:40.928+0000] {dag.py:3096} INFO - Sync 1 DAGs
[2024-07-07T15:28:40.963+0000] {logging_mixin.py:188} INFO - [2024-07-07T15:28:40.963+0000] {dag.py:3954} INFO - Setting next_dagrun for DAG_catchup_backfill to 2024-07-07 00:00:00+00:00, run_after=2024-07-08 00:00:00+00:00
[2024-07-07T15:28:41.002+0000] {processor.py:183} INFO - Processing /opt/airflow/dags/dag_catchup_backfill.py took 0.147 seconds
[2024-07-07T15:29:11.356+0000] {processor.py:161} INFO - Started process (PID=1818) to work on /opt/airflow/dags/dag_catchup_backfill.py
[2024-07-07T15:29:11.358+0000] {processor.py:830} INFO - Processing file /opt/airflow/dags/dag_catchup_backfill.py for tasks to queue
[2024-07-07T15:29:11.360+0000] {logging_mixin.py:188} INFO - [2024-07-07T15:29:11.360+0000] {dagbag.py:545} INFO - Filling up the DagBag from /opt/airflow/dags/dag_catchup_backfill.py
[2024-07-07T15:29:11.386+0000] {processor.py:840} INFO - DAG(s) 'DAG_catchup_backfill' retrieved from /opt/airflow/dags/dag_catchup_backfill.py
[2024-07-07T15:29:11.437+0000] {logging_mixin.py:188} INFO - [2024-07-07T15:29:11.436+0000] {dag.py:3096} INFO - Sync 1 DAGs
[2024-07-07T15:29:11.474+0000] {logging_mixin.py:188} INFO - [2024-07-07T15:29:11.474+0000] {dag.py:3954} INFO - Setting next_dagrun for DAG_catchup_backfill to 2024-07-07 00:00:00+00:00, run_after=2024-07-08 00:00:00+00:00
[2024-07-07T15:29:11.503+0000] {processor.py:183} INFO - Processing /opt/airflow/dags/dag_catchup_backfill.py took 0.155 seconds
[2024-07-07T15:29:41.703+0000] {processor.py:161} INFO - Started process (PID=1854) to work on /opt/airflow/dags/dag_catchup_backfill.py
[2024-07-07T15:29:41.705+0000] {processor.py:830} INFO - Processing file /opt/airflow/dags/dag_catchup_backfill.py for tasks to queue
[2024-07-07T15:29:41.707+0000] {logging_mixin.py:188} INFO - [2024-07-07T15:29:41.707+0000] {dagbag.py:545} INFO - Filling up the DagBag from /opt/airflow/dags/dag_catchup_backfill.py
[2024-07-07T15:29:41.734+0000] {processor.py:840} INFO - DAG(s) 'DAG_catchup_backfill' retrieved from /opt/airflow/dags/dag_catchup_backfill.py
[2024-07-07T15:29:41.776+0000] {logging_mixin.py:188} INFO - [2024-07-07T15:29:41.775+0000] {dag.py:3096} INFO - Sync 1 DAGs
[2024-07-07T15:29:41.809+0000] {logging_mixin.py:188} INFO - [2024-07-07T15:29:41.809+0000] {dag.py:3954} INFO - Setting next_dagrun for DAG_catchup_backfill to 2024-07-07 00:00:00+00:00, run_after=2024-07-08 00:00:00+00:00
[2024-07-07T15:29:41.841+0000] {processor.py:183} INFO - Processing /opt/airflow/dags/dag_catchup_backfill.py took 0.145 seconds
[2024-07-07T15:30:12.217+0000] {processor.py:161} INFO - Started process (PID=1890) to work on /opt/airflow/dags/dag_catchup_backfill.py
[2024-07-07T15:30:12.219+0000] {processor.py:830} INFO - Processing file /opt/airflow/dags/dag_catchup_backfill.py for tasks to queue
[2024-07-07T15:30:12.223+0000] {logging_mixin.py:188} INFO - [2024-07-07T15:30:12.222+0000] {dagbag.py:545} INFO - Filling up the DagBag from /opt/airflow/dags/dag_catchup_backfill.py
[2024-07-07T15:30:12.268+0000] {processor.py:840} INFO - DAG(s) 'DAG_catchup_backfill' retrieved from /opt/airflow/dags/dag_catchup_backfill.py
[2024-07-07T15:30:12.330+0000] {logging_mixin.py:188} INFO - [2024-07-07T15:30:12.329+0000] {dag.py:3096} INFO - Sync 1 DAGs
[2024-07-07T15:30:12.375+0000] {logging_mixin.py:188} INFO - [2024-07-07T15:30:12.375+0000] {dag.py:3954} INFO - Setting next_dagrun for DAG_catchup_backfill to 2024-07-07 00:00:00+00:00, run_after=2024-07-08 00:00:00+00:00
[2024-07-07T15:30:12.409+0000] {processor.py:183} INFO - Processing /opt/airflow/dags/dag_catchup_backfill.py took 0.205 seconds
[2024-07-07T15:30:43.231+0000] {processor.py:161} INFO - Started process (PID=1926) to work on /opt/airflow/dags/dag_catchup_backfill.py
[2024-07-07T15:30:43.233+0000] {processor.py:830} INFO - Processing file /opt/airflow/dags/dag_catchup_backfill.py for tasks to queue
[2024-07-07T15:30:43.242+0000] {logging_mixin.py:188} INFO - [2024-07-07T15:30:43.238+0000] {dagbag.py:545} INFO - Filling up the DagBag from /opt/airflow/dags/dag_catchup_backfill.py
[2024-07-07T15:30:43.284+0000] {processor.py:840} INFO - DAG(s) 'DAG_catchup_backfill' retrieved from /opt/airflow/dags/dag_catchup_backfill.py
[2024-07-07T15:30:43.336+0000] {logging_mixin.py:188} INFO - [2024-07-07T15:30:43.335+0000] {dag.py:3096} INFO - Sync 1 DAGs
[2024-07-07T15:30:43.390+0000] {logging_mixin.py:188} INFO - [2024-07-07T15:30:43.389+0000] {dag.py:3954} INFO - Setting next_dagrun for DAG_catchup_backfill to 2024-07-07 00:00:00+00:00, run_after=2024-07-08 00:00:00+00:00
[2024-07-07T15:30:43.446+0000] {processor.py:183} INFO - Processing /opt/airflow/dags/dag_catchup_backfill.py took 0.226 seconds
[2024-07-07T15:31:13.565+0000] {processor.py:161} INFO - Started process (PID=1962) to work on /opt/airflow/dags/dag_catchup_backfill.py
[2024-07-07T15:31:13.566+0000] {processor.py:830} INFO - Processing file /opt/airflow/dags/dag_catchup_backfill.py for tasks to queue
[2024-07-07T15:31:13.569+0000] {logging_mixin.py:188} INFO - [2024-07-07T15:31:13.568+0000] {dagbag.py:545} INFO - Filling up the DagBag from /opt/airflow/dags/dag_catchup_backfill.py
[2024-07-07T15:31:13.598+0000] {processor.py:840} INFO - DAG(s) 'DAG_catchup_backfill' retrieved from /opt/airflow/dags/dag_catchup_backfill.py
[2024-07-07T15:31:13.645+0000] {logging_mixin.py:188} INFO - [2024-07-07T15:31:13.645+0000] {dag.py:3096} INFO - Sync 1 DAGs
[2024-07-07T15:31:13.678+0000] {logging_mixin.py:188} INFO - [2024-07-07T15:31:13.678+0000] {dag.py:3954} INFO - Setting next_dagrun for DAG_catchup_backfill to 2024-07-07 00:00:00+00:00, run_after=2024-07-08 00:00:00+00:00
[2024-07-07T15:31:13.727+0000] {processor.py:183} INFO - Processing /opt/airflow/dags/dag_catchup_backfill.py took 0.171 seconds
[2024-07-07T15:31:43.970+0000] {processor.py:161} INFO - Started process (PID=1998) to work on /opt/airflow/dags/dag_catchup_backfill.py
[2024-07-07T15:31:43.971+0000] {processor.py:830} INFO - Processing file /opt/airflow/dags/dag_catchup_backfill.py for tasks to queue
[2024-07-07T15:31:43.975+0000] {logging_mixin.py:188} INFO - [2024-07-07T15:31:43.974+0000] {dagbag.py:545} INFO - Filling up the DagBag from /opt/airflow/dags/dag_catchup_backfill.py
[2024-07-07T15:31:44.013+0000] {processor.py:840} INFO - DAG(s) 'DAG_catchup_backfill' retrieved from /opt/airflow/dags/dag_catchup_backfill.py
[2024-07-07T15:31:44.065+0000] {logging_mixin.py:188} INFO - [2024-07-07T15:31:44.065+0000] {dag.py:3096} INFO - Sync 1 DAGs
[2024-07-07T15:31:44.119+0000] {logging_mixin.py:188} INFO - [2024-07-07T15:31:44.118+0000] {dag.py:3954} INFO - Setting next_dagrun for DAG_catchup_backfill to 2024-07-07 00:00:00+00:00, run_after=2024-07-08 00:00:00+00:00
[2024-07-07T15:31:44.200+0000] {processor.py:183} INFO - Processing /opt/airflow/dags/dag_catchup_backfill.py took 0.240 seconds
[2024-07-07T15:32:15.849+0000] {processor.py:161} INFO - Started process (PID=2104) to work on /opt/airflow/dags/dag_catchup_backfill.py
[2024-07-07T15:32:15.855+0000] {processor.py:830} INFO - Processing file /opt/airflow/dags/dag_catchup_backfill.py for tasks to queue
[2024-07-07T15:32:15.883+0000] {logging_mixin.py:188} INFO - [2024-07-07T15:32:15.869+0000] {dagbag.py:545} INFO - Filling up the DagBag from /opt/airflow/dags/dag_catchup_backfill.py
[2024-07-07T15:32:16.894+0000] {processor.py:840} INFO - DAG(s) 'DAG_catchup_backfill' retrieved from /opt/airflow/dags/dag_catchup_backfill.py
[2024-07-07T15:32:17.309+0000] {logging_mixin.py:188} INFO - [2024-07-07T15:32:17.308+0000] {dag.py:3096} INFO - Sync 1 DAGs
[2024-07-07T15:32:17.934+0000] {logging_mixin.py:188} INFO - [2024-07-07T15:32:17.933+0000] {dag.py:3954} INFO - Setting next_dagrun for DAG_catchup_backfill to 2024-07-07 00:00:00+00:00, run_after=2024-07-08 00:00:00+00:00
[2024-07-07T15:32:18.541+0000] {processor.py:183} INFO - Processing /opt/airflow/dags/dag_catchup_backfill.py took 2.810 seconds
[2024-07-07T15:32:49.184+0000] {processor.py:161} INFO - Started process (PID=2237) to work on /opt/airflow/dags/dag_catchup_backfill.py
[2024-07-07T15:32:49.232+0000] {processor.py:830} INFO - Processing file /opt/airflow/dags/dag_catchup_backfill.py for tasks to queue
[2024-07-07T15:32:49.236+0000] {logging_mixin.py:188} INFO - [2024-07-07T15:32:49.236+0000] {dagbag.py:545} INFO - Filling up the DagBag from /opt/airflow/dags/dag_catchup_backfill.py
[2024-07-07T15:32:49.589+0000] {processor.py:840} INFO - DAG(s) 'DAG_catchup_backfill' retrieved from /opt/airflow/dags/dag_catchup_backfill.py
[2024-07-07T15:32:49.707+0000] {logging_mixin.py:188} INFO - [2024-07-07T15:32:49.706+0000] {dag.py:3096} INFO - Sync 1 DAGs
[2024-07-07T15:32:49.889+0000] {logging_mixin.py:188} INFO - [2024-07-07T15:32:49.889+0000] {dag.py:3954} INFO - Setting next_dagrun for DAG_catchup_backfill to 2024-07-07 00:00:00+00:00, run_after=2024-07-08 00:00:00+00:00
[2024-07-07T15:32:50.244+0000] {processor.py:183} INFO - Processing /opt/airflow/dags/dag_catchup_backfill.py took 1.139 seconds
