[2024-07-07T15:02:36.844+0000] {processor.py:161} INFO - Started process (PID=223) to work on /opt/airflow/dags/dag_python_operator.py
[2024-07-07T15:02:36.937+0000] {processor.py:830} INFO - Processing file /opt/airflow/dags/dag_python_operator.py for tasks to queue
[2024-07-07T15:02:37.028+0000] {logging_mixin.py:188} INFO - [2024-07-07T15:02:36.950+0000] {dagbag.py:545} INFO - Filling up the DagBag from /opt/airflow/dags/dag_python_operator.py
[2024-07-07T15:02:39.225+0000] {processor.py:840} INFO - DAG(s) 'DAG_python_operator_V1' retrieved from /opt/airflow/dags/dag_python_operator.py
[2024-07-07T15:02:43.571+0000] {logging_mixin.py:188} INFO - [2024-07-07T15:02:43.570+0000] {dag.py:3096} INFO - Sync 1 DAGs
[2024-07-07T15:02:44.332+0000] {logging_mixin.py:188} INFO - [2024-07-07T15:02:44.331+0000] {dag.py:3954} INFO - Setting next_dagrun for DAG_python_operator_V1 to 2024-07-04 00:00:00+00:00, run_after=2024-07-05 00:00:00+00:00
[2024-07-07T15:02:45.162+0000] {processor.py:183} INFO - Processing /opt/airflow/dags/dag_python_operator.py took 8.753 seconds
[2024-07-07T15:04:34.989+0000] {processor.py:161} INFO - Started process (PID=183) to work on /opt/airflow/dags/dag_python_operator.py
[2024-07-07T15:04:35.004+0000] {processor.py:830} INFO - Processing file /opt/airflow/dags/dag_python_operator.py for tasks to queue
[2024-07-07T15:04:35.008+0000] {logging_mixin.py:188} INFO - [2024-07-07T15:04:35.007+0000] {dagbag.py:545} INFO - Filling up the DagBag from /opt/airflow/dags/dag_python_operator.py
[2024-07-07T15:04:35.140+0000] {processor.py:840} INFO - DAG(s) 'DAG_python_operator_V1' retrieved from /opt/airflow/dags/dag_python_operator.py
[2024-07-07T15:04:35.741+0000] {logging_mixin.py:188} INFO - [2024-07-07T15:04:35.740+0000] {dag.py:3096} INFO - Sync 1 DAGs
[2024-07-07T15:04:36.720+0000] {logging_mixin.py:188} INFO - [2024-07-07T15:04:36.657+0000] {dag.py:3954} INFO - Setting next_dagrun for DAG_python_operator_V1 to 2024-07-04 00:00:00+00:00, run_after=2024-07-05 00:00:00+00:00
[2024-07-07T15:04:37.088+0000] {processor.py:183} INFO - Processing /opt/airflow/dags/dag_python_operator.py took 2.141 seconds
[2024-07-07T15:05:08.031+0000] {processor.py:161} INFO - Started process (PID=309) to work on /opt/airflow/dags/dag_python_operator.py
[2024-07-07T15:05:08.048+0000] {processor.py:830} INFO - Processing file /opt/airflow/dags/dag_python_operator.py for tasks to queue
[2024-07-07T15:05:08.056+0000] {logging_mixin.py:188} INFO - [2024-07-07T15:05:08.055+0000] {dagbag.py:545} INFO - Filling up the DagBag from /opt/airflow/dags/dag_python_operator.py
[2024-07-07T15:05:08.135+0000] {processor.py:840} INFO - DAG(s) 'DAG_python_operator_V1' retrieved from /opt/airflow/dags/dag_python_operator.py
[2024-07-07T15:05:08.290+0000] {logging_mixin.py:188} INFO - [2024-07-07T15:05:08.290+0000] {dag.py:3096} INFO - Sync 1 DAGs
[2024-07-07T15:05:08.423+0000] {logging_mixin.py:188} INFO - [2024-07-07T15:05:08.422+0000] {dag.py:3954} INFO - Setting next_dagrun for DAG_python_operator_V1 to 2024-07-07 00:00:00+00:00, run_after=2024-07-08 00:00:00+00:00
[2024-07-07T15:05:08.548+0000] {processor.py:183} INFO - Processing /opt/airflow/dags/dag_python_operator.py took 0.560 seconds
[2024-07-07T15:05:39.304+0000] {processor.py:161} INFO - Started process (PID=346) to work on /opt/airflow/dags/dag_python_operator.py
[2024-07-07T15:05:39.306+0000] {processor.py:830} INFO - Processing file /opt/airflow/dags/dag_python_operator.py for tasks to queue
[2024-07-07T15:05:39.313+0000] {logging_mixin.py:188} INFO - [2024-07-07T15:05:39.312+0000] {dagbag.py:545} INFO - Filling up the DagBag from /opt/airflow/dags/dag_python_operator.py
[2024-07-07T15:05:39.401+0000] {processor.py:840} INFO - DAG(s) 'DAG_python_operator_V1' retrieved from /opt/airflow/dags/dag_python_operator.py
[2024-07-07T15:05:39.491+0000] {logging_mixin.py:188} INFO - [2024-07-07T15:05:39.490+0000] {dag.py:3096} INFO - Sync 1 DAGs
[2024-07-07T15:05:39.543+0000] {logging_mixin.py:188} INFO - [2024-07-07T15:05:39.542+0000] {dag.py:3954} INFO - Setting next_dagrun for DAG_python_operator_V1 to 2024-07-07 00:00:00+00:00, run_after=2024-07-08 00:00:00+00:00
[2024-07-07T15:05:39.587+0000] {processor.py:183} INFO - Processing /opt/airflow/dags/dag_python_operator.py took 0.303 seconds
[2024-07-07T15:06:09.690+0000] {processor.py:161} INFO - Started process (PID=377) to work on /opt/airflow/dags/dag_python_operator.py
[2024-07-07T15:06:09.692+0000] {processor.py:830} INFO - Processing file /opt/airflow/dags/dag_python_operator.py for tasks to queue
[2024-07-07T15:06:09.694+0000] {logging_mixin.py:188} INFO - [2024-07-07T15:06:09.693+0000] {dagbag.py:545} INFO - Filling up the DagBag from /opt/airflow/dags/dag_python_operator.py
[2024-07-07T15:06:09.718+0000] {processor.py:840} INFO - DAG(s) 'DAG_python_operator_V1' retrieved from /opt/airflow/dags/dag_python_operator.py
[2024-07-07T15:06:09.761+0000] {logging_mixin.py:188} INFO - [2024-07-07T15:06:09.761+0000] {dag.py:3096} INFO - Sync 1 DAGs
[2024-07-07T15:06:09.796+0000] {logging_mixin.py:188} INFO - [2024-07-07T15:06:09.795+0000] {dag.py:3954} INFO - Setting next_dagrun for DAG_python_operator_V1 to 2024-07-07 00:00:00+00:00, run_after=2024-07-08 00:00:00+00:00
[2024-07-07T15:06:09.827+0000] {processor.py:183} INFO - Processing /opt/airflow/dags/dag_python_operator.py took 0.144 seconds
[2024-07-07T15:06:40.460+0000] {processor.py:161} INFO - Started process (PID=408) to work on /opt/airflow/dags/dag_python_operator.py
[2024-07-07T15:06:40.462+0000] {processor.py:830} INFO - Processing file /opt/airflow/dags/dag_python_operator.py for tasks to queue
[2024-07-07T15:06:40.465+0000] {logging_mixin.py:188} INFO - [2024-07-07T15:06:40.464+0000] {dagbag.py:545} INFO - Filling up the DagBag from /opt/airflow/dags/dag_python_operator.py
[2024-07-07T15:06:40.490+0000] {processor.py:840} INFO - DAG(s) 'DAG_python_operator_V1' retrieved from /opt/airflow/dags/dag_python_operator.py
[2024-07-07T15:06:40.534+0000] {logging_mixin.py:188} INFO - [2024-07-07T15:06:40.533+0000] {dag.py:3096} INFO - Sync 1 DAGs
[2024-07-07T15:06:40.566+0000] {logging_mixin.py:188} INFO - [2024-07-07T15:06:40.566+0000] {dag.py:3954} INFO - Setting next_dagrun for DAG_python_operator_V1 to 2024-07-07 00:00:00+00:00, run_after=2024-07-08 00:00:00+00:00
[2024-07-07T15:06:40.603+0000] {processor.py:183} INFO - Processing /opt/airflow/dags/dag_python_operator.py took 0.149 seconds
[2024-07-07T15:07:11.501+0000] {processor.py:161} INFO - Started process (PID=439) to work on /opt/airflow/dags/dag_python_operator.py
[2024-07-07T15:07:11.502+0000] {processor.py:830} INFO - Processing file /opt/airflow/dags/dag_python_operator.py for tasks to queue
[2024-07-07T15:07:11.505+0000] {logging_mixin.py:188} INFO - [2024-07-07T15:07:11.504+0000] {dagbag.py:545} INFO - Filling up the DagBag from /opt/airflow/dags/dag_python_operator.py
[2024-07-07T15:07:11.540+0000] {processor.py:840} INFO - DAG(s) 'DAG_python_operator_V1' retrieved from /opt/airflow/dags/dag_python_operator.py
[2024-07-07T15:07:11.629+0000] {logging_mixin.py:188} INFO - [2024-07-07T15:07:11.629+0000] {dag.py:3096} INFO - Sync 1 DAGs
[2024-07-07T15:07:11.705+0000] {logging_mixin.py:188} INFO - [2024-07-07T15:07:11.704+0000] {dag.py:3954} INFO - Setting next_dagrun for DAG_python_operator_V1 to 2024-07-07 00:00:00+00:00, run_after=2024-07-08 00:00:00+00:00
[2024-07-07T15:07:11.744+0000] {processor.py:183} INFO - Processing /opt/airflow/dags/dag_python_operator.py took 0.253 seconds
[2024-07-07T15:07:41.825+0000] {processor.py:161} INFO - Started process (PID=475) to work on /opt/airflow/dags/dag_python_operator.py
[2024-07-07T15:07:41.826+0000] {processor.py:830} INFO - Processing file /opt/airflow/dags/dag_python_operator.py for tasks to queue
[2024-07-07T15:07:41.829+0000] {logging_mixin.py:188} INFO - [2024-07-07T15:07:41.828+0000] {dagbag.py:545} INFO - Filling up the DagBag from /opt/airflow/dags/dag_python_operator.py
[2024-07-07T15:07:41.859+0000] {processor.py:840} INFO - DAG(s) 'DAG_python_operator_V1' retrieved from /opt/airflow/dags/dag_python_operator.py
[2024-07-07T15:07:41.901+0000] {logging_mixin.py:188} INFO - [2024-07-07T15:07:41.901+0000] {dag.py:3096} INFO - Sync 1 DAGs
[2024-07-07T15:07:41.959+0000] {logging_mixin.py:188} INFO - [2024-07-07T15:07:41.958+0000] {dag.py:3954} INFO - Setting next_dagrun for DAG_python_operator_V1 to 2024-07-07 00:00:00+00:00, run_after=2024-07-08 00:00:00+00:00
[2024-07-07T15:07:41.992+0000] {processor.py:183} INFO - Processing /opt/airflow/dags/dag_python_operator.py took 0.174 seconds
[2024-07-07T15:08:12.073+0000] {processor.py:161} INFO - Started process (PID=506) to work on /opt/airflow/dags/dag_python_operator.py
[2024-07-07T15:08:12.075+0000] {processor.py:830} INFO - Processing file /opt/airflow/dags/dag_python_operator.py for tasks to queue
[2024-07-07T15:08:12.078+0000] {logging_mixin.py:188} INFO - [2024-07-07T15:08:12.078+0000] {dagbag.py:545} INFO - Filling up the DagBag from /opt/airflow/dags/dag_python_operator.py
[2024-07-07T15:08:12.134+0000] {processor.py:840} INFO - DAG(s) 'DAG_python_operator_V1' retrieved from /opt/airflow/dags/dag_python_operator.py
[2024-07-07T15:08:12.264+0000] {logging_mixin.py:188} INFO - [2024-07-07T15:08:12.263+0000] {dag.py:3096} INFO - Sync 1 DAGs
[2024-07-07T15:08:12.385+0000] {logging_mixin.py:188} INFO - [2024-07-07T15:08:12.385+0000] {dag.py:3954} INFO - Setting next_dagrun for DAG_python_operator_V1 to 2024-07-07 00:00:00+00:00, run_after=2024-07-08 00:00:00+00:00
[2024-07-07T15:08:12.467+0000] {processor.py:183} INFO - Processing /opt/airflow/dags/dag_python_operator.py took 0.404 seconds
[2024-07-07T15:08:42.857+0000] {processor.py:161} INFO - Started process (PID=542) to work on /opt/airflow/dags/dag_python_operator.py
[2024-07-07T15:08:42.858+0000] {processor.py:830} INFO - Processing file /opt/airflow/dags/dag_python_operator.py for tasks to queue
[2024-07-07T15:08:42.862+0000] {logging_mixin.py:188} INFO - [2024-07-07T15:08:42.861+0000] {dagbag.py:545} INFO - Filling up the DagBag from /opt/airflow/dags/dag_python_operator.py
[2024-07-07T15:08:42.901+0000] {processor.py:840} INFO - DAG(s) 'DAG_python_operator_V1' retrieved from /opt/airflow/dags/dag_python_operator.py
[2024-07-07T15:08:42.955+0000] {logging_mixin.py:188} INFO - [2024-07-07T15:08:42.954+0000] {dag.py:3096} INFO - Sync 1 DAGs
[2024-07-07T15:08:43.011+0000] {logging_mixin.py:188} INFO - [2024-07-07T15:08:43.010+0000] {dag.py:3954} INFO - Setting next_dagrun for DAG_python_operator_V1 to 2024-07-07 00:00:00+00:00, run_after=2024-07-08 00:00:00+00:00
[2024-07-07T15:08:43.058+0000] {processor.py:183} INFO - Processing /opt/airflow/dags/dag_python_operator.py took 0.212 seconds
[2024-07-07T15:09:13.289+0000] {processor.py:161} INFO - Started process (PID=573) to work on /opt/airflow/dags/dag_python_operator.py
[2024-07-07T15:09:13.291+0000] {processor.py:830} INFO - Processing file /opt/airflow/dags/dag_python_operator.py for tasks to queue
[2024-07-07T15:09:13.293+0000] {logging_mixin.py:188} INFO - [2024-07-07T15:09:13.293+0000] {dagbag.py:545} INFO - Filling up the DagBag from /opt/airflow/dags/dag_python_operator.py
[2024-07-07T15:09:13.322+0000] {processor.py:840} INFO - DAG(s) 'DAG_python_operator_V1' retrieved from /opt/airflow/dags/dag_python_operator.py
[2024-07-07T15:09:13.370+0000] {logging_mixin.py:188} INFO - [2024-07-07T15:09:13.369+0000] {dag.py:3096} INFO - Sync 1 DAGs
[2024-07-07T15:09:13.411+0000] {logging_mixin.py:188} INFO - [2024-07-07T15:09:13.411+0000] {dag.py:3954} INFO - Setting next_dagrun for DAG_python_operator_V1 to 2024-07-07 00:00:00+00:00, run_after=2024-07-08 00:00:00+00:00
[2024-07-07T15:09:13.449+0000] {processor.py:183} INFO - Processing /opt/airflow/dags/dag_python_operator.py took 0.167 seconds
[2024-07-07T15:09:43.692+0000] {processor.py:161} INFO - Started process (PID=604) to work on /opt/airflow/dags/dag_python_operator.py
[2024-07-07T15:09:43.694+0000] {processor.py:830} INFO - Processing file /opt/airflow/dags/dag_python_operator.py for tasks to queue
[2024-07-07T15:09:43.698+0000] {logging_mixin.py:188} INFO - [2024-07-07T15:09:43.697+0000] {dagbag.py:545} INFO - Filling up the DagBag from /opt/airflow/dags/dag_python_operator.py
[2024-07-07T15:09:43.740+0000] {processor.py:840} INFO - DAG(s) 'DAG_python_operator_V1' retrieved from /opt/airflow/dags/dag_python_operator.py
[2024-07-07T15:09:43.797+0000] {logging_mixin.py:188} INFO - [2024-07-07T15:09:43.797+0000] {dag.py:3096} INFO - Sync 1 DAGs
[2024-07-07T15:09:43.843+0000] {logging_mixin.py:188} INFO - [2024-07-07T15:09:43.842+0000] {dag.py:3954} INFO - Setting next_dagrun for DAG_python_operator_V1 to 2024-07-07 00:00:00+00:00, run_after=2024-07-08 00:00:00+00:00
[2024-07-07T15:09:43.888+0000] {processor.py:183} INFO - Processing /opt/airflow/dags/dag_python_operator.py took 0.211 seconds
[2024-07-07T15:10:14.314+0000] {processor.py:161} INFO - Started process (PID=635) to work on /opt/airflow/dags/dag_python_operator.py
[2024-07-07T15:10:14.316+0000] {processor.py:830} INFO - Processing file /opt/airflow/dags/dag_python_operator.py for tasks to queue
[2024-07-07T15:10:14.321+0000] {logging_mixin.py:188} INFO - [2024-07-07T15:10:14.321+0000] {dagbag.py:545} INFO - Filling up the DagBag from /opt/airflow/dags/dag_python_operator.py
[2024-07-07T15:10:14.363+0000] {processor.py:840} INFO - DAG(s) 'DAG_python_operator_V1' retrieved from /opt/airflow/dags/dag_python_operator.py
[2024-07-07T15:10:14.422+0000] {logging_mixin.py:188} INFO - [2024-07-07T15:10:14.421+0000] {dag.py:3096} INFO - Sync 1 DAGs
[2024-07-07T15:10:14.485+0000] {logging_mixin.py:188} INFO - [2024-07-07T15:10:14.484+0000] {dag.py:3954} INFO - Setting next_dagrun for DAG_python_operator_V1 to 2024-07-07 00:00:00+00:00, run_after=2024-07-08 00:00:00+00:00
[2024-07-07T15:10:14.536+0000] {processor.py:183} INFO - Processing /opt/airflow/dags/dag_python_operator.py took 0.233 seconds
[2024-07-07T15:10:45.260+0000] {processor.py:161} INFO - Started process (PID=666) to work on /opt/airflow/dags/dag_python_operator.py
[2024-07-07T15:10:45.262+0000] {processor.py:830} INFO - Processing file /opt/airflow/dags/dag_python_operator.py for tasks to queue
[2024-07-07T15:10:45.276+0000] {logging_mixin.py:188} INFO - [2024-07-07T15:10:45.275+0000] {dagbag.py:545} INFO - Filling up the DagBag from /opt/airflow/dags/dag_python_operator.py
[2024-07-07T15:10:45.356+0000] {processor.py:840} INFO - DAG(s) 'DAG_python_operator_V1' retrieved from /opt/airflow/dags/dag_python_operator.py
[2024-07-07T15:10:45.454+0000] {logging_mixin.py:188} INFO - [2024-07-07T15:10:45.453+0000] {dag.py:3096} INFO - Sync 1 DAGs
[2024-07-07T15:10:45.516+0000] {logging_mixin.py:188} INFO - [2024-07-07T15:10:45.516+0000] {dag.py:3954} INFO - Setting next_dagrun for DAG_python_operator_V1 to 2024-07-07 00:00:00+00:00, run_after=2024-07-08 00:00:00+00:00
[2024-07-07T15:10:45.571+0000] {processor.py:183} INFO - Processing /opt/airflow/dags/dag_python_operator.py took 0.343 seconds
[2024-07-07T15:11:16.278+0000] {processor.py:161} INFO - Started process (PID=696) to work on /opt/airflow/dags/dag_python_operator.py
[2024-07-07T15:11:16.281+0000] {processor.py:830} INFO - Processing file /opt/airflow/dags/dag_python_operator.py for tasks to queue
[2024-07-07T15:11:16.287+0000] {logging_mixin.py:188} INFO - [2024-07-07T15:11:16.285+0000] {dagbag.py:545} INFO - Filling up the DagBag from /opt/airflow/dags/dag_python_operator.py
[2024-07-07T15:11:16.358+0000] {processor.py:840} INFO - DAG(s) 'DAG_python_operator_V1' retrieved from /opt/airflow/dags/dag_python_operator.py
[2024-07-07T15:11:16.475+0000] {logging_mixin.py:188} INFO - [2024-07-07T15:11:16.474+0000] {dag.py:3096} INFO - Sync 1 DAGs
[2024-07-07T15:11:16.537+0000] {logging_mixin.py:188} INFO - [2024-07-07T15:11:16.536+0000] {dag.py:3954} INFO - Setting next_dagrun for DAG_python_operator_V1 to 2024-07-07 00:00:00+00:00, run_after=2024-07-08 00:00:00+00:00
[2024-07-07T15:11:16.598+0000] {processor.py:183} INFO - Processing /opt/airflow/dags/dag_python_operator.py took 0.334 seconds
[2024-07-07T15:11:47.062+0000] {processor.py:161} INFO - Started process (PID=726) to work on /opt/airflow/dags/dag_python_operator.py
[2024-07-07T15:11:47.065+0000] {processor.py:830} INFO - Processing file /opt/airflow/dags/dag_python_operator.py for tasks to queue
[2024-07-07T15:11:47.070+0000] {logging_mixin.py:188} INFO - [2024-07-07T15:11:47.069+0000] {dagbag.py:545} INFO - Filling up the DagBag from /opt/airflow/dags/dag_python_operator.py
[2024-07-07T15:11:47.107+0000] {processor.py:840} INFO - DAG(s) 'DAG_python_operator_V1' retrieved from /opt/airflow/dags/dag_python_operator.py
[2024-07-07T15:11:47.175+0000] {logging_mixin.py:188} INFO - [2024-07-07T15:11:47.174+0000] {dag.py:3096} INFO - Sync 1 DAGs
[2024-07-07T15:11:47.222+0000] {logging_mixin.py:188} INFO - [2024-07-07T15:11:47.222+0000] {dag.py:3954} INFO - Setting next_dagrun for DAG_python_operator_V1 to 2024-07-07 00:00:00+00:00, run_after=2024-07-08 00:00:00+00:00
[2024-07-07T15:11:47.258+0000] {processor.py:183} INFO - Processing /opt/airflow/dags/dag_python_operator.py took 0.215 seconds
