[2024-07-07T15:29:35.572+0000] {processor.py:161} INFO - Started process (PID=1849) to work on /opt/airflow/dags/etl_sample.py
[2024-07-07T15:29:35.573+0000] {processor.py:830} INFO - Processing file /opt/airflow/dags/etl_sample.py for tasks to queue
[2024-07-07T15:29:35.575+0000] {logging_mixin.py:188} INFO - [2024-07-07T15:29:35.575+0000] {dagbag.py:545} INFO - Filling up the DagBag from /opt/airflow/dags/etl_sample.py
[2024-07-07T15:29:35.613+0000] {processor.py:840} INFO - DAG(s) 'sample_etl' retrieved from /opt/airflow/dags/etl_sample.py
[2024-07-07T15:29:35.809+0000] {logging_mixin.py:188} INFO - [2024-07-07T15:29:35.807+0000] {override.py:1829} INFO - Created Permission View: can edit on DAG:sample_etl
[2024-07-07T15:29:35.829+0000] {logging_mixin.py:188} INFO - [2024-07-07T15:29:35.829+0000] {override.py:1829} INFO - Created Permission View: can read on DAG:sample_etl
[2024-07-07T15:29:35.843+0000] {logging_mixin.py:188} INFO - [2024-07-07T15:29:35.842+0000] {override.py:1829} INFO - Created Permission View: can delete on DAG:sample_etl
[2024-07-07T15:29:35.844+0000] {logging_mixin.py:188} INFO - [2024-07-07T15:29:35.844+0000] {dag.py:3096} INFO - Sync 1 DAGs
[2024-07-07T15:29:35.879+0000] {logging_mixin.py:188} INFO - [2024-07-07T15:29:35.879+0000] {dag.py:3118} INFO - Creating ORM DAG for sample_etl
[2024-07-07T15:29:35.916+0000] {logging_mixin.py:188} INFO - [2024-07-07T15:29:35.915+0000] {dag.py:3954} INFO - Setting next_dagrun for sample_etl to 2024-08-07 00:00:00+00:00, run_after=2024-08-08 00:00:00+00:00
[2024-07-07T15:29:35.984+0000] {processor.py:183} INFO - Processing /opt/airflow/dags/etl_sample.py took 0.423 seconds
[2024-07-07T15:30:06.101+0000] {processor.py:161} INFO - Started process (PID=1885) to work on /opt/airflow/dags/etl_sample.py
[2024-07-07T15:30:06.103+0000] {processor.py:830} INFO - Processing file /opt/airflow/dags/etl_sample.py for tasks to queue
[2024-07-07T15:30:06.106+0000] {logging_mixin.py:188} INFO - [2024-07-07T15:30:06.106+0000] {dagbag.py:545} INFO - Filling up the DagBag from /opt/airflow/dags/etl_sample.py
[2024-07-07T15:30:06.133+0000] {processor.py:840} INFO - DAG(s) 'sample_etl' retrieved from /opt/airflow/dags/etl_sample.py
[2024-07-07T15:30:06.183+0000] {logging_mixin.py:188} INFO - [2024-07-07T15:30:06.182+0000] {dag.py:3096} INFO - Sync 1 DAGs
[2024-07-07T15:30:06.220+0000] {logging_mixin.py:188} INFO - [2024-07-07T15:30:06.219+0000] {dag.py:3954} INFO - Setting next_dagrun for sample_etl to 2024-08-07 00:00:00+00:00, run_after=2024-08-08 00:00:00+00:00
[2024-07-07T15:30:06.254+0000] {processor.py:183} INFO - Processing /opt/airflow/dags/etl_sample.py took 0.162 seconds
[2024-07-07T15:30:28.562+0000] {processor.py:161} INFO - Started process (PID=1915) to work on /opt/airflow/dags/etl_sample.py
[2024-07-07T15:30:28.564+0000] {processor.py:830} INFO - Processing file /opt/airflow/dags/etl_sample.py for tasks to queue
[2024-07-07T15:30:28.567+0000] {logging_mixin.py:188} INFO - [2024-07-07T15:30:28.567+0000] {dagbag.py:545} INFO - Filling up the DagBag from /opt/airflow/dags/etl_sample.py
[2024-07-07T15:30:28.639+0000] {processor.py:840} INFO - DAG(s) 'our_first_dag_V2' retrieved from /opt/airflow/dags/etl_sample.py
[2024-07-07T15:30:28.818+0000] {logging_mixin.py:188} INFO - [2024-07-07T15:30:28.818+0000] {dag.py:3096} INFO - Sync 1 DAGs
[2024-07-07T15:30:28.861+0000] {logging_mixin.py:188} INFO - [2024-07-07T15:30:28.860+0000] {dag.py:3954} INFO - Setting next_dagrun for our_first_dag_V2 to 2024-07-07 00:00:00+00:00, run_after=2024-07-08 00:00:00+00:00
[2024-07-07T15:30:28.911+0000] {processor.py:183} INFO - Processing /opt/airflow/dags/etl_sample.py took 0.362 seconds
[2024-07-07T15:30:47.809+0000] {processor.py:161} INFO - Started process (PID=1946) to work on /opt/airflow/dags/etl_sample.py
[2024-07-07T15:30:47.811+0000] {processor.py:830} INFO - Processing file /opt/airflow/dags/etl_sample.py for tasks to queue
[2024-07-07T15:30:47.814+0000] {logging_mixin.py:188} INFO - [2024-07-07T15:30:47.813+0000] {dagbag.py:545} INFO - Filling up the DagBag from /opt/airflow/dags/etl_sample.py
[2024-07-07T15:30:47.868+0000] {processor.py:840} INFO - DAG(s) 'sample_etl' retrieved from /opt/airflow/dags/etl_sample.py
[2024-07-07T15:30:47.917+0000] {logging_mixin.py:188} INFO - [2024-07-07T15:30:47.917+0000] {dag.py:3096} INFO - Sync 1 DAGs
[2024-07-07T15:30:47.958+0000] {logging_mixin.py:188} INFO - [2024-07-07T15:30:47.958+0000] {dag.py:3954} INFO - Setting next_dagrun for sample_etl to 2024-08-07 00:00:00+00:00, run_after=2024-08-08 00:00:00+00:00
[2024-07-07T15:30:48.006+0000] {processor.py:183} INFO - Processing /opt/airflow/dags/etl_sample.py took 0.208 seconds
[2024-07-07T15:31:18.152+0000] {processor.py:161} INFO - Started process (PID=1982) to work on /opt/airflow/dags/etl_sample.py
[2024-07-07T15:31:18.154+0000] {processor.py:830} INFO - Processing file /opt/airflow/dags/etl_sample.py for tasks to queue
[2024-07-07T15:31:18.156+0000] {logging_mixin.py:188} INFO - [2024-07-07T15:31:18.156+0000] {dagbag.py:545} INFO - Filling up the DagBag from /opt/airflow/dags/etl_sample.py
[2024-07-07T15:31:18.178+0000] {processor.py:840} INFO - DAG(s) 'sample_etl' retrieved from /opt/airflow/dags/etl_sample.py
[2024-07-07T15:31:18.217+0000] {logging_mixin.py:188} INFO - [2024-07-07T15:31:18.217+0000] {dag.py:3096} INFO - Sync 1 DAGs
[2024-07-07T15:31:18.247+0000] {logging_mixin.py:188} INFO - [2024-07-07T15:31:18.247+0000] {dag.py:3954} INFO - Setting next_dagrun for sample_etl to 2024-08-07 00:00:00+00:00, run_after=2024-08-08 00:00:00+00:00
[2024-07-07T15:31:18.285+0000] {processor.py:183} INFO - Processing /opt/airflow/dags/etl_sample.py took 0.140 seconds
[2024-07-07T15:31:46.286+0000] {processor.py:161} INFO - Started process (PID=2003) to work on /opt/airflow/dags/etl_sample.py
[2024-07-07T15:31:46.289+0000] {processor.py:830} INFO - Processing file /opt/airflow/dags/etl_sample.py for tasks to queue
[2024-07-07T15:31:46.294+0000] {logging_mixin.py:188} INFO - [2024-07-07T15:31:46.293+0000] {dagbag.py:545} INFO - Filling up the DagBag from /opt/airflow/dags/etl_sample.py
[2024-07-07T15:31:46.384+0000] {processor.py:840} INFO - DAG(s) 'sample_etl' retrieved from /opt/airflow/dags/etl_sample.py
[2024-07-07T15:31:47.009+0000] {logging_mixin.py:188} INFO - [2024-07-07T15:31:47.008+0000] {dag.py:3096} INFO - Sync 1 DAGs
[2024-07-07T15:31:47.100+0000] {logging_mixin.py:188} INFO - [2024-07-07T15:31:47.100+0000] {dag.py:3954} INFO - Setting next_dagrun for sample_etl to 2024-05-07 00:00:00+00:00, run_after=2024-05-08 00:00:00+00:00
[2024-07-07T15:31:47.185+0000] {processor.py:183} INFO - Processing /opt/airflow/dags/etl_sample.py took 0.919 seconds
[2024-07-07T15:32:18.396+0000] {processor.py:161} INFO - Started process (PID=2110) to work on /opt/airflow/dags/etl_sample.py
[2024-07-07T15:32:18.410+0000] {processor.py:830} INFO - Processing file /opt/airflow/dags/etl_sample.py for tasks to queue
[2024-07-07T15:32:18.507+0000] {logging_mixin.py:188} INFO - [2024-07-07T15:32:18.505+0000] {dagbag.py:545} INFO - Filling up the DagBag from /opt/airflow/dags/etl_sample.py
[2024-07-07T15:32:18.667+0000] {processor.py:840} INFO - DAG(s) 'sample_etl' retrieved from /opt/airflow/dags/etl_sample.py
[2024-07-07T15:32:19.688+0000] {logging_mixin.py:188} INFO - [2024-07-07T15:32:19.687+0000] {dag.py:3096} INFO - Sync 1 DAGs
[2024-07-07T15:32:21.520+0000] {processor.py:183} INFO - Processing /opt/airflow/dags/etl_sample.py took 3.231 seconds
[2024-07-07T15:32:52.326+0000] {processor.py:161} INFO - Started process (PID=2254) to work on /opt/airflow/dags/etl_sample.py
[2024-07-07T15:32:52.366+0000] {processor.py:830} INFO - Processing file /opt/airflow/dags/etl_sample.py for tasks to queue
[2024-07-07T15:32:52.387+0000] {logging_mixin.py:188} INFO - [2024-07-07T15:32:52.386+0000] {dagbag.py:545} INFO - Filling up the DagBag from /opt/airflow/dags/etl_sample.py
[2024-07-07T15:32:52.575+0000] {processor.py:840} INFO - DAG(s) 'sample_etl' retrieved from /opt/airflow/dags/etl_sample.py
[2024-07-07T15:32:53.209+0000] {logging_mixin.py:188} INFO - [2024-07-07T15:32:53.208+0000] {dag.py:3096} INFO - Sync 1 DAGs
[2024-07-07T15:32:53.449+0000] {logging_mixin.py:188} INFO - [2024-07-07T15:32:53.449+0000] {dag.py:3954} INFO - Setting next_dagrun for sample_etl to 2024-06-04 00:00:00+00:00, run_after=2024-06-14 00:00:00+00:00
[2024-07-07T15:32:53.675+0000] {processor.py:183} INFO - Processing /opt/airflow/dags/etl_sample.py took 1.395 seconds
