[2024-07-07T15:02:42.959+0000] {processor.py:161} INFO - Started process (PID=236) to work on /opt/airflow/dags/our_first_dag.py
[2024-07-07T15:02:42.990+0000] {processor.py:830} INFO - Processing file /opt/airflow/dags/our_first_dag.py for tasks to queue
[2024-07-07T15:02:43.027+0000] {logging_mixin.py:188} INFO - [2024-07-07T15:02:43.026+0000] {dagbag.py:545} INFO - Filling up the DagBag from /opt/airflow/dags/our_first_dag.py
[2024-07-07T15:02:43.575+0000] {processor.py:840} INFO - DAG(s) 'our_first_dag_V2' retrieved from /opt/airflow/dags/our_first_dag.py
[2024-07-07T15:02:45.803+0000] {logging_mixin.py:188} INFO - [2024-07-07T15:02:45.802+0000] {dag.py:3096} INFO - Sync 1 DAGs
[2024-07-07T15:02:46.078+0000] {logging_mixin.py:188} INFO - [2024-07-07T15:02:46.078+0000] {dag.py:3954} INFO - Setting next_dagrun for our_first_dag_V2 to 2024-07-04 00:00:00+00:00, run_after=2024-07-05 00:00:00+00:00
[2024-07-07T15:02:46.631+0000] {processor.py:183} INFO - Processing /opt/airflow/dags/our_first_dag.py took 4.059 seconds
[2024-07-07T15:04:35.090+0000] {processor.py:161} INFO - Started process (PID=186) to work on /opt/airflow/dags/our_first_dag.py
[2024-07-07T15:04:35.104+0000] {processor.py:830} INFO - Processing file /opt/airflow/dags/our_first_dag.py for tasks to queue
[2024-07-07T15:04:35.110+0000] {logging_mixin.py:188} INFO - [2024-07-07T15:04:35.109+0000] {dagbag.py:545} INFO - Filling up the DagBag from /opt/airflow/dags/our_first_dag.py
[2024-07-07T15:04:35.183+0000] {processor.py:840} INFO - DAG(s) 'our_first_dag_V2' retrieved from /opt/airflow/dags/our_first_dag.py
[2024-07-07T15:04:37.530+0000] {logging_mixin.py:188} INFO - [2024-07-07T15:04:37.530+0000] {dag.py:3096} INFO - Sync 1 DAGs
[2024-07-07T15:04:37.933+0000] {logging_mixin.py:188} INFO - [2024-07-07T15:04:37.933+0000] {dag.py:3954} INFO - Setting next_dagrun for our_first_dag_V2 to 2024-07-04 00:00:00+00:00, run_after=2024-07-05 00:00:00+00:00
[2024-07-07T15:04:38.612+0000] {processor.py:183} INFO - Processing /opt/airflow/dags/our_first_dag.py took 3.593 seconds
[2024-07-07T15:05:10.050+0000] {processor.py:161} INFO - Started process (PID=318) to work on /opt/airflow/dags/our_first_dag.py
[2024-07-07T15:05:10.054+0000] {processor.py:830} INFO - Processing file /opt/airflow/dags/our_first_dag.py for tasks to queue
[2024-07-07T15:05:10.061+0000] {logging_mixin.py:188} INFO - [2024-07-07T15:05:10.060+0000] {dagbag.py:545} INFO - Filling up the DagBag from /opt/airflow/dags/our_first_dag.py
[2024-07-07T15:05:10.146+0000] {processor.py:840} INFO - DAG(s) 'our_first_dag_V2' retrieved from /opt/airflow/dags/our_first_dag.py
[2024-07-07T15:05:10.234+0000] {logging_mixin.py:188} INFO - [2024-07-07T15:05:10.233+0000] {dag.py:3096} INFO - Sync 1 DAGs
[2024-07-07T15:05:10.296+0000] {logging_mixin.py:188} INFO - [2024-07-07T15:05:10.295+0000] {dag.py:3954} INFO - Setting next_dagrun for our_first_dag_V2 to 2024-07-07 00:00:00+00:00, run_after=2024-07-08 00:00:00+00:00
[2024-07-07T15:05:10.340+0000] {processor.py:183} INFO - Processing /opt/airflow/dags/our_first_dag.py took 0.325 seconds
[2024-07-07T15:05:40.664+0000] {processor.py:161} INFO - Started process (PID=351) to work on /opt/airflow/dags/our_first_dag.py
[2024-07-07T15:05:40.666+0000] {processor.py:830} INFO - Processing file /opt/airflow/dags/our_first_dag.py for tasks to queue
[2024-07-07T15:05:40.668+0000] {logging_mixin.py:188} INFO - [2024-07-07T15:05:40.668+0000] {dagbag.py:545} INFO - Filling up the DagBag from /opt/airflow/dags/our_first_dag.py
[2024-07-07T15:05:40.694+0000] {processor.py:840} INFO - DAG(s) 'our_first_dag_V2' retrieved from /opt/airflow/dags/our_first_dag.py
[2024-07-07T15:05:40.733+0000] {logging_mixin.py:188} INFO - [2024-07-07T15:05:40.732+0000] {dag.py:3096} INFO - Sync 1 DAGs
[2024-07-07T15:05:40.773+0000] {logging_mixin.py:188} INFO - [2024-07-07T15:05:40.773+0000] {dag.py:3954} INFO - Setting next_dagrun for our_first_dag_V2 to 2024-07-07 00:00:00+00:00, run_after=2024-07-08 00:00:00+00:00
[2024-07-07T15:05:40.800+0000] {processor.py:183} INFO - Processing /opt/airflow/dags/our_first_dag.py took 0.143 seconds
[2024-07-07T15:06:10.902+0000] {processor.py:161} INFO - Started process (PID=382) to work on /opt/airflow/dags/our_first_dag.py
[2024-07-07T15:06:10.904+0000] {processor.py:830} INFO - Processing file /opt/airflow/dags/our_first_dag.py for tasks to queue
[2024-07-07T15:06:10.906+0000] {logging_mixin.py:188} INFO - [2024-07-07T15:06:10.906+0000] {dagbag.py:545} INFO - Filling up the DagBag from /opt/airflow/dags/our_first_dag.py
[2024-07-07T15:06:10.933+0000] {processor.py:840} INFO - DAG(s) 'our_first_dag_V2' retrieved from /opt/airflow/dags/our_first_dag.py
[2024-07-07T15:06:10.979+0000] {logging_mixin.py:188} INFO - [2024-07-07T15:06:10.979+0000] {dag.py:3096} INFO - Sync 1 DAGs
[2024-07-07T15:06:11.012+0000] {logging_mixin.py:188} INFO - [2024-07-07T15:06:11.011+0000] {dag.py:3954} INFO - Setting next_dagrun for our_first_dag_V2 to 2024-07-07 00:00:00+00:00, run_after=2024-07-08 00:00:00+00:00
[2024-07-07T15:06:11.051+0000] {processor.py:183} INFO - Processing /opt/airflow/dags/our_first_dag.py took 0.155 seconds
[2024-07-07T15:06:41.573+0000] {processor.py:161} INFO - Started process (PID=413) to work on /opt/airflow/dags/our_first_dag.py
[2024-07-07T15:06:41.574+0000] {processor.py:830} INFO - Processing file /opt/airflow/dags/our_first_dag.py for tasks to queue
[2024-07-07T15:06:41.576+0000] {logging_mixin.py:188} INFO - [2024-07-07T15:06:41.576+0000] {dagbag.py:545} INFO - Filling up the DagBag from /opt/airflow/dags/our_first_dag.py
[2024-07-07T15:06:41.601+0000] {processor.py:840} INFO - DAG(s) 'our_first_dag_V2' retrieved from /opt/airflow/dags/our_first_dag.py
[2024-07-07T15:06:41.644+0000] {logging_mixin.py:188} INFO - [2024-07-07T15:06:41.643+0000] {dag.py:3096} INFO - Sync 1 DAGs
[2024-07-07T15:06:41.679+0000] {logging_mixin.py:188} INFO - [2024-07-07T15:06:41.678+0000] {dag.py:3954} INFO - Setting next_dagrun for our_first_dag_V2 to 2024-07-07 00:00:00+00:00, run_after=2024-07-08 00:00:00+00:00
[2024-07-07T15:06:41.720+0000] {processor.py:183} INFO - Processing /opt/airflow/dags/our_first_dag.py took 0.154 seconds
[2024-07-07T15:07:11.829+0000] {processor.py:161} INFO - Started process (PID=444) to work on /opt/airflow/dags/our_first_dag.py
[2024-07-07T15:07:11.834+0000] {processor.py:830} INFO - Processing file /opt/airflow/dags/our_first_dag.py for tasks to queue
[2024-07-07T15:07:11.839+0000] {logging_mixin.py:188} INFO - [2024-07-07T15:07:11.839+0000] {dagbag.py:545} INFO - Filling up the DagBag from /opt/airflow/dags/our_first_dag.py
[2024-07-07T15:07:11.890+0000] {processor.py:840} INFO - DAG(s) 'our_first_dag_V2' retrieved from /opt/airflow/dags/our_first_dag.py
[2024-07-07T15:07:11.934+0000] {logging_mixin.py:188} INFO - [2024-07-07T15:07:11.934+0000] {dag.py:3096} INFO - Sync 1 DAGs
[2024-07-07T15:07:11.974+0000] {logging_mixin.py:188} INFO - [2024-07-07T15:07:11.974+0000] {dag.py:3954} INFO - Setting next_dagrun for our_first_dag_V2 to 2024-07-07 00:00:00+00:00, run_after=2024-07-08 00:00:00+00:00
[2024-07-07T15:07:12.005+0000] {processor.py:183} INFO - Processing /opt/airflow/dags/our_first_dag.py took 0.184 seconds
[2024-07-07T15:07:42.845+0000] {processor.py:161} INFO - Started process (PID=480) to work on /opt/airflow/dags/our_first_dag.py
[2024-07-07T15:07:42.847+0000] {processor.py:830} INFO - Processing file /opt/airflow/dags/our_first_dag.py for tasks to queue
[2024-07-07T15:07:42.849+0000] {logging_mixin.py:188} INFO - [2024-07-07T15:07:42.848+0000] {dagbag.py:545} INFO - Filling up the DagBag from /opt/airflow/dags/our_first_dag.py
[2024-07-07T15:07:42.880+0000] {processor.py:840} INFO - DAG(s) 'our_first_dag_V2' retrieved from /opt/airflow/dags/our_first_dag.py
[2024-07-07T15:07:42.927+0000] {logging_mixin.py:188} INFO - [2024-07-07T15:07:42.926+0000] {dag.py:3096} INFO - Sync 1 DAGs
[2024-07-07T15:07:42.961+0000] {logging_mixin.py:188} INFO - [2024-07-07T15:07:42.960+0000] {dag.py:3954} INFO - Setting next_dagrun for our_first_dag_V2 to 2024-07-07 00:00:00+00:00, run_after=2024-07-08 00:00:00+00:00
[2024-07-07T15:07:43.003+0000] {processor.py:183} INFO - Processing /opt/airflow/dags/our_first_dag.py took 0.165 seconds
[2024-07-07T15:08:13.346+0000] {processor.py:161} INFO - Started process (PID=511) to work on /opt/airflow/dags/our_first_dag.py
[2024-07-07T15:08:13.348+0000] {processor.py:830} INFO - Processing file /opt/airflow/dags/our_first_dag.py for tasks to queue
[2024-07-07T15:08:13.351+0000] {logging_mixin.py:188} INFO - [2024-07-07T15:08:13.350+0000] {dagbag.py:545} INFO - Filling up the DagBag from /opt/airflow/dags/our_first_dag.py
[2024-07-07T15:08:13.386+0000] {processor.py:840} INFO - DAG(s) 'our_first_dag_V2' retrieved from /opt/airflow/dags/our_first_dag.py
[2024-07-07T15:08:13.459+0000] {logging_mixin.py:188} INFO - [2024-07-07T15:08:13.458+0000] {dag.py:3096} INFO - Sync 1 DAGs
[2024-07-07T15:08:13.747+0000] {logging_mixin.py:188} INFO - [2024-07-07T15:08:13.746+0000] {dag.py:3954} INFO - Setting next_dagrun for our_first_dag_V2 to 2024-07-07 00:00:00+00:00, run_after=2024-07-08 00:00:00+00:00
[2024-07-07T15:08:14.088+0000] {processor.py:183} INFO - Processing /opt/airflow/dags/our_first_dag.py took 0.750 seconds
[2024-07-07T15:08:44.961+0000] {processor.py:161} INFO - Started process (PID=547) to work on /opt/airflow/dags/our_first_dag.py
[2024-07-07T15:08:44.963+0000] {processor.py:830} INFO - Processing file /opt/airflow/dags/our_first_dag.py for tasks to queue
[2024-07-07T15:08:44.966+0000] {logging_mixin.py:188} INFO - [2024-07-07T15:08:44.965+0000] {dagbag.py:545} INFO - Filling up the DagBag from /opt/airflow/dags/our_first_dag.py
[2024-07-07T15:08:45.046+0000] {processor.py:840} INFO - DAG(s) 'our_first_dag_V2' retrieved from /opt/airflow/dags/our_first_dag.py
[2024-07-07T15:08:45.124+0000] {logging_mixin.py:188} INFO - [2024-07-07T15:08:45.124+0000] {dag.py:3096} INFO - Sync 1 DAGs
[2024-07-07T15:08:45.171+0000] {logging_mixin.py:188} INFO - [2024-07-07T15:08:45.171+0000] {dag.py:3954} INFO - Setting next_dagrun for our_first_dag_V2 to 2024-07-07 00:00:00+00:00, run_after=2024-07-08 00:00:00+00:00
[2024-07-07T15:08:45.202+0000] {processor.py:183} INFO - Processing /opt/airflow/dags/our_first_dag.py took 0.253 seconds
[2024-07-07T15:09:15.438+0000] {processor.py:161} INFO - Started process (PID=578) to work on /opt/airflow/dags/our_first_dag.py
[2024-07-07T15:09:15.440+0000] {processor.py:830} INFO - Processing file /opt/airflow/dags/our_first_dag.py for tasks to queue
[2024-07-07T15:09:15.443+0000] {logging_mixin.py:188} INFO - [2024-07-07T15:09:15.442+0000] {dagbag.py:545} INFO - Filling up the DagBag from /opt/airflow/dags/our_first_dag.py
[2024-07-07T15:09:15.488+0000] {processor.py:840} INFO - DAG(s) 'our_first_dag_V2' retrieved from /opt/airflow/dags/our_first_dag.py
[2024-07-07T15:09:15.543+0000] {logging_mixin.py:188} INFO - [2024-07-07T15:09:15.542+0000] {dag.py:3096} INFO - Sync 1 DAGs
[2024-07-07T15:09:15.581+0000] {logging_mixin.py:188} INFO - [2024-07-07T15:09:15.581+0000] {dag.py:3954} INFO - Setting next_dagrun for our_first_dag_V2 to 2024-07-07 00:00:00+00:00, run_after=2024-07-08 00:00:00+00:00
[2024-07-07T15:09:15.620+0000] {processor.py:183} INFO - Processing /opt/airflow/dags/our_first_dag.py took 0.193 seconds
[2024-07-07T15:09:45.742+0000] {processor.py:161} INFO - Started process (PID=609) to work on /opt/airflow/dags/our_first_dag.py
[2024-07-07T15:09:45.743+0000] {processor.py:830} INFO - Processing file /opt/airflow/dags/our_first_dag.py for tasks to queue
[2024-07-07T15:09:45.748+0000] {logging_mixin.py:188} INFO - [2024-07-07T15:09:45.748+0000] {dagbag.py:545} INFO - Filling up the DagBag from /opt/airflow/dags/our_first_dag.py
[2024-07-07T15:09:45.810+0000] {processor.py:840} INFO - DAG(s) 'our_first_dag_V2' retrieved from /opt/airflow/dags/our_first_dag.py
[2024-07-07T15:09:45.883+0000] {logging_mixin.py:188} INFO - [2024-07-07T15:09:45.883+0000] {dag.py:3096} INFO - Sync 1 DAGs
[2024-07-07T15:09:45.920+0000] {logging_mixin.py:188} INFO - [2024-07-07T15:09:45.920+0000] {dag.py:3954} INFO - Setting next_dagrun for our_first_dag_V2 to 2024-07-07 00:00:00+00:00, run_after=2024-07-08 00:00:00+00:00
[2024-07-07T15:09:45.958+0000] {processor.py:183} INFO - Processing /opt/airflow/dags/our_first_dag.py took 0.224 seconds
[2024-07-07T15:10:16.410+0000] {processor.py:161} INFO - Started process (PID=640) to work on /opt/airflow/dags/our_first_dag.py
[2024-07-07T15:10:16.411+0000] {processor.py:830} INFO - Processing file /opt/airflow/dags/our_first_dag.py for tasks to queue
[2024-07-07T15:10:16.415+0000] {logging_mixin.py:188} INFO - [2024-07-07T15:10:16.415+0000] {dagbag.py:545} INFO - Filling up the DagBag from /opt/airflow/dags/our_first_dag.py
[2024-07-07T15:10:16.454+0000] {processor.py:840} INFO - DAG(s) 'our_first_dag_V2' retrieved from /opt/airflow/dags/our_first_dag.py
[2024-07-07T15:10:16.497+0000] {logging_mixin.py:188} INFO - [2024-07-07T15:10:16.497+0000] {dag.py:3096} INFO - Sync 1 DAGs
[2024-07-07T15:10:16.537+0000] {logging_mixin.py:188} INFO - [2024-07-07T15:10:16.537+0000] {dag.py:3954} INFO - Setting next_dagrun for our_first_dag_V2 to 2024-07-07 00:00:00+00:00, run_after=2024-07-08 00:00:00+00:00
[2024-07-07T15:10:16.567+0000] {processor.py:183} INFO - Processing /opt/airflow/dags/our_first_dag.py took 0.170 seconds
[2024-07-07T15:10:46.680+0000] {processor.py:161} INFO - Started process (PID=671) to work on /opt/airflow/dags/our_first_dag.py
[2024-07-07T15:10:46.681+0000] {processor.py:830} INFO - Processing file /opt/airflow/dags/our_first_dag.py for tasks to queue
[2024-07-07T15:10:46.685+0000] {logging_mixin.py:188} INFO - [2024-07-07T15:10:46.684+0000] {dagbag.py:545} INFO - Filling up the DagBag from /opt/airflow/dags/our_first_dag.py
[2024-07-07T15:10:46.729+0000] {processor.py:840} INFO - DAG(s) 'our_first_dag_V2' retrieved from /opt/airflow/dags/our_first_dag.py
[2024-07-07T15:10:46.772+0000] {logging_mixin.py:188} INFO - [2024-07-07T15:10:46.772+0000] {dag.py:3096} INFO - Sync 1 DAGs
[2024-07-07T15:10:46.806+0000] {logging_mixin.py:188} INFO - [2024-07-07T15:10:46.806+0000] {dag.py:3954} INFO - Setting next_dagrun for our_first_dag_V2 to 2024-07-07 00:00:00+00:00, run_after=2024-07-08 00:00:00+00:00
[2024-07-07T15:10:46.847+0000] {processor.py:183} INFO - Processing /opt/airflow/dags/our_first_dag.py took 0.178 seconds
[2024-07-07T15:11:17.628+0000] {processor.py:161} INFO - Started process (PID=701) to work on /opt/airflow/dags/our_first_dag.py
[2024-07-07T15:11:17.630+0000] {processor.py:830} INFO - Processing file /opt/airflow/dags/our_first_dag.py for tasks to queue
[2024-07-07T15:11:17.634+0000] {logging_mixin.py:188} INFO - [2024-07-07T15:11:17.633+0000] {dagbag.py:545} INFO - Filling up the DagBag from /opt/airflow/dags/our_first_dag.py
[2024-07-07T15:11:17.696+0000] {processor.py:840} INFO - DAG(s) 'our_first_dag_V2' retrieved from /opt/airflow/dags/our_first_dag.py
[2024-07-07T15:11:17.868+0000] {logging_mixin.py:188} INFO - [2024-07-07T15:11:17.867+0000] {dag.py:3096} INFO - Sync 1 DAGs
[2024-07-07T15:11:18.056+0000] {logging_mixin.py:188} INFO - [2024-07-07T15:11:18.055+0000] {dag.py:3954} INFO - Setting next_dagrun for our_first_dag_V2 to 2024-07-07 00:00:00+00:00, run_after=2024-07-08 00:00:00+00:00
[2024-07-07T15:11:18.132+0000] {processor.py:183} INFO - Processing /opt/airflow/dags/our_first_dag.py took 0.519 seconds
[2024-07-07T15:11:48.367+0000] {processor.py:161} INFO - Started process (PID=732) to work on /opt/airflow/dags/our_first_dag.py
[2024-07-07T15:11:48.369+0000] {processor.py:830} INFO - Processing file /opt/airflow/dags/our_first_dag.py for tasks to queue
[2024-07-07T15:11:48.373+0000] {logging_mixin.py:188} INFO - [2024-07-07T15:11:48.372+0000] {dagbag.py:545} INFO - Filling up the DagBag from /opt/airflow/dags/our_first_dag.py
[2024-07-07T15:11:48.418+0000] {processor.py:840} INFO - DAG(s) 'our_first_dag_V2' retrieved from /opt/airflow/dags/our_first_dag.py
[2024-07-07T15:11:48.502+0000] {logging_mixin.py:188} INFO - [2024-07-07T15:11:48.498+0000] {dag.py:3096} INFO - Sync 1 DAGs
[2024-07-07T15:11:48.571+0000] {logging_mixin.py:188} INFO - [2024-07-07T15:11:48.571+0000] {dag.py:3954} INFO - Setting next_dagrun for our_first_dag_V2 to 2024-07-07 00:00:00+00:00, run_after=2024-07-08 00:00:00+00:00
[2024-07-07T15:11:48.613+0000] {processor.py:183} INFO - Processing /opt/airflow/dags/our_first_dag.py took 0.261 seconds
