[2024-07-07T15:02:11.653+0000] {processor.py:161} INFO - Started process (PID=178) to work on /opt/airflow/dags/simple_dag_example.py
[2024-07-07T15:02:11.667+0000] {processor.py:830} INFO - Processing file /opt/airflow/dags/simple_dag_example.py for tasks to queue
[2024-07-07T15:02:11.684+0000] {logging_mixin.py:188} INFO - [2024-07-07T15:02:11.684+0000] {dagbag.py:545} INFO - Filling up the DagBag from /opt/airflow/dags/simple_dag_example.py
[2024-07-07T15:02:16.638+0000] {logging_mixin.py:188} INFO - [2024-07-07T15:02:16.200+0000] {dagbag.py:355} ERROR - Failed to import: /opt/airflow/dags/simple_dag_example.py
Traceback (most recent call last):
  File "/home/airflow/.local/lib/python3.12/site-packages/airflow/models/dagbag.py", line 351, in parse
    loader.exec_module(new_module)
  File "<frozen importlib._bootstrap_external>", line 995, in exec_module
  File "<frozen importlib._bootstrap>", line 488, in _call_with_frames_removed
  File "/opt/airflow/dags/simple_dag_example.py", line 18, in <module>
    task1 = BashOperator(
            ^^^^^^^^^^^^^
  File "/home/airflow/.local/lib/python3.12/site-packages/airflow/models/baseoperator.py", line 485, in apply_defaults
    result = func(self, **kwargs, default_args=default_args)
             ^^^^^^^^^^^^^^^^^^^^^^^^^^^^^^^^^^^^^^^^^^^^^^^
  File "/home/airflow/.local/lib/python3.12/site-packages/airflow/operators/bash.py", line 152, in __init__
    super().__init__(**kwargs)
  File "/home/airflow/.local/lib/python3.12/site-packages/airflow/models/baseoperator.py", line 485, in apply_defaults
    result = func(self, **kwargs, default_args=default_args)
             ^^^^^^^^^^^^^^^^^^^^^^^^^^^^^^^^^^^^^^^^^^^^^^^
  File "/home/airflow/.local/lib/python3.12/site-packages/airflow/models/baseoperator.py", line 893, in __init__
    validate_key(task_id)
  File "/home/airflow/.local/lib/python3.12/site-packages/airflow/utils/helpers.py", line 57, in validate_key
    raise AirflowException(
airflow.exceptions.AirflowException: The key 'print hello' has to be made of alphanumeric characters, dashes, dots and underscores exclusively
[2024-07-07T15:02:16.670+0000] {processor.py:842} WARNING - No viable dags retrieved from /opt/airflow/dags/simple_dag_example.py
[2024-07-07T15:02:18.027+0000] {processor.py:183} INFO - Processing /opt/airflow/dags/simple_dag_example.py took 8.276 seconds
[2024-07-07T15:04:34.027+0000] {processor.py:161} INFO - Started process (PID=168) to work on /opt/airflow/dags/simple_dag_example.py
[2024-07-07T15:04:34.031+0000] {processor.py:830} INFO - Processing file /opt/airflow/dags/simple_dag_example.py for tasks to queue
[2024-07-07T15:04:34.042+0000] {logging_mixin.py:188} INFO - [2024-07-07T15:04:34.040+0000] {dagbag.py:545} INFO - Filling up the DagBag from /opt/airflow/dags/simple_dag_example.py
[2024-07-07T15:04:34.092+0000] {logging_mixin.py:188} INFO - [2024-07-07T15:04:34.078+0000] {dagbag.py:355} ERROR - Failed to import: /opt/airflow/dags/simple_dag_example.py
Traceback (most recent call last):
  File "/home/airflow/.local/lib/python3.12/site-packages/airflow/models/dagbag.py", line 351, in parse
    loader.exec_module(new_module)
  File "<frozen importlib._bootstrap_external>", line 995, in exec_module
  File "<frozen importlib._bootstrap>", line 488, in _call_with_frames_removed
  File "/opt/airflow/dags/simple_dag_example.py", line 18, in <module>
    task1 = BashOperator(
            ^^^^^^^^^^^^^
  File "/home/airflow/.local/lib/python3.12/site-packages/airflow/models/baseoperator.py", line 485, in apply_defaults
    result = func(self, **kwargs, default_args=default_args)
             ^^^^^^^^^^^^^^^^^^^^^^^^^^^^^^^^^^^^^^^^^^^^^^^
  File "/home/airflow/.local/lib/python3.12/site-packages/airflow/operators/bash.py", line 152, in __init__
    super().__init__(**kwargs)
  File "/home/airflow/.local/lib/python3.12/site-packages/airflow/models/baseoperator.py", line 485, in apply_defaults
    result = func(self, **kwargs, default_args=default_args)
             ^^^^^^^^^^^^^^^^^^^^^^^^^^^^^^^^^^^^^^^^^^^^^^^
  File "/home/airflow/.local/lib/python3.12/site-packages/airflow/models/baseoperator.py", line 893, in __init__
    validate_key(task_id)
  File "/home/airflow/.local/lib/python3.12/site-packages/airflow/utils/helpers.py", line 57, in validate_key
    raise AirflowException(
airflow.exceptions.AirflowException: The key 'print hello' has to be made of alphanumeric characters, dashes, dots and underscores exclusively
[2024-07-07T15:04:34.095+0000] {processor.py:842} WARNING - No viable dags retrieved from /opt/airflow/dags/simple_dag_example.py
[2024-07-07T15:04:34.167+0000] {processor.py:183} INFO - Processing /opt/airflow/dags/simple_dag_example.py took 0.160 seconds
[2024-07-07T15:05:04.896+0000] {processor.py:161} INFO - Started process (PID=279) to work on /opt/airflow/dags/simple_dag_example.py
[2024-07-07T15:05:04.948+0000] {processor.py:830} INFO - Processing file /opt/airflow/dags/simple_dag_example.py for tasks to queue
[2024-07-07T15:05:04.957+0000] {logging_mixin.py:188} INFO - [2024-07-07T15:05:04.956+0000] {dagbag.py:545} INFO - Filling up the DagBag from /opt/airflow/dags/simple_dag_example.py
[2024-07-07T15:05:05.145+0000] {logging_mixin.py:188} INFO - [2024-07-07T15:05:05.081+0000] {dagbag.py:355} ERROR - Failed to import: /opt/airflow/dags/simple_dag_example.py
Traceback (most recent call last):
  File "/home/airflow/.local/lib/python3.12/site-packages/airflow/models/dagbag.py", line 351, in parse
    loader.exec_module(new_module)
  File "<frozen importlib._bootstrap_external>", line 995, in exec_module
  File "<frozen importlib._bootstrap>", line 488, in _call_with_frames_removed
  File "/opt/airflow/dags/simple_dag_example.py", line 18, in <module>
    task1 = BashOperator(
            ^^^^^^^^^^^^^
  File "/home/airflow/.local/lib/python3.12/site-packages/airflow/models/baseoperator.py", line 485, in apply_defaults
    result = func(self, **kwargs, default_args=default_args)
             ^^^^^^^^^^^^^^^^^^^^^^^^^^^^^^^^^^^^^^^^^^^^^^^
  File "/home/airflow/.local/lib/python3.12/site-packages/airflow/operators/bash.py", line 152, in __init__
    super().__init__(**kwargs)
  File "/home/airflow/.local/lib/python3.12/site-packages/airflow/models/baseoperator.py", line 485, in apply_defaults
    result = func(self, **kwargs, default_args=default_args)
             ^^^^^^^^^^^^^^^^^^^^^^^^^^^^^^^^^^^^^^^^^^^^^^^
  File "/home/airflow/.local/lib/python3.12/site-packages/airflow/models/baseoperator.py", line 893, in __init__
    validate_key(task_id)
  File "/home/airflow/.local/lib/python3.12/site-packages/airflow/utils/helpers.py", line 57, in validate_key
    raise AirflowException(
airflow.exceptions.AirflowException: The key 'print hello' has to be made of alphanumeric characters, dashes, dots and underscores exclusively
[2024-07-07T15:05:05.165+0000] {processor.py:842} WARNING - No viable dags retrieved from /opt/airflow/dags/simple_dag_example.py
[2024-07-07T15:05:05.332+0000] {processor.py:183} INFO - Processing /opt/airflow/dags/simple_dag_example.py took 0.515 seconds
[2024-07-07T15:05:35.924+0000] {processor.py:161} INFO - Started process (PID=331) to work on /opt/airflow/dags/simple_dag_example.py
[2024-07-07T15:05:35.925+0000] {processor.py:830} INFO - Processing file /opt/airflow/dags/simple_dag_example.py for tasks to queue
[2024-07-07T15:05:35.928+0000] {logging_mixin.py:188} INFO - [2024-07-07T15:05:35.927+0000] {dagbag.py:545} INFO - Filling up the DagBag from /opt/airflow/dags/simple_dag_example.py
[2024-07-07T15:05:35.955+0000] {logging_mixin.py:188} INFO - [2024-07-07T15:05:35.948+0000] {dagbag.py:355} ERROR - Failed to import: /opt/airflow/dags/simple_dag_example.py
Traceback (most recent call last):
  File "/home/airflow/.local/lib/python3.12/site-packages/airflow/models/dagbag.py", line 351, in parse
    loader.exec_module(new_module)
  File "<frozen importlib._bootstrap_external>", line 995, in exec_module
  File "<frozen importlib._bootstrap>", line 488, in _call_with_frames_removed
  File "/opt/airflow/dags/simple_dag_example.py", line 18, in <module>
    task1 = BashOperator(
            ^^^^^^^^^^^^^
  File "/home/airflow/.local/lib/python3.12/site-packages/airflow/models/baseoperator.py", line 485, in apply_defaults
    result = func(self, **kwargs, default_args=default_args)
             ^^^^^^^^^^^^^^^^^^^^^^^^^^^^^^^^^^^^^^^^^^^^^^^
  File "/home/airflow/.local/lib/python3.12/site-packages/airflow/operators/bash.py", line 152, in __init__
    super().__init__(**kwargs)
  File "/home/airflow/.local/lib/python3.12/site-packages/airflow/models/baseoperator.py", line 485, in apply_defaults
    result = func(self, **kwargs, default_args=default_args)
             ^^^^^^^^^^^^^^^^^^^^^^^^^^^^^^^^^^^^^^^^^^^^^^^
  File "/home/airflow/.local/lib/python3.12/site-packages/airflow/models/baseoperator.py", line 893, in __init__
    validate_key(task_id)
  File "/home/airflow/.local/lib/python3.12/site-packages/airflow/utils/helpers.py", line 57, in validate_key
    raise AirflowException(
airflow.exceptions.AirflowException: The key 'print hello' has to be made of alphanumeric characters, dashes, dots and underscores exclusively
[2024-07-07T15:05:35.957+0000] {processor.py:842} WARNING - No viable dags retrieved from /opt/airflow/dags/simple_dag_example.py
[2024-07-07T15:05:35.983+0000] {processor.py:183} INFO - Processing /opt/airflow/dags/simple_dag_example.py took 0.066 seconds
[2024-07-07T15:06:06.058+0000] {processor.py:161} INFO - Started process (PID=362) to work on /opt/airflow/dags/simple_dag_example.py
[2024-07-07T15:06:06.059+0000] {processor.py:830} INFO - Processing file /opt/airflow/dags/simple_dag_example.py for tasks to queue
[2024-07-07T15:06:06.062+0000] {logging_mixin.py:188} INFO - [2024-07-07T15:06:06.061+0000] {dagbag.py:545} INFO - Filling up the DagBag from /opt/airflow/dags/simple_dag_example.py
[2024-07-07T15:06:06.094+0000] {logging_mixin.py:188} INFO - [2024-07-07T15:06:06.083+0000] {dagbag.py:355} ERROR - Failed to import: /opt/airflow/dags/simple_dag_example.py
Traceback (most recent call last):
  File "/home/airflow/.local/lib/python3.12/site-packages/airflow/models/dagbag.py", line 351, in parse
    loader.exec_module(new_module)
  File "<frozen importlib._bootstrap_external>", line 995, in exec_module
  File "<frozen importlib._bootstrap>", line 488, in _call_with_frames_removed
  File "/opt/airflow/dags/simple_dag_example.py", line 18, in <module>
    task1 = BashOperator(
            ^^^^^^^^^^^^^
  File "/home/airflow/.local/lib/python3.12/site-packages/airflow/models/baseoperator.py", line 485, in apply_defaults
    result = func(self, **kwargs, default_args=default_args)
             ^^^^^^^^^^^^^^^^^^^^^^^^^^^^^^^^^^^^^^^^^^^^^^^
  File "/home/airflow/.local/lib/python3.12/site-packages/airflow/operators/bash.py", line 152, in __init__
    super().__init__(**kwargs)
  File "/home/airflow/.local/lib/python3.12/site-packages/airflow/models/baseoperator.py", line 485, in apply_defaults
    result = func(self, **kwargs, default_args=default_args)
             ^^^^^^^^^^^^^^^^^^^^^^^^^^^^^^^^^^^^^^^^^^^^^^^
  File "/home/airflow/.local/lib/python3.12/site-packages/airflow/models/baseoperator.py", line 893, in __init__
    validate_key(task_id)
  File "/home/airflow/.local/lib/python3.12/site-packages/airflow/utils/helpers.py", line 57, in validate_key
    raise AirflowException(
airflow.exceptions.AirflowException: The key 'print hello' has to be made of alphanumeric characters, dashes, dots and underscores exclusively
[2024-07-07T15:06:06.097+0000] {processor.py:842} WARNING - No viable dags retrieved from /opt/airflow/dags/simple_dag_example.py
[2024-07-07T15:06:06.138+0000] {processor.py:183} INFO - Processing /opt/airflow/dags/simple_dag_example.py took 0.087 seconds
[2024-07-07T15:06:36.268+0000] {processor.py:161} INFO - Started process (PID=393) to work on /opt/airflow/dags/simple_dag_example.py
[2024-07-07T15:06:36.269+0000] {processor.py:830} INFO - Processing file /opt/airflow/dags/simple_dag_example.py for tasks to queue
[2024-07-07T15:06:36.274+0000] {logging_mixin.py:188} INFO - [2024-07-07T15:06:36.273+0000] {dagbag.py:545} INFO - Filling up the DagBag from /opt/airflow/dags/simple_dag_example.py
[2024-07-07T15:06:36.300+0000] {logging_mixin.py:188} INFO - [2024-07-07T15:06:36.293+0000] {dagbag.py:355} ERROR - Failed to import: /opt/airflow/dags/simple_dag_example.py
Traceback (most recent call last):
  File "/home/airflow/.local/lib/python3.12/site-packages/airflow/models/dagbag.py", line 351, in parse
    loader.exec_module(new_module)
  File "<frozen importlib._bootstrap_external>", line 995, in exec_module
  File "<frozen importlib._bootstrap>", line 488, in _call_with_frames_removed
  File "/opt/airflow/dags/simple_dag_example.py", line 18, in <module>
    task1 = BashOperator(
            ^^^^^^^^^^^^^
  File "/home/airflow/.local/lib/python3.12/site-packages/airflow/models/baseoperator.py", line 485, in apply_defaults
    result = func(self, **kwargs, default_args=default_args)
             ^^^^^^^^^^^^^^^^^^^^^^^^^^^^^^^^^^^^^^^^^^^^^^^
  File "/home/airflow/.local/lib/python3.12/site-packages/airflow/operators/bash.py", line 152, in __init__
    super().__init__(**kwargs)
  File "/home/airflow/.local/lib/python3.12/site-packages/airflow/models/baseoperator.py", line 485, in apply_defaults
    result = func(self, **kwargs, default_args=default_args)
             ^^^^^^^^^^^^^^^^^^^^^^^^^^^^^^^^^^^^^^^^^^^^^^^
  File "/home/airflow/.local/lib/python3.12/site-packages/airflow/models/baseoperator.py", line 893, in __init__
    validate_key(task_id)
  File "/home/airflow/.local/lib/python3.12/site-packages/airflow/utils/helpers.py", line 57, in validate_key
    raise AirflowException(
airflow.exceptions.AirflowException: The key 'print hello' has to be made of alphanumeric characters, dashes, dots and underscores exclusively
[2024-07-07T15:06:36.301+0000] {processor.py:842} WARNING - No viable dags retrieved from /opt/airflow/dags/simple_dag_example.py
[2024-07-07T15:06:36.329+0000] {processor.py:183} INFO - Processing /opt/airflow/dags/simple_dag_example.py took 0.069 seconds
[2024-07-07T15:07:07.303+0000] {processor.py:161} INFO - Started process (PID=424) to work on /opt/airflow/dags/simple_dag_example.py
[2024-07-07T15:07:07.305+0000] {processor.py:830} INFO - Processing file /opt/airflow/dags/simple_dag_example.py for tasks to queue
[2024-07-07T15:07:07.307+0000] {logging_mixin.py:188} INFO - [2024-07-07T15:07:07.307+0000] {dagbag.py:545} INFO - Filling up the DagBag from /opt/airflow/dags/simple_dag_example.py
[2024-07-07T15:07:07.335+0000] {logging_mixin.py:188} INFO - [2024-07-07T15:07:07.327+0000] {dagbag.py:355} ERROR - Failed to import: /opt/airflow/dags/simple_dag_example.py
Traceback (most recent call last):
  File "/home/airflow/.local/lib/python3.12/site-packages/airflow/models/dagbag.py", line 351, in parse
    loader.exec_module(new_module)
  File "<frozen importlib._bootstrap_external>", line 995, in exec_module
  File "<frozen importlib._bootstrap>", line 488, in _call_with_frames_removed
  File "/opt/airflow/dags/simple_dag_example.py", line 18, in <module>
    task1 = BashOperator(
            ^^^^^^^^^^^^^
  File "/home/airflow/.local/lib/python3.12/site-packages/airflow/models/baseoperator.py", line 485, in apply_defaults
    result = func(self, **kwargs, default_args=default_args)
             ^^^^^^^^^^^^^^^^^^^^^^^^^^^^^^^^^^^^^^^^^^^^^^^
  File "/home/airflow/.local/lib/python3.12/site-packages/airflow/operators/bash.py", line 152, in __init__
    super().__init__(**kwargs)
  File "/home/airflow/.local/lib/python3.12/site-packages/airflow/models/baseoperator.py", line 485, in apply_defaults
    result = func(self, **kwargs, default_args=default_args)
             ^^^^^^^^^^^^^^^^^^^^^^^^^^^^^^^^^^^^^^^^^^^^^^^
  File "/home/airflow/.local/lib/python3.12/site-packages/airflow/models/baseoperator.py", line 893, in __init__
    validate_key(task_id)
  File "/home/airflow/.local/lib/python3.12/site-packages/airflow/utils/helpers.py", line 57, in validate_key
    raise AirflowException(
airflow.exceptions.AirflowException: The key 'print hello' has to be made of alphanumeric characters, dashes, dots and underscores exclusively
[2024-07-07T15:07:07.336+0000] {processor.py:842} WARNING - No viable dags retrieved from /opt/airflow/dags/simple_dag_example.py
[2024-07-07T15:07:07.364+0000] {processor.py:183} INFO - Processing /opt/airflow/dags/simple_dag_example.py took 0.072 seconds
[2024-07-07T15:07:12.906+0000] {processor.py:161} INFO - Started process (PID=449) to work on /opt/airflow/dags/simple_dag_example.py
[2024-07-07T15:07:12.908+0000] {processor.py:830} INFO - Processing file /opt/airflow/dags/simple_dag_example.py for tasks to queue
[2024-07-07T15:07:12.911+0000] {logging_mixin.py:188} INFO - [2024-07-07T15:07:12.910+0000] {dagbag.py:545} INFO - Filling up the DagBag from /opt/airflow/dags/simple_dag_example.py
[2024-07-07T15:07:12.957+0000] {logging_mixin.py:188} INFO - [2024-07-07T15:07:12.948+0000] {dagbag.py:355} ERROR - Failed to import: /opt/airflow/dags/simple_dag_example.py
Traceback (most recent call last):
  File "/home/airflow/.local/lib/python3.12/site-packages/airflow/models/dagbag.py", line 351, in parse
    loader.exec_module(new_module)
  File "<frozen importlib._bootstrap_external>", line 995, in exec_module
  File "<frozen importlib._bootstrap>", line 488, in _call_with_frames_removed
  File "/opt/airflow/dags/simple_dag_example.py", line 18, in <module>
    task1 = BashOperator(
            ^^^^^^^^^^^^^
  File "/home/airflow/.local/lib/python3.12/site-packages/airflow/models/baseoperator.py", line 485, in apply_defaults
    result = func(self, **kwargs, default_args=default_args)
             ^^^^^^^^^^^^^^^^^^^^^^^^^^^^^^^^^^^^^^^^^^^^^^^
  File "/home/airflow/.local/lib/python3.12/site-packages/airflow/operators/bash.py", line 152, in __init__
    super().__init__(**kwargs)
  File "/home/airflow/.local/lib/python3.12/site-packages/airflow/models/baseoperator.py", line 485, in apply_defaults
    result = func(self, **kwargs, default_args=default_args)
             ^^^^^^^^^^^^^^^^^^^^^^^^^^^^^^^^^^^^^^^^^^^^^^^
  File "/home/airflow/.local/lib/python3.12/site-packages/airflow/models/baseoperator.py", line 893, in __init__
    validate_key(task_id)
  File "/home/airflow/.local/lib/python3.12/site-packages/airflow/utils/helpers.py", line 57, in validate_key
    raise AirflowException(
airflow.exceptions.AirflowException: The key 'print hello' has to be made of alphanumeric characters, dashes, dots and underscores exclusively
[2024-07-07T15:07:12.959+0000] {processor.py:842} WARNING - No viable dags retrieved from /opt/airflow/dags/simple_dag_example.py
[2024-07-07T15:07:12.999+0000] {processor.py:183} INFO - Processing /opt/airflow/dags/simple_dag_example.py took 0.103 seconds
[2024-07-07T15:07:34.308+0000] {processor.py:161} INFO - Started process (PID=460) to work on /opt/airflow/dags/simple_dag_example.py
[2024-07-07T15:07:34.313+0000] {processor.py:830} INFO - Processing file /opt/airflow/dags/simple_dag_example.py for tasks to queue
[2024-07-07T15:07:34.318+0000] {logging_mixin.py:188} INFO - [2024-07-07T15:07:34.317+0000] {dagbag.py:545} INFO - Filling up the DagBag from /opt/airflow/dags/simple_dag_example.py
[2024-07-07T15:07:34.355+0000] {processor.py:840} INFO - DAG(s) 'simple_example' retrieved from /opt/airflow/dags/simple_dag_example.py
[2024-07-07T15:07:34.604+0000] {logging_mixin.py:188} INFO - [2024-07-07T15:07:34.603+0000] {override.py:1829} INFO - Created Permission View: can edit on DAG:simple_example
[2024-07-07T15:07:34.619+0000] {logging_mixin.py:188} INFO - [2024-07-07T15:07:34.618+0000] {override.py:1829} INFO - Created Permission View: can read on DAG:simple_example
[2024-07-07T15:07:34.630+0000] {logging_mixin.py:188} INFO - [2024-07-07T15:07:34.629+0000] {override.py:1829} INFO - Created Permission View: can delete on DAG:simple_example
[2024-07-07T15:07:34.631+0000] {logging_mixin.py:188} INFO - [2024-07-07T15:07:34.631+0000] {dag.py:3096} INFO - Sync 1 DAGs
[2024-07-07T15:07:34.646+0000] {logging_mixin.py:188} INFO - [2024-07-07T15:07:34.646+0000] {dag.py:3118} INFO - Creating ORM DAG for simple_example
[2024-07-07T15:07:34.666+0000] {logging_mixin.py:188} INFO - [2024-07-07T15:07:34.666+0000] {dag.py:3954} INFO - Setting next_dagrun for simple_example to 2024-08-10 00:00:00+00:00, run_after=2024-08-10 00:00:05+00:00
[2024-07-07T15:07:34.700+0000] {processor.py:183} INFO - Processing /opt/airflow/dags/simple_dag_example.py took 0.407 seconds
[2024-07-07T15:07:49.194+0000] {processor.py:161} INFO - Started process (PID=485) to work on /opt/airflow/dags/simple_dag_example.py
[2024-07-07T15:07:49.196+0000] {processor.py:830} INFO - Processing file /opt/airflow/dags/simple_dag_example.py for tasks to queue
[2024-07-07T15:07:49.200+0000] {logging_mixin.py:188} INFO - [2024-07-07T15:07:49.199+0000] {dagbag.py:545} INFO - Filling up the DagBag from /opt/airflow/dags/simple_dag_example.py
[2024-07-07T15:07:49.239+0000] {processor.py:840} INFO - DAG(s) 'simple_example' retrieved from /opt/airflow/dags/simple_dag_example.py
[2024-07-07T15:07:49.257+0000] {logging_mixin.py:188} INFO - [2024-07-07T15:07:49.257+0000] {dag.py:3096} INFO - Sync 1 DAGs
[2024-07-07T15:07:49.293+0000] {logging_mixin.py:188} INFO - [2024-07-07T15:07:49.293+0000] {dag.py:3954} INFO - Setting next_dagrun for simple_example to 2024-08-10 00:00:00+00:00, run_after=2024-08-10 00:00:05+00:00
[2024-07-07T15:07:49.328+0000] {processor.py:183} INFO - Processing /opt/airflow/dags/simple_dag_example.py took 0.142 seconds
[2024-07-07T15:08:20.172+0000] {processor.py:161} INFO - Started process (PID=516) to work on /opt/airflow/dags/simple_dag_example.py
[2024-07-07T15:08:20.173+0000] {processor.py:830} INFO - Processing file /opt/airflow/dags/simple_dag_example.py for tasks to queue
[2024-07-07T15:08:20.178+0000] {logging_mixin.py:188} INFO - [2024-07-07T15:08:20.177+0000] {dagbag.py:545} INFO - Filling up the DagBag from /opt/airflow/dags/simple_dag_example.py
[2024-07-07T15:08:20.208+0000] {processor.py:840} INFO - DAG(s) 'simple_example' retrieved from /opt/airflow/dags/simple_dag_example.py
[2024-07-07T15:08:20.258+0000] {logging_mixin.py:188} INFO - [2024-07-07T15:08:20.258+0000] {dag.py:3096} INFO - Sync 1 DAGs
[2024-07-07T15:08:20.303+0000] {logging_mixin.py:188} INFO - [2024-07-07T15:08:20.303+0000] {dag.py:3954} INFO - Setting next_dagrun for simple_example to 2024-08-10 00:00:00+00:00, run_after=2024-08-10 00:00:05+00:00
[2024-07-07T15:08:20.353+0000] {processor.py:183} INFO - Processing /opt/airflow/dags/simple_dag_example.py took 0.192 seconds
[2024-07-07T15:08:29.982+0000] {processor.py:161} INFO - Started process (PID=521) to work on /opt/airflow/dags/simple_dag_example.py
[2024-07-07T15:08:29.984+0000] {processor.py:830} INFO - Processing file /opt/airflow/dags/simple_dag_example.py for tasks to queue
[2024-07-07T15:08:29.990+0000] {logging_mixin.py:188} INFO - [2024-07-07T15:08:29.988+0000] {dagbag.py:545} INFO - Filling up the DagBag from /opt/airflow/dags/simple_dag_example.py
[2024-07-07T15:08:30.050+0000] {processor.py:840} INFO - DAG(s) 'simple_example' retrieved from /opt/airflow/dags/simple_dag_example.py
[2024-07-07T15:08:30.560+0000] {logging_mixin.py:188} INFO - [2024-07-07T15:08:30.559+0000] {dag.py:3096} INFO - Sync 1 DAGs
[2024-07-07T15:08:30.790+0000] {logging_mixin.py:188} INFO - [2024-07-07T15:08:30.789+0000] {dag.py:3954} INFO - Setting next_dagrun for simple_example to 2024-08-10 00:00:00+00:00, run_after=2024-08-10 00:00:05+00:00
[2024-07-07T15:08:30.912+0000] {processor.py:183} INFO - Processing /opt/airflow/dags/simple_dag_example.py took 0.945 seconds
[2024-07-07T15:09:01.766+0000] {processor.py:161} INFO - Started process (PID=558) to work on /opt/airflow/dags/simple_dag_example.py
[2024-07-07T15:09:01.768+0000] {processor.py:830} INFO - Processing file /opt/airflow/dags/simple_dag_example.py for tasks to queue
[2024-07-07T15:09:01.771+0000] {logging_mixin.py:188} INFO - [2024-07-07T15:09:01.770+0000] {dagbag.py:545} INFO - Filling up the DagBag from /opt/airflow/dags/simple_dag_example.py
[2024-07-07T15:09:01.799+0000] {processor.py:840} INFO - DAG(s) 'simple_example' retrieved from /opt/airflow/dags/simple_dag_example.py
[2024-07-07T15:09:01.841+0000] {logging_mixin.py:188} INFO - [2024-07-07T15:09:01.840+0000] {dag.py:3096} INFO - Sync 1 DAGs
[2024-07-07T15:09:01.875+0000] {logging_mixin.py:188} INFO - [2024-07-07T15:09:01.875+0000] {dag.py:3954} INFO - Setting next_dagrun for simple_example to 2024-08-10 00:00:00+00:00, run_after=2024-08-10 00:00:05+00:00
[2024-07-07T15:09:01.917+0000] {processor.py:183} INFO - Processing /opt/airflow/dags/simple_dag_example.py took 0.160 seconds
[2024-07-07T15:09:32.860+0000] {processor.py:161} INFO - Started process (PID=589) to work on /opt/airflow/dags/simple_dag_example.py
[2024-07-07T15:09:32.862+0000] {processor.py:830} INFO - Processing file /opt/airflow/dags/simple_dag_example.py for tasks to queue
[2024-07-07T15:09:32.866+0000] {logging_mixin.py:188} INFO - [2024-07-07T15:09:32.866+0000] {dagbag.py:545} INFO - Filling up the DagBag from /opt/airflow/dags/simple_dag_example.py
[2024-07-07T15:09:32.889+0000] {processor.py:840} INFO - DAG(s) 'simple_example' retrieved from /opt/airflow/dags/simple_dag_example.py
[2024-07-07T15:09:32.932+0000] {logging_mixin.py:188} INFO - [2024-07-07T15:09:32.931+0000] {dag.py:3096} INFO - Sync 1 DAGs
[2024-07-07T15:09:32.971+0000] {logging_mixin.py:188} INFO - [2024-07-07T15:09:32.971+0000] {dag.py:3954} INFO - Setting next_dagrun for simple_example to 2024-08-10 00:00:00+00:00, run_after=2024-08-10 00:00:05+00:00
[2024-07-07T15:09:33.002+0000] {processor.py:183} INFO - Processing /opt/airflow/dags/simple_dag_example.py took 0.149 seconds
[2024-07-07T15:10:03.359+0000] {processor.py:161} INFO - Started process (PID=620) to work on /opt/airflow/dags/simple_dag_example.py
[2024-07-07T15:10:03.365+0000] {processor.py:830} INFO - Processing file /opt/airflow/dags/simple_dag_example.py for tasks to queue
[2024-07-07T15:10:03.371+0000] {logging_mixin.py:188} INFO - [2024-07-07T15:10:03.370+0000] {dagbag.py:545} INFO - Filling up the DagBag from /opt/airflow/dags/simple_dag_example.py
[2024-07-07T15:10:03.425+0000] {processor.py:840} INFO - DAG(s) 'simple_example' retrieved from /opt/airflow/dags/simple_dag_example.py
[2024-07-07T15:10:03.489+0000] {logging_mixin.py:188} INFO - [2024-07-07T15:10:03.488+0000] {dag.py:3096} INFO - Sync 1 DAGs
[2024-07-07T15:10:03.544+0000] {logging_mixin.py:188} INFO - [2024-07-07T15:10:03.543+0000] {dag.py:3954} INFO - Setting next_dagrun for simple_example to 2024-08-10 00:00:00+00:00, run_after=2024-08-10 00:00:05+00:00
[2024-07-07T15:10:03.595+0000] {processor.py:183} INFO - Processing /opt/airflow/dags/simple_dag_example.py took 0.254 seconds
[2024-07-07T15:10:33.949+0000] {processor.py:161} INFO - Started process (PID=651) to work on /opt/airflow/dags/simple_dag_example.py
[2024-07-07T15:10:33.951+0000] {processor.py:830} INFO - Processing file /opt/airflow/dags/simple_dag_example.py for tasks to queue
[2024-07-07T15:10:33.955+0000] {logging_mixin.py:188} INFO - [2024-07-07T15:10:33.954+0000] {dagbag.py:545} INFO - Filling up the DagBag from /opt/airflow/dags/simple_dag_example.py
[2024-07-07T15:10:33.986+0000] {processor.py:840} INFO - DAG(s) 'simple_example' retrieved from /opt/airflow/dags/simple_dag_example.py
[2024-07-07T15:10:34.030+0000] {logging_mixin.py:188} INFO - [2024-07-07T15:10:34.030+0000] {dag.py:3096} INFO - Sync 1 DAGs
[2024-07-07T15:10:34.066+0000] {logging_mixin.py:188} INFO - [2024-07-07T15:10:34.065+0000] {dag.py:3954} INFO - Setting next_dagrun for simple_example to 2024-08-10 00:00:00+00:00, run_after=2024-08-10 00:00:05+00:00
[2024-07-07T15:10:34.110+0000] {processor.py:183} INFO - Processing /opt/airflow/dags/simple_dag_example.py took 0.179 seconds
[2024-07-07T15:11:04.919+0000] {processor.py:161} INFO - Started process (PID=681) to work on /opt/airflow/dags/simple_dag_example.py
[2024-07-07T15:11:04.921+0000] {processor.py:830} INFO - Processing file /opt/airflow/dags/simple_dag_example.py for tasks to queue
[2024-07-07T15:11:04.924+0000] {logging_mixin.py:188} INFO - [2024-07-07T15:11:04.923+0000] {dagbag.py:545} INFO - Filling up the DagBag from /opt/airflow/dags/simple_dag_example.py
[2024-07-07T15:11:04.966+0000] {processor.py:840} INFO - DAG(s) 'simple_example' retrieved from /opt/airflow/dags/simple_dag_example.py
[2024-07-07T15:11:05.129+0000] {logging_mixin.py:188} INFO - [2024-07-07T15:11:05.129+0000] {dag.py:3096} INFO - Sync 1 DAGs
[2024-07-07T15:11:05.164+0000] {logging_mixin.py:188} INFO - [2024-07-07T15:11:05.163+0000] {dag.py:3954} INFO - Setting next_dagrun for simple_example to 2024-08-10 00:00:00+00:00, run_after=2024-08-11 00:00:00+00:00
[2024-07-07T15:11:05.203+0000] {processor.py:183} INFO - Processing /opt/airflow/dags/simple_dag_example.py took 0.292 seconds
[2024-07-07T15:11:35.438+0000] {processor.py:161} INFO - Started process (PID=712) to work on /opt/airflow/dags/simple_dag_example.py
[2024-07-07T15:11:35.440+0000] {processor.py:830} INFO - Processing file /opt/airflow/dags/simple_dag_example.py for tasks to queue
[2024-07-07T15:11:35.442+0000] {logging_mixin.py:188} INFO - [2024-07-07T15:11:35.441+0000] {dagbag.py:545} INFO - Filling up the DagBag from /opt/airflow/dags/simple_dag_example.py
[2024-07-07T15:11:35.475+0000] {processor.py:840} INFO - DAG(s) 'simple_example' retrieved from /opt/airflow/dags/simple_dag_example.py
[2024-07-07T15:11:35.516+0000] {logging_mixin.py:188} INFO - [2024-07-07T15:11:35.515+0000] {dag.py:3096} INFO - Sync 1 DAGs
[2024-07-07T15:11:35.551+0000] {logging_mixin.py:188} INFO - [2024-07-07T15:11:35.550+0000] {dag.py:3954} INFO - Setting next_dagrun for simple_example to 2024-08-10 00:00:00+00:00, run_after=2024-08-11 00:00:00+00:00
[2024-07-07T15:11:35.582+0000] {processor.py:183} INFO - Processing /opt/airflow/dags/simple_dag_example.py took 0.155 seconds
[2024-07-07T15:12:05.837+0000] {processor.py:161} INFO - Started process (PID=742) to work on /opt/airflow/dags/simple_dag_example.py
[2024-07-07T15:12:05.838+0000] {processor.py:830} INFO - Processing file /opt/airflow/dags/simple_dag_example.py for tasks to queue
[2024-07-07T15:12:05.841+0000] {logging_mixin.py:188} INFO - [2024-07-07T15:12:05.840+0000] {dagbag.py:545} INFO - Filling up the DagBag from /opt/airflow/dags/simple_dag_example.py
[2024-07-07T15:12:05.873+0000] {processor.py:840} INFO - DAG(s) 'simple_example' retrieved from /opt/airflow/dags/simple_dag_example.py
[2024-07-07T15:12:05.942+0000] {logging_mixin.py:188} INFO - [2024-07-07T15:12:05.942+0000] {dag.py:3096} INFO - Sync 1 DAGs
[2024-07-07T15:12:05.984+0000] {logging_mixin.py:188} INFO - [2024-07-07T15:12:05.983+0000] {dag.py:3954} INFO - Setting next_dagrun for simple_example to 2024-08-10 00:00:00+00:00, run_after=2024-08-11 00:00:00+00:00
[2024-07-07T15:12:06.020+0000] {processor.py:183} INFO - Processing /opt/airflow/dags/simple_dag_example.py took 0.193 seconds
[2024-07-07T15:12:36.142+0000] {processor.py:161} INFO - Started process (PID=773) to work on /opt/airflow/dags/simple_dag_example.py
[2024-07-07T15:12:36.144+0000] {processor.py:830} INFO - Processing file /opt/airflow/dags/simple_dag_example.py for tasks to queue
[2024-07-07T15:12:36.146+0000] {logging_mixin.py:188} INFO - [2024-07-07T15:12:36.146+0000] {dagbag.py:545} INFO - Filling up the DagBag from /opt/airflow/dags/simple_dag_example.py
[2024-07-07T15:12:36.182+0000] {processor.py:840} INFO - DAG(s) 'simple_example' retrieved from /opt/airflow/dags/simple_dag_example.py
[2024-07-07T15:12:36.222+0000] {logging_mixin.py:188} INFO - [2024-07-07T15:12:36.221+0000] {dag.py:3096} INFO - Sync 1 DAGs
[2024-07-07T15:12:36.255+0000] {logging_mixin.py:188} INFO - [2024-07-07T15:12:36.255+0000] {dag.py:3954} INFO - Setting next_dagrun for simple_example to 2024-08-10 00:00:00+00:00, run_after=2024-08-11 00:00:00+00:00
[2024-07-07T15:12:36.293+0000] {processor.py:183} INFO - Processing /opt/airflow/dags/simple_dag_example.py took 0.159 seconds
[2024-07-07T15:13:06.512+0000] {processor.py:161} INFO - Started process (PID=805) to work on /opt/airflow/dags/simple_dag_example.py
[2024-07-07T15:13:06.514+0000] {processor.py:830} INFO - Processing file /opt/airflow/dags/simple_dag_example.py for tasks to queue
[2024-07-07T15:13:06.516+0000] {logging_mixin.py:188} INFO - [2024-07-07T15:13:06.516+0000] {dagbag.py:545} INFO - Filling up the DagBag from /opt/airflow/dags/simple_dag_example.py
[2024-07-07T15:13:06.547+0000] {processor.py:840} INFO - DAG(s) 'simple_example' retrieved from /opt/airflow/dags/simple_dag_example.py
[2024-07-07T15:13:06.585+0000] {logging_mixin.py:188} INFO - [2024-07-07T15:13:06.584+0000] {dag.py:3096} INFO - Sync 1 DAGs
[2024-07-07T15:13:06.615+0000] {logging_mixin.py:188} INFO - [2024-07-07T15:13:06.614+0000] {dag.py:3954} INFO - Setting next_dagrun for simple_example to 2024-08-10 00:00:00+00:00, run_after=2024-08-11 00:00:00+00:00
[2024-07-07T15:13:06.651+0000] {processor.py:183} INFO - Processing /opt/airflow/dags/simple_dag_example.py took 0.146 seconds
[2024-07-07T15:13:37.689+0000] {processor.py:161} INFO - Started process (PID=837) to work on /opt/airflow/dags/simple_dag_example.py
[2024-07-07T15:13:37.691+0000] {processor.py:830} INFO - Processing file /opt/airflow/dags/simple_dag_example.py for tasks to queue
[2024-07-07T15:13:37.693+0000] {logging_mixin.py:188} INFO - [2024-07-07T15:13:37.693+0000] {dagbag.py:545} INFO - Filling up the DagBag from /opt/airflow/dags/simple_dag_example.py
[2024-07-07T15:13:37.736+0000] {processor.py:840} INFO - DAG(s) 'simple_example' retrieved from /opt/airflow/dags/simple_dag_example.py
[2024-07-07T15:13:37.789+0000] {logging_mixin.py:188} INFO - [2024-07-07T15:13:37.788+0000] {dag.py:3096} INFO - Sync 1 DAGs
[2024-07-07T15:13:37.845+0000] {logging_mixin.py:188} INFO - [2024-07-07T15:13:37.844+0000] {dag.py:3954} INFO - Setting next_dagrun for simple_example to 2024-08-10 00:00:00+00:00, run_after=2024-08-11 00:00:00+00:00
[2024-07-07T15:13:37.940+0000] {processor.py:183} INFO - Processing /opt/airflow/dags/simple_dag_example.py took 0.258 seconds
[2024-07-07T15:14:08.232+0000] {processor.py:161} INFO - Started process (PID=868) to work on /opt/airflow/dags/simple_dag_example.py
[2024-07-07T15:14:08.234+0000] {processor.py:830} INFO - Processing file /opt/airflow/dags/simple_dag_example.py for tasks to queue
[2024-07-07T15:14:08.237+0000] {logging_mixin.py:188} INFO - [2024-07-07T15:14:08.236+0000] {dagbag.py:545} INFO - Filling up the DagBag from /opt/airflow/dags/simple_dag_example.py
[2024-07-07T15:14:08.269+0000] {processor.py:840} INFO - DAG(s) 'simple_example' retrieved from /opt/airflow/dags/simple_dag_example.py
[2024-07-07T15:14:08.318+0000] {logging_mixin.py:188} INFO - [2024-07-07T15:14:08.318+0000] {dag.py:3096} INFO - Sync 1 DAGs
[2024-07-07T15:14:08.374+0000] {logging_mixin.py:188} INFO - [2024-07-07T15:14:08.374+0000] {dag.py:3954} INFO - Setting next_dagrun for simple_example to 2024-08-10 00:00:00+00:00, run_after=2024-08-11 00:00:00+00:00
[2024-07-07T15:14:08.416+0000] {processor.py:183} INFO - Processing /opt/airflow/dags/simple_dag_example.py took 0.193 seconds
[2024-07-07T15:14:39.459+0000] {processor.py:161} INFO - Started process (PID=899) to work on /opt/airflow/dags/simple_dag_example.py
[2024-07-07T15:14:39.460+0000] {processor.py:830} INFO - Processing file /opt/airflow/dags/simple_dag_example.py for tasks to queue
[2024-07-07T15:14:39.465+0000] {logging_mixin.py:188} INFO - [2024-07-07T15:14:39.464+0000] {dagbag.py:545} INFO - Filling up the DagBag from /opt/airflow/dags/simple_dag_example.py
[2024-07-07T15:14:39.496+0000] {processor.py:840} INFO - DAG(s) 'simple_example' retrieved from /opt/airflow/dags/simple_dag_example.py
[2024-07-07T15:14:39.546+0000] {logging_mixin.py:188} INFO - [2024-07-07T15:14:39.545+0000] {dag.py:3096} INFO - Sync 1 DAGs
[2024-07-07T15:14:39.583+0000] {logging_mixin.py:188} INFO - [2024-07-07T15:14:39.582+0000] {dag.py:3954} INFO - Setting next_dagrun for simple_example to 2024-08-10 00:00:00+00:00, run_after=2024-08-11 00:00:00+00:00
[2024-07-07T15:14:39.637+0000] {processor.py:183} INFO - Processing /opt/airflow/dags/simple_dag_example.py took 0.188 seconds
[2024-07-07T15:15:09.850+0000] {processor.py:161} INFO - Started process (PID=930) to work on /opt/airflow/dags/simple_dag_example.py
[2024-07-07T15:15:09.852+0000] {processor.py:830} INFO - Processing file /opt/airflow/dags/simple_dag_example.py for tasks to queue
[2024-07-07T15:15:09.855+0000] {logging_mixin.py:188} INFO - [2024-07-07T15:15:09.855+0000] {dagbag.py:545} INFO - Filling up the DagBag from /opt/airflow/dags/simple_dag_example.py
[2024-07-07T15:15:09.921+0000] {processor.py:840} INFO - DAG(s) 'simple_example' retrieved from /opt/airflow/dags/simple_dag_example.py
[2024-07-07T15:15:10.098+0000] {logging_mixin.py:188} INFO - [2024-07-07T15:15:10.098+0000] {dag.py:3096} INFO - Sync 1 DAGs
[2024-07-07T15:15:10.131+0000] {logging_mixin.py:188} INFO - [2024-07-07T15:15:10.130+0000] {dag.py:3954} INFO - Setting next_dagrun for simple_example to 2024-07-01 00:00:00+00:00, run_after=2024-07-02 00:00:00+00:00
[2024-07-07T15:15:10.165+0000] {processor.py:183} INFO - Processing /opt/airflow/dags/simple_dag_example.py took 0.328 seconds
[2024-07-07T15:15:40.777+0000] {processor.py:161} INFO - Started process (PID=997) to work on /opt/airflow/dags/simple_dag_example.py
[2024-07-07T15:15:40.785+0000] {processor.py:830} INFO - Processing file /opt/airflow/dags/simple_dag_example.py for tasks to queue
[2024-07-07T15:15:40.793+0000] {logging_mixin.py:188} INFO - [2024-07-07T15:15:40.791+0000] {dagbag.py:545} INFO - Filling up the DagBag from /opt/airflow/dags/simple_dag_example.py
[2024-07-07T15:15:40.825+0000] {processor.py:840} INFO - DAG(s) 'simple_example' retrieved from /opt/airflow/dags/simple_dag_example.py
[2024-07-07T15:15:40.874+0000] {logging_mixin.py:188} INFO - [2024-07-07T15:15:40.873+0000] {dag.py:3096} INFO - Sync 1 DAGs
[2024-07-07T15:15:40.917+0000] {logging_mixin.py:188} INFO - [2024-07-07T15:15:40.916+0000] {dag.py:3954} INFO - Setting next_dagrun for simple_example to 2024-07-07 00:00:00+00:00, run_after=2024-07-08 00:00:00+00:00
[2024-07-07T15:15:40.950+0000] {processor.py:183} INFO - Processing /opt/airflow/dags/simple_dag_example.py took 0.184 seconds
[2024-07-07T15:16:11.231+0000] {processor.py:161} INFO - Started process (PID=1027) to work on /opt/airflow/dags/simple_dag_example.py
[2024-07-07T15:16:11.232+0000] {processor.py:830} INFO - Processing file /opt/airflow/dags/simple_dag_example.py for tasks to queue
[2024-07-07T15:16:11.236+0000] {logging_mixin.py:188} INFO - [2024-07-07T15:16:11.235+0000] {dagbag.py:545} INFO - Filling up the DagBag from /opt/airflow/dags/simple_dag_example.py
[2024-07-07T15:16:11.261+0000] {processor.py:840} INFO - DAG(s) 'simple_example' retrieved from /opt/airflow/dags/simple_dag_example.py
[2024-07-07T15:16:11.298+0000] {logging_mixin.py:188} INFO - [2024-07-07T15:16:11.298+0000] {dag.py:3096} INFO - Sync 1 DAGs
[2024-07-07T15:16:11.336+0000] {logging_mixin.py:188} INFO - [2024-07-07T15:16:11.335+0000] {dag.py:3954} INFO - Setting next_dagrun for simple_example to 2024-07-07 00:00:00+00:00, run_after=2024-07-08 00:00:00+00:00
[2024-07-07T15:16:11.366+0000] {processor.py:183} INFO - Processing /opt/airflow/dags/simple_dag_example.py took 0.142 seconds
[2024-07-07T15:16:41.527+0000] {processor.py:161} INFO - Started process (PID=1058) to work on /opt/airflow/dags/simple_dag_example.py
[2024-07-07T15:16:41.528+0000] {processor.py:830} INFO - Processing file /opt/airflow/dags/simple_dag_example.py for tasks to queue
[2024-07-07T15:16:41.532+0000] {logging_mixin.py:188} INFO - [2024-07-07T15:16:41.531+0000] {dagbag.py:545} INFO - Filling up the DagBag from /opt/airflow/dags/simple_dag_example.py
[2024-07-07T15:16:41.564+0000] {processor.py:840} INFO - DAG(s) 'simple_example' retrieved from /opt/airflow/dags/simple_dag_example.py
[2024-07-07T15:16:41.618+0000] {logging_mixin.py:188} INFO - [2024-07-07T15:16:41.617+0000] {dag.py:3096} INFO - Sync 1 DAGs
[2024-07-07T15:16:41.684+0000] {logging_mixin.py:188} INFO - [2024-07-07T15:16:41.683+0000] {dag.py:3954} INFO - Setting next_dagrun for simple_example to 2024-07-07 00:00:00+00:00, run_after=2024-07-08 00:00:00+00:00
[2024-07-07T15:16:41.733+0000] {processor.py:183} INFO - Processing /opt/airflow/dags/simple_dag_example.py took 0.212 seconds
[2024-07-07T15:17:12.127+0000] {processor.py:161} INFO - Started process (PID=1089) to work on /opt/airflow/dags/simple_dag_example.py
[2024-07-07T15:17:12.129+0000] {processor.py:830} INFO - Processing file /opt/airflow/dags/simple_dag_example.py for tasks to queue
[2024-07-07T15:17:12.135+0000] {logging_mixin.py:188} INFO - [2024-07-07T15:17:12.134+0000] {dagbag.py:545} INFO - Filling up the DagBag from /opt/airflow/dags/simple_dag_example.py
[2024-07-07T15:17:12.187+0000] {processor.py:840} INFO - DAG(s) 'simple_example' retrieved from /opt/airflow/dags/simple_dag_example.py
[2024-07-07T15:17:12.300+0000] {logging_mixin.py:188} INFO - [2024-07-07T15:17:12.295+0000] {dag.py:3096} INFO - Sync 1 DAGs
[2024-07-07T15:17:12.427+0000] {logging_mixin.py:188} INFO - [2024-07-07T15:17:12.426+0000] {dag.py:3954} INFO - Setting next_dagrun for simple_example to 2024-07-07 00:00:00+00:00, run_after=2024-07-08 00:00:00+00:00
[2024-07-07T15:17:12.472+0000] {processor.py:183} INFO - Processing /opt/airflow/dags/simple_dag_example.py took 0.361 seconds
[2024-07-07T15:17:43.247+0000] {processor.py:161} INFO - Started process (PID=1121) to work on /opt/airflow/dags/simple_dag_example.py
[2024-07-07T15:17:43.249+0000] {processor.py:830} INFO - Processing file /opt/airflow/dags/simple_dag_example.py for tasks to queue
[2024-07-07T15:17:43.251+0000] {logging_mixin.py:188} INFO - [2024-07-07T15:17:43.251+0000] {dagbag.py:545} INFO - Filling up the DagBag from /opt/airflow/dags/simple_dag_example.py
[2024-07-07T15:17:43.278+0000] {processor.py:840} INFO - DAG(s) 'simple_example' retrieved from /opt/airflow/dags/simple_dag_example.py
[2024-07-07T15:17:43.316+0000] {logging_mixin.py:188} INFO - [2024-07-07T15:17:43.315+0000] {dag.py:3096} INFO - Sync 1 DAGs
[2024-07-07T15:17:43.349+0000] {logging_mixin.py:188} INFO - [2024-07-07T15:17:43.348+0000] {dag.py:3954} INFO - Setting next_dagrun for simple_example to 2024-07-07 00:00:00+00:00, run_after=2024-07-08 00:00:00+00:00
[2024-07-07T15:17:43.387+0000] {processor.py:183} INFO - Processing /opt/airflow/dags/simple_dag_example.py took 0.147 seconds
[2024-07-07T15:18:14.233+0000] {processor.py:161} INFO - Started process (PID=1152) to work on /opt/airflow/dags/simple_dag_example.py
[2024-07-07T15:18:14.235+0000] {processor.py:830} INFO - Processing file /opt/airflow/dags/simple_dag_example.py for tasks to queue
[2024-07-07T15:18:14.237+0000] {logging_mixin.py:188} INFO - [2024-07-07T15:18:14.237+0000] {dagbag.py:545} INFO - Filling up the DagBag from /opt/airflow/dags/simple_dag_example.py
[2024-07-07T15:18:14.268+0000] {processor.py:840} INFO - DAG(s) 'simple_example' retrieved from /opt/airflow/dags/simple_dag_example.py
[2024-07-07T15:18:14.315+0000] {logging_mixin.py:188} INFO - [2024-07-07T15:18:14.315+0000] {dag.py:3096} INFO - Sync 1 DAGs
[2024-07-07T15:18:14.354+0000] {logging_mixin.py:188} INFO - [2024-07-07T15:18:14.354+0000] {dag.py:3954} INFO - Setting next_dagrun for simple_example to 2024-07-07 00:00:00+00:00, run_after=2024-07-08 00:00:00+00:00
[2024-07-07T15:18:14.400+0000] {processor.py:183} INFO - Processing /opt/airflow/dags/simple_dag_example.py took 0.175 seconds
[2024-07-07T15:18:44.840+0000] {processor.py:161} INFO - Started process (PID=1183) to work on /opt/airflow/dags/simple_dag_example.py
[2024-07-07T15:18:44.858+0000] {processor.py:830} INFO - Processing file /opt/airflow/dags/simple_dag_example.py for tasks to queue
[2024-07-07T15:18:44.863+0000] {logging_mixin.py:188} INFO - [2024-07-07T15:18:44.862+0000] {dagbag.py:545} INFO - Filling up the DagBag from /opt/airflow/dags/simple_dag_example.py
[2024-07-07T15:18:44.905+0000] {processor.py:840} INFO - DAG(s) 'simple_example' retrieved from /opt/airflow/dags/simple_dag_example.py
[2024-07-07T15:18:44.973+0000] {logging_mixin.py:188} INFO - [2024-07-07T15:18:44.973+0000] {dag.py:3096} INFO - Sync 1 DAGs
[2024-07-07T15:18:45.057+0000] {logging_mixin.py:188} INFO - [2024-07-07T15:18:45.056+0000] {dag.py:3954} INFO - Setting next_dagrun for simple_example to 2024-07-07 00:00:00+00:00, run_after=2024-07-08 00:00:00+00:00
[2024-07-07T15:18:45.115+0000] {processor.py:183} INFO - Processing /opt/airflow/dags/simple_dag_example.py took 0.285 seconds
[2024-07-07T15:19:15.276+0000] {processor.py:161} INFO - Started process (PID=1215) to work on /opt/airflow/dags/simple_dag_example.py
[2024-07-07T15:19:15.278+0000] {processor.py:830} INFO - Processing file /opt/airflow/dags/simple_dag_example.py for tasks to queue
[2024-07-07T15:19:15.287+0000] {logging_mixin.py:188} INFO - [2024-07-07T15:19:15.286+0000] {dagbag.py:545} INFO - Filling up the DagBag from /opt/airflow/dags/simple_dag_example.py
[2024-07-07T15:19:15.321+0000] {processor.py:840} INFO - DAG(s) 'simple_example' retrieved from /opt/airflow/dags/simple_dag_example.py
[2024-07-07T15:19:15.367+0000] {logging_mixin.py:188} INFO - [2024-07-07T15:19:15.366+0000] {dag.py:3096} INFO - Sync 1 DAGs
[2024-07-07T15:19:15.403+0000] {logging_mixin.py:188} INFO - [2024-07-07T15:19:15.403+0000] {dag.py:3954} INFO - Setting next_dagrun for simple_example to 2024-07-07 00:00:00+00:00, run_after=2024-07-08 00:00:00+00:00
[2024-07-07T15:19:15.455+0000] {processor.py:183} INFO - Processing /opt/airflow/dags/simple_dag_example.py took 0.198 seconds
[2024-07-07T15:19:45.661+0000] {processor.py:161} INFO - Started process (PID=1247) to work on /opt/airflow/dags/simple_dag_example.py
[2024-07-07T15:19:45.663+0000] {processor.py:830} INFO - Processing file /opt/airflow/dags/simple_dag_example.py for tasks to queue
[2024-07-07T15:19:45.667+0000] {logging_mixin.py:188} INFO - [2024-07-07T15:19:45.666+0000] {dagbag.py:545} INFO - Filling up the DagBag from /opt/airflow/dags/simple_dag_example.py
[2024-07-07T15:19:45.697+0000] {processor.py:840} INFO - DAG(s) 'simple_example' retrieved from /opt/airflow/dags/simple_dag_example.py
[2024-07-07T15:19:45.740+0000] {logging_mixin.py:188} INFO - [2024-07-07T15:19:45.739+0000] {dag.py:3096} INFO - Sync 1 DAGs
[2024-07-07T15:19:45.779+0000] {logging_mixin.py:188} INFO - [2024-07-07T15:19:45.778+0000] {dag.py:3954} INFO - Setting next_dagrun for simple_example to 2024-07-07 00:00:00+00:00, run_after=2024-07-08 00:00:00+00:00
[2024-07-07T15:19:45.816+0000] {processor.py:183} INFO - Processing /opt/airflow/dags/simple_dag_example.py took 0.165 seconds
[2024-07-07T15:20:16.046+0000] {processor.py:161} INFO - Started process (PID=1278) to work on /opt/airflow/dags/simple_dag_example.py
[2024-07-07T15:20:16.083+0000] {processor.py:830} INFO - Processing file /opt/airflow/dags/simple_dag_example.py for tasks to queue
[2024-07-07T15:20:16.093+0000] {logging_mixin.py:188} INFO - [2024-07-07T15:20:16.091+0000] {dagbag.py:545} INFO - Filling up the DagBag from /opt/airflow/dags/simple_dag_example.py
[2024-07-07T15:20:16.146+0000] {processor.py:840} INFO - DAG(s) 'simple_example' retrieved from /opt/airflow/dags/simple_dag_example.py
[2024-07-07T15:20:16.193+0000] {logging_mixin.py:188} INFO - [2024-07-07T15:20:16.192+0000] {dag.py:3096} INFO - Sync 1 DAGs
[2024-07-07T15:20:16.234+0000] {logging_mixin.py:188} INFO - [2024-07-07T15:20:16.234+0000] {dag.py:3954} INFO - Setting next_dagrun for simple_example to 2024-07-07 00:00:00+00:00, run_after=2024-07-08 00:00:00+00:00
[2024-07-07T15:20:16.268+0000] {processor.py:183} INFO - Processing /opt/airflow/dags/simple_dag_example.py took 0.243 seconds
[2024-07-07T15:20:46.681+0000] {processor.py:161} INFO - Started process (PID=1309) to work on /opt/airflow/dags/simple_dag_example.py
[2024-07-07T15:20:46.682+0000] {processor.py:830} INFO - Processing file /opt/airflow/dags/simple_dag_example.py for tasks to queue
[2024-07-07T15:20:46.685+0000] {logging_mixin.py:188} INFO - [2024-07-07T15:20:46.684+0000] {dagbag.py:545} INFO - Filling up the DagBag from /opt/airflow/dags/simple_dag_example.py
[2024-07-07T15:20:46.713+0000] {processor.py:840} INFO - DAG(s) 'simple_example' retrieved from /opt/airflow/dags/simple_dag_example.py
[2024-07-07T15:20:46.789+0000] {logging_mixin.py:188} INFO - [2024-07-07T15:20:46.788+0000] {dag.py:3096} INFO - Sync 1 DAGs
[2024-07-07T15:20:46.855+0000] {logging_mixin.py:188} INFO - [2024-07-07T15:20:46.854+0000] {dag.py:3954} INFO - Setting next_dagrun for simple_example to 2024-07-07 00:00:00+00:00, run_after=2024-07-08 00:00:00+00:00
[2024-07-07T15:20:46.900+0000] {processor.py:183} INFO - Processing /opt/airflow/dags/simple_dag_example.py took 0.226 seconds
[2024-07-07T15:21:17.023+0000] {processor.py:161} INFO - Started process (PID=1340) to work on /opt/airflow/dags/simple_dag_example.py
[2024-07-07T15:21:17.025+0000] {processor.py:830} INFO - Processing file /opt/airflow/dags/simple_dag_example.py for tasks to queue
[2024-07-07T15:21:17.029+0000] {logging_mixin.py:188} INFO - [2024-07-07T15:21:17.028+0000] {dagbag.py:545} INFO - Filling up the DagBag from /opt/airflow/dags/simple_dag_example.py
[2024-07-07T15:21:17.054+0000] {processor.py:840} INFO - DAG(s) 'simple_example' retrieved from /opt/airflow/dags/simple_dag_example.py
[2024-07-07T15:21:17.095+0000] {logging_mixin.py:188} INFO - [2024-07-07T15:21:17.095+0000] {dag.py:3096} INFO - Sync 1 DAGs
[2024-07-07T15:21:17.135+0000] {logging_mixin.py:188} INFO - [2024-07-07T15:21:17.135+0000] {dag.py:3954} INFO - Setting next_dagrun for simple_example to 2024-07-07 00:00:00+00:00, run_after=2024-07-08 00:00:00+00:00
[2024-07-07T15:21:17.164+0000] {processor.py:183} INFO - Processing /opt/airflow/dags/simple_dag_example.py took 0.152 seconds
[2024-07-07T15:21:47.232+0000] {processor.py:161} INFO - Started process (PID=1371) to work on /opt/airflow/dags/simple_dag_example.py
[2024-07-07T15:21:47.233+0000] {processor.py:830} INFO - Processing file /opt/airflow/dags/simple_dag_example.py for tasks to queue
[2024-07-07T15:21:47.236+0000] {logging_mixin.py:188} INFO - [2024-07-07T15:21:47.236+0000] {dagbag.py:545} INFO - Filling up the DagBag from /opt/airflow/dags/simple_dag_example.py
[2024-07-07T15:21:47.260+0000] {processor.py:840} INFO - DAG(s) 'simple_example' retrieved from /opt/airflow/dags/simple_dag_example.py
[2024-07-07T15:21:47.296+0000] {logging_mixin.py:188} INFO - [2024-07-07T15:21:47.296+0000] {dag.py:3096} INFO - Sync 1 DAGs
[2024-07-07T15:21:47.331+0000] {logging_mixin.py:188} INFO - [2024-07-07T15:21:47.331+0000] {dag.py:3954} INFO - Setting next_dagrun for simple_example to 2024-07-07 00:00:00+00:00, run_after=2024-07-08 00:00:00+00:00
[2024-07-07T15:21:47.370+0000] {processor.py:183} INFO - Processing /opt/airflow/dags/simple_dag_example.py took 0.145 seconds
[2024-07-07T15:22:18.352+0000] {processor.py:161} INFO - Started process (PID=1402) to work on /opt/airflow/dags/simple_dag_example.py
[2024-07-07T15:22:18.354+0000] {processor.py:830} INFO - Processing file /opt/airflow/dags/simple_dag_example.py for tasks to queue
[2024-07-07T15:22:18.357+0000] {logging_mixin.py:188} INFO - [2024-07-07T15:22:18.356+0000] {dagbag.py:545} INFO - Filling up the DagBag from /opt/airflow/dags/simple_dag_example.py
[2024-07-07T15:22:18.390+0000] {processor.py:840} INFO - DAG(s) 'simple_example' retrieved from /opt/airflow/dags/simple_dag_example.py
[2024-07-07T15:22:18.431+0000] {logging_mixin.py:188} INFO - [2024-07-07T15:22:18.431+0000] {dag.py:3096} INFO - Sync 1 DAGs
[2024-07-07T15:22:18.466+0000] {logging_mixin.py:188} INFO - [2024-07-07T15:22:18.466+0000] {dag.py:3954} INFO - Setting next_dagrun for simple_example to 2024-07-07 00:00:00+00:00, run_after=2024-07-08 00:00:00+00:00
[2024-07-07T15:22:18.497+0000] {processor.py:183} INFO - Processing /opt/airflow/dags/simple_dag_example.py took 0.155 seconds
[2024-07-07T15:22:48.800+0000] {processor.py:161} INFO - Started process (PID=1433) to work on /opt/airflow/dags/simple_dag_example.py
[2024-07-07T15:22:48.801+0000] {processor.py:830} INFO - Processing file /opt/airflow/dags/simple_dag_example.py for tasks to queue
[2024-07-07T15:22:48.803+0000] {logging_mixin.py:188} INFO - [2024-07-07T15:22:48.803+0000] {dagbag.py:545} INFO - Filling up the DagBag from /opt/airflow/dags/simple_dag_example.py
[2024-07-07T15:22:48.828+0000] {processor.py:840} INFO - DAG(s) 'simple_example' retrieved from /opt/airflow/dags/simple_dag_example.py
[2024-07-07T15:22:48.873+0000] {logging_mixin.py:188} INFO - [2024-07-07T15:22:48.873+0000] {dag.py:3096} INFO - Sync 1 DAGs
[2024-07-07T15:22:48.906+0000] {logging_mixin.py:188} INFO - [2024-07-07T15:22:48.905+0000] {dag.py:3954} INFO - Setting next_dagrun for simple_example to 2024-07-07 00:00:00+00:00, run_after=2024-07-08 00:00:00+00:00
[2024-07-07T15:22:48.942+0000] {processor.py:183} INFO - Processing /opt/airflow/dags/simple_dag_example.py took 0.151 seconds
[2024-07-07T15:23:19.107+0000] {processor.py:161} INFO - Started process (PID=1465) to work on /opt/airflow/dags/simple_dag_example.py
[2024-07-07T15:23:19.109+0000] {processor.py:830} INFO - Processing file /opt/airflow/dags/simple_dag_example.py for tasks to queue
[2024-07-07T15:23:19.111+0000] {logging_mixin.py:188} INFO - [2024-07-07T15:23:19.111+0000] {dagbag.py:545} INFO - Filling up the DagBag from /opt/airflow/dags/simple_dag_example.py
[2024-07-07T15:23:19.149+0000] {processor.py:840} INFO - DAG(s) 'simple_example' retrieved from /opt/airflow/dags/simple_dag_example.py
[2024-07-07T15:23:19.192+0000] {logging_mixin.py:188} INFO - [2024-07-07T15:23:19.192+0000] {dag.py:3096} INFO - Sync 1 DAGs
[2024-07-07T15:23:19.230+0000] {logging_mixin.py:188} INFO - [2024-07-07T15:23:19.229+0000] {dag.py:3954} INFO - Setting next_dagrun for simple_example to 2024-07-07 00:00:00+00:00, run_after=2024-07-08 00:00:00+00:00
[2024-07-07T15:23:19.261+0000] {processor.py:183} INFO - Processing /opt/airflow/dags/simple_dag_example.py took 0.162 seconds
[2024-07-07T15:23:49.464+0000] {processor.py:161} INFO - Started process (PID=1496) to work on /opt/airflow/dags/simple_dag_example.py
[2024-07-07T15:23:49.466+0000] {processor.py:830} INFO - Processing file /opt/airflow/dags/simple_dag_example.py for tasks to queue
[2024-07-07T15:23:49.468+0000] {logging_mixin.py:188} INFO - [2024-07-07T15:23:49.467+0000] {dagbag.py:545} INFO - Filling up the DagBag from /opt/airflow/dags/simple_dag_example.py
[2024-07-07T15:23:49.492+0000] {processor.py:840} INFO - DAG(s) 'simple_example' retrieved from /opt/airflow/dags/simple_dag_example.py
[2024-07-07T15:23:49.536+0000] {logging_mixin.py:188} INFO - [2024-07-07T15:23:49.536+0000] {dag.py:3096} INFO - Sync 1 DAGs
[2024-07-07T15:23:49.572+0000] {logging_mixin.py:188} INFO - [2024-07-07T15:23:49.571+0000] {dag.py:3954} INFO - Setting next_dagrun for simple_example to 2024-07-07 00:00:00+00:00, run_after=2024-07-08 00:00:00+00:00
[2024-07-07T15:23:49.598+0000] {processor.py:183} INFO - Processing /opt/airflow/dags/simple_dag_example.py took 0.142 seconds
[2024-07-07T15:24:19.742+0000] {processor.py:161} INFO - Started process (PID=1527) to work on /opt/airflow/dags/simple_dag_example.py
[2024-07-07T15:24:19.743+0000] {processor.py:830} INFO - Processing file /opt/airflow/dags/simple_dag_example.py for tasks to queue
[2024-07-07T15:24:19.747+0000] {logging_mixin.py:188} INFO - [2024-07-07T15:24:19.746+0000] {dagbag.py:545} INFO - Filling up the DagBag from /opt/airflow/dags/simple_dag_example.py
[2024-07-07T15:24:19.781+0000] {processor.py:840} INFO - DAG(s) 'simple_example' retrieved from /opt/airflow/dags/simple_dag_example.py
[2024-07-07T15:24:19.853+0000] {logging_mixin.py:188} INFO - [2024-07-07T15:24:19.853+0000] {dag.py:3096} INFO - Sync 1 DAGs
[2024-07-07T15:24:19.912+0000] {logging_mixin.py:188} INFO - [2024-07-07T15:24:19.911+0000] {dag.py:3954} INFO - Setting next_dagrun for simple_example to 2024-07-07 00:00:00+00:00, run_after=2024-07-08 00:00:00+00:00
[2024-07-07T15:24:19.951+0000] {processor.py:183} INFO - Processing /opt/airflow/dags/simple_dag_example.py took 0.220 seconds
[2024-07-07T15:24:50.314+0000] {processor.py:161} INFO - Started process (PID=1558) to work on /opt/airflow/dags/simple_dag_example.py
[2024-07-07T15:24:50.319+0000] {processor.py:830} INFO - Processing file /opt/airflow/dags/simple_dag_example.py for tasks to queue
[2024-07-07T15:24:50.329+0000] {logging_mixin.py:188} INFO - [2024-07-07T15:24:50.328+0000] {dagbag.py:545} INFO - Filling up the DagBag from /opt/airflow/dags/simple_dag_example.py
[2024-07-07T15:24:50.372+0000] {processor.py:840} INFO - DAG(s) 'simple_example' retrieved from /opt/airflow/dags/simple_dag_example.py
[2024-07-07T15:24:50.452+0000] {logging_mixin.py:188} INFO - [2024-07-07T15:24:50.450+0000] {dag.py:3096} INFO - Sync 1 DAGs
[2024-07-07T15:24:50.519+0000] {logging_mixin.py:188} INFO - [2024-07-07T15:24:50.518+0000] {dag.py:3954} INFO - Setting next_dagrun for simple_example to 2024-07-07 00:00:00+00:00, run_after=2024-07-08 00:00:00+00:00
[2024-07-07T15:24:50.557+0000] {processor.py:183} INFO - Processing /opt/airflow/dags/simple_dag_example.py took 0.294 seconds
[2024-07-07T15:25:21.309+0000] {processor.py:161} INFO - Started process (PID=1590) to work on /opt/airflow/dags/simple_dag_example.py
[2024-07-07T15:25:21.311+0000] {processor.py:830} INFO - Processing file /opt/airflow/dags/simple_dag_example.py for tasks to queue
[2024-07-07T15:25:21.316+0000] {logging_mixin.py:188} INFO - [2024-07-07T15:25:21.315+0000] {dagbag.py:545} INFO - Filling up the DagBag from /opt/airflow/dags/simple_dag_example.py
[2024-07-07T15:25:21.383+0000] {processor.py:840} INFO - DAG(s) 'simple_example' retrieved from /opt/airflow/dags/simple_dag_example.py
[2024-07-07T15:25:21.457+0000] {logging_mixin.py:188} INFO - [2024-07-07T15:25:21.456+0000] {dag.py:3096} INFO - Sync 1 DAGs
[2024-07-07T15:25:21.518+0000] {logging_mixin.py:188} INFO - [2024-07-07T15:25:21.518+0000] {dag.py:3954} INFO - Setting next_dagrun for simple_example to 2024-07-07 00:00:00+00:00, run_after=2024-07-08 00:00:00+00:00
[2024-07-07T15:25:21.560+0000] {processor.py:183} INFO - Processing /opt/airflow/dags/simple_dag_example.py took 0.268 seconds
[2024-07-07T15:25:52.505+0000] {processor.py:161} INFO - Started process (PID=1621) to work on /opt/airflow/dags/simple_dag_example.py
[2024-07-07T15:25:52.508+0000] {processor.py:830} INFO - Processing file /opt/airflow/dags/simple_dag_example.py for tasks to queue
[2024-07-07T15:25:52.512+0000] {logging_mixin.py:188} INFO - [2024-07-07T15:25:52.511+0000] {dagbag.py:545} INFO - Filling up the DagBag from /opt/airflow/dags/simple_dag_example.py
[2024-07-07T15:25:52.556+0000] {processor.py:840} INFO - DAG(s) 'simple_example' retrieved from /opt/airflow/dags/simple_dag_example.py
[2024-07-07T15:25:52.629+0000] {logging_mixin.py:188} INFO - [2024-07-07T15:25:52.629+0000] {dag.py:3096} INFO - Sync 1 DAGs
[2024-07-07T15:25:52.677+0000] {logging_mixin.py:188} INFO - [2024-07-07T15:25:52.676+0000] {dag.py:3954} INFO - Setting next_dagrun for simple_example to 2024-07-07 00:00:00+00:00, run_after=2024-07-08 00:00:00+00:00
[2024-07-07T15:25:52.717+0000] {processor.py:183} INFO - Processing /opt/airflow/dags/simple_dag_example.py took 0.234 seconds
[2024-07-07T15:26:23.341+0000] {processor.py:161} INFO - Started process (PID=1652) to work on /opt/airflow/dags/simple_dag_example.py
[2024-07-07T15:26:23.343+0000] {processor.py:830} INFO - Processing file /opt/airflow/dags/simple_dag_example.py for tasks to queue
[2024-07-07T15:26:23.346+0000] {logging_mixin.py:188} INFO - [2024-07-07T15:26:23.345+0000] {dagbag.py:545} INFO - Filling up the DagBag from /opt/airflow/dags/simple_dag_example.py
[2024-07-07T15:26:23.373+0000] {processor.py:840} INFO - DAG(s) 'simple_example' retrieved from /opt/airflow/dags/simple_dag_example.py
[2024-07-07T15:26:23.413+0000] {logging_mixin.py:188} INFO - [2024-07-07T15:26:23.413+0000] {dag.py:3096} INFO - Sync 1 DAGs
[2024-07-07T15:26:23.451+0000] {logging_mixin.py:188} INFO - [2024-07-07T15:26:23.450+0000] {dag.py:3954} INFO - Setting next_dagrun for simple_example to 2024-07-07 00:00:00+00:00, run_after=2024-07-08 00:00:00+00:00
[2024-07-07T15:26:23.482+0000] {processor.py:183} INFO - Processing /opt/airflow/dags/simple_dag_example.py took 0.148 seconds
[2024-07-07T15:26:53.678+0000] {processor.py:161} INFO - Started process (PID=1683) to work on /opt/airflow/dags/simple_dag_example.py
[2024-07-07T15:26:53.680+0000] {processor.py:830} INFO - Processing file /opt/airflow/dags/simple_dag_example.py for tasks to queue
[2024-07-07T15:26:53.685+0000] {logging_mixin.py:188} INFO - [2024-07-07T15:26:53.684+0000] {dagbag.py:545} INFO - Filling up the DagBag from /opt/airflow/dags/simple_dag_example.py
[2024-07-07T15:26:53.723+0000] {processor.py:840} INFO - DAG(s) 'simple_example' retrieved from /opt/airflow/dags/simple_dag_example.py
[2024-07-07T15:26:53.792+0000] {logging_mixin.py:188} INFO - [2024-07-07T15:26:53.791+0000] {dag.py:3096} INFO - Sync 1 DAGs
[2024-07-07T15:26:53.872+0000] {logging_mixin.py:188} INFO - [2024-07-07T15:26:53.871+0000] {dag.py:3954} INFO - Setting next_dagrun for simple_example to 2024-07-07 00:00:00+00:00, run_after=2024-07-08 00:00:00+00:00
[2024-07-07T15:26:53.955+0000] {processor.py:183} INFO - Processing /opt/airflow/dags/simple_dag_example.py took 0.285 seconds
[2024-07-07T15:27:24.950+0000] {processor.py:161} INFO - Started process (PID=1714) to work on /opt/airflow/dags/simple_dag_example.py
[2024-07-07T15:27:24.951+0000] {processor.py:830} INFO - Processing file /opt/airflow/dags/simple_dag_example.py for tasks to queue
[2024-07-07T15:27:24.954+0000] {logging_mixin.py:188} INFO - [2024-07-07T15:27:24.954+0000] {dagbag.py:545} INFO - Filling up the DagBag from /opt/airflow/dags/simple_dag_example.py
[2024-07-07T15:27:24.981+0000] {processor.py:840} INFO - DAG(s) 'simple_example' retrieved from /opt/airflow/dags/simple_dag_example.py
[2024-07-07T15:27:25.017+0000] {logging_mixin.py:188} INFO - [2024-07-07T15:27:25.017+0000] {dag.py:3096} INFO - Sync 1 DAGs
[2024-07-07T15:27:25.049+0000] {logging_mixin.py:188} INFO - [2024-07-07T15:27:25.049+0000] {dag.py:3954} INFO - Setting next_dagrun for simple_example to 2024-07-07 00:00:00+00:00, run_after=2024-07-08 00:00:00+00:00
[2024-07-07T15:27:25.087+0000] {processor.py:183} INFO - Processing /opt/airflow/dags/simple_dag_example.py took 0.144 seconds
[2024-07-07T15:27:55.211+0000] {processor.py:161} INFO - Started process (PID=1745) to work on /opt/airflow/dags/simple_dag_example.py
[2024-07-07T15:27:55.214+0000] {processor.py:830} INFO - Processing file /opt/airflow/dags/simple_dag_example.py for tasks to queue
[2024-07-07T15:27:55.220+0000] {logging_mixin.py:188} INFO - [2024-07-07T15:27:55.219+0000] {dagbag.py:545} INFO - Filling up the DagBag from /opt/airflow/dags/simple_dag_example.py
[2024-07-07T15:27:55.254+0000] {processor.py:840} INFO - DAG(s) 'simple_example' retrieved from /opt/airflow/dags/simple_dag_example.py
[2024-07-07T15:27:55.309+0000] {logging_mixin.py:188} INFO - [2024-07-07T15:27:55.309+0000] {dag.py:3096} INFO - Sync 1 DAGs
[2024-07-07T15:27:55.346+0000] {logging_mixin.py:188} INFO - [2024-07-07T15:27:55.345+0000] {dag.py:3954} INFO - Setting next_dagrun for simple_example to 2024-07-07 00:00:00+00:00, run_after=2024-07-08 00:00:00+00:00
[2024-07-07T15:27:55.397+0000] {processor.py:183} INFO - Processing /opt/airflow/dags/simple_dag_example.py took 0.204 seconds
[2024-07-07T15:28:26.372+0000] {processor.py:161} INFO - Started process (PID=1776) to work on /opt/airflow/dags/simple_dag_example.py
[2024-07-07T15:28:26.373+0000] {processor.py:830} INFO - Processing file /opt/airflow/dags/simple_dag_example.py for tasks to queue
[2024-07-07T15:28:26.381+0000] {logging_mixin.py:188} INFO - [2024-07-07T15:28:26.380+0000] {dagbag.py:545} INFO - Filling up the DagBag from /opt/airflow/dags/simple_dag_example.py
[2024-07-07T15:28:26.428+0000] {processor.py:840} INFO - DAG(s) 'simple_example' retrieved from /opt/airflow/dags/simple_dag_example.py
[2024-07-07T15:28:26.517+0000] {logging_mixin.py:188} INFO - [2024-07-07T15:28:26.516+0000] {dag.py:3096} INFO - Sync 1 DAGs
[2024-07-07T15:28:26.578+0000] {logging_mixin.py:188} INFO - [2024-07-07T15:28:26.578+0000] {dag.py:3954} INFO - Setting next_dagrun for simple_example to 2024-07-07 00:00:00+00:00, run_after=2024-07-08 00:00:00+00:00
[2024-07-07T15:28:26.615+0000] {processor.py:183} INFO - Processing /opt/airflow/dags/simple_dag_example.py took 0.253 seconds
[2024-07-07T15:28:56.796+0000] {processor.py:161} INFO - Started process (PID=1807) to work on /opt/airflow/dags/simple_dag_example.py
[2024-07-07T15:28:56.798+0000] {processor.py:830} INFO - Processing file /opt/airflow/dags/simple_dag_example.py for tasks to queue
[2024-07-07T15:28:56.801+0000] {logging_mixin.py:188} INFO - [2024-07-07T15:28:56.801+0000] {dagbag.py:545} INFO - Filling up the DagBag from /opt/airflow/dags/simple_dag_example.py
[2024-07-07T15:28:56.836+0000] {processor.py:840} INFO - DAG(s) 'simple_example' retrieved from /opt/airflow/dags/simple_dag_example.py
[2024-07-07T15:28:56.880+0000] {logging_mixin.py:188} INFO - [2024-07-07T15:28:56.879+0000] {dag.py:3096} INFO - Sync 1 DAGs
[2024-07-07T15:28:56.922+0000] {logging_mixin.py:188} INFO - [2024-07-07T15:28:56.921+0000] {dag.py:3954} INFO - Setting next_dagrun for simple_example to 2024-07-07 00:00:00+00:00, run_after=2024-07-08 00:00:00+00:00
[2024-07-07T15:28:56.951+0000] {processor.py:183} INFO - Processing /opt/airflow/dags/simple_dag_example.py took 0.165 seconds
[2024-07-07T15:29:27.169+0000] {processor.py:161} INFO - Started process (PID=1838) to work on /opt/airflow/dags/simple_dag_example.py
[2024-07-07T15:29:27.170+0000] {processor.py:830} INFO - Processing file /opt/airflow/dags/simple_dag_example.py for tasks to queue
[2024-07-07T15:29:27.173+0000] {logging_mixin.py:188} INFO - [2024-07-07T15:29:27.172+0000] {dagbag.py:545} INFO - Filling up the DagBag from /opt/airflow/dags/simple_dag_example.py
[2024-07-07T15:29:27.196+0000] {processor.py:840} INFO - DAG(s) 'simple_example' retrieved from /opt/airflow/dags/simple_dag_example.py
[2024-07-07T15:29:27.234+0000] {logging_mixin.py:188} INFO - [2024-07-07T15:29:27.233+0000] {dag.py:3096} INFO - Sync 1 DAGs
[2024-07-07T15:29:27.269+0000] {logging_mixin.py:188} INFO - [2024-07-07T15:29:27.269+0000] {dag.py:3954} INFO - Setting next_dagrun for simple_example to 2024-07-07 00:00:00+00:00, run_after=2024-07-08 00:00:00+00:00
[2024-07-07T15:29:27.298+0000] {processor.py:183} INFO - Processing /opt/airflow/dags/simple_dag_example.py took 0.136 seconds
[2024-07-07T15:29:57.657+0000] {processor.py:161} INFO - Started process (PID=1874) to work on /opt/airflow/dags/simple_dag_example.py
[2024-07-07T15:29:57.658+0000] {processor.py:830} INFO - Processing file /opt/airflow/dags/simple_dag_example.py for tasks to queue
[2024-07-07T15:29:57.661+0000] {logging_mixin.py:188} INFO - [2024-07-07T15:29:57.660+0000] {dagbag.py:545} INFO - Filling up the DagBag from /opt/airflow/dags/simple_dag_example.py
[2024-07-07T15:29:57.705+0000] {processor.py:840} INFO - DAG(s) 'simple_example' retrieved from /opt/airflow/dags/simple_dag_example.py
[2024-07-07T15:29:57.766+0000] {logging_mixin.py:188} INFO - [2024-07-07T15:29:57.765+0000] {dag.py:3096} INFO - Sync 1 DAGs
[2024-07-07T15:29:57.826+0000] {logging_mixin.py:188} INFO - [2024-07-07T15:29:57.825+0000] {dag.py:3954} INFO - Setting next_dagrun for simple_example to 2024-07-07 00:00:00+00:00, run_after=2024-07-08 00:00:00+00:00
[2024-07-07T15:29:57.865+0000] {processor.py:183} INFO - Processing /opt/airflow/dags/simple_dag_example.py took 0.221 seconds
[2024-07-07T15:30:28.312+0000] {processor.py:161} INFO - Started process (PID=1910) to work on /opt/airflow/dags/simple_dag_example.py
[2024-07-07T15:30:28.314+0000] {processor.py:830} INFO - Processing file /opt/airflow/dags/simple_dag_example.py for tasks to queue
[2024-07-07T15:30:28.316+0000] {logging_mixin.py:188} INFO - [2024-07-07T15:30:28.316+0000] {dagbag.py:545} INFO - Filling up the DagBag from /opt/airflow/dags/simple_dag_example.py
[2024-07-07T15:30:28.343+0000] {processor.py:840} INFO - DAG(s) 'simple_example' retrieved from /opt/airflow/dags/simple_dag_example.py
[2024-07-07T15:30:28.382+0000] {logging_mixin.py:188} INFO - [2024-07-07T15:30:28.381+0000] {dag.py:3096} INFO - Sync 1 DAGs
[2024-07-07T15:30:28.416+0000] {logging_mixin.py:188} INFO - [2024-07-07T15:30:28.416+0000] {dag.py:3954} INFO - Setting next_dagrun for simple_example to 2024-07-07 00:00:00+00:00, run_after=2024-07-08 00:00:00+00:00
[2024-07-07T15:30:28.460+0000] {processor.py:183} INFO - Processing /opt/airflow/dags/simple_dag_example.py took 0.155 seconds
[2024-07-07T15:30:59.204+0000] {processor.py:161} INFO - Started process (PID=1951) to work on /opt/airflow/dags/simple_dag_example.py
[2024-07-07T15:30:59.205+0000] {processor.py:830} INFO - Processing file /opt/airflow/dags/simple_dag_example.py for tasks to queue
[2024-07-07T15:30:59.209+0000] {logging_mixin.py:188} INFO - [2024-07-07T15:30:59.208+0000] {dagbag.py:545} INFO - Filling up the DagBag from /opt/airflow/dags/simple_dag_example.py
[2024-07-07T15:30:59.239+0000] {processor.py:840} INFO - DAG(s) 'simple_example' retrieved from /opt/airflow/dags/simple_dag_example.py
[2024-07-07T15:30:59.285+0000] {logging_mixin.py:188} INFO - [2024-07-07T15:30:59.284+0000] {dag.py:3096} INFO - Sync 1 DAGs
[2024-07-07T15:30:59.324+0000] {logging_mixin.py:188} INFO - [2024-07-07T15:30:59.324+0000] {dag.py:3954} INFO - Setting next_dagrun for simple_example to 2024-07-07 00:00:00+00:00, run_after=2024-07-08 00:00:00+00:00
[2024-07-07T15:30:59.359+0000] {processor.py:183} INFO - Processing /opt/airflow/dags/simple_dag_example.py took 0.164 seconds
[2024-07-07T15:31:29.629+0000] {processor.py:161} INFO - Started process (PID=1987) to work on /opt/airflow/dags/simple_dag_example.py
[2024-07-07T15:31:29.631+0000] {processor.py:830} INFO - Processing file /opt/airflow/dags/simple_dag_example.py for tasks to queue
[2024-07-07T15:31:29.634+0000] {logging_mixin.py:188} INFO - [2024-07-07T15:31:29.633+0000] {dagbag.py:545} INFO - Filling up the DagBag from /opt/airflow/dags/simple_dag_example.py
[2024-07-07T15:31:29.662+0000] {processor.py:840} INFO - DAG(s) 'simple_example' retrieved from /opt/airflow/dags/simple_dag_example.py
[2024-07-07T15:31:29.704+0000] {logging_mixin.py:188} INFO - [2024-07-07T15:31:29.704+0000] {dag.py:3096} INFO - Sync 1 DAGs
[2024-07-07T15:31:29.737+0000] {logging_mixin.py:188} INFO - [2024-07-07T15:31:29.736+0000] {dag.py:3954} INFO - Setting next_dagrun for simple_example to 2024-07-07 00:00:00+00:00, run_after=2024-07-08 00:00:00+00:00
[2024-07-07T15:31:29.768+0000] {processor.py:183} INFO - Processing /opt/airflow/dags/simple_dag_example.py took 0.148 seconds
[2024-07-07T15:32:01.060+0000] {processor.py:161} INFO - Started process (PID=2052) to work on /opt/airflow/dags/simple_dag_example.py
[2024-07-07T15:32:01.163+0000] {processor.py:830} INFO - Processing file /opt/airflow/dags/simple_dag_example.py for tasks to queue
[2024-07-07T15:32:01.356+0000] {logging_mixin.py:188} INFO - [2024-07-07T15:32:01.355+0000] {dagbag.py:545} INFO - Filling up the DagBag from /opt/airflow/dags/simple_dag_example.py
[2024-07-07T15:32:01.608+0000] {processor.py:840} INFO - DAG(s) 'simple_example' retrieved from /opt/airflow/dags/simple_dag_example.py
[2024-07-07T15:32:02.305+0000] {logging_mixin.py:188} INFO - [2024-07-07T15:32:02.304+0000] {dag.py:3096} INFO - Sync 1 DAGs
[2024-07-07T15:32:02.541+0000] {logging_mixin.py:188} INFO - [2024-07-07T15:32:02.540+0000] {dag.py:3954} INFO - Setting next_dagrun for simple_example to 2024-07-07 00:00:00+00:00, run_after=2024-07-08 00:00:00+00:00
[2024-07-07T15:32:03.062+0000] {processor.py:183} INFO - Processing /opt/airflow/dags/simple_dag_example.py took 2.213 seconds
[2024-07-07T15:32:34.539+0000] {processor.py:161} INFO - Started process (PID=2184) to work on /opt/airflow/dags/simple_dag_example.py
[2024-07-07T15:32:34.612+0000] {processor.py:830} INFO - Processing file /opt/airflow/dags/simple_dag_example.py for tasks to queue
[2024-07-07T15:32:34.640+0000] {logging_mixin.py:188} INFO - [2024-07-07T15:32:34.639+0000] {dagbag.py:545} INFO - Filling up the DagBag from /opt/airflow/dags/simple_dag_example.py
[2024-07-07T15:32:34.823+0000] {processor.py:840} INFO - DAG(s) 'simple_example' retrieved from /opt/airflow/dags/simple_dag_example.py
[2024-07-07T15:32:35.164+0000] {logging_mixin.py:188} INFO - [2024-07-07T15:32:35.163+0000] {dag.py:3096} INFO - Sync 1 DAGs
[2024-07-07T15:32:35.491+0000] {logging_mixin.py:188} INFO - [2024-07-07T15:32:35.490+0000] {dag.py:3954} INFO - Setting next_dagrun for simple_example to 2024-07-07 00:00:00+00:00, run_after=2024-07-08 00:00:00+00:00
[2024-07-07T15:32:36.135+0000] {processor.py:183} INFO - Processing /opt/airflow/dags/simple_dag_example.py took 1.650 seconds
