[2024-06-30T05:10:28.851+0000] {local_task_job_runner.py:120} INFO - ::group::Pre task execution logs
[2024-06-30T05:10:28.942+0000] {taskinstance.py:2076} INFO - Dependencies all met for dep_context=non-requeueable deps ti=<TaskInstance: our_first_dag_V3.second_task manual__2024-06-30T05:10:26.067686+00:00 [queued]>
[2024-06-30T05:10:28.976+0000] {taskinstance.py:2076} INFO - Dependencies all met for dep_context=requeueable deps ti=<TaskInstance: our_first_dag_V3.second_task manual__2024-06-30T05:10:26.067686+00:00 [queued]>
[2024-06-30T05:10:28.984+0000] {taskinstance.py:2306} INFO - Starting attempt 1 of 6
[2024-06-30T05:10:29.052+0000] {taskinstance.py:2330} INFO - Executing <Task(BashOperator): second_task> on 2024-06-30 05:10:26.067686+00:00
[2024-06-30T05:10:29.073+0000] {standard_task_runner.py:90} INFO - Running: ['***', 'tasks', 'run', 'our_first_dag_V3', 'second_task', 'manual__2024-06-30T05:10:26.067686+00:00', '--job-id', '9', '--raw', '--subdir', 'DAGS_FOLDER/our_first_dag.py', '--cfg-path', '/tmp/tmp4fhbk6q_']
[2024-06-30T05:10:29.077+0000] {standard_task_runner.py:91} INFO - Job 9: Subtask second_task
[2024-06-30T05:10:29.081+0000] {logging_mixin.py:188} WARNING - /home/***/.local/lib/python3.12/site-packages/***/task/task_runner/standard_task_runner.py:61 DeprecationWarning: This process (pid=928) is multi-threaded, use of fork() may lead to deadlocks in the child.
[2024-06-30T05:10:29.085+0000] {standard_task_runner.py:63} INFO - Started process 931 to run task
[2024-06-30T05:10:29.182+0000] {task_command.py:426} INFO - Running <TaskInstance: our_first_dag_V3.second_task manual__2024-06-30T05:10:26.067686+00:00 [running]> on host cf712bcdd57c
[2024-06-30T05:10:29.355+0000] {taskinstance.py:2648} INFO - Exporting env vars: AIRFLOW_CTX_DAG_OWNER='bavenraj' AIRFLOW_CTX_DAG_ID='our_first_dag_V3' AIRFLOW_CTX_TASK_ID='second_task' AIRFLOW_CTX_EXECUTION_DATE='2024-06-30T05:10:26.067686+00:00' AIRFLOW_CTX_TRY_NUMBER='1' AIRFLOW_CTX_DAG_RUN_ID='manual__2024-06-30T05:10:26.067686+00:00'
[2024-06-30T05:10:29.356+0000] {taskinstance.py:430} INFO - ::endgroup::
[2024-06-30T05:10:29.386+0000] {subprocess.py:63} INFO - Tmp dir root location: /tmp
[2024-06-30T05:10:29.388+0000] {subprocess.py:75} INFO - Running command: ['/usr/bin/bash', '-c', 'echo hey, I am task 2 and will be running after task1 !']
[2024-06-30T05:10:29.405+0000] {subprocess.py:86} INFO - Output:
[2024-06-30T05:10:29.407+0000] {subprocess.py:93} INFO - hey, I am task 2 and will be running after task1 !
[2024-06-30T05:10:29.408+0000] {subprocess.py:97} INFO - Command exited with return code 0
[2024-06-30T05:10:29.410+0000] {taskinstance.py:441} INFO - ::group::Post task execution logs
[2024-06-30T05:10:29.450+0000] {taskinstance.py:1206} INFO - Marking task as SUCCESS. dag_id=our_first_dag_V3, task_id=second_task, run_id=manual__2024-06-30T05:10:26.067686+00:00, execution_date=20240630T051026, start_date=20240630T051028, end_date=20240630T051029
[2024-06-30T05:10:29.504+0000] {local_task_job_runner.py:240} INFO - Task exited with return code 0
[2024-06-30T05:10:29.531+0000] {local_task_job_runner.py:222} INFO - ::endgroup::
