[2024-06-30T05:10:27.468+0000] {local_task_job_runner.py:120} INFO - ::group::Pre task execution logs
[2024-06-30T05:10:27.530+0000] {taskinstance.py:2076} INFO - Dependencies all met for dep_context=non-requeueable deps ti=<TaskInstance: our_first_dag_V3.first_task manual__2024-06-30T05:10:26.067686+00:00 [queued]>
[2024-06-30T05:10:27.545+0000] {taskinstance.py:2076} INFO - Dependencies all met for dep_context=requeueable deps ti=<TaskInstance: our_first_dag_V3.first_task manual__2024-06-30T05:10:26.067686+00:00 [queued]>
[2024-06-30T05:10:27.548+0000] {taskinstance.py:2306} INFO - Starting attempt 1 of 6
[2024-06-30T05:10:27.572+0000] {taskinstance.py:2330} INFO - Executing <Task(BashOperator): first_task> on 2024-06-30 05:10:26.067686+00:00
[2024-06-30T05:10:27.583+0000] {standard_task_runner.py:90} INFO - Running: ['***', 'tasks', 'run', 'our_first_dag_V3', 'first_task', 'manual__2024-06-30T05:10:26.067686+00:00', '--job-id', '8', '--raw', '--subdir', 'DAGS_FOLDER/our_first_dag.py', '--cfg-path', '/tmp/tmpq_8lajd4']
[2024-06-30T05:10:27.586+0000] {standard_task_runner.py:91} INFO - Job 8: Subtask first_task
[2024-06-30T05:10:27.591+0000] {logging_mixin.py:188} WARNING - /home/***/.local/lib/python3.12/site-packages/***/task/task_runner/standard_task_runner.py:61 DeprecationWarning: This process (pid=925) is multi-threaded, use of fork() may lead to deadlocks in the child.
[2024-06-30T05:10:27.592+0000] {standard_task_runner.py:63} INFO - Started process 926 to run task
[2024-06-30T05:10:27.661+0000] {task_command.py:426} INFO - Running <TaskInstance: our_first_dag_V3.first_task manual__2024-06-30T05:10:26.067686+00:00 [running]> on host cf712bcdd57c
[2024-06-30T05:10:27.821+0000] {taskinstance.py:2648} INFO - Exporting env vars: AIRFLOW_CTX_DAG_OWNER='bavenraj' AIRFLOW_CTX_DAG_ID='our_first_dag_V3' AIRFLOW_CTX_TASK_ID='first_task' AIRFLOW_CTX_EXECUTION_DATE='2024-06-30T05:10:26.067686+00:00' AIRFLOW_CTX_TRY_NUMBER='1' AIRFLOW_CTX_DAG_RUN_ID='manual__2024-06-30T05:10:26.067686+00:00'
[2024-06-30T05:10:27.822+0000] {taskinstance.py:430} INFO - ::endgroup::
[2024-06-30T05:10:27.852+0000] {subprocess.py:63} INFO - Tmp dir root location: /tmp
[2024-06-30T05:10:27.854+0000] {subprocess.py:75} INFO - Running command: ['/usr/bin/bash', '-c', 'echo hello world, this is the first task!']
[2024-06-30T05:10:27.870+0000] {subprocess.py:86} INFO - Output:
[2024-06-30T05:10:27.873+0000] {subprocess.py:93} INFO - hello world, this is the first task!
[2024-06-30T05:10:27.874+0000] {subprocess.py:97} INFO - Command exited with return code 0
[2024-06-30T05:10:27.876+0000] {taskinstance.py:441} INFO - ::group::Post task execution logs
[2024-06-30T05:10:27.924+0000] {taskinstance.py:1206} INFO - Marking task as SUCCESS. dag_id=our_first_dag_V3, task_id=first_task, run_id=manual__2024-06-30T05:10:26.067686+00:00, execution_date=20240630T051026, start_date=20240630T051027, end_date=20240630T051027
[2024-06-30T05:10:27.970+0000] {local_task_job_runner.py:240} INFO - Task exited with return code 0
[2024-06-30T05:10:28.037+0000] {taskinstance.py:3503} INFO - 2 downstream tasks scheduled from follow-on schedule check
[2024-06-30T05:10:28.040+0000] {local_task_job_runner.py:222} INFO - ::endgroup::
