[2024-07-07T15:02:25.233+0000] {local_task_job_runner.py:120} INFO - ::group::Pre task execution logs
[2024-07-07T15:02:29.046+0000] {taskinstance.py:2076} INFO - Dependencies all met for dep_context=non-requeueable deps ti=<TaskInstance: DAG_catchup_backfill.task1 scheduled__2024-07-03T00:00:00+00:00 [queued]>
[2024-07-07T15:02:31.185+0000] {taskinstance.py:2076} INFO - Dependencies all met for dep_context=requeueable deps ti=<TaskInstance: DAG_catchup_backfill.task1 scheduled__2024-07-03T00:00:00+00:00 [queued]>
[2024-07-07T15:02:31.226+0000] {taskinstance.py:2306} INFO - Starting attempt 1 of 6
[2024-07-07T15:02:32.077+0000] {taskinstance.py:2330} INFO - Executing <Task(BashOperator): task1> on 2024-07-03 00:00:00+00:00
[2024-07-07T15:02:32.332+0000] {standard_task_runner.py:90} INFO - Running: ['***', 'tasks', 'run', 'DAG_catchup_backfill', 'task1', 'scheduled__2024-07-03T00:00:00+00:00', '--job-id', '75', '--raw', '--subdir', 'DAGS_FOLDER/dag_catchup_backfill.py', '--cfg-path', '/tmp/tmplnw08a_x']
[2024-07-07T15:02:32.343+0000] {standard_task_runner.py:91} INFO - Job 75: Subtask task1
[2024-07-07T15:02:32.592+0000] {logging_mixin.py:188} WARNING - /home/***/.local/lib/python3.12/site-packages/***/task/task_runner/standard_task_runner.py:61 DeprecationWarning: This process (pid=188) is multi-threaded, use of fork() may lead to deadlocks in the child.
[2024-07-07T15:02:32.871+0000] {standard_task_runner.py:63} INFO - Started process 218 to run task
[2024-07-07T15:02:35.349+0000] {task_command.py:426} INFO - Running <TaskInstance: DAG_catchup_backfill.task1 scheduled__2024-07-03T00:00:00+00:00 [running]> on host cf712bcdd57c
[2024-07-07T15:02:40.311+0000] {taskinstance.py:2648} INFO - Exporting env vars: AIRFLOW_CTX_DAG_OWNER='Bavenraj' AIRFLOW_CTX_DAG_ID='DAG_catchup_backfill' AIRFLOW_CTX_TASK_ID='task1' AIRFLOW_CTX_EXECUTION_DATE='2024-07-03T00:00:00+00:00' AIRFLOW_CTX_TRY_NUMBER='1' AIRFLOW_CTX_DAG_RUN_ID='scheduled__2024-07-03T00:00:00+00:00'
[2024-07-07T15:02:40.422+0000] {taskinstance.py:430} INFO - ::endgroup::
[2024-07-07T15:02:41.019+0000] {subprocess.py:63} INFO - Tmp dir root location: /tmp
[2024-07-07T15:02:41.034+0000] {subprocess.py:75} INFO - Running command: ['/usr/bin/bash', '-c', 'echo this is the simple bash command']
[2024-07-07T15:02:41.326+0000] {subprocess.py:86} INFO - Output:
[2024-07-07T15:02:41.355+0000] {subprocess.py:93} INFO - this is the simple bash command
[2024-07-07T15:02:41.372+0000] {subprocess.py:97} INFO - Command exited with return code 0
[2024-07-07T15:02:41.472+0000] {taskinstance.py:441} INFO - ::group::Post task execution logs
[2024-07-07T15:02:42.329+0000] {taskinstance.py:1206} INFO - Marking task as SUCCESS. dag_id=DAG_catchup_backfill, task_id=task1, run_id=scheduled__2024-07-03T00:00:00+00:00, execution_date=20240703T000000, start_date=20240707T150229, end_date=20240707T150242
[2024-07-07T15:02:42.834+0000] {local_task_job_runner.py:240} INFO - Task exited with return code 0
[2024-07-07T15:02:43.078+0000] {taskinstance.py:3503} INFO - 0 downstream tasks scheduled from follow-on schedule check
[2024-07-07T15:02:43.115+0000] {local_task_job_runner.py:222} INFO - ::endgroup::
