[2024-07-07T15:15:12.198+0000] {local_task_job_runner.py:120} INFO - ::group::Pre task execution logs
[2024-07-07T15:15:12.864+0000] {taskinstance.py:2076} INFO - Dependencies all met for dep_context=non-requeueable deps ti=<TaskInstance: simple_example.print_hello scheduled__2024-07-01T00:00:00+00:00 [queued]>
[2024-07-07T15:15:13.015+0000] {taskinstance.py:2076} INFO - Dependencies all met for dep_context=requeueable deps ti=<TaskInstance: simple_example.print_hello scheduled__2024-07-01T00:00:00+00:00 [queued]>
[2024-07-07T15:15:13.029+0000] {taskinstance.py:2306} INFO - Starting attempt 1 of 6
[2024-07-07T15:15:13.208+0000] {taskinstance.py:2330} INFO - Executing <Task(BashOperator): print_hello> on 2024-07-01 00:00:00+00:00
[2024-07-07T15:15:13.247+0000] {standard_task_runner.py:90} INFO - Running: ['***', 'tasks', 'run', 'simple_example', 'print_hello', 'scheduled__2024-07-01T00:00:00+00:00', '--job-id', '129', '--raw', '--subdir', 'DAGS_FOLDER/simple_dag_example.py', '--cfg-path', '/tmp/tmpnvyopb_d']
[2024-07-07T15:15:13.259+0000] {standard_task_runner.py:91} INFO - Job 129: Subtask print_hello
[2024-07-07T15:15:13.312+0000] {logging_mixin.py:188} WARNING - /home/***/.local/lib/python3.12/site-packages/***/task/task_runner/standard_task_runner.py:61 DeprecationWarning: This process (pid=935) is multi-threaded, use of fork() may lead to deadlocks in the child.
[2024-07-07T15:15:13.330+0000] {standard_task_runner.py:63} INFO - Started process 941 to run task
[2024-07-07T15:15:14.098+0000] {task_command.py:426} INFO - Running <TaskInstance: simple_example.print_hello scheduled__2024-07-01T00:00:00+00:00 [running]> on host a10fdcb539f4
[2024-07-07T15:15:15.725+0000] {taskinstance.py:2648} INFO - Exporting env vars: AIRFLOW_CTX_DAG_OWNER='Bavenraj' AIRFLOW_CTX_DAG_ID='simple_example' AIRFLOW_CTX_TASK_ID='print_hello' AIRFLOW_CTX_EXECUTION_DATE='2024-07-01T00:00:00+00:00' AIRFLOW_CTX_TRY_NUMBER='1' AIRFLOW_CTX_DAG_RUN_ID='scheduled__2024-07-01T00:00:00+00:00'
[2024-07-07T15:15:15.727+0000] {taskinstance.py:430} INFO - ::endgroup::
[2024-07-07T15:15:15.942+0000] {subprocess.py:63} INFO - Tmp dir root location: /tmp
[2024-07-07T15:15:16.014+0000] {subprocess.py:75} INFO - Running command: ['/usr/bin/bash', '-c', "echo 'Greetings. the date and time are '"]
[2024-07-07T15:15:16.197+0000] {subprocess.py:86} INFO - Output:
[2024-07-07T15:15:16.201+0000] {subprocess.py:93} INFO - Greetings. the date and time are
[2024-07-07T15:15:16.203+0000] {subprocess.py:97} INFO - Command exited with return code 0
[2024-07-07T15:15:16.205+0000] {taskinstance.py:441} INFO - ::group::Post task execution logs
[2024-07-07T15:15:16.308+0000] {taskinstance.py:1206} INFO - Marking task as SUCCESS. dag_id=simple_example, task_id=print_hello, run_id=scheduled__2024-07-01T00:00:00+00:00, execution_date=20240701T000000, start_date=20240707T151512, end_date=20240707T151516
[2024-07-07T15:15:16.482+0000] {local_task_job_runner.py:240} INFO - Task exited with return code 0
[2024-07-07T15:15:16.615+0000] {taskinstance.py:3503} INFO - 1 downstream tasks scheduled from follow-on schedule check
[2024-07-07T15:15:16.686+0000] {local_task_job_runner.py:222} INFO - ::endgroup::
