[2024-07-07T15:31:55.862+0000] {local_task_job_runner.py:120} INFO - ::group::Pre task execution logs
[2024-07-07T15:31:56.197+0000] {taskinstance.py:2076} INFO - Dependencies all met for dep_context=non-requeueable deps ti=<TaskInstance: sample_etl.extract scheduled__2024-05-13T00:00:00+00:00 [queued]>
[2024-07-07T15:31:56.348+0000] {taskinstance.py:2076} INFO - Dependencies all met for dep_context=requeueable deps ti=<TaskInstance: sample_etl.extract scheduled__2024-05-13T00:00:00+00:00 [queued]>
[2024-07-07T15:31:56.368+0000] {taskinstance.py:2306} INFO - Starting attempt 1 of 2
[2024-07-07T15:31:56.761+0000] {taskinstance.py:2330} INFO - Executing <Task(BashOperator): extract> on 2024-05-13 00:00:00+00:00
[2024-07-07T15:31:57.020+0000] {logging_mixin.py:188} WARNING - /home/***/.local/lib/python3.12/site-packages/***/task/task_runner/standard_task_runner.py:61 DeprecationWarning: This process (pid=2030) is multi-threaded, use of fork() may lead to deadlocks in the child.
[2024-07-07T15:31:57.139+0000] {standard_task_runner.py:63} INFO - Started process 2043 to run task
[2024-07-07T15:31:57.130+0000] {standard_task_runner.py:90} INFO - Running: ['***', 'tasks', 'run', 'sample_etl', 'extract', 'scheduled__2024-05-13T00:00:00+00:00', '--job-id', '147', '--raw', '--subdir', 'DAGS_FOLDER/etl_sample.py', '--cfg-path', '/tmp/tmpofa0pp7d']
[2024-07-07T15:31:57.197+0000] {standard_task_runner.py:91} INFO - Job 147: Subtask extract
[2024-07-07T15:31:57.994+0000] {task_command.py:426} INFO - Running <TaskInstance: sample_etl.extract scheduled__2024-05-13T00:00:00+00:00 [running]> on host a10fdcb539f4
[2024-07-07T15:31:59.458+0000] {taskinstance.py:2648} INFO - Exporting env vars: AIRFLOW_CTX_DAG_OWNER='baven' AIRFLOW_CTX_DAG_ID='sample_etl' AIRFLOW_CTX_TASK_ID='extract' AIRFLOW_CTX_EXECUTION_DATE='2024-05-13T00:00:00+00:00' AIRFLOW_CTX_TRY_NUMBER='1' AIRFLOW_CTX_DAG_RUN_ID='scheduled__2024-05-13T00:00:00+00:00'
[2024-07-07T15:31:59.475+0000] {taskinstance.py:430} INFO - ::endgroup::
[2024-07-07T15:31:59.914+0000] {subprocess.py:63} INFO - Tmp dir root location: /tmp
[2024-07-07T15:31:59.946+0000] {subprocess.py:75} INFO - Running command: ['/usr/bin/bash', '-c', 'echo "extract"']
[2024-07-07T15:32:00.395+0000] {subprocess.py:86} INFO - Output:
[2024-07-07T15:32:00.415+0000] {subprocess.py:93} INFO - extract
[2024-07-07T15:32:00.433+0000] {subprocess.py:97} INFO - Command exited with return code 0
[2024-07-07T15:32:00.436+0000] {taskinstance.py:441} INFO - ::group::Post task execution logs
[2024-07-07T15:32:00.838+0000] {taskinstance.py:1206} INFO - Marking task as SUCCESS. dag_id=sample_etl, task_id=extract, run_id=scheduled__2024-05-13T00:00:00+00:00, execution_date=20240513T000000, start_date=20240707T153156, end_date=20240707T153200
[2024-07-07T15:32:01.158+0000] {local_task_job_runner.py:240} INFO - Task exited with return code 0
[2024-07-07T15:32:01.255+0000] {local_task_job_runner.py:222} INFO - ::endgroup::
