[2024-06-30T06:46:42.037+0000] {processor.py:161} INFO - Started process (PID=3603) to work on /opt/airflow/dags/dag_taskflow_api.py
[2024-06-30T06:46:42.040+0000] {processor.py:830} INFO - Processing file /opt/airflow/dags/dag_taskflow_api.py for tasks to queue
[2024-06-30T06:46:42.046+0000] {logging_mixin.py:188} INFO - [2024-06-30T06:46:42.042+0000] {dagbag.py:545} INFO - Filling up the DagBag from /opt/airflow/dags/dag_taskflow_api.py
[2024-06-30T06:46:42.107+0000] {processor.py:840} INFO - DAG(s) 'dag_taskflow_api' retrieved from /opt/airflow/dags/dag_taskflow_api.py
[2024-06-30T06:46:42.300+0000] {logging_mixin.py:188} INFO - [2024-06-30T06:46:42.299+0000] {override.py:1829} INFO - Created Permission View: can edit on DAG:dag_taskflow_api
[2024-06-30T06:46:42.317+0000] {logging_mixin.py:188} INFO - [2024-06-30T06:46:42.316+0000] {override.py:1829} INFO - Created Permission View: can delete on DAG:dag_taskflow_api
[2024-06-30T06:46:42.327+0000] {logging_mixin.py:188} INFO - [2024-06-30T06:46:42.326+0000] {override.py:1829} INFO - Created Permission View: can read on DAG:dag_taskflow_api
[2024-06-30T06:46:42.328+0000] {logging_mixin.py:188} INFO - [2024-06-30T06:46:42.327+0000] {dag.py:3096} INFO - Sync 1 DAGs
[2024-06-30T06:46:42.344+0000] {logging_mixin.py:188} INFO - [2024-06-30T06:46:42.344+0000] {dag.py:3118} INFO - Creating ORM DAG for dag_taskflow_api
[2024-06-30T06:46:42.363+0000] {logging_mixin.py:188} INFO - [2024-06-30T06:46:42.363+0000] {dag.py:3954} INFO - Setting next_dagrun for dag_taskflow_api to 2024-06-29 00:00:00+00:00, run_after=2024-06-30 00:00:00+00:00
[2024-06-30T06:46:42.388+0000] {processor.py:183} INFO - Processing /opt/airflow/dags/dag_taskflow_api.py took 0.366 seconds
[2024-06-30T06:47:12.624+0000] {processor.py:161} INFO - Started process (PID=3624) to work on /opt/airflow/dags/dag_taskflow_api.py
[2024-06-30T06:47:12.626+0000] {processor.py:830} INFO - Processing file /opt/airflow/dags/dag_taskflow_api.py for tasks to queue
[2024-06-30T06:47:12.627+0000] {logging_mixin.py:188} INFO - [2024-06-30T06:47:12.627+0000] {dagbag.py:545} INFO - Filling up the DagBag from /opt/airflow/dags/dag_taskflow_api.py
[2024-06-30T06:47:12.658+0000] {processor.py:840} INFO - DAG(s) 'dag_taskflow_api' retrieved from /opt/airflow/dags/dag_taskflow_api.py
[2024-06-30T06:47:12.731+0000] {logging_mixin.py:188} INFO - [2024-06-30T06:47:12.731+0000] {dag.py:3096} INFO - Sync 1 DAGs
[2024-06-30T06:47:12.789+0000] {logging_mixin.py:188} INFO - [2024-06-30T06:47:12.789+0000] {dag.py:3954} INFO - Setting next_dagrun for dag_taskflow_api to 2024-06-29 00:00:00+00:00, run_after=2024-06-30 00:00:00+00:00
[2024-06-30T06:47:12.837+0000] {processor.py:183} INFO - Processing /opt/airflow/dags/dag_taskflow_api.py took 0.219 seconds
[2024-06-30T06:47:43.664+0000] {processor.py:161} INFO - Started process (PID=3659) to work on /opt/airflow/dags/dag_taskflow_api.py
[2024-06-30T06:47:43.667+0000] {processor.py:830} INFO - Processing file /opt/airflow/dags/dag_taskflow_api.py for tasks to queue
[2024-06-30T06:47:43.669+0000] {logging_mixin.py:188} INFO - [2024-06-30T06:47:43.668+0000] {dagbag.py:545} INFO - Filling up the DagBag from /opt/airflow/dags/dag_taskflow_api.py
[2024-06-30T06:47:43.726+0000] {processor.py:840} INFO - DAG(s) 'dag_taskflow_api' retrieved from /opt/airflow/dags/dag_taskflow_api.py
[2024-06-30T06:47:43.792+0000] {logging_mixin.py:188} INFO - [2024-06-30T06:47:43.791+0000] {dag.py:3096} INFO - Sync 1 DAGs
[2024-06-30T06:47:43.845+0000] {logging_mixin.py:188} INFO - [2024-06-30T06:47:43.844+0000] {dag.py:3954} INFO - Setting next_dagrun for dag_taskflow_api to 2024-06-30 00:00:00+00:00, run_after=2024-07-01 00:00:00+00:00
[2024-06-30T06:47:43.886+0000] {processor.py:183} INFO - Processing /opt/airflow/dags/dag_taskflow_api.py took 0.237 seconds
[2024-06-30T06:48:14.437+0000] {processor.py:161} INFO - Started process (PID=3680) to work on /opt/airflow/dags/dag_taskflow_api.py
[2024-06-30T06:48:14.439+0000] {processor.py:830} INFO - Processing file /opt/airflow/dags/dag_taskflow_api.py for tasks to queue
[2024-06-30T06:48:14.440+0000] {logging_mixin.py:188} INFO - [2024-06-30T06:48:14.440+0000] {dagbag.py:545} INFO - Filling up the DagBag from /opt/airflow/dags/dag_taskflow_api.py
[2024-06-30T06:48:14.464+0000] {processor.py:840} INFO - DAG(s) 'dag_taskflow_api' retrieved from /opt/airflow/dags/dag_taskflow_api.py
[2024-06-30T06:48:14.503+0000] {logging_mixin.py:188} INFO - [2024-06-30T06:48:14.502+0000] {dag.py:3096} INFO - Sync 1 DAGs
[2024-06-30T06:48:14.535+0000] {logging_mixin.py:188} INFO - [2024-06-30T06:48:14.534+0000] {dag.py:3954} INFO - Setting next_dagrun for dag_taskflow_api to 2024-06-30 00:00:00+00:00, run_after=2024-07-01 00:00:00+00:00
[2024-06-30T06:48:14.565+0000] {processor.py:183} INFO - Processing /opt/airflow/dags/dag_taskflow_api.py took 0.134 seconds
[2024-06-30T06:48:45.038+0000] {processor.py:161} INFO - Started process (PID=3701) to work on /opt/airflow/dags/dag_taskflow_api.py
[2024-06-30T06:48:45.040+0000] {processor.py:830} INFO - Processing file /opt/airflow/dags/dag_taskflow_api.py for tasks to queue
[2024-06-30T06:48:45.041+0000] {logging_mixin.py:188} INFO - [2024-06-30T06:48:45.041+0000] {dagbag.py:545} INFO - Filling up the DagBag from /opt/airflow/dags/dag_taskflow_api.py
[2024-06-30T06:48:45.070+0000] {processor.py:840} INFO - DAG(s) 'dag_taskflow_api' retrieved from /opt/airflow/dags/dag_taskflow_api.py
[2024-06-30T06:48:45.112+0000] {logging_mixin.py:188} INFO - [2024-06-30T06:48:45.111+0000] {dag.py:3096} INFO - Sync 1 DAGs
[2024-06-30T06:48:45.144+0000] {logging_mixin.py:188} INFO - [2024-06-30T06:48:45.143+0000] {dag.py:3954} INFO - Setting next_dagrun for dag_taskflow_api to 2024-06-30 00:00:00+00:00, run_after=2024-07-01 00:00:00+00:00
[2024-06-30T06:48:45.180+0000] {processor.py:183} INFO - Processing /opt/airflow/dags/dag_taskflow_api.py took 0.149 seconds
[2024-06-30T06:49:15.737+0000] {processor.py:161} INFO - Started process (PID=3722) to work on /opt/airflow/dags/dag_taskflow_api.py
[2024-06-30T06:49:15.739+0000] {processor.py:830} INFO - Processing file /opt/airflow/dags/dag_taskflow_api.py for tasks to queue
[2024-06-30T06:49:15.740+0000] {logging_mixin.py:188} INFO - [2024-06-30T06:49:15.740+0000] {dagbag.py:545} INFO - Filling up the DagBag from /opt/airflow/dags/dag_taskflow_api.py
[2024-06-30T06:49:15.767+0000] {processor.py:840} INFO - DAG(s) 'dag_taskflow_api' retrieved from /opt/airflow/dags/dag_taskflow_api.py
[2024-06-30T06:49:15.835+0000] {logging_mixin.py:188} INFO - [2024-06-30T06:49:15.835+0000] {dag.py:3096} INFO - Sync 1 DAGs
[2024-06-30T06:49:15.927+0000] {logging_mixin.py:188} INFO - [2024-06-30T06:49:15.926+0000] {dag.py:3954} INFO - Setting next_dagrun for dag_taskflow_api to 2024-06-30 00:00:00+00:00, run_after=2024-07-01 00:00:00+00:00
[2024-06-30T06:49:15.958+0000] {processor.py:183} INFO - Processing /opt/airflow/dags/dag_taskflow_api.py took 0.227 seconds
[2024-06-30T06:49:46.525+0000] {processor.py:161} INFO - Started process (PID=3743) to work on /opt/airflow/dags/dag_taskflow_api.py
[2024-06-30T06:49:46.527+0000] {processor.py:830} INFO - Processing file /opt/airflow/dags/dag_taskflow_api.py for tasks to queue
[2024-06-30T06:49:46.528+0000] {logging_mixin.py:188} INFO - [2024-06-30T06:49:46.528+0000] {dagbag.py:545} INFO - Filling up the DagBag from /opt/airflow/dags/dag_taskflow_api.py
[2024-06-30T06:49:46.556+0000] {processor.py:840} INFO - DAG(s) 'dag_taskflow_api' retrieved from /opt/airflow/dags/dag_taskflow_api.py
[2024-06-30T06:49:46.598+0000] {logging_mixin.py:188} INFO - [2024-06-30T06:49:46.598+0000] {dag.py:3096} INFO - Sync 1 DAGs
[2024-06-30T06:49:46.664+0000] {logging_mixin.py:188} INFO - [2024-06-30T06:49:46.664+0000] {dag.py:3954} INFO - Setting next_dagrun for dag_taskflow_api to 2024-06-30 00:00:00+00:00, run_after=2024-07-01 00:00:00+00:00
[2024-06-30T06:49:46.704+0000] {processor.py:183} INFO - Processing /opt/airflow/dags/dag_taskflow_api.py took 0.187 seconds
[2024-06-30T06:50:17.127+0000] {processor.py:161} INFO - Started process (PID=3764) to work on /opt/airflow/dags/dag_taskflow_api.py
[2024-06-30T06:50:17.128+0000] {processor.py:830} INFO - Processing file /opt/airflow/dags/dag_taskflow_api.py for tasks to queue
[2024-06-30T06:50:17.130+0000] {logging_mixin.py:188} INFO - [2024-06-30T06:50:17.129+0000] {dagbag.py:545} INFO - Filling up the DagBag from /opt/airflow/dags/dag_taskflow_api.py
[2024-06-30T06:50:17.155+0000] {processor.py:840} INFO - DAG(s) 'dag_taskflow_api' retrieved from /opt/airflow/dags/dag_taskflow_api.py
[2024-06-30T06:50:17.193+0000] {logging_mixin.py:188} INFO - [2024-06-30T06:50:17.193+0000] {dag.py:3096} INFO - Sync 1 DAGs
[2024-06-30T06:50:17.225+0000] {logging_mixin.py:188} INFO - [2024-06-30T06:50:17.224+0000] {dag.py:3954} INFO - Setting next_dagrun for dag_taskflow_api to 2024-06-30 00:00:00+00:00, run_after=2024-07-01 00:00:00+00:00
[2024-06-30T06:50:17.261+0000] {processor.py:183} INFO - Processing /opt/airflow/dags/dag_taskflow_api.py took 0.141 seconds
[2024-06-30T06:50:47.635+0000] {processor.py:161} INFO - Started process (PID=3785) to work on /opt/airflow/dags/dag_taskflow_api.py
[2024-06-30T06:50:47.636+0000] {processor.py:830} INFO - Processing file /opt/airflow/dags/dag_taskflow_api.py for tasks to queue
[2024-06-30T06:50:47.637+0000] {logging_mixin.py:188} INFO - [2024-06-30T06:50:47.637+0000] {dagbag.py:545} INFO - Filling up the DagBag from /opt/airflow/dags/dag_taskflow_api.py
[2024-06-30T06:50:47.664+0000] {processor.py:840} INFO - DAG(s) 'dag_taskflow_api' retrieved from /opt/airflow/dags/dag_taskflow_api.py
[2024-06-30T06:50:47.700+0000] {logging_mixin.py:188} INFO - [2024-06-30T06:50:47.699+0000] {dag.py:3096} INFO - Sync 1 DAGs
[2024-06-30T06:50:47.729+0000] {logging_mixin.py:188} INFO - [2024-06-30T06:50:47.729+0000] {dag.py:3954} INFO - Setting next_dagrun for dag_taskflow_api to 2024-06-30 00:00:00+00:00, run_after=2024-07-01 00:00:00+00:00
[2024-06-30T06:50:47.767+0000] {processor.py:183} INFO - Processing /opt/airflow/dags/dag_taskflow_api.py took 0.140 seconds
[2024-06-30T06:51:10.290+0000] {processor.py:161} INFO - Started process (PID=3802) to work on /opt/airflow/dags/dag_taskflow_api.py
[2024-06-30T06:51:10.293+0000] {processor.py:830} INFO - Processing file /opt/airflow/dags/dag_taskflow_api.py for tasks to queue
[2024-06-30T06:51:10.306+0000] {logging_mixin.py:188} INFO - [2024-06-30T06:51:10.306+0000] {dagbag.py:545} INFO - Filling up the DagBag from /opt/airflow/dags/dag_taskflow_api.py
[2024-06-30T06:51:10.724+0000] {processor.py:840} INFO - DAG(s) 'dag_taskflow_api' retrieved from /opt/airflow/dags/dag_taskflow_api.py
[2024-06-30T06:51:11.501+0000] {logging_mixin.py:188} INFO - [2024-06-30T06:51:11.500+0000] {dag.py:3096} INFO - Sync 1 DAGs
[2024-06-30T06:51:11.546+0000] {logging_mixin.py:188} INFO - [2024-06-30T06:51:11.546+0000] {dag.py:3954} INFO - Setting next_dagrun for dag_taskflow_api to 2024-06-30 00:00:00+00:00, run_after=2024-07-01 00:00:00+00:00
[2024-06-30T06:51:11.603+0000] {processor.py:183} INFO - Processing /opt/airflow/dags/dag_taskflow_api.py took 1.327 seconds
[2024-06-30T06:51:41.766+0000] {processor.py:161} INFO - Started process (PID=3829) to work on /opt/airflow/dags/dag_taskflow_api.py
[2024-06-30T06:51:41.777+0000] {processor.py:830} INFO - Processing file /opt/airflow/dags/dag_taskflow_api.py for tasks to queue
[2024-06-30T06:51:41.780+0000] {logging_mixin.py:188} INFO - [2024-06-30T06:51:41.779+0000] {dagbag.py:545} INFO - Filling up the DagBag from /opt/airflow/dags/dag_taskflow_api.py
[2024-06-30T06:51:41.847+0000] {processor.py:840} INFO - DAG(s) 'dag_taskflow_api' retrieved from /opt/airflow/dags/dag_taskflow_api.py
[2024-06-30T06:51:41.894+0000] {logging_mixin.py:188} INFO - [2024-06-30T06:51:41.894+0000] {dag.py:3096} INFO - Sync 1 DAGs
[2024-06-30T06:51:41.938+0000] {logging_mixin.py:188} INFO - [2024-06-30T06:51:41.934+0000] {dag.py:3954} INFO - Setting next_dagrun for dag_taskflow_api to 2024-06-30 00:00:00+00:00, run_after=2024-07-01 00:00:00+00:00
[2024-06-30T06:51:41.973+0000] {processor.py:183} INFO - Processing /opt/airflow/dags/dag_taskflow_api.py took 0.222 seconds
[2024-06-30T06:52:12.627+0000] {processor.py:161} INFO - Started process (PID=3850) to work on /opt/airflow/dags/dag_taskflow_api.py
[2024-06-30T06:52:12.632+0000] {processor.py:830} INFO - Processing file /opt/airflow/dags/dag_taskflow_api.py for tasks to queue
[2024-06-30T06:52:12.635+0000] {logging_mixin.py:188} INFO - [2024-06-30T06:52:12.634+0000] {dagbag.py:545} INFO - Filling up the DagBag from /opt/airflow/dags/dag_taskflow_api.py
[2024-06-30T06:52:12.683+0000] {processor.py:840} INFO - DAG(s) 'dag_taskflow_api' retrieved from /opt/airflow/dags/dag_taskflow_api.py
[2024-06-30T06:52:12.760+0000] {logging_mixin.py:188} INFO - [2024-06-30T06:52:12.760+0000] {dag.py:3096} INFO - Sync 1 DAGs
[2024-06-30T06:52:12.846+0000] {logging_mixin.py:188} INFO - [2024-06-30T06:52:12.846+0000] {dag.py:3954} INFO - Setting next_dagrun for dag_taskflow_api to 2024-06-30 00:00:00+00:00, run_after=2024-07-01 00:00:00+00:00
[2024-06-30T06:52:12.923+0000] {processor.py:183} INFO - Processing /opt/airflow/dags/dag_taskflow_api.py took 0.309 seconds
[2024-06-30T06:52:43.079+0000] {processor.py:161} INFO - Started process (PID=3871) to work on /opt/airflow/dags/dag_taskflow_api.py
[2024-06-30T06:52:43.082+0000] {processor.py:830} INFO - Processing file /opt/airflow/dags/dag_taskflow_api.py for tasks to queue
[2024-06-30T06:52:43.084+0000] {logging_mixin.py:188} INFO - [2024-06-30T06:52:43.083+0000] {dagbag.py:545} INFO - Filling up the DagBag from /opt/airflow/dags/dag_taskflow_api.py
[2024-06-30T06:52:43.131+0000] {processor.py:840} INFO - DAG(s) 'dag_taskflow_api' retrieved from /opt/airflow/dags/dag_taskflow_api.py
[2024-06-30T06:52:43.188+0000] {logging_mixin.py:188} INFO - [2024-06-30T06:52:43.188+0000] {dag.py:3096} INFO - Sync 1 DAGs
[2024-06-30T06:52:43.233+0000] {logging_mixin.py:188} INFO - [2024-06-30T06:52:43.233+0000] {dag.py:3954} INFO - Setting next_dagrun for dag_taskflow_api to 2024-06-30 00:00:00+00:00, run_after=2024-07-01 00:00:00+00:00
[2024-06-30T06:52:43.269+0000] {processor.py:183} INFO - Processing /opt/airflow/dags/dag_taskflow_api.py took 0.205 seconds
[2024-06-30T06:53:13.854+0000] {processor.py:161} INFO - Started process (PID=3892) to work on /opt/airflow/dags/dag_taskflow_api.py
[2024-06-30T06:53:13.856+0000] {processor.py:830} INFO - Processing file /opt/airflow/dags/dag_taskflow_api.py for tasks to queue
[2024-06-30T06:53:13.858+0000] {logging_mixin.py:188} INFO - [2024-06-30T06:53:13.858+0000] {dagbag.py:545} INFO - Filling up the DagBag from /opt/airflow/dags/dag_taskflow_api.py
[2024-06-30T06:53:13.899+0000] {processor.py:840} INFO - DAG(s) 'dag_taskflow_api' retrieved from /opt/airflow/dags/dag_taskflow_api.py
[2024-06-30T06:53:13.973+0000] {logging_mixin.py:188} INFO - [2024-06-30T06:53:13.972+0000] {dag.py:3096} INFO - Sync 1 DAGs
[2024-06-30T06:53:14.034+0000] {logging_mixin.py:188} INFO - [2024-06-30T06:53:14.033+0000] {dag.py:3954} INFO - Setting next_dagrun for dag_taskflow_api to 2024-06-30 00:00:00+00:00, run_after=2024-07-01 00:00:00+00:00
[2024-06-30T06:53:14.080+0000] {processor.py:183} INFO - Processing /opt/airflow/dags/dag_taskflow_api.py took 0.238 seconds
[2024-06-30T06:53:27.644+0000] {processor.py:161} INFO - Started process (PID=3907) to work on /opt/airflow/dags/dag_taskflow_api.py
[2024-06-30T06:53:27.645+0000] {processor.py:830} INFO - Processing file /opt/airflow/dags/dag_taskflow_api.py for tasks to queue
[2024-06-30T06:53:27.646+0000] {logging_mixin.py:188} INFO - [2024-06-30T06:53:27.645+0000] {dagbag.py:545} INFO - Filling up the DagBag from /opt/airflow/dags/dag_taskflow_api.py
[2024-06-30T06:53:27.685+0000] {processor.py:840} INFO - DAG(s) 'dag_taskflow_api' retrieved from /opt/airflow/dags/dag_taskflow_api.py
[2024-06-30T06:53:27.721+0000] {logging_mixin.py:188} INFO - [2024-06-30T06:53:27.721+0000] {dag.py:3096} INFO - Sync 1 DAGs
[2024-06-30T06:53:27.751+0000] {logging_mixin.py:188} INFO - [2024-06-30T06:53:27.751+0000] {dag.py:3954} INFO - Setting next_dagrun for dag_taskflow_api to 2024-06-30 00:00:00+00:00, run_after=2024-07-01 00:00:00+00:00
[2024-06-30T06:53:27.785+0000] {processor.py:183} INFO - Processing /opt/airflow/dags/dag_taskflow_api.py took 0.151 seconds
[2024-06-30T06:53:58.011+0000] {processor.py:161} INFO - Started process (PID=3928) to work on /opt/airflow/dags/dag_taskflow_api.py
[2024-06-30T06:53:58.012+0000] {processor.py:830} INFO - Processing file /opt/airflow/dags/dag_taskflow_api.py for tasks to queue
[2024-06-30T06:53:58.014+0000] {logging_mixin.py:188} INFO - [2024-06-30T06:53:58.014+0000] {dagbag.py:545} INFO - Filling up the DagBag from /opt/airflow/dags/dag_taskflow_api.py
[2024-06-30T06:53:58.039+0000] {processor.py:840} INFO - DAG(s) 'dag_taskflow_api' retrieved from /opt/airflow/dags/dag_taskflow_api.py
[2024-06-30T06:53:58.076+0000] {logging_mixin.py:188} INFO - [2024-06-30T06:53:58.075+0000] {dag.py:3096} INFO - Sync 1 DAGs
[2024-06-30T06:53:58.124+0000] {logging_mixin.py:188} INFO - [2024-06-30T06:53:58.124+0000] {dag.py:3954} INFO - Setting next_dagrun for dag_taskflow_api to 2024-06-30 00:00:00+00:00, run_after=2024-07-01 00:00:00+00:00
[2024-06-30T06:53:58.160+0000] {processor.py:183} INFO - Processing /opt/airflow/dags/dag_taskflow_api.py took 0.156 seconds
[2024-06-30T06:54:28.845+0000] {processor.py:161} INFO - Started process (PID=3949) to work on /opt/airflow/dags/dag_taskflow_api.py
[2024-06-30T06:54:28.848+0000] {processor.py:830} INFO - Processing file /opt/airflow/dags/dag_taskflow_api.py for tasks to queue
[2024-06-30T06:54:28.850+0000] {logging_mixin.py:188} INFO - [2024-06-30T06:54:28.849+0000] {dagbag.py:545} INFO - Filling up the DagBag from /opt/airflow/dags/dag_taskflow_api.py
[2024-06-30T06:54:28.922+0000] {processor.py:840} INFO - DAG(s) 'dag_taskflow_api' retrieved from /opt/airflow/dags/dag_taskflow_api.py
[2024-06-30T06:54:29.006+0000] {logging_mixin.py:188} INFO - [2024-06-30T06:54:29.006+0000] {dag.py:3096} INFO - Sync 1 DAGs
[2024-06-30T06:54:29.086+0000] {logging_mixin.py:188} INFO - [2024-06-30T06:54:29.086+0000] {dag.py:3954} INFO - Setting next_dagrun for dag_taskflow_api to 2024-06-30 00:00:00+00:00, run_after=2024-07-01 00:00:00+00:00
[2024-06-30T06:54:29.136+0000] {processor.py:183} INFO - Processing /opt/airflow/dags/dag_taskflow_api.py took 0.309 seconds
[2024-06-30T06:54:59.313+0000] {processor.py:161} INFO - Started process (PID=3970) to work on /opt/airflow/dags/dag_taskflow_api.py
[2024-06-30T06:54:59.315+0000] {processor.py:830} INFO - Processing file /opt/airflow/dags/dag_taskflow_api.py for tasks to queue
[2024-06-30T06:54:59.317+0000] {logging_mixin.py:188} INFO - [2024-06-30T06:54:59.316+0000] {dagbag.py:545} INFO - Filling up the DagBag from /opt/airflow/dags/dag_taskflow_api.py
[2024-06-30T06:54:59.350+0000] {processor.py:840} INFO - DAG(s) 'dag_taskflow_api' retrieved from /opt/airflow/dags/dag_taskflow_api.py
[2024-06-30T06:54:59.397+0000] {logging_mixin.py:188} INFO - [2024-06-30T06:54:59.396+0000] {dag.py:3096} INFO - Sync 1 DAGs
[2024-06-30T06:54:59.435+0000] {logging_mixin.py:188} INFO - [2024-06-30T06:54:59.435+0000] {dag.py:3954} INFO - Setting next_dagrun for dag_taskflow_api to 2024-06-30 00:00:00+00:00, run_after=2024-07-01 00:00:00+00:00
[2024-06-30T06:54:59.471+0000] {processor.py:183} INFO - Processing /opt/airflow/dags/dag_taskflow_api.py took 0.167 seconds
[2024-06-30T06:55:29.703+0000] {processor.py:161} INFO - Started process (PID=3991) to work on /opt/airflow/dags/dag_taskflow_api.py
[2024-06-30T06:55:29.705+0000] {processor.py:830} INFO - Processing file /opt/airflow/dags/dag_taskflow_api.py for tasks to queue
[2024-06-30T06:55:29.708+0000] {logging_mixin.py:188} INFO - [2024-06-30T06:55:29.706+0000] {dagbag.py:545} INFO - Filling up the DagBag from /opt/airflow/dags/dag_taskflow_api.py
[2024-06-30T06:55:29.826+0000] {processor.py:840} INFO - DAG(s) 'dag_taskflow_api' retrieved from /opt/airflow/dags/dag_taskflow_api.py
[2024-06-30T06:55:29.953+0000] {logging_mixin.py:188} INFO - [2024-06-30T06:55:29.952+0000] {dag.py:3096} INFO - Sync 1 DAGs
[2024-06-30T06:55:30.015+0000] {logging_mixin.py:188} INFO - [2024-06-30T06:55:30.015+0000] {dag.py:3954} INFO - Setting next_dagrun for dag_taskflow_api to 2024-06-30 00:00:00+00:00, run_after=2024-07-01 00:00:00+00:00
[2024-06-30T06:55:30.068+0000] {processor.py:183} INFO - Processing /opt/airflow/dags/dag_taskflow_api.py took 0.386 seconds
[2024-06-30T06:56:00.292+0000] {processor.py:161} INFO - Started process (PID=4012) to work on /opt/airflow/dags/dag_taskflow_api.py
[2024-06-30T06:56:00.293+0000] {processor.py:830} INFO - Processing file /opt/airflow/dags/dag_taskflow_api.py for tasks to queue
[2024-06-30T06:56:00.295+0000] {logging_mixin.py:188} INFO - [2024-06-30T06:56:00.294+0000] {dagbag.py:545} INFO - Filling up the DagBag from /opt/airflow/dags/dag_taskflow_api.py
[2024-06-30T06:56:00.320+0000] {processor.py:840} INFO - DAG(s) 'dag_taskflow_api' retrieved from /opt/airflow/dags/dag_taskflow_api.py
[2024-06-30T06:56:00.358+0000] {logging_mixin.py:188} INFO - [2024-06-30T06:56:00.357+0000] {dag.py:3096} INFO - Sync 1 DAGs
[2024-06-30T06:56:00.390+0000] {logging_mixin.py:188} INFO - [2024-06-30T06:56:00.390+0000] {dag.py:3954} INFO - Setting next_dagrun for dag_taskflow_api to 2024-06-30 00:00:00+00:00, run_after=2024-07-01 00:00:00+00:00
[2024-06-30T06:56:00.432+0000] {processor.py:183} INFO - Processing /opt/airflow/dags/dag_taskflow_api.py took 0.146 seconds
[2024-06-30T06:56:31.027+0000] {processor.py:161} INFO - Started process (PID=4032) to work on /opt/airflow/dags/dag_taskflow_api.py
[2024-06-30T06:56:31.028+0000] {processor.py:830} INFO - Processing file /opt/airflow/dags/dag_taskflow_api.py for tasks to queue
[2024-06-30T06:56:31.031+0000] {logging_mixin.py:188} INFO - [2024-06-30T06:56:31.030+0000] {dagbag.py:545} INFO - Filling up the DagBag from /opt/airflow/dags/dag_taskflow_api.py
[2024-06-30T06:56:31.086+0000] {processor.py:840} INFO - DAG(s) 'dag_taskflow_api' retrieved from /opt/airflow/dags/dag_taskflow_api.py
[2024-06-30T06:56:31.166+0000] {logging_mixin.py:188} INFO - [2024-06-30T06:56:31.165+0000] {dag.py:3096} INFO - Sync 1 DAGs
[2024-06-30T06:56:31.205+0000] {logging_mixin.py:188} INFO - [2024-06-30T06:56:31.205+0000] {dag.py:3954} INFO - Setting next_dagrun for dag_taskflow_api to 2024-06-30 00:00:00+00:00, run_after=2024-07-01 00:00:00+00:00
[2024-06-30T06:56:31.236+0000] {processor.py:183} INFO - Processing /opt/airflow/dags/dag_taskflow_api.py took 0.222 seconds
[2024-06-30T06:57:01.916+0000] {processor.py:161} INFO - Started process (PID=4053) to work on /opt/airflow/dags/dag_taskflow_api.py
[2024-06-30T06:57:01.918+0000] {processor.py:830} INFO - Processing file /opt/airflow/dags/dag_taskflow_api.py for tasks to queue
[2024-06-30T06:57:01.919+0000] {logging_mixin.py:188} INFO - [2024-06-30T06:57:01.918+0000] {dagbag.py:545} INFO - Filling up the DagBag from /opt/airflow/dags/dag_taskflow_api.py
[2024-06-30T06:57:01.949+0000] {processor.py:840} INFO - DAG(s) 'dag_taskflow_api' retrieved from /opt/airflow/dags/dag_taskflow_api.py
[2024-06-30T06:57:01.990+0000] {logging_mixin.py:188} INFO - [2024-06-30T06:57:01.990+0000] {dag.py:3096} INFO - Sync 1 DAGs
[2024-06-30T06:57:02.026+0000] {logging_mixin.py:188} INFO - [2024-06-30T06:57:02.026+0000] {dag.py:3954} INFO - Setting next_dagrun for dag_taskflow_api to 2024-06-30 00:00:00+00:00, run_after=2024-07-01 00:00:00+00:00
[2024-06-30T06:57:02.068+0000] {processor.py:183} INFO - Processing /opt/airflow/dags/dag_taskflow_api.py took 0.158 seconds
[2024-06-30T06:57:32.583+0000] {processor.py:161} INFO - Started process (PID=4074) to work on /opt/airflow/dags/dag_taskflow_api.py
[2024-06-30T06:57:32.585+0000] {processor.py:830} INFO - Processing file /opt/airflow/dags/dag_taskflow_api.py for tasks to queue
[2024-06-30T06:57:32.587+0000] {logging_mixin.py:188} INFO - [2024-06-30T06:57:32.586+0000] {dagbag.py:545} INFO - Filling up the DagBag from /opt/airflow/dags/dag_taskflow_api.py
[2024-06-30T06:57:32.626+0000] {processor.py:840} INFO - DAG(s) 'dag_taskflow_api' retrieved from /opt/airflow/dags/dag_taskflow_api.py
[2024-06-30T06:57:32.665+0000] {logging_mixin.py:188} INFO - [2024-06-30T06:57:32.664+0000] {dag.py:3096} INFO - Sync 1 DAGs
[2024-06-30T06:57:32.711+0000] {logging_mixin.py:188} INFO - [2024-06-30T06:57:32.711+0000] {dag.py:3954} INFO - Setting next_dagrun for dag_taskflow_api to 2024-06-30 00:00:00+00:00, run_after=2024-07-01 00:00:00+00:00
[2024-06-30T06:57:32.741+0000] {processor.py:183} INFO - Processing /opt/airflow/dags/dag_taskflow_api.py took 0.168 seconds
[2024-06-30T06:58:03.083+0000] {processor.py:161} INFO - Started process (PID=4095) to work on /opt/airflow/dags/dag_taskflow_api.py
[2024-06-30T06:58:03.084+0000] {processor.py:830} INFO - Processing file /opt/airflow/dags/dag_taskflow_api.py for tasks to queue
[2024-06-30T06:58:03.087+0000] {logging_mixin.py:188} INFO - [2024-06-30T06:58:03.085+0000] {dagbag.py:545} INFO - Filling up the DagBag from /opt/airflow/dags/dag_taskflow_api.py
[2024-06-30T06:58:03.112+0000] {processor.py:840} INFO - DAG(s) 'dag_taskflow_api' retrieved from /opt/airflow/dags/dag_taskflow_api.py
[2024-06-30T06:58:03.149+0000] {logging_mixin.py:188} INFO - [2024-06-30T06:58:03.149+0000] {dag.py:3096} INFO - Sync 1 DAGs
[2024-06-30T06:58:03.189+0000] {logging_mixin.py:188} INFO - [2024-06-30T06:58:03.189+0000] {dag.py:3954} INFO - Setting next_dagrun for dag_taskflow_api to 2024-06-30 00:00:00+00:00, run_after=2024-07-01 00:00:00+00:00
[2024-06-30T06:58:03.254+0000] {processor.py:183} INFO - Processing /opt/airflow/dags/dag_taskflow_api.py took 0.178 seconds
[2024-06-30T06:58:33.513+0000] {processor.py:161} INFO - Started process (PID=4116) to work on /opt/airflow/dags/dag_taskflow_api.py
[2024-06-30T06:58:33.515+0000] {processor.py:830} INFO - Processing file /opt/airflow/dags/dag_taskflow_api.py for tasks to queue
[2024-06-30T06:58:33.517+0000] {logging_mixin.py:188} INFO - [2024-06-30T06:58:33.516+0000] {dagbag.py:545} INFO - Filling up the DagBag from /opt/airflow/dags/dag_taskflow_api.py
[2024-06-30T06:58:33.555+0000] {processor.py:840} INFO - DAG(s) 'dag_taskflow_api' retrieved from /opt/airflow/dags/dag_taskflow_api.py
[2024-06-30T06:58:33.617+0000] {logging_mixin.py:188} INFO - [2024-06-30T06:58:33.616+0000] {dag.py:3096} INFO - Sync 1 DAGs
[2024-06-30T06:58:33.737+0000] {logging_mixin.py:188} INFO - [2024-06-30T06:58:33.725+0000] {dag.py:3954} INFO - Setting next_dagrun for dag_taskflow_api to 2024-06-30 00:00:00+00:00, run_after=2024-07-01 00:00:00+00:00
[2024-06-30T06:58:33.823+0000] {processor.py:183} INFO - Processing /opt/airflow/dags/dag_taskflow_api.py took 0.321 seconds
[2024-06-30T06:59:04.665+0000] {processor.py:161} INFO - Started process (PID=4137) to work on /opt/airflow/dags/dag_taskflow_api.py
[2024-06-30T06:59:04.666+0000] {processor.py:830} INFO - Processing file /opt/airflow/dags/dag_taskflow_api.py for tasks to queue
[2024-06-30T06:59:04.668+0000] {logging_mixin.py:188} INFO - [2024-06-30T06:59:04.667+0000] {dagbag.py:545} INFO - Filling up the DagBag from /opt/airflow/dags/dag_taskflow_api.py
[2024-06-30T06:59:04.693+0000] {processor.py:840} INFO - DAG(s) 'dag_taskflow_api' retrieved from /opt/airflow/dags/dag_taskflow_api.py
[2024-06-30T06:59:04.735+0000] {logging_mixin.py:188} INFO - [2024-06-30T06:59:04.735+0000] {dag.py:3096} INFO - Sync 1 DAGs
[2024-06-30T06:59:04.773+0000] {logging_mixin.py:188} INFO - [2024-06-30T06:59:04.772+0000] {dag.py:3954} INFO - Setting next_dagrun for dag_taskflow_api to 2024-06-30 00:00:00+00:00, run_after=2024-07-01 00:00:00+00:00
[2024-06-30T06:59:04.816+0000] {processor.py:183} INFO - Processing /opt/airflow/dags/dag_taskflow_api.py took 0.157 seconds
[2024-06-30T06:59:35.628+0000] {processor.py:161} INFO - Started process (PID=4158) to work on /opt/airflow/dags/dag_taskflow_api.py
[2024-06-30T06:59:35.630+0000] {processor.py:830} INFO - Processing file /opt/airflow/dags/dag_taskflow_api.py for tasks to queue
[2024-06-30T06:59:35.633+0000] {logging_mixin.py:188} INFO - [2024-06-30T06:59:35.632+0000] {dagbag.py:545} INFO - Filling up the DagBag from /opt/airflow/dags/dag_taskflow_api.py
[2024-06-30T06:59:35.684+0000] {processor.py:840} INFO - DAG(s) 'dag_taskflow_api' retrieved from /opt/airflow/dags/dag_taskflow_api.py
[2024-06-30T06:59:35.753+0000] {logging_mixin.py:188} INFO - [2024-06-30T06:59:35.753+0000] {dag.py:3096} INFO - Sync 1 DAGs
[2024-06-30T06:59:35.805+0000] {logging_mixin.py:188} INFO - [2024-06-30T06:59:35.805+0000] {dag.py:3954} INFO - Setting next_dagrun for dag_taskflow_api to 2024-06-30 00:00:00+00:00, run_after=2024-07-01 00:00:00+00:00
[2024-06-30T06:59:35.867+0000] {processor.py:183} INFO - Processing /opt/airflow/dags/dag_taskflow_api.py took 0.253 seconds
[2024-06-30T07:00:06.076+0000] {processor.py:161} INFO - Started process (PID=4185) to work on /opt/airflow/dags/dag_taskflow_api.py
[2024-06-30T07:00:06.082+0000] {processor.py:830} INFO - Processing file /opt/airflow/dags/dag_taskflow_api.py for tasks to queue
[2024-06-30T07:00:06.085+0000] {logging_mixin.py:188} INFO - [2024-06-30T07:00:06.084+0000] {dagbag.py:545} INFO - Filling up the DagBag from /opt/airflow/dags/dag_taskflow_api.py
[2024-06-30T07:00:06.137+0000] {processor.py:840} INFO - DAG(s) 'dag_taskflow_api' retrieved from /opt/airflow/dags/dag_taskflow_api.py
[2024-06-30T07:00:06.205+0000] {logging_mixin.py:188} INFO - [2024-06-30T07:00:06.204+0000] {dag.py:3096} INFO - Sync 1 DAGs
[2024-06-30T07:00:06.258+0000] {logging_mixin.py:188} INFO - [2024-06-30T07:00:06.258+0000] {dag.py:3954} INFO - Setting next_dagrun for dag_taskflow_api to 2024-06-30 00:00:00+00:00, run_after=2024-07-01 00:00:00+00:00
[2024-06-30T07:00:06.333+0000] {processor.py:183} INFO - Processing /opt/airflow/dags/dag_taskflow_api.py took 0.274 seconds
[2024-06-30T07:00:36.825+0000] {processor.py:161} INFO - Started process (PID=4207) to work on /opt/airflow/dags/dag_taskflow_api.py
[2024-06-30T07:00:36.827+0000] {processor.py:830} INFO - Processing file /opt/airflow/dags/dag_taskflow_api.py for tasks to queue
[2024-06-30T07:00:36.828+0000] {logging_mixin.py:188} INFO - [2024-06-30T07:00:36.828+0000] {dagbag.py:545} INFO - Filling up the DagBag from /opt/airflow/dags/dag_taskflow_api.py
[2024-06-30T07:00:36.856+0000] {processor.py:840} INFO - DAG(s) 'dag_taskflow_api' retrieved from /opt/airflow/dags/dag_taskflow_api.py
[2024-06-30T07:00:36.894+0000] {logging_mixin.py:188} INFO - [2024-06-30T07:00:36.894+0000] {dag.py:3096} INFO - Sync 1 DAGs
[2024-06-30T07:00:36.928+0000] {logging_mixin.py:188} INFO - [2024-06-30T07:00:36.927+0000] {dag.py:3954} INFO - Setting next_dagrun for dag_taskflow_api to 2024-06-30 00:00:00+00:00, run_after=2024-07-01 00:00:00+00:00
[2024-06-30T07:00:36.960+0000] {processor.py:183} INFO - Processing /opt/airflow/dags/dag_taskflow_api.py took 0.142 seconds
[2024-06-30T07:01:07.586+0000] {processor.py:161} INFO - Started process (PID=4228) to work on /opt/airflow/dags/dag_taskflow_api.py
[2024-06-30T07:01:07.595+0000] {processor.py:830} INFO - Processing file /opt/airflow/dags/dag_taskflow_api.py for tasks to queue
[2024-06-30T07:01:07.598+0000] {logging_mixin.py:188} INFO - [2024-06-30T07:01:07.597+0000] {dagbag.py:545} INFO - Filling up the DagBag from /opt/airflow/dags/dag_taskflow_api.py
[2024-06-30T07:01:07.638+0000] {processor.py:840} INFO - DAG(s) 'dag_taskflow_api' retrieved from /opt/airflow/dags/dag_taskflow_api.py
[2024-06-30T07:01:07.685+0000] {logging_mixin.py:188} INFO - [2024-06-30T07:01:07.684+0000] {dag.py:3096} INFO - Sync 1 DAGs
[2024-06-30T07:01:07.718+0000] {logging_mixin.py:188} INFO - [2024-06-30T07:01:07.717+0000] {dag.py:3954} INFO - Setting next_dagrun for dag_taskflow_api to 2024-06-30 00:00:00+00:00, run_after=2024-07-01 00:00:00+00:00
[2024-06-30T07:01:07.750+0000] {processor.py:183} INFO - Processing /opt/airflow/dags/dag_taskflow_api.py took 0.172 seconds
[2024-06-30T07:01:38.160+0000] {processor.py:161} INFO - Started process (PID=4249) to work on /opt/airflow/dags/dag_taskflow_api.py
[2024-06-30T07:01:38.161+0000] {processor.py:830} INFO - Processing file /opt/airflow/dags/dag_taskflow_api.py for tasks to queue
[2024-06-30T07:01:38.162+0000] {logging_mixin.py:188} INFO - [2024-06-30T07:01:38.162+0000] {dagbag.py:545} INFO - Filling up the DagBag from /opt/airflow/dags/dag_taskflow_api.py
[2024-06-30T07:01:38.192+0000] {processor.py:840} INFO - DAG(s) 'dag_taskflow_api' retrieved from /opt/airflow/dags/dag_taskflow_api.py
[2024-06-30T07:01:38.242+0000] {logging_mixin.py:188} INFO - [2024-06-30T07:01:38.241+0000] {dag.py:3096} INFO - Sync 1 DAGs
[2024-06-30T07:01:38.278+0000] {logging_mixin.py:188} INFO - [2024-06-30T07:01:38.278+0000] {dag.py:3954} INFO - Setting next_dagrun for dag_taskflow_api to 2024-06-30 00:00:00+00:00, run_after=2024-07-01 00:00:00+00:00
[2024-06-30T07:01:38.310+0000] {processor.py:183} INFO - Processing /opt/airflow/dags/dag_taskflow_api.py took 0.156 seconds
[2024-06-30T07:02:08.427+0000] {processor.py:161} INFO - Started process (PID=4278) to work on /opt/airflow/dags/dag_taskflow_api.py
[2024-06-30T07:02:08.429+0000] {processor.py:830} INFO - Processing file /opt/airflow/dags/dag_taskflow_api.py for tasks to queue
[2024-06-30T07:02:08.430+0000] {logging_mixin.py:188} INFO - [2024-06-30T07:02:08.430+0000] {dagbag.py:545} INFO - Filling up the DagBag from /opt/airflow/dags/dag_taskflow_api.py
[2024-06-30T07:02:08.458+0000] {processor.py:840} INFO - DAG(s) 'dag_taskflow_api' retrieved from /opt/airflow/dags/dag_taskflow_api.py
[2024-06-30T07:02:08.496+0000] {logging_mixin.py:188} INFO - [2024-06-30T07:02:08.496+0000] {dag.py:3096} INFO - Sync 1 DAGs
[2024-06-30T07:02:08.535+0000] {logging_mixin.py:188} INFO - [2024-06-30T07:02:08.535+0000] {dag.py:3954} INFO - Setting next_dagrun for dag_taskflow_api to 2024-06-30 00:00:00+00:00, run_after=2024-07-01 00:00:00+00:00
[2024-06-30T07:02:08.566+0000] {processor.py:183} INFO - Processing /opt/airflow/dags/dag_taskflow_api.py took 0.145 seconds
[2024-06-30T07:02:39.175+0000] {processor.py:161} INFO - Started process (PID=4304) to work on /opt/airflow/dags/dag_taskflow_api.py
[2024-06-30T07:02:39.177+0000] {processor.py:830} INFO - Processing file /opt/airflow/dags/dag_taskflow_api.py for tasks to queue
[2024-06-30T07:02:39.178+0000] {logging_mixin.py:188} INFO - [2024-06-30T07:02:39.178+0000] {dagbag.py:545} INFO - Filling up the DagBag from /opt/airflow/dags/dag_taskflow_api.py
[2024-06-30T07:02:39.203+0000] {processor.py:840} INFO - DAG(s) 'dag_taskflow_api' retrieved from /opt/airflow/dags/dag_taskflow_api.py
[2024-06-30T07:02:39.240+0000] {logging_mixin.py:188} INFO - [2024-06-30T07:02:39.240+0000] {dag.py:3096} INFO - Sync 1 DAGs
[2024-06-30T07:02:39.274+0000] {logging_mixin.py:188} INFO - [2024-06-30T07:02:39.274+0000] {dag.py:3954} INFO - Setting next_dagrun for dag_taskflow_api to 2024-06-30 00:00:00+00:00, run_after=2024-07-01 00:00:00+00:00
[2024-06-30T07:02:39.300+0000] {processor.py:183} INFO - Processing /opt/airflow/dags/dag_taskflow_api.py took 0.132 seconds
[2024-06-30T07:03:09.478+0000] {processor.py:161} INFO - Started process (PID=4338) to work on /opt/airflow/dags/dag_taskflow_api.py
[2024-06-30T07:03:09.479+0000] {processor.py:830} INFO - Processing file /opt/airflow/dags/dag_taskflow_api.py for tasks to queue
[2024-06-30T07:03:09.481+0000] {logging_mixin.py:188} INFO - [2024-06-30T07:03:09.480+0000] {dagbag.py:545} INFO - Filling up the DagBag from /opt/airflow/dags/dag_taskflow_api.py
[2024-06-30T07:03:09.527+0000] {processor.py:840} INFO - DAG(s) 'dag_taskflow_api' retrieved from /opt/airflow/dags/dag_taskflow_api.py
[2024-06-30T07:03:09.609+0000] {logging_mixin.py:188} INFO - [2024-06-30T07:03:09.608+0000] {dag.py:3096} INFO - Sync 1 DAGs
[2024-06-30T07:03:09.675+0000] {logging_mixin.py:188} INFO - [2024-06-30T07:03:09.674+0000] {dag.py:3954} INFO - Setting next_dagrun for dag_taskflow_api to 2024-06-30 00:00:00+00:00, run_after=2024-07-01 00:00:00+00:00
[2024-06-30T07:03:09.762+0000] {processor.py:183} INFO - Processing /opt/airflow/dags/dag_taskflow_api.py took 0.295 seconds
[2024-06-30T07:03:40.119+0000] {processor.py:161} INFO - Started process (PID=4364) to work on /opt/airflow/dags/dag_taskflow_api.py
[2024-06-30T07:03:40.121+0000] {processor.py:830} INFO - Processing file /opt/airflow/dags/dag_taskflow_api.py for tasks to queue
[2024-06-30T07:03:40.123+0000] {logging_mixin.py:188} INFO - [2024-06-30T07:03:40.122+0000] {dagbag.py:545} INFO - Filling up the DagBag from /opt/airflow/dags/dag_taskflow_api.py
[2024-06-30T07:03:40.166+0000] {processor.py:840} INFO - DAG(s) 'dag_taskflow_api' retrieved from /opt/airflow/dags/dag_taskflow_api.py
[2024-06-30T07:03:40.226+0000] {logging_mixin.py:188} INFO - [2024-06-30T07:03:40.226+0000] {dag.py:3096} INFO - Sync 1 DAGs
[2024-06-30T07:03:40.284+0000] {logging_mixin.py:188} INFO - [2024-06-30T07:03:40.284+0000] {dag.py:3954} INFO - Setting next_dagrun for dag_taskflow_api to 2024-06-30 00:00:00+00:00, run_after=2024-07-01 00:00:00+00:00
[2024-06-30T07:03:40.338+0000] {processor.py:183} INFO - Processing /opt/airflow/dags/dag_taskflow_api.py took 0.234 seconds
[2024-06-30T07:04:10.414+0000] {processor.py:161} INFO - Started process (PID=4395) to work on /opt/airflow/dags/dag_taskflow_api.py
[2024-06-30T07:04:10.415+0000] {processor.py:830} INFO - Processing file /opt/airflow/dags/dag_taskflow_api.py for tasks to queue
[2024-06-30T07:04:10.416+0000] {logging_mixin.py:188} INFO - [2024-06-30T07:04:10.416+0000] {dagbag.py:545} INFO - Filling up the DagBag from /opt/airflow/dags/dag_taskflow_api.py
[2024-06-30T07:04:10.440+0000] {processor.py:840} INFO - DAG(s) 'dag_taskflow_api' retrieved from /opt/airflow/dags/dag_taskflow_api.py
[2024-06-30T07:04:10.483+0000] {logging_mixin.py:188} INFO - [2024-06-30T07:04:10.483+0000] {dag.py:3096} INFO - Sync 1 DAGs
[2024-06-30T07:04:10.518+0000] {logging_mixin.py:188} INFO - [2024-06-30T07:04:10.518+0000] {dag.py:3954} INFO - Setting next_dagrun for dag_taskflow_api to 2024-06-30 00:00:00+00:00, run_after=2024-07-01 00:00:00+00:00
[2024-06-30T07:04:10.557+0000] {processor.py:183} INFO - Processing /opt/airflow/dags/dag_taskflow_api.py took 0.151 seconds
[2024-06-30T07:04:41.219+0000] {processor.py:161} INFO - Started process (PID=4424) to work on /opt/airflow/dags/dag_taskflow_api.py
[2024-06-30T07:04:41.221+0000] {processor.py:830} INFO - Processing file /opt/airflow/dags/dag_taskflow_api.py for tasks to queue
[2024-06-30T07:04:41.223+0000] {logging_mixin.py:188} INFO - [2024-06-30T07:04:41.223+0000] {dagbag.py:545} INFO - Filling up the DagBag from /opt/airflow/dags/dag_taskflow_api.py
[2024-06-30T07:04:41.257+0000] {processor.py:840} INFO - DAG(s) 'dag_taskflow_api' retrieved from /opt/airflow/dags/dag_taskflow_api.py
[2024-06-30T07:04:41.314+0000] {logging_mixin.py:188} INFO - [2024-06-30T07:04:41.314+0000] {dag.py:3096} INFO - Sync 1 DAGs
[2024-06-30T07:04:41.370+0000] {logging_mixin.py:188} INFO - [2024-06-30T07:04:41.369+0000] {dag.py:3954} INFO - Setting next_dagrun for dag_taskflow_api to 2024-06-30 00:00:00+00:00, run_after=2024-07-01 00:00:00+00:00
[2024-06-30T07:04:41.418+0000] {processor.py:183} INFO - Processing /opt/airflow/dags/dag_taskflow_api.py took 0.210 seconds
[2024-06-30T07:05:11.859+0000] {processor.py:161} INFO - Started process (PID=4450) to work on /opt/airflow/dags/dag_taskflow_api.py
[2024-06-30T07:05:11.860+0000] {processor.py:830} INFO - Processing file /opt/airflow/dags/dag_taskflow_api.py for tasks to queue
[2024-06-30T07:05:11.862+0000] {logging_mixin.py:188} INFO - [2024-06-30T07:05:11.861+0000] {dagbag.py:545} INFO - Filling up the DagBag from /opt/airflow/dags/dag_taskflow_api.py
[2024-06-30T07:05:11.889+0000] {processor.py:840} INFO - DAG(s) 'dag_taskflow_api' retrieved from /opt/airflow/dags/dag_taskflow_api.py
[2024-06-30T07:05:11.926+0000] {logging_mixin.py:188} INFO - [2024-06-30T07:05:11.926+0000] {dag.py:3096} INFO - Sync 1 DAGs
[2024-06-30T07:05:11.957+0000] {logging_mixin.py:188} INFO - [2024-06-30T07:05:11.957+0000] {dag.py:3954} INFO - Setting next_dagrun for dag_taskflow_api to 2024-06-30 00:00:00+00:00, run_after=2024-07-01 00:00:00+00:00
[2024-06-30T07:05:12.003+0000] {processor.py:183} INFO - Processing /opt/airflow/dags/dag_taskflow_api.py took 0.152 seconds
[2024-06-30T07:05:42.596+0000] {processor.py:161} INFO - Started process (PID=4476) to work on /opt/airflow/dags/dag_taskflow_api.py
[2024-06-30T07:05:42.598+0000] {processor.py:830} INFO - Processing file /opt/airflow/dags/dag_taskflow_api.py for tasks to queue
[2024-06-30T07:05:42.600+0000] {logging_mixin.py:188} INFO - [2024-06-30T07:05:42.599+0000] {dagbag.py:545} INFO - Filling up the DagBag from /opt/airflow/dags/dag_taskflow_api.py
[2024-06-30T07:05:42.649+0000] {processor.py:840} INFO - DAG(s) 'dag_taskflow_api' retrieved from /opt/airflow/dags/dag_taskflow_api.py
[2024-06-30T07:05:42.710+0000] {logging_mixin.py:188} INFO - [2024-06-30T07:05:42.709+0000] {dag.py:3096} INFO - Sync 1 DAGs
[2024-06-30T07:05:42.764+0000] {logging_mixin.py:188} INFO - [2024-06-30T07:05:42.763+0000] {dag.py:3954} INFO - Setting next_dagrun for dag_taskflow_api to 2024-06-30 00:00:00+00:00, run_after=2024-07-01 00:00:00+00:00
[2024-06-30T07:05:42.819+0000] {processor.py:183} INFO - Processing /opt/airflow/dags/dag_taskflow_api.py took 0.237 seconds
[2024-06-30T07:06:12.971+0000] {processor.py:161} INFO - Started process (PID=4497) to work on /opt/airflow/dags/dag_taskflow_api.py
[2024-06-30T07:06:12.972+0000] {processor.py:830} INFO - Processing file /opt/airflow/dags/dag_taskflow_api.py for tasks to queue
[2024-06-30T07:06:12.974+0000] {logging_mixin.py:188} INFO - [2024-06-30T07:06:12.973+0000] {dagbag.py:545} INFO - Filling up the DagBag from /opt/airflow/dags/dag_taskflow_api.py
[2024-06-30T07:06:13.011+0000] {processor.py:840} INFO - DAG(s) 'dag_taskflow_api' retrieved from /opt/airflow/dags/dag_taskflow_api.py
[2024-06-30T07:06:13.057+0000] {logging_mixin.py:188} INFO - [2024-06-30T07:06:13.057+0000] {dag.py:3096} INFO - Sync 1 DAGs
[2024-06-30T07:06:13.129+0000] {logging_mixin.py:188} INFO - [2024-06-30T07:06:13.128+0000] {dag.py:3954} INFO - Setting next_dagrun for dag_taskflow_api to 2024-06-30 00:00:00+00:00, run_after=2024-07-01 00:00:00+00:00
[2024-06-30T07:06:13.169+0000] {processor.py:183} INFO - Processing /opt/airflow/dags/dag_taskflow_api.py took 0.210 seconds
[2024-06-30T07:06:43.745+0000] {processor.py:161} INFO - Started process (PID=4529) to work on /opt/airflow/dags/dag_taskflow_api.py
[2024-06-30T07:06:43.747+0000] {processor.py:830} INFO - Processing file /opt/airflow/dags/dag_taskflow_api.py for tasks to queue
[2024-06-30T07:06:43.753+0000] {logging_mixin.py:188} INFO - [2024-06-30T07:06:43.752+0000] {dagbag.py:545} INFO - Filling up the DagBag from /opt/airflow/dags/dag_taskflow_api.py
[2024-06-30T07:06:43.823+0000] {processor.py:840} INFO - DAG(s) 'dag_taskflow_api' retrieved from /opt/airflow/dags/dag_taskflow_api.py
[2024-06-30T07:06:43.941+0000] {logging_mixin.py:188} INFO - [2024-06-30T07:06:43.940+0000] {dag.py:3096} INFO - Sync 1 DAGs
[2024-06-30T07:06:44.115+0000] {logging_mixin.py:188} INFO - [2024-06-30T07:06:44.115+0000] {dag.py:3954} INFO - Setting next_dagrun for dag_taskflow_api to 2024-06-30 00:00:00+00:00, run_after=2024-07-01 00:00:00+00:00
[2024-06-30T07:06:44.244+0000] {processor.py:183} INFO - Processing /opt/airflow/dags/dag_taskflow_api.py took 0.517 seconds
[2024-06-30T07:07:14.900+0000] {processor.py:161} INFO - Started process (PID=4555) to work on /opt/airflow/dags/dag_taskflow_api.py
[2024-06-30T07:07:14.901+0000] {processor.py:830} INFO - Processing file /opt/airflow/dags/dag_taskflow_api.py for tasks to queue
[2024-06-30T07:07:14.906+0000] {logging_mixin.py:188} INFO - [2024-06-30T07:07:14.905+0000] {dagbag.py:545} INFO - Filling up the DagBag from /opt/airflow/dags/dag_taskflow_api.py
[2024-06-30T07:07:14.948+0000] {processor.py:840} INFO - DAG(s) 'dag_taskflow_api' retrieved from /opt/airflow/dags/dag_taskflow_api.py
[2024-06-30T07:07:15.010+0000] {logging_mixin.py:188} INFO - [2024-06-30T07:07:15.010+0000] {dag.py:3096} INFO - Sync 1 DAGs
[2024-06-30T07:07:15.070+0000] {logging_mixin.py:188} INFO - [2024-06-30T07:07:15.070+0000] {dag.py:3954} INFO - Setting next_dagrun for dag_taskflow_api to 2024-06-30 00:00:00+00:00, run_after=2024-07-01 00:00:00+00:00
[2024-06-30T07:07:15.109+0000] {processor.py:183} INFO - Processing /opt/airflow/dags/dag_taskflow_api.py took 0.219 seconds
[2024-06-30T07:07:45.842+0000] {processor.py:161} INFO - Started process (PID=4587) to work on /opt/airflow/dags/dag_taskflow_api.py
[2024-06-30T07:07:45.844+0000] {processor.py:830} INFO - Processing file /opt/airflow/dags/dag_taskflow_api.py for tasks to queue
[2024-06-30T07:07:45.847+0000] {logging_mixin.py:188} INFO - [2024-06-30T07:07:45.846+0000] {dagbag.py:545} INFO - Filling up the DagBag from /opt/airflow/dags/dag_taskflow_api.py
[2024-06-30T07:07:45.917+0000] {processor.py:840} INFO - DAG(s) 'dag_taskflow_api' retrieved from /opt/airflow/dags/dag_taskflow_api.py
[2024-06-30T07:07:46.021+0000] {logging_mixin.py:188} INFO - [2024-06-30T07:07:46.020+0000] {dag.py:3096} INFO - Sync 1 DAGs
[2024-06-30T07:07:46.087+0000] {logging_mixin.py:188} INFO - [2024-06-30T07:07:46.087+0000] {dag.py:3954} INFO - Setting next_dagrun for dag_taskflow_api to 2024-06-30 00:00:00+00:00, run_after=2024-07-01 00:00:00+00:00
[2024-06-30T07:07:46.201+0000] {processor.py:183} INFO - Processing /opt/airflow/dags/dag_taskflow_api.py took 0.372 seconds
[2024-06-30T07:08:16.558+0000] {processor.py:161} INFO - Started process (PID=4621) to work on /opt/airflow/dags/dag_taskflow_api.py
[2024-06-30T07:08:16.559+0000] {processor.py:830} INFO - Processing file /opt/airflow/dags/dag_taskflow_api.py for tasks to queue
[2024-06-30T07:08:16.561+0000] {logging_mixin.py:188} INFO - [2024-06-30T07:08:16.560+0000] {dagbag.py:545} INFO - Filling up the DagBag from /opt/airflow/dags/dag_taskflow_api.py
[2024-06-30T07:08:16.588+0000] {processor.py:840} INFO - DAG(s) 'dag_taskflow_api' retrieved from /opt/airflow/dags/dag_taskflow_api.py
[2024-06-30T07:08:16.628+0000] {logging_mixin.py:188} INFO - [2024-06-30T07:08:16.628+0000] {dag.py:3096} INFO - Sync 1 DAGs
[2024-06-30T07:08:16.659+0000] {logging_mixin.py:188} INFO - [2024-06-30T07:08:16.659+0000] {dag.py:3954} INFO - Setting next_dagrun for dag_taskflow_api to 2024-06-30 00:00:00+00:00, run_after=2024-07-01 00:00:00+00:00
[2024-06-30T07:08:16.688+0000] {processor.py:183} INFO - Processing /opt/airflow/dags/dag_taskflow_api.py took 0.139 seconds
[2024-06-30T07:08:47.173+0000] {processor.py:161} INFO - Started process (PID=4642) to work on /opt/airflow/dags/dag_taskflow_api.py
[2024-06-30T07:08:47.176+0000] {processor.py:830} INFO - Processing file /opt/airflow/dags/dag_taskflow_api.py for tasks to queue
[2024-06-30T07:08:47.180+0000] {logging_mixin.py:188} INFO - [2024-06-30T07:08:47.179+0000] {dagbag.py:545} INFO - Filling up the DagBag from /opt/airflow/dags/dag_taskflow_api.py
[2024-06-30T07:08:47.234+0000] {processor.py:840} INFO - DAG(s) 'dag_taskflow_api' retrieved from /opt/airflow/dags/dag_taskflow_api.py
[2024-06-30T07:08:47.288+0000] {logging_mixin.py:188} INFO - [2024-06-30T07:08:47.287+0000] {dag.py:3096} INFO - Sync 1 DAGs
[2024-06-30T07:08:47.327+0000] {logging_mixin.py:188} INFO - [2024-06-30T07:08:47.327+0000] {dag.py:3954} INFO - Setting next_dagrun for dag_taskflow_api to 2024-06-30 00:00:00+00:00, run_after=2024-07-01 00:00:00+00:00
[2024-06-30T07:08:47.371+0000] {processor.py:183} INFO - Processing /opt/airflow/dags/dag_taskflow_api.py took 0.220 seconds
[2024-06-30T07:09:17.601+0000] {processor.py:161} INFO - Started process (PID=4671) to work on /opt/airflow/dags/dag_taskflow_api.py
[2024-06-30T07:09:17.602+0000] {processor.py:830} INFO - Processing file /opt/airflow/dags/dag_taskflow_api.py for tasks to queue
[2024-06-30T07:09:17.605+0000] {logging_mixin.py:188} INFO - [2024-06-30T07:09:17.605+0000] {dagbag.py:545} INFO - Filling up the DagBag from /opt/airflow/dags/dag_taskflow_api.py
[2024-06-30T07:09:17.638+0000] {processor.py:840} INFO - DAG(s) 'dag_taskflow_api' retrieved from /opt/airflow/dags/dag_taskflow_api.py
[2024-06-30T07:09:17.683+0000] {logging_mixin.py:188} INFO - [2024-06-30T07:09:17.682+0000] {dag.py:3096} INFO - Sync 1 DAGs
[2024-06-30T07:09:17.721+0000] {logging_mixin.py:188} INFO - [2024-06-30T07:09:17.720+0000] {dag.py:3954} INFO - Setting next_dagrun for dag_taskflow_api to 2024-06-30 00:00:00+00:00, run_after=2024-07-01 00:00:00+00:00
[2024-06-30T07:09:17.762+0000] {processor.py:183} INFO - Processing /opt/airflow/dags/dag_taskflow_api.py took 0.171 seconds
[2024-06-30T07:09:48.443+0000] {processor.py:161} INFO - Started process (PID=4697) to work on /opt/airflow/dags/dag_taskflow_api.py
[2024-06-30T07:09:48.445+0000] {processor.py:830} INFO - Processing file /opt/airflow/dags/dag_taskflow_api.py for tasks to queue
[2024-06-30T07:09:48.448+0000] {logging_mixin.py:188} INFO - [2024-06-30T07:09:48.447+0000] {dagbag.py:545} INFO - Filling up the DagBag from /opt/airflow/dags/dag_taskflow_api.py
[2024-06-30T07:09:48.482+0000] {processor.py:840} INFO - DAG(s) 'dag_taskflow_api' retrieved from /opt/airflow/dags/dag_taskflow_api.py
[2024-06-30T07:09:48.538+0000] {logging_mixin.py:188} INFO - [2024-06-30T07:09:48.538+0000] {dag.py:3096} INFO - Sync 1 DAGs
[2024-06-30T07:09:48.588+0000] {logging_mixin.py:188} INFO - [2024-06-30T07:09:48.587+0000] {dag.py:3954} INFO - Setting next_dagrun for dag_taskflow_api to 2024-06-30 00:00:00+00:00, run_after=2024-07-01 00:00:00+00:00
[2024-06-30T07:09:48.645+0000] {processor.py:183} INFO - Processing /opt/airflow/dags/dag_taskflow_api.py took 0.215 seconds
[2024-06-30T07:10:19.378+0000] {processor.py:161} INFO - Started process (PID=4724) to work on /opt/airflow/dags/dag_taskflow_api.py
[2024-06-30T07:10:19.381+0000] {processor.py:830} INFO - Processing file /opt/airflow/dags/dag_taskflow_api.py for tasks to queue
[2024-06-30T07:10:19.383+0000] {logging_mixin.py:188} INFO - [2024-06-30T07:10:19.382+0000] {dagbag.py:545} INFO - Filling up the DagBag from /opt/airflow/dags/dag_taskflow_api.py
[2024-06-30T07:10:19.462+0000] {processor.py:840} INFO - DAG(s) 'dag_taskflow_api' retrieved from /opt/airflow/dags/dag_taskflow_api.py
[2024-06-30T07:10:19.689+0000] {logging_mixin.py:188} INFO - [2024-06-30T07:10:19.677+0000] {dag.py:3096} INFO - Sync 1 DAGs
[2024-06-30T07:10:20.195+0000] {logging_mixin.py:188} INFO - [2024-06-30T07:10:20.194+0000] {dag.py:3954} INFO - Setting next_dagrun for dag_taskflow_api to 2024-06-30 00:00:00+00:00, run_after=2024-07-01 00:00:00+00:00
[2024-06-30T07:10:20.335+0000] {processor.py:183} INFO - Processing /opt/airflow/dags/dag_taskflow_api.py took 0.971 seconds
[2024-06-30T07:10:51.859+0000] {processor.py:161} INFO - Started process (PID=4750) to work on /opt/airflow/dags/dag_taskflow_api.py
[2024-06-30T07:10:51.873+0000] {processor.py:830} INFO - Processing file /opt/airflow/dags/dag_taskflow_api.py for tasks to queue
[2024-06-30T07:10:51.876+0000] {logging_mixin.py:188} INFO - [2024-06-30T07:10:51.875+0000] {dagbag.py:545} INFO - Filling up the DagBag from /opt/airflow/dags/dag_taskflow_api.py
[2024-06-30T07:10:52.097+0000] {processor.py:840} INFO - DAG(s) 'dag_taskflow_api' retrieved from /opt/airflow/dags/dag_taskflow_api.py
[2024-06-30T07:10:52.405+0000] {logging_mixin.py:188} INFO - [2024-06-30T07:10:52.403+0000] {dag.py:3096} INFO - Sync 1 DAGs
[2024-06-30T07:10:52.520+0000] {logging_mixin.py:188} INFO - [2024-06-30T07:10:52.519+0000] {dag.py:3954} INFO - Setting next_dagrun for dag_taskflow_api to 2024-06-30 00:00:00+00:00, run_after=2024-07-01 00:00:00+00:00
[2024-06-30T07:10:52.610+0000] {processor.py:183} INFO - Processing /opt/airflow/dags/dag_taskflow_api.py took 0.817 seconds
[2024-06-30T07:11:23.217+0000] {processor.py:161} INFO - Started process (PID=4776) to work on /opt/airflow/dags/dag_taskflow_api.py
[2024-06-30T07:11:23.219+0000] {processor.py:830} INFO - Processing file /opt/airflow/dags/dag_taskflow_api.py for tasks to queue
[2024-06-30T07:11:23.221+0000] {logging_mixin.py:188} INFO - [2024-06-30T07:11:23.220+0000] {dagbag.py:545} INFO - Filling up the DagBag from /opt/airflow/dags/dag_taskflow_api.py
[2024-06-30T07:11:23.253+0000] {processor.py:840} INFO - DAG(s) 'dag_taskflow_api' retrieved from /opt/airflow/dags/dag_taskflow_api.py
[2024-06-30T07:11:23.315+0000] {logging_mixin.py:188} INFO - [2024-06-30T07:11:23.315+0000] {dag.py:3096} INFO - Sync 1 DAGs
[2024-06-30T07:11:23.350+0000] {logging_mixin.py:188} INFO - [2024-06-30T07:11:23.349+0000] {dag.py:3954} INFO - Setting next_dagrun for dag_taskflow_api to 2024-06-30 00:00:00+00:00, run_after=2024-07-01 00:00:00+00:00
[2024-06-30T07:11:23.392+0000] {processor.py:183} INFO - Processing /opt/airflow/dags/dag_taskflow_api.py took 0.183 seconds
[2024-06-30T07:12:04.641+0000] {processor.py:161} INFO - Started process (PID=4800) to work on /opt/airflow/dags/dag_taskflow_api.py
[2024-06-30T07:12:04.648+0000] {processor.py:830} INFO - Processing file /opt/airflow/dags/dag_taskflow_api.py for tasks to queue
[2024-06-30T07:12:04.650+0000] {logging_mixin.py:188} INFO - [2024-06-30T07:12:04.649+0000] {dagbag.py:545} INFO - Filling up the DagBag from /opt/airflow/dags/dag_taskflow_api.py
[2024-06-30T07:12:04.729+0000] {processor.py:840} INFO - DAG(s) 'dag_taskflow_api' retrieved from /opt/airflow/dags/dag_taskflow_api.py
[2024-06-30T07:12:04.838+0000] {logging_mixin.py:188} INFO - [2024-06-30T07:12:04.838+0000] {dag.py:3096} INFO - Sync 1 DAGs
[2024-06-30T07:12:04.947+0000] {logging_mixin.py:188} INFO - [2024-06-30T07:12:04.947+0000] {dag.py:3954} INFO - Setting next_dagrun for dag_taskflow_api to 2024-06-30 00:00:00+00:00, run_after=2024-07-01 00:00:00+00:00
[2024-06-30T07:12:05.053+0000] {processor.py:183} INFO - Processing /opt/airflow/dags/dag_taskflow_api.py took 0.424 seconds
[2024-06-30T07:12:35.733+0000] {processor.py:161} INFO - Started process (PID=4827) to work on /opt/airflow/dags/dag_taskflow_api.py
[2024-06-30T07:12:35.735+0000] {processor.py:830} INFO - Processing file /opt/airflow/dags/dag_taskflow_api.py for tasks to queue
[2024-06-30T07:12:35.747+0000] {logging_mixin.py:188} INFO - [2024-06-30T07:12:35.746+0000] {dagbag.py:545} INFO - Filling up the DagBag from /opt/airflow/dags/dag_taskflow_api.py
[2024-06-30T07:12:35.830+0000] {processor.py:840} INFO - DAG(s) 'dag_taskflow_api' retrieved from /opt/airflow/dags/dag_taskflow_api.py
[2024-06-30T07:12:35.981+0000] {logging_mixin.py:188} INFO - [2024-06-30T07:12:35.981+0000] {dag.py:3096} INFO - Sync 1 DAGs
[2024-06-30T07:12:36.138+0000] {logging_mixin.py:188} INFO - [2024-06-30T07:12:36.127+0000] {dag.py:3954} INFO - Setting next_dagrun for dag_taskflow_api to 2024-06-30 00:00:00+00:00, run_after=2024-07-01 00:00:00+00:00
[2024-06-30T07:12:36.240+0000] {processor.py:183} INFO - Processing /opt/airflow/dags/dag_taskflow_api.py took 0.538 seconds
[2024-06-30T07:13:06.467+0000] {processor.py:161} INFO - Started process (PID=4853) to work on /opt/airflow/dags/dag_taskflow_api.py
[2024-06-30T07:13:06.468+0000] {processor.py:830} INFO - Processing file /opt/airflow/dags/dag_taskflow_api.py for tasks to queue
[2024-06-30T07:13:06.470+0000] {logging_mixin.py:188} INFO - [2024-06-30T07:13:06.469+0000] {dagbag.py:545} INFO - Filling up the DagBag from /opt/airflow/dags/dag_taskflow_api.py
[2024-06-30T07:13:06.510+0000] {processor.py:840} INFO - DAG(s) 'dag_taskflow_api' retrieved from /opt/airflow/dags/dag_taskflow_api.py
[2024-06-30T07:13:06.561+0000] {logging_mixin.py:188} INFO - [2024-06-30T07:13:06.560+0000] {dag.py:3096} INFO - Sync 1 DAGs
[2024-06-30T07:13:06.620+0000] {logging_mixin.py:188} INFO - [2024-06-30T07:13:06.620+0000] {dag.py:3954} INFO - Setting next_dagrun for dag_taskflow_api to 2024-06-30 00:00:00+00:00, run_after=2024-07-01 00:00:00+00:00
[2024-06-30T07:13:06.666+0000] {processor.py:183} INFO - Processing /opt/airflow/dags/dag_taskflow_api.py took 0.209 seconds
[2024-06-30T07:13:37.707+0000] {processor.py:161} INFO - Started process (PID=4879) to work on /opt/airflow/dags/dag_taskflow_api.py
[2024-06-30T07:13:37.723+0000] {processor.py:830} INFO - Processing file /opt/airflow/dags/dag_taskflow_api.py for tasks to queue
[2024-06-30T07:13:37.726+0000] {logging_mixin.py:188} INFO - [2024-06-30T07:13:37.725+0000] {dagbag.py:545} INFO - Filling up the DagBag from /opt/airflow/dags/dag_taskflow_api.py
[2024-06-30T07:13:38.037+0000] {processor.py:840} INFO - DAG(s) 'dag_taskflow_api' retrieved from /opt/airflow/dags/dag_taskflow_api.py
[2024-06-30T07:13:38.229+0000] {logging_mixin.py:188} INFO - [2024-06-30T07:13:38.228+0000] {dag.py:3096} INFO - Sync 1 DAGs
[2024-06-30T07:13:38.406+0000] {logging_mixin.py:188} INFO - [2024-06-30T07:13:38.406+0000] {dag.py:3954} INFO - Setting next_dagrun for dag_taskflow_api to 2024-06-30 00:00:00+00:00, run_after=2024-07-01 00:00:00+00:00
[2024-06-30T07:13:38.536+0000] {processor.py:183} INFO - Processing /opt/airflow/dags/dag_taskflow_api.py took 0.841 seconds
[2024-06-30T07:14:09.299+0000] {processor.py:161} INFO - Started process (PID=4905) to work on /opt/airflow/dags/dag_taskflow_api.py
[2024-06-30T07:14:09.303+0000] {processor.py:830} INFO - Processing file /opt/airflow/dags/dag_taskflow_api.py for tasks to queue
[2024-06-30T07:14:09.307+0000] {logging_mixin.py:188} INFO - [2024-06-30T07:14:09.306+0000] {dagbag.py:545} INFO - Filling up the DagBag from /opt/airflow/dags/dag_taskflow_api.py
[2024-06-30T07:14:09.358+0000] {processor.py:840} INFO - DAG(s) 'dag_taskflow_api' retrieved from /opt/airflow/dags/dag_taskflow_api.py
[2024-06-30T07:14:09.480+0000] {logging_mixin.py:188} INFO - [2024-06-30T07:14:09.480+0000] {dag.py:3096} INFO - Sync 1 DAGs
[2024-06-30T07:14:09.547+0000] {logging_mixin.py:188} INFO - [2024-06-30T07:14:09.546+0000] {dag.py:3954} INFO - Setting next_dagrun for dag_taskflow_api to 2024-06-30 00:00:00+00:00, run_after=2024-07-01 00:00:00+00:00
[2024-06-30T07:14:09.631+0000] {processor.py:183} INFO - Processing /opt/airflow/dags/dag_taskflow_api.py took 0.351 seconds
[2024-06-30T07:14:39.950+0000] {processor.py:161} INFO - Started process (PID=4932) to work on /opt/airflow/dags/dag_taskflow_api.py
[2024-06-30T07:14:39.952+0000] {processor.py:830} INFO - Processing file /opt/airflow/dags/dag_taskflow_api.py for tasks to queue
[2024-06-30T07:14:39.954+0000] {logging_mixin.py:188} INFO - [2024-06-30T07:14:39.953+0000] {dagbag.py:545} INFO - Filling up the DagBag from /opt/airflow/dags/dag_taskflow_api.py
[2024-06-30T07:14:39.989+0000] {processor.py:840} INFO - DAG(s) 'dag_taskflow_api' retrieved from /opt/airflow/dags/dag_taskflow_api.py
[2024-06-30T07:14:40.039+0000] {logging_mixin.py:188} INFO - [2024-06-30T07:14:40.039+0000] {dag.py:3096} INFO - Sync 1 DAGs
[2024-06-30T07:14:40.086+0000] {logging_mixin.py:188} INFO - [2024-06-30T07:14:40.085+0000] {dag.py:3954} INFO - Setting next_dagrun for dag_taskflow_api to 2024-06-30 00:00:00+00:00, run_after=2024-07-01 00:00:00+00:00
[2024-06-30T07:14:40.124+0000] {processor.py:183} INFO - Processing /opt/airflow/dags/dag_taskflow_api.py took 0.184 seconds
[2024-06-30T07:15:10.491+0000] {processor.py:161} INFO - Started process (PID=4966) to work on /opt/airflow/dags/dag_taskflow_api.py
[2024-06-30T07:15:10.493+0000] {processor.py:830} INFO - Processing file /opt/airflow/dags/dag_taskflow_api.py for tasks to queue
[2024-06-30T07:15:10.496+0000] {logging_mixin.py:188} INFO - [2024-06-30T07:15:10.495+0000] {dagbag.py:545} INFO - Filling up the DagBag from /opt/airflow/dags/dag_taskflow_api.py
[2024-06-30T07:15:10.546+0000] {processor.py:840} INFO - DAG(s) 'dag_taskflow_api' retrieved from /opt/airflow/dags/dag_taskflow_api.py
[2024-06-30T07:15:10.595+0000] {logging_mixin.py:188} INFO - [2024-06-30T07:15:10.595+0000] {dag.py:3096} INFO - Sync 1 DAGs
[2024-06-30T07:15:10.635+0000] {logging_mixin.py:188} INFO - [2024-06-30T07:15:10.635+0000] {dag.py:3954} INFO - Setting next_dagrun for dag_taskflow_api to 2024-06-30 00:00:00+00:00, run_after=2024-07-01 00:00:00+00:00
[2024-06-30T07:15:10.684+0000] {processor.py:183} INFO - Processing /opt/airflow/dags/dag_taskflow_api.py took 0.203 seconds
[2024-06-30T07:15:41.464+0000] {processor.py:161} INFO - Started process (PID=4990) to work on /opt/airflow/dags/dag_taskflow_api.py
[2024-06-30T07:15:41.466+0000] {processor.py:830} INFO - Processing file /opt/airflow/dags/dag_taskflow_api.py for tasks to queue
[2024-06-30T07:15:41.471+0000] {logging_mixin.py:188} INFO - [2024-06-30T07:15:41.470+0000] {dagbag.py:545} INFO - Filling up the DagBag from /opt/airflow/dags/dag_taskflow_api.py
[2024-06-30T07:15:41.522+0000] {processor.py:840} INFO - DAG(s) 'dag_taskflow_api' retrieved from /opt/airflow/dags/dag_taskflow_api.py
[2024-06-30T07:15:41.587+0000] {logging_mixin.py:188} INFO - [2024-06-30T07:15:41.586+0000] {dag.py:3096} INFO - Sync 1 DAGs
[2024-06-30T07:15:41.657+0000] {logging_mixin.py:188} INFO - [2024-06-30T07:15:41.656+0000] {dag.py:3954} INFO - Setting next_dagrun for dag_taskflow_api to 2024-06-30 00:00:00+00:00, run_after=2024-07-01 00:00:00+00:00
[2024-06-30T07:15:41.700+0000] {processor.py:183} INFO - Processing /opt/airflow/dags/dag_taskflow_api.py took 0.251 seconds
[2024-06-30T07:16:12.639+0000] {processor.py:161} INFO - Started process (PID=5017) to work on /opt/airflow/dags/dag_taskflow_api.py
[2024-06-30T07:16:12.642+0000] {processor.py:830} INFO - Processing file /opt/airflow/dags/dag_taskflow_api.py for tasks to queue
[2024-06-30T07:16:12.645+0000] {logging_mixin.py:188} INFO - [2024-06-30T07:16:12.644+0000] {dagbag.py:545} INFO - Filling up the DagBag from /opt/airflow/dags/dag_taskflow_api.py
[2024-06-30T07:16:12.719+0000] {processor.py:840} INFO - DAG(s) 'dag_taskflow_api' retrieved from /opt/airflow/dags/dag_taskflow_api.py
[2024-06-30T07:16:12.773+0000] {logging_mixin.py:188} INFO - [2024-06-30T07:16:12.770+0000] {dag.py:3096} INFO - Sync 1 DAGs
[2024-06-30T07:16:12.829+0000] {logging_mixin.py:188} INFO - [2024-06-30T07:16:12.828+0000] {dag.py:3954} INFO - Setting next_dagrun for dag_taskflow_api to 2024-06-30 00:00:00+00:00, run_after=2024-07-01 00:00:00+00:00
[2024-06-30T07:16:12.863+0000] {processor.py:183} INFO - Processing /opt/airflow/dags/dag_taskflow_api.py took 0.238 seconds
[2024-06-30T07:16:43.611+0000] {processor.py:161} INFO - Started process (PID=5043) to work on /opt/airflow/dags/dag_taskflow_api.py
[2024-06-30T07:16:43.612+0000] {processor.py:830} INFO - Processing file /opt/airflow/dags/dag_taskflow_api.py for tasks to queue
[2024-06-30T07:16:43.613+0000] {logging_mixin.py:188} INFO - [2024-06-30T07:16:43.613+0000] {dagbag.py:545} INFO - Filling up the DagBag from /opt/airflow/dags/dag_taskflow_api.py
[2024-06-30T07:16:43.696+0000] {processor.py:840} INFO - DAG(s) 'dag_taskflow_api' retrieved from /opt/airflow/dags/dag_taskflow_api.py
[2024-06-30T07:16:43.739+0000] {logging_mixin.py:188} INFO - [2024-06-30T07:16:43.739+0000] {dag.py:3096} INFO - Sync 1 DAGs
[2024-06-30T07:16:43.778+0000] {logging_mixin.py:188} INFO - [2024-06-30T07:16:43.777+0000] {dag.py:3954} INFO - Setting next_dagrun for dag_taskflow_api to 2024-06-30 00:00:00+00:00, run_after=2024-07-01 00:00:00+00:00
[2024-06-30T07:16:43.819+0000] {processor.py:183} INFO - Processing /opt/airflow/dags/dag_taskflow_api.py took 0.219 seconds
[2024-06-30T07:17:14.651+0000] {processor.py:161} INFO - Started process (PID=5069) to work on /opt/airflow/dags/dag_taskflow_api.py
[2024-06-30T07:17:14.653+0000] {processor.py:830} INFO - Processing file /opt/airflow/dags/dag_taskflow_api.py for tasks to queue
[2024-06-30T07:17:14.654+0000] {logging_mixin.py:188} INFO - [2024-06-30T07:17:14.654+0000] {dagbag.py:545} INFO - Filling up the DagBag from /opt/airflow/dags/dag_taskflow_api.py
[2024-06-30T07:17:14.700+0000] {processor.py:840} INFO - DAG(s) 'dag_taskflow_api' retrieved from /opt/airflow/dags/dag_taskflow_api.py
[2024-06-30T07:17:14.775+0000] {logging_mixin.py:188} INFO - [2024-06-30T07:17:14.774+0000] {dag.py:3096} INFO - Sync 1 DAGs
[2024-06-30T07:17:14.848+0000] {logging_mixin.py:188} INFO - [2024-06-30T07:17:14.847+0000] {dag.py:3954} INFO - Setting next_dagrun for dag_taskflow_api to 2024-06-30 00:00:00+00:00, run_after=2024-07-01 00:00:00+00:00
[2024-06-30T07:17:14.912+0000] {processor.py:183} INFO - Processing /opt/airflow/dags/dag_taskflow_api.py took 0.270 seconds
[2024-06-30T07:17:45.726+0000] {processor.py:161} INFO - Started process (PID=5096) to work on /opt/airflow/dags/dag_taskflow_api.py
[2024-06-30T07:17:45.728+0000] {processor.py:830} INFO - Processing file /opt/airflow/dags/dag_taskflow_api.py for tasks to queue
[2024-06-30T07:17:45.730+0000] {logging_mixin.py:188} INFO - [2024-06-30T07:17:45.729+0000] {dagbag.py:545} INFO - Filling up the DagBag from /opt/airflow/dags/dag_taskflow_api.py
[2024-06-30T07:17:45.781+0000] {processor.py:840} INFO - DAG(s) 'dag_taskflow_api' retrieved from /opt/airflow/dags/dag_taskflow_api.py
[2024-06-30T07:17:45.867+0000] {logging_mixin.py:188} INFO - [2024-06-30T07:17:45.867+0000] {dag.py:3096} INFO - Sync 1 DAGs
[2024-06-30T07:17:45.953+0000] {logging_mixin.py:188} INFO - [2024-06-30T07:17:45.953+0000] {dag.py:3954} INFO - Setting next_dagrun for dag_taskflow_api to 2024-06-30 00:00:00+00:00, run_after=2024-07-01 00:00:00+00:00
[2024-06-30T07:17:45.988+0000] {processor.py:183} INFO - Processing /opt/airflow/dags/dag_taskflow_api.py took 0.274 seconds
[2024-06-30T07:18:16.109+0000] {processor.py:161} INFO - Started process (PID=5123) to work on /opt/airflow/dags/dag_taskflow_api.py
[2024-06-30T07:18:16.111+0000] {processor.py:830} INFO - Processing file /opt/airflow/dags/dag_taskflow_api.py for tasks to queue
[2024-06-30T07:18:16.113+0000] {logging_mixin.py:188} INFO - [2024-06-30T07:18:16.112+0000] {dagbag.py:545} INFO - Filling up the DagBag from /opt/airflow/dags/dag_taskflow_api.py
[2024-06-30T07:18:16.151+0000] {processor.py:840} INFO - DAG(s) 'dag_taskflow_api' retrieved from /opt/airflow/dags/dag_taskflow_api.py
[2024-06-30T07:18:16.218+0000] {logging_mixin.py:188} INFO - [2024-06-30T07:18:16.217+0000] {dag.py:3096} INFO - Sync 1 DAGs
[2024-06-30T07:18:16.274+0000] {logging_mixin.py:188} INFO - [2024-06-30T07:18:16.273+0000] {dag.py:3954} INFO - Setting next_dagrun for dag_taskflow_api to 2024-06-30 00:00:00+00:00, run_after=2024-07-01 00:00:00+00:00
[2024-06-30T07:18:16.316+0000] {processor.py:183} INFO - Processing /opt/airflow/dags/dag_taskflow_api.py took 0.219 seconds
[2024-06-30T07:18:47.211+0000] {processor.py:161} INFO - Started process (PID=5149) to work on /opt/airflow/dags/dag_taskflow_api.py
[2024-06-30T07:18:47.214+0000] {processor.py:830} INFO - Processing file /opt/airflow/dags/dag_taskflow_api.py for tasks to queue
[2024-06-30T07:18:47.216+0000] {logging_mixin.py:188} INFO - [2024-06-30T07:18:47.215+0000] {dagbag.py:545} INFO - Filling up the DagBag from /opt/airflow/dags/dag_taskflow_api.py
[2024-06-30T07:18:47.263+0000] {processor.py:840} INFO - DAG(s) 'dag_taskflow_api' retrieved from /opt/airflow/dags/dag_taskflow_api.py
[2024-06-30T07:18:47.316+0000] {logging_mixin.py:188} INFO - [2024-06-30T07:18:47.316+0000] {dag.py:3096} INFO - Sync 1 DAGs
[2024-06-30T07:18:47.366+0000] {logging_mixin.py:188} INFO - [2024-06-30T07:18:47.366+0000] {dag.py:3954} INFO - Setting next_dagrun for dag_taskflow_api to 2024-06-30 00:00:00+00:00, run_after=2024-07-01 00:00:00+00:00
[2024-06-30T07:18:47.403+0000] {processor.py:183} INFO - Processing /opt/airflow/dags/dag_taskflow_api.py took 0.209 seconds
[2024-06-30T07:19:18.300+0000] {processor.py:161} INFO - Started process (PID=5176) to work on /opt/airflow/dags/dag_taskflow_api.py
[2024-06-30T07:19:18.302+0000] {processor.py:830} INFO - Processing file /opt/airflow/dags/dag_taskflow_api.py for tasks to queue
[2024-06-30T07:19:18.304+0000] {logging_mixin.py:188} INFO - [2024-06-30T07:19:18.303+0000] {dagbag.py:545} INFO - Filling up the DagBag from /opt/airflow/dags/dag_taskflow_api.py
[2024-06-30T07:19:18.340+0000] {processor.py:840} INFO - DAG(s) 'dag_taskflow_api' retrieved from /opt/airflow/dags/dag_taskflow_api.py
[2024-06-30T07:19:18.400+0000] {logging_mixin.py:188} INFO - [2024-06-30T07:19:18.400+0000] {dag.py:3096} INFO - Sync 1 DAGs
[2024-06-30T07:19:18.457+0000] {logging_mixin.py:188} INFO - [2024-06-30T07:19:18.456+0000] {dag.py:3954} INFO - Setting next_dagrun for dag_taskflow_api to 2024-06-30 00:00:00+00:00, run_after=2024-07-01 00:00:00+00:00
[2024-06-30T07:19:18.492+0000] {processor.py:183} INFO - Processing /opt/airflow/dags/dag_taskflow_api.py took 0.199 seconds
[2024-06-30T07:19:48.699+0000] {processor.py:161} INFO - Started process (PID=5202) to work on /opt/airflow/dags/dag_taskflow_api.py
[2024-06-30T07:19:48.701+0000] {processor.py:830} INFO - Processing file /opt/airflow/dags/dag_taskflow_api.py for tasks to queue
[2024-06-30T07:19:48.704+0000] {logging_mixin.py:188} INFO - [2024-06-30T07:19:48.703+0000] {dagbag.py:545} INFO - Filling up the DagBag from /opt/airflow/dags/dag_taskflow_api.py
[2024-06-30T07:19:48.757+0000] {processor.py:840} INFO - DAG(s) 'dag_taskflow_api' retrieved from /opt/airflow/dags/dag_taskflow_api.py
[2024-06-30T07:19:48.816+0000] {logging_mixin.py:188} INFO - [2024-06-30T07:19:48.816+0000] {dag.py:3096} INFO - Sync 1 DAGs
[2024-06-30T07:19:48.880+0000] {logging_mixin.py:188} INFO - [2024-06-30T07:19:48.879+0000] {dag.py:3954} INFO - Setting next_dagrun for dag_taskflow_api to 2024-06-30 00:00:00+00:00, run_after=2024-07-01 00:00:00+00:00
[2024-06-30T07:19:48.949+0000] {processor.py:183} INFO - Processing /opt/airflow/dags/dag_taskflow_api.py took 0.264 seconds
[2024-06-30T07:20:19.244+0000] {processor.py:161} INFO - Started process (PID=5230) to work on /opt/airflow/dags/dag_taskflow_api.py
[2024-06-30T07:20:19.246+0000] {processor.py:830} INFO - Processing file /opt/airflow/dags/dag_taskflow_api.py for tasks to queue
[2024-06-30T07:20:19.247+0000] {logging_mixin.py:188} INFO - [2024-06-30T07:20:19.247+0000] {dagbag.py:545} INFO - Filling up the DagBag from /opt/airflow/dags/dag_taskflow_api.py
[2024-06-30T07:20:19.272+0000] {processor.py:840} INFO - DAG(s) 'dag_taskflow_api' retrieved from /opt/airflow/dags/dag_taskflow_api.py
[2024-06-30T07:20:19.312+0000] {logging_mixin.py:188} INFO - [2024-06-30T07:20:19.311+0000] {dag.py:3096} INFO - Sync 1 DAGs
[2024-06-30T07:20:19.340+0000] {logging_mixin.py:188} INFO - [2024-06-30T07:20:19.340+0000] {dag.py:3954} INFO - Setting next_dagrun for dag_taskflow_api to 2024-06-30 00:00:00+00:00, run_after=2024-07-01 00:00:00+00:00
[2024-06-30T07:20:19.369+0000] {processor.py:183} INFO - Processing /opt/airflow/dags/dag_taskflow_api.py took 0.132 seconds
[2024-06-30T07:20:49.711+0000] {processor.py:161} INFO - Started process (PID=5257) to work on /opt/airflow/dags/dag_taskflow_api.py
[2024-06-30T07:20:49.716+0000] {processor.py:830} INFO - Processing file /opt/airflow/dags/dag_taskflow_api.py for tasks to queue
[2024-06-30T07:20:49.718+0000] {logging_mixin.py:188} INFO - [2024-06-30T07:20:49.717+0000] {dagbag.py:545} INFO - Filling up the DagBag from /opt/airflow/dags/dag_taskflow_api.py
[2024-06-30T07:20:49.761+0000] {processor.py:840} INFO - DAG(s) 'dag_taskflow_api' retrieved from /opt/airflow/dags/dag_taskflow_api.py
[2024-06-30T07:20:49.809+0000] {logging_mixin.py:188} INFO - [2024-06-30T07:20:49.809+0000] {dag.py:3096} INFO - Sync 1 DAGs
[2024-06-30T07:20:49.856+0000] {logging_mixin.py:188} INFO - [2024-06-30T07:20:49.856+0000] {dag.py:3954} INFO - Setting next_dagrun for dag_taskflow_api to 2024-06-30 00:00:00+00:00, run_after=2024-07-01 00:00:00+00:00
[2024-06-30T07:20:49.895+0000] {processor.py:183} INFO - Processing /opt/airflow/dags/dag_taskflow_api.py took 0.194 seconds
[2024-06-30T07:21:20.754+0000] {processor.py:161} INFO - Started process (PID=5281) to work on /opt/airflow/dags/dag_taskflow_api.py
[2024-06-30T07:21:20.756+0000] {processor.py:830} INFO - Processing file /opt/airflow/dags/dag_taskflow_api.py for tasks to queue
[2024-06-30T07:21:20.762+0000] {logging_mixin.py:188} INFO - [2024-06-30T07:21:20.761+0000] {dagbag.py:545} INFO - Filling up the DagBag from /opt/airflow/dags/dag_taskflow_api.py
[2024-06-30T07:21:20.829+0000] {processor.py:840} INFO - DAG(s) 'dag_taskflow_api' retrieved from /opt/airflow/dags/dag_taskflow_api.py
[2024-06-30T07:21:20.919+0000] {logging_mixin.py:188} INFO - [2024-06-30T07:21:20.918+0000] {dag.py:3096} INFO - Sync 1 DAGs
[2024-06-30T07:21:20.971+0000] {logging_mixin.py:188} INFO - [2024-06-30T07:21:20.970+0000] {dag.py:3954} INFO - Setting next_dagrun for dag_taskflow_api to 2024-06-30 00:00:00+00:00, run_after=2024-07-01 00:00:00+00:00
[2024-06-30T07:21:21.046+0000] {processor.py:183} INFO - Processing /opt/airflow/dags/dag_taskflow_api.py took 0.307 seconds
[2024-06-30T07:21:51.380+0000] {processor.py:161} INFO - Started process (PID=5308) to work on /opt/airflow/dags/dag_taskflow_api.py
[2024-06-30T07:21:51.386+0000] {processor.py:830} INFO - Processing file /opt/airflow/dags/dag_taskflow_api.py for tasks to queue
[2024-06-30T07:21:51.389+0000] {logging_mixin.py:188} INFO - [2024-06-30T07:21:51.388+0000] {dagbag.py:545} INFO - Filling up the DagBag from /opt/airflow/dags/dag_taskflow_api.py
[2024-06-30T07:21:51.434+0000] {processor.py:840} INFO - DAG(s) 'dag_taskflow_api' retrieved from /opt/airflow/dags/dag_taskflow_api.py
[2024-06-30T07:21:51.487+0000] {logging_mixin.py:188} INFO - [2024-06-30T07:21:51.487+0000] {dag.py:3096} INFO - Sync 1 DAGs
[2024-06-30T07:21:51.526+0000] {logging_mixin.py:188} INFO - [2024-06-30T07:21:51.525+0000] {dag.py:3954} INFO - Setting next_dagrun for dag_taskflow_api to 2024-06-30 00:00:00+00:00, run_after=2024-07-01 00:00:00+00:00
[2024-06-30T07:21:51.563+0000] {processor.py:183} INFO - Processing /opt/airflow/dags/dag_taskflow_api.py took 0.203 seconds
[2024-06-30T07:22:22.590+0000] {processor.py:161} INFO - Started process (PID=5334) to work on /opt/airflow/dags/dag_taskflow_api.py
[2024-06-30T07:22:22.592+0000] {processor.py:830} INFO - Processing file /opt/airflow/dags/dag_taskflow_api.py for tasks to queue
[2024-06-30T07:22:22.595+0000] {logging_mixin.py:188} INFO - [2024-06-30T07:22:22.594+0000] {dagbag.py:545} INFO - Filling up the DagBag from /opt/airflow/dags/dag_taskflow_api.py
[2024-06-30T07:22:22.646+0000] {processor.py:840} INFO - DAG(s) 'dag_taskflow_api' retrieved from /opt/airflow/dags/dag_taskflow_api.py
[2024-06-30T07:22:22.782+0000] {logging_mixin.py:188} INFO - [2024-06-30T07:22:22.781+0000] {dag.py:3096} INFO - Sync 1 DAGs
[2024-06-30T07:22:22.889+0000] {logging_mixin.py:188} INFO - [2024-06-30T07:22:22.889+0000] {dag.py:3954} INFO - Setting next_dagrun for dag_taskflow_api to 2024-06-30 00:00:00+00:00, run_after=2024-07-01 00:00:00+00:00
[2024-06-30T07:22:23.006+0000] {processor.py:183} INFO - Processing /opt/airflow/dags/dag_taskflow_api.py took 0.431 seconds
[2024-06-30T07:22:53.653+0000] {processor.py:161} INFO - Started process (PID=5361) to work on /opt/airflow/dags/dag_taskflow_api.py
[2024-06-30T07:22:53.657+0000] {processor.py:830} INFO - Processing file /opt/airflow/dags/dag_taskflow_api.py for tasks to queue
[2024-06-30T07:22:53.660+0000] {logging_mixin.py:188} INFO - [2024-06-30T07:22:53.659+0000] {dagbag.py:545} INFO - Filling up the DagBag from /opt/airflow/dags/dag_taskflow_api.py
[2024-06-30T07:22:53.727+0000] {processor.py:840} INFO - DAG(s) 'dag_taskflow_api' retrieved from /opt/airflow/dags/dag_taskflow_api.py
[2024-06-30T07:22:53.784+0000] {logging_mixin.py:188} INFO - [2024-06-30T07:22:53.784+0000] {dag.py:3096} INFO - Sync 1 DAGs
[2024-06-30T07:22:53.819+0000] {logging_mixin.py:188} INFO - [2024-06-30T07:22:53.819+0000] {dag.py:3954} INFO - Setting next_dagrun for dag_taskflow_api to 2024-06-30 00:00:00+00:00, run_after=2024-07-01 00:00:00+00:00
[2024-06-30T07:22:53.857+0000] {processor.py:183} INFO - Processing /opt/airflow/dags/dag_taskflow_api.py took 0.215 seconds
[2024-06-30T07:23:24.791+0000] {processor.py:161} INFO - Started process (PID=5388) to work on /opt/airflow/dags/dag_taskflow_api.py
[2024-06-30T07:23:24.793+0000] {processor.py:830} INFO - Processing file /opt/airflow/dags/dag_taskflow_api.py for tasks to queue
[2024-06-30T07:23:24.795+0000] {logging_mixin.py:188} INFO - [2024-06-30T07:23:24.794+0000] {dagbag.py:545} INFO - Filling up the DagBag from /opt/airflow/dags/dag_taskflow_api.py
[2024-06-30T07:23:24.830+0000] {processor.py:840} INFO - DAG(s) 'dag_taskflow_api' retrieved from /opt/airflow/dags/dag_taskflow_api.py
[2024-06-30T07:23:24.871+0000] {logging_mixin.py:188} INFO - [2024-06-30T07:23:24.871+0000] {dag.py:3096} INFO - Sync 1 DAGs
[2024-06-30T07:23:24.908+0000] {logging_mixin.py:188} INFO - [2024-06-30T07:23:24.908+0000] {dag.py:3954} INFO - Setting next_dagrun for dag_taskflow_api to 2024-06-30 00:00:00+00:00, run_after=2024-07-01 00:00:00+00:00
[2024-06-30T07:23:24.939+0000] {processor.py:183} INFO - Processing /opt/airflow/dags/dag_taskflow_api.py took 0.159 seconds
[2024-06-30T07:23:55.585+0000] {processor.py:161} INFO - Started process (PID=5414) to work on /opt/airflow/dags/dag_taskflow_api.py
[2024-06-30T07:23:55.587+0000] {processor.py:830} INFO - Processing file /opt/airflow/dags/dag_taskflow_api.py for tasks to queue
[2024-06-30T07:23:55.589+0000] {logging_mixin.py:188} INFO - [2024-06-30T07:23:55.588+0000] {dagbag.py:545} INFO - Filling up the DagBag from /opt/airflow/dags/dag_taskflow_api.py
[2024-06-30T07:23:55.676+0000] {processor.py:840} INFO - DAG(s) 'dag_taskflow_api' retrieved from /opt/airflow/dags/dag_taskflow_api.py
[2024-06-30T07:23:55.814+0000] {logging_mixin.py:188} INFO - [2024-06-30T07:23:55.814+0000] {dag.py:3096} INFO - Sync 1 DAGs
[2024-06-30T07:23:55.876+0000] {logging_mixin.py:188} INFO - [2024-06-30T07:23:55.875+0000] {dag.py:3954} INFO - Setting next_dagrun for dag_taskflow_api to 2024-06-30 00:00:00+00:00, run_after=2024-07-01 00:00:00+00:00
[2024-06-30T07:23:55.922+0000] {processor.py:183} INFO - Processing /opt/airflow/dags/dag_taskflow_api.py took 0.356 seconds
[2024-06-30T07:24:26.869+0000] {processor.py:161} INFO - Started process (PID=5440) to work on /opt/airflow/dags/dag_taskflow_api.py
[2024-06-30T07:24:26.872+0000] {processor.py:830} INFO - Processing file /opt/airflow/dags/dag_taskflow_api.py for tasks to queue
[2024-06-30T07:24:26.875+0000] {logging_mixin.py:188} INFO - [2024-06-30T07:24:26.874+0000] {dagbag.py:545} INFO - Filling up the DagBag from /opt/airflow/dags/dag_taskflow_api.py
[2024-06-30T07:24:26.928+0000] {processor.py:840} INFO - DAG(s) 'dag_taskflow_api' retrieved from /opt/airflow/dags/dag_taskflow_api.py
[2024-06-30T07:24:26.978+0000] {logging_mixin.py:188} INFO - [2024-06-30T07:24:26.977+0000] {dag.py:3096} INFO - Sync 1 DAGs
[2024-06-30T07:24:27.020+0000] {logging_mixin.py:188} INFO - [2024-06-30T07:24:27.020+0000] {dag.py:3954} INFO - Setting next_dagrun for dag_taskflow_api to 2024-06-30 00:00:00+00:00, run_after=2024-07-01 00:00:00+00:00
[2024-06-30T07:24:27.072+0000] {processor.py:183} INFO - Processing /opt/airflow/dags/dag_taskflow_api.py took 0.216 seconds
[2024-06-30T07:24:57.439+0000] {processor.py:161} INFO - Started process (PID=5466) to work on /opt/airflow/dags/dag_taskflow_api.py
[2024-06-30T07:24:57.441+0000] {processor.py:830} INFO - Processing file /opt/airflow/dags/dag_taskflow_api.py for tasks to queue
[2024-06-30T07:24:57.444+0000] {logging_mixin.py:188} INFO - [2024-06-30T07:24:57.443+0000] {dagbag.py:545} INFO - Filling up the DagBag from /opt/airflow/dags/dag_taskflow_api.py
[2024-06-30T07:24:57.492+0000] {processor.py:840} INFO - DAG(s) 'dag_taskflow_api' retrieved from /opt/airflow/dags/dag_taskflow_api.py
[2024-06-30T07:24:57.553+0000] {logging_mixin.py:188} INFO - [2024-06-30T07:24:57.552+0000] {dag.py:3096} INFO - Sync 1 DAGs
[2024-06-30T07:24:57.619+0000] {logging_mixin.py:188} INFO - [2024-06-30T07:24:57.618+0000] {dag.py:3954} INFO - Setting next_dagrun for dag_taskflow_api to 2024-06-30 00:00:00+00:00, run_after=2024-07-01 00:00:00+00:00
[2024-06-30T07:24:57.687+0000] {processor.py:183} INFO - Processing /opt/airflow/dags/dag_taskflow_api.py took 0.259 seconds
[2024-06-30T07:25:28.645+0000] {processor.py:161} INFO - Started process (PID=5492) to work on /opt/airflow/dags/dag_taskflow_api.py
[2024-06-30T07:25:28.647+0000] {processor.py:830} INFO - Processing file /opt/airflow/dags/dag_taskflow_api.py for tasks to queue
[2024-06-30T07:25:28.649+0000] {logging_mixin.py:188} INFO - [2024-06-30T07:25:28.648+0000] {dagbag.py:545} INFO - Filling up the DagBag from /opt/airflow/dags/dag_taskflow_api.py
[2024-06-30T07:25:28.698+0000] {processor.py:840} INFO - DAG(s) 'dag_taskflow_api' retrieved from /opt/airflow/dags/dag_taskflow_api.py
[2024-06-30T07:25:28.802+0000] {logging_mixin.py:188} INFO - [2024-06-30T07:25:28.801+0000] {dag.py:3096} INFO - Sync 1 DAGs
[2024-06-30T07:25:28.930+0000] {logging_mixin.py:188} INFO - [2024-06-30T07:25:28.930+0000] {dag.py:3954} INFO - Setting next_dagrun for dag_taskflow_api to 2024-06-30 00:00:00+00:00, run_after=2024-07-01 00:00:00+00:00
[2024-06-30T07:25:28.995+0000] {processor.py:183} INFO - Processing /opt/airflow/dags/dag_taskflow_api.py took 0.364 seconds
[2024-06-30T07:25:59.406+0000] {processor.py:161} INFO - Started process (PID=5520) to work on /opt/airflow/dags/dag_taskflow_api.py
[2024-06-30T07:25:59.408+0000] {processor.py:830} INFO - Processing file /opt/airflow/dags/dag_taskflow_api.py for tasks to queue
[2024-06-30T07:25:59.410+0000] {logging_mixin.py:188} INFO - [2024-06-30T07:25:59.409+0000] {dagbag.py:545} INFO - Filling up the DagBag from /opt/airflow/dags/dag_taskflow_api.py
[2024-06-30T07:25:59.439+0000] {processor.py:840} INFO - DAG(s) 'dag_taskflow_api' retrieved from /opt/airflow/dags/dag_taskflow_api.py
[2024-06-30T07:25:59.479+0000] {logging_mixin.py:188} INFO - [2024-06-30T07:25:59.479+0000] {dag.py:3096} INFO - Sync 1 DAGs
[2024-06-30T07:25:59.518+0000] {logging_mixin.py:188} INFO - [2024-06-30T07:25:59.517+0000] {dag.py:3954} INFO - Setting next_dagrun for dag_taskflow_api to 2024-06-30 00:00:00+00:00, run_after=2024-07-01 00:00:00+00:00
[2024-06-30T07:25:59.563+0000] {processor.py:183} INFO - Processing /opt/airflow/dags/dag_taskflow_api.py took 0.163 seconds
[2024-06-30T07:26:29.776+0000] {processor.py:161} INFO - Started process (PID=5546) to work on /opt/airflow/dags/dag_taskflow_api.py
[2024-06-30T07:26:29.777+0000] {processor.py:830} INFO - Processing file /opt/airflow/dags/dag_taskflow_api.py for tasks to queue
[2024-06-30T07:26:29.778+0000] {logging_mixin.py:188} INFO - [2024-06-30T07:26:29.778+0000] {dagbag.py:545} INFO - Filling up the DagBag from /opt/airflow/dags/dag_taskflow_api.py
[2024-06-30T07:26:29.805+0000] {processor.py:840} INFO - DAG(s) 'dag_taskflow_api' retrieved from /opt/airflow/dags/dag_taskflow_api.py
[2024-06-30T07:26:29.848+0000] {logging_mixin.py:188} INFO - [2024-06-30T07:26:29.848+0000] {dag.py:3096} INFO - Sync 1 DAGs
[2024-06-30T07:26:29.882+0000] {logging_mixin.py:188} INFO - [2024-06-30T07:26:29.882+0000] {dag.py:3954} INFO - Setting next_dagrun for dag_taskflow_api to 2024-06-30 00:00:00+00:00, run_after=2024-07-01 00:00:00+00:00
[2024-06-30T07:26:29.925+0000] {processor.py:183} INFO - Processing /opt/airflow/dags/dag_taskflow_api.py took 0.156 seconds
[2024-06-30T07:27:00.127+0000] {processor.py:161} INFO - Started process (PID=5572) to work on /opt/airflow/dags/dag_taskflow_api.py
[2024-06-30T07:27:00.129+0000] {processor.py:830} INFO - Processing file /opt/airflow/dags/dag_taskflow_api.py for tasks to queue
[2024-06-30T07:27:00.130+0000] {logging_mixin.py:188} INFO - [2024-06-30T07:27:00.130+0000] {dagbag.py:545} INFO - Filling up the DagBag from /opt/airflow/dags/dag_taskflow_api.py
[2024-06-30T07:27:00.167+0000] {processor.py:840} INFO - DAG(s) 'dag_taskflow_api' retrieved from /opt/airflow/dags/dag_taskflow_api.py
[2024-06-30T07:27:00.231+0000] {logging_mixin.py:188} INFO - [2024-06-30T07:27:00.230+0000] {dag.py:3096} INFO - Sync 1 DAGs
[2024-06-30T07:27:00.318+0000] {logging_mixin.py:188} INFO - [2024-06-30T07:27:00.317+0000] {dag.py:3954} INFO - Setting next_dagrun for dag_taskflow_api to 2024-06-30 00:00:00+00:00, run_after=2024-07-01 00:00:00+00:00
[2024-06-30T07:27:00.391+0000] {processor.py:183} INFO - Processing /opt/airflow/dags/dag_taskflow_api.py took 0.272 seconds
[2024-06-30T07:27:30.667+0000] {processor.py:161} INFO - Started process (PID=5598) to work on /opt/airflow/dags/dag_taskflow_api.py
[2024-06-30T07:27:30.669+0000] {processor.py:830} INFO - Processing file /opt/airflow/dags/dag_taskflow_api.py for tasks to queue
[2024-06-30T07:27:30.670+0000] {logging_mixin.py:188} INFO - [2024-06-30T07:27:30.670+0000] {dagbag.py:545} INFO - Filling up the DagBag from /opt/airflow/dags/dag_taskflow_api.py
[2024-06-30T07:27:30.708+0000] {processor.py:840} INFO - DAG(s) 'dag_taskflow_api' retrieved from /opt/airflow/dags/dag_taskflow_api.py
[2024-06-30T07:27:30.755+0000] {logging_mixin.py:188} INFO - [2024-06-30T07:27:30.754+0000] {dag.py:3096} INFO - Sync 1 DAGs
[2024-06-30T07:27:30.795+0000] {logging_mixin.py:188} INFO - [2024-06-30T07:27:30.795+0000] {dag.py:3954} INFO - Setting next_dagrun for dag_taskflow_api to 2024-06-30 00:00:00+00:00, run_after=2024-07-01 00:00:00+00:00
[2024-06-30T07:27:30.831+0000] {processor.py:183} INFO - Processing /opt/airflow/dags/dag_taskflow_api.py took 0.172 seconds
