[2024-06-30T07:01:42.580+0000] {processor.py:161} INFO - Started process (PID=4254) to work on /opt/airflow/dags/dag_catchup_backfill.py
[2024-06-30T07:01:42.582+0000] {processor.py:830} INFO - Processing file /opt/airflow/dags/dag_catchup_backfill.py for tasks to queue
[2024-06-30T07:01:42.584+0000] {logging_mixin.py:188} INFO - [2024-06-30T07:01:42.584+0000] {dagbag.py:545} INFO - Filling up the DagBag from /opt/airflow/dags/dag_catchup_backfill.py
[2024-06-30T07:01:42.637+0000] {processor.py:840} INFO - DAG(s) 'DAG_catchup_backfill' retrieved from /opt/airflow/dags/dag_catchup_backfill.py
[2024-06-30T07:01:42.823+0000] {logging_mixin.py:188} INFO - [2024-06-30T07:01:42.822+0000] {override.py:1829} INFO - Created Permission View: can edit on DAG:DAG_catchup_backfill
[2024-06-30T07:01:42.837+0000] {logging_mixin.py:188} INFO - [2024-06-30T07:01:42.837+0000] {override.py:1829} INFO - Created Permission View: can delete on DAG:DAG_catchup_backfill
[2024-06-30T07:01:42.847+0000] {logging_mixin.py:188} INFO - [2024-06-30T07:01:42.846+0000] {override.py:1829} INFO - Created Permission View: can read on DAG:DAG_catchup_backfill
[2024-06-30T07:01:42.848+0000] {logging_mixin.py:188} INFO - [2024-06-30T07:01:42.848+0000] {dag.py:3096} INFO - Sync 1 DAGs
[2024-06-30T07:01:42.866+0000] {logging_mixin.py:188} INFO - [2024-06-30T07:01:42.866+0000] {dag.py:3118} INFO - Creating ORM DAG for DAG_catchup_backfill
[2024-06-30T07:01:42.883+0000] {logging_mixin.py:188} INFO - [2024-06-30T07:01:42.882+0000] {dag.py:3954} INFO - Setting next_dagrun for DAG_catchup_backfill to 2024-06-29 00:00:00+00:00, run_after=2024-06-30 00:00:00+00:00
[2024-06-30T07:01:42.919+0000] {processor.py:183} INFO - Processing /opt/airflow/dags/dag_catchup_backfill.py took 0.369 seconds
[2024-06-30T07:02:13.499+0000] {processor.py:161} INFO - Started process (PID=4283) to work on /opt/airflow/dags/dag_catchup_backfill.py
[2024-06-30T07:02:13.501+0000] {processor.py:830} INFO - Processing file /opt/airflow/dags/dag_catchup_backfill.py for tasks to queue
[2024-06-30T07:02:13.502+0000] {logging_mixin.py:188} INFO - [2024-06-30T07:02:13.502+0000] {dagbag.py:545} INFO - Filling up the DagBag from /opt/airflow/dags/dag_catchup_backfill.py
[2024-06-30T07:02:13.531+0000] {processor.py:840} INFO - DAG(s) 'DAG_catchup_backfill' retrieved from /opt/airflow/dags/dag_catchup_backfill.py
[2024-06-30T07:02:13.582+0000] {logging_mixin.py:188} INFO - [2024-06-30T07:02:13.582+0000] {dag.py:3096} INFO - Sync 1 DAGs
[2024-06-30T07:02:13.670+0000] {logging_mixin.py:188} INFO - [2024-06-30T07:02:13.667+0000] {dag.py:3954} INFO - Setting next_dagrun for DAG_catchup_backfill to 2024-06-30 00:00:00+00:00, run_after=2024-07-01 00:00:00+00:00
[2024-06-30T07:02:13.740+0000] {processor.py:183} INFO - Processing /opt/airflow/dags/dag_catchup_backfill.py took 0.251 seconds
[2024-06-30T07:02:44.452+0000] {processor.py:161} INFO - Started process (PID=4309) to work on /opt/airflow/dags/dag_catchup_backfill.py
[2024-06-30T07:02:44.454+0000] {processor.py:830} INFO - Processing file /opt/airflow/dags/dag_catchup_backfill.py for tasks to queue
[2024-06-30T07:02:44.458+0000] {logging_mixin.py:188} INFO - [2024-06-30T07:02:44.458+0000] {dagbag.py:545} INFO - Filling up the DagBag from /opt/airflow/dags/dag_catchup_backfill.py
[2024-06-30T07:02:44.503+0000] {processor.py:840} INFO - DAG(s) 'DAG_catchup_backfill' retrieved from /opt/airflow/dags/dag_catchup_backfill.py
[2024-06-30T07:02:44.543+0000] {logging_mixin.py:188} INFO - [2024-06-30T07:02:44.542+0000] {dag.py:3096} INFO - Sync 1 DAGs
[2024-06-30T07:02:44.580+0000] {logging_mixin.py:188} INFO - [2024-06-30T07:02:44.579+0000] {dag.py:3954} INFO - Setting next_dagrun for DAG_catchup_backfill to 2024-06-30 00:00:00+00:00, run_after=2024-07-01 00:00:00+00:00
[2024-06-30T07:02:44.618+0000] {processor.py:183} INFO - Processing /opt/airflow/dags/dag_catchup_backfill.py took 0.185 seconds
[2024-06-30T07:02:51.697+0000] {processor.py:161} INFO - Started process (PID=4314) to work on /opt/airflow/dags/dag_catchup_backfill.py
[2024-06-30T07:02:51.698+0000] {processor.py:830} INFO - Processing file /opt/airflow/dags/dag_catchup_backfill.py for tasks to queue
[2024-06-30T07:02:51.700+0000] {logging_mixin.py:188} INFO - [2024-06-30T07:02:51.699+0000] {dagbag.py:545} INFO - Filling up the DagBag from /opt/airflow/dags/dag_catchup_backfill.py
[2024-06-30T07:02:51.787+0000] {processor.py:840} INFO - DAG(s) 'DAG_catchup_backfill' retrieved from /opt/airflow/dags/dag_catchup_backfill.py
[2024-06-30T07:02:51.889+0000] {logging_mixin.py:188} INFO - [2024-06-30T07:02:51.888+0000] {dag.py:3096} INFO - Sync 1 DAGs
[2024-06-30T07:02:51.931+0000] {logging_mixin.py:188} INFO - [2024-06-30T07:02:51.930+0000] {dag.py:3954} INFO - Setting next_dagrun for DAG_catchup_backfill to 2024-06-30 00:00:00+00:00, run_after=2024-07-01 00:00:00+00:00
[2024-06-30T07:02:51.967+0000] {processor.py:183} INFO - Processing /opt/airflow/dags/dag_catchup_backfill.py took 0.277 seconds
[2024-06-30T07:03:22.605+0000] {processor.py:161} INFO - Started process (PID=4343) to work on /opt/airflow/dags/dag_catchup_backfill.py
[2024-06-30T07:03:22.607+0000] {processor.py:830} INFO - Processing file /opt/airflow/dags/dag_catchup_backfill.py for tasks to queue
[2024-06-30T07:03:22.609+0000] {logging_mixin.py:188} INFO - [2024-06-30T07:03:22.608+0000] {dagbag.py:545} INFO - Filling up the DagBag from /opt/airflow/dags/dag_catchup_backfill.py
[2024-06-30T07:03:22.631+0000] {processor.py:840} INFO - DAG(s) 'DAG_catchup_backfill' retrieved from /opt/airflow/dags/dag_catchup_backfill.py
[2024-06-30T07:03:22.680+0000] {logging_mixin.py:188} INFO - [2024-06-30T07:03:22.680+0000] {dag.py:3096} INFO - Sync 1 DAGs
[2024-06-30T07:03:22.715+0000] {logging_mixin.py:188} INFO - [2024-06-30T07:03:22.715+0000] {dag.py:3954} INFO - Setting next_dagrun for DAG_catchup_backfill to 2024-06-30 00:00:00+00:00, run_after=2024-07-01 00:00:00+00:00
[2024-06-30T07:03:22.747+0000] {processor.py:183} INFO - Processing /opt/airflow/dags/dag_catchup_backfill.py took 0.148 seconds
[2024-06-30T07:03:53.627+0000] {processor.py:161} INFO - Started process (PID=4369) to work on /opt/airflow/dags/dag_catchup_backfill.py
[2024-06-30T07:03:53.630+0000] {processor.py:830} INFO - Processing file /opt/airflow/dags/dag_catchup_backfill.py for tasks to queue
[2024-06-30T07:03:53.634+0000] {logging_mixin.py:188} INFO - [2024-06-30T07:03:53.633+0000] {dagbag.py:545} INFO - Filling up the DagBag from /opt/airflow/dags/dag_catchup_backfill.py
[2024-06-30T07:03:53.682+0000] {processor.py:840} INFO - DAG(s) 'DAG_catchup_backfill' retrieved from /opt/airflow/dags/dag_catchup_backfill.py
[2024-06-30T07:03:53.732+0000] {logging_mixin.py:188} INFO - [2024-06-30T07:03:53.731+0000] {dag.py:3096} INFO - Sync 1 DAGs
[2024-06-30T07:03:53.805+0000] {logging_mixin.py:188} INFO - [2024-06-30T07:03:53.804+0000] {dag.py:3954} INFO - Setting next_dagrun for DAG_catchup_backfill to 2024-06-30 00:00:00+00:00, run_after=2024-07-01 00:00:00+00:00
[2024-06-30T07:03:53.853+0000] {processor.py:183} INFO - Processing /opt/airflow/dags/dag_catchup_backfill.py took 0.261 seconds
[2024-06-30T07:03:55.913+0000] {processor.py:161} INFO - Started process (PID=4374) to work on /opt/airflow/dags/dag_catchup_backfill.py
[2024-06-30T07:03:55.914+0000] {processor.py:830} INFO - Processing file /opt/airflow/dags/dag_catchup_backfill.py for tasks to queue
[2024-06-30T07:03:55.915+0000] {logging_mixin.py:188} INFO - [2024-06-30T07:03:55.915+0000] {dagbag.py:545} INFO - Filling up the DagBag from /opt/airflow/dags/dag_catchup_backfill.py
[2024-06-30T07:03:55.968+0000] {processor.py:840} INFO - DAG(s) 'DAG_catchup_backfill' retrieved from /opt/airflow/dags/dag_catchup_backfill.py
[2024-06-30T07:03:56.168+0000] {logging_mixin.py:188} INFO - [2024-06-30T07:03:56.168+0000] {dag.py:3096} INFO - Sync 1 DAGs
[2024-06-30T07:03:56.222+0000] {logging_mixin.py:188} INFO - [2024-06-30T07:03:56.222+0000] {dag.py:3954} INFO - Setting next_dagrun for DAG_catchup_backfill to 2024-06-30 00:00:00+00:00, run_after=2024-07-01 00:00:00+00:00
[2024-06-30T07:03:56.269+0000] {processor.py:183} INFO - Processing /opt/airflow/dags/dag_catchup_backfill.py took 0.368 seconds
[2024-06-30T07:04:26.736+0000] {processor.py:161} INFO - Started process (PID=4403) to work on /opt/airflow/dags/dag_catchup_backfill.py
[2024-06-30T07:04:26.738+0000] {processor.py:830} INFO - Processing file /opt/airflow/dags/dag_catchup_backfill.py for tasks to queue
[2024-06-30T07:04:26.739+0000] {logging_mixin.py:188} INFO - [2024-06-30T07:04:26.739+0000] {dagbag.py:545} INFO - Filling up the DagBag from /opt/airflow/dags/dag_catchup_backfill.py
[2024-06-30T07:04:26.766+0000] {processor.py:840} INFO - DAG(s) 'DAG_catchup_backfill' retrieved from /opt/airflow/dags/dag_catchup_backfill.py
[2024-06-30T07:04:26.801+0000] {logging_mixin.py:188} INFO - [2024-06-30T07:04:26.801+0000] {dag.py:3096} INFO - Sync 1 DAGs
[2024-06-30T07:04:26.838+0000] {logging_mixin.py:188} INFO - [2024-06-30T07:04:26.838+0000] {dag.py:3954} INFO - Setting next_dagrun for DAG_catchup_backfill to 2024-06-30 00:00:00+00:00, run_after=2024-07-01 00:00:00+00:00
[2024-06-30T07:04:26.865+0000] {processor.py:183} INFO - Processing /opt/airflow/dags/dag_catchup_backfill.py took 0.135 seconds
[2024-06-30T07:04:54.544+0000] {processor.py:161} INFO - Started process (PID=4429) to work on /opt/airflow/dags/dag_catchup_backfill.py
[2024-06-30T07:04:54.545+0000] {processor.py:830} INFO - Processing file /opt/airflow/dags/dag_catchup_backfill.py for tasks to queue
[2024-06-30T07:04:54.548+0000] {logging_mixin.py:188} INFO - [2024-06-30T07:04:54.547+0000] {dagbag.py:545} INFO - Filling up the DagBag from /opt/airflow/dags/dag_catchup_backfill.py
[2024-06-30T07:04:54.622+0000] {processor.py:840} INFO - DAG(s) 'DAG_catchup_backfill' retrieved from /opt/airflow/dags/dag_catchup_backfill.py
[2024-06-30T07:04:54.669+0000] {logging_mixin.py:188} INFO - [2024-06-30T07:04:54.668+0000] {dag.py:3096} INFO - Sync 1 DAGs
[2024-06-30T07:04:54.710+0000] {logging_mixin.py:188} INFO - [2024-06-30T07:04:54.710+0000] {dag.py:3954} INFO - Setting next_dagrun for DAG_catchup_backfill to 2024-06-30 00:00:00+00:00, run_after=2024-07-01 00:00:00+00:00
[2024-06-30T07:04:54.766+0000] {processor.py:183} INFO - Processing /opt/airflow/dags/dag_catchup_backfill.py took 0.231 seconds
[2024-06-30T07:05:12.857+0000] {processor.py:161} INFO - Started process (PID=4455) to work on /opt/airflow/dags/dag_catchup_backfill.py
[2024-06-30T07:05:12.858+0000] {processor.py:830} INFO - Processing file /opt/airflow/dags/dag_catchup_backfill.py for tasks to queue
[2024-06-30T07:05:12.860+0000] {logging_mixin.py:188} INFO - [2024-06-30T07:05:12.859+0000] {dagbag.py:545} INFO - Filling up the DagBag from /opt/airflow/dags/dag_catchup_backfill.py
[2024-06-30T07:05:12.902+0000] {processor.py:840} INFO - DAG(s) 'DAG_catchup_backfill' retrieved from /opt/airflow/dags/dag_catchup_backfill.py
[2024-06-30T07:05:13.106+0000] {logging_mixin.py:188} INFO - [2024-06-30T07:05:13.106+0000] {dag.py:3096} INFO - Sync 1 DAGs
[2024-06-30T07:05:13.140+0000] {logging_mixin.py:188} INFO - [2024-06-30T07:05:13.140+0000] {dag.py:3954} INFO - Setting next_dagrun for DAG_catchup_backfill to 2024-06-30 00:00:00+00:00, run_after=2024-07-01 00:00:00+00:00
[2024-06-30T07:05:13.187+0000] {processor.py:183} INFO - Processing /opt/airflow/dags/dag_catchup_backfill.py took 0.337 seconds
[2024-06-30T07:05:43.818+0000] {processor.py:161} INFO - Started process (PID=4481) to work on /opt/airflow/dags/dag_catchup_backfill.py
[2024-06-30T07:05:43.856+0000] {processor.py:830} INFO - Processing file /opt/airflow/dags/dag_catchup_backfill.py for tasks to queue
[2024-06-30T07:05:43.927+0000] {logging_mixin.py:188} INFO - [2024-06-30T07:05:43.926+0000] {dagbag.py:545} INFO - Filling up the DagBag from /opt/airflow/dags/dag_catchup_backfill.py
[2024-06-30T07:05:44.106+0000] {processor.py:840} INFO - DAG(s) 'DAG_catchup_backfill' retrieved from /opt/airflow/dags/dag_catchup_backfill.py
[2024-06-30T07:05:44.234+0000] {logging_mixin.py:188} INFO - [2024-06-30T07:05:44.233+0000] {dag.py:3096} INFO - Sync 1 DAGs
[2024-06-30T07:05:44.332+0000] {logging_mixin.py:188} INFO - [2024-06-30T07:05:44.331+0000] {dag.py:3954} INFO - Setting next_dagrun for DAG_catchup_backfill to 2024-06-30 00:00:00+00:00, run_after=2024-07-01 00:00:00+00:00
[2024-06-30T07:05:44.412+0000] {processor.py:183} INFO - Processing /opt/airflow/dags/dag_catchup_backfill.py took 0.615 seconds
[2024-06-30T07:06:15.268+0000] {processor.py:161} INFO - Started process (PID=4510) to work on /opt/airflow/dags/dag_catchup_backfill.py
[2024-06-30T07:06:15.269+0000] {processor.py:830} INFO - Processing file /opt/airflow/dags/dag_catchup_backfill.py for tasks to queue
[2024-06-30T07:06:15.271+0000] {logging_mixin.py:188} INFO - [2024-06-30T07:06:15.270+0000] {dagbag.py:545} INFO - Filling up the DagBag from /opt/airflow/dags/dag_catchup_backfill.py
[2024-06-30T07:06:15.299+0000] {processor.py:840} INFO - DAG(s) 'DAG_catchup_backfill' retrieved from /opt/airflow/dags/dag_catchup_backfill.py
[2024-06-30T07:06:15.337+0000] {logging_mixin.py:188} INFO - [2024-06-30T07:06:15.337+0000] {dag.py:3096} INFO - Sync 1 DAGs
[2024-06-30T07:06:15.370+0000] {logging_mixin.py:188} INFO - [2024-06-30T07:06:15.369+0000] {dag.py:3954} INFO - Setting next_dagrun for DAG_catchup_backfill to 2024-06-30 00:00:00+00:00, run_after=2024-07-01 00:00:00+00:00
[2024-06-30T07:06:15.412+0000] {processor.py:183} INFO - Processing /opt/airflow/dags/dag_catchup_backfill.py took 0.150 seconds
[2024-06-30T07:06:45.625+0000] {processor.py:161} INFO - Started process (PID=4539) to work on /opt/airflow/dags/dag_catchup_backfill.py
[2024-06-30T07:06:45.637+0000] {processor.py:830} INFO - Processing file /opt/airflow/dags/dag_catchup_backfill.py for tasks to queue
[2024-06-30T07:06:45.651+0000] {logging_mixin.py:188} INFO - [2024-06-30T07:06:45.644+0000] {dagbag.py:545} INFO - Filling up the DagBag from /opt/airflow/dags/dag_catchup_backfill.py
[2024-06-30T07:06:45.702+0000] {processor.py:840} INFO - DAG(s) 'DAG_catchup_backfill' retrieved from /opt/airflow/dags/dag_catchup_backfill.py
[2024-06-30T07:06:45.765+0000] {logging_mixin.py:188} INFO - [2024-06-30T07:06:45.764+0000] {dag.py:3096} INFO - Sync 1 DAGs
[2024-06-30T07:06:45.860+0000] {logging_mixin.py:188} INFO - [2024-06-30T07:06:45.860+0000] {dag.py:3954} INFO - Setting next_dagrun for DAG_catchup_backfill to 2024-06-30 00:00:00+00:00, run_after=2024-07-01 00:00:00+00:00
[2024-06-30T07:06:45.984+0000] {processor.py:183} INFO - Processing /opt/airflow/dags/dag_catchup_backfill.py took 0.393 seconds
[2024-06-30T07:07:16.092+0000] {processor.py:161} INFO - Started process (PID=4565) to work on /opt/airflow/dags/dag_catchup_backfill.py
[2024-06-30T07:07:16.093+0000] {processor.py:830} INFO - Processing file /opt/airflow/dags/dag_catchup_backfill.py for tasks to queue
[2024-06-30T07:07:16.095+0000] {logging_mixin.py:188} INFO - [2024-06-30T07:07:16.095+0000] {dagbag.py:545} INFO - Filling up the DagBag from /opt/airflow/dags/dag_catchup_backfill.py
[2024-06-30T07:07:16.123+0000] {processor.py:840} INFO - DAG(s) 'DAG_catchup_backfill' retrieved from /opt/airflow/dags/dag_catchup_backfill.py
[2024-06-30T07:07:16.171+0000] {logging_mixin.py:188} INFO - [2024-06-30T07:07:16.170+0000] {dag.py:3096} INFO - Sync 1 DAGs
[2024-06-30T07:07:16.205+0000] {logging_mixin.py:188} INFO - [2024-06-30T07:07:16.204+0000] {dag.py:3954} INFO - Setting next_dagrun for DAG_catchup_backfill to 2024-06-30 00:00:00+00:00, run_after=2024-07-01 00:00:00+00:00
[2024-06-30T07:07:16.235+0000] {processor.py:183} INFO - Processing /opt/airflow/dags/dag_catchup_backfill.py took 0.150 seconds
[2024-06-30T07:07:39.645+0000] {processor.py:161} INFO - Started process (PID=4582) to work on /opt/airflow/dags/dag_catchup_backfill.py
[2024-06-30T07:07:39.647+0000] {processor.py:830} INFO - Processing file /opt/airflow/dags/dag_catchup_backfill.py for tasks to queue
[2024-06-30T07:07:39.649+0000] {logging_mixin.py:188} INFO - [2024-06-30T07:07:39.648+0000] {dagbag.py:545} INFO - Filling up the DagBag from /opt/airflow/dags/dag_catchup_backfill.py
[2024-06-30T07:07:39.701+0000] {processor.py:840} INFO - DAG(s) 'DAG_catchup_backfill' retrieved from /opt/airflow/dags/dag_catchup_backfill.py
[2024-06-30T07:07:39.745+0000] {logging_mixin.py:188} INFO - [2024-06-30T07:07:39.744+0000] {dag.py:3096} INFO - Sync 1 DAGs
[2024-06-30T07:07:39.783+0000] {logging_mixin.py:188} INFO - [2024-06-30T07:07:39.783+0000] {dag.py:3954} INFO - Setting next_dagrun for DAG_catchup_backfill to 2024-06-30 00:00:00+00:00, run_after=2024-07-01 00:00:00+00:00
[2024-06-30T07:07:39.822+0000] {processor.py:183} INFO - Processing /opt/airflow/dags/dag_catchup_backfill.py took 0.184 seconds
[2024-06-30T07:08:10.250+0000] {processor.py:161} INFO - Started process (PID=4611) to work on /opt/airflow/dags/dag_catchup_backfill.py
[2024-06-30T07:08:10.252+0000] {processor.py:830} INFO - Processing file /opt/airflow/dags/dag_catchup_backfill.py for tasks to queue
[2024-06-30T07:08:10.253+0000] {logging_mixin.py:188} INFO - [2024-06-30T07:08:10.252+0000] {dagbag.py:545} INFO - Filling up the DagBag from /opt/airflow/dags/dag_catchup_backfill.py
[2024-06-30T07:08:10.276+0000] {processor.py:840} INFO - DAG(s) 'DAG_catchup_backfill' retrieved from /opt/airflow/dags/dag_catchup_backfill.py
[2024-06-30T07:08:10.318+0000] {logging_mixin.py:188} INFO - [2024-06-30T07:08:10.318+0000] {dag.py:3096} INFO - Sync 1 DAGs
[2024-06-30T07:08:10.355+0000] {logging_mixin.py:188} INFO - [2024-06-30T07:08:10.354+0000] {dag.py:3954} INFO - Setting next_dagrun for DAG_catchup_backfill to 2024-06-30 00:00:00+00:00, run_after=2024-07-01 00:00:00+00:00
[2024-06-30T07:08:10.394+0000] {processor.py:183} INFO - Processing /opt/airflow/dags/dag_catchup_backfill.py took 0.152 seconds
[2024-06-30T07:08:40.841+0000] {processor.py:161} INFO - Started process (PID=4637) to work on /opt/airflow/dags/dag_catchup_backfill.py
[2024-06-30T07:08:40.842+0000] {processor.py:830} INFO - Processing file /opt/airflow/dags/dag_catchup_backfill.py for tasks to queue
[2024-06-30T07:08:40.844+0000] {logging_mixin.py:188} INFO - [2024-06-30T07:08:40.843+0000] {dagbag.py:545} INFO - Filling up the DagBag from /opt/airflow/dags/dag_catchup_backfill.py
[2024-06-30T07:08:40.867+0000] {processor.py:840} INFO - DAG(s) 'DAG_catchup_backfill' retrieved from /opt/airflow/dags/dag_catchup_backfill.py
[2024-06-30T07:08:40.907+0000] {logging_mixin.py:188} INFO - [2024-06-30T07:08:40.907+0000] {dag.py:3096} INFO - Sync 1 DAGs
[2024-06-30T07:08:40.946+0000] {logging_mixin.py:188} INFO - [2024-06-30T07:08:40.946+0000] {dag.py:3954} INFO - Setting next_dagrun for DAG_catchup_backfill to 2024-06-30 00:00:00+00:00, run_after=2024-07-01 00:00:00+00:00
[2024-06-30T07:08:40.995+0000] {processor.py:183} INFO - Processing /opt/airflow/dags/dag_catchup_backfill.py took 0.162 seconds
[2024-06-30T07:08:52.271+0000] {processor.py:161} INFO - Started process (PID=4652) to work on /opt/airflow/dags/dag_catchup_backfill.py
[2024-06-30T07:08:52.273+0000] {processor.py:830} INFO - Processing file /opt/airflow/dags/dag_catchup_backfill.py for tasks to queue
[2024-06-30T07:08:52.274+0000] {logging_mixin.py:188} INFO - [2024-06-30T07:08:52.274+0000] {dagbag.py:545} INFO - Filling up the DagBag from /opt/airflow/dags/dag_catchup_backfill.py
[2024-06-30T07:08:52.317+0000] {processor.py:840} INFO - DAG(s) 'DAG_catchup_backfill' retrieved from /opt/airflow/dags/dag_catchup_backfill.py
[2024-06-30T07:08:52.650+0000] {logging_mixin.py:188} INFO - [2024-06-30T07:08:52.649+0000] {dag.py:3096} INFO - Sync 1 DAGs
[2024-06-30T07:08:52.792+0000] {logging_mixin.py:188} INFO - [2024-06-30T07:08:52.792+0000] {dag.py:3954} INFO - Setting next_dagrun for DAG_catchup_backfill to 2024-06-30 00:00:00+00:00, run_after=2024-07-01 00:00:00+00:00
[2024-06-30T07:08:52.870+0000] {processor.py:183} INFO - Processing /opt/airflow/dags/dag_catchup_backfill.py took 0.605 seconds
[2024-06-30T07:09:23.698+0000] {processor.py:161} INFO - Started process (PID=4681) to work on /opt/airflow/dags/dag_catchup_backfill.py
[2024-06-30T07:09:23.708+0000] {processor.py:830} INFO - Processing file /opt/airflow/dags/dag_catchup_backfill.py for tasks to queue
[2024-06-30T07:09:23.744+0000] {logging_mixin.py:188} INFO - [2024-06-30T07:09:23.740+0000] {dagbag.py:545} INFO - Filling up the DagBag from /opt/airflow/dags/dag_catchup_backfill.py
[2024-06-30T07:09:23.801+0000] {processor.py:840} INFO - DAG(s) 'DAG_catchup_backfill' retrieved from /opt/airflow/dags/dag_catchup_backfill.py
[2024-06-30T07:09:23.875+0000] {logging_mixin.py:188} INFO - [2024-06-30T07:09:23.874+0000] {dag.py:3096} INFO - Sync 1 DAGs
[2024-06-30T07:09:23.929+0000] {logging_mixin.py:188} INFO - [2024-06-30T07:09:23.928+0000] {dag.py:3954} INFO - Setting next_dagrun for DAG_catchup_backfill to 2024-06-30 00:00:00+00:00, run_after=2024-07-01 00:00:00+00:00
[2024-06-30T07:09:23.986+0000] {processor.py:183} INFO - Processing /opt/airflow/dags/dag_catchup_backfill.py took 0.306 seconds
[2024-06-30T07:09:54.624+0000] {processor.py:161} INFO - Started process (PID=4707) to work on /opt/airflow/dags/dag_catchup_backfill.py
[2024-06-30T07:09:54.626+0000] {processor.py:830} INFO - Processing file /opt/airflow/dags/dag_catchup_backfill.py for tasks to queue
[2024-06-30T07:09:54.629+0000] {logging_mixin.py:188} INFO - [2024-06-30T07:09:54.628+0000] {dagbag.py:545} INFO - Filling up the DagBag from /opt/airflow/dags/dag_catchup_backfill.py
[2024-06-30T07:09:54.663+0000] {processor.py:840} INFO - DAG(s) 'DAG_catchup_backfill' retrieved from /opt/airflow/dags/dag_catchup_backfill.py
[2024-06-30T07:09:54.706+0000] {logging_mixin.py:188} INFO - [2024-06-30T07:09:54.705+0000] {dag.py:3096} INFO - Sync 1 DAGs
[2024-06-30T07:09:54.752+0000] {logging_mixin.py:188} INFO - [2024-06-30T07:09:54.751+0000] {dag.py:3954} INFO - Setting next_dagrun for DAG_catchup_backfill to 2024-06-30 00:00:00+00:00, run_after=2024-07-01 00:00:00+00:00
[2024-06-30T07:09:54.792+0000] {processor.py:183} INFO - Processing /opt/airflow/dags/dag_catchup_backfill.py took 0.175 seconds
[2024-06-30T07:10:25.564+0000] {processor.py:161} INFO - Started process (PID=4734) to work on /opt/airflow/dags/dag_catchup_backfill.py
[2024-06-30T07:10:25.565+0000] {processor.py:830} INFO - Processing file /opt/airflow/dags/dag_catchup_backfill.py for tasks to queue
[2024-06-30T07:10:25.567+0000] {logging_mixin.py:188} INFO - [2024-06-30T07:10:25.566+0000] {dagbag.py:545} INFO - Filling up the DagBag from /opt/airflow/dags/dag_catchup_backfill.py
[2024-06-30T07:10:25.611+0000] {processor.py:840} INFO - DAG(s) 'DAG_catchup_backfill' retrieved from /opt/airflow/dags/dag_catchup_backfill.py
[2024-06-30T07:10:25.667+0000] {logging_mixin.py:188} INFO - [2024-06-30T07:10:25.667+0000] {dag.py:3096} INFO - Sync 1 DAGs
[2024-06-30T07:10:25.729+0000] {logging_mixin.py:188} INFO - [2024-06-30T07:10:25.729+0000] {dag.py:3954} INFO - Setting next_dagrun for DAG_catchup_backfill to 2024-06-30 00:00:00+00:00, run_after=2024-07-01 00:00:00+00:00
[2024-06-30T07:10:25.778+0000] {processor.py:183} INFO - Processing /opt/airflow/dags/dag_catchup_backfill.py took 0.227 seconds
[2024-06-30T07:10:56.054+0000] {processor.py:161} INFO - Started process (PID=4760) to work on /opt/airflow/dags/dag_catchup_backfill.py
[2024-06-30T07:10:56.059+0000] {processor.py:830} INFO - Processing file /opt/airflow/dags/dag_catchup_backfill.py for tasks to queue
[2024-06-30T07:10:56.062+0000] {logging_mixin.py:188} INFO - [2024-06-30T07:10:56.061+0000] {dagbag.py:545} INFO - Filling up the DagBag from /opt/airflow/dags/dag_catchup_backfill.py
[2024-06-30T07:10:56.110+0000] {processor.py:840} INFO - DAG(s) 'DAG_catchup_backfill' retrieved from /opt/airflow/dags/dag_catchup_backfill.py
[2024-06-30T07:10:56.214+0000] {logging_mixin.py:188} INFO - [2024-06-30T07:10:56.208+0000] {dag.py:3096} INFO - Sync 1 DAGs
[2024-06-30T07:10:56.343+0000] {logging_mixin.py:188} INFO - [2024-06-30T07:10:56.342+0000] {dag.py:3954} INFO - Setting next_dagrun for DAG_catchup_backfill to 2024-06-30 00:00:00+00:00, run_after=2024-07-01 00:00:00+00:00
[2024-06-30T07:10:56.427+0000] {processor.py:183} INFO - Processing /opt/airflow/dags/dag_catchup_backfill.py took 0.388 seconds
[2024-06-30T07:11:27.495+0000] {processor.py:161} INFO - Started process (PID=4786) to work on /opt/airflow/dags/dag_catchup_backfill.py
[2024-06-30T07:11:27.497+0000] {processor.py:830} INFO - Processing file /opt/airflow/dags/dag_catchup_backfill.py for tasks to queue
[2024-06-30T07:11:27.499+0000] {logging_mixin.py:188} INFO - [2024-06-30T07:11:27.498+0000] {dagbag.py:545} INFO - Filling up the DagBag from /opt/airflow/dags/dag_catchup_backfill.py
[2024-06-30T07:11:27.534+0000] {processor.py:840} INFO - DAG(s) 'DAG_catchup_backfill' retrieved from /opt/airflow/dags/dag_catchup_backfill.py
[2024-06-30T07:11:27.592+0000] {logging_mixin.py:188} INFO - [2024-06-30T07:11:27.592+0000] {dag.py:3096} INFO - Sync 1 DAGs
[2024-06-30T07:11:27.634+0000] {logging_mixin.py:188} INFO - [2024-06-30T07:11:27.634+0000] {dag.py:3954} INFO - Setting next_dagrun for DAG_catchup_backfill to 2024-06-30 00:00:00+00:00, run_after=2024-07-01 00:00:00+00:00
[2024-06-30T07:11:27.668+0000] {processor.py:183} INFO - Processing /opt/airflow/dags/dag_catchup_backfill.py took 0.180 seconds
[2024-06-30T07:12:04.592+0000] {processor.py:161} INFO - Started process (PID=4797) to work on /opt/airflow/dags/dag_catchup_backfill.py
[2024-06-30T07:12:04.595+0000] {processor.py:830} INFO - Processing file /opt/airflow/dags/dag_catchup_backfill.py for tasks to queue
[2024-06-30T07:12:04.597+0000] {logging_mixin.py:188} INFO - [2024-06-30T07:12:04.596+0000] {dagbag.py:545} INFO - Filling up the DagBag from /opt/airflow/dags/dag_catchup_backfill.py
[2024-06-30T07:12:04.651+0000] {processor.py:840} INFO - DAG(s) 'DAG_catchup_backfill' retrieved from /opt/airflow/dags/dag_catchup_backfill.py
[2024-06-30T07:12:04.737+0000] {logging_mixin.py:188} INFO - [2024-06-30T07:12:04.736+0000] {dag.py:3096} INFO - Sync 1 DAGs
[2024-06-30T07:12:04.835+0000] {logging_mixin.py:188} INFO - [2024-06-30T07:12:04.835+0000] {dag.py:3954} INFO - Setting next_dagrun for DAG_catchup_backfill to 2024-06-30 00:00:00+00:00, run_after=2024-07-01 00:00:00+00:00
[2024-06-30T07:12:04.967+0000] {processor.py:183} INFO - Processing /opt/airflow/dags/dag_catchup_backfill.py took 0.393 seconds
[2024-06-30T07:12:35.707+0000] {processor.py:161} INFO - Started process (PID=4824) to work on /opt/airflow/dags/dag_catchup_backfill.py
[2024-06-30T07:12:35.713+0000] {processor.py:830} INFO - Processing file /opt/airflow/dags/dag_catchup_backfill.py for tasks to queue
[2024-06-30T07:12:35.715+0000] {logging_mixin.py:188} INFO - [2024-06-30T07:12:35.715+0000] {dagbag.py:545} INFO - Filling up the DagBag from /opt/airflow/dags/dag_catchup_backfill.py
[2024-06-30T07:12:35.799+0000] {processor.py:840} INFO - DAG(s) 'DAG_catchup_backfill' retrieved from /opt/airflow/dags/dag_catchup_backfill.py
[2024-06-30T07:12:35.943+0000] {logging_mixin.py:188} INFO - [2024-06-30T07:12:35.932+0000] {dag.py:3096} INFO - Sync 1 DAGs
[2024-06-30T07:12:36.076+0000] {logging_mixin.py:188} INFO - [2024-06-30T07:12:36.076+0000] {dag.py:3954} INFO - Setting next_dagrun for DAG_catchup_backfill to 2024-06-30 00:00:00+00:00, run_after=2024-07-01 00:00:00+00:00
[2024-06-30T07:12:36.177+0000] {processor.py:183} INFO - Processing /opt/airflow/dags/dag_catchup_backfill.py took 0.491 seconds
[2024-06-30T07:13:06.451+0000] {processor.py:161} INFO - Started process (PID=4850) to work on /opt/airflow/dags/dag_catchup_backfill.py
[2024-06-30T07:13:06.453+0000] {processor.py:830} INFO - Processing file /opt/airflow/dags/dag_catchup_backfill.py for tasks to queue
[2024-06-30T07:13:06.455+0000] {logging_mixin.py:188} INFO - [2024-06-30T07:13:06.454+0000] {dagbag.py:545} INFO - Filling up the DagBag from /opt/airflow/dags/dag_catchup_backfill.py
[2024-06-30T07:13:06.493+0000] {processor.py:840} INFO - DAG(s) 'DAG_catchup_backfill' retrieved from /opt/airflow/dags/dag_catchup_backfill.py
[2024-06-30T07:13:06.554+0000] {logging_mixin.py:188} INFO - [2024-06-30T07:13:06.553+0000] {dag.py:3096} INFO - Sync 1 DAGs
[2024-06-30T07:13:06.620+0000] {logging_mixin.py:188} INFO - [2024-06-30T07:13:06.620+0000] {dag.py:3954} INFO - Setting next_dagrun for DAG_catchup_backfill to 2024-06-30 00:00:00+00:00, run_after=2024-07-01 00:00:00+00:00
[2024-06-30T07:13:06.671+0000] {processor.py:183} INFO - Processing /opt/airflow/dags/dag_catchup_backfill.py took 0.230 seconds
[2024-06-30T07:13:37.643+0000] {processor.py:161} INFO - Started process (PID=4876) to work on /opt/airflow/dags/dag_catchup_backfill.py
[2024-06-30T07:13:37.647+0000] {processor.py:830} INFO - Processing file /opt/airflow/dags/dag_catchup_backfill.py for tasks to queue
[2024-06-30T07:13:37.664+0000] {logging_mixin.py:188} INFO - [2024-06-30T07:13:37.663+0000] {dagbag.py:545} INFO - Filling up the DagBag from /opt/airflow/dags/dag_catchup_backfill.py
[2024-06-30T07:13:37.905+0000] {processor.py:840} INFO - DAG(s) 'DAG_catchup_backfill' retrieved from /opt/airflow/dags/dag_catchup_backfill.py
[2024-06-30T07:13:38.056+0000] {logging_mixin.py:188} INFO - [2024-06-30T07:13:38.055+0000] {dag.py:3096} INFO - Sync 1 DAGs
[2024-06-30T07:13:38.243+0000] {logging_mixin.py:188} INFO - [2024-06-30T07:13:38.243+0000] {dag.py:3954} INFO - Setting next_dagrun for DAG_catchup_backfill to 2024-06-30 00:00:00+00:00, run_after=2024-07-01 00:00:00+00:00
[2024-06-30T07:13:38.367+0000] {processor.py:183} INFO - Processing /opt/airflow/dags/dag_catchup_backfill.py took 0.748 seconds
[2024-06-30T07:14:09.271+0000] {processor.py:161} INFO - Started process (PID=4902) to work on /opt/airflow/dags/dag_catchup_backfill.py
[2024-06-30T07:14:09.274+0000] {processor.py:830} INFO - Processing file /opt/airflow/dags/dag_catchup_backfill.py for tasks to queue
[2024-06-30T07:14:09.276+0000] {logging_mixin.py:188} INFO - [2024-06-30T07:14:09.275+0000] {dagbag.py:545} INFO - Filling up the DagBag from /opt/airflow/dags/dag_catchup_backfill.py
[2024-06-30T07:14:09.330+0000] {processor.py:840} INFO - DAG(s) 'DAG_catchup_backfill' retrieved from /opt/airflow/dags/dag_catchup_backfill.py
[2024-06-30T07:14:09.438+0000] {logging_mixin.py:188} INFO - [2024-06-30T07:14:09.437+0000] {dag.py:3096} INFO - Sync 1 DAGs
[2024-06-30T07:14:09.498+0000] {logging_mixin.py:188} INFO - [2024-06-30T07:14:09.497+0000] {dag.py:3954} INFO - Setting next_dagrun for DAG_catchup_backfill to 2024-06-30 00:00:00+00:00, run_after=2024-07-01 00:00:00+00:00
[2024-06-30T07:14:09.560+0000] {processor.py:183} INFO - Processing /opt/airflow/dags/dag_catchup_backfill.py took 0.311 seconds
[2024-06-30T07:14:39.940+0000] {processor.py:161} INFO - Started process (PID=4929) to work on /opt/airflow/dags/dag_catchup_backfill.py
[2024-06-30T07:14:39.942+0000] {processor.py:830} INFO - Processing file /opt/airflow/dags/dag_catchup_backfill.py for tasks to queue
[2024-06-30T07:14:39.945+0000] {logging_mixin.py:188} INFO - [2024-06-30T07:14:39.944+0000] {dagbag.py:545} INFO - Filling up the DagBag from /opt/airflow/dags/dag_catchup_backfill.py
[2024-06-30T07:14:39.979+0000] {processor.py:840} INFO - DAG(s) 'DAG_catchup_backfill' retrieved from /opt/airflow/dags/dag_catchup_backfill.py
[2024-06-30T07:14:40.021+0000] {logging_mixin.py:188} INFO - [2024-06-30T07:14:40.021+0000] {dag.py:3096} INFO - Sync 1 DAGs
[2024-06-30T07:14:40.066+0000] {logging_mixin.py:188} INFO - [2024-06-30T07:14:40.066+0000] {dag.py:3954} INFO - Setting next_dagrun for DAG_catchup_backfill to 2024-06-30 00:00:00+00:00, run_after=2024-07-01 00:00:00+00:00
[2024-06-30T07:14:40.105+0000] {processor.py:183} INFO - Processing /opt/airflow/dags/dag_catchup_backfill.py took 0.174 seconds
[2024-06-30T07:15:10.201+0000] {processor.py:161} INFO - Started process (PID=4955) to work on /opt/airflow/dags/dag_catchup_backfill.py
[2024-06-30T07:15:10.203+0000] {processor.py:830} INFO - Processing file /opt/airflow/dags/dag_catchup_backfill.py for tasks to queue
[2024-06-30T07:15:10.206+0000] {logging_mixin.py:188} INFO - [2024-06-30T07:15:10.205+0000] {dagbag.py:545} INFO - Filling up the DagBag from /opt/airflow/dags/dag_catchup_backfill.py
[2024-06-30T07:15:10.245+0000] {processor.py:840} INFO - DAG(s) 'DAG_catchup_backfill' retrieved from /opt/airflow/dags/dag_catchup_backfill.py
[2024-06-30T07:15:10.336+0000] {logging_mixin.py:188} INFO - [2024-06-30T07:15:10.336+0000] {dag.py:3096} INFO - Sync 1 DAGs
[2024-06-30T07:15:10.390+0000] {logging_mixin.py:188} INFO - [2024-06-30T07:15:10.390+0000] {dag.py:3954} INFO - Setting next_dagrun for DAG_catchup_backfill to 2024-06-30 00:00:00+00:00, run_after=2024-07-01 00:00:00+00:00
[2024-06-30T07:15:10.421+0000] {processor.py:183} INFO - Processing /opt/airflow/dags/dag_catchup_backfill.py took 0.237 seconds
[2024-06-30T07:15:41.447+0000] {processor.py:161} INFO - Started process (PID=4987) to work on /opt/airflow/dags/dag_catchup_backfill.py
[2024-06-30T07:15:41.448+0000] {processor.py:830} INFO - Processing file /opt/airflow/dags/dag_catchup_backfill.py for tasks to queue
[2024-06-30T07:15:41.450+0000] {logging_mixin.py:188} INFO - [2024-06-30T07:15:41.450+0000] {dagbag.py:545} INFO - Filling up the DagBag from /opt/airflow/dags/dag_catchup_backfill.py
[2024-06-30T07:15:41.502+0000] {processor.py:840} INFO - DAG(s) 'DAG_catchup_backfill' retrieved from /opt/airflow/dags/dag_catchup_backfill.py
[2024-06-30T07:15:41.560+0000] {logging_mixin.py:188} INFO - [2024-06-30T07:15:41.559+0000] {dag.py:3096} INFO - Sync 1 DAGs
[2024-06-30T07:15:41.637+0000] {logging_mixin.py:188} INFO - [2024-06-30T07:15:41.637+0000] {dag.py:3954} INFO - Setting next_dagrun for DAG_catchup_backfill to 2024-06-30 00:00:00+00:00, run_after=2024-07-01 00:00:00+00:00
[2024-06-30T07:15:41.692+0000] {processor.py:183} INFO - Processing /opt/airflow/dags/dag_catchup_backfill.py took 0.264 seconds
[2024-06-30T07:16:12.615+0000] {processor.py:161} INFO - Started process (PID=5014) to work on /opt/airflow/dags/dag_catchup_backfill.py
[2024-06-30T07:16:12.617+0000] {processor.py:830} INFO - Processing file /opt/airflow/dags/dag_catchup_backfill.py for tasks to queue
[2024-06-30T07:16:12.620+0000] {logging_mixin.py:188} INFO - [2024-06-30T07:16:12.619+0000] {dagbag.py:545} INFO - Filling up the DagBag from /opt/airflow/dags/dag_catchup_backfill.py
[2024-06-30T07:16:12.703+0000] {processor.py:840} INFO - DAG(s) 'DAG_catchup_backfill' retrieved from /opt/airflow/dags/dag_catchup_backfill.py
[2024-06-30T07:16:12.763+0000] {logging_mixin.py:188} INFO - [2024-06-30T07:16:12.763+0000] {dag.py:3096} INFO - Sync 1 DAGs
[2024-06-30T07:16:12.824+0000] {logging_mixin.py:188} INFO - [2024-06-30T07:16:12.824+0000] {dag.py:3954} INFO - Setting next_dagrun for DAG_catchup_backfill to 2024-06-30 00:00:00+00:00, run_after=2024-07-01 00:00:00+00:00
[2024-06-30T07:16:12.862+0000] {processor.py:183} INFO - Processing /opt/airflow/dags/dag_catchup_backfill.py took 0.265 seconds
[2024-06-30T07:16:43.594+0000] {processor.py:161} INFO - Started process (PID=5040) to work on /opt/airflow/dags/dag_catchup_backfill.py
[2024-06-30T07:16:43.596+0000] {processor.py:830} INFO - Processing file /opt/airflow/dags/dag_catchup_backfill.py for tasks to queue
[2024-06-30T07:16:43.597+0000] {logging_mixin.py:188} INFO - [2024-06-30T07:16:43.597+0000] {dagbag.py:545} INFO - Filling up the DagBag from /opt/airflow/dags/dag_catchup_backfill.py
[2024-06-30T07:16:43.628+0000] {processor.py:840} INFO - DAG(s) 'DAG_catchup_backfill' retrieved from /opt/airflow/dags/dag_catchup_backfill.py
[2024-06-30T07:16:43.707+0000] {logging_mixin.py:188} INFO - [2024-06-30T07:16:43.706+0000] {dag.py:3096} INFO - Sync 1 DAGs
[2024-06-30T07:16:43.741+0000] {logging_mixin.py:188} INFO - [2024-06-30T07:16:43.741+0000] {dag.py:3954} INFO - Setting next_dagrun for DAG_catchup_backfill to 2024-06-30 00:00:00+00:00, run_after=2024-07-01 00:00:00+00:00
[2024-06-30T07:16:43.782+0000] {processor.py:183} INFO - Processing /opt/airflow/dags/dag_catchup_backfill.py took 0.195 seconds
[2024-06-30T07:17:14.645+0000] {processor.py:161} INFO - Started process (PID=5066) to work on /opt/airflow/dags/dag_catchup_backfill.py
[2024-06-30T07:17:14.649+0000] {processor.py:830} INFO - Processing file /opt/airflow/dags/dag_catchup_backfill.py for tasks to queue
[2024-06-30T07:17:14.652+0000] {logging_mixin.py:188} INFO - [2024-06-30T07:17:14.651+0000] {dagbag.py:545} INFO - Filling up the DagBag from /opt/airflow/dags/dag_catchup_backfill.py
[2024-06-30T07:17:14.697+0000] {processor.py:840} INFO - DAG(s) 'DAG_catchup_backfill' retrieved from /opt/airflow/dags/dag_catchup_backfill.py
[2024-06-30T07:17:14.760+0000] {logging_mixin.py:188} INFO - [2024-06-30T07:17:14.759+0000] {dag.py:3096} INFO - Sync 1 DAGs
[2024-06-30T07:17:14.836+0000] {logging_mixin.py:188} INFO - [2024-06-30T07:17:14.835+0000] {dag.py:3954} INFO - Setting next_dagrun for DAG_catchup_backfill to 2024-06-30 00:00:00+00:00, run_after=2024-07-01 00:00:00+00:00
[2024-06-30T07:17:14.892+0000] {processor.py:183} INFO - Processing /opt/airflow/dags/dag_catchup_backfill.py took 0.255 seconds
[2024-06-30T07:17:45.720+0000] {processor.py:161} INFO - Started process (PID=5093) to work on /opt/airflow/dags/dag_catchup_backfill.py
[2024-06-30T07:17:45.722+0000] {processor.py:830} INFO - Processing file /opt/airflow/dags/dag_catchup_backfill.py for tasks to queue
[2024-06-30T07:17:45.724+0000] {logging_mixin.py:188} INFO - [2024-06-30T07:17:45.724+0000] {dagbag.py:545} INFO - Filling up the DagBag from /opt/airflow/dags/dag_catchup_backfill.py
[2024-06-30T07:17:45.773+0000] {processor.py:840} INFO - DAG(s) 'DAG_catchup_backfill' retrieved from /opt/airflow/dags/dag_catchup_backfill.py
[2024-06-30T07:17:45.848+0000] {logging_mixin.py:188} INFO - [2024-06-30T07:17:45.847+0000] {dag.py:3096} INFO - Sync 1 DAGs
[2024-06-30T07:17:45.935+0000] {logging_mixin.py:188} INFO - [2024-06-30T07:17:45.934+0000] {dag.py:3954} INFO - Setting next_dagrun for DAG_catchup_backfill to 2024-06-30 00:00:00+00:00, run_after=2024-07-01 00:00:00+00:00
[2024-06-30T07:17:45.972+0000] {processor.py:183} INFO - Processing /opt/airflow/dags/dag_catchup_backfill.py took 0.267 seconds
[2024-06-30T07:18:16.100+0000] {processor.py:161} INFO - Started process (PID=5120) to work on /opt/airflow/dags/dag_catchup_backfill.py
[2024-06-30T07:18:16.102+0000] {processor.py:830} INFO - Processing file /opt/airflow/dags/dag_catchup_backfill.py for tasks to queue
[2024-06-30T07:18:16.105+0000] {logging_mixin.py:188} INFO - [2024-06-30T07:18:16.104+0000] {dagbag.py:545} INFO - Filling up the DagBag from /opt/airflow/dags/dag_catchup_backfill.py
[2024-06-30T07:18:16.142+0000] {processor.py:840} INFO - DAG(s) 'DAG_catchup_backfill' retrieved from /opt/airflow/dags/dag_catchup_backfill.py
[2024-06-30T07:18:16.208+0000] {logging_mixin.py:188} INFO - [2024-06-30T07:18:16.207+0000] {dag.py:3096} INFO - Sync 1 DAGs
[2024-06-30T07:18:16.274+0000] {logging_mixin.py:188} INFO - [2024-06-30T07:18:16.273+0000] {dag.py:3954} INFO - Setting next_dagrun for DAG_catchup_backfill to 2024-06-30 00:00:00+00:00, run_after=2024-07-01 00:00:00+00:00
[2024-06-30T07:18:16.319+0000] {processor.py:183} INFO - Processing /opt/airflow/dags/dag_catchup_backfill.py took 0.231 seconds
[2024-06-30T07:18:47.190+0000] {processor.py:161} INFO - Started process (PID=5146) to work on /opt/airflow/dags/dag_catchup_backfill.py
[2024-06-30T07:18:47.193+0000] {processor.py:830} INFO - Processing file /opt/airflow/dags/dag_catchup_backfill.py for tasks to queue
[2024-06-30T07:18:47.196+0000] {logging_mixin.py:188} INFO - [2024-06-30T07:18:47.195+0000] {dagbag.py:545} INFO - Filling up the DagBag from /opt/airflow/dags/dag_catchup_backfill.py
[2024-06-30T07:18:47.246+0000] {processor.py:840} INFO - DAG(s) 'DAG_catchup_backfill' retrieved from /opt/airflow/dags/dag_catchup_backfill.py
[2024-06-30T07:18:47.297+0000] {logging_mixin.py:188} INFO - [2024-06-30T07:18:47.297+0000] {dag.py:3096} INFO - Sync 1 DAGs
[2024-06-30T07:18:47.341+0000] {logging_mixin.py:188} INFO - [2024-06-30T07:18:47.340+0000] {dag.py:3954} INFO - Setting next_dagrun for DAG_catchup_backfill to 2024-06-30 00:00:00+00:00, run_after=2024-07-01 00:00:00+00:00
[2024-06-30T07:18:47.377+0000] {processor.py:183} INFO - Processing /opt/airflow/dags/dag_catchup_backfill.py took 0.207 seconds
[2024-06-30T07:19:18.295+0000] {processor.py:161} INFO - Started process (PID=5173) to work on /opt/airflow/dags/dag_catchup_backfill.py
[2024-06-30T07:19:18.296+0000] {processor.py:830} INFO - Processing file /opt/airflow/dags/dag_catchup_backfill.py for tasks to queue
[2024-06-30T07:19:18.298+0000] {logging_mixin.py:188} INFO - [2024-06-30T07:19:18.298+0000] {dagbag.py:545} INFO - Filling up the DagBag from /opt/airflow/dags/dag_catchup_backfill.py
[2024-06-30T07:19:18.331+0000] {processor.py:840} INFO - DAG(s) 'DAG_catchup_backfill' retrieved from /opt/airflow/dags/dag_catchup_backfill.py
[2024-06-30T07:19:18.378+0000] {logging_mixin.py:188} INFO - [2024-06-30T07:19:18.378+0000] {dag.py:3096} INFO - Sync 1 DAGs
[2024-06-30T07:19:18.442+0000] {logging_mixin.py:188} INFO - [2024-06-30T07:19:18.442+0000] {dag.py:3954} INFO - Setting next_dagrun for DAG_catchup_backfill to 2024-06-30 00:00:00+00:00, run_after=2024-07-01 00:00:00+00:00
[2024-06-30T07:19:18.485+0000] {processor.py:183} INFO - Processing /opt/airflow/dags/dag_catchup_backfill.py took 0.198 seconds
[2024-06-30T07:19:48.688+0000] {processor.py:161} INFO - Started process (PID=5199) to work on /opt/airflow/dags/dag_catchup_backfill.py
[2024-06-30T07:19:48.690+0000] {processor.py:830} INFO - Processing file /opt/airflow/dags/dag_catchup_backfill.py for tasks to queue
[2024-06-30T07:19:48.693+0000] {logging_mixin.py:188} INFO - [2024-06-30T07:19:48.692+0000] {dagbag.py:545} INFO - Filling up the DagBag from /opt/airflow/dags/dag_catchup_backfill.py
[2024-06-30T07:19:48.745+0000] {processor.py:840} INFO - DAG(s) 'DAG_catchup_backfill' retrieved from /opt/airflow/dags/dag_catchup_backfill.py
[2024-06-30T07:19:48.802+0000] {logging_mixin.py:188} INFO - [2024-06-30T07:19:48.802+0000] {dag.py:3096} INFO - Sync 1 DAGs
[2024-06-30T07:19:48.849+0000] {logging_mixin.py:188} INFO - [2024-06-30T07:19:48.849+0000] {dag.py:3954} INFO - Setting next_dagrun for DAG_catchup_backfill to 2024-06-30 00:00:00+00:00, run_after=2024-07-01 00:00:00+00:00
[2024-06-30T07:19:48.888+0000] {processor.py:183} INFO - Processing /opt/airflow/dags/dag_catchup_backfill.py took 0.221 seconds
[2024-06-30T07:20:18.986+0000] {processor.py:161} INFO - Started process (PID=5225) to work on /opt/airflow/dags/dag_catchup_backfill.py
[2024-06-30T07:20:18.988+0000] {processor.py:830} INFO - Processing file /opt/airflow/dags/dag_catchup_backfill.py for tasks to queue
[2024-06-30T07:20:18.990+0000] {logging_mixin.py:188} INFO - [2024-06-30T07:20:18.989+0000] {dagbag.py:545} INFO - Filling up the DagBag from /opt/airflow/dags/dag_catchup_backfill.py
[2024-06-30T07:20:19.025+0000] {processor.py:840} INFO - DAG(s) 'DAG_catchup_backfill' retrieved from /opt/airflow/dags/dag_catchup_backfill.py
[2024-06-30T07:20:19.092+0000] {logging_mixin.py:188} INFO - [2024-06-30T07:20:19.091+0000] {dag.py:3096} INFO - Sync 1 DAGs
[2024-06-30T07:20:19.134+0000] {logging_mixin.py:188} INFO - [2024-06-30T07:20:19.133+0000] {dag.py:3954} INFO - Setting next_dagrun for DAG_catchup_backfill to 2024-06-30 00:00:00+00:00, run_after=2024-07-01 00:00:00+00:00
[2024-06-30T07:20:19.181+0000] {processor.py:183} INFO - Processing /opt/airflow/dags/dag_catchup_backfill.py took 0.206 seconds
[2024-06-30T07:20:49.389+0000] {processor.py:161} INFO - Started process (PID=5252) to work on /opt/airflow/dags/dag_catchup_backfill.py
[2024-06-30T07:20:49.394+0000] {processor.py:830} INFO - Processing file /opt/airflow/dags/dag_catchup_backfill.py for tasks to queue
[2024-06-30T07:20:49.398+0000] {logging_mixin.py:188} INFO - [2024-06-30T07:20:49.397+0000] {dagbag.py:545} INFO - Filling up the DagBag from /opt/airflow/dags/dag_catchup_backfill.py
[2024-06-30T07:20:49.467+0000] {processor.py:840} INFO - DAG(s) 'DAG_catchup_backfill' retrieved from /opt/airflow/dags/dag_catchup_backfill.py
[2024-06-30T07:20:49.536+0000] {logging_mixin.py:188} INFO - [2024-06-30T07:20:49.535+0000] {dag.py:3096} INFO - Sync 1 DAGs
[2024-06-30T07:20:49.587+0000] {logging_mixin.py:188} INFO - [2024-06-30T07:20:49.587+0000] {dag.py:3954} INFO - Setting next_dagrun for DAG_catchup_backfill to 2024-06-30 00:00:00+00:00, run_after=2024-07-01 00:00:00+00:00
[2024-06-30T07:20:49.628+0000] {processor.py:183} INFO - Processing /opt/airflow/dags/dag_catchup_backfill.py took 0.250 seconds
[2024-06-30T07:21:20.751+0000] {processor.py:161} INFO - Started process (PID=5278) to work on /opt/airflow/dags/dag_catchup_backfill.py
[2024-06-30T07:21:20.753+0000] {processor.py:830} INFO - Processing file /opt/airflow/dags/dag_catchup_backfill.py for tasks to queue
[2024-06-30T07:21:20.755+0000] {logging_mixin.py:188} INFO - [2024-06-30T07:21:20.755+0000] {dagbag.py:545} INFO - Filling up the DagBag from /opt/airflow/dags/dag_catchup_backfill.py
[2024-06-30T07:21:20.821+0000] {processor.py:840} INFO - DAG(s) 'DAG_catchup_backfill' retrieved from /opt/airflow/dags/dag_catchup_backfill.py
[2024-06-30T07:21:20.902+0000] {logging_mixin.py:188} INFO - [2024-06-30T07:21:20.901+0000] {dag.py:3096} INFO - Sync 1 DAGs
[2024-06-30T07:21:20.970+0000] {logging_mixin.py:188} INFO - [2024-06-30T07:21:20.969+0000] {dag.py:3954} INFO - Setting next_dagrun for DAG_catchup_backfill to 2024-06-30 00:00:00+00:00, run_after=2024-07-01 00:00:00+00:00
[2024-06-30T07:21:21.019+0000] {processor.py:183} INFO - Processing /opt/airflow/dags/dag_catchup_backfill.py took 0.283 seconds
[2024-06-30T07:21:51.361+0000] {processor.py:161} INFO - Started process (PID=5305) to work on /opt/airflow/dags/dag_catchup_backfill.py
[2024-06-30T07:21:51.365+0000] {processor.py:830} INFO - Processing file /opt/airflow/dags/dag_catchup_backfill.py for tasks to queue
[2024-06-30T07:21:51.367+0000] {logging_mixin.py:188} INFO - [2024-06-30T07:21:51.367+0000] {dagbag.py:545} INFO - Filling up the DagBag from /opt/airflow/dags/dag_catchup_backfill.py
[2024-06-30T07:21:51.425+0000] {processor.py:840} INFO - DAG(s) 'DAG_catchup_backfill' retrieved from /opt/airflow/dags/dag_catchup_backfill.py
[2024-06-30T07:21:51.472+0000] {logging_mixin.py:188} INFO - [2024-06-30T07:21:51.472+0000] {dag.py:3096} INFO - Sync 1 DAGs
[2024-06-30T07:21:51.520+0000] {logging_mixin.py:188} INFO - [2024-06-30T07:21:51.520+0000] {dag.py:3954} INFO - Setting next_dagrun for DAG_catchup_backfill to 2024-06-30 00:00:00+00:00, run_after=2024-07-01 00:00:00+00:00
[2024-06-30T07:21:51.563+0000] {processor.py:183} INFO - Processing /opt/airflow/dags/dag_catchup_backfill.py took 0.218 seconds
[2024-06-30T07:22:22.577+0000] {processor.py:161} INFO - Started process (PID=5331) to work on /opt/airflow/dags/dag_catchup_backfill.py
[2024-06-30T07:22:22.579+0000] {processor.py:830} INFO - Processing file /opt/airflow/dags/dag_catchup_backfill.py for tasks to queue
[2024-06-30T07:22:22.583+0000] {logging_mixin.py:188} INFO - [2024-06-30T07:22:22.581+0000] {dagbag.py:545} INFO - Filling up the DagBag from /opt/airflow/dags/dag_catchup_backfill.py
[2024-06-30T07:22:22.635+0000] {processor.py:840} INFO - DAG(s) 'DAG_catchup_backfill' retrieved from /opt/airflow/dags/dag_catchup_backfill.py
[2024-06-30T07:22:22.729+0000] {logging_mixin.py:188} INFO - [2024-06-30T07:22:22.729+0000] {dag.py:3096} INFO - Sync 1 DAGs
[2024-06-30T07:22:22.872+0000] {logging_mixin.py:188} INFO - [2024-06-30T07:22:22.871+0000] {dag.py:3954} INFO - Setting next_dagrun for DAG_catchup_backfill to 2024-06-30 00:00:00+00:00, run_after=2024-07-01 00:00:00+00:00
[2024-06-30T07:22:23.021+0000] {processor.py:183} INFO - Processing /opt/airflow/dags/dag_catchup_backfill.py took 0.458 seconds
[2024-06-30T07:22:53.648+0000] {processor.py:161} INFO - Started process (PID=5358) to work on /opt/airflow/dags/dag_catchup_backfill.py
[2024-06-30T07:22:53.650+0000] {processor.py:830} INFO - Processing file /opt/airflow/dags/dag_catchup_backfill.py for tasks to queue
[2024-06-30T07:22:53.652+0000] {logging_mixin.py:188} INFO - [2024-06-30T07:22:53.652+0000] {dagbag.py:545} INFO - Filling up the DagBag from /opt/airflow/dags/dag_catchup_backfill.py
[2024-06-30T07:22:53.722+0000] {processor.py:840} INFO - DAG(s) 'DAG_catchup_backfill' retrieved from /opt/airflow/dags/dag_catchup_backfill.py
[2024-06-30T07:22:53.778+0000] {logging_mixin.py:188} INFO - [2024-06-30T07:22:53.777+0000] {dag.py:3096} INFO - Sync 1 DAGs
[2024-06-30T07:22:53.812+0000] {logging_mixin.py:188} INFO - [2024-06-30T07:22:53.812+0000] {dag.py:3954} INFO - Setting next_dagrun for DAG_catchup_backfill to 2024-06-30 00:00:00+00:00, run_after=2024-07-01 00:00:00+00:00
[2024-06-30T07:22:53.854+0000] {processor.py:183} INFO - Processing /opt/airflow/dags/dag_catchup_backfill.py took 0.220 seconds
[2024-06-30T07:23:24.762+0000] {processor.py:161} INFO - Started process (PID=5385) to work on /opt/airflow/dags/dag_catchup_backfill.py
[2024-06-30T07:23:24.774+0000] {processor.py:830} INFO - Processing file /opt/airflow/dags/dag_catchup_backfill.py for tasks to queue
[2024-06-30T07:23:24.776+0000] {logging_mixin.py:188} INFO - [2024-06-30T07:23:24.775+0000] {dagbag.py:545} INFO - Filling up the DagBag from /opt/airflow/dags/dag_catchup_backfill.py
[2024-06-30T07:23:24.816+0000] {processor.py:840} INFO - DAG(s) 'DAG_catchup_backfill' retrieved from /opt/airflow/dags/dag_catchup_backfill.py
[2024-06-30T07:23:24.857+0000] {logging_mixin.py:188} INFO - [2024-06-30T07:23:24.857+0000] {dag.py:3096} INFO - Sync 1 DAGs
[2024-06-30T07:23:24.896+0000] {logging_mixin.py:188} INFO - [2024-06-30T07:23:24.895+0000] {dag.py:3954} INFO - Setting next_dagrun for DAG_catchup_backfill to 2024-06-30 00:00:00+00:00, run_after=2024-07-01 00:00:00+00:00
[2024-06-30T07:23:24.925+0000] {processor.py:183} INFO - Processing /opt/airflow/dags/dag_catchup_backfill.py took 0.187 seconds
[2024-06-30T07:23:55.569+0000] {processor.py:161} INFO - Started process (PID=5411) to work on /opt/airflow/dags/dag_catchup_backfill.py
[2024-06-30T07:23:55.573+0000] {processor.py:830} INFO - Processing file /opt/airflow/dags/dag_catchup_backfill.py for tasks to queue
[2024-06-30T07:23:55.575+0000] {logging_mixin.py:188} INFO - [2024-06-30T07:23:55.574+0000] {dagbag.py:545} INFO - Filling up the DagBag from /opt/airflow/dags/dag_catchup_backfill.py
[2024-06-30T07:23:55.636+0000] {processor.py:840} INFO - DAG(s) 'DAG_catchup_backfill' retrieved from /opt/airflow/dags/dag_catchup_backfill.py
[2024-06-30T07:23:55.767+0000] {logging_mixin.py:188} INFO - [2024-06-30T07:23:55.767+0000] {dag.py:3096} INFO - Sync 1 DAGs
[2024-06-30T07:23:55.857+0000] {logging_mixin.py:188} INFO - [2024-06-30T07:23:55.857+0000] {dag.py:3954} INFO - Setting next_dagrun for DAG_catchup_backfill to 2024-06-30 00:00:00+00:00, run_after=2024-07-01 00:00:00+00:00
[2024-06-30T07:23:55.907+0000] {processor.py:183} INFO - Processing /opt/airflow/dags/dag_catchup_backfill.py took 0.353 seconds
[2024-06-30T07:24:26.846+0000] {processor.py:161} INFO - Started process (PID=5437) to work on /opt/airflow/dags/dag_catchup_backfill.py
[2024-06-30T07:24:26.851+0000] {processor.py:830} INFO - Processing file /opt/airflow/dags/dag_catchup_backfill.py for tasks to queue
[2024-06-30T07:24:26.854+0000] {logging_mixin.py:188} INFO - [2024-06-30T07:24:26.854+0000] {dagbag.py:545} INFO - Filling up the DagBag from /opt/airflow/dags/dag_catchup_backfill.py
[2024-06-30T07:24:26.908+0000] {processor.py:840} INFO - DAG(s) 'DAG_catchup_backfill' retrieved from /opt/airflow/dags/dag_catchup_backfill.py
[2024-06-30T07:24:26.968+0000] {logging_mixin.py:188} INFO - [2024-06-30T07:24:26.967+0000] {dag.py:3096} INFO - Sync 1 DAGs
[2024-06-30T07:24:27.009+0000] {logging_mixin.py:188} INFO - [2024-06-30T07:24:27.009+0000] {dag.py:3954} INFO - Setting next_dagrun for DAG_catchup_backfill to 2024-06-30 00:00:00+00:00, run_after=2024-07-01 00:00:00+00:00
[2024-06-30T07:24:27.052+0000] {processor.py:183} INFO - Processing /opt/airflow/dags/dag_catchup_backfill.py took 0.234 seconds
[2024-06-30T07:24:57.411+0000] {processor.py:161} INFO - Started process (PID=5463) to work on /opt/airflow/dags/dag_catchup_backfill.py
[2024-06-30T07:24:57.413+0000] {processor.py:830} INFO - Processing file /opt/airflow/dags/dag_catchup_backfill.py for tasks to queue
[2024-06-30T07:24:57.417+0000] {logging_mixin.py:188} INFO - [2024-06-30T07:24:57.416+0000] {dagbag.py:545} INFO - Filling up the DagBag from /opt/airflow/dags/dag_catchup_backfill.py
[2024-06-30T07:24:57.486+0000] {processor.py:840} INFO - DAG(s) 'DAG_catchup_backfill' retrieved from /opt/airflow/dags/dag_catchup_backfill.py
[2024-06-30T07:24:57.554+0000] {logging_mixin.py:188} INFO - [2024-06-30T07:24:57.554+0000] {dag.py:3096} INFO - Sync 1 DAGs
[2024-06-30T07:24:57.630+0000] {logging_mixin.py:188} INFO - [2024-06-30T07:24:57.629+0000] {dag.py:3954} INFO - Setting next_dagrun for DAG_catchup_backfill to 2024-06-30 00:00:00+00:00, run_after=2024-07-01 00:00:00+00:00
[2024-06-30T07:24:57.690+0000] {processor.py:183} INFO - Processing /opt/airflow/dags/dag_catchup_backfill.py took 0.295 seconds
[2024-06-30T07:25:28.634+0000] {processor.py:161} INFO - Started process (PID=5489) to work on /opt/airflow/dags/dag_catchup_backfill.py
[2024-06-30T07:25:28.636+0000] {processor.py:830} INFO - Processing file /opt/airflow/dags/dag_catchup_backfill.py for tasks to queue
[2024-06-30T07:25:28.638+0000] {logging_mixin.py:188} INFO - [2024-06-30T07:25:28.637+0000] {dagbag.py:545} INFO - Filling up the DagBag from /opt/airflow/dags/dag_catchup_backfill.py
[2024-06-30T07:25:28.684+0000] {processor.py:840} INFO - DAG(s) 'DAG_catchup_backfill' retrieved from /opt/airflow/dags/dag_catchup_backfill.py
[2024-06-30T07:25:28.749+0000] {logging_mixin.py:188} INFO - [2024-06-30T07:25:28.748+0000] {dag.py:3096} INFO - Sync 1 DAGs
[2024-06-30T07:25:28.902+0000] {logging_mixin.py:188} INFO - [2024-06-30T07:25:28.901+0000] {dag.py:3954} INFO - Setting next_dagrun for DAG_catchup_backfill to 2024-06-30 00:00:00+00:00, run_after=2024-07-01 00:00:00+00:00
[2024-06-30T07:25:28.988+0000] {processor.py:183} INFO - Processing /opt/airflow/dags/dag_catchup_backfill.py took 0.370 seconds
[2024-06-30T07:25:59.119+0000] {processor.py:161} INFO - Started process (PID=5515) to work on /opt/airflow/dags/dag_catchup_backfill.py
[2024-06-30T07:25:59.120+0000] {processor.py:830} INFO - Processing file /opt/airflow/dags/dag_catchup_backfill.py for tasks to queue
[2024-06-30T07:25:59.123+0000] {logging_mixin.py:188} INFO - [2024-06-30T07:25:59.122+0000] {dagbag.py:545} INFO - Filling up the DagBag from /opt/airflow/dags/dag_catchup_backfill.py
[2024-06-30T07:25:59.157+0000] {processor.py:840} INFO - DAG(s) 'DAG_catchup_backfill' retrieved from /opt/airflow/dags/dag_catchup_backfill.py
[2024-06-30T07:25:59.211+0000] {logging_mixin.py:188} INFO - [2024-06-30T07:25:59.211+0000] {dag.py:3096} INFO - Sync 1 DAGs
[2024-06-30T07:25:59.255+0000] {logging_mixin.py:188} INFO - [2024-06-30T07:25:59.255+0000] {dag.py:3954} INFO - Setting next_dagrun for DAG_catchup_backfill to 2024-06-30 00:00:00+00:00, run_after=2024-07-01 00:00:00+00:00
[2024-06-30T07:25:59.333+0000] {processor.py:183} INFO - Processing /opt/airflow/dags/dag_catchup_backfill.py took 0.227 seconds
[2024-06-30T07:26:29.524+0000] {processor.py:161} INFO - Started process (PID=5541) to work on /opt/airflow/dags/dag_catchup_backfill.py
[2024-06-30T07:26:29.526+0000] {processor.py:830} INFO - Processing file /opt/airflow/dags/dag_catchup_backfill.py for tasks to queue
[2024-06-30T07:26:29.528+0000] {logging_mixin.py:188} INFO - [2024-06-30T07:26:29.528+0000] {dagbag.py:545} INFO - Filling up the DagBag from /opt/airflow/dags/dag_catchup_backfill.py
[2024-06-30T07:26:29.569+0000] {processor.py:840} INFO - DAG(s) 'DAG_catchup_backfill' retrieved from /opt/airflow/dags/dag_catchup_backfill.py
[2024-06-30T07:26:29.628+0000] {logging_mixin.py:188} INFO - [2024-06-30T07:26:29.628+0000] {dag.py:3096} INFO - Sync 1 DAGs
[2024-06-30T07:26:29.670+0000] {logging_mixin.py:188} INFO - [2024-06-30T07:26:29.670+0000] {dag.py:3954} INFO - Setting next_dagrun for DAG_catchup_backfill to 2024-06-30 00:00:00+00:00, run_after=2024-07-01 00:00:00+00:00
[2024-06-30T07:26:29.706+0000] {processor.py:183} INFO - Processing /opt/airflow/dags/dag_catchup_backfill.py took 0.194 seconds
[2024-06-30T07:26:59.819+0000] {processor.py:161} INFO - Started process (PID=5567) to work on /opt/airflow/dags/dag_catchup_backfill.py
[2024-06-30T07:26:59.821+0000] {processor.py:830} INFO - Processing file /opt/airflow/dags/dag_catchup_backfill.py for tasks to queue
[2024-06-30T07:26:59.824+0000] {logging_mixin.py:188} INFO - [2024-06-30T07:26:59.823+0000] {dagbag.py:545} INFO - Filling up the DagBag from /opt/airflow/dags/dag_catchup_backfill.py
[2024-06-30T07:26:59.864+0000] {processor.py:840} INFO - DAG(s) 'DAG_catchup_backfill' retrieved from /opt/airflow/dags/dag_catchup_backfill.py
[2024-06-30T07:26:59.914+0000] {logging_mixin.py:188} INFO - [2024-06-30T07:26:59.914+0000] {dag.py:3096} INFO - Sync 1 DAGs
[2024-06-30T07:26:59.979+0000] {logging_mixin.py:188} INFO - [2024-06-30T07:26:59.979+0000] {dag.py:3954} INFO - Setting next_dagrun for DAG_catchup_backfill to 2024-06-30 00:00:00+00:00, run_after=2024-07-01 00:00:00+00:00
[2024-06-30T07:27:00.032+0000] {processor.py:183} INFO - Processing /opt/airflow/dags/dag_catchup_backfill.py took 0.221 seconds
[2024-06-30T07:27:30.375+0000] {processor.py:161} INFO - Started process (PID=5593) to work on /opt/airflow/dags/dag_catchup_backfill.py
[2024-06-30T07:27:30.378+0000] {processor.py:830} INFO - Processing file /opt/airflow/dags/dag_catchup_backfill.py for tasks to queue
[2024-06-30T07:27:30.381+0000] {logging_mixin.py:188} INFO - [2024-06-30T07:27:30.380+0000] {dagbag.py:545} INFO - Filling up the DagBag from /opt/airflow/dags/dag_catchup_backfill.py
[2024-06-30T07:27:30.449+0000] {processor.py:840} INFO - DAG(s) 'DAG_catchup_backfill' retrieved from /opt/airflow/dags/dag_catchup_backfill.py
[2024-06-30T07:27:30.509+0000] {logging_mixin.py:188} INFO - [2024-06-30T07:27:30.508+0000] {dag.py:3096} INFO - Sync 1 DAGs
[2024-06-30T07:27:30.546+0000] {logging_mixin.py:188} INFO - [2024-06-30T07:27:30.545+0000] {dag.py:3954} INFO - Setting next_dagrun for DAG_catchup_backfill to 2024-06-30 00:00:00+00:00, run_after=2024-07-01 00:00:00+00:00
[2024-06-30T07:27:30.581+0000] {processor.py:183} INFO - Processing /opt/airflow/dags/dag_catchup_backfill.py took 0.220 seconds
