[2024-06-30T05:12:16.655+0000] {local_task_job_runner.py:120} INFO - ::group::Pre task execution logs
[2024-06-30T05:12:16.712+0000] {taskinstance.py:2076} INFO - Dependencies all met for dep_context=non-requeueable deps ti=<TaskInstance: our_first_dag_V4.first_task manual__2024-06-30T05:12:15.570056+00:00 [queued]>
[2024-06-30T05:12:16.726+0000] {taskinstance.py:2076} INFO - Dependencies all met for dep_context=requeueable deps ti=<TaskInstance: our_first_dag_V4.first_task manual__2024-06-30T05:12:15.570056+00:00 [queued]>
[2024-06-30T05:12:16.728+0000] {taskinstance.py:2306} INFO - Starting attempt 1 of 6
[2024-06-30T05:12:16.750+0000] {taskinstance.py:2330} INFO - Executing <Task(BashOperator): first_task> on 2024-06-30 05:12:15.570056+00:00
[2024-06-30T05:12:16.761+0000] {standard_task_runner.py:90} INFO - Running: ['***', 'tasks', 'run', 'our_first_dag_V4', 'first_task', 'manual__2024-06-30T05:12:15.570056+00:00', '--job-id', '11', '--raw', '--subdir', 'DAGS_FOLDER/our_first_dag.py', '--cfg-path', '/tmp/tmp44ezn326']
[2024-06-30T05:12:16.765+0000] {standard_task_runner.py:91} INFO - Job 11: Subtask first_task
[2024-06-30T05:12:16.770+0000] {logging_mixin.py:188} WARNING - /home/***/.local/lib/python3.12/site-packages/***/task/task_runner/standard_task_runner.py:61 DeprecationWarning: This process (pid=979) is multi-threaded, use of fork() may lead to deadlocks in the child.
[2024-06-30T05:12:16.772+0000] {standard_task_runner.py:63} INFO - Started process 980 to run task
[2024-06-30T05:12:16.856+0000] {task_command.py:426} INFO - Running <TaskInstance: our_first_dag_V4.first_task manual__2024-06-30T05:12:15.570056+00:00 [running]> on host cf712bcdd57c
[2024-06-30T05:12:17.012+0000] {taskinstance.py:2648} INFO - Exporting env vars: AIRFLOW_CTX_DAG_OWNER='bavenraj' AIRFLOW_CTX_DAG_ID='our_first_dag_V4' AIRFLOW_CTX_TASK_ID='first_task' AIRFLOW_CTX_EXECUTION_DATE='2024-06-30T05:12:15.570056+00:00' AIRFLOW_CTX_TRY_NUMBER='1' AIRFLOW_CTX_DAG_RUN_ID='manual__2024-06-30T05:12:15.570056+00:00'
[2024-06-30T05:12:17.014+0000] {taskinstance.py:430} INFO - ::endgroup::
[2024-06-30T05:12:17.053+0000] {subprocess.py:63} INFO - Tmp dir root location: /tmp
[2024-06-30T05:12:17.054+0000] {subprocess.py:75} INFO - Running command: ['/usr/bin/bash', '-c', 'echo hello world, this is the first task!']
[2024-06-30T05:12:17.073+0000] {subprocess.py:86} INFO - Output:
[2024-06-30T05:12:17.076+0000] {subprocess.py:93} INFO - hello world, this is the first task!
[2024-06-30T05:12:17.079+0000] {subprocess.py:97} INFO - Command exited with return code 0
[2024-06-30T05:12:17.080+0000] {taskinstance.py:441} INFO - ::group::Post task execution logs
[2024-06-30T05:12:17.118+0000] {taskinstance.py:1206} INFO - Marking task as SUCCESS. dag_id=our_first_dag_V4, task_id=first_task, run_id=manual__2024-06-30T05:12:15.570056+00:00, execution_date=20240630T051215, start_date=20240630T051216, end_date=20240630T051217
[2024-06-30T05:12:17.191+0000] {local_task_job_runner.py:240} INFO - Task exited with return code 0
[2024-06-30T05:12:17.246+0000] {taskinstance.py:3503} INFO - 0 downstream tasks scheduled from follow-on schedule check
[2024-06-30T05:12:17.253+0000] {local_task_job_runner.py:222} INFO - ::endgroup::
