[2024-07-07T15:32:51.394+0000] {local_task_job_runner.py:120} INFO - ::group::Pre task execution logs
[2024-07-07T15:32:51.983+0000] {taskinstance.py:2076} INFO - Dependencies all met for dep_context=non-requeueable deps ti=<TaskInstance: sample_etl.transform scheduled__2024-05-25T00:00:00+00:00 [queued]>
[2024-07-07T15:32:52.125+0000] {taskinstance.py:2076} INFO - Dependencies all met for dep_context=requeueable deps ti=<TaskInstance: sample_etl.transform scheduled__2024-05-25T00:00:00+00:00 [queued]>
[2024-07-07T15:32:52.163+0000] {taskinstance.py:2306} INFO - Starting attempt 1 of 2
[2024-07-07T15:32:52.403+0000] {taskinstance.py:2330} INFO - Executing <Task(BashOperator): transform> on 2024-05-25 00:00:00+00:00
[2024-07-07T15:32:52.472+0000] {logging_mixin.py:188} WARNING - /home/***/.local/lib/python3.12/site-packages/***/task/task_runner/standard_task_runner.py:61 DeprecationWarning: This process (pid=2235) is multi-threaded, use of fork() may lead to deadlocks in the child.
[2024-07-07T15:32:52.497+0000] {standard_task_runner.py:63} INFO - Started process 2258 to run task
[2024-07-07T15:32:52.512+0000] {standard_task_runner.py:90} INFO - Running: ['***', 'tasks', 'run', 'sample_etl', 'transform', 'scheduled__2024-05-25T00:00:00+00:00', '--job-id', '200', '--raw', '--subdir', 'DAGS_FOLDER/etl_sample.py', '--cfg-path', '/tmp/tmp826xsqnd']
[2024-07-07T15:32:52.557+0000] {standard_task_runner.py:91} INFO - Job 200: Subtask transform
[2024-07-07T15:32:52.840+0000] {task_command.py:426} INFO - Running <TaskInstance: sample_etl.transform scheduled__2024-05-25T00:00:00+00:00 [running]> on host a10fdcb539f4
[2024-07-07T15:32:53.436+0000] {taskinstance.py:2648} INFO - Exporting env vars: AIRFLOW_CTX_DAG_OWNER='baven' AIRFLOW_CTX_DAG_ID='sample_etl' AIRFLOW_CTX_TASK_ID='transform' AIRFLOW_CTX_EXECUTION_DATE='2024-05-25T00:00:00+00:00' AIRFLOW_CTX_TRY_NUMBER='1' AIRFLOW_CTX_DAG_RUN_ID='scheduled__2024-05-25T00:00:00+00:00'
[2024-07-07T15:32:53.448+0000] {taskinstance.py:430} INFO - ::endgroup::
[2024-07-07T15:32:53.711+0000] {subprocess.py:63} INFO - Tmp dir root location: /tmp
[2024-07-07T15:32:53.743+0000] {subprocess.py:75} INFO - Running command: ['/usr/bin/bash', '-c', 'echo "transform"']
[2024-07-07T15:32:53.959+0000] {subprocess.py:86} INFO - Output:
[2024-07-07T15:32:54.013+0000] {subprocess.py:93} INFO - transform
[2024-07-07T15:32:54.080+0000] {subprocess.py:97} INFO - Command exited with return code 0
[2024-07-07T15:32:54.145+0000] {taskinstance.py:441} INFO - ::group::Post task execution logs
[2024-07-07T15:32:54.440+0000] {taskinstance.py:1206} INFO - Marking task as SUCCESS. dag_id=sample_etl, task_id=transform, run_id=scheduled__2024-05-25T00:00:00+00:00, execution_date=20240525T000000, start_date=20240707T153251, end_date=20240707T153254
[2024-07-07T15:32:55.058+0000] {local_task_job_runner.py:240} INFO - Task exited with return code 0
[2024-07-07T15:32:55.404+0000] {taskinstance.py:3503} INFO - 1 downstream tasks scheduled from follow-on schedule check
[2024-07-07T15:32:55.481+0000] {local_task_job_runner.py:222} INFO - ::endgroup::
