[2024-07-07T15:15:19.056+0000] {local_task_job_runner.py:120} INFO - ::group::Pre task execution logs
[2024-07-07T15:15:19.156+0000] {taskinstance.py:2076} INFO - Dependencies all met for dep_context=non-requeueable deps ti=<TaskInstance: simple_example.print_date scheduled__2024-07-05T00:00:00+00:00 [queued]>
[2024-07-07T15:15:19.185+0000] {taskinstance.py:2076} INFO - Dependencies all met for dep_context=requeueable deps ti=<TaskInstance: simple_example.print_date scheduled__2024-07-05T00:00:00+00:00 [queued]>
[2024-07-07T15:15:19.186+0000] {taskinstance.py:2306} INFO - Starting attempt 1 of 6
[2024-07-07T15:15:19.223+0000] {taskinstance.py:2330} INFO - Executing <Task(BashOperator): print_date> on 2024-07-05 00:00:00+00:00
[2024-07-07T15:15:19.239+0000] {logging_mixin.py:188} WARNING - /home/***/.local/lib/python3.12/site-packages/***/task/task_runner/standard_task_runner.py:61 DeprecationWarning: This process (pid=954) is multi-threaded, use of fork() may lead to deadlocks in the child.
[2024-07-07T15:15:19.238+0000] {standard_task_runner.py:90} INFO - Running: ['***', 'tasks', 'run', 'simple_example', 'print_date', 'scheduled__2024-07-05T00:00:00+00:00', '--job-id', '138', '--raw', '--subdir', 'DAGS_FOLDER/simple_dag_example.py', '--cfg-path', '/tmp/tmpwetdjfkp']
[2024-07-07T15:15:19.242+0000] {standard_task_runner.py:91} INFO - Job 138: Subtask print_date
[2024-07-07T15:15:19.242+0000] {standard_task_runner.py:63} INFO - Started process 960 to run task
[2024-07-07T15:15:19.502+0000] {task_command.py:426} INFO - Running <TaskInstance: simple_example.print_date scheduled__2024-07-05T00:00:00+00:00 [running]> on host a10fdcb539f4
[2024-07-07T15:15:20.539+0000] {taskinstance.py:2648} INFO - Exporting env vars: AIRFLOW_CTX_DAG_OWNER='Bavenraj' AIRFLOW_CTX_DAG_ID='simple_example' AIRFLOW_CTX_TASK_ID='print_date' AIRFLOW_CTX_EXECUTION_DATE='2024-07-05T00:00:00+00:00' AIRFLOW_CTX_TRY_NUMBER='1' AIRFLOW_CTX_DAG_RUN_ID='scheduled__2024-07-05T00:00:00+00:00'
[2024-07-07T15:15:20.547+0000] {taskinstance.py:430} INFO - ::endgroup::
[2024-07-07T15:15:20.691+0000] {subprocess.py:63} INFO - Tmp dir root location: /tmp
[2024-07-07T15:15:20.712+0000] {subprocess.py:75} INFO - Running command: ['/usr/bin/bash', '-c', 'date']
[2024-07-07T15:15:20.927+0000] {subprocess.py:86} INFO - Output:
[2024-07-07T15:15:20.964+0000] {subprocess.py:93} INFO - Sun Jul  7 15:15:20 UTC 2024
[2024-07-07T15:15:20.976+0000] {subprocess.py:97} INFO - Command exited with return code 0
[2024-07-07T15:15:20.984+0000] {taskinstance.py:441} INFO - ::group::Post task execution logs
[2024-07-07T15:15:21.224+0000] {taskinstance.py:1206} INFO - Marking task as SUCCESS. dag_id=simple_example, task_id=print_date, run_id=scheduled__2024-07-05T00:00:00+00:00, execution_date=20240705T000000, start_date=20240707T151519, end_date=20240707T151521
[2024-07-07T15:15:21.457+0000] {local_task_job_runner.py:240} INFO - Task exited with return code 0
[2024-07-07T15:15:21.522+0000] {taskinstance.py:3503} INFO - 0 downstream tasks scheduled from follow-on schedule check
[2024-07-07T15:15:21.536+0000] {local_task_job_runner.py:222} INFO - ::endgroup::
