[2024-07-07T15:04:59.559+0000] {local_task_job_runner.py:120} INFO - ::group::Pre task execution logs
[2024-07-07T15:05:00.264+0000] {taskinstance.py:2076} INFO - Dependencies all met for dep_context=non-requeueable deps ti=<TaskInstance: our_first_dag_V2.first_task scheduled__2024-07-06T00:00:00+00:00 [queued]>
[2024-07-07T15:05:00.417+0000] {taskinstance.py:2076} INFO - Dependencies all met for dep_context=requeueable deps ti=<TaskInstance: our_first_dag_V2.first_task scheduled__2024-07-06T00:00:00+00:00 [queued]>
[2024-07-07T15:05:00.421+0000] {taskinstance.py:2306} INFO - Starting attempt 1 of 6
[2024-07-07T15:05:01.105+0000] {taskinstance.py:2330} INFO - Executing <Task(BashOperator): first_task> on 2024-07-06 00:00:00+00:00
[2024-07-07T15:05:01.318+0000] {standard_task_runner.py:90} INFO - Running: ['***', 'tasks', 'run', 'our_first_dag_V2', 'first_task', 'scheduled__2024-07-06T00:00:00+00:00', '--job-id', '114', '--raw', '--subdir', 'DAGS_FOLDER/our_first_dag.py', '--cfg-path', '/tmp/tmpc9upmowe']
[2024-07-07T15:05:01.400+0000] {standard_task_runner.py:91} INFO - Job 114: Subtask first_task
[2024-07-07T15:05:01.496+0000] {logging_mixin.py:188} WARNING - /home/***/.local/lib/python3.12/site-packages/***/task/task_runner/standard_task_runner.py:61 DeprecationWarning: This process (pid=247) is multi-threaded, use of fork() may lead to deadlocks in the child.
[2024-07-07T15:05:01.501+0000] {standard_task_runner.py:63} INFO - Started process 268 to run task
[2024-07-07T15:05:02.025+0000] {task_command.py:426} INFO - Running <TaskInstance: our_first_dag_V2.first_task scheduled__2024-07-06T00:00:00+00:00 [running]> on host a10fdcb539f4
[2024-07-07T15:05:02.989+0000] {taskinstance.py:2648} INFO - Exporting env vars: AIRFLOW_CTX_DAG_OWNER='bavenraj' AIRFLOW_CTX_DAG_ID='our_first_dag_V2' AIRFLOW_CTX_TASK_ID='first_task' AIRFLOW_CTX_EXECUTION_DATE='2024-07-06T00:00:00+00:00' AIRFLOW_CTX_TRY_NUMBER='1' AIRFLOW_CTX_DAG_RUN_ID='scheduled__2024-07-06T00:00:00+00:00'
[2024-07-07T15:05:02.996+0000] {taskinstance.py:430} INFO - ::endgroup::
[2024-07-07T15:05:03.094+0000] {subprocess.py:63} INFO - Tmp dir root location: /tmp
[2024-07-07T15:05:03.125+0000] {subprocess.py:75} INFO - Running command: ['/usr/bin/bash', '-c', 'echo hello world, this is the first task!']
[2024-07-07T15:05:03.241+0000] {subprocess.py:86} INFO - Output:
[2024-07-07T15:05:03.245+0000] {subprocess.py:93} INFO - hello world, this is the first task!
[2024-07-07T15:05:03.246+0000] {subprocess.py:97} INFO - Command exited with return code 0
[2024-07-07T15:05:03.247+0000] {taskinstance.py:441} INFO - ::group::Post task execution logs
[2024-07-07T15:05:03.437+0000] {taskinstance.py:1206} INFO - Marking task as SUCCESS. dag_id=our_first_dag_V2, task_id=first_task, run_id=scheduled__2024-07-06T00:00:00+00:00, execution_date=20240706T000000, start_date=20240707T150500, end_date=20240707T150503
[2024-07-07T15:05:03.732+0000] {local_task_job_runner.py:240} INFO - Task exited with return code 0
[2024-07-07T15:05:03.825+0000] {local_task_job_runner.py:222} INFO - ::endgroup::
