[2024-07-07T15:32:35.696+0000] {local_task_job_runner.py:120} INFO - ::group::Pre task execution logs
[2024-07-07T15:32:36.098+0000] {taskinstance.py:2076} INFO - Dependencies all met for dep_context=non-requeueable deps ti=<TaskInstance: sample_etl.load scheduled__2024-05-19T00:00:00+00:00 [queued]>
[2024-07-07T15:32:36.361+0000] {taskinstance.py:2076} INFO - Dependencies all met for dep_context=requeueable deps ti=<TaskInstance: sample_etl.load scheduled__2024-05-19T00:00:00+00:00 [queued]>
[2024-07-07T15:32:36.362+0000] {taskinstance.py:2306} INFO - Starting attempt 1 of 2
[2024-07-07T15:32:36.446+0000] {taskinstance.py:2330} INFO - Executing <Task(BashOperator): load> on 2024-05-19 00:00:00+00:00
[2024-07-07T15:32:36.490+0000] {logging_mixin.py:188} WARNING - /home/***/.local/lib/python3.12/site-packages/***/task/task_runner/standard_task_runner.py:61 DeprecationWarning: This process (pid=2181) is multi-threaded, use of fork() may lead to deadlocks in the child.
[2024-07-07T15:32:36.493+0000] {standard_task_runner.py:63} INFO - Started process 2201 to run task
[2024-07-07T15:32:36.501+0000] {standard_task_runner.py:90} INFO - Running: ['***', 'tasks', 'run', 'sample_etl', 'load', 'scheduled__2024-05-19T00:00:00+00:00', '--job-id', '185', '--raw', '--subdir', 'DAGS_FOLDER/etl_sample.py', '--cfg-path', '/tmp/tmpho28ve81']
[2024-07-07T15:32:36.522+0000] {standard_task_runner.py:91} INFO - Job 185: Subtask load
[2024-07-07T15:32:36.875+0000] {task_command.py:426} INFO - Running <TaskInstance: sample_etl.load scheduled__2024-05-19T00:00:00+00:00 [running]> on host a10fdcb539f4
[2024-07-07T15:32:37.868+0000] {taskinstance.py:2648} INFO - Exporting env vars: AIRFLOW_CTX_DAG_OWNER='baven' AIRFLOW_CTX_DAG_ID='sample_etl' AIRFLOW_CTX_TASK_ID='load' AIRFLOW_CTX_EXECUTION_DATE='2024-05-19T00:00:00+00:00' AIRFLOW_CTX_TRY_NUMBER='1' AIRFLOW_CTX_DAG_RUN_ID='scheduled__2024-05-19T00:00:00+00:00'
[2024-07-07T15:32:37.874+0000] {taskinstance.py:430} INFO - ::endgroup::
[2024-07-07T15:32:37.973+0000] {subprocess.py:63} INFO - Tmp dir root location: /tmp
[2024-07-07T15:32:37.988+0000] {subprocess.py:75} INFO - Running command: ['/usr/bin/bash', '-c', 'echo "load"']
[2024-07-07T15:32:38.048+0000] {subprocess.py:86} INFO - Output:
[2024-07-07T15:32:38.062+0000] {subprocess.py:93} INFO - load
[2024-07-07T15:32:38.080+0000] {subprocess.py:97} INFO - Command exited with return code 0
[2024-07-07T15:32:38.083+0000] {taskinstance.py:441} INFO - ::group::Post task execution logs
[2024-07-07T15:32:38.200+0000] {taskinstance.py:1206} INFO - Marking task as SUCCESS. dag_id=sample_etl, task_id=load, run_id=scheduled__2024-05-19T00:00:00+00:00, execution_date=20240519T000000, start_date=20240707T153236, end_date=20240707T153238
[2024-07-07T15:32:38.409+0000] {local_task_job_runner.py:240} INFO - Task exited with return code 0
[2024-07-07T15:32:38.463+0000] {taskinstance.py:3503} INFO - 0 downstream tasks scheduled from follow-on schedule check
[2024-07-07T15:32:38.495+0000] {local_task_job_runner.py:222} INFO - ::endgroup::
