[2024-06-30T05:14:12.847+0000] {local_task_job_runner.py:120} INFO - ::group::Pre task execution logs
[2024-06-30T05:14:12.908+0000] {taskinstance.py:2076} INFO - Dependencies all met for dep_context=non-requeueable deps ti=<TaskInstance: our_first_dag_V5.third_task manual__2024-06-30T05:14:10.234107+00:00 [queued]>
[2024-06-30T05:14:12.925+0000] {taskinstance.py:2076} INFO - Dependencies all met for dep_context=requeueable deps ti=<TaskInstance: our_first_dag_V5.third_task manual__2024-06-30T05:14:10.234107+00:00 [queued]>
[2024-06-30T05:14:12.926+0000] {taskinstance.py:2306} INFO - Starting attempt 1 of 6
[2024-06-30T05:14:12.955+0000] {taskinstance.py:2330} INFO - Executing <Task(BashOperator): third_task> on 2024-06-30 05:14:10.234107+00:00
[2024-06-30T05:14:12.967+0000] {standard_task_runner.py:90} INFO - Running: ['***', 'tasks', 'run', 'our_first_dag_V5', 'third_task', 'manual__2024-06-30T05:14:10.234107+00:00', '--job-id', '15', '--raw', '--subdir', 'DAGS_FOLDER/our_first_dag.py', '--cfg-path', '/tmp/tmpipkyxj0a']
[2024-06-30T05:14:12.972+0000] {standard_task_runner.py:91} INFO - Job 15: Subtask third_task
[2024-06-30T05:14:12.976+0000] {logging_mixin.py:188} WARNING - /home/***/.local/lib/python3.12/site-packages/***/task/task_runner/standard_task_runner.py:61 DeprecationWarning: This process (pid=1036) is multi-threaded, use of fork() may lead to deadlocks in the child.
[2024-06-30T05:14:12.978+0000] {standard_task_runner.py:63} INFO - Started process 1037 to run task
[2024-06-30T05:14:13.089+0000] {task_command.py:426} INFO - Running <TaskInstance: our_first_dag_V5.third_task manual__2024-06-30T05:14:10.234107+00:00 [running]> on host cf712bcdd57c
[2024-06-30T05:14:13.254+0000] {taskinstance.py:2648} INFO - Exporting env vars: AIRFLOW_CTX_DAG_OWNER='bavenraj' AIRFLOW_CTX_DAG_ID='our_first_dag_V5' AIRFLOW_CTX_TASK_ID='third_task' AIRFLOW_CTX_EXECUTION_DATE='2024-06-30T05:14:10.234107+00:00' AIRFLOW_CTX_TRY_NUMBER='1' AIRFLOW_CTX_DAG_RUN_ID='manual__2024-06-30T05:14:10.234107+00:00'
[2024-06-30T05:14:13.255+0000] {taskinstance.py:430} INFO - ::endgroup::
[2024-06-30T05:14:13.287+0000] {subprocess.py:63} INFO - Tmp dir root location: /tmp
[2024-06-30T05:14:13.288+0000] {subprocess.py:75} INFO - Running command: ['/usr/bin/bash', '-c', 'echo hey, I am task 3 and will be running after task2 !']
[2024-06-30T05:14:13.304+0000] {subprocess.py:86} INFO - Output:
[2024-06-30T05:14:13.306+0000] {subprocess.py:93} INFO - hey, I am task 3 and will be running after task2 !
[2024-06-30T05:14:13.307+0000] {subprocess.py:97} INFO - Command exited with return code 0
[2024-06-30T05:14:13.308+0000] {taskinstance.py:441} INFO - ::group::Post task execution logs
[2024-06-30T05:14:13.346+0000] {taskinstance.py:1206} INFO - Marking task as SUCCESS. dag_id=our_first_dag_V5, task_id=third_task, run_id=manual__2024-06-30T05:14:10.234107+00:00, execution_date=20240630T051410, start_date=20240630T051412, end_date=20240630T051413
[2024-06-30T05:14:13.405+0000] {local_task_job_runner.py:240} INFO - Task exited with return code 0
[2024-06-30T05:14:13.443+0000] {taskinstance.py:3503} INFO - 0 downstream tasks scheduled from follow-on schedule check
[2024-06-30T05:14:13.447+0000] {local_task_job_runner.py:222} INFO - ::endgroup::
